                                                                                
      /\               /\                                                       
     //\\             //\\                                                      
    //**\\           //**\\                                                     
   //****\\         //****\\                                                    
  //******\\       //******\\   ____                   _   _           _        
  ---------   /*\   ---------  / __ \                 | \ | |         | |       
             (***)            | |  | |_ __   ___ _ __ |  \| | ___   __| | ___   
              \*/             | |  | | "_ \ / _ \ "_ \| . ` |/ _"\ / _" |/ _ \  
                              | |__| | |_) |  __/ | | | |\  | |_) | (_| |  __/  
              //\\             \____/| .__/ \___)_| |_|_| \_|\___/ \___/ \___|  
             //**\\                  | |                                        
            //****\\                 |_|                                        
           //******\\                                                           
           ----------                                                           
                                                                                
 ____________________________________________________________
          | The OpenNode, Nodal Methods for Neutron Diffusion
 Version  | Version Number: 1.1                              
 Copyright| 2021 Radiation & Nuclear System Laboratory       
          | University Abdelmalk Essaadi                     
          | Faculty of Sciences, Tetouan, Morocco            
 Source   | FORTRAN90 version                                
 GUI      | PyQt5                                            
 Method   | The Nodal Expansion Method (NEM)                 
 Dimension| Three Dimensions (3D)                            
 Geometry | Cartesian                                        
 ____________________________________________________________
                        =====================
   Calculation Mode :    Forward Calculation 
   ----------------     =====================

            --------------------------------------------
            >>>> Writing Macroscopic Cross Sections <<<<
            --------------------------------------------
     Material  1
    Group   Transport    Diffusion  Absorption    Removal      Nu*Fiss      Kap*Fis    Fiss. Spctr
       1     0.222222    1.500002    0.010000    0.030000     0.000000     0.000000     1.000000
       2     0.833333    0.400000    0.080000    0.080000     0.135000     0.135000     0.000000
         --Scattering Matrix--
           G/G'          1          2
            1        0.192200    0.020000
            2        0.000000    0.753300
     Material  2
    Group   Transport    Diffusion  Absorption    Removal      Nu*Fiss      Kap*Fis    Fiss. Spctr
       1     0.222222    1.500002    0.010000    0.030000     0.000000     0.000000     1.000000
       2     0.833333    0.400000    0.085000    0.085000     0.135000     0.135000     0.000000
         --Scattering Matrix--
           G/G'          1          2
            1        0.192200    0.020000
            2        0.000000    0.748300
     Material  3
    Group   Transport    Diffusion  Absorption    Removal      Nu*Fiss      Kap*Fis    Fiss. Spctr
       1     0.222222    1.500002    0.010000    0.030000     0.000000     0.000000     1.000000
       2     0.833333    0.400000    0.130000    0.130000     0.135000     0.135000     0.000000
         --Scattering Matrix--
           G/G'          1          2
            1        0.192200    0.020000
            2        0.000000    0.703300
     Material  4
    Group   Transport    Diffusion  Absorption    Removal      Nu*Fiss      Kap*Fis    Fiss. Spctr
       1     0.166667    1.999996    0.000000    0.040000     0.000000     0.000000     0.000000
       2     1.111111    0.300000    0.010000    0.010000     0.000000     0.000000     0.000000
         --Scattering Matrix--
           G/G'          1          2
            1        0.126700    0.040000
            2        0.000000    1.101100
     Material  5
    Group   Transport    Diffusion  Absorption    Removal      Nu*Fiss      Kap*Fis    Fiss. Spctr
       1     0.166667    1.999996    0.000000    0.040000     0.000000     0.000000     0.000000
       2     1.111111    0.300000    0.055000    0.055000     0.000000     0.000000     0.000000
         --Scattering Matrix--
           G/G'          1          2
            1        0.000000    0.040000
            2        0.000000    0.000000

            -------------------------------
            >>>>>Wrting Core Geometry<<<<<
            -------------------------------
  Number of Assembly in x, y and z Directions Respectively :
           9           9          19
  Number of Nodes in x, y and z Directions Respectively :
          17          17          38

  x-Directed Nodes Divison (Delta-x)
    10.00  10.00  10.00  10.00  10.00  10.00  10.00  10.00  10.00  10.00
    10.00  10.00  10.00  10.00  10.00  10.00  10.00
  y-Directed Nodes Divison (Delta-y)
    10.00  10.00  10.00  10.00  10.00  10.00  10.00  10.00  10.00  10.00
    10.00  10.00  10.00  10.00  10.00  10.00  10.00
  Planar Region :  1
        1  2  3  4  5  6  7  8  9 10 11 12 13 14 15 16 17
    17  4  4  4  4  4  4  4  4  4  4  4  4  4  4  4  4  4 
    16  4  4  4  4  4  4  4  4  4  4  4  4  4  4  4  4  4 
    15  4  4  4  4  4  4  4  4  4  4  4  4  4  4  4  4  4 
    14  4  4  4  4  4  4  4  4  4  4  4  4  4  4  4  4  4 
    13  4  4  4  4  4  4  4  4  4  4  4  4  4  4  4  4  4 
    12  4  4  4  4  4  4  4  4  4  4  4  4  4  4  4  4  4 
    11  4  4  4  4  4  4  4  4  4  4  4  4  4  4  4  4  4 
    10  4  4  4  4  4  4  4  4  4  4  4  4  4  4  4       
     9  4  4  4  4  4  4  4  4  4  4  4  4  4  4  4       
     8  4  4  4  4  4  4  4  4  4  4  4  4  4  4  4       
     7  4  4  4  4  4  4  4  4  4  4  4  4  4  4  4       
     6  4  4  4  4  4  4  4  4  4  4  4  4  4             
     5  4  4  4  4  4  4  4  4  4  4  4  4  4             
     4  4  4  4  4  4  4  4  4  4  4  4                   
     3  4  4  4  4  4  4  4  4  4  4  4                   
     2  4  4  4  4  4  4  4                               
     1  4  4  4  4  4  4  4                               
  Planar Region :  2
        1  2  3  4  5  6  7  8  9 10 11 12 13 14 15 16 17
    17  3  2  2  2  2  2  2  3  3  2  2  2  2  1  1  4  4 
    16  2  2  2  2  2  2  2  2  2  2  2  2  2  1  1  4  4 
    15  2  2  2  2  2  2  2  2  2  2  2  2  2  1  1  4  4 
    14  2  2  2  2  2  2  2  2  2  2  2  1  1  1  1  4  4 
    13  2  2  2  2  2  2  2  2  2  2  2  1  1  1  1  4  4 
    12  2  2  2  2  2  2  2  2  2  2  2  1  1  4  4  4  4 
    11  2  2  2  2  2  2  2  2  2  2  2  1  1  4  4  4  4 
    10  3  2  2  2  2  2  2  3  3  1  1  1  1  4  4       
     9  3  2  2  2  2  2  2  3  3  1  1  1  1  4  4       
     8  2  2  2  2  2  2  2  1  1  1  1  4  4  4  4       
     7  2  2  2  2  2  2  2  1  1  1  1  4  4  4  4       
     6  2  2  2  1  1  1  1  1  1  4  4  4  4             
     5  2  2  2  1  1  1  1  1  1  4  4  4  4             
     4  1  1  1  1  1  4  4  4  4  4  4                   
     3  1  1  1  1  1  4  4  4  4  4  4                   
     2  4  4  4  4  4  4  4                               
     1  4  4  4  4  4  4  4                               
  Planar Region :  3
        1  2  3  4  5  6  7  8  9 10 11 12 13 14 15 16 17
    17  3  2  2  2  2  2  2  3  3  2  2  2  2  1  1  4  4 
    16  2  2  2  2  2  2  2  2  2  2  2  2  2  1  1  4  4 
    15  2  2  2  2  2  2  2  2  2  2  2  2  2  1  1  4  4 
    14  2  2  2  2  2  2  2  2  2  2  2  1  1  1  1  4  4 
    13  2  2  2  2  2  2  2  2  2  2  2  1  1  1  1  4  4 
    12  2  2  2  2  2  2  2  2  2  2  2  1  1  4  4  4  4 
    11  2  2  2  2  2  2  2  2  2  2  2  1  1  4  4  4  4 
    10  3  2  2  2  2  2  2  3  3  1  1  1  1  4  4       
     9  3  2  2  2  2  2  2  3  3  1  1  1  1  4  4       
     8  2  2  2  2  2  2  2  1  1  1  1  4  4  4  4       
     7  2  2  2  2  2  2  2  1  1  1  1  4  4  4  4       
     6  2  2  2  1  1  1  1  1  1  4  4  4  4             
     5  2  2  2  1  1  1  1  1  1  4  4  4  4             
     4  1  1  1  1  1  4  4  4  4  4  4                   
     3  1  1  1  1  1  4  4  4  4  4  4                   
     2  4  4  4  4  4  4  4                               
     1  4  4  4  4  4  4  4                               
  Planar Region :  4
        1  2  3  4  5  6  7  8  9 10 11 12 13 14 15 16 17
    17  3  2  2  2  2  2  2  3  3  2  2  2  2  1  1  4  4 
    16  2  2  2  2  2  2  2  2  2  2  2  2  2  1  1  4  4 
    15  2  2  2  2  2  2  2  2  2  2  2  2  2  1  1  4  4 
    14  2  2  2  2  2  2  2  2  2  2  2  1  1  1  1  4  4 
    13  2  2  2  2  2  2  2  2  2  2  2  1  1  1  1  4  4 
    12  2  2  2  2  2  2  2  2  2  2  2  1  1  4  4  4  4 
    11  2  2  2  2  2  2  2  2  2  2  2  1  1  4  4  4  4 
    10  3  2  2  2  2  2  2  3  3  1  1  1  1  4  4       
     9  3  2  2  2  2  2  2  3  3  1  1  1  1  4  4       
     8  2  2  2  2  2  2  2  1  1  1  1  4  4  4  4       
     7  2  2  2  2  2  2  2  1  1  1  1  4  4  4  4       
     6  2  2  2  1  1  1  1  1  1  4  4  4  4             
     5  2  2  2  1  1  1  1  1  1  4  4  4  4             
     4  1  1  1  1  1  4  4  4  4  4  4                   
     3  1  1  1  1  1  4  4  4  4  4  4                   
     2  4  4  4  4  4  4  4                               
     1  4  4  4  4  4  4  4                               

  Planar Region Assignment to Planes.
 -------------------------------------
   Plane Number     Planar Region    Delta-z
       38 (Top)            4          10.00
       37                  4          10.00
       36                  3          10.00
       35                  3          10.00
       34                  3          10.00
       33                  3          10.00
       32                  3          10.00
       31                  3          10.00
       30                  3          10.00
       29                  3          10.00
       28                  2          10.00
       27                  2          10.00
       26                  2          10.00
       25                  2          10.00
       24                  2          10.00
       23                  2          10.00
       22                  2          10.00
       21                  2          10.00
       20                  2          10.00
       19                  2          10.00
       18                  2          10.00
       17                  2          10.00
       16                  2          10.00
       15                  2          10.00
       14                  2          10.00
       13                  2          10.00
       12                  2          10.00
       11                  2          10.00
       10                  2          10.00
        9                  2          10.00
        8                  2          10.00
        7                  2          10.00
        6                  2          10.00
        5                  2          10.00
        4                  2          10.00
        3                  2          10.00
        2                  1          10.00
        1 (Bottom)         1          10.00

   Boundary Conditions
   -------------------
  X-Directed West   : Reflective
  X-Directed East   : Zero Incoming Current
  Y-Directed North  : Reflective
  Y-Directed South  : Zero Incoming Current
  Z-Directed Bottom : Zero Incoming Current
  Z-Directed Top    : Zero Incoming Current

  ...Core Geometry is Sucessfully Read...
     ---------------------------------


  ================================================================================================
                                        Calculation Results
  ================================================================================================

   Iteration    Keff     FissSrc Error   Inner Error
  ----------------------------------------------------
       1       1.400864    5.93985E-01    2.90922E+00
       2       1.201303    3.91552E-01    4.73099E+00
       3       1.093074    3.08652E-01    2.57093E+00
       4       1.048606    1.96274E-01    9.13441E-01
     ...Fission Source Extrapolated...
       5       1.009370    3.15846E-01    5.37043E-01
       6       1.021087    2.29754E-02    4.57965E-01
       7       1.017626    1.01858E-01    3.94543E-01
       8       1.016215    9.59586E-02    3.39394E-01
       9       1.015896    8.89991E-02    2.90034E-01
     ...Fission Source Extrapolated...
      10       1.019506    8.30378E+01    2.47210E-01
      11       1.021462    1.57091E+00    3.61752E+00
      12       1.023592    5.84018E-02    9.36036E-01
      13       1.023313    4.27070E-02    3.66197E-01
      14       1.022955    4.57956E-02    1.78268E-01
     ...Fission Source Extrapolated...
      15       1.016401    3.99762E+03    1.46043E-01
      16       1.024692    1.61331E+00    2.54255E+00
      17       1.025542    6.88264E-02    7.02025E-01
      18       1.025394    2.40075E-02    2.39714E-01
      19       1.025270    2.26895E-02    1.19745E-01
     ...Fission Source Extrapolated...
      20       1.024085    2.59548E+00    9.43720E-02
      21       1.026501    6.45052E-01    6.18108E-01
      22       1.026999    2.67882E-02    3.00066E-01
      23       1.026885    1.43083E-02    1.20469E-01
      24       1.026762    1.33975E-02    6.92564E-02
     ...Fission Source Extrapolated...
      25       1.024191    7.90236E-01    5.30029E-02
      26       1.026932    3.62311E-01    2.80895E-01
      27       1.027106    2.85105E-02    1.44465E-01
      28       1.027116    1.70488E-02    5.53300E-02
      29       1.027137    1.39580E-02    3.73220E-02
     ...Fission Source Extrapolated...
      30       1.027938    3.72395E-01    2.88618E-02
      31       1.027617    1.94752E-01    1.86299E-01
      32       1.027818    1.17041E-02    1.10065E-01
      33       1.027808    8.09481E-03    5.03673E-02
      34       1.027786    7.73273E-03    2.58747E-02
     ...Fission Source Extrapolated...
      35       1.027259    4.39149E-01    1.99280E-02
      36       1.027977    2.38140E-01    1.89594E-01
      37       1.028110    2.05778E-02    1.04263E-01
      38       1.028116    1.11241E-02    4.58071E-02
      39       1.028124    9.01185E-03    2.18955E-02
     ...Fission Source Extrapolated...
      40       1.028410    1.62205E-01    1.72883E-02
      41       1.028322    9.26595E-02    8.63724E-02
      42       1.028405    5.97941E-03    5.29611E-02
      43       1.028404    4.92241E-03    2.49336E-02
      44       1.028398    4.68513E-03    1.46907E-02
     ...Fission Source Extrapolated...
      45       1.028310    2.77729E-01    1.14389E-02
      46       1.028547    1.63155E-01    1.36684E-01
      47       1.028636    1.31385E-02    7.79387E-02
      48       1.028637    6.30485E-03    3.50760E-02
      49       1.028636    4.95181E-03    1.50999E-02
     ...Fission Source Extrapolated...
      50       1.028707    8.52924E-02    1.15987E-02
      51       1.028719    5.14421E-02    4.55433E-02
      52       1.028754    3.39377E-03    2.79333E-02
      53       1.028753    2.73574E-03    1.30777E-02
      54       1.028751    2.70074E-03    8.72263E-03
     ...Fission Source Extrapolated...
      55       1.028729    1.52410E-01    6.81095E-03
      56       1.028831    9.51868E-02    8.03270E-02
      57       1.028877    7.34782E-03    4.66275E-02
      58       1.028877    3.31932E-03    2.14197E-02
      59       1.028876    2.57919E-03    9.10116E-03
     ...Fission Source Extrapolated...
      60       1.028895    4.95079E-02    6.88520E-03
      61       1.028914    3.10084E-02    2.63157E-02
      62       1.028930    2.18351E-03    1.61908E-02
      63       1.028929    1.48561E-03    7.40657E-03
      64       1.028928    1.50391E-03    5.02752E-03
     ...Fission Source Extrapolated...
      65       1.028908    7.95596E-02    3.90065E-03
      66       1.028964    5.17949E-02    4.36544E-02
      67       1.028985    4.11201E-03    2.56621E-02
      68       1.028985    1.88064E-03    1.19693E-02
      69       1.028985    1.46277E-03    5.10610E-03
     ...Fission Source Extrapolated...
      70       1.028999    3.09614E-02    3.85677E-03
      71       1.029006    1.99226E-02    1.65228E-02
      72       1.029014    1.39054E-03    1.01547E-02
      73       1.029014    8.18066E-04    4.56447E-03
      74       1.029013    8.45891E-04    2.92623E-03
     ...Fission Source Extrapolated...
      75       1.028987    4.86223E-02    2.24430E-03
      76       1.029029    3.22334E-02    2.71205E-02
      77       1.029039    2.75052E-03    1.59913E-02
      78       1.029039    1.33118E-03    7.47167E-03
      79       1.029039    1.01477E-03    3.06013E-03
     ...Fission Source Extrapolated...
      80       1.029051    1.61039E-02    2.31609E-03
      81       1.029050    1.03050E-02    8.60871E-03
      82       1.029054    7.52623E-04    5.34171E-03
      83       1.029053    4.69231E-04    2.38379E-03
      84       1.029053    4.83901E-04    1.65041E-03
     ...Fission Source Extrapolated...
      85       1.029034    3.60773E-02    1.27241E-03
      86       1.029061    2.42466E-02    2.03994E-02
      87       1.029067    2.12327E-03    1.19895E-02
      88       1.029067    1.01762E-03    5.61789E-03
      89       1.029067    7.44842E-04    2.08261E-03
     ...Fission Source Extrapolated...
      90       1.029073    7.36920E-03    1.56277E-03
      91       1.029072    4.00012E-03    3.43617E-03
      92       1.029073    3.39080E-04    2.18338E-03
      93       1.029073    2.93483E-04    1.24299E-03
      94       1.029073    2.89142E-04    9.28010E-04
     ...Fission Source Extrapolated...
      95       1.029071    2.85734E-02    7.34660E-04
      96       1.029079    1.98784E-02    1.56653E-02
      97       1.029083    1.38653E-03    9.24401E-03
      98       1.029082    5.02240E-04    4.32883E-03
      99       1.029082    3.31365E-04    1.49464E-03
     ...Fission Source Extrapolated...
     100       1.029082    3.34604E-03    1.07797E-03
     101       1.029083    2.03363E-03    1.61292E-03
     102       1.029084    2.09334E-04    1.01027E-03
     103       1.029084    1.58941E-04    7.22979E-04
     104       1.029084    1.58776E-04    5.42429E-04
     ...Fission Source Extrapolated...
     105       1.029080    1.70150E-02    4.28636E-04
     106       1.029085    1.19951E-02    9.21324E-03
     107       1.029086    7.76477E-04    5.48995E-03
     108       1.029086    2.84460E-04    2.52240E-03
     109       1.029086    1.88478E-04    8.53507E-04
     ...Fission Source Extrapolated...
     110       1.029087    1.49383E-03    6.01465E-04
     111       1.029087    8.13885E-04    6.67924E-04
     112       1.029087    1.04299E-04    4.24208E-04
     113       1.029087    8.07814E-05    3.47795E-04
     114       1.029087    8.06846E-05    2.66189E-04
     ...Fission Source Extrapolated...
     115       1.029087    9.52608E-03    2.12504E-04
     116       1.029088    6.71786E-03    5.26010E-03
     117       1.029088    4.28534E-04    3.13467E-03
     118       1.029088    1.40671E-04    1.47885E-03
     119       1.029088    8.98232E-05    4.88769E-04
     ...Fission Source Extrapolated...
     120       1.029088    6.90378E-04    3.41103E-04
     121       1.029088    4.26580E-04    3.01218E-04
     122       1.029088    5.83797E-05    2.39158E-04
     123       1.029088    4.81360E-05    1.94406E-04
     124       1.029088    4.79878E-05    1.50018E-04
     ...Fission Source Extrapolated...
     125       1.029089    5.89810E-03    1.20580E-04
     126       1.029089    4.16640E-03    3.27606E-03
     127       1.029089    2.39044E-04    1.95217E-03
     128       1.029089    7.53354E-05    8.86893E-04
     129       1.029089    4.75611E-05    2.92598E-04
     ...Fission Source Extrapolated...
     130       1.029089    3.41473E-04    2.02550E-04
     131       1.029089    2.06443E-04    1.55537E-04
     132       1.029089    2.81446E-05    1.30702E-04
     133       1.029089    2.27102E-05    1.02509E-04
     134       1.029089    2.32481E-05    7.88600E-05
     ...Fission Source Extrapolated...
     135       1.029090    3.17755E-03    6.33848E-05
     136       1.029089    2.24042E-03    1.78772E-03
     137       1.029089    1.34265E-04    1.06287E-03
     138       1.029089    4.16058E-05    5.02204E-04
     139       1.029089    2.60012E-05    1.65381E-04
     ...Fission Source Extrapolated...
     140       1.029089    1.94785E-04    1.14882E-04
     141       1.029089    1.17270E-04    8.86718E-05
     142       1.029089    1.55446E-05    7.66987E-05
     143       1.029089    1.51775E-05    6.08180E-05
     144       1.029089    1.52032E-05    4.71447E-05
     ...Fission Source Extrapolated...
     145       1.029090    1.98924E-03    3.81111E-05
     146       1.029090    1.40703E-03    1.11341E-03
     147       1.029090    6.98328E-05    6.62684E-04
     148       1.029090    2.06043E-05    2.93275E-04
     149       1.029090    1.56381E-05    9.73798E-05
     ...Fission Source Extrapolated...
     150       1.029090    8.24742E-05    6.60120E-05
     151       1.029090    5.54887E-05    4.96796E-05
     152       1.029090    6.61393E-06    4.02599E-05
     153       1.029090    5.32152E-06    3.04231E-05
     154       1.029090    5.56975E-06    2.32994E-05
     ...Fission Source Extrapolated...
     155       1.029090    8.23600E-04    1.85145E-05
     156       1.029090    5.91034E-04    4.57095E-04
     157       1.029090    3.84042E-05    2.72024E-04
     158       1.029090    1.23519E-05    1.28311E-04
     159       1.029090    8.12372E-06    4.33056E-05
     ...Fission Source Extrapolated...
     160       1.029090    6.86897E-05    3.07921E-05
     161       1.029090    3.77081E-05    3.59128E-05
     162       1.029090    6.42572E-06    2.46636E-05
     163       1.029090    6.45795E-06    1.92457E-05
     164       1.029090    6.23177E-06    1.52555E-05
     ...Fission Source Extrapolated...
     165       1.029090    6.34914E-04    1.25942E-05
     166       1.029090    4.47007E-04    3.57203E-04
     167       1.029090    1.69779E-05    2.18075E-04
     168       1.029090    7.90105E-06    9.24344E-05
     169       1.029090    7.26422E-06    3.07474E-05
     ...Fission Source Extrapolated...
     170       1.029090    4.89702E-05    2.02481E-05
     171       1.029090    2.75481E-05    2.17038E-05
     172       1.029090    3.17514E-06    1.26705E-05
     173       1.029090    2.16410E-06    7.50643E-06

 ***********************************************
Effective Factor Multiplication : Keff = 1.029090
 ***********************************************


     Radial Power Distribution
   ==============================
           1       2       3       4       5       6       7       8       9
     9   0.727   1.277   1.418   1.191   0.610   0.953   0.961   0.779   0.000
     8   1.277   1.392   1.427   1.287   1.070   1.055   0.976   0.759   0.000
     7   1.418   1.427   1.365   1.308   1.179   1.089   1.001   0.713   0.000
     6   1.191   1.287   1.308   1.176   0.971   0.924   0.869   0.000   0.000
     5   0.610   1.070   1.179   0.971   0.476   0.701   0.613   0.000   0.000
     4   0.953   1.055   1.089   0.924   0.701   0.600   0.000   0.000   0.000
     3   0.961   0.976   1.001   0.869   0.613   0.000   0.000   0.000   0.000
     2   0.779   0.759   0.713   0.000   0.000   0.000   0.000   0.000   0.000
     1   0.000   0.000   0.000   0.000   0.000   0.000   0.000   0.000   0.000

   MAX POS.       Maximum Value
  (  7,  2)          1.427


     Axial Power Density Distribution
   ====================================

     Plane Number        Power      Height
    -----------------------------------------
        19  (Top)        0.000      380.00
        18               0.195      360.00
        17               0.353      340.00
        16               0.538      320.00
        15               0.743      300.00
        14               0.975      280.00
        13               1.181      260.00
        12               1.349      240.00
        11               1.469      220.00
        10               1.539      200.00
         9               1.554      180.00
         8               1.514      160.00
         7               1.420      140.00
         6               1.276      120.00
         5               1.087      100.00
         4               0.859       80.00
         3               0.600       60.00
         2               0.349       40.00
         1  (Bottom)     0.000       20.00

   MAX POS.       Maximum Value
    (  9)             1.554

     Radial Flux Distribution
   ==============================
    Group :   1
             1          2          3          4          5          6          7          8          9
     9   1.897E-02  2.445E-02  2.678E-02  2.278E-02  1.591E-02  1.827E-02  1.810E-02  1.256E-02  2.084E-03 
     8   2.445E-02  2.633E-02  2.699E-02  2.434E-02  2.049E-02  1.994E-02  1.836E-02  1.227E-02  1.990E-03 
     7   2.678E-02  2.699E-02  2.631E-02  2.474E-02  2.228E-02  2.052E-02  1.788E-02  1.029E-02  1.506E-03 
     6   2.278E-02  2.434E-02  2.474E-02  2.224E-02  1.858E-02  1.738E-02  1.388E-02  3.668E-03  4.435E-04 
     5   1.591E-02  2.049E-02  2.228E-02  1.858E-02  1.237E-02  1.272E-02  8.877E-03  1.494E-03  0.000E+00 
     4   1.827E-02  1.994E-02  2.052E-02  1.738E-02  1.272E-02  8.608E-03  2.456E-03  3.569E-04  0.000E+00 
     3   1.810E-02  1.836E-02  1.788E-02  1.388E-02  8.877E-03  2.456E-03  4.008E-04  0.000E+00  0.000E+00 
     2   1.256E-02  1.227E-02  1.029E-02  3.668E-03  1.494E-03  3.569E-04  0.000E+00  0.000E+00  0.000E+00 
     1   2.084E-03  1.990E-03  1.506E-03  4.435E-04  0.000E+00  0.000E+00  0.000E+00  0.000E+00  0.000E+00 

    Group :   2
             1          2          3          4          5          6          7          8          9
     9   1.101E-02  1.915E-02  2.126E-02  1.786E-02  9.238E-03  1.434E-02  1.445E-02  1.164E-02  1.611E-02 
     8   1.915E-02  2.086E-02  2.136E-02  1.930E-02  1.608E-02  1.586E-02  1.469E-02  1.135E-02  1.532E-02 
     7   2.126E-02  2.136E-02  2.031E-02  1.959E-02  1.772E-02  1.637E-02  1.501E-02  1.063E-02  1.177E-02 
     6   1.786E-02  1.930E-02  1.959E-02  1.764E-02  1.459E-02  1.388E-02  1.297E-02  2.512E-02  5.682E-03 
     5   9.238E-03  1.608E-02  1.772E-02  1.459E-02  7.209E-03  1.051E-02  9.135E-03  1.214E-02  0.000E+00 
     4   1.434E-02  1.586E-02  1.637E-02  1.388E-02  1.051E-02  8.937E-03  1.677E-02  4.519E-03  0.000E+00 
     3   1.445E-02  1.469E-02  1.501E-02  1.297E-02  9.135E-03  1.677E-02  5.166E-03  0.000E+00  0.000E+00 
     2   1.164E-02  1.135E-02  1.063E-02  2.512E-02  1.214E-02  4.519E-03  0.000E+00  0.000E+00  0.000E+00 
     1   1.611E-02  1.532E-02  1.177E-02  5.682E-03  0.000E+00  0.000E+00  0.000E+00  0.000E+00  0.000E+00 


 Total Time :    150.843750     Seconds
