                                                                                
      /\               /\                                                       
     //\\             //\\                                                      
    //**\\           //**\\                                                     
   //****\\         //****\\                                                    
  //******\\       //******\\   ____                   _   _           _        
  ---------   /*\   ---------  / __ \                 | \ | |         | |       
             (***)            | |  | |_ __   ___ _ __ |  \| | ___   __| | ___   
              \*/             | |  | | "_ \ / _ \ "_ \| . ` |/ _"\ / _" |/ _ \  
                              | |__| | |_) |  __/ | | | |\  | |_) | (_| |  __/  
              //\\             \____/| .__/ \___)_| |_|_| \_|\___/ \___/ \___|  
             //**\\                  | |                                        
            //****\\                 |_|                                        
           //******\\                                                           
           ----------                                                           
                                                                                
 ____________________________________________________________
          | The OpenNode, Nodal Methods for Neutron Diffusion
 Version  | Version Number: 1.1                              
 Copyright| 2021 Radiation & Nuclear System Laboratory       
          | University Abdelmalk Essaadi                     
          | Faculty of Sciences, Tetouan, Morocco            
 Source   | FORTRAN90 version                                
 GUI      | PyQt5                                            
 Method   | The Nodal Expansion Method (NEM)                 
 Dimension| Three Dimensions (3D)                            
 Geometry | Cartesian                                        
 ____________________________________________________________
                        =====================
   Calculation Mode :    Forward Calculation 
   ----------------     =====================

            --------------------------------------------
            >>>> Writing Macroscopic Cross Sections <<<<
            --------------------------------------------
     Material  1
    Group   Transport    Diffusion  Absorption    Removal      Nu*Fiss      Kap*Fis    Fiss. Spctr
       1     0.232126    1.436000    0.009504    0.027258     0.005871     0.005871     1.000000
       2     0.917010    0.363500    0.075058    0.075058     0.096067     0.096067     0.000000
         --Scattering Matrix--
           G/G'          1          2
            1        0.000000    0.017754
            2        0.000000    0.000000
     Material  2
    Group   Transport    Diffusion  Absorption    Removal      Nu*Fiss      Kap*Fis    Fiss. Spctr
       1     0.232029    1.436600    0.009678    0.027300     0.006191     0.006191     1.000000
       2     0.916758    0.363600    0.078436    0.078436     0.103580     0.103580     0.000000
         --Scattering Matrix--
           G/G'          1          2
            1        0.000000    0.017621
            2        0.000000    0.000000
     Material  3
    Group   Transport    Diffusion  Absorption    Removal      Nu*Fiss      Kap*Fis    Fiss. Spctr
       1     0.252525    1.320000    0.002656    0.025762     0.000000     0.000000     1.000000
       2     1.202501    0.277200    0.071596    0.071596     0.000000     0.000000     0.000000
         --Scattering Matrix--
           G/G'          1          2
            1        0.000000    0.023106
            2        0.000000    0.000000
     Material  4
    Group   Transport    Diffusion  Absorption    Removal      Nu*Fiss      Kap*Fis    Fiss. Spctr
       1     0.231658    1.438900    0.010363    0.027464     0.007453     0.007453     1.000000
       2     0.916254    0.363800    0.091408    0.091408     0.132360     0.132360     0.000000
         --Scattering Matrix--
           G/G'          1          2
            1        0.000000    0.017101
            2        0.000000    0.000000
     Material  5
    Group   Transport    Diffusion  Absorption    Removal      Nu*Fiss      Kap*Fis    Fiss. Spctr
       1     0.231787    1.438100    0.010003    0.027293     0.006191     0.006191     1.000000
       2     0.909504    0.366500    0.084828    0.084828     0.103580     0.103580     0.000000
         --Scattering Matrix--
           G/G'          1          2
            1        0.000000    0.017290
            2        0.000000    0.000000
     Material  6
    Group   Transport    Diffusion  Absorption    Removal      Nu*Fiss      Kap*Fis    Fiss. Spctr
       1     0.231723    1.438500    0.010132    0.027324     0.006429     0.006429     1.000000
       2     0.909504    0.366500    0.087314    0.087314     0.109110     0.109110     0.000000
         --Scattering Matrix--
           G/G'          1          2
            1        0.000000    0.017192
            2        0.000000    0.000000
     Material  7
    Group   Transport    Diffusion  Absorption    Removal      Nu*Fiss      Kap*Fis    Fiss. Spctr
       1     0.231658    1.438900    0.010165    0.027290     0.006191     0.006191     1.000000
       2     0.906043    0.367900    0.088024    0.088024     0.103580     0.103580     0.000000
         --Scattering Matrix--
           G/G'          1          2
            1        0.000000    0.017125
            2        0.000000    0.000000
     Material  8
    Group   Transport    Diffusion  Absorption    Removal      Nu*Fiss      Kap*Fis    Fiss. Spctr
       1     0.231594    1.439300    0.010294    0.027321     0.006429     0.006429     1.000000
       2     0.905797    0.368000    0.090510    0.090510     0.109110     0.109110     0.000000
         --Scattering Matrix--
           G/G'          1          2
            1        0.000000    0.017027
            2        0.000000    0.000000

            -------------------------------
            >>>>>Wrting Core Geometry<<<<<
            -------------------------------
  Number of Assembly in x, y and z Directions Respectively :
           9           9           2
  Number of Nodes in x, y and z Directions Respectively :
          17          17           2

  x-Directed Nodes Divison (Delta-x)
    11.56  11.56  11.56  11.56  11.56  11.56  11.56  11.56  11.56  11.56
    11.56  11.56  11.56  11.56  11.56  11.56  11.56
  y-Directed Nodes Divison (Delta-y)
    11.56  11.56  11.56  11.56  11.56  11.56  11.56  11.56  11.56  11.56
    11.56  11.56  11.56  11.56  11.56  11.56  11.56
  Planar Region :  1
        1  2  3  4  5  6  7  8  9 10 11 12 13 14 15 16 17
    17  1  8  8  2  2  6  6  1  1  7  7  1  1  4  4  3  3 
    16  8  1  1  8  8  2  2  8  8  1  1  1  1  4  4  3  3 
    15  8  1  1  8  8  2  2  8  8  1  1  1  1  4  4  3  3 
    14  2  8  8  1  1  8  8  2  2  7  7  1  1  4  4  3  3 
    13  2  8  8  1  1  8  8  2  2  7  7  1  1  4  4  3  3 
    12  6  2  2  8  8  2  2  8  8  1  1  8  8  4  4  3  3 
    11  6  2  2  8  8  2  2  8  8  1  1  8  8  4  4  3  3 
    10  1  8  8  2  2  8  8  2  2  5  5  4  4  3  3  3  3 
     9  1  8  8  2  2  8  8  2  2  5  5  4  4  3  3  3  3 
     8  7  1  1  7  7  1  1  5  5  4  4  4  4  3  3       
     7  7  1  1  7  7  1  1  5  5  4  4  4  4  3  3       
     6  1  1  1  1  1  8  8  4  4  4  4  3  3  3  3       
     5  1  1  1  1  1  8  8  4  4  4  4  3  3  3  3       
     4  4  4  4  4  4  4  4  3  3  3  3  3  3             
     3  4  4  4  4  4  4  4  3  3  3  3  3  3             
     2  3  3  3  3  3  3  3  3  3                         
     1  3  3  3  3  3  3  3  3  3                         

  Planar Region Assignment to Planes.
 -------------------------------------
   Plane Number     Planar Region    Delta-z
        2 (Top)            1          11.56
        1 (Bottom)         1          11.56

   Boundary Conditions
   -------------------
  X-Directed West   : Reflective
  X-Directed East   : Zero Incoming Current
  Y-Directed North  : Reflective
  Y-Directed South  : Zero Incoming Current
  Z-Directed Bottom : Reflective
  Z-Directed Top    : Reflective

  ...Core Geometry is Sucessfully Read...
     ---------------------------------


  ================================================================================================
                                        Calculation Results
  ================================================================================================

   Iteration    Keff     FissSrc Error   Inner Error
  ----------------------------------------------------
       1       1.266709    1.89130E+00    1.08177E+01
       2       1.186107    1.00000E+00    2.77203E+00
       3       1.087519    3.57021E-01    2.02071E+00
       4       1.047316    2.38427E-01    1.34471E+00
     ...Fission Source Extrapolated...
       5       1.008633    5.01956E-01    7.84024E-01
       6       1.025243    7.37309E-02    4.30824E-01
       7       1.023230    6.25757E-02    2.61749E-01
       8       1.022522    5.10902E-02    1.69321E-01
       9       1.022430    4.14230E-02    1.04312E-01
     ...Fission Source Extrapolated...
      10       1.023475    2.95857E-01    6.86008E-02
      11       1.022895    1.08014E-01    1.33729E-01
      12       1.023580    1.49578E-02    8.15067E-02
      13       1.023821    1.30531E-02    6.04608E-02
      14       1.023950    1.20003E-02    3.40658E-02
     ...Fission Source Extrapolated...
      15       1.025358    2.03642E-01    1.98847E-02
      16       1.023936    8.63504E-02    1.00446E-01
      17       1.024408    6.57788E-03    5.67564E-02
      18       1.024550    4.45181E-03    3.86739E-02
      19       1.024608    3.91802E-03    2.01199E-02
     ...Fission Source Extrapolated...
      20       1.025453    1.09586E-01    1.03974E-02
      21       1.024408    5.27561E-02    5.42735E-02
      22       1.024709    4.67293E-03    2.87732E-02
      23       1.024797    2.29684E-03    2.02010E-02
      24       1.024832    2.00477E-03    9.92743E-03
     ...Fission Source Extrapolated...
      25       1.025531    7.45508E-02    4.63805E-03
      26       1.024636    3.90020E-02    4.10455E-02
      27       1.024867    3.25765E-03    2.06784E-02
      28       1.024932    1.66026E-03    1.43659E-02
      29       1.024954    1.48089E-03    6.81685E-03
     ...Fission Source Extrapolated...
      30       1.025309    5.41841E-02    3.21559E-03
      31       1.024839    2.86375E-02    2.91295E-02
      32       1.024941    2.65682E-03    1.32092E-02
      33       1.024973    1.50223E-03    7.69761E-03
      34       1.024987    1.32797E-03    4.17284E-03
     ...Fission Source Extrapolated...
      35       1.025228    3.83664E-02    2.57817E-03
      36       1.024943    1.95837E-02    1.92553E-02
      37       1.025018    1.43806E-03    1.04259E-02
      38       1.025038    8.67510E-04    7.08231E-03
      39       1.025043    7.74366E-04    3.21367E-03
     ...Fission Source Extrapolated...
      40       1.025116    3.81688E-02    1.32450E-03
      41       1.024958    1.99420E-02    1.92685E-02
      42       1.025007    2.06871E-03    9.57579E-03
      43       1.025025    1.56081E-03    4.57692E-03
      44       1.025035    1.32083E-03    2.37968E-03
     ...Fission Source Extrapolated...
      45       1.025155    2.08618E-02    1.85064E-03
      46       1.025037    1.04868E-02    1.02873E-02
      47       1.025067    6.22313E-04    5.67343E-03
      48       1.025074    4.81026E-04    3.93691E-03
      49       1.025076    4.45325E-04    1.72450E-03
     ...Fission Source Extrapolated...
      50       1.025097    3.35374E-02    6.70415E-04
      51       1.025008    1.76898E-02    1.74356E-02
      52       1.025045    1.83853E-03    8.84307E-03
      53       1.025059    1.33111E-03    3.85646E-03
      54       1.025067    1.08733E-03    2.00479E-03
     ...Fission Source Extrapolated...
      55       1.025115    7.94335E-03    1.55516E-03
      56       1.025077    3.48940E-03    3.97033E-03
      57       1.025087    2.44191E-04    2.42533E-03
      58       1.025090    2.12878E-04    1.74095E-03
      59       1.025091    2.04725E-04    8.68605E-04
     ...Fission Source Extrapolated...
      60       1.025142    1.44817E-02    4.36785E-04
      61       1.025072    7.04532E-03    8.05427E-03
      62       1.025093    5.23876E-04    4.60457E-03
      63       1.025099    1.99098E-04    2.47638E-03
      64       1.025100    1.53144E-04    1.21283E-03
     ...Fission Source Extrapolated...
      65       1.025115    3.16047E-03    5.56624E-04
      66       1.025098    1.60423E-03    1.63616E-03
      67       1.025099    1.88037E-04    8.19445E-04
      68       1.025100    1.30163E-04    4.16044E-04
      69       1.025100    1.17538E-04    2.23205E-04
     ...Fission Source Extrapolated...
      70       1.025114    5.93289E-03    1.48923E-04
      71       1.025095    2.93989E-03    3.25421E-03
      72       1.025102    2.42629E-04    1.88626E-03
      73       1.025104    1.19140E-04    9.31939E-04
      74       1.025104    9.65633E-05    4.81293E-04
     ...Fission Source Extrapolated...
      75       1.025107    2.39004E-03    2.36133E-04
      76       1.025103    1.25967E-03    1.20543E-03
      77       1.025103    1.42913E-04    4.75158E-04
      78       1.025103    9.35761E-05    2.93885E-04
      79       1.025103    8.01214E-05    1.46352E-04
     ...Fission Source Extrapolated...
      80       1.025110    2.56809E-03    1.03125E-04
      81       1.025102    1.28617E-03    1.38245E-03
      82       1.025105    1.18462E-04    8.22810E-04
      83       1.025105    7.10617E-05    3.77771E-04
      84       1.025106    6.09664E-05    2.05368E-04
     ...Fission Source Extrapolated...
      85       1.025105    1.70561E-03    1.08399E-04
      86       1.025104    9.11497E-04    8.59001E-04
      87       1.025104    1.04571E-04    3.32891E-04
      88       1.025105    6.64536E-05    2.06554E-04
      89       1.025105    5.55692E-05    1.04295E-04
     ...Fission Source Extrapolated...
      90       1.025108    1.25097E-03    7.34427E-05
      91       1.025104    6.17917E-04    6.65806E-04
      92       1.025106    6.20646E-05    4.07144E-04
      93       1.025106    4.04270E-05    1.86876E-04
      94       1.025106    3.57536E-05    1.00223E-04
     ...Fission Source Extrapolated...
      95       1.025106    1.41280E-03    5.77246E-05
      96       1.025105    7.52226E-04    7.30352E-04
      97       1.025105    8.08269E-05    3.26543E-04
      98       1.025105    4.75131E-05    1.91639E-04
      99       1.025106    3.86617E-05    8.98655E-05
     ...Fission Source Extrapolated...
     100       1.025107    6.31401E-04    5.61124E-05
     101       1.025106    3.04828E-04    3.28473E-04
     102       1.025106    3.44941E-05    2.06156E-04
     103       1.025106    2.34987E-05    9.65967E-05
     104       1.025106    2.13587E-05    4.94610E-05
     ...Fission Source Extrapolated...
     105       1.025106    1.01417E-03    3.15715E-05
     106       1.025106    5.28673E-04    5.39377E-04
     107       1.025106    5.45756E-05    2.74144E-04
     108       1.025106    3.04155E-05    1.57551E-04
     109       1.025106    2.45181E-05    7.17528E-05
     ...Fission Source Extrapolated...
     110       1.025107    3.75198E-04    3.79808E-05
     111       1.025106    1.79860E-04    1.95162E-04
     112       1.025106    2.11517E-05    1.20897E-04
     113       1.025106    1.48305E-05    5.54288E-05
     114       1.025106    1.35657E-05    2.63141E-05
     ...Fission Source Extrapolated...
     115       1.025107    6.75484E-04    1.83055E-05
     116       1.025106    3.52998E-04    3.65978E-04
     117       1.025106    3.47089E-05    1.89278E-04
     118       1.025106    1.91293E-05    1.09138E-04
     119       1.025106    1.54015E-05    4.84210E-05
     ...Fission Source Extrapolated...
     120       1.025107    2.41642E-04    2.40602E-05
     121       1.025106    1.16428E-04    1.25494E-04
     122       1.025106    1.33680E-05    7.62653E-05
     123       1.025106    9.54618E-06    3.38712E-05
     124       1.025106    8.57967E-06    1.54394E-05
     ...Fission Source Extrapolated...
     125       1.025107    4.30663E-04    1.11129E-05
     126       1.025106    2.25656E-04    2.35279E-04
     127       1.025106    2.23162E-05    1.22105E-04
     128       1.025106    1.24589E-05    7.23380E-05
     129       1.025106    1.00073E-05    3.09608E-05
     ...Fission Source Extrapolated...
     130       1.025107    1.53498E-04    1.52154E-05
     131       1.025106    7.41793E-05    7.93375E-05
     132       1.025107    8.33249E-06    4.74057E-05
     133       1.025107    6.46474E-06    2.05491E-05
     134       1.025107    5.65593E-06    9.51854E-06

 ***********************************************
Effective Factor Multiplication : Keff = 1.025107
 ***********************************************


     Radial Power Distribution
   ==============================
           1       2       3       4       5       6       7       8       9
     9   1.077   1.087   1.227   1.204   1.075   0.968   1.079   0.998   0.000
     8   1.087   1.104   1.119   1.208   1.053   1.018   1.056   0.955   0.000
     7   1.227   1.119   1.108   1.090   1.105   0.910   0.918   0.811   0.000
     6   1.204   1.208   1.090   1.146   1.024   0.937   0.753   0.537   0.000
     5   1.074   1.052   1.105   1.024   1.107   0.978   0.862   0.000   0.000
     4   0.967   1.017   0.910   0.937   0.978   1.182   0.673   0.000   0.000
     3   1.078   1.055   0.917   0.753   0.861   0.673   0.000   0.000   0.000
     2   0.997   0.954   0.811   0.537   0.000   0.000   0.000   0.000   0.000
     1   0.000   0.000   0.000   0.000   0.000   0.000   0.000   0.000   0.000

   MAX POS.       Maximum Value
  (  9,  3)          1.227


     Axial Power Density Distribution
   ====================================

     Plane Number        Power      Height
    -----------------------------------------
         2  (Top)        1.000       23.12
         1  (Bottom)     1.000       11.56

   MAX POS.       Maximum Value
    (  1)             1.000

     Radial Flux Distribution
   ==============================
    Group :   1
             1          2          3          4          5          6          7          8          9
     9   1.940E-02  1.962E-02  2.130E-02  2.122E-02  1.931E-02  1.788E-02  1.916E-02  1.532E-02  2.174E-03 
     8   1.962E-02  1.987E-02  2.023E-02  2.097E-02  1.903E-02  1.816E-02  1.866E-02  1.465E-02  2.072E-03 
     7   2.129E-02  2.022E-02  1.996E-02  1.974E-02  1.919E-02  1.685E-02  1.640E-02  1.246E-02  1.739E-03 
     6   2.121E-02  2.096E-02  1.973E-02  1.991E-02  1.854E-02  1.682E-02  1.374E-02  8.235E-03  1.064E-03 
     5   1.930E-02  1.902E-02  1.918E-02  1.854E-02  1.916E-02  1.788E-02  1.329E-02  2.670E-03  2.380E-04 
     4   1.786E-02  1.815E-02  1.684E-02  1.682E-02  1.787E-02  1.838E-02  1.034E-02  1.293E-03  0.000E+00 
     3   1.914E-02  1.865E-02  1.638E-02  1.374E-02  1.329E-02  1.034E-02  2.525E-03  2.748E-04  0.000E+00 
     2   1.530E-02  1.464E-02  1.245E-02  8.230E-03  2.669E-03  1.293E-03  2.748E-04  0.000E+00  0.000E+00 
     1   2.172E-03  2.070E-03  1.737E-03  1.063E-03  2.378E-04  0.000E+00  0.000E+00  0.000E+00  0.000E+00 

    Group :   2
             1          2          3          4          5          6          7          8          9
     9   2.091E-02  1.809E-02  2.200E-02  2.018E-02  2.087E-02  1.704E-02  2.101E-02  1.375E-02  3.256E-03 
     8   1.809E-02  2.142E-02  1.861E-02  2.165E-02  1.751E-02  1.980E-02  2.060E-02  1.315E-02  3.103E-03 
     7   2.199E-02  1.861E-02  2.151E-02  1.812E-02  1.981E-02  1.602E-02  1.785E-02  1.118E-02  2.602E-03 
     6   2.018E-02  2.165E-02  1.812E-02  2.053E-02  1.702E-02  1.821E-02  1.250E-02  7.401E-03  1.594E-03 
     5   2.086E-02  1.750E-02  1.980E-02  1.702E-02  1.986E-02  1.728E-02  1.185E-02  3.932E-03  3.829E-04 
     4   1.703E-02  1.979E-02  1.601E-02  1.820E-02  1.728E-02  1.622E-02  9.273E-03  1.938E-03  0.000E+00 
     3   2.099E-02  2.058E-02  1.783E-02  1.249E-02  1.185E-02  9.272E-03  3.699E-03  4.424E-04  0.000E+00 
     2   1.374E-02  1.314E-02  1.117E-02  7.396E-03  3.930E-03  1.938E-03  4.424E-04  0.000E+00  0.000E+00 
     1   3.252E-03  3.100E-03  2.600E-03  1.592E-03  3.827E-04  0.000E+00  0.000E+00  0.000E+00  0.000E+00 


 Total Time :   0.796875000     Seconds
