                                                                                
      /\               /\                                                       
     //\\             //\\                                                      
    //**\\           //**\\                                                     
   //****\\         //****\\                                                    
  //******\\       //******\\   ____                   _   _           _        
  ---------   /*\   ---------  / __ \                 | \ | |         | |       
             (***)            | |  | |_ __   ___ _ __ |  \| | ___   __| | ___   
              \*/             | |  | | "_ \ / _ \ "_ \| . ` |/ _"\ / _" |/ _ \  
                              | |__| | |_) |  __/ | | | |\  | |_) | (_| |  __/  
              //\\             \____/| .__/ \___)_| |_|_| \_|\___/ \___/ \___|  
             //**\\                  | |                                        
            //****\\                 |_|                                        
           //******\\                                                           
           ----------                                                           
                                                                                
 ____________________________________________________________
          | The OpenNode, Nodal Methods for Neutron Diffusion
 Version  | Version Number: 1.1                              
 Copyright| 2021 Radiation & Nuclear System Laboratory       
          | University Abdelmalk Essaadi                     
          | Faculty of Sciences, Tetouan, Morocco            
 Source   | FORTRAN90 version                                
 GUI      | PyQt5                                            
 Method   | The Nodal Expansion Method (NEM)                 
 Dimension| Three Dimensions (3D)                            
 Geometry | Cartesian                                        
 ____________________________________________________________
                        =====================
   Calculation Mode :    Forward Calculation 
   ----------------     =====================

            --------------------------------------------
            >>>> Writing Macroscopic Cross Sections <<<<
            --------------------------------------------
     Material  1
    Group   Transport    Diffusion  Absorption    Removal      Nu*Fiss      Kap*Fis    Fiss. Spctr
       1     0.133768    2.491869    0.003654    0.067929     0.008228     0.008228     0.745248
       2     0.318911    1.045224    0.002124    0.066508     0.000536     0.000536     0.254328
       3     0.492072    0.677407    0.019908    0.070757     0.007058     0.007058     0.000424
       4     0.888436    0.375191    0.067990    0.069235     0.083930     0.083930     0.000000
         --Scattering Matrix--
           G/G'          1          2          3          4
            1        0.000000    0.063789    0.000486    0.000000
            2        0.000000    0.000000    0.064381    0.000003
            3        0.000000    0.000000    0.000000    0.050849
            4        0.000000    0.000000    0.001245    0.000000
     Material  2
    Group   Transport    Diffusion  Absorption    Removal      Nu*Fiss      Kap*Fis    Fiss. Spctr
       1     0.133726    2.492653    0.003685    0.067275     0.008295     0.008295     0.745248
       2     0.317507    1.049844    0.002215    0.065296     0.000713     0.000713     0.254328
       3     0.492652    0.676610    0.022012    0.070432     0.009230     0.009230     0.000424
       4     0.878393    0.379481    0.085052    0.086595     0.108244     0.108244     0.000000
         --Scattering Matrix--
           G/G'          1          2          3          4
            1        0.000000    0.063112    0.000478    0.000000
            2        0.000000    0.000000    0.063078    0.000003
            3        0.000000    0.000000    0.000000    0.048420
            4        0.000000    0.000000    0.001543    0.000000
     Material  3
    Group   Transport    Diffusion  Absorption    Removal      Nu*Fiss      Kap*Fis    Fiss. Spctr
       1     0.133763    2.491978    0.003684    0.066922     0.008285     0.008285     0.745248
       2     0.316884    1.051910    0.002221    0.064628     0.000713     0.000713     0.254328
       3     0.492307    0.677084    0.022403    0.069952     0.009214     0.009214     0.000424
       4     0.873852    0.381453    0.088077    0.089675     0.108087     0.108087     0.000000
         --Scattering Matrix--
           G/G'          1          2          3          4
            1        0.000000    0.062765    0.000473    0.000000
            2        0.000000    0.000000    0.062404    0.000003
            3        0.000000    0.000000    0.000000    0.047549
            4        0.000000    0.000000    0.001598    0.000000
     Material  4
    Group   Transport    Diffusion  Absorption    Removal      Nu*Fiss      Kap*Fis    Fiss. Spctr
       1     0.133733    2.492535    0.003740    0.067963     0.008459     0.008459     0.745248
       2     0.318888    1.045298    0.002299    0.066632     0.000923     0.000923     0.254328
       3     0.494058    0.674684    0.022621    0.072139     0.011714     0.011714     0.000424
       4     0.890694    0.374240    0.091000    0.092630     0.133600     0.133600     0.000000
         --Scattering Matrix--
           G/G'          1          2          3          4
            1        0.000000    0.063737    0.000486    0.000000
            2        0.000000    0.000000    0.064330    0.000003
            3        0.000000    0.000000    0.000000    0.049518
            4        0.000000    0.000000    0.001630    0.000000
     Material  5
    Group   Transport    Diffusion  Absorption    Removal      Nu*Fiss      Kap*Fis    Fiss. Spctr
       1     0.133744    2.492329    0.003730    0.066940     0.008409     0.008409     0.745248
       2     0.316871    1.051953    0.002315    0.064694     0.000921     0.000921     0.254328
       3     0.493328    0.675683    0.023822    0.070681     0.011675     0.011675     0.000424
       4     0.875796    0.380606    0.100246    0.102043     0.134282     0.134282     0.000000
         --Scattering Matrix--
           G/G'          1          2          3          4
            1        0.000000    0.062737    0.000473    0.000000
            2        0.000000    0.000000    0.062376    0.000003
            3        0.000000    0.000000    0.000000    0.046859
            4        0.000000    0.000000    0.001797    0.000000
     Material  6
    Group   Transport    Diffusion  Absorption    Removal      Nu*Fiss      Kap*Fis    Fiss. Spctr
       1     0.133787    2.491521    0.003730    0.066584     0.008400     0.008400     0.745248
       2     0.316247    1.054029    0.002321    0.064020     0.000921     0.000921     0.254328
       3     0.492953    0.676197    0.024196    0.070201     0.011651     0.011651     0.000424
       4     0.871610    0.382434    0.103283    0.105135     0.133974     0.133974     0.000000
         --Scattering Matrix--
           G/G'          1          2          3          4
            1        0.000000    0.062386    0.000468    0.000000
            2        0.000000    0.000000    0.061696    0.000003
            3        0.000000    0.000000    0.000000    0.046005
            4        0.000000    0.000000    0.001852    0.000000
     Material  7
    Group   Transport    Diffusion  Absorption    Removal      Nu*Fiss      Kap*Fis    Fiss. Spctr
       1     0.157252    2.119737    0.000466    0.042840     0.000000     0.000000     0.745248
       2     0.340102    0.980098    0.000263    0.044852     0.000000     0.000000     0.254328
       3     0.627349    0.531336    0.004282    0.056528     0.000000     0.000000     0.000424
       4     0.315051    1.058029    0.116918    0.117896     0.000000     0.000000     0.000000
         --Scattering Matrix--
           G/G'          1          2          3          4
            1        0.000000    0.042052    0.000322    0.000000
            2        0.000000    0.000000    0.044589    0.000000
            3        0.000000    0.000000    0.000000    0.052246
            4        0.000000    0.000000    0.000978    0.000000

            -------------------------------
            >>>>>Wrting Core Geometry<<<<<
            -------------------------------
  Number of Assembly in x, y and z Directions Respectively :
           9           9           2
  Number of Nodes in x, y and z Directions Respectively :
          17          17           2

  x-Directed Nodes Divison (Delta-x)
    10.80  10.80  10.80  10.80  10.80  10.80  10.80  10.80  10.80  10.80
    10.80  10.80  10.80  10.80  10.80  10.80  10.80
  y-Directed Nodes Divison (Delta-y)
    10.80  10.80  10.80  10.80  10.80  10.80  10.80  10.80  10.80  10.80
    10.80  10.80  10.80  10.80  10.80  10.80  10.80
  Planar Region :  1
        1  2  3  4  5  6  7  8  9 10 11 12 13 14 15 16 17
    17  1  3  3  1  1  3  3  1  1  2  2  1  1  4  4  7  7 
    16  3  1  1  3  3  1  1  2  2  1  1  6  6  4  4  7  7 
    15  3  1  1  3  3  1  1  2  2  1  1  6  6  4  4  7  7 
    14  1  3  3  1  1  2  2  1  1  3  3  4  4  7  7  7  7 
    13  1  3  3  1  1  2  2  1  1  3  3  4  4  7  7  7  7 
    12  3  1  1  2  2  1  1  3  3  5  5  4  4  7  7       
    11  3  1  1  2  2  1  1  3  3  5  5  4  4  7  7       
    10  1  2  2  1  1  3  3  1  1  4  4  7  7  7  7       
     9  1  2  2  1  1  3  3  1  1  4  4  7  7  7  7       
     8  2  1  1  3  3  5  5  4  4  7  7  7  7             
     7  2  1  1  3  3  5  5  4  4  7  7  7  7             
     6  1  6  6  4  4  4  4  7  7  7  7                   
     5  1  6  6  4  4  4  4  7  7  7  7                   
     4  4  4  4  7  7  7  7  7  7                         
     3  4  4  4  7  7  7  7  7  7                         
     2  7  7  7  7  7                                     
     1  7  7  7  7  7                                     

  Planar Region Assignment to Planes.
 -------------------------------------
   Plane Number     Planar Region    Delta-z
        2 (Top)            1          10.80
        1 (Bottom)         1          10.80

   Boundary Conditions
   -------------------
  X-Directed West   : Reflective
  X-Directed East   : Zero Incoming Current
  Y-Directed North  : Reflective
  Y-Directed South  : Zero Incoming Current
  Z-Directed Bottom : Reflective
  Z-Directed Top    : Reflective

  ...Core Geometry is Sucessfully Read...
     ---------------------------------


  ================================================================================================
                                        Calculation Results
  ================================================================================================

   Iteration    Keff     FissSrc Error   Inner Error
  ----------------------------------------------------
       1       1.878517    6.71135E-01    1.79124E+01
       2       1.412077    6.07649E-01    6.49824E+00
       3       1.156164    5.06000E-01    2.21603E+00
       4       1.053032    3.16689E-01    1.37259E+00
     ...Fission Source Extrapolated...
       5       0.995761    3.38958E-01    8.98221E-01
       6       1.006332    2.82523E-02    4.95555E-01
       7       1.003828    6.83600E-02    2.70053E-01
       8       1.003617    4.64711E-02    1.41968E-01
       9       1.004005    3.47036E-02    7.93739E-02
     ...Fission Source Extrapolated...
      10       1.008259    3.10450E-01    5.16461E-02
      11       1.005464    1.30276E-01    1.94832E-01
      12       1.006497    1.51876E-02    1.49873E-01
      13       1.006728    9.21576E-03    4.76771E-02
      14       1.006796    8.14199E-03    1.71686E-02
     ...Fission Source Extrapolated...
      15       1.007616    1.32473E-01    8.89306E-03
      16       1.006754    5.28815E-02    1.02088E-01
      17       1.007282    9.43419E-03    7.32433E-02
      18       1.007443    4.37400E-03    2.26888E-02
      19       1.007495    3.50084E-03    8.63078E-03
     ...Fission Source Extrapolated...
      20       1.008213    8.67036E-02    4.40246E-03
      21       1.007405    3.90872E-02    6.80491E-02
      22       1.007735    5.05197E-03    4.95588E-02
      23       1.007821    2.31261E-03    1.44210E-02
      24       1.007836    2.05795E-03    4.73089E-03
     ...Fission Source Extrapolated...
      25       1.007946    6.38617E-02    2.02729E-03
      26       1.007673    3.19184E-02    5.10164E-02
      27       1.007847    4.52280E-03    3.21451E-02
      28       1.007903    1.67912E-03    1.01768E-02
      29       1.007918    1.25217E-03    3.60523E-03
     ...Fission Source Extrapolated...
      30       1.008064    3.12042E-02    1.64302E-03
      31       1.007881    1.47324E-02    2.46958E-02
      32       1.007942    2.03452E-03    1.80421E-02
      33       1.007957    9.62117E-04    5.48932E-03
      34       1.007959    7.98574E-04    1.86388E-03
     ...Fission Source Extrapolated...
      35       1.007946    3.24475E-02    8.60336E-04
      36       1.007888    1.58842E-02    2.59398E-02
      37       1.007948    2.25727E-03    1.79467E-02
      38       1.007969    8.23126E-04    5.59749E-03
      39       1.007976    5.70916E-04    1.91022E-03
     ...Fission Source Extrapolated...
      40       1.008050    1.31975E-02    8.04661E-04
      41       1.007976    6.32280E-03    1.04564E-02
      42       1.007992    8.30922E-04    7.67661E-03
      43       1.007994    4.26917E-04    2.26620E-03
      44       1.007993    3.58867E-04    7.53904E-04
     ...Fission Source Extrapolated...
      45       1.007951    1.48487E-02    3.45886E-04
      46       1.007966    7.35669E-03    1.15690E-02
      47       1.007981    1.05951E-03    7.62944E-03
      48       1.007988    4.83656E-04    2.49989E-03
      49       1.007992    3.45801E-04    8.79828E-04
     ...Fission Source Extrapolated...
      50       1.008022    4.53594E-03    4.40647E-04
      51       1.007997    2.35302E-03    3.39061E-03
      52       1.008001    3.18553E-04    2.50796E-03
      53       1.008000    1.96273E-04    7.36433E-04
      54       1.008000    1.75991E-04    2.89504E-04
     ...Fission Source Extrapolated...
      55       1.007973    8.76299E-03    1.81910E-04
      56       1.007988    4.33548E-03    6.98662E-03
      57       1.007993    6.00600E-04    4.63517E-03
      58       1.007996    2.81685E-04    1.49206E-03
      59       1.007997    1.99467E-04    4.97791E-04
     ...Fission Source Extrapolated...
      60       1.008012    2.35809E-03    2.54302E-04
      61       1.008001    1.22496E-03    1.60329E-03
      62       1.008002    1.61984E-04    1.22943E-03
      63       1.008002    1.05391E-04    3.31112E-04
      64       1.008001    9.04104E-05    1.37474E-04
     ...Fission Source Extrapolated...
      65       1.007988    4.34929E-03    9.98128E-05
      66       1.007997    2.17679E-03    3.46920E-03
      67       1.007998    2.94139E-04    2.35180E-03
      68       1.007999    1.48726E-04    7.39908E-04
      69       1.007999    1.06441E-04    2.42613E-04
     ...Fission Source Extrapolated...
      70       1.008007    1.38219E-03    1.33364E-04
      71       1.008001    7.30281E-04    9.33410E-04
      72       1.008002    9.17524E-05    7.15344E-04
      73       1.008002    5.88967E-05    1.85671E-04
      74       1.008001    5.03996E-05    7.69501E-05
     ...Fission Source Extrapolated...
      75       1.007994    2.19355E-03    5.58174E-05
      76       1.008000    1.11524E-03    1.65022E-03
      77       1.008000    1.48917E-04    1.20409E-03
      78       1.008000    8.16783E-05    3.58701E-04
      79       1.008000    5.94881E-05    1.14389E-04
     ...Fission Source Extrapolated...
      80       1.008004    7.92162E-04    7.31584E-05
      81       1.008001    4.20910E-04    5.35378E-04
      82       1.008002    5.16296E-05    4.07737E-04
      83       1.008001    3.30560E-05    1.04830E-04
      84       1.008001    2.82367E-05    4.34609E-05
     ...Fission Source Extrapolated...
      85       1.007998    1.17829E-03    3.13638E-05
      86       1.008001    5.98168E-04    8.88713E-04
      87       1.008000    8.04991E-05    6.44533E-04
      88       1.008001    4.53581E-05    1.92641E-04
      89       1.008001    3.33163E-05    5.88445E-05
     ...Fission Source Extrapolated...
      90       1.008003    4.54714E-04    4.05408E-05
      91       1.008001    2.42369E-04    3.09938E-04
      92       1.008001    2.92503E-05    2.33280E-04
      93       1.008001    1.86407E-05    5.96642E-05
      94       1.008001    1.59786E-05    2.48028E-05
     ...Fission Source Extrapolated...
      95       1.007999    6.43499E-04    1.76978E-05
      96       1.008001    3.25607E-04    4.87204E-04
      97       1.008001    4.44434E-05    3.50148E-04
      98       1.008001    2.54214E-05    1.05004E-04
      99       1.008001    1.87858E-05    3.25314E-05
     ...Fission Source Extrapolated...
     100       1.008002    2.60122E-04    2.26663E-05
     101       1.008001    1.38782E-04    1.78916E-04
     102       1.008001    1.65917E-05    1.33175E-04
     103       1.008001    1.06546E-05    3.40051E-05
     104       1.008001    9.11464E-06    1.42874E-05
     ...Fission Source Extrapolated...
     105       1.008000    3.61728E-04    1.00105E-05
     106       1.008001    1.81419E-04    2.73290E-04
     107       1.008001    2.50433E-05    1.94781E-04
     108       1.008001    1.44090E-05    5.85638E-05
     109       1.008001    1.06830E-05    1.82267E-05
     ...Fission Source Extrapolated...
     110       1.008002    1.47453E-04    1.28116E-05
     111       1.008001    7.85918E-05    1.01946E-04
     112       1.008001    9.33734E-06    7.53670E-05
     113       1.008001    6.06487E-06    1.92702E-05
     114       1.008001    5.18765E-06    8.08233E-06

 ***********************************************
Effective Factor Multiplication : Keff = 1.008001
 ***********************************************


     Radial Power Distribution
   ==============================
           1       2       3       4       5       6       7       8       9
     9   0.995   1.074   1.034   1.152   1.121   1.204   0.953   0.827   0.000
     8   1.074   1.015   1.118   1.095   1.231   1.053   1.034   0.638   0.000
     7   1.034   1.118   1.082   1.211   1.049   1.031   0.961   0.000   0.000
     6   1.151   1.094   1.211   1.027   0.990   0.973   0.645   0.000   0.000
     5   1.121   1.230   1.048   0.990   0.781   0.662   0.000   0.000   0.000
     4   1.203   1.053   1.030   0.973   0.662   0.000   0.000   0.000   0.000
     3   0.952   1.033   0.960   0.645   0.000   0.000   0.000   0.000   0.000
     2   0.826   0.638   0.000   0.000   0.000   0.000   0.000   0.000   0.000
     1   0.000   0.000   0.000   0.000   0.000   0.000   0.000   0.000   0.000

   MAX POS.       Maximum Value
  (  8,  5)          1.231


     Axial Power Density Distribution
   ====================================

     Plane Number        Power      Height
    -----------------------------------------
         2  (Top)        1.000       21.61
         1  (Bottom)     1.000       10.80

   MAX POS.       Maximum Value
    (  1)             1.000

     Radial Flux Distribution
   ==============================
    Group :   1
             1          2          3          4          5          6          7          8          9
     9   2.163E-02  2.210E-02  2.247E-02  2.371E-02  2.433E-02  2.415E-02  2.112E-02  1.521E-02  2.194E-03 
     8   2.210E-02  2.208E-02  2.301E-02  2.376E-02  2.466E-02  2.304E-02  2.067E-02  1.198E-02  1.608E-03 
     7   2.247E-02  2.301E-02  2.349E-02  2.427E-02  2.279E-02  2.188E-02  1.794E-02  4.009E-03  4.038E-04 
     6   2.370E-02  2.376E-02  2.427E-02  2.229E-02  2.072E-02  1.937E-02  1.212E-02  1.750E-03  0.000E+00 
     5   2.432E-02  2.466E-02  2.278E-02  2.072E-02  1.714E-02  1.220E-02  3.030E-03  3.771E-04  0.000E+00 
     4   2.413E-02  2.303E-02  2.187E-02  1.937E-02  1.219E-02  2.958E-03  4.216E-04  0.000E+00  0.000E+00 
     3   2.111E-02  2.066E-02  1.793E-02  1.212E-02  3.029E-03  4.215E-04  0.000E+00  0.000E+00  0.000E+00 
     2   1.520E-02  1.197E-02  4.007E-03  1.749E-03  3.769E-04  0.000E+00  0.000E+00  0.000E+00  0.000E+00 
     1   2.192E-03  1.607E-03  4.035E-04  0.000E+00  0.000E+00  0.000E+00  0.000E+00  0.000E+00  0.000E+00 

    Group :   2
             1          2          3          4          5          6          7          8          9
     9   2.165E-02  2.219E-02  2.249E-02  2.380E-02  2.430E-02  2.410E-02  2.108E-02  1.488E-02  2.341E-03 
     8   2.219E-02  2.209E-02  2.311E-02  2.375E-02  2.461E-02  2.303E-02  2.066E-02  1.178E-02  1.721E-03 
     7   2.249E-02  2.310E-02  2.347E-02  2.422E-02  2.278E-02  2.196E-02  1.763E-02  4.282E-03  4.568E-04 
     6   2.379E-02  2.374E-02  2.421E-02  2.228E-02  2.082E-02  1.931E-02  1.190E-02  1.878E-03  0.000E+00 
     5   2.429E-02  2.460E-02  2.277E-02  2.081E-02  1.710E-02  1.199E-02  3.232E-03  4.262E-04  0.000E+00 
     4   2.409E-02  2.302E-02  2.195E-02  1.931E-02  1.199E-02  3.154E-03  4.779E-04  0.000E+00  0.000E+00 
     3   2.107E-02  2.065E-02  1.762E-02  1.190E-02  3.231E-03  4.778E-04  0.000E+00  0.000E+00  0.000E+00 
     2   1.487E-02  1.177E-02  4.280E-03  1.877E-03  4.260E-04  0.000E+00  0.000E+00  0.000E+00  0.000E+00 
     1   2.339E-03  1.720E-03  4.565E-04  0.000E+00  0.000E+00  0.000E+00  0.000E+00  0.000E+00  0.000E+00 

    Group :   3
             1          2          3          4          5          6          7          8          9
     9   2.198E-02  2.217E-02  2.283E-02  2.378E-02  2.464E-02  2.405E-02  2.130E-02  1.450E-02  2.387E-03 
     8   2.217E-02  2.243E-02  2.309E-02  2.410E-02  2.457E-02  2.333E-02  2.016E-02  1.150E-02  1.758E-03 
     7   2.283E-02  2.309E-02  2.381E-02  2.417E-02  2.311E-02  2.186E-02  1.718E-02  4.371E-03  4.705E-04 
     6   2.377E-02  2.409E-02  2.417E-02  2.260E-02  2.076E-02  1.882E-02  1.162E-02  1.920E-03  0.000E+00 
     5   2.463E-02  2.456E-02  2.310E-02  2.076E-02  1.729E-02  1.173E-02  3.300E-03  4.391E-04  0.000E+00 
     4   2.404E-02  2.332E-02  2.185E-02  1.882E-02  1.173E-02  3.222E-03  4.927E-04  0.000E+00  0.000E+00 
     3   2.128E-02  2.015E-02  1.718E-02  1.161E-02  3.299E-03  4.926E-04  0.000E+00  0.000E+00  0.000E+00 
     2   1.449E-02  1.149E-02  4.368E-03  1.919E-03  4.389E-04  0.000E+00  0.000E+00  0.000E+00  0.000E+00 
     1   2.385E-03  1.757E-03  4.702E-04  0.000E+00  0.000E+00  0.000E+00  0.000E+00  0.000E+00  0.000E+00 

    Group :   4
             1          2          3          4          5          6          7          8          9
     9   2.542E-02  2.079E-02  2.641E-02  2.230E-02  2.867E-02  2.345E-02  2.425E-02  1.291E-02  1.904E-03 
     8   2.079E-02  2.594E-02  2.165E-02  2.798E-02  2.399E-02  2.687E-02  1.565E-02  9.885E-03  1.403E-03 
     7   2.640E-02  2.165E-02  2.765E-02  2.360E-02  2.680E-02  1.979E-02  1.492E-02  3.496E-03  4.019E-04 
     6   2.229E-02  2.797E-02  2.360E-02  2.624E-02  1.908E-02  1.473E-02  1.000E-02  1.540E-03  0.000E+00 
     5   2.866E-02  2.398E-02  2.680E-02  1.908E-02  1.991E-02  1.031E-02  2.635E-03  3.740E-04  0.000E+00 
     4   2.344E-02  2.686E-02  1.978E-02  1.472E-02  1.031E-02  2.588E-03  4.209E-04  0.000E+00  0.000E+00 
     3   2.423E-02  1.564E-02  1.491E-02  9.997E-03  2.634E-03  4.208E-04  0.000E+00  0.000E+00  0.000E+00 
     2   1.290E-02  9.879E-03  3.494E-03  1.539E-03  3.739E-04  0.000E+00  0.000E+00  0.000E+00  0.000E+00 
     1   1.902E-03  1.402E-03  4.017E-04  0.000E+00  0.000E+00  0.000E+00  0.000E+00  0.000E+00  0.000E+00 


 Total Time :    4.29687500     Seconds
