                                                                                
      /\               /\                                                       
     //\\             //\\                                                      
    //**\\           //**\\                                                     
   //****\\         //****\\                                                    
  //******\\       //******\\   ____                   _   _           _        
  ---------   /*\   ---------  / __ \                 | \ | |         | |       
             (***)            | |  | |_ __   ___ _ __ |  \| | ___   __| | ___   
              \*/             | |  | | "_ \ / _ \ "_ \| . ` |/ _"\ / _" |/ _ \  
                              | |__| | |_) |  __/ | | | |\  | |_) | (_| |  __/  
              //\\             \____/| .__/ \___)_| |_|_| \_|\___/ \___/ \___|  
             //**\\                  | |                                        
            //****\\                 |_|                                        
           //******\\                                                           
           ----------                                                           
                                                                                
 ____________________________________________________________
          | The OpenNode, Nodal Methods for Neutron Diffusion
 Version  | Version Number: 1.1                              
 Copyright| 2021 Radiation & Nuclear System Laboratory       
          | University Abdelmalk Essaadi                     
          | Faculty of Sciences, Tetouan, Morocco            
 Source   | FORTRAN90 version                                
 GUI      | PyQt5                                            
 Method   | The Nodal Expansion Method (NEM)                 
 Dimension| Three Dimensions (3D)                            
 Geometry | Cartesian                                        
 ____________________________________________________________
                        =====================
   Calculation Mode :    Forward Calculation 
   ----------------     =====================

            --------------------------------------------
            >>>> Writing Macroscopic Cross Sections <<<<
            --------------------------------------------
     Material  1
    Group   Transport    Diffusion  Absorption    Removal      Nu*Fiss      Kap*Fis    Fiss. Spctr
       1     0.222222    1.500002    0.010120    0.030120     0.000000     0.000000     1.000000
       2     0.833333    0.400000    0.080032    0.080032     0.135000     0.135000     0.000000
         --Scattering Matrix--
           G/G'          1          2
            1        0.000000    0.020000
            2        0.000000    0.000000
     Material  2
    Group   Transport    Diffusion  Absorption    Removal      Nu*Fiss      Kap*Fis    Fiss. Spctr
       1     0.222222    1.500002    0.010120    0.030120     0.000000     0.000000     1.000000
       2     0.833333    0.400000    0.085032    0.085032     0.135000     0.135000     0.000000
         --Scattering Matrix--
           G/G'          1          2
            1        0.000000    0.020000
            2        0.000000    0.000000
     Material  3
    Group   Transport    Diffusion  Absorption    Removal      Nu*Fiss      Kap*Fis    Fiss. Spctr
       1     0.222222    1.500002    0.010120    0.030120     0.000000     0.000000     1.000000
       2     0.833333    0.400000    0.130032    0.130032     0.135000     0.135000     0.000000
         --Scattering Matrix--
           G/G'          1          2
            1        0.000000    0.020000
            2        0.000000    0.000000
     Material  4
    Group   Transport    Diffusion  Absorption    Removal      Nu*Fiss      Kap*Fis    Fiss. Spctr
       1     0.166667    1.999996    0.000160    0.040160     0.000000     0.000000     1.000000
       2     1.111111    0.300000    0.010024    0.010024     0.000000     0.000000     0.000000
         --Scattering Matrix--
           G/G'          1          2
            1        0.000000    0.040000
            2        0.000000    0.000000

            -------------------------------
            >>>>>Wrting Core Geometry<<<<<
            -------------------------------
  Number of Assembly in x, y and z Directions Respectively :
           9           9           2
  Number of Nodes in x, y and z Directions Respectively :
           9           9           2

  x-Directed Nodes Divison (Delta-x)
    10.00  20.00  20.00  20.00  20.00  20.00  20.00  20.00  20.00
  y-Directed Nodes Divison (Delta-y)
    20.00  20.00  20.00  20.00  20.00  20.00  20.00  20.00  10.00
  Planar Region :  1
        1  2  3  4  5  6  7  8  9
     9  3  2  2  2  3  2  2  1  4 
     8  2  2  2  2  2  2  2  1  4 
     7  2  2  2  2  2  2  1  1  4 
     6  2  2  2  2  2  2  1  4  4 
     5  3  2  2  2  3  1  1  4    
     4  2  2  2  2  1  1  4  4    
     3  2  2  1  1  1  4  4       
     2  1  1  1  4  4  4          
     1  4  4  4  4                

  Planar Region Assignment to Planes.
 -------------------------------------
   Plane Number     Planar Region    Delta-z
        2 (Top)            1          10.00
        1 (Bottom)         1          10.00

   Boundary Conditions
   -------------------
  X-Directed West   : Reflective
  X-Directed East   : Zero Incoming Current
  Y-Directed North  : Reflective
  Y-Directed South  : Zero Incoming Current
  Z-Directed Bottom : Reflective
  Z-Directed Top    : Reflective

  ...Core Geometry is Sucessfully Read...
     ---------------------------------


  ================================================================================================
                                        Calculation Results
  ================================================================================================

   Iteration    Keff     FissSrc Error   Inner Error
  ----------------------------------------------------
       1       1.062585    1.66970E+01    1.66970E+01
       2       1.213524    1.00000E+00    7.51569E+00
       3       1.117993    3.02872E-01    1.00000E+00
       4       1.061126    1.83392E-01    3.05419E-01
     ...Fission Source Extrapolated...
       5       1.013585    2.38423E-01    2.25876E-01
       6       1.029436    4.01986E-02    1.72967E-01
       7       1.026258    4.40035E-02    1.28514E-01
       8       1.025277    3.73844E-02    9.41724E-02
       9       1.025152    3.24365E-02    7.37460E-02
     ...Fission Source Extrapolated...
      10       1.026832    3.68895E-01    5.86546E-02
      11       1.027215    1.41483E-01    1.88501E-01
      12       1.027475    2.18621E-02    8.65630E-02
      13       1.027362    1.52498E-02    4.91071E-02
      14       1.027353    1.36392E-02    3.75903E-02
     ...Fission Source Extrapolated...
      15       1.028500    5.02773E-01    2.93912E-02
      16       1.028036    1.91500E-01    2.75229E-01
      17       1.028829    1.46115E-02    1.14561E-01
      18       1.028773    5.66459E-03    4.03574E-02
      19       1.028720    4.72293E-03    2.58292E-02
     ...Fission Source Extrapolated...
      20       1.028055    1.43144E-01    1.70060E-02
      21       1.028411    6.56464E-02    9.43227E-02
      22       1.028865    1.19197E-02    4.01559E-02
      23       1.028927    4.28738E-03    1.59987E-02
      24       1.028939    4.18704E-03    1.14059E-02
     ...Fission Source Extrapolated...
      25       1.029274    2.17368E-01    8.46836E-03
      26       1.028920    9.70446E-02    1.21712E-01
      27       1.029274    7.02626E-03    4.08767E-02
      28       1.029299    2.46307E-03    1.70510E-02
      29       1.029300    2.01241E-03    1.05805E-02
     ...Fission Source Extrapolated...
      30       1.029310    2.65744E-02    7.23418E-03
      31       1.029276    1.19609E-02    1.50470E-02
      32       1.029327    2.12654E-03    7.50680E-03
      33       1.029333    1.45895E-03    4.48597E-03
      34       1.029335    1.35379E-03    3.31021E-03
     ...Fission Source Extrapolated...
      35       1.029385    5.57876E-02    2.57202E-03
      36       1.029282    2.52200E-02    3.86177E-02
      37       1.029389    2.76267E-03    1.54856E-02
      38       1.029405    1.45303E-03    5.76952E-03
      39       1.029410    1.22583E-03    3.97789E-03
     ...Fission Source Extrapolated...
      40       1.029487    3.06115E-02    2.84120E-03
      41       1.029423    1.53222E-02    1.71753E-02
      42       1.029450    1.18963E-03    5.64686E-03
      43       1.029450    6.73880E-04    2.79598E-03
      44       1.029448    5.64327E-04    1.81363E-03
     ...Fission Source Extrapolated...
      45       1.029429    1.40223E-02    1.33253E-03
      46       1.029433    5.72319E-03    9.87060E-03
      47       1.029454    9.32831E-04    4.04356E-03
      48       1.029458    5.87760E-04    1.74041E-03
      49       1.029460    5.16299E-04    1.23542E-03
     ...Fission Source Extrapolated...
      50       1.029488    1.22034E-02    9.23613E-04
      51       1.029465    5.94672E-03    7.12063E-03
      52       1.029474    5.23325E-04    2.51221E-03
      53       1.029474    2.90951E-04    1.18734E-03
      54       1.029473    2.55315E-04    7.86331E-04
     ...Fission Source Extrapolated...
      55       1.029467    8.19811E-03    5.87462E-04
      56       1.029466    3.74894E-03    5.65904E-03
      57       1.029476    4.54239E-04    2.27942E-03
      58       1.029478    2.68525E-04    9.22409E-04
      59       1.029479    2.36657E-04    6.38473E-04
     ...Fission Source Extrapolated...
      60       1.029488    4.62299E-03    4.69813E-04
      61       1.029482    2.21328E-03    2.70458E-03
      62       1.029484    2.21360E-04    9.40844E-04
      63       1.029483    1.33953E-04    4.97772E-04
      64       1.029483    1.21497E-04    3.37811E-04
     ...Fission Source Extrapolated...
      65       1.029480    4.62753E-03    2.50842E-04
      66       1.029479    2.16298E-03    3.15173E-03
      67       1.029484    2.26613E-04    1.25363E-03
      68       1.029485    1.24952E-04    4.85008E-04
      69       1.029485    1.08990E-04    3.27871E-04
     ...Fission Source Extrapolated...
      70       1.029489    1.74105E-03    2.35277E-04
      71       1.029487    8.17142E-04    1.01384E-03
      72       1.029487    9.50706E-05    3.71371E-04
      73       1.029487    6.11837E-05    2.06662E-04
      74       1.029487    5.71812E-05    1.43986E-04
     ...Fission Source Extrapolated...
      75       1.029486    2.68139E-03    1.09439E-04
      76       1.029485    1.27962E-03    1.79583E-03
      77       1.029487    1.23258E-04    7.04324E-04
      78       1.029488    5.59467E-05    2.61530E-04
      79       1.029488    4.76601E-05    1.71184E-04
     ...Fission Source Extrapolated...
      80       1.029489    5.36273E-04    1.19044E-04
      81       1.029488    2.38830E-04    3.08821E-04
      82       1.029488    3.34348E-05    1.31080E-04
      83       1.029488    2.54193E-05    7.81448E-05
      84       1.029488    2.55969E-05    5.66636E-05
     ...Fission Source Extrapolated...
      85       1.029488    1.30666E-03    4.44472E-05
      86       1.029488    6.34663E-04    8.31929E-04
      87       1.029488    5.82154E-05    3.24167E-04
      88       1.029489    2.23175E-05    1.20260E-04
      89       1.029489    1.80556E-05    7.66476E-05
     ...Fission Source Extrapolated...
      90       1.029489    3.24775E-04    5.29045E-05
      91       1.029489    1.59302E-04    1.84108E-04
      92       1.029489    1.99582E-05    6.63692E-05
      93       1.029489    1.29225E-05    3.66242E-05
      94       1.029489    9.87314E-06    2.52075E-05
     ...Fission Source Extrapolated...
      95       1.029488    2.78037E-04    1.88807E-05
      96       1.029489    1.28330E-04    1.95075E-04
      97       1.029489    1.73257E-05    7.71790E-05
      98       1.029489    8.93869E-06    3.14758E-05
      99       1.029489    7.94071E-06    2.12128E-05
     ...Fission Source Extrapolated...
     100       1.029489    1.85936E-04    1.56448E-05
     101       1.029489    9.10725E-05    1.09047E-04
     102       1.029489    1.10995E-05    3.69596E-05
     103       1.029489    7.07791E-06    1.80675E-05
     104       1.029489    5.37950E-06    1.22278E-05
     ...Fission Source Extrapolated...
     105       1.029489    1.19986E-04    9.34248E-06
     106       1.029489    5.69648E-05    8.32194E-05
     107       1.029489    7.41120E-06    3.29210E-05
     108       1.029489    4.22359E-06    1.36629E-05
     109       1.029489    3.81757E-06    9.55343E-06

 ***********************************************
Effective Factor Multiplication : Keff = 1.029489
 ***********************************************


     Radial Power Distribution
   ==============================
           1       2       3       4       5       6       7       8       9
     9   0.221   0.776   0.860   0.717   0.359   0.551   0.545   0.438   0.000
     8   0.776   1.700   1.753   1.556   1.264   1.217   1.108   0.852   0.000
     7   0.860   1.753   1.740   1.592   1.392   1.256   1.136   0.800   0.000
     6   0.717   1.556   1.592   1.410   1.142   1.061   0.983   0.000   0.000
     5   0.359   1.264   1.392   1.142   0.549   0.802   0.693   0.000   0.000
     4   0.550   1.217   1.256   1.061   0.802   0.676   0.000   0.000   0.000
     3   0.545   1.108   1.136   0.982   0.693   0.000   0.000   0.000   0.000
     2   0.438   0.851   0.800   0.000   0.000   0.000   0.000   0.000   0.000
     1   0.000   0.000   0.000   0.000   0.000   0.000   0.000   0.000   0.000

   MAX POS.       Maximum Value
  (  8,  3)          1.753


     Axial Power Density Distribution
   ====================================

     Plane Number        Power      Height
    -----------------------------------------
         2  (Top)        1.000       20.00
         1  (Bottom)     1.000       10.00

   MAX POS.       Maximum Value
    (  2)             1.000

     Radial Flux Distribution
   ==============================
    Group :   1
             1          2          3          4          5          6          7          8          9
     9   1.968E-02  2.527E-02  2.762E-02  2.331E-02  1.599E-02  1.794E-02  1.752E-02  1.203E-02  1.954E-03 
     8   2.527E-02  2.734E-02  2.816E-02  2.502E-02  2.058E-02  1.957E-02  1.778E-02  1.175E-02  1.862E-03 
     7   2.762E-02  2.816E-02  2.795E-02  2.557E-02  2.235E-02  2.014E-02  1.728E-02  9.804E-03  1.400E-03 
     6   2.331E-02  2.502E-02  2.557E-02  2.267E-02  1.855E-02  1.703E-02  1.339E-02  3.445E-03  4.390E-04 
     5   1.598E-02  2.058E-02  2.235E-02  1.855E-02  1.219E-02  1.242E-02  8.516E-03  1.416E-03  0.000E+00 
     4   1.793E-02  1.956E-02  2.014E-02  1.703E-02  1.242E-02  8.248E-03  2.310E-03  3.631E-04  0.000E+00 
     3   1.752E-02  1.777E-02  1.728E-02  1.339E-02  8.515E-03  2.310E-03  4.154E-04  0.000E+00  0.000E+00 
     2   1.202E-02  1.175E-02  9.801E-03  3.445E-03  1.416E-03  3.631E-04  0.000E+00  0.000E+00  0.000E+00 
     1   1.953E-03  1.861E-03  1.400E-03  4.389E-04  0.000E+00  0.000E+00  0.000E+00  0.000E+00  0.000E+00 

    Group :   2
             1          2          3          4          5          6          7          8          9
     9   1.131E-02  1.985E-02  2.200E-02  1.833E-02  9.180E-03  1.408E-02  1.395E-02  1.120E-02  1.588E-02 
     8   1.985E-02  2.174E-02  2.242E-02  1.990E-02  1.617E-02  1.556E-02  1.417E-02  1.089E-02  1.506E-02 
     7   2.200E-02  2.242E-02  2.225E-02  2.036E-02  1.780E-02  1.607E-02  1.453E-02  1.024E-02  1.163E-02 
     6   1.833E-02  1.990E-02  2.036E-02  1.803E-02  1.460E-02  1.356E-02  1.256E-02  2.499E-02  5.613E-03 
     5   9.179E-03  1.617E-02  1.780E-02  1.460E-02  7.015E-03  1.026E-02  8.857E-03  1.207E-02  0.000E+00 
     4   1.408E-02  1.556E-02  1.606E-02  1.356E-02  1.026E-02  8.639E-03  1.673E-02  4.451E-03  0.000E+00 
     3   1.395E-02  1.417E-02  1.452E-02  1.256E-02  8.856E-03  1.673E-02  5.158E-03  0.000E+00  0.000E+00 
     2   1.120E-02  1.089E-02  1.023E-02  2.499E-02  1.207E-02  4.450E-03  0.000E+00  0.000E+00  0.000E+00 
     1   1.588E-02  1.506E-02  1.163E-02  5.611E-03  0.000E+00  0.000E+00  0.000E+00  0.000E+00  0.000E+00 


 Total Time :   0.484375000     Seconds
