                                                                                
      /\               /\                                                       
     //\\             //\\                                                      
    //**\\           //**\\                                                     
   //****\\         //****\\                                                    
  //******\\       //******\\   ____                   _   _           _        
  ---------   /*\   ---------  / __ \                 | \ | |         | |       
             (***)            | |  | |_ __   ___ _ __ |  \| | ___   __| | ___   
              \*/             | |  | | "_ \ / _ \ "_ \| . ` |/ _"\ / _" |/ _ \  
                              | |__| | |_) |  __/ | | | |\  | |_) | (_| |  __/  
              //\\             \____/| .__/ \___)_| |_|_| \_|\___/ \___/ \___|  
             //**\\                  | |                                        
            //****\\                 |_|                                        
           //******\\                                                           
           ----------                                                           
                                                                                
 ____________________________________________________________
          | The OpenNode, Nodal Methods for Neutron Diffusion
 Version  | Version Number: 1.1                              
 Copyright| 2021 Radiation & Nuclear System Laboratory       
          | University Abdelmalk Essaadi                     
          | Faculty of Sciences, Tetouan, Morocco            
 Source   | FORTRAN90 version                                
 GUI      | PyQt5                                            
 Method   | The Nodal Expansion Method (NEM)                 
 Dimension| Three Dimensions (3D)                            
 Geometry | Cartesian                                        
 ____________________________________________________________
                        =====================
   Calculation Mode :    Forward Calculation 
   ----------------     =====================

            --------------------------------------------
            >>>> Writing Macroscopic Cross Sections <<<<
            --------------------------------------------
     Material  1
    Group   Transport    Diffusion  Absorption    Removal      Nu*Fiss      Kap*Fis    Fiss. Spctr
       1     0.222222    1.500002    0.010000    0.030000     0.000000     0.000000     1.000000
       2     0.833333    0.400000    0.080000    0.080000     0.135000     0.135000     0.000000
         --Scattering Matrix--
           G/G'          1          2
            1        0.192200    0.020000
            2        0.000000    0.753300
     Material  2
    Group   Transport    Diffusion  Absorption    Removal      Nu*Fiss      Kap*Fis    Fiss. Spctr
       1     0.222222    1.500002    0.010000    0.030000     0.000000     0.000000     1.000000
       2     0.833333    0.400000    0.085000    0.085000     0.135000     0.135000     0.000000
         --Scattering Matrix--
           G/G'          1          2
            1        0.192200    0.020000
            2        0.000000    0.748300
     Material  3
    Group   Transport    Diffusion  Absorption    Removal      Nu*Fiss      Kap*Fis    Fiss. Spctr
       1     0.222222    1.500002    0.010000    0.030000     0.000000     0.000000     1.000000
       2     0.833333    0.400000    0.130000    0.130000     0.135000     0.135000     0.000000
         --Scattering Matrix--
           G/G'          1          2
            1        0.192200    0.020000
            2        0.000000    0.703300
     Material  4
    Group   Transport    Diffusion  Absorption    Removal      Nu*Fiss      Kap*Fis    Fiss. Spctr
       1     0.166667    1.999996    0.000000    0.040000     0.000000     0.000000     0.000000
       2     1.111111    0.300000    0.010000    0.010000     0.000000     0.000000     0.000000
         --Scattering Matrix--
           G/G'          1          2
            1        0.126700    0.040000
            2        0.000000    1.101100

            -------------------------------
            >>>>>Wrting Core Geometry<<<<<
            -------------------------------
  Number of Assembly in x, y and z Directions Respectively :
           9           9           2
  Number of Nodes in x, y and z Directions Respectively :
          17          17           2

  x-Directed Nodes Divison (Delta-x)
    10.00  10.00  10.00  10.00  10.00  10.00  10.00  10.00  10.00  10.00
    10.00  10.00  10.00  10.00  10.00  10.00  10.00
  y-Directed Nodes Divison (Delta-y)
    10.00  10.00  10.00  10.00  10.00  10.00  10.00  10.00  10.00  10.00
    10.00  10.00  10.00  10.00  10.00  10.00  10.00
  Planar Region :  1
        1  2  3  4  5  6  7  8  9 10 11 12 13 14 15 16 17
    17  4  4  4  4  4  4  4                               
    16  4  4  4  4  4  4  4                               
    15  1  1  1  1  1  4  4  4  4  4  4                   
    14  1  1  1  1  1  4  4  4  4  4  4                   
    13  2  2  2  1  1  1  1  1  1  4  4  4  4             
    12  2  2  2  1  1  1  1  1  1  4  4  4  4             
    11  2  2  2  2  2  2  2  1  1  1  1  4  4  4  4       
    10  2  2  2  2  2  2  2  1  1  1  1  4  4  4  4       
     9  3  2  2  2  2  2  2  3  3  1  1  1  1  4  4       
     8  3  2  2  2  2  2  2  3  3  1  1  1  1  4  4       
     7  2  2  2  2  2  2  2  2  2  2  2  1  1  1  1  4  4 
     6  2  2  2  2  2  2  2  2  2  2  2  1  1  1  1  4  4 
     5  2  2  2  2  2  2  2  2  2  2  2  1  1  1  1  4  4 
     4  2  2  2  2  2  2  2  2  2  2  2  1  1  1  1  4  4 
     3  2  2  2  2  2  2  2  2  2  2  2  2  2  1  1  4  4 
     2  2  2  2  2  2  2  2  2  2  2  2  2  2  1  1  4  4 
     1  3  2  2  2  2  2  2  3  3  2  2  2  2  1  1  4  4 

  Planar Region Assignment to Planes.
 -------------------------------------
   Plane Number     Planar Region    Delta-z
        2 (Top)            1          10.00
        1 (Bottom)         1          10.00

   Boundary Conditions
   -------------------
  X-Directed West   : Reflective
  X-Directed East   : Zero Incoming Current
  Y-Directed North  : Zero Incoming Current
  Y-Directed South  : Reflective
  Z-Directed Bottom : Reflective
  Z-Directed Top    : Reflective

  ...Core Geometry is Sucessfully Read...
     ---------------------------------


  ================================================================================================
                                        Calculation Results
  ================================================================================================

   Iteration    Keff     FissSrc Error   Inner Error
  ----------------------------------------------------
       1       1.377857    1.58978E+00    1.58978E+00
       2       1.191381    1.00000E+00    2.08777E+00
       3       1.093365    2.49609E-01    8.63590E-01
       4       1.055666    1.63544E-01    4.16266E-01
     ...Fission Source Extrapolated...
       5       1.018963    3.15101E-01    2.88151E-01
       6       1.033754    4.48693E-02    2.31356E-01
       7       1.031117    5.91273E-02    1.92979E-01
       8       1.029949    5.22341E-02    1.57744E-01
       9       1.029611    4.61198E-02    1.29243E-01
     ...Fission Source Extrapolated...
      10       1.030515    1.56792E+00    1.06915E-01
      11       1.032964    4.97585E-01    4.79655E-01
      12       1.034128    2.35859E-02    2.77077E-01
      13       1.033731    1.92807E-02    9.80714E-02
      14       1.033374    1.92032E-02    7.36098E-02
     ...Fission Source Extrapolated...
      15       1.027643    9.53767E-01    5.79179E-02
      16       1.034139    3.91274E-01    3.32883E-01
      17       1.034443    2.02619E-02    1.80710E-01
      18       1.034192    9.42521E-03    5.96221E-02
      19       1.034031    1.00493E-02    4.31181E-02
     ...Fission Source Extrapolated...
      20       1.032291    2.93710E-01    3.32585E-02
      21       1.034489    1.62128E-01    1.28355E-01
      22       1.034669    9.40397E-03    8.09729E-02
      23       1.034563    4.63554E-03    3.05707E-02
      24       1.034484    4.99391E-03    2.16883E-02
     ...Fission Source Extrapolated...
      25       1.032829    2.22791E-01    1.64785E-02
      26       1.034714    1.32389E-01    1.00876E-01
      27       1.034842    1.04975E-02    6.17229E-02
      28       1.034778    3.69719E-03    1.97073E-02
      29       1.034739    3.51898E-03    1.38244E-02
     ...Fission Source Extrapolated...
      30       1.034456    7.90429E-02    1.05157E-02
      31       1.034903    4.72972E-02    4.11292E-02
      32       1.034976    4.13245E-03    2.69623E-02
      33       1.034947    2.11432E-03    9.53333E-03
      34       1.034924    2.05764E-03    6.95121E-03
     ...Fission Source Extrapolated...
      35       1.034405    9.21275E-02    5.45026E-03
      36       1.035032    5.77036E-02    4.69875E-02
      37       1.035101    5.26876E-03    3.02039E-02
      38       1.035075    1.97441E-03    8.77515E-03
      39       1.035060    1.83791E-03    6.16746E-03
     ...Fission Source Extrapolated...
      40       1.034956    3.63376E-02    4.74591E-03
      41       1.035128    2.21465E-02    1.90750E-02
      42       1.035159    1.76333E-03    1.27142E-02
      43       1.035147    1.05978E-03    4.79496E-03
      44       1.035138    1.06819E-03    3.51108E-03
     ...Fission Source Extrapolated...
      45       1.034939    4.66975E-02    2.75929E-03
      46       1.035194    3.00287E-02    2.44842E-02
      47       1.035229    2.47961E-03    1.58992E-02
      48       1.035217    9.26825E-04    4.55079E-03
      49       1.035209    8.79045E-04    3.16944E-03
     ...Fission Source Extrapolated...
      50       1.035150    1.71164E-02    2.41881E-03
      51       1.035238    1.06011E-02    8.95593E-03
      52       1.035251    8.62682E-04    5.99723E-03
      53       1.035246    5.09026E-04    2.32987E-03
      54       1.035242    5.16535E-04    1.70319E-03
     ...Fission Source Extrapolated...
      55       1.035153    2.22488E-02    1.33630E-03
      56       1.035269    1.45153E-02    1.18304E-02
      57       1.035286    1.16934E-03    7.71978E-03
      58       1.035280    4.27050E-04    2.21033E-03
      59       1.035277    4.13482E-04    1.53422E-03
     ...Fission Source Extrapolated...
      60       1.035247    7.75829E-03    1.16677E-03
      61       1.035289    4.82891E-03    4.05011E-03
      62       1.035295    4.01339E-04    2.71990E-03
      63       1.035292    2.40411E-04    1.08651E-03
      64       1.035290    2.44484E-04    7.95746E-04
     ...Fission Source Extrapolated...
      65       1.035252    1.06807E-02    6.25155E-04
      66       1.035304    7.01497E-03    5.73343E-03
      67       1.035312    5.60323E-04    3.74813E-03
      68       1.035309    2.14346E-04    1.06419E-03
      69       1.035307    1.93616E-04    7.36391E-04
     ...Fission Source Extrapolated...
      70       1.035293    3.44227E-03    5.58339E-04
      71       1.035312    2.14240E-03    1.78606E-03
      72       1.035315    1.82148E-04    1.20295E-03
      73       1.035314    1.12375E-04    4.98990E-04
      74       1.035313    1.14440E-04    3.66740E-04
     ...Fission Source Extrapolated...
      75       1.035297    5.14665E-03    2.88759E-04
      76       1.035320    3.39096E-03    2.78219E-03
      77       1.035324    2.67631E-04    1.81962E-03
      78       1.035322    1.04810E-04    5.10220E-04
      79       1.035322    8.97843E-05    3.51871E-04
     ...Fission Source Extrapolated...
      80       1.035314    1.51941E-03    2.65914E-04
      81       1.035324    9.45106E-04    7.81016E-04
      82       1.035325    8.19792E-05    5.27390E-04
      83       1.035324    5.18388E-05    2.27792E-04
      84       1.035324    5.29246E-05    1.67927E-04
     ...Fission Source Extrapolated...
      85       1.035317    2.41963E-03    1.32433E-04
      86       1.035327    1.59548E-03    1.31487E-03
      87       1.035329    1.24127E-04    8.60119E-04
      88       1.035328    4.93866E-05    2.39374E-04
      89       1.035328    4.11550E-05    1.64789E-04
     ...Fission Source Extrapolated...
      90       1.035324    6.82519E-04    1.24282E-04
      91       1.035329    4.25261E-04    3.48038E-04
      92       1.035329    3.73459E-05    2.35244E-04
      93       1.035329    2.36635E-05    1.03951E-04
      94       1.035329    2.42635E-05    7.67019E-05
     ...Fission Source Extrapolated...
      95       1.035326    1.11355E-03    6.05169E-05
      96       1.035330    7.33827E-04    6.07506E-04
      97       1.035331    5.63084E-05    3.97453E-04
      98       1.035331    2.27651E-05    1.10387E-04
      99       1.035331    1.88580E-05    7.59959E-05
     ...Fission Source Extrapolated...
     100       1.035329    3.10156E-04    5.72938E-05
     101       1.035331    1.93553E-04    1.57429E-04
     102       1.035331    1.71602E-05    1.06430E-04
     103       1.035331    1.08146E-05    4.74760E-05
     104       1.035331    1.11314E-05    3.50403E-05
     ...Fission Source Extrapolated...
     105       1.035330    5.13688E-04    2.76563E-05
     106       1.035332    3.38214E-04    2.81179E-04
     107       1.035332    2.54507E-05    1.83942E-04
     108       1.035332    1.03983E-05    5.09824E-05
     109       1.035332    8.70210E-06    3.51117E-05
     ...Fission Source Extrapolated...
     110       1.035331    1.41114E-04    2.64727E-05
     111       1.035332    8.80633E-05    7.13828E-05
     112       1.035332    7.89668E-06    4.82830E-05
     113       1.035332    4.97950E-06    2.17554E-05
     114       1.035332    5.13729E-06    1.60700E-05
     ...Fission Source Extrapolated...
     115       1.035331    2.35667E-04    1.26928E-05
     116       1.035332    1.54920E-04    1.29390E-04
     117       1.035332    1.13327E-05    8.46485E-05
     118       1.035332    4.66213E-06    2.34762E-05
     119       1.035332    4.03996E-06    1.61895E-05
     ...Fission Source Extrapolated...
     120       1.035332    6.46720E-05    1.22183E-05
     121       1.035332    4.03007E-05    3.27080E-05
     122       1.035332    3.67962E-06    2.21329E-05
     123       1.035332    2.33066E-06    1.00289E-05
     124       1.035332    2.40493E-06    7.41926E-06

 ***********************************************
Effective Factor Multiplication : Keff = 1.035332
 ***********************************************


     Radial Power Distribution
   ==============================
           1       2       3       4       5       6       7       8       9
     9   0.000   0.000   0.000   0.000   0.000   0.000   0.000   0.000   0.000
     8   0.695   0.679   0.644   0.000   0.000   0.000   0.000   0.000   0.000
     7   0.864   0.881   0.912   0.804   0.585   0.000   0.000   0.000   0.000
     6   0.870   0.967   1.009   0.871   0.686   0.630   0.000   0.000   0.000
     5   0.571   1.006   1.121   0.940   0.484   0.774   0.766   0.000   0.000
     4   1.140   1.243   1.288   1.174   1.006   1.030   1.004   0.680   0.000
     3   1.371   1.402   1.411   1.329   1.225   1.196   1.184   0.852   0.000
     2   1.238   1.362   1.423   1.297   1.107   1.140   1.103   0.892   0.000
     1   0.705   1.245   1.398   1.191   0.629   1.025   1.067   0.889   0.000

   MAX POS.       Maximum Value
  (  2,  3)          1.423


     Axial Power Density Distribution
   ====================================

     Plane Number        Power      Height
    -----------------------------------------
         2  (Top)        1.000       20.00
         1  (Bottom)     1.000       10.00

   MAX POS.       Maximum Value
    (  1)             1.000

     Radial Flux Distribution
   ==============================
    Group :   1
             1          2          3          4          5          6          7          8          9
     9   1.827E-03  1.749E-03  1.331E-03  3.955E-04  0.000E+00  0.000E+00  0.000E+00  0.000E+00  0.000E+00 
     8   1.103E-02  1.080E-02  9.125E-03  3.303E-03  1.382E-03  3.385E-04  0.000E+00  0.000E+00  0.000E+00 
     7   1.601E-02  1.630E-02  1.602E-02  1.264E-02  8.318E-03  2.406E-03  4.184E-04  0.000E+00  0.000E+00 
     6   1.640E-02  1.799E-02  1.870E-02  1.612E-02  1.224E-02  8.861E-03  2.773E-03  4.704E-04  0.000E+00 
     5   1.467E-02  1.896E-02  2.084E-02  1.769E-02  1.235E-02  1.380E-02  1.094E-02  2.816E-03  0.000E+00 
     4   2.145E-02  2.311E-02  2.393E-02  2.183E-02  1.893E-02  1.907E-02  1.762E-02  9.969E-03  1.331E-03 
     3   2.547E-02  2.605E-02  2.623E-02  2.469E-02  2.276E-02  2.216E-02  2.094E-02  1.353E-02  2.140E-03 
     2   2.331E-02  2.534E-02  2.644E-02  2.412E-02  2.085E-02  2.120E-02  2.040E-02  1.414E-02  2.343E-03 
     1   1.810E-02  2.345E-02  2.598E-02  2.242E-02  1.615E-02  1.932E-02  1.978E-02  1.407E-02  2.366E-03 

    Group :   2
             1          2          3          4          5          6          7          8          9
     9   1.469E-02  1.400E-02  1.082E-02  5.285E-03  0.000E+00  0.000E+00  0.000E+00  0.000E+00  0.000E+00 
     8   1.029E-02  1.005E-02  9.533E-03  2.352E-02  1.166E-02  4.474E-03  0.000E+00  0.000E+00  0.000E+00 
     7   1.278E-02  1.304E-02  1.349E-02  1.189E-02  8.662E-03  1.710E-02  5.632E-03  0.000E+00  0.000E+00 
     6   1.287E-02  1.431E-02  1.492E-02  1.288E-02  1.014E-02  9.325E-03  1.975E-02  6.170E-03  0.000E+00 
     5   8.453E-03  1.489E-02  1.659E-02  1.391E-02  7.156E-03  1.146E-02  1.133E-02  1.804E-02  0.000E+00 
     4   1.686E-02  1.838E-02  1.905E-02  1.736E-02  1.489E-02  1.524E-02  1.486E-02  1.006E-02  9.720E-03 
     3   2.028E-02  2.074E-02  2.088E-02  1.966E-02  1.812E-02  1.769E-02  1.751E-02  1.260E-02  1.705E-02 
     2   1.831E-02  2.015E-02  2.105E-02  1.919E-02  1.637E-02  1.686E-02  1.632E-02  1.319E-02  1.885E-02 
     1   1.043E-02  1.842E-02  2.068E-02  1.761E-02  9.311E-03  1.517E-02  1.579E-02  1.315E-02  1.908E-02 


 Total Time :    3.93750000     Seconds
