                                                                                
      /\               /\                                                       
     //\\             //\\                                                      
    //**\\           //**\\                                                     
   //****\\         //****\\                                                    
  //******\\       //******\\   ____                   _   _           _        
  ---------   /*\   ---------  / __ \                 | \ | |         | |       
             (***)            | |  | |_ __   ___ _ __ |  \| | ___   __| | ___   
              \*/             | |  | | "_ \ / _ \ "_ \| . ` |/ _"\ / _" |/ _ \  
                              | |__| | |_) |  __/ | | | |\  | |_) | (_| |  __/  
              //\\             \____/| .__/ \___)_| |_|_| \_|\___/ \___/ \___|  
             //**\\                  | |                                        
            //****\\                 |_|                                        
           //******\\                                                           
           ----------                                                           
                                                                                
 ____________________________________________________________
          | The OpenNode, Nodal Methods for Neutron Diffusion
 Version  | Version Number: 1.1                              
 Copyright| 2021 Radiation & Nuclear System Laboratory       
          | University Abdelmalk Essaadi                     
          | Faculty of Sciences, Tetouan, Morocco            
 Source   | FORTRAN90 version                                
 GUI      | PyQt5                                            
 Method   | The Nodal Expansion Method (NEM)                 
 Dimension| Three Dimensions (3D)                            
 Geometry | Cartesian                                        
 ____________________________________________________________
                        ==========================
   Calculation Mode :    Rod Ejection Calculation 
   ----------------     ==========================

            --------------------------------------------
            >>>> Writing Macroscopic Cross Sections <<<<
            --------------------------------------------
     Material  1
    Group   Transport    Diffusion  Absorption    Removal      Nu*Fiss      Kap*Fis    Fiss. Spctr
       1     0.234097    1.423913    0.010402    0.027958     0.006478     0.006478     1.000000
       2     0.935526    0.356306    0.087662    0.087662     0.112733     0.112733     0.000000
         --Scattering Matrix--
           G/G'          1          2
            1        0.000000    0.017556
            2        0.000000    0.000000
     Material  2
    Group   Transport    Diffusion  Absorption    Removal      Nu*Fiss      Kap*Fis    Fiss. Spctr
       1     0.233818    1.425611    0.010993    0.028171     0.007503     0.007503     1.000000
       2     0.950822    0.350574    0.099256    0.099256     0.137800     0.137800     0.000000
         --Scattering Matrix--
           G/G'          1          2
            1        0.000000    0.017178
            2        0.000000    0.000000
     Material  3
    Group   Transport    Diffusion  Absorption    Removal      Nu*Fiss      Kap*Fis    Fiss. Spctr
       1     0.203970    1.634227    0.002661    0.030258     0.000000     0.000000     1.000000
       2     1.262617    0.264002    0.049364    0.049364     0.000000     0.000000     0.000000
         --Scattering Matrix--
           G/G'          1          2
            1        0.000000    0.027597
            2        0.000000    0.000000

            -------------------------------
            >>>>>Wrting Core Geometry<<<<<
            -------------------------------
  Number of Assembly in x, y and z Directions Respectively :
           6           6          10
  Number of Nodes in x, y and z Directions Respectively :
           6           6          10

  x-Directed Nodes Divison (Delta-x)
    10.00  20.00  20.00  20.00  20.00  20.00
  y-Directed Nodes Divison (Delta-y)
    10.00  20.00  20.00  20.00  20.00  20.00
  Planar Region :  1
        1  2  3  4  5  6
     6  3  3  3  3  3    
     5  3  3  3  3  3  3 
     4  3  3  3  3  3  3 
     3  3  3  3  3  3  3 
     2  3  3  3  3  3  3 
     1  3  3  3  3  3  3 
  Planar Region :  2
        1  2  3  4  5  6
     6  3  3  3  3  3    
     5  2  2  2  2  3  3 
     4  1  1  1  2  2  3 
     3  1  1  1  1  2  3 
     2  1  1  1  1  2  3 
     1  1  1  1  1  2  3 

  Planar Region Assignment to Planes.
 -------------------------------------
   Plane Number     Planar Region    Delta-z
       10 (Top)            1          20.00
        9                  2          20.00
        8                  2          20.00
        7                  2          20.00
        6                  2          20.00
        5                  2          20.00
        4                  2          20.00
        3                  2          20.00
        2                  2          20.00
        1 (Bottom)         1          20.00

   Boundary Conditions
   -------------------
  X-Directed West   : Reflective
  X-Directed East   : Zero Incoming Current
  Y-Directed North  : Zero Incoming Current
  Y-Directed South  : Reflective
  Z-Directed Bottom : Zero Incoming Current
  Z-Directed Top    : Zero Incoming Current

  ...Core Geometry is Sucessfully Read...
     ---------------------------------


            >>>> READING CONTROL RODS INSERTION <<<<
            --------------------------------------------
  NUMBER OF CONTROL ROD BANK  :  2
  MAX. NUMBER OF STEPS        : 180
  FULLY INSERTED POSITION (cm):  0.0 (FROM BOTTOM OF THE CORE)
  STEP SIZE (cm)              :   1.0000
  CR CUSPING CORRECTION       : NOT ACTIVE
  INITIAL CONTROL ROD BANK POSITION (STEPS) : 
  (0 means fully inserted) 
    Bank  1  Bank  2
    180.0    100.0

  CONTROL ROD BANK MAP : 
  0  0  0  0  0  0
  0  0  0  0  0  0
  2  0  0  0  0  0
  0  0  1  0  0  0
  0  0  0  0  0  0
  1  0  0  2  0  0

  MATERIAL CX INCREMENT OR DECREMENT DUE TO CR INSERTION : 
    MATERIAL  1
    GROUP   TRANSPORT  ABSORPTION      NU*FISS      FISSION
       1     0.000000    0.000550     0.000000     0.000000
       2     0.000000    0.003800     0.000000     0.000000
   --SCATTERING MATRIX--
     G/G'        1        2
      1      0.000000  0.000000
      2      0.000000  0.000000
    MATERIAL  2
    GROUP   TRANSPORT  ABSORPTION      NU*FISS      FISSION
       1     0.000280   -0.000040    -0.001030    -0.001030
       2    -0.015300   -0.007790    -0.025070    -0.025070
   --SCATTERING MATRIX--
     G/G'        1        2
      1      0.000000  0.000380
      2      0.000000  0.000000
    MATERIAL  3
    GROUP   TRANSPORT  ABSORPTION      NU*FISS      FISSION
       1     0.030130    0.008290     0.006480     0.006480
       2    -0.327090    0.042100     0.112730     0.112730
   --SCATTERING MATRIX--
     G/G'        1        2
      1      0.000000 -0.010040
      2      0.000000  0.000000

  ...Control Rods Insertion card is sucessfully read...


            >>>>     READING ROD EJECTION DATA      <<<<
            --------------------------------------------
                           Bank  1  Bank  2
  FINAL BANK POS. (STEP)     60.0    180.0
  STARTS MOVE (SECOND)        7.5      0.0
  SPEED (STEP/SECOND)         3.0      3.0

  TIME PARAMETERS IN SECONDS : 
    TOTAL SIMULATION TIME         :  60.00
    FIRST TIME STEP               : 0.2500
    SECOND TIME STEP              : 1.0000
    WHEN SECOND TIME STEP APPLY?  :  60.00

  DELAYED NEUTRON FRACTION : 
    0.00025    0.00138    0.00122    0.00265    0.00083    0.00017

  PRECUSOR DECAY CONSTANT (1/s): 
    0.01270    0.03170    0.11500    0.31100    1.40000    3.87000

  NEUTRON VELOCITY (cm/s) : 
    1.25000E+07    2.50000E+05

  ...Rod Ejection Card is sucessfully read...
       1       0.682330    1.38867E+01    2.01169E+01
       2       0.993356    1.00000E+00    1.90205E+01
       3       0.991111    1.00000E+00    1.51056E+00
       4       0.962332    3.95694E-01    1.06918E+00
       5       0.937610    5.58393E+00    5.41514E-01
       6       0.965777    7.17278E-01    9.01285E-01
       7       0.974411    1.30043E-01    5.48072E-01
       8       0.977644    1.03138E-01    1.66954E-01
       9       0.979717    8.96898E-02    8.98818E-02
      10       1.006234    4.10441E+00    7.99558E-02
      11       0.982544    5.48822E-01    1.39424E+00
      12       0.993147    6.16695E-02    6.13330E-01
      13       0.994957    3.83435E-02    1.27379E-01
      14       0.995272    3.19499E-02    6.57125E-02
      15       0.996894    3.71837E-01    3.40419E-02
      16       0.992366    2.12888E-01    2.34818E-01
      17       0.996337    4.47331E-02    5.73121E-02
      18       0.997343    3.01894E-02    5.01924E-02
      19       0.997729    2.25169E-02    3.75479E-02
      20       0.999637    1.63830E-01    2.87507E-02
      21       0.998202    4.82438E-02    9.76171E-02
      22       0.998785    5.26896E-03    5.46669E-02
      23       0.998911    3.92872E-03    8.83904E-03
      24       0.998957    3.52935E-03    3.54467E-03
      25       0.999679    7.32982E-02    3.28709E-03
      26       0.998627    3.51832E-02    4.19194E-02
      27       0.999326    3.72204E-03    1.63197E-02
      28       0.999473    1.72578E-03    7.26474E-03
      29       0.999510    1.14382E-03    2.78112E-03
      30       0.999856    2.23214E-02    1.57700E-03
      31       0.999487    1.20447E-02    1.33152E-02
      32       0.999586    1.63456E-03    6.37606E-03
      33       0.999600    9.12199E-04    2.50066E-03
      34       0.999599    4.92841E-04    1.43190E-03
      35       0.999563    3.31654E-03    8.37475E-04
      36       0.999588    2.08416E-03    1.97802E-03
      37       0.999587    6.93699E-04    9.99508E-04
      38       0.999588    4.00505E-04    8.17491E-04
      39       0.999590    2.76539E-04    5.09542E-04
      40       0.999631    5.71844E-03    3.67997E-04
      41       0.999596    2.29672E-03    3.53772E-03
      42       0.999604    3.88957E-04    1.69746E-03
      43       0.999604    2.42028E-04    6.18904E-04
      44       0.999603    1.45621E-04    3.69947E-04
      45       0.999577    2.18499E-03    2.27123E-04
      46       0.999596    1.29488E-03    1.15195E-03
      47       0.999594    3.83099E-04    5.70316E-04
      48       0.999595    2.20857E-04    4.46677E-04
      49       0.999596    1.44567E-04    2.95489E-04
      50       0.999603    8.26712E-04    2.04322E-04
      51       0.999599    2.98025E-04    5.09044E-04
      52       0.999599    3.91259E-05    2.73257E-04
      53       0.999600    2.25413E-05    6.39720E-05
      54       0.999599    1.77851E-05    3.14244E-05
      55       0.999597    6.10143E-04    1.92711E-05
      56       0.999599    3.16115E-04    3.46934E-04
      57       0.999599    5.62027E-05    1.67784E-04
      58       0.999599    2.75993E-05    7.57671E-05
      59       0.999599    1.70371E-05    3.94031E-05
      60       0.999600    1.05943E-04    2.47781E-05
      61       0.999599    4.18933E-05    6.39701E-05
      62       0.999599    6.86009E-06    3.28162E-05
      63       0.999599    3.68036E-06    1.00792E-05
      64       0.999599    2.56809E-06    5.51351E-06

 ***********************************************
Effective Factor Multiplication : Keff = 0.999599
 ***********************************************

   INITIAL MULTIPLICATION EFFECTIVE (K-EFF) =  0.999599
   WARNING: THE STEADY STATE K-EFF IS NOT EQUAL TO 1.0
   AND NOW IT IS FORCED TO 1.0 BY MODIFYING THE nu*sigf CROSS SECTIONS 

       1       0.999865    2.87406E-04    3.02138E-04
       2       0.999958    1.00670E-04    1.69133E-04
       3       0.999986    4.60478E-05    1.00191E-04
       4       0.999995    2.40648E-05    4.78441E-05
       5       1.000000    1.96720E-05    2.17054E-05
       6       0.999999    3.68554E-06    1.27432E-05
       7       0.999999    5.36544E-06    7.95815E-06

 ***********************************************
Effective Factor Multiplication : Keff = 0.999999
 ***********************************************
    1     0.967368    1.29253E-01    3.61680E+00
    2     0.984232    2.36368E-02    1.31642E+00
    3     0.994901    2.47800E-02    5.53362E-01
    4     0.998568    1.59782E-02    1.61458E-01
     ...Fission Source Extrapolated...
    5     0.999990    1.07661E-02    3.82660E-02
    6     0.999791    2.16575E-03    7.68988E-03
    7     0.999865    2.53489E-03    4.09924E-03
    8     0.999879    1.85966E-03    2.45800E-03
    9     0.999881    1.44698E-03    1.88454E-03
     ...Fission Source Extrapolated...
   10     0.999895    1.64299E-02    1.47905E-03
   11     0.999755    8.44734E-03    1.41803E-02
   12     0.999878    2.29327E-03    5.08558E-03
   13     0.999923    5.48740E-04    1.06196E-03
   14     0.999936    2.47306E-04    5.38272E-04
     ...Fission Source Extrapolated...
   15     1.000043    5.35404E-03    3.80129E-04
   16     0.999918    3.01221E-03    5.25317E-03
   17     0.999966    1.41838E-03    2.57527E-03
   18     0.999992    2.50562E-04    6.54389E-04
   19     0.999999    1.89888E-04    5.32553E-04
     ...Fission Source Extrapolated...
   20     1.000001    4.36416E-04    3.08078E-04
   21     0.999994    2.13594E-04    2.65816E-04
   22     0.999996    6.67865E-05    2.03058E-04
   23     0.999996    3.26720E-05    6.43160E-05
   24     0.999996    2.67117E-05    3.26658E-05
     ...Fission Source Extrapolated...
   25     0.999995    3.32151E-04    2.74242E-05
   26     0.999993    1.71691E-04    2.90594E-04
   27     0.999996    5.63471E-05    1.00185E-04
   28     0.999997    1.34179E-05    2.82428E-05
   29     0.999997    7.02817E-06    1.50708E-05
     ...Fission Source Extrapolated...
   30     1.000000    9.97751E-05    1.22177E-05
   31     0.999997    6.30726E-05    1.15685E-04
   32     0.999998    3.16923E-05    6.06545E-05
   33     0.999999    4.25250E-06    1.29456E-05
   34     0.999999    3.62571E-06    1.08374E-05
     ...Fission Source Extrapolated...
   35     0.999999    3.30188E-05    5.96480E-06
   36     0.999998    2.31597E-05    2.78378E-05
   37     0.999998    6.97560E-06    8.90906E-06

 ***********************************************
Effective Factor Multiplication : Keff = 0.999998
 ***********************************************
       1       0.791565    4.14393E-01    9.72588E-01
       2       0.921592    1.98858E-01    5.17245E-01
       3       0.973630    1.16241E-01    2.50193E-01
       4       0.990272    6.60244E-02    1.06374E-01
       5       0.998500    5.97675E-02    4.77197E-02
       6       0.997207    9.75999E-03    3.14457E-02
       7       0.997956    1.58763E-02    1.74705E-02
       8       0.998268    1.18183E-02    1.19010E-02
       9       0.998441    9.34384E-03    9.36353E-03
      10       1.000016    9.01185E-02    7.70761E-03
      11       0.998155    4.55886E-02    4.96098E-02
      12       0.999175    5.26685E-03    2.28928E-02
      13       0.999392    2.96796E-03    6.42495E-03
      14       0.999451    2.55476E-03    2.57432E-03
      15       1.000285    6.37623E-02    2.31391E-03
      16       0.999034    3.28155E-02    3.43055E-02
      17       0.999798    4.32515E-03    1.41522E-02
      18       0.999955    1.16439E-03    3.44092E-03
      19       0.999991    7.11885E-04    9.77299E-04
      20       1.000023    1.41434E-03    5.81814E-04
      21       1.000007    2.87911E-04    7.58543E-04
      22       1.000010    1.18576E-04    3.54857E-04
      23       1.000010    1.03585E-04    1.67745E-04
      24       1.000011    9.18460E-05    1.20145E-04
      25       1.000009    8.24680E-04    9.83982E-05
      26       1.000015    2.40601E-04    5.62568E-04
      27       1.000008    6.58574E-05    2.75142E-04
      28       1.000007    4.52642E-05    7.71998E-05
      29       1.000006    3.81115E-05    3.82928E-05
      30       0.999999    5.19375E-04    3.40621E-05
      31       1.000008    2.31829E-04    2.83307E-04
      32       1.000003    2.92257E-05    1.21651E-04
      33       1.000002    1.69568E-05    3.74035E-05
      34       1.000002    1.39147E-05    1.40921E-05
      35       0.999999    3.61313E-04    1.25354E-05
      36       1.000003    1.76361E-04    1.95089E-04
      37       1.000001    1.31132E-05    8.06109E-05
      38       1.000000    5.78273E-06    1.83477E-05
      39       1.000000    3.93663E-06    5.74274E-06

 ***********************************************
Effective Factor Multiplication : Keff = 1.000000
 ***********************************************

  TRANSIENT RESULTS :

  Step  Time(s)  React.($)   Rel. Power   CR Bank Pos. (1-end)
 --------------------------------------------------------------
   0     0.000    0.0000     1.0000E+00   180.00   100.00
   1     0.250    0.0030     1.0026E+00   180.00   100.75
   2     0.500    0.0070     1.0084E+00   180.00   101.50
   3     0.750    0.0101     1.0120E+00   180.00   102.25
   4     1.000    0.0135     1.0164E+00   180.00   103.00
   5     1.250    0.0168     1.0209E+00   180.00   103.75
   6     1.500    0.0204     1.0266E+00   180.00   104.50
   7     1.750    0.0239     1.0321E+00   180.00   105.25
   8     2.000    0.0273     1.0375E+00   180.00   106.00
   9     2.250    0.0307     1.0433E+00   180.00   106.75
  10     2.500    0.0342     1.0492E+00   180.00   107.50
  11     2.750    0.0376     1.0554E+00   180.00   108.25
  12     3.000    0.0410     1.0615E+00   180.00   109.00
  13     3.250    0.0448     1.0693E+00   180.00   109.75
  14     3.500    0.0483     1.0764E+00   180.00   110.50
  15     3.750    0.0515     1.0824E+00   180.00   111.25
  16     4.000    0.0551     1.0903E+00   180.00   112.00
  17     4.250    0.0585     1.0974E+00   180.00   112.75
  18     4.500    0.0623     1.1063E+00   180.00   113.50
  19     4.750    0.0657     1.1140E+00   180.00   114.25
  20     5.000    0.0695     1.1234E+00   180.00   115.00
  21     5.250    0.0735     1.1339E+00   180.00   115.75
  22     5.500    0.0764     1.1403E+00   180.00   116.50
  23     5.750    0.0806     1.1517E+00   180.00   117.25
  24     6.000    0.0844     1.1624E+00   180.00   118.00
  25     6.250    0.0880     1.1724E+00   180.00   118.75
  26     6.500    0.0915     1.1821E+00   180.00   119.50
  27     6.750    0.0950     1.1932E+00   180.00   120.25
  28     7.000    0.0976     1.2031E+00   180.00   121.00
  29     7.250    0.1001     1.2129E+00   180.00   121.75
  30     7.500    0.1023     1.2217E+00   180.00   122.50
  31     7.750    0.1041     1.2307E+00   179.25   123.25
  32     8.000    0.1061     1.2406E+00   178.50   124.00
  33     8.250    0.1077     1.2488E+00   177.75   124.75
  34     8.500    0.1097     1.2589E+00   177.00   125.50
  35     8.750    0.1114     1.2677E+00   176.25   126.25
  36     9.000    0.1131     1.2765E+00   175.50   127.00
  37     9.250    0.1153     1.2877E+00   174.75   127.75
  38     9.500    0.1171     1.2975E+00   174.00   128.50
  39     9.750    0.1192     1.3084E+00   173.25   129.25
  40    10.000    0.1210     1.3186E+00   172.50   130.00
  41    10.250    0.1229     1.3290E+00   171.75   130.75
  42    10.500    0.1250     1.3404E+00   171.00   131.50
  43    10.750    0.1270     1.3516E+00   170.25   132.25
  44    11.000    0.1291     1.3634E+00   169.50   133.00
  45    11.250    0.1310     1.3746E+00   168.75   133.75
  46    11.500    0.1334     1.3883E+00   168.00   134.50
  47    11.750    0.1353     1.3998E+00   167.25   135.25
  48    12.000    0.1372     1.4118E+00   166.50   136.00
  49    12.250    0.1397     1.4266E+00   165.75   136.75
  50    12.500    0.1415     1.4381E+00   165.00   137.50
  51    12.750    0.1440     1.4535E+00   164.25   138.25
  52    13.000    0.1456     1.4647E+00   163.50   139.00
  53    13.250    0.1480     1.4796E+00   162.75   139.75
  54    13.500    0.1494     1.4936E+00   162.00   140.50
  55    13.750    0.1496     1.5028E+00   161.25   141.25
  56    14.000    0.1503     1.5141E+00   160.50   142.00
  57    14.250    0.1505     1.5251E+00   159.75   142.75
  58    14.500    0.1491     1.5324E+00   159.00   143.50
  59    14.750    0.1478     1.5394E+00   158.25   144.25
  60    15.000    0.1468     1.5472E+00   157.50   145.00
  61    15.250    0.1456     1.5548E+00   156.75   145.75
  62    15.500    0.1442     1.5602E+00   156.00   146.50
  63    15.750    0.1434     1.5691E+00   155.25   147.25
  64    16.000    0.1421     1.5746E+00   154.50   148.00
  65    16.250    0.1408     1.5801E+00   153.75   148.75
  66    16.500    0.1397     1.5862E+00   153.00   149.50
  67    16.750    0.1385     1.5915E+00   152.25   150.25
  68    17.000    0.1376     1.5982E+00   151.50   151.00
  69    17.250    0.1365     1.6038E+00   150.75   151.75
  70    17.500    0.1354     1.6091E+00   150.00   152.50
  71    17.750    0.1344     1.6149E+00   149.25   153.25
  72    18.000    0.1334     1.6206E+00   148.50   154.00
  73    18.250    0.1324     1.6256E+00   147.75   154.75
  74    18.500    0.1314     1.6313E+00   147.00   155.50
  75    18.750    0.1310     1.6396E+00   146.25   156.25
  76    19.000    0.1297     1.6428E+00   145.50   157.00
  77    19.250    0.1289     1.6484E+00   144.75   157.75
  78    19.500    0.1278     1.6522E+00   144.00   158.50
  79    19.750    0.1273     1.6596E+00   143.25   159.25
  80    20.000    0.1262     1.6631E+00   142.50   160.00
  81    20.250    0.1242     1.6657E+00   141.75   160.75
  82    20.500    0.1222     1.6679E+00   141.00   161.50
  83    20.750    0.1202     1.6696E+00   140.25   162.25
  84    21.000    0.1168     1.6694E+00   139.50   163.00
  85    21.250    0.1122     1.6649E+00   138.75   163.75
  86    21.500    0.1077     1.6603E+00   138.00   164.50
  87    21.750    0.1033     1.6561E+00   137.25   165.25
  88    22.000    0.0986     1.6488E+00   136.50   166.00
  89    22.250    0.0943     1.6440E+00   135.75   166.75
  90    22.500    0.0898     1.6372E+00   135.00   167.50
  91    22.750    0.0858     1.6327E+00   134.25   168.25
  92    23.000    0.0814     1.6257E+00   133.50   169.00
  93    23.250    0.0771     1.6185E+00   132.75   169.75
  94    23.500    0.0729     1.6115E+00   132.00   170.50
  95    23.750    0.0686     1.6040E+00   131.25   171.25
  96    24.000    0.0643     1.5958E+00   130.50   172.00
  97    24.250    0.0600     1.5877E+00   129.75   172.75
  98    24.500    0.0556     1.5779E+00   129.00   173.50
  99    24.750    0.0518     1.5713E+00   128.25   174.25
 100    25.000    0.0479     1.5641E+00   127.50   175.00
 101    25.250    0.0436     1.5548E+00   126.75   175.75
 102    25.500    0.0395     1.5457E+00   126.00   176.50
 103    25.750    0.0352     1.5358E+00   125.25   177.25
 104    26.000    0.0313     1.5274E+00   124.50   178.00
 105    26.250    0.0274     1.5187E+00   123.75   178.75
 106    26.500    0.0229     1.5067E+00   123.00   179.50
 107    26.750    0.0192     1.4988E+00   122.25   180.00
 108    27.000    0.0146     1.4876E+00   121.50   180.00
 109    27.250    0.0106     1.4785E+00   120.75   180.00
 110    27.500    0.0057     1.4654E+00   120.00   180.00
 111    27.750   -0.0006     1.4524E+00   119.25   180.00
 112    28.000   -0.0068     1.4392E+00   118.50   180.00
 113    28.250   -0.0133     1.4247E+00   117.75   180.00
 114    28.500   -0.0196     1.4110E+00   117.00   180.00
 115    28.750   -0.0261     1.3956E+00   116.25   180.00
 116    29.000   -0.0323     1.3816E+00   115.50   180.00
 117    29.250   -0.0387     1.3667E+00   114.75   180.00
 118    29.500   -0.0454     1.3503E+00   114.00   180.00
 119    29.750   -0.0516     1.3358E+00   113.25   180.00
 120    30.000   -0.0581     1.3201E+00   112.50   180.00
 121    30.250   -0.0637     1.3074E+00   111.75   180.00
 122    30.500   -0.0704     1.2909E+00   111.00   180.00
 123    30.750   -0.0761     1.2777E+00   110.25   180.00
 124    31.000   -0.0821     1.2635E+00   109.50   180.00
 125    31.250   -0.0886     1.2478E+00   108.75   180.00
 126    31.500   -0.0948     1.2328E+00   108.00   180.00
 127    31.750   -0.1009     1.2181E+00   107.25   180.00
 128    32.000   -0.1072     1.2027E+00   106.50   180.00
 129    32.250   -0.1130     1.1890E+00   105.75   180.00
 130    32.500   -0.1192     1.1737E+00   105.00   180.00
 131    32.750   -0.1246     1.1615E+00   104.25   180.00
 132    33.000   -0.1309     1.1463E+00   103.50   180.00
 133    33.250   -0.1368     1.1322E+00   102.75   180.00
 134    33.500   -0.1427     1.1183E+00   102.00   180.00
 135    33.750   -0.1485     1.1046E+00   101.25   180.00
 136    34.000   -0.1543     1.0911E+00   100.50   180.00
 137    34.250   -0.1606     1.0768E+00    99.75   180.00
 138    34.500   -0.1675     1.0621E+00    99.00   180.00
 139    34.750   -0.1740     1.0484E+00    98.25   180.00
 140    35.000   -0.1803     1.0353E+00    97.50   180.00
 141    35.250   -0.1872     1.0206E+00    96.75   180.00
 142    35.500   -0.1943     1.0056E+00    96.00   180.00
 143    35.750   -0.2001     9.9388E-01    95.25   180.00
 144    36.000   -0.2072     9.7905E-01    94.50   180.00
 145    36.250   -0.2136     9.6587E-01    93.75   180.00
 146    36.500   -0.2203     9.5226E-01    93.00   180.00
 147    36.750   -0.2263     9.4030E-01    92.25   180.00
 148    37.000   -0.2330     9.2691E-01    91.50   180.00
 149    37.250   -0.2394     9.1412E-01    90.75   180.00
 150    37.500   -0.2454     9.0234E-01    90.00   180.00
 151    37.750   -0.2520     8.8959E-01    89.25   180.00
 152    38.000   10.0369     8.5299E-01    88.50   180.00
 153    38.250   -0.2647     8.6675E-01    87.75   180.00
 154    38.500   -0.2712     8.5460E-01    87.00   180.00
 155    38.750   -0.2774     8.4254E-01    86.25   180.00
 156    39.000   -0.2835     8.3112E-01    85.50   180.00
 157    39.250   -0.2897     8.1961E-01    84.75   180.00
 158    39.500   -0.2960     8.0805E-01    84.00   180.00
 159    39.750   -0.3021     7.9678E-01    83.25   180.00
 160    40.000   -0.3084     7.8551E-01    82.50   180.00
 161    40.250   -0.3142     7.7520E-01    81.75   180.00
 162    40.500   -0.3202     7.6456E-01    81.00   180.00
 163    40.750   -0.3265     7.5359E-01    80.25   180.00
 164    41.000   -0.3318     7.4390E-01    79.50   180.00
 165    41.250   -0.3373     7.3373E-01    78.75   180.00
 166    41.500   -0.3422     7.2463E-01    78.00   180.00
 167    41.750   -0.3474     7.1519E-01    77.25   180.00
 168    42.000   -0.3532     7.0501E-01    76.50   180.00
 169    42.250   -0.3581     6.9613E-01    75.75   180.00
 170    42.500   -0.3632     6.8719E-01    75.00   180.00
 171    42.750   -1.2071     6.8386E-01    74.25   180.00
 172    43.000   -0.3739     6.6912E-01    73.50   180.00
 173    43.250   -0.3786     6.6091E-01    72.75   180.00
 174    43.500   -0.3841     6.5175E-01    72.00   180.00
 175    43.750   -0.3889     6.4365E-01    71.25   180.00
 176    44.000   -0.3940     6.3531E-01    70.50   180.00
 177    44.250   -0.3988     6.2749E-01    69.75   180.00
 178    44.500   -0.4039     6.1924E-01    69.00   180.00
 179    44.750   -0.4086     6.1172E-01    68.25   180.00
 180    45.000   -0.4137     6.0379E-01    67.50   180.00
 181    45.250   -0.4186     5.9613E-01    66.75   180.00
 182    45.500   -0.4233     5.8886E-01    66.00   180.00
 183    45.750   -0.4281     5.8153E-01    65.25   180.00
 184    46.000   -0.4330     5.7413E-01    64.50   180.00
 185    46.250   -0.4376     5.6721E-01    63.75   180.00
 186    46.500   -0.4427     5.5986E-01    63.00   180.00
 187    46.750   -0.4474     5.5293E-01    62.25   180.00
 188    47.000   -0.4524     5.4587E-01    61.50   180.00
 189    47.250   -0.4569     5.3935E-01    60.75   180.00
 190    47.500   -0.4613     5.3310E-01    60.00   180.00
 191    47.750   -0.4616     5.2797E-01    60.00   180.00
 192    48.000   -0.4615     5.2343E-01    60.00   180.00
 193    48.250   -0.4617     5.1870E-01    60.00   180.00
 194    48.500   -0.4613     5.1474E-01    60.00   180.00
 195    48.750   -0.4616     5.1018E-01    60.00   180.00
 196    49.000   -0.4615     5.0609E-01    60.00   180.00
 197    49.250   -0.4611     5.0234E-01    60.00   180.00
 198    49.500   -0.4613     4.9820E-01    60.00   180.00
 199    49.750   -0.4616     4.9391E-01    60.00   180.00
 200    50.000   -0.4616     4.9001E-01    60.00   180.00
 201    50.250   -0.4614     4.8644E-01    60.00   180.00
 202    50.500   -0.4614     4.8274E-01    60.00   180.00
 203    50.750   -0.4611     4.7939E-01    60.00   180.00
 204    51.000   -0.4613     4.7565E-01    60.00   180.00
 205    51.250   -0.4612     4.7224E-01    60.00   180.00
 206    51.500   -0.4611     4.6885E-01    60.00   180.00
 207    51.750   -0.4613     4.6526E-01    60.00   180.00
 208    52.000   -0.4612     4.6202E-01    60.00   180.00
 209    52.250   -0.4611     4.5881E-01    60.00   180.00
 210    52.500   -0.4614     4.5534E-01    60.00   180.00
 211    52.750   -0.4618     4.5174E-01    60.00   180.00
 212    53.000   -0.4614     4.4899E-01    60.00   180.00
 213    53.250   -0.4615     4.4577E-01    60.00   180.00
 214    53.500   -0.4616     4.4265E-01    60.00   180.00
 215    53.750   -0.4611     4.4016E-01    60.00   180.00
 216    54.000   -0.4614     4.3690E-01    60.00   180.00
 217    54.250   -0.4611     4.3428E-01    60.00   180.00
 218    54.500   -0.4612     4.3135E-01    60.00   180.00
 219    54.750   -0.4610     4.2869E-01    60.00   180.00
 220    55.000   -0.4610     4.2591E-01    60.00   180.00
 221    55.250   -0.4615     4.2276E-01    60.00   180.00
 222    55.500   -0.4610     4.2048E-01    60.00   180.00
 223    55.750   -0.4615     4.1738E-01    60.00   180.00
 224    56.000   -0.4615     4.1469E-01    60.00   180.00
 225    56.250   -0.4613     4.1229E-01    60.00   180.00
 226    56.500   -0.4611     4.0993E-01    60.00   180.00
 227    56.750   -0.4609     4.0749E-01    60.00   180.00
 228    57.000   -0.4615     4.0451E-01    60.00   180.00
 229    57.250   -0.4610     4.0245E-01    60.00   180.00
 230    57.500   -0.4611     3.9995E-01    60.00   180.00
 231    57.750   -0.4614     3.9726E-01    60.00   180.00
 232    58.000   -0.4611     3.9512E-01    60.00   180.00
 233    58.250   -0.4614     3.9253E-01    60.00   180.00
 234    58.500   -0.4615     3.9014E-01    60.00   180.00
 235    58.750   -0.4614     3.8790E-01    60.00   180.00
 236    59.000   -0.4614     3.8565E-01    60.00   180.00
 237    59.250   -0.4611     3.8357E-01    60.00   180.00
 238    59.500   -0.4612     3.8132E-01    60.00   180.00
 239    59.750   -0.4616     3.7876E-01    60.00   180.00
 240    60.000   -0.4609     3.7716E-01    60.00   180.00
