                                                                                
      /\               /\                                                       
     //\\             //\\                                                      
    //**\\           //**\\                                                     
   //****\\         //****\\                                                    
  //******\\       //******\\   ____                   _   _           _        
  ---------   /*\   ---------  / __ \                 | \ | |         | |       
             (***)            | |  | |_ __   ___ _ __ |  \| | ___   __| | ___   
              \*/             | |  | | "_ \ / _ \ "_ \| . ` |/ _"\ / _" |/ _ \  
                              | |__| | |_) |  __/ | | | |\  | |_) | (_| |  __/  
              //\\             \____/| .__/ \___)_| |_|_| \_|\___/ \___/ \___|  
             //**\\                  | |                                        
            //****\\                 |_|                                        
           //******\\                                                           
           ----------                                                           
                                                                                
 ____________________________________________________________
          | The OpenNode, Nodal Methods for Neutron Diffusion
 Version  | Version Number: 1.1                              
 Copyright| 2021 Radiation & Nuclear System Laboratory       
          | University Abdelmalk Essaadi                     
          | Faculty of Sciences, Tetouan, Morocco            
 Source   | FORTRAN90 version                                
 GUI      | PyQt5                                            
 Method   | The Nodal Expansion Method (NEM)                 
 Dimension| Three Dimensions (3D)                            
 Geometry | Cartesian                                        
 ____________________________________________________________
                        ==========================
   Calculation Mode :    Rod Ejection Calculation 
   ----------------     ==========================

            --------------------------------------------
            >>>> Writing Macroscopic Cross Sections <<<<
            --------------------------------------------
     Material  1
    Group   Transport    Diffusion  Absorption    Removal      Nu*Fiss      Kap*Fis    Fiss. Spctr
       1     0.234097    1.423913    0.010402    0.027958     0.006478     0.006478     1.000000
       2     0.935526    0.356306    0.087662    0.087662     0.112733     0.112733     0.000000
         --Scattering Matrix--
           G/G'          1          2
            1        0.000000    0.017556
            2        0.000000    0.000000
     Material  2
    Group   Transport    Diffusion  Absorption    Removal      Nu*Fiss      Kap*Fis    Fiss. Spctr
       1     0.233818    1.425611    0.010993    0.028171     0.007503     0.007503     1.000000
       2     0.950822    0.350574    0.099256    0.099256     0.137800     0.137800     0.000000
         --Scattering Matrix--
           G/G'          1          2
            1        0.000000    0.017178
            2        0.000000    0.000000
     Material  3
    Group   Transport    Diffusion  Absorption    Removal      Nu*Fiss      Kap*Fis    Fiss. Spctr
       1     0.203970    1.634227    0.002661    0.030258     0.000000     0.000000     1.000000
       2     1.262617    0.264002    0.049364    0.049364     0.000000     0.000000     0.000000
         --Scattering Matrix--
           G/G'          1          2
            1        0.000000    0.027597
            2        0.000000    0.000000

            -------------------------------
            >>>>>Wrting Core Geometry<<<<<
            -------------------------------
  Number of Assembly in x, y and z Directions Respectively :
           6           6          10
  Number of Nodes in x, y and z Directions Respectively :
          11          11          20

  x-Directed Nodes Divison (Delta-x)
    10.00  10.00  10.00  10.00  10.00  10.00  10.00  10.00  10.00  10.00
    10.00
  y-Directed Nodes Divison (Delta-y)
    10.00  10.00  10.00  10.00  10.00  10.00  10.00  10.00  10.00  10.00
    10.00
  Planar Region :  1
        1  2  3  4  5  6  7  8  9 10 11
    11  3  3  3  3  3  3  3  3  3       
    10  3  3  3  3  3  3  3  3  3       
     9  3  3  3  3  3  3  3  3  3  3  3 
     8  3  3  3  3  3  3  3  3  3  3  3 
     7  3  3  3  3  3  3  3  3  3  3  3 
     6  3  3  3  3  3  3  3  3  3  3  3 
     5  3  3  3  3  3  3  3  3  3  3  3 
     4  3  3  3  3  3  3  3  3  3  3  3 
     3  3  3  3  3  3  3  3  3  3  3  3 
     2  3  3  3  3  3  3  3  3  3  3  3 
     1  3  3  3  3  3  3  3  3  3  3  3 
  Planar Region :  2
        1  2  3  4  5  6  7  8  9 10 11
    11  3  3  3  3  3  3  3  3  3       
    10  3  3  3  3  3  3  3  3  3       
     9  2  2  2  2  2  2  2  3  3  3  3 
     8  2  2  2  2  2  2  2  3  3  3  3 
     7  1  1  1  1  1  2  2  2  2  3  3 
     6  1  1  1  1  1  2  2  2  2  3  3 
     5  1  1  1  1  1  1  1  2  2  3  3 
     4  1  1  1  1  1  1  1  2  2  3  3 
     3  1  1  1  1  1  1  1  2  2  3  3 
     2  1  1  1  1  1  1  1  2  2  3  3 
     1  1  1  1  1  1  1  1  2  2  3  3 

  Planar Region Assignment to Planes.
 -------------------------------------
   Plane Number     Planar Region    Delta-z
       20 (Top)            1          10.00
       19                  1          10.00
       18                  2          10.00
       17                  2          10.00
       16                  2          10.00
       15                  2          10.00
       14                  2          10.00
       13                  2          10.00
       12                  2          10.00
       11                  2          10.00
       10                  2          10.00
        9                  2          10.00
        8                  2          10.00
        7                  2          10.00
        6                  2          10.00
        5                  2          10.00
        4                  2          10.00
        3                  2          10.00
        2                  1          10.00
        1 (Bottom)         1          10.00

   Boundary Conditions
   -------------------
  X-Directed West   : Reflective
  X-Directed East   : Zero Incoming Current
  Y-Directed North  : Zero Incoming Current
  Y-Directed South  : Reflective
  Z-Directed Bottom : Zero Incoming Current
  Z-Directed Top    : Zero Incoming Current

  ...Core Geometry is Sucessfully Read...
     ---------------------------------


            >>>> READING CONTROL RODS INSERTION <<<<
            --------------------------------------------
  NUMBER OF CONTROL ROD BANK  :  2
  MAX. NUMBER OF STEPS        : 180
  FULLY INSERTED POSITION (cm):  0.0 (FROM BOTTOM OF THE CORE)
  STEP SIZE (cm)              :   1.0000
  CR CUSPING CORRECTION       : NOT ACTIVE
  INITIAL CONTROL ROD BANK POSITION (STEPS) : 
  (0 means fully inserted) 
    Bank  1  Bank  2
    180.0    100.0

  CONTROL ROD BANK MAP : 
  0  0  0  0  0  0
  0  0  0  0  0  0
  2  0  0  0  0  0
  0  0  1  0  0  0
  0  0  0  0  0  0
  1  0  0  2  0  0

  MATERIAL CX INCREMENT OR DECREMENT DUE TO CR INSERTION : 
    MATERIAL  1
    GROUP   TRANSPORT  ABSORPTION      NU*FISS      FISSION
       1     0.000000    0.000550     0.000000     0.000000
       2     0.000000    0.003800     0.000000     0.000000
   --SCATTERING MATRIX--
     G/G'        1        2
      1      0.000000  0.000000
      2      0.000000  0.000000
    MATERIAL  2
    GROUP   TRANSPORT  ABSORPTION      NU*FISS      FISSION
       1     0.000280   -0.000040    -0.001030    -0.001030
       2    -0.015300   -0.007790    -0.025070    -0.025070
   --SCATTERING MATRIX--
     G/G'        1        2
      1      0.000000  0.000380
      2      0.000000  0.000000
    MATERIAL  3
    GROUP   TRANSPORT  ABSORPTION      NU*FISS      FISSION
       1     0.030130    0.008290     0.006480     0.006480
       2    -0.327090    0.042100     0.112730     0.112730
   --SCATTERING MATRIX--
     G/G'        1        2
      1      0.000000 -0.010040
      2      0.000000  0.000000

  ...Control Rods Insertion card is sucessfully read...


            >>>>     READING ROD EJECTION DATA      <<<<
            --------------------------------------------
                           Bank  1  Bank  2
  FINAL BANK POS. (STEP)     60.0    180.0
  STARTS MOVE (SECOND)        7.5      0.0
  SPEED (STEP/SECOND)         3.0      3.0

  TIME PARAMETERS IN SECONDS : 
    TOTAL SIMULATION TIME         :  60.00
    FIRST TIME STEP               : 0.2500
    SECOND TIME STEP              : 1.0000
    WHEN SECOND TIME STEP APPLY?  :  60.00

  DELAYED NEUTRON FRACTION : 
    0.00025    0.00138    0.00122    0.00265    0.00083    0.00017

  PRECUSOR DECAY CONSTANT (1/s): 
    0.01270    0.03170    0.11500    0.31100    1.40000    3.87000

  NEUTRON VELOCITY (cm/s) : 
    1.25000E+07    2.50000E+05

  ...Rod Ejection Card is sucessfully read...
       1       1.252085    5.55625E+00    8.21169E+01
       2       1.082759    7.82819E-01    3.32957E+00
       3       0.990802    5.99297E-01    2.02624E+00
       4       0.962101    3.85708E-01    1.63224E+00
       5       0.926258    4.00500E+01    1.21887E+00
       6       0.963811    1.30837E+00    1.30766E+00
       7       0.971184    5.92924E-02    6.20479E-01
       8       0.974296    6.63278E-02    5.27612E-01
       9       0.976527    6.35316E-02    3.13453E-01
      10       1.001700    2.68795E+00    1.69273E-01
      11       0.982273    5.89287E-01    5.81900E-01
      12       0.986981    4.03718E-02    3.04525E-01
      13       0.988772    2.86385E-02    2.20023E-01
      14       0.989755    2.48285E-02    1.23549E-01
      15       1.003119    7.02757E-01    6.67256E-02
      16       0.991516    2.80354E-01    2.55353E-01
      17       0.993734    2.58624E-02    1.49700E-01
      18       0.994615    1.64399E-02    1.05031E-01
      19       0.995111    1.46373E-02    5.96417E-02
      20       1.001460    3.05491E-01    3.38543E-02
      21       0.995988    1.44197E-01    1.28488E-01
      22       0.997036    1.11722E-02    7.49214E-02
      23       0.997432    6.31076E-03    5.50291E-02
      24       0.997642    5.59751E-03    2.95848E-02
      25       1.000402    1.08912E-01    1.55132E-02
      26       0.997938    5.55421E-02    5.16206E-02
      27       0.998429    5.34913E-03    3.20910E-02
      28       0.998624    4.21165E-03    2.32658E-02
      29       0.998731    3.70831E-03    1.34610E-02
      30       1.000064    6.27930E-02    7.86087E-03
      31       0.998889    3.31306E-02    2.96264E-02
      32       0.999122    2.41355E-03    1.76754E-02
      33       0.999211    1.72886E-03    1.32831E-02
      34       0.999258    1.53418E-03    7.22223E-03
      35       0.999862    2.75837E-02    3.88453E-03
      36       0.999314    1.46603E-02    1.35453E-02
      37       0.999425    1.36982E-03    8.53940E-03
      38       0.999470    1.08632E-03    6.19813E-03
      39       0.999493    9.55131E-04    3.55552E-03
      40       0.999794    1.60961E-02    2.05685E-03
      41       0.999524    8.70460E-03    7.79219E-03
      42       0.999578    6.95255E-04    4.70600E-03
      43       0.999599    5.01247E-04    3.53338E-03
      44       0.999609    4.45897E-04    1.94568E-03
      45       0.999755    8.43741E-03    1.06860E-03
      46       0.999621    4.57782E-03    4.16081E-03
      47       0.999648    4.14724E-04    2.59069E-03
      48       0.999658    3.11737E-04    1.89689E-03
      49       0.999664    2.73397E-04    1.07494E-03
      50       0.999742    5.36855E-03    6.12227E-04
      51       0.999670    2.98079E-03    2.59737E-03
      52       0.999684    2.34603E-04    1.58308E-03
      53       0.999688    1.52346E-04    1.16374E-03
      54       0.999691    1.34771E-04    6.33809E-04
      55       0.999729    3.10560E-03    3.42330E-04
      56       0.999693    1.74084E-03    1.51304E-03
      57       0.999699    1.39703E-04    9.44492E-04
      58       0.999702    9.50463E-05    6.76158E-04
      59       0.999703    8.25694E-05    3.73720E-04
      60       0.999721    1.88761E-03    2.05245E-04
      61       0.999704    1.07782E-03    8.99593E-04
      62       0.999707    7.70102E-05    5.52646E-04
      63       0.999708    5.61823E-05    3.96221E-04
      64       0.999708    4.48061E-05    2.11321E-04
      65       0.999714    1.06379E-03    1.10689E-04
      66       0.999709    6.47459E-04    4.78215E-04
      67       0.999709    4.93559E-05    3.17014E-04
      68       0.999710    3.75074E-05    2.13564E-04
      69       0.999710    2.94102E-05    1.18945E-04
      70       0.999713    6.53275E-04    6.60205E-05
      71       0.999710    4.09534E-04    3.04318E-04
      72       0.999711    2.98790E-05    1.89830E-04
      73       0.999711    2.32282E-05    1.33790E-04
      74       0.999711    1.83291E-05    7.11391E-05
      75       0.999711    4.26523E-04    3.71569E-05
      76       0.999711    2.68431E-04    1.86831E-04
      77       0.999711    1.97550E-05    1.16661E-04
      78       0.999711    1.51718E-05    7.34279E-05
      79       0.999711    1.18272E-05    4.15210E-05
      80       0.999711    2.62202E-04    2.35260E-05
      81       0.999711    1.65133E-04    1.13820E-04
      82       0.999711    1.18799E-05    7.19719E-05
      83       0.999711    9.23142E-06    4.99551E-05
      84       0.999711    7.26962E-06    2.64209E-05
      85       0.999711    1.69022E-04    1.37060E-05
      86       0.999711    1.06599E-04    7.30014E-05
      87       0.999711    7.83183E-06    4.52898E-05
      88       0.999711    5.99506E-06    2.87348E-05
      89       0.999711    4.66618E-06    1.55114E-05
      90       0.999711    1.02999E-04    8.94369E-06
      91       0.999711    6.49310E-05    4.45898E-05
      92       0.999711    4.67088E-06    2.81064E-05
      93       0.999711    3.63629E-06    1.95255E-05
      94       0.999711    2.86355E-06    1.02460E-05
      95       0.999711    6.68838E-05    5.25577E-06
      96       0.999711    4.22177E-05    2.87879E-05
      97       0.999711    3.09177E-06    1.77565E-05
      98       0.999711    2.35992E-06    1.15869E-05
      99       0.999711    1.83397E-06    6.18071E-06

 ***********************************************
Effective Factor Multiplication : Keff = 0.999711
 ***********************************************

   INITIAL MULTIPLICATION EFFECTIVE (K-EFF) =  0.999711
   WARNING: THE STEADY STATE K-EFF IS NOT EQUAL TO 1.0
   AND NOW IT IS FORCED TO 1.0 BY MODIFYING THE nu*sigf CROSS SECTIONS 

       1       0.999838    1.36583E-04    1.53280E-04
       2       0.999918    8.29634E-05    1.01154E-04
       3       0.999960    4.50723E-05    8.48581E-05
       4       0.999981    2.90098E-05    7.08005E-05
       5       1.000000    3.61067E-05    5.30378E-05
       6       0.999996    5.43076E-06    3.69372E-05
       7       0.999998    6.10285E-06    2.45245E-05
       8       0.999999    3.82175E-06    1.57386E-05
       9       1.000000    2.58676E-06    9.51204E-06

 ***********************************************
Effective Factor Multiplication : Keff = 1.000000
 ***********************************************
    1     0.951105    1.26677E-01    2.45492E+00
    2     0.962930    5.12343E-02    2.31545E+00
    3     0.979397    2.20707E-02    7.80801E+00
    4     0.989667    1.53187E-02    9.58038E+01
     ...Fission Source Extrapolated...
    5     1.001015    2.29012E-02    2.35696E+01
    6     0.997601    6.25895E-03    3.17019E+00
    7     0.998849    6.34106E-03    1.89889E+01
    8     0.999425    4.50764E-03    5.76729E-01
    9     0.999685    2.49724E-03    2.70068E-01
     ...Fission Source Extrapolated...
   10     1.000093    4.40304E-03    1.06899E-01
   11     0.999845    2.59716E-03    3.80247E-02
   12     0.999872    7.82965E-04    1.15654E-02
   13     0.999890    4.75615E-04    3.01047E-03
   14     0.999902    4.05585E-04    8.63136E-04
     ...Fission Source Extrapolated...
   15     1.000007    4.50574E-03    4.92784E-04
   16     0.999930    3.77401E-03    3.89447E-03
   17     0.999933    1.12685E-03    5.48395E-03
   18     0.999941    8.18501E-04    6.13797E-03
   19     0.999948    4.31852E-04    2.09531E-03
     ...Fission Source Extrapolated...
   20     1.000027    3.42106E-03    1.13135E-03
   21     0.999965    3.01667E-03    1.83109E-03
   22     0.999966    5.54601E-04    2.94162E-03
   23     0.999970    3.97279E-04    3.41718E-03
   24     0.999973    2.26085E-04    1.40689E-03
     ...Fission Source Extrapolated...
   25     1.000013    1.97016E-03    6.64475E-04
   26     0.999981    1.76585E-03    1.17653E-03
   27     0.999982    3.20998E-04    1.84951E-03
   28     0.999984    2.27098E-04    1.98451E-03
   29     0.999986    1.36955E-04    7.23648E-04
     ...Fission Source Extrapolated...
   30     1.000008    1.14022E-03    3.39943E-04
   31     0.999990    1.02021E-03    5.80845E-04
   32     0.999991    1.63832E-04    1.00386E-03
   33     0.999992    1.23526E-04    1.08075E-03
   34     0.999993    7.40978E-05    4.12562E-04
     ...Fission Source Extrapolated...
   35     1.000005    6.29000E-04    1.91300E-04
   36     0.999995    5.64138E-04    3.24426E-04
   37     0.999995    9.00038E-05    5.67737E-04
   38     0.999996    6.96625E-05    6.05394E-04
   39     0.999996    4.19109E-05    2.25902E-04
     ...Fission Source Extrapolated...
   40     1.000003    3.51712E-04    1.05018E-04
   41     0.999998    3.15203E-04    1.71517E-04
   42     0.999998    4.83690E-05    3.12439E-04
   43     0.999998    3.84770E-05    3.34225E-04
   44     0.999998    2.31055E-05    1.26681E-04
     ...Fission Source Extrapolated...
   45     1.000002    1.94409E-04    5.86475E-05
   46     0.999999    1.74278E-04    9.43485E-05
   47     0.999999    2.67316E-05    1.73865E-04
   48     0.999999    2.14630E-05    1.85499E-04
   49     1.000000    1.29170E-05    6.97811E-05
     ...Fission Source Extrapolated...
   50     1.000002    1.08709E-04    3.23236E-05
   51     1.000000    9.74306E-05    5.18062E-05
   52     1.000000    1.48194E-05    9.70942E-05
   53     1.000000    1.20238E-05    1.03699E-04
   54     1.000000    7.23718E-06    3.91488E-05
     ...Fission Source Extrapolated...
   55     1.000001    6.12200E-05    1.80981E-05
   56     1.000000    5.48900E-05    2.90694E-05
   57     1.000000    8.32195E-06    5.48305E-05
   58     1.000000    6.80695E-06    5.84958E-05
   59     1.000001    4.10288E-06    2.19925E-05
     ...Fission Source Extrapolated...
   60     1.000001    3.49423E-05    1.01531E-05
   61     1.000001    3.13455E-05    1.64888E-05
   62     1.000001    4.73508E-06    3.13063E-05
   63     1.000001    3.89584E-06    3.33840E-05
   64     1.000001    2.34992E-06    1.25321E-05
     ...Fission Source Extrapolated...
   65     1.000001    2.02123E-05    5.76947E-06
   66     1.000001    1.81486E-05    9.52678E-06
   67     1.000001    2.73124E-06    1.81262E-05
   68     1.000001    2.26062E-06    1.93022E-05
   69     1.000001    1.36521E-06    7.21216E-06

 ***********************************************
Effective Factor Multiplication : Keff = 1.000001
 ***********************************************
       1       0.677187    6.29274E-01    1.00000E+00
       2       0.795526    1.78023E-01    6.01507E-01
       3       0.892830    1.86368E-01    4.30227E-01
       4       0.946488    1.31405E-01    3.25752E-01
       5       1.001054    1.58726E-01    2.16905E-01
       6       0.986627    1.78888E-02    1.35258E-01
       7       0.993021    3.02315E-02    8.32514E-02
       8       0.996114    2.06178E-02    4.92242E-02
       9       0.997612    1.42835E-02    2.65573E-02
      10       1.001153    4.71884E-02    1.37693E-02
      11       0.998679    2.07153E-02    2.03225E-02
      12       0.998963    3.67824E-03    9.14890E-03
      13       0.999116    3.17737E-03    5.07789E-03
      14       0.999211    2.90859E-03    3.80823E-03
      15       1.000115    3.75435E-02    3.33916E-03
      16       0.999310    1.79832E-02    1.90301E-02
      17       0.999502    2.02807E-03    1.24528E-02
      18       0.999580    1.57684E-03    7.69324E-03
      19       0.999622    1.33029E-03    4.17475E-03
      20       1.000134    2.24899E-02    2.49650E-03
      21       0.999658    1.22535E-02    1.10843E-02
      22       0.999759    1.31939E-03    7.16717E-03
      23       0.999797    9.61966E-04    4.45863E-03
      24       0.999817    7.72922E-04    2.44890E-03
      25       1.000054    1.19947E-02    1.33681E-03
      26       0.999832    7.11288E-03    5.38282E-03
      27       0.999879    6.40791E-04    3.18035E-03
      28       0.999898    4.44376E-04    2.02471E-03
      29       0.999907    3.56393E-04    1.13858E-03
      30       1.000027    5.57812E-03    6.41157E-04
      31       0.999916    3.28797E-03    2.50052E-03
      32       0.999940    3.21686E-04    1.55184E-03
      33       0.999949    2.26774E-04    1.04707E-03
      34       0.999954    1.82705E-04    5.83509E-04
      35       1.000013    2.86226E-03    3.25095E-04
      36       0.999958    1.68395E-03    1.28201E-03
      37       0.999970    1.59368E-04    7.58594E-04
      38       0.999975    1.11818E-04    5.22330E-04
      39       0.999977    9.00239E-05    2.93760E-04
      40       1.000007    1.42266E-03    1.65695E-04
      41       0.999979    8.36067E-04    6.37299E-04
      42       0.999985    8.20277E-05    3.83540E-04
      43       0.999987    5.80983E-05    2.73470E-04
      44       0.999989    4.68940E-05    1.52964E-04
      45       1.000003    7.39349E-04    8.57266E-05
      46       0.999990    4.34101E-04    3.31255E-04
      47       0.999993    4.20455E-05    1.96072E-04
      48       0.999994    2.98716E-05    1.40220E-04
      49       0.999994    2.41743E-05    7.89594E-05
      50       1.000002    3.90999E-04    4.46579E-05
      51       0.999995    2.29924E-04    1.75274E-04
      52       0.999996    2.25405E-05    1.04919E-04
      53       0.999997    1.61298E-05    7.58774E-05
      54       0.999997    1.30467E-05    4.25417E-05
      55       1.000001    2.11699E-04    2.39318E-05
      56       0.999998    1.24608E-04    9.48214E-05
      57       0.999998    1.20431E-05    5.55994E-05
      58       0.999999    8.66560E-06    4.04078E-05
      59       0.999999    7.04088E-06    2.27534E-05
      60       1.000001    1.20298E-04    1.28802E-05
      61       0.999999    7.11546E-05    5.38688E-05
      62       0.999999    6.79301E-06    3.14016E-05
      63       0.999999    4.90739E-06    2.30329E-05
      64       0.999999    3.97177E-06    1.29005E-05
      65       1.000000    7.27019E-05    7.24881E-06
      66       0.999999    4.34548E-05    3.23832E-05
      67       1.000000    3.86514E-06    1.82706E-05
      68       1.000000    2.76330E-06    1.34734E-05
      69       1.000000    2.22744E-06    7.49391E-06

 ***********************************************
Effective Factor Multiplication : Keff = 1.000000
 ***********************************************

  TRANSIENT RESULTS :

  Step  Time(s)  React.($)   Rel. Power   CR Bank Pos. (1-end)
 --------------------------------------------------------------
   0     0.000    0.0000     1.0000E+00   180.00   100.00
   1     0.250    0.0033     1.0032E+00   180.00   100.75
   2     0.500    0.0067     1.0070E+00   180.00   101.50
   3     0.750    0.0104     1.0117E+00   180.00   102.25
   4     1.000    0.0137     1.0160E+00   180.00   103.00
   5     1.250    0.0176     1.0214E+00   180.00   103.75
   6     1.500    0.0209     1.0261E+00   180.00   104.50
   7     1.750    0.0248     1.0321E+00   180.00   105.25
   8     2.000    0.0285     1.0380E+00   180.00   106.00
   9     2.250    0.0323     1.0443E+00   180.00   106.75
  10     2.500    0.0360     1.0506E+00   180.00   107.50
  11     2.750    0.0397     1.0573E+00   180.00   108.25
  12     3.000    0.0434     1.0640E+00   180.00   109.00
  13     3.250    0.0471     1.0712E+00   180.00   109.75
  14     3.500    0.0507     1.0787E+00   180.00   110.50
  15     3.750    0.0539     1.0858E+00   180.00   111.25
  16     4.000    0.0572     1.0932E+00   180.00   112.00
  17     4.250    0.0605     1.1007E+00   180.00   112.75
  18     4.500    0.0639     1.1088E+00   180.00   113.50
  19     4.750    0.0672     1.1169E+00   180.00   114.25
  20     5.000    0.0706     1.1254E+00   180.00   115.00
  21     5.250    0.0740     1.1341E+00   180.00   115.75
  22     5.500    0.0775     1.1433E+00   180.00   116.50
  23     5.750    0.0809     1.1526E+00   180.00   117.25
  24     6.000    0.0844     1.1623E+00   180.00   118.00
  25     6.250    0.0878     1.1722E+00   180.00   118.75
  26     6.500    0.0913     1.1824E+00   180.00   119.50
  27     6.750    0.0947     1.1931E+00   180.00   120.25
  28     7.000    0.0977     1.2036E+00   180.00   121.00
  29     7.250    0.1006     1.2137E+00   180.00   121.75
  30     7.500    0.1034     1.2241E+00   180.00   122.50
  31     7.750    0.1059     1.2345E+00   179.25   123.25
  32     8.000    0.1084     1.2447E+00   178.50   124.00
  33     8.250    0.1109     1.2554E+00   177.75   124.75
  34     8.500    0.1134     1.2661E+00   177.00   125.50
  35     8.750    0.1161     1.2776E+00   176.25   126.25
  36     9.000    0.1187     1.2890E+00   175.50   127.00
  37     9.250    0.1214     1.3009E+00   174.75   127.75
  38     9.500    0.1240     1.3131E+00   174.00   128.50
  39     9.750    0.1267     1.3254E+00   173.25   129.25
  40    10.000    0.1294     1.3382E+00   172.50   130.00
  41    10.250    0.1313     1.3499E+00   171.75   130.75
  42    10.500    0.1331     1.3617E+00   171.00   131.50
  43    10.750    0.1351     1.3738E+00   170.25   132.25
  44    11.000    0.1366     1.3856E+00   169.50   133.00
  45    11.250    0.1380     1.3972E+00   168.75   133.75
  46    11.500    0.1393     1.4087E+00   168.00   134.50
  47    11.750    0.1404     1.4195E+00   167.25   135.25
  48    12.000    0.1420     1.4318E+00   166.50   136.00
  49    12.250    0.1433     1.4436E+00   165.75   136.75
  50    12.500    0.1447     1.4558E+00   165.00   137.50
  51    12.750    0.1461     1.4681E+00   164.25   138.25
  52    13.000    0.1476     1.4807E+00   163.50   139.00
  53    13.250    0.1490     1.4934E+00   162.75   139.75
  54    13.500    0.1498     1.5047E+00   162.00   140.50
  55    13.750    0.1506     1.5169E+00   161.25   141.25
  56    14.000    0.1514     1.5286E+00   160.50   142.00
  57    14.250    0.1517     1.5396E+00   159.75   142.75
  58    14.500    0.1514     1.5493E+00   159.00   143.50
  59    14.750    0.1511     1.5589E+00   158.25   144.25
  60    15.000    0.1509     1.5686E+00   157.50   145.00
  61    15.250    0.1507     1.5781E+00   156.75   145.75
  62    15.500    0.1505     1.5877E+00   156.00   146.50
  63    15.750    0.1503     1.5972E+00   155.25   147.25
  64    16.000    0.1502     1.6068E+00   154.50   148.00
  65    16.250    0.1500     1.6162E+00   153.75   148.75
  66    16.500    0.1499     1.6255E+00   153.00   149.50
  67    16.750    0.1495     1.6344E+00   152.25   150.25
  68    17.000    0.1485     1.6415E+00   151.50   151.00
  69    17.250    0.1476     1.6490E+00   150.75   151.75
  70    17.500    0.1468     1.6565E+00   150.00   152.50
  71    17.750    0.1450     1.6623E+00   149.25   153.25
  72    18.000    0.1431     1.6672E+00   148.50   154.00
  73    18.250    0.1410     1.6711E+00   147.75   154.75
  74    18.500    0.1391     1.6756E+00   147.00   155.50
  75    18.750    0.1371     1.6792E+00   146.25   156.25
  76    19.000    0.1353     1.6832E+00   145.50   157.00
  77    19.250    0.1334     1.6864E+00   144.75   157.75
  78    19.500    0.1315     1.6897E+00   144.00   158.50
  79    19.750    0.1296     1.6925E+00   143.25   159.25
  80    20.000    0.1278     1.6953E+00   142.50   160.00
  81    20.250    0.1254     1.6966E+00   141.75   160.75
  82    20.500    0.1231     1.6977E+00   141.00   161.50
  83    20.750    0.1208     1.6988E+00   140.25   162.25
  84    21.000    0.1178     1.6988E+00   139.50   163.00
  85    21.250    0.1145     1.6976E+00   138.75   163.75
  86    21.500    0.1107     1.6946E+00   138.00   164.50
  87    21.750    0.1071     1.6915E+00   137.25   165.25
  88    22.000    0.1036     1.6884E+00   136.50   166.00
  89    22.250    0.1002     1.6851E+00   135.75   166.75
  90    22.500    0.0967     1.6813E+00   135.00   167.50
  91    22.750    0.0931     1.6766E+00   134.25   168.25
  92    23.000    0.0897     1.6721E+00   133.50   169.00
  93    23.250    0.0864     1.6679E+00   132.75   169.75
  94    23.500    0.0825     1.6617E+00   132.00   170.50
  95    23.750    0.0787     1.6556E+00   131.25   171.25
  96    24.000    0.0750     1.6494E+00   130.50   172.00
  97    24.250    0.0708     1.6418E+00   129.75   172.75
  98    24.500    0.0655     1.6318E+00   129.00   173.50
  99    24.750    0.0606     1.6225E+00   128.25   174.25
 100    25.000    0.0556     1.6126E+00   127.50   175.00
 101    25.250    0.0506     1.6022E+00   126.75   175.75
 102    25.500    0.0457     1.5919E+00   126.00   176.50
 103    25.750    0.0408     1.5813E+00   125.25   177.25
 104    26.000    0.0358     1.5700E+00   124.50   178.00
 105    26.250    0.0309     1.5589E+00   123.75   178.75
 106    26.500    0.0258     1.5469E+00   123.00   179.50
 107    26.750    0.0214     1.5368E+00   122.25   180.00
 108    27.000    0.0167     1.5257E+00   121.50   180.00
 109    27.250    0.0117     1.5139E+00   120.75   180.00
 110    27.500    0.0068     1.5019E+00   120.00   180.00
 111    27.750    0.0005     1.4873E+00   119.25   180.00
 112    28.000   -0.0056     1.4731E+00   118.50   180.00
 113    28.250   -0.0116     1.4588E+00   117.75   180.00
 114    28.500   -0.0176     1.4444E+00   117.00   180.00
 115    28.750   -0.0237     1.4296E+00   116.25   180.00
 116    29.000   -0.0296     1.4154E+00   115.50   180.00
 117    29.250   -0.0355     1.4009E+00   114.75   180.00
 118    29.500   -0.0413     1.3863E+00   114.00   180.00
 119    29.750   -0.0472     1.3717E+00   113.25   180.00
 120    30.000   -0.0529     1.3572E+00   112.50   180.00
 121    30.250   -0.0587     1.3427E+00   111.75   180.00
 122    30.500   -0.0644     1.3283E+00   111.00   180.00
 123    30.750   -0.0701     1.3139E+00   110.25   180.00
 124    31.000   -0.0765     1.2985E+00   109.50   180.00
 125    31.250   -0.0830     1.2832E+00   108.75   180.00
 126    31.500   -0.0896     1.2676E+00   108.00   180.00
 127    31.750   -0.0961     1.2522E+00   107.25   180.00
 128    32.000   -0.1026     1.2368E+00   106.50   180.00
 129    32.250   -0.1090     1.2215E+00   105.75   180.00
 130    32.500   -0.1156     1.2059E+00   105.00   180.00
 131    32.750   -0.1219     1.1909E+00   104.25   180.00
 132    33.000   -0.1283     1.1757E+00   103.50   180.00
 133    33.250   -0.1345     1.1611E+00   102.75   180.00
 134    33.500   -0.1407     1.1465E+00   102.00   180.00
 135    33.750   -0.1470     1.1317E+00   101.25   180.00
 136    34.000   -0.1532     1.1172E+00   100.50   180.00
 137    34.250   -0.1593     1.1032E+00    99.75   180.00
 138    34.500   -0.1664     1.0879E+00    99.00   180.00
 139    34.750   -0.1731     1.0732E+00    98.25   180.00
 140    35.000   -0.1797     1.0588E+00    97.50   180.00
 141    35.250   -0.1864     1.0443E+00    96.75   180.00
 142    35.500   -0.1929     1.0302E+00    96.00   180.00
 143    35.750   -0.1994     1.0162E+00    95.25   180.00
 144    36.000   -0.2060     1.0022E+00    94.50   180.00
 145    36.250   -0.2125     9.8848E-01    93.75   180.00
 146    36.500   -0.2189     9.7497E-01    93.00   180.00
 147    36.750   -0.2253     9.6157E-01    92.25   180.00
 148    37.000   -0.2317     9.4839E-01    91.50   180.00
 149    37.250   -0.2379     9.3548E-01    90.75   180.00
 150    37.500   -0.2440     9.2294E-01    90.00   180.00
 151    37.750   -0.2508     9.0964E-01    89.25   180.00
 152    38.000   -0.2571     8.9711E-01    88.50   180.00
 153    38.250   -0.2635     8.8464E-01    87.75   180.00
 154    38.500   -0.2698     8.7233E-01    87.00   180.00
 155    38.750   -0.2761     8.6020E-01    86.25   180.00
 156    39.000   -0.2825     8.4806E-01    85.50   180.00
 157    39.250   -0.2886     8.3646E-01    84.75   180.00
 158    39.500   -0.2950     8.2467E-01    84.00   180.00
 159    39.750   -0.3009     8.1347E-01    83.25   180.00
 160    40.000   -0.3072     8.0207E-01    82.50   180.00
 161    40.250   -0.3133     7.9094E-01    81.75   180.00
 162    40.500   -0.3193     7.8003E-01    81.00   180.00
 163    40.750   -0.3253     7.6929E-01    80.25   180.00
 164    41.000   -0.3309     7.5898E-01    79.50   180.00
 165    41.250   -0.3367     7.4862E-01    78.75   180.00
 166    41.500   -0.3424     7.3850E-01    78.00   180.00
 167    41.750   -0.3480     7.2854E-01    77.25   180.00
 168    42.000   -0.3536     7.1875E-01    76.50   180.00
 169    42.250   -0.3592     7.0912E-01    75.75   180.00
 170    42.500   -0.3647     6.9965E-01    75.00   180.00
 171    42.750   -0.3702     6.9033E-01    74.25   180.00
 172    43.000   -0.3756     6.8117E-01    73.50   180.00
 173    43.250   -0.3810     6.7216E-01    72.75   180.00
 174    43.500   -0.3863     6.6331E-01    72.00   180.00
 175    43.750   -0.3917     6.5460E-01    71.25   180.00
 176    44.000   -0.3969     6.4604E-01    70.50   180.00
 177    44.250   -0.4022     6.3750E-01    69.75   180.00
 178    44.500   -0.4069     6.2945E-01    69.00   180.00
 179    44.750   -0.4114     6.2157E-01    68.25   180.00
 180    45.000   -0.4160     6.1382E-01    67.50   180.00
 181    45.250   -0.4205     6.0620E-01    66.75   180.00
 182    45.500   -0.4250     5.9872E-01    66.00   180.00
 183    45.750   -0.4297     5.9117E-01    65.25   180.00
 184    46.000   -0.4342     5.8389E-01    64.50   180.00
 185    46.250   -0.4384     5.7691E-01    63.75   180.00
 186    46.500   -0.4430     5.6973E-01    63.00   180.00
 187    46.750   -0.4471     5.6298E-01    62.25   180.00
 188    47.000   -0.4517     5.5603E-01    61.50   180.00
 189    47.250   -0.4558     5.4949E-01    60.75   180.00
 190    47.500   -0.4607     5.4251E-01    60.00   180.00
 191    47.750   -0.4601     5.3802E-01    60.00   180.00
 192    48.000   -0.4601     5.3335E-01    60.00   180.00
 193    48.250   -0.4601     5.2877E-01    60.00   180.00
 194    48.500   -0.4601     5.2429E-01    60.00   180.00
 195    48.750   -0.4600     5.2001E-01    60.00   180.00
 196    49.000   -0.4601     5.1567E-01    60.00   180.00
 197    49.250   -0.4599     5.1166E-01    60.00   180.00
 198    49.500   -0.4600     5.0753E-01    60.00   180.00
 199    49.750   -0.4601     5.0339E-01    60.00   180.00
 200    50.000   -0.4602     4.9944E-01    60.00   180.00
 201    50.250   -0.4601     4.9561E-01    60.00   180.00
 202    50.500   -0.4602     4.9179E-01    60.00   180.00
 203    50.750   -0.4601     4.8810E-01    60.00   180.00
 204    51.000   -0.4602     4.8443E-01    60.00   180.00
 205    51.250   -0.4601     4.8086E-01    60.00   180.00
 206    51.500   -0.4601     4.7732E-01    60.00   180.00
 207    51.750   -0.4601     4.7387E-01    60.00   180.00
 208    52.000   -0.4601     4.7046E-01    60.00   180.00
 209    52.250   -0.4601     4.6711E-01    60.00   180.00
 210    52.500   -0.4601     4.6381E-01    60.00   180.00
 211    52.750   -0.4601     4.6057E-01    60.00   180.00
 212    53.000   -0.4601     4.5738E-01    60.00   180.00
 213    53.250   -0.4601     4.5423E-01    60.00   180.00
 214    53.500   -0.4601     4.5114E-01    60.00   180.00
 215    53.750   -0.4601     4.4809E-01    60.00   180.00
 216    54.000   -0.4601     4.4508E-01    60.00   180.00
 217    54.250   -0.4601     4.4212E-01    60.00   180.00
 218    54.500   -0.4599     4.3935E-01    60.00   180.00
 219    54.750   -0.4600     4.3638E-01    60.00   180.00
 220    55.000   -0.4599     4.3364E-01    60.00   180.00
 221    55.250   -0.4600     4.3075E-01    60.00   180.00
 222    55.500   -0.4599     4.2808E-01    60.00   180.00
 223    55.750   -0.4600     4.2527E-01    60.00   180.00
 224    56.000   -0.4599     4.2267E-01    60.00   180.00
 225    56.250   -0.4600     4.1993E-01    60.00   180.00
 226    56.500   -0.4599     4.1740E-01    60.00   180.00
 227    56.750   -0.4600     4.1473E-01    60.00   180.00
 228    57.000   -0.4599     4.1226E-01    60.00   180.00
 229    57.250   -0.4600     4.0966E-01    60.00   180.00
 230    57.500   -0.4599     4.0724E-01    60.00   180.00
 231    57.750   -0.4600     4.0470E-01    60.00   180.00
 232    58.000   -0.4599     4.0235E-01    60.00   180.00
 233    58.250   -0.4600     3.9987E-01    60.00   180.00
 234    58.500   -0.4599     3.9757E-01    60.00   180.00
 235    58.750   -0.4600     3.9515E-01    60.00   180.00
 236    59.000   -0.4599     3.9290E-01    60.00   180.00
 237    59.250   -0.4599     3.9061E-01    60.00   180.00
 238    59.500   -0.4599     3.8833E-01    60.00   180.00
 239    59.750   -0.4599     3.8608E-01    60.00   180.00
 240    60.000   -0.4599     3.8386E-01    60.00   180.00
