                                                                                
      /\               /\                                                       
     //\\             //\\                                                      
    //**\\           //**\\                                                     
   //****\\         //****\\                                                    
  //******\\       //******\\   ____                   _   _           _        
  ---------   /*\   ---------  / __ \                 | \ | |         | |       
             (***)            | |  | |_ __   ___ _ __ |  \| | ___   __| | ___   
              \*/             | |  | | "_ \ / _ \ "_ \| . ` |/ _"\ / _" |/ _ \  
                              | |__| | |_) |  __/ | | | |\  | |_) | (_| |  __/  
              //\\             \____/| .__/ \___)_| |_|_| \_|\___/ \___/ \___|  
             //**\\                  | |                                        
            //****\\                 |_|                                        
           //******\\                                                           
           ----------                                                           
                                                                                
 ____________________________________________________________
          | The OpenNode, Nodal Methods for Neutron Diffusion
 Version  | Version Number: 1.1                              
 Copyright| 2021 Radiation & Nuclear System Laboratory       
          | University Abdelmalk Essaadi                     
          | Faculty of Sciences, Tetouan, Morocco            
 Source   | FORTRAN90 version                                
 GUI      | PyQt5                                            
 Method   | The Nodal Expansion Method (NEM)                 
 Dimension| Three Dimensions (3D)                            
 Geometry | Cartesian                                        
 ____________________________________________________________
                        ==========================
   Calculation Mode :    Fixed Source Calculation 
   ----------------     ==========================

            --------------------------------------------
                        ========
   Polynomial Order :    Fourth 
   ----------------     ========

     Number of Nodes : 18316

            >>>> Writing Macroscopic Cross Sections <<<<
            --------------------------------------------
     Material  1
    Group   Transport    Diffusion  Absorption    Removal      Nu*Fiss      Kap*Fis    Fiss. Spctr
       1     0.222222    1.500002    0.010000    0.030000     0.000000     0.000000     1.000000
       2     0.833333    0.400000    0.080000    0.080000     0.067500     0.067500     0.000000
         --Scattering Matrix--
           G/G'          1          2
            1        0.192200    0.020000
            2        0.000000    0.753300
     Material  2
    Group   Transport    Diffusion  Absorption    Removal      Nu*Fiss      Kap*Fis    Fiss. Spctr
       1     0.222222    1.500002    0.010000    0.030000     0.000000     0.000000     1.000000
       2     0.833333    0.400000    0.085000    0.085000     0.067500     0.067500     0.000000
         --Scattering Matrix--
           G/G'          1          2
            1        0.192200    0.020000
            2        0.000000    0.748300
     Material  3
    Group   Transport    Diffusion  Absorption    Removal      Nu*Fiss      Kap*Fis    Fiss. Spctr
       1     0.222222    1.500002    0.010000    0.030000     0.000000     0.000000     1.000000
       2     0.833333    0.400000    0.130000    0.130000     0.067500     0.067500     0.000000
         --Scattering Matrix--
           G/G'          1          2
            1        0.192200    0.020000
            2        0.000000    0.703300
     Material  4
    Group   Transport    Diffusion  Absorption    Removal      Nu*Fiss      Kap*Fis    Fiss. Spctr
       1     0.166667    1.999996    0.000000    0.040000     0.000000     0.000000     0.000000
       2     1.111111    0.300000    0.010000    0.010000     0.000000     0.000000     0.000000
         --Scattering Matrix--
           G/G'          1          2
            1        0.126700    0.040000
            2        0.000000    1.101100
     Material  5
    Group   Transport    Diffusion  Absorption    Removal      Nu*Fiss      Kap*Fis    Fiss. Spctr
       1     0.166667    1.999996    0.000000    0.040000     0.000000     0.000000     0.000000
       2     1.111111    0.300000    0.055000    0.055000     0.000000     0.000000     0.000000
         --Scattering Matrix--
           G/G'          1          2
            1        0.000000    0.040000
            2        0.000000    0.000000

            -------------------------------
            >>>>>Wrting Core Geometry<<<<<
            -------------------------------
  Number of Assembly in x, y and z Directions Respectively :
           9           9          19
  Number of Nodes in x, y and z Directions Respectively :
          34          34          19

  x-Directed Nodes Divison (Delta-x)
     5.00   5.00   5.00   5.00   5.00   5.00   5.00   5.00   5.00   5.00
     5.00   5.00   5.00   5.00   5.00   5.00   5.00   5.00   5.00   5.00
     5.00   5.00   5.00   5.00   5.00   5.00   5.00   5.00   5.00   5.00
     5.00   5.00   5.00   5.00
  y-Directed Nodes Divison (Delta-y)
     5.00   5.00   5.00   5.00   5.00   5.00   5.00   5.00   5.00   5.00
     5.00   5.00   5.00   5.00   5.00   5.00   5.00   5.00   5.00   5.00
     5.00   5.00   5.00   5.00   5.00   5.00   5.00   5.00   5.00   5.00
     5.00   5.00   5.00   5.00
  Planar Region :  1
        1  2  3  4  5  6  7  8  9 10 11 12 13 14 15 16 17 18 19 20 21 22 23 24 25 26 27 28 29 30 31 32 33 34
    34  4  4  4  4  4  4  4  4  4  4  4  4  4  4  4  4  4  4  4  4  4  4  4  4  4  4  4  4  4  4  4  4  4  4 
    33  4  4  4  4  4  4  4  4  4  4  4  4  4  4  4  4  4  4  4  4  4  4  4  4  4  4  4  4  4  4  4  4  4  4 
    32  4  4  4  4  4  4  4  4  4  4  4  4  4  4  4  4  4  4  4  4  4  4  4  4  4  4  4  4  4  4  4  4  4  4 
    31  4  4  4  4  4  4  4  4  4  4  4  4  4  4  4  4  4  4  4  4  4  4  4  4  4  4  4  4  4  4  4  4  4  4 
    30  4  4  4  4  4  4  4  4  4  4  4  4  4  4  4  4  4  4  4  4  4  4  4  4  4  4  4  4  4  4  4  4  4  4 
    29  4  4  4  4  4  4  4  4  4  4  4  4  4  4  4  4  4  4  4  4  4  4  4  4  4  4  4  4  4  4  4  4  4  4 
    28  4  4  4  4  4  4  4  4  4  4  4  4  4  4  4  4  4  4  4  4  4  4  4  4  4  4  4  4  4  4  4  4  4  4 
    27  4  4  4  4  4  4  4  4  4  4  4  4  4  4  4  4  4  4  4  4  4  4  4  4  4  4  4  4  4  4  4  4  4  4 
    26  4  4  4  4  4  4  4  4  4  4  4  4  4  4  4  4  4  4  4  4  4  4  4  4  4  4  4  4  4  4  4  4  4  4 
    25  4  4  4  4  4  4  4  4  4  4  4  4  4  4  4  4  4  4  4  4  4  4  4  4  4  4  4  4  4  4  4  4  4  4 
    24  4  4  4  4  4  4  4  4  4  4  4  4  4  4  4  4  4  4  4  4  4  4  4  4  4  4  4  4  4  4  4  4  4  4 
    23  4  4  4  4  4  4  4  4  4  4  4  4  4  4  4  4  4  4  4  4  4  4  4  4  4  4  4  4  4  4  4  4  4  4 
    22  4  4  4  4  4  4  4  4  4  4  4  4  4  4  4  4  4  4  4  4  4  4  4  4  4  4  4  4  4  4  4  4  4  4 
    21  4  4  4  4  4  4  4  4  4  4  4  4  4  4  4  4  4  4  4  4  4  4  4  4  4  4  4  4  4  4  4  4  4  4 
    20  4  4  4  4  4  4  4  4  4  4  4  4  4  4  4  4  4  4  4  4  4  4  4  4  4  4  4  4  4  4             
    19  4  4  4  4  4  4  4  4  4  4  4  4  4  4  4  4  4  4  4  4  4  4  4  4  4  4  4  4  4  4             
    18  4  4  4  4  4  4  4  4  4  4  4  4  4  4  4  4  4  4  4  4  4  4  4  4  4  4  4  4  4  4             
    17  4  4  4  4  4  4  4  4  4  4  4  4  4  4  4  4  4  4  4  4  4  4  4  4  4  4  4  4  4  4             
    16  4  4  4  4  4  4  4  4  4  4  4  4  4  4  4  4  4  4  4  4  4  4  4  4  4  4  4  4  4  4             
    15  4  4  4  4  4  4  4  4  4  4  4  4  4  4  4  4  4  4  4  4  4  4  4  4  4  4  4  4  4  4             
    14  4  4  4  4  4  4  4  4  4  4  4  4  4  4  4  4  4  4  4  4  4  4  4  4  4  4  4  4  4  4             
    13  4  4  4  4  4  4  4  4  4  4  4  4  4  4  4  4  4  4  4  4  4  4  4  4  4  4  4  4  4  4             
    12  4  4  4  4  4  4  4  4  4  4  4  4  4  4  4  4  4  4  4  4  4  4  4  4  4  4                         
    11  4  4  4  4  4  4  4  4  4  4  4  4  4  4  4  4  4  4  4  4  4  4  4  4  4  4                         
    10  4  4  4  4  4  4  4  4  4  4  4  4  4  4  4  4  4  4  4  4  4  4  4  4  4  4                         
     9  4  4  4  4  4  4  4  4  4  4  4  4  4  4  4  4  4  4  4  4  4  4  4  4  4  4                         
     8  4  4  4  4  4  4  4  4  4  4  4  4  4  4  4  4  4  4  4  4  4  4                                     
     7  4  4  4  4  4  4  4  4  4  4  4  4  4  4  4  4  4  4  4  4  4  4                                     
     6  4  4  4  4  4  4  4  4  4  4  4  4  4  4  4  4  4  4  4  4  4  4                                     
     5  4  4  4  4  4  4  4  4  4  4  4  4  4  4  4  4  4  4  4  4  4  4                                     
     4  4  4  4  4  4  4  4  4  4  4  4  4  4  4                                                             
     3  4  4  4  4  4  4  4  4  4  4  4  4  4  4                                                             
     2  4  4  4  4  4  4  4  4  4  4  4  4  4  4                                                             
     1  4  4  4  4  4  4  4  4  4  4  4  4  4  4                                                             
  Planar Region :  2
        1  2  3  4  5  6  7  8  9 10 11 12 13 14 15 16 17 18 19 20 21 22 23 24 25 26 27 28 29 30 31 32 33 34
    34  3  3  2  2  2  2  2  2  2  2  2  2  2  2  3  3  3  3  2  2  2  2  2  2  2  2  1  1  1  1  4  4  4  4 
    33  3  3  2  2  2  2  2  2  2  2  2  2  2  2  3  3  3  3  2  2  2  2  2  2  2  2  1  1  1  1  4  4  4  4 
    32  2  2  2  2  2  2  2  2  2  2  2  2  2  2  2  2  2  2  2  2  2  2  2  2  2  2  1  1  1  1  4  4  4  4 
    31  2  2  2  2  2  2  2  2  2  2  2  2  2  2  2  2  2  2  2  2  2  2  2  2  2  2  1  1  1  1  4  4  4  4 
    30  2  2  2  2  2  2  2  2  2  2  2  2  2  2  2  2  2  2  2  2  2  2  2  2  2  2  1  1  1  1  4  4  4  4 
    29  2  2  2  2  2  2  2  2  2  2  2  2  2  2  2  2  2  2  2  2  2  2  2  2  2  2  1  1  1  1  4  4  4  4 
    28  2  2  2  2  2  2  2  2  2  2  2  2  2  2  2  2  2  2  2  2  2  2  1  1  1  1  1  1  1  1  4  4  4  4 
    27  2  2  2  2  2  2  2  2  2  2  2  2  2  2  2  2  2  2  2  2  2  2  1  1  1  1  1  1  1  1  4  4  4  4 
    26  2  2  2  2  2  2  2  2  2  2  2  2  2  2  2  2  2  2  2  2  2  2  1  1  1  1  1  1  1  1  4  4  4  4 
    25  2  2  2  2  2  2  2  2  2  2  2  2  2  2  2  2  2  2  2  2  2  2  1  1  1  1  1  1  1  1  4  4  4  4 
    24  2  2  2  2  2  2  2  2  2  2  2  2  2  2  2  2  2  2  2  2  2  2  1  1  1  1  4  4  4  4  4  4  4  4 
    23  2  2  2  2  2  2  2  2  2  2  2  2  2  2  2  2  2  2  2  2  2  2  1  1  1  1  4  4  4  4  4  4  4  4 
    22  2  2  2  2  2  2  2  2  2  2  2  2  2  2  2  2  2  2  2  2  2  2  1  1  1  1  4  4  4  4  4  4  4  4 
    21  2  2  2  2  2  2  2  2  2  2  2  2  2  2  2  2  2  2  2  2  2  2  1  1  1  1  4  4  4  4  4  4  4  4 
    20  3  3  2  2  2  2  2  2  2  2  2  2  2  2  3  3  3  3  1  1  1  1  1  1  1  1  4  4  4  4             
    19  3  3  2  2  2  2  2  2  2  2  2  2  2  2  3  3  3  3  1  1  1  1  1  1  1  1  4  4  4  4             
    18  3  3  2  2  2  2  2  2  2  2  2  2  2  2  3  3  3  3  1  1  1  1  1  1  1  1  4  4  4  4             
    17  3  3  2  2  2  2  2  2  2  2  2  2  2  2  3  3  3  3  1  1  1  1  1  1  1  1  4  4  4  4             
    16  2  2  2  2  2  2  2  2  2  2  2  2  2  2  1  1  1  1  1  1  1  1  4  4  4  4  4  4  4  4             
    15  2  2  2  2  2  2  2  2  2  2  2  2  2  2  1  1  1  1  1  1  1  1  4  4  4  4  4  4  4  4             
    14  2  2  2  2  2  2  2  2  2  2  2  2  2  2  1  1  1  1  1  1  1  1  4  4  4  4  4  4  4  4             
    13  2  2  2  2  2  2  2  2  2  2  2  2  2  2  1  1  1  1  1  1  1  1  4  4  4  4  4  4  4  4             
    12  2  2  2  2  2  2  1  1  1  1  1  1  1  1  1  1  1  1  4  4  4  4  4  4  4  4                         
    11  2  2  2  2  2  2  1  1  1  1  1  1  1  1  1  1  1  1  4  4  4  4  4  4  4  4                         
    10  2  2  2  2  2  2  1  1  1  1  1  1  1  1  1  1  1  1  4  4  4  4  4  4  4  4                         
     9  2  2  2  2  2  2  1  1  1  1  1  1  1  1  1  1  1  1  4  4  4  4  4  4  4  4                         
     8  1  1  1  1  1  1  1  1  1  1  4  4  4  4  4  4  4  4  4  4  4  4                                     
     7  1  1  1  1  1  1  1  1  1  1  4  4  4  4  4  4  4  4  4  4  4  4                                     
     6  1  1  1  1  1  1  1  1  1  1  4  4  4  4  4  4  4  4  4  4  4  4                                     
     5  1  1  1  1  1  1  1  1  1  1  4  4  4  4  4  4  4  4  4  4  4  4                                     
     4  4  4  4  4  4  4  4  4  4  4  4  4  4  4                                                             
     3  4  4  4  4  4  4  4  4  4  4  4  4  4  4                                                             
     2  4  4  4  4  4  4  4  4  4  4  4  4  4  4                                                             
     1  4  4  4  4  4  4  4  4  4  4  4  4  4  4                                                             
  Planar Region :  3
        1  2  3  4  5  6  7  8  9 10 11 12 13 14 15 16 17 18 19 20 21 22 23 24 25 26 27 28 29 30 31 32 33 34
    34  3  3  2  2  2  2  2  2  2  2  2  2  2  2  3  3  3  3  2  2  2  2  2  2  2  2  1  1  1  1  4  4  4  4 
    33  3  3  2  2  2  2  2  2  2  2  2  2  2  2  3  3  3  3  2  2  2  2  2  2  2  2  1  1  1  1  4  4  4  4 
    32  2  2  2  2  2  2  2  2  2  2  2  2  2  2  2  2  2  2  2  2  2  2  2  2  2  2  1  1  1  1  4  4  4  4 
    31  2  2  2  2  2  2  2  2  2  2  2  2  2  2  2  2  2  2  2  2  2  2  2  2  2  2  1  1  1  1  4  4  4  4 
    30  2  2  2  2  2  2  2  2  2  2  2  2  2  2  2  2  2  2  2  2  2  2  2  2  2  2  1  1  1  1  4  4  4  4 
    29  2  2  2  2  2  2  2  2  2  2  2  2  2  2  2  2  2  2  2  2  2  2  2  2  2  2  1  1  1  1  4  4  4  4 
    28  2  2  2  2  2  2  2  2  2  2  2  2  2  2  2  2  2  2  2  2  2  2  1  1  1  1  1  1  1  1  4  4  4  4 
    27  2  2  2  2  2  2  2  2  2  2  2  2  2  2  2  2  2  2  2  2  2  2  1  1  1  1  1  1  1  1  4  4  4  4 
    26  2  2  2  2  2  2  2  2  2  2  2  2  2  2  2  2  2  2  2  2  2  2  1  1  1  1  1  1  1  1  4  4  4  4 
    25  2  2  2  2  2  2  2  2  2  2  2  2  2  2  2  2  2  2  2  2  2  2  1  1  1  1  1  1  1  1  4  4  4  4 
    24  2  2  2  2  2  2  2  2  2  2  2  2  2  2  2  2  2  2  2  2  2  2  1  1  1  1  4  4  4  4  4  4  4  4 
    23  2  2  2  2  2  2  2  2  2  2  2  2  2  2  2  2  2  2  2  2  2  2  1  1  1  1  4  4  4  4  4  4  4  4 
    22  2  2  2  2  2  2  2  2  2  2  2  2  2  2  2  2  2  2  2  2  2  2  1  1  1  1  4  4  4  4  4  4  4  4 
    21  2  2  2  2  2  2  2  2  2  2  2  2  2  2  2  2  2  2  2  2  2  2  1  1  1  1  4  4  4  4  4  4  4  4 
    20  3  3  2  2  2  2  2  2  2  2  2  2  2  2  3  3  3  3  1  1  1  1  1  1  1  1  4  4  4  4             
    19  3  3  2  2  2  2  2  2  2  2  2  2  2  2  3  3  3  3  1  1  1  1  1  1  1  1  4  4  4  4             
    18  3  3  2  2  2  2  2  2  2  2  2  2  2  2  3  3  3  3  1  1  1  1  1  1  1  1  4  4  4  4             
    17  3  3  2  2  2  2  2  2  2  2  2  2  2  2  3  3  3  3  1  1  1  1  1  1  1  1  4  4  4  4             
    16  2  2  2  2  2  2  2  2  2  2  2  2  2  2  1  1  1  1  1  1  1  1  4  4  4  4  4  4  4  4             
    15  2  2  2  2  2  2  2  2  2  2  2  2  2  2  1  1  1  1  1  1  1  1  4  4  4  4  4  4  4  4             
    14  2  2  2  2  2  2  2  2  2  2  2  2  2  2  1  1  1  1  1  1  1  1  4  4  4  4  4  4  4  4             
    13  2  2  2  2  2  2  2  2  2  2  2  2  2  2  1  1  1  1  1  1  1  1  4  4  4  4  4  4  4  4             
    12  2  2  2  2  2  2  1  1  1  1  1  1  1  1  1  1  1  1  4  4  4  4  4  4  4  4                         
    11  2  2  2  2  2  2  1  1  1  1  1  1  1  1  1  1  1  1  4  4  4  4  4  4  4  4                         
    10  2  2  2  2  2  2  1  1  1  1  1  1  1  1  1  1  1  1  4  4  4  4  4  4  4  4                         
     9  2  2  2  2  2  2  1  1  1  1  1  1  1  1  1  1  1  1  4  4  4  4  4  4  4  4                         
     8  1  1  1  1  1  1  1  1  1  1  4  4  4  4  4  4  4  4  4  4  4  4                                     
     7  1  1  1  1  1  1  1  1  1  1  4  4  4  4  4  4  4  4  4  4  4  4                                     
     6  1  1  1  1  1  1  1  1  1  1  4  4  4  4  4  4  4  4  4  4  4  4                                     
     5  1  1  1  1  1  1  1  1  1  1  4  4  4  4  4  4  4  4  4  4  4  4                                     
     4  4  4  4  4  4  4  4  4  4  4  4  4  4  4                                                             
     3  4  4  4  4  4  4  4  4  4  4  4  4  4  4                                                             
     2  4  4  4  4  4  4  4  4  4  4  4  4  4  4                                                             
     1  4  4  4  4  4  4  4  4  4  4  4  4  4  4                                                             
  Planar Region :  4
        1  2  3  4  5  6  7  8  9 10 11 12 13 14 15 16 17 18 19 20 21 22 23 24 25 26 27 28 29 30 31 32 33 34
    34  3  3  2  2  2  2  2  2  2  2  2  2  2  2  3  3  3  3  2  2  2  2  2  2  2  2  1  1  1  1  4  4  4  4 
    33  3  3  2  2  2  2  2  2  2  2  2  2  2  2  3  3  3  3  2  2  2  2  2  2  2  2  1  1  1  1  4  4  4  4 
    32  2  2  2  2  2  2  2  2  2  2  2  2  2  2  2  2  2  2  2  2  2  2  2  2  2  2  1  1  1  1  4  4  4  4 
    31  2  2  2  2  2  2  2  2  2  2  2  2  2  2  2  2  2  2  2  2  2  2  2  2  2  2  1  1  1  1  4  4  4  4 
    30  2  2  2  2  2  2  2  2  2  2  2  2  2  2  2  2  2  2  2  2  2  2  2  2  2  2  1  1  1  1  4  4  4  4 
    29  2  2  2  2  2  2  2  2  2  2  2  2  2  2  2  2  2  2  2  2  2  2  2  2  2  2  1  1  1  1  4  4  4  4 
    28  2  2  2  2  2  2  2  2  2  2  2  2  2  2  2  2  2  2  2  2  2  2  1  1  1  1  1  1  1  1  4  4  4  4 
    27  2  2  2  2  2  2  2  2  2  2  2  2  2  2  2  2  2  2  2  2  2  2  1  1  1  1  1  1  1  1  4  4  4  4 
    26  2  2  2  2  2  2  2  2  2  2  2  2  2  2  2  2  2  2  2  2  2  2  1  1  1  1  1  1  1  1  4  4  4  4 
    25  2  2  2  2  2  2  2  2  2  2  2  2  2  2  2  2  2  2  2  2  2  2  1  1  1  1  1  1  1  1  4  4  4  4 
    24  2  2  2  2  2  2  2  2  2  2  2  2  2  2  2  2  2  2  2  2  2  2  1  1  1  1  4  4  4  4  4  4  4  4 
    23  2  2  2  2  2  2  2  2  2  2  2  2  2  2  2  2  2  2  2  2  2  2  1  1  1  1  4  4  4  4  4  4  4  4 
    22  2  2  2  2  2  2  2  2  2  2  2  2  2  2  2  2  2  2  2  2  2  2  1  1  1  1  4  4  4  4  4  4  4  4 
    21  2  2  2  2  2  2  2  2  2  2  2  2  2  2  2  2  2  2  2  2  2  2  1  1  1  1  4  4  4  4  4  4  4  4 
    20  3  3  2  2  2  2  2  2  2  2  2  2  2  2  3  3  3  3  1  1  1  1  1  1  1  1  4  4  4  4             
    19  3  3  2  2  2  2  2  2  2  2  2  2  2  2  3  3  3  3  1  1  1  1  1  1  1  1  4  4  4  4             
    18  3  3  2  2  2  2  2  2  2  2  2  2  2  2  3  3  3  3  1  1  1  1  1  1  1  1  4  4  4  4             
    17  3  3  2  2  2  2  2  2  2  2  2  2  2  2  3  3  3  3  1  1  1  1  1  1  1  1  4  4  4  4             
    16  2  2  2  2  2  2  2  2  2  2  2  2  2  2  1  1  1  1  1  1  1  1  4  4  4  4  4  4  4  4             
    15  2  2  2  2  2  2  2  2  2  2  2  2  2  2  1  1  1  1  1  1  1  1  4  4  4  4  4  4  4  4             
    14  2  2  2  2  2  2  2  2  2  2  2  2  2  2  1  1  1  1  1  1  1  1  4  4  4  4  4  4  4  4             
    13  2  2  2  2  2  2  2  2  2  2  2  2  2  2  1  1  1  1  1  1  1  1  4  4  4  4  4  4  4  4             
    12  2  2  2  2  2  2  1  1  1  1  1  1  1  1  1  1  1  1  4  4  4  4  4  4  4  4                         
    11  2  2  2  2  2  2  1  1  1  1  1  1  1  1  1  1  1  1  4  4  4  4  4  4  4  4                         
    10  2  2  2  2  2  2  1  1  1  1  1  1  1  1  1  1  1  1  4  4  4  4  4  4  4  4                         
     9  2  2  2  2  2  2  1  1  1  1  1  1  1  1  1  1  1  1  4  4  4  4  4  4  4  4                         
     8  1  1  1  1  1  1  1  1  1  1  4  4  4  4  4  4  4  4  4  4  4  4                                     
     7  1  1  1  1  1  1  1  1  1  1  4  4  4  4  4  4  4  4  4  4  4  4                                     
     6  1  1  1  1  1  1  1  1  1  1  4  4  4  4  4  4  4  4  4  4  4  4                                     
     5  1  1  1  1  1  1  1  1  1  1  4  4  4  4  4  4  4  4  4  4  4  4                                     
     4  4  4  4  4  4  4  4  4  4  4  4  4  4  4                                                             
     3  4  4  4  4  4  4  4  4  4  4  4  4  4  4                                                             
     2  4  4  4  4  4  4  4  4  4  4  4  4  4  4                                                             
     1  4  4  4  4  4  4  4  4  4  4  4  4  4  4                                                             

  Planar Region Assignment to Planes.
 -------------------------------------
   Plane Number     Planar Region    Delta-z
       19 (Top)            4          20.00
       18                  3          20.00
       17                  3          20.00
       16                  3          20.00
       15                  3          20.00
       14                  2          20.00
       13                  2          20.00
       12                  2          20.00
       11                  2          20.00
       10                  2          20.00
        9                  2          20.00
        8                  2          20.00
        7                  2          20.00
        6                  2          20.00
        5                  2          20.00
        4                  2          20.00
        3                  2          20.00
        2                  2          20.00
        1 (Bottom)         1          20.00

   Boundary Conditions
   -------------------
  X-Directed West   : Reflective
  X-Directed East   : Zero Incoming Current
  Y-Directed North  : Reflective
  Y-Directed South  : Zero Incoming Current
  Z-Directed Bottom : Zero Incoming Current
  Z-Directed Top    : Zero Incoming Current

  ...Core Geometry is Sucessfully Read...
     ---------------------------------


            >>>>> Reading Extra Sources <<<<<
            -------------------------------
     Source   1
 -----------------
  Source Density  :  1.000E+05  n/(m^3*s)
  Source Spectrum :  1.00  0.00
  Source Position 
   Plane Number :  10
         1  2  3  4  5  6  7  8  9
      9  0  X  0  0  0  0  0  0  0
      8  X  X  0  0  0  0  0  0  0
      7  0  0  0  0  0  0  0  0  0
      6  0  0  0  0  0  0  0  0  0
      5  0  0  0  0  0  0  0  0  0
      4  0  0  0  0  0  0  0  0  0
      3  0  0  0  0  0  0  0  0  0
      2  0  0  0  0  0  0  0  0  0
      1  0  0  0  0  0  0  0  0  0

     Source   2
 -----------------
  Source Density  :  2.000E+05  n/(m^3*s)
  Source Spectrum :  1.00  0.00
  Source Position 
   Plane Number :  10
         1  2  3  4  5  6  7  8  9
      9  X  0  0  0  0  0  0  0  0
      8  0  0  0  0  0  0  0  0  0
      7  0  0  0  0  0  0  0  0  0
      6  0  0  0  0  0  0  0  0  0
      5  0  0  0  0  0  0  0  0  0
      4  0  0  0  0  0  0  0  0  0
      3  0  0  0  0  0  0  0  0  0
      2  0  0  0  0  0  0  0  0  0
      1  0  0  0  0  0  0  0  0  0



  ================================================================================================
                                        Calculation Results
  ================================================================================================

   Iter.   FissSrc Error   Inner Error
  ------------------------------------
    1    9.99996E-01    1.19875E+00
    2    1.28756E+00    3.09294E+00
    3    1.00000E+00    2.86678E+01
    4    1.23107E+01    8.42352E+01
     ...Fission Source Extrapolated...
    5    5.05932E+04    1.25415E+03
    6    6.05389E+01    6.43124E+02
    7    1.00000E+00    1.39054E+00
    8    1.00000E+00    1.00000E+00
    9    8.98288E-01    1.20585E+00
     ...Fission Source Extrapolated...
   10    2.99864E+04    9.69915E-01
   11    3.21524E+00    2.80168E+00
   12    6.79727E-01    1.65263E+01
   13    9.99242E-01    1.23148E+00
   14    7.19321E-01    2.63744E+00
     ...Fission Source Extrapolated...
   15    1.55232E+04    1.04722E+00
   16    1.02227E+00    1.45786E+00
   17    4.43602E-01    7.43680E-01
   18    2.66337E-01    5.79522E+00
   19    2.43349E-01    1.94976E+01
     ...Fission Source Extrapolated...
   20    2.77101E+01    2.03178E+00
   21    9.42327E-01    5.02475E+00
   22    2.93396E-01    2.85921E+00
   23    2.20723E-01    1.80145E+01
   24    2.18906E-01    3.14989E-01
     ...Fission Source Extrapolated...
   25    2.60765E+01    2.90092E-01
   26    9.39043E-01    1.54771E+00
   27    2.57569E-01    1.00000E+00
   28    2.16671E-01    5.35531E-01
   29    2.16767E-01    3.36417E-01
     ...Fission Source Extrapolated...
   30    2.05662E+01    2.46708E-01
   31    9.26415E-01    1.43608E+00
   32    2.15599E-01    1.00000E+00
   33    2.07215E-01    8.11978E-01
   34    2.04046E-01    5.98215E-01
     ...Fission Source Extrapolated...
   35    8.17915E+00    3.76396E-01
   36    8.34404E-01    9.23003E-01
   37    1.76296E-01    1.00000E+00
   38    1.64228E-01    1.00000E+00
   39    1.51430E-01    8.30401E-01
     ...Fission Source Extrapolated...
   40    1.80408E+00    4.67633E-01
   41    5.31544E-01    1.00000E+00
   42    8.92512E-02    1.00000E+00
   43    7.33611E-02    8.57240E-01
   44    5.83608E-02    1.00000E+00
     ...Fission Source Extrapolated...
   45    2.93417E-01    5.64074E-01
   46    1.64972E-01    1.00000E+00
   47    3.36533E-02    8.88184E-01
   48    2.69282E-02    2.69512E-01
   49    2.46845E-02    2.17075E-01
     ...Fission Source Extrapolated...
   50    1.11711E-01    1.00000E+00
   51    6.59788E-02    8.32199E-01
   52    2.23632E-02    3.97436E-01
   53    1.83476E-02    1.73243E-01
   54    1.64142E-02    1.31077E-01
     ...Fission Source Extrapolated...
   55    7.59325E-02    1.04542E-01
   56    4.31352E-02    1.35871E-01
   57    1.45148E-02    9.66834E-02
   58    1.25266E-02    5.09182E-02
   59    1.13065E-02    4.10966E-02
     ...Fission Source Extrapolated...
   60    5.29438E-02    3.45175E-02
   61    3.09907E-02    4.43007E-02
   62    8.79394E-03    3.36753E-02
   63    7.58410E-03    1.90975E-02
   64    6.68298E-03    1.54648E-02
     ...Fission Source Extrapolated...
   65    3.11917E-02    1.30513E-02
   66    1.84123E-02    1.58561E-02
   67    4.74098E-03    1.24195E-02
   68    4.04047E-03    8.23729E-03
   69    3.51360E-03    7.61902E-03
     ...Fission Source Extrapolated...
   70    1.64211E-02    6.87615E-03
   71    9.73951E-03    6.16398E-03
   72    2.35180E-03    5.56382E-03
   73    1.98838E-03    5.20234E-03
   74    1.71336E-03    4.65894E-03
     ...Fission Source Extrapolated...
   75    8.01383E-03    4.08507E-03
   76    4.77777E-03    3.57199E-03
   77    1.09872E-03    3.14412E-03
   78    9.23371E-04    2.86152E-03
   79    7.90129E-04    2.50798E-03
     ...Fission Source Extrapolated...
   80    3.69718E-03    2.16299E-03
   81    2.21725E-03    1.86320E-03
   82    4.89859E-04    1.61554E-03
   83    4.09746E-04    1.44366E-03
   84    3.48689E-04    1.24701E-03
     ...Fission Source Extrapolated...
   85    1.63301E-03    1.06308E-03
   86    9.85501E-04    9.05934E-04
   87    2.10331E-04    7.76932E-04
   88    1.75276E-04    6.84995E-04
   89    1.48498E-04    5.85236E-04
     ...Fission Source Extrapolated...
   90    6.96730E-04    4.94479E-04
   91    4.23154E-04    4.17858E-04
   92    8.75693E-05    3.55282E-04
   93    7.27578E-05    3.09967E-04
   94    6.14207E-05    2.62535E-04
     ...Fission Source Extrapolated...
   95    2.89044E-04    2.20230E-04
   96    1.76664E-04    1.84840E-04
   97    3.55414E-05    1.56064E-04
   98    2.94596E-05    1.35012E-04
   99    2.47966E-05    1.13546E-04
     ...Fission Source Extrapolated...
  100    1.17142E-04    9.46859E-05
  101    7.20338E-05    7.90227E-05
  102    1.41218E-05    6.63834E-05
  103    1.16831E-05    5.72269E-05
  104    9.81031E-06    4.79224E-05
     ...Fission Source Extrapolated...
  105    4.65717E-05    3.98126E-05
  106    2.88089E-05    3.31265E-05
  107    5.56400E-06    2.77304E-05
  108    4.59064E-06    2.37701E-05
  109    3.84849E-06    1.98199E-05
     ...Fission Source Extrapolated...
  110    1.84348E-05    1.63929E-05
  111    1.14533E-05    1.35873E-05
  112    2.16385E-06    1.13293E-05
  113    1.78352E-06    9.66601E-06

 ***********************************************
Effective Factor Multiplication : Keff = 0.507290
 ***********************************************


     Radial Power Distribution
   ==============================
           1       2       3       4       5       6       7       8       9
     9  10.054  10.167   2.902   0.395   0.035   0.006   0.001   0.000   0.000
     8  10.167   8.269   2.334   0.321   0.042   0.006   0.001   0.000   0.000
     7   2.902   2.334   0.824   0.153   0.025   0.004   0.001   0.000   0.000
     6   0.395   0.321   0.153   0.043   0.009   0.002   0.000   0.000   0.000
     5   0.035   0.042   0.025   0.009   0.002   0.001   0.000   0.000   0.000
     4   0.006   0.006   0.004   0.002   0.001   0.000   0.000   0.000   0.000
     3   0.001   0.001   0.001   0.000   0.000   0.000   0.000   0.000   0.000
     2   0.000   0.000   0.000   0.000   0.000   0.000   0.000   0.000   0.000
     1   0.000   0.000   0.000   0.000   0.000   0.000   0.000   0.000   0.000

   MAX POS.       Maximum Value
  (  8,  1)         10.167


     Axial Power Density Distribution
   ====================================

     Plane Number        Power      Height
    -----------------------------------------
        19  (Top)        0.000      380.00
        18               0.000      360.00
        17               0.000      340.00
        16               0.000      320.00
        15               0.002      300.00
        14               0.011      280.00
        13               0.072      260.00
        12               0.494      240.00
        11               3.324      220.00
        10               9.195      200.00
         9               3.324      180.00
         8               0.494      160.00
         7               0.072      140.00
         6               0.011      120.00
         5               0.002      100.00
         4               0.000       80.00
         3               0.000       60.00
         2               0.000       40.00
         1  (Bottom)     0.000       20.00

   MAX POS.       Maximum Value
    ( 10)             9.195

     Radial Flux Distribution
   ==============================
    Group :   1
             1          2          3          4          5          6          7          8          9
     9   2.328E-04  1.688E-04  4.504E-05  6.091E-06  7.380E-07  9.443E-08  1.375E-08  2.010E-09  1.767E-10 
     8   1.688E-04  1.354E-04  3.628E-05  4.927E-06  6.623E-07  8.853E-08  1.256E-08  1.835E-09  1.612E-10 
     7   4.504E-05  3.628E-05  1.269E-05  2.342E-06  3.792E-07  5.805E-08  8.889E-09  1.326E-09  1.144E-10 
     6   6.091E-06  4.927E-06  2.342E-06  6.648E-07  1.396E-07  2.559E-08  4.476E-09  5.227E-10  4.154E-11 
     5   7.380E-07  6.623E-07  3.792E-07  1.396E-07  3.424E-08  7.829E-09  1.655E-09  1.808E-10  0.000E+00 
     4   9.443E-08  8.853E-08  5.805E-08  2.559E-08  7.829E-09  2.018E-09  3.479E-10  3.980E-11  0.000E+00 
     3   1.375E-08  1.256E-08  8.889E-09  4.476E-09  1.655E-09  3.479E-10  5.082E-11  0.000E+00  0.000E+00 
     2   2.010E-09  1.835E-09  1.326E-09  5.227E-10  1.808E-10  3.980E-11  0.000E+00  0.000E+00  0.000E+00 
     1   1.767E-10  1.612E-10  1.144E-10  4.154E-11  0.000E+00  0.000E+00  0.000E+00  0.000E+00  0.000E+00 

    Group :   2
             1          2          3          4          5          6          7          8          9
     9   1.765E-04  1.785E-04  5.096E-05  6.936E-06  6.077E-07  1.029E-07  1.574E-08  2.565E-09  1.955E-09 
     8   1.785E-04  1.452E-04  4.098E-05  5.633E-06  7.432E-07  1.008E-07  1.441E-08  2.344E-09  1.783E-09 
     7   5.096E-05  4.098E-05  1.447E-05  2.678E-06  4.337E-07  6.645E-08  1.069E-08  1.930E-09  1.317E-09 
     6   6.936E-06  5.633E-06  2.678E-06  7.602E-07  1.585E-07  2.929E-08  5.712E-09  5.021E-09  8.072E-10 
     5   6.077E-07  7.432E-07  4.337E-07  1.585E-07  2.826E-08  9.066E-09  2.339E-09  2.168E-09  0.000E+00 
     4   1.029E-07  1.008E-07  6.645E-08  2.929E-08  9.066E-09  2.814E-09  3.341E-09  7.511E-10  0.000E+00 
     3   1.574E-08  1.441E-08  1.069E-08  5.712E-09  2.339E-09  3.341E-09  9.663E-10  0.000E+00  0.000E+00 
     2   2.565E-09  2.344E-09  1.930E-09  5.021E-09  2.168E-09  7.511E-10  0.000E+00  0.000E+00  0.000E+00 
     1   1.955E-09  1.783E-09  1.317E-09  8.072E-10  0.000E+00  0.000E+00  0.000E+00  0.000E+00  0.000E+00 

 Total Time :    24.296875000000000       Seconds
