                                                                                
      /\               /\                                                       
     //\\             //\\                                                      
    //**\\           //**\\                                                     
   //****\\         //****\\                                                    
  //******\\       //******\\   ____                   _   _           _        
  ---------   /*\   ---------  / __ \                 | \ | |         | |       
             (***)            | |  | |_ __   ___ _ __ |  \| | ___   __| | ___   
              \*/             | |  | | "_ \ / _ \ "_ \| . ` |/ _"\ / _" |/ _ \  
                              | |__| | |_) |  __/ | | | |\  | |_) | (_| |  __/  
              //\\             \____/| .__/ \___)_| |_|_| \_|\___/ \___/ \___|  
             //**\\                  | |                                        
            //****\\                 |_|                                        
           //******\\                                                           
           ----------                                                           
                                                                                
 ____________________________________________________________
          | The OpenNode, Nodal Methods for Neutron Diffusion
 Version  | Version Number: 1.1                              
 Copyright| 2021 Radiation & Nuclear System Laboratory       
          | University Abdelmalk Essaadi                     
          | Faculty of Sciences, Tetouan, Morocco            
 Source   | FORTRAN90 version                                
 GUI      | PyQt5                                            
 Method   | The Nodal Expansion Method (NEM)                 
 Dimension| Three Dimensions (3D)                            
 Geometry | Cartesian                                        
 ____________________________________________________________
                        =====================
   Calculation Mode :    Adjoint Calculation 
   ----------------     =====================

            --------------------------------------------
            >>>> Writing Macroscopic Cross Sections <<<<
            --------------------------------------------
     Material  1
    Group   Transport    Diffusion  Absorption    Removal      Nu*Fiss      Kap*Fis    Fiss. Spctr
       1     0.232126    1.436000    0.009504    0.027258     0.005871     0.005871     1.000000
       2     0.917010    0.363500    0.075058    0.075058     0.096067     0.096067     0.000000
         --Scattering Matrix--
           G/G'          1          2
            1        0.000000    0.017754
            2        0.000000    0.000000
     Material  2
    Group   Transport    Diffusion  Absorption    Removal      Nu*Fiss      Kap*Fis    Fiss. Spctr
       1     0.232029    1.436600    0.009678    0.027300     0.006191     0.006191     1.000000
       2     0.916758    0.363600    0.078436    0.078436     0.103580     0.103580     0.000000
         --Scattering Matrix--
           G/G'          1          2
            1        0.000000    0.017621
            2        0.000000    0.000000
     Material  3
    Group   Transport    Diffusion  Absorption    Removal      Nu*Fiss      Kap*Fis    Fiss. Spctr
       1     0.252525    1.320000    0.002656    0.025762     0.000000     0.000000     0.000000
       2     1.202501    0.277200    0.071596    0.071596     0.000000     0.000000     0.000000
         --Scattering Matrix--
           G/G'          1          2
            1        0.000000    0.023106
            2        0.000000    0.000000
     Material  4
    Group   Transport    Diffusion  Absorption    Removal      Nu*Fiss      Kap*Fis    Fiss. Spctr
       1     0.231658    1.438900    0.010363    0.027464     0.007453     0.007453     1.000000
       2     0.916254    0.363800    0.091408    0.091408     0.132360     0.132360     0.000000
         --Scattering Matrix--
           G/G'          1          2
            1        0.000000    0.017101
            2        0.000000    0.000000
     Material  5
    Group   Transport    Diffusion  Absorption    Removal      Nu*Fiss      Kap*Fis    Fiss. Spctr
       1     0.231787    1.438100    0.010003    0.027293     0.006191     0.006191     1.000000
       2     0.909504    0.366500    0.084828    0.084828     0.103580     0.103580     0.000000
         --Scattering Matrix--
           G/G'          1          2
            1        0.000000    0.017290
            2        0.000000    0.000000
     Material  6
    Group   Transport    Diffusion  Absorption    Removal      Nu*Fiss      Kap*Fis    Fiss. Spctr
       1     0.231723    1.438500    0.010132    0.027324     0.006429     0.006429     1.000000
       2     0.909504    0.366500    0.087314    0.087314     0.109110     0.109110     0.000000
         --Scattering Matrix--
           G/G'          1          2
            1        0.000000    0.017192
            2        0.000000    0.000000
     Material  7
    Group   Transport    Diffusion  Absorption    Removal      Nu*Fiss      Kap*Fis    Fiss. Spctr
       1     0.231658    1.438900    0.010165    0.027290     0.006191     0.006191     1.000000
       2     0.906043    0.367900    0.088024    0.088024     0.103580     0.103580     0.000000
         --Scattering Matrix--
           G/G'          1          2
            1        0.000000    0.017125
            2        0.000000    0.000000
     Material  8
    Group   Transport    Diffusion  Absorption    Removal      Nu*Fiss      Kap*Fis    Fiss. Spctr
       1     0.231594    1.439300    0.010294    0.027321     0.006429     0.006429     1.000000
       2     0.905797    0.368000    0.090510    0.090510     0.109110     0.109110     0.000000
         --Scattering Matrix--
           G/G'          1          2
            1        0.000000    0.017027
            2        0.000000    0.000000

            -------------------------------
            >>>>>Wrting Core Geometry<<<<<
            -------------------------------
  Number of Assembly in x, y and z Directions Respectively :
           9           9           2
  Number of Nodes in x, y and z Directions Respectively :
          34          34           2

  x-Directed Nodes Divison (Delta-x)
     5.78   5.78   5.78   5.78   5.78   5.78   5.78   5.78   5.78   5.78
     5.78   5.78   5.78   5.78   5.78   5.78   5.78   5.78   5.78   5.78
     5.78   5.78   5.78   5.78   5.78   5.78   5.78   5.78   5.78   5.78
     5.78   5.78   5.78   5.78
  y-Directed Nodes Divison (Delta-y)
     5.78   5.78   5.78   5.78   5.78   5.78   5.78   5.78   5.78   5.78
     5.78   5.78   5.78   5.78   5.78   5.78   5.78   5.78   5.78   5.78
     5.78   5.78   5.78   5.78   5.78   5.78   5.78   5.78   5.78   5.78
     5.78   5.78   5.78   5.78
  Planar Region :  1
        1  2  3  4  5  6  7  8  9 10 11 12 13 14 15 16 17 18 19 20 21 22 23 24 25 26 27 28 29 30 31 32 33 34
    34  1  1  8  8  8  8  2  2  2  2  6  6  6  6  1  1  1  1  7  7  7  7  1  1  1  1  4  4  4  4  3  3  3  3 
    33  1  1  8  8  8  8  2  2  2  2  6  6  6  6  1  1  1  1  7  7  7  7  1  1  1  1  4  4  4  4  3  3  3  3 
    32  8  8  1  1  1  1  8  8  8  8  2  2  2  2  8  8  8  8  1  1  1  1  1  1  1  1  4  4  4  4  3  3  3  3 
    31  8  8  1  1  1  1  8  8  8  8  2  2  2  2  8  8  8  8  1  1  1  1  1  1  1  1  4  4  4  4  3  3  3  3 
    30  8  8  1  1  1  1  8  8  8  8  2  2  2  2  8  8  8  8  1  1  1  1  1  1  1  1  4  4  4  4  3  3  3  3 
    29  8  8  1  1  1  1  8  8  8  8  2  2  2  2  8  8  8  8  1  1  1  1  1  1  1  1  4  4  4  4  3  3  3  3 
    28  2  2  8  8  8  8  1  1  1  1  8  8  8  8  2  2  2  2  7  7  7  7  1  1  1  1  4  4  4  4  3  3  3  3 
    27  2  2  8  8  8  8  1  1  1  1  8  8  8  8  2  2  2  2  7  7  7  7  1  1  1  1  4  4  4  4  3  3  3  3 
    26  2  2  8  8  8  8  1  1  1  1  8  8  8  8  2  2  2  2  7  7  7  7  1  1  1  1  4  4  4  4  3  3  3  3 
    25  2  2  8  8  8  8  1  1  1  1  8  8  8  8  2  2  2  2  7  7  7  7  1  1  1  1  4  4  4  4  3  3  3  3 
    24  6  6  2  2  2  2  8  8  8  8  2  2  2  2  8  8  8  8  1  1  1  1  8  8  8  8  4  4  4  4  3  3  3  3 
    23  6  6  2  2  2  2  8  8  8  8  2  2  2  2  8  8  8  8  1  1  1  1  8  8  8  8  4  4  4  4  3  3  3  3 
    22  6  6  2  2  2  2  8  8  8  8  2  2  2  2  8  8  8  8  1  1  1  1  8  8  8  8  4  4  4  4  3  3  3  3 
    21  6  6  2  2  2  2  8  8  8  8  2  2  2  2  8  8  8  8  1  1  1  1  8  8  8  8  4  4  4  4  3  3  3  3 
    20  1  1  8  8  8  8  2  2  2  2  8  8  8  8  2  2  2  2  5  5  5  5  4  4  4  4  3  3  3  3  3  3  3  3 
    19  1  1  8  8  8  8  2  2  2  2  8  8  8  8  2  2  2  2  5  5  5  5  4  4  4  4  3  3  3  3  3  3  3  3 
    18  1  1  8  8  8  8  2  2  2  2  8  8  8  8  2  2  2  2  5  5  5  5  4  4  4  4  3  3  3  3  3  3  3  3 
    17  1  1  8  8  8  8  2  2  2  2  8  8  8  8  2  2  2  2  5  5  5  5  4  4  4  4  3  3  3  3  3  3  3  3 
    16  7  7  1  1  1  1  7  7  7  7  1  1  1  1  5  5  5  5  4  4  4  4  4  4  4  4  3  3  3  3             
    15  7  7  1  1  1  1  7  7  7  7  1  1  1  1  5  5  5  5  4  4  4  4  4  4  4  4  3  3  3  3             
    14  7  7  1  1  1  1  7  7  7  7  1  1  1  1  5  5  5  5  4  4  4  4  4  4  4  4  3  3  3  3             
    13  7  7  1  1  1  1  7  7  7  7  1  1  1  1  5  5  5  5  4  4  4  4  4  4  4  4  3  3  3  3             
    12  1  1  1  1  1  1  1  1  1  1  8  8  8  8  4  4  4  4  4  4  4  4  3  3  3  3  3  3  3  3             
    11  1  1  1  1  1  1  1  1  1  1  8  8  8  8  4  4  4  4  4  4  4  4  3  3  3  3  3  3  3  3             
    10  1  1  1  1  1  1  1  1  1  1  8  8  8  8  4  4  4  4  4  4  4  4  3  3  3  3  3  3  3  3             
     9  1  1  1  1  1  1  1  1  1  1  8  8  8  8  4  4  4  4  4  4  4  4  3  3  3  3  3  3  3  3             
     8  4  4  4  4  4  4  4  4  4  4  4  4  4  4  3  3  3  3  3  3  3  3  3  3  3  3                         
     7  4  4  4  4  4  4  4  4  4  4  4  4  4  4  3  3  3  3  3  3  3  3  3  3  3  3                         
     6  4  4  4  4  4  4  4  4  4  4  4  4  4  4  3  3  3  3  3  3  3  3  3  3  3  3                         
     5  4  4  4  4  4  4  4  4  4  4  4  4  4  4  3  3  3  3  3  3  3  3  3  3  3  3                         
     4  3  3  3  3  3  3  3  3  3  3  3  3  3  3  3  3  3  3                                                 
     3  3  3  3  3  3  3  3  3  3  3  3  3  3  3  3  3  3  3                                                 
     2  3  3  3  3  3  3  3  3  3  3  3  3  3  3  3  3  3  3                                                 
     1  3  3  3  3  3  3  3  3  3  3  3  3  3  3  3  3  3  3                                                 

  Planar Region Assignment to Planes.
 -------------------------------------
   Plane Number     Planar Region    Delta-z
        2 (Top)            1          11.56
        1 (Bottom)         1          11.56

   Boundary Conditions
   -------------------
  X-Directed West   : Reflective
  X-Directed East   : Zero Incoming Current
  Y-Directed North  : Reflective
  Y-Directed South  : Zero Incoming Current
  Z-Directed Bottom : Reflective
  Z-Directed Top    : Reflective

  ...Core Geometry is Sucessfully Read...
     ---------------------------------


  ================================================================================================
                                        Calculation Results
  ================================================================================================

   Iteration    Keff     FissSrc Error   Inner Error
  ----------------------------------------------------
    1     2.924265    7.17506E-01    1.50172E+02
    2     2.375803    3.23147E-01    3.10760E+00
    3     1.898901    4.04147E-01    2.70418E+00
    4     1.570408    3.81010E-01    2.46884E+00
     ...Fission Source Extrapolated...
    5     0.977587    2.28740E+00    2.32681E+00
    6     1.227679    4.48874E-01    2.23482E+00
    7     1.146986    2.02331E-01    2.17053E+00
    8     1.097462    1.59033E-01    2.12267E+00
    9     1.067374    1.24706E-01    2.08258E+00
     ...Fission Source Extrapolated...
   10     1.021686    2.89944E-01    2.14214E+00
   11     1.038431    5.85949E-02    2.53649E+00
   12     1.032134    5.94941E-02    5.19285E+00
   13     1.028385    4.74900E-02    2.53083E+00
   14     1.026197    3.92606E-02    5.08975E+00
     ...Fission Source Extrapolated...
   15     1.015143    3.96737E-01    7.28053E-01
   16     1.024167    1.92622E-01    3.59358E-01
   17     1.024150    2.35943E-02    3.22109E+00
   18     1.024112    1.65946E-02    6.47806E+00
   19     1.024090    1.41384E-02    9.64687E-01
     ...Fission Source Extrapolated...
   20     1.024122    3.11989E-01    2.45481E-01
   21     1.023828    1.74241E-01    2.23652E-01
   22     1.024169    1.31196E-02    1.94522E+00
   23     1.024354    7.52591E-03    1.19468E+00
   24     1.024452    6.06805E-03    8.27649E-01
     ...Fission Source Extrapolated...
   25     1.025462    1.00302E-01    1.95431E-01
   26     1.024393    6.28240E-02    1.30655E-01
   27     1.024536    5.47774E-03    4.36597E-01
   28     1.024620    3.64206E-03    1.94042E-01
   29     1.024667    3.18226E-03    3.18631E-01
     ...Fission Source Extrapolated...
   30     1.025387    7.56281E-02    6.79643E-02
   31     1.024550    4.91866E-02    5.80413E-02
   32     1.024675    3.90385E-03    2.71536E-01
   33     1.024748    2.33940E-03    1.56546E-01
   34     1.024788    1.95247E-03    2.48676E-01
     ...Fission Source Extrapolated...
   35     1.025331    4.11513E-02    5.34768E-02
   36     1.024714    2.74099E-02    4.03205E-02
   37     1.024792    2.23113E-03    1.47682E-01
   38     1.024838    1.40709E-03    9.55962E-02
   39     1.024864    1.24357E-03    1.39580E-01
     ...Fission Source Extrapolated...
   40     1.025256    3.06768E-02    2.91342E-02
   41     1.024784    2.06044E-02    2.38576E-02
   42     1.024850    1.96219E-03    1.02332E-01
   43     1.024889    1.19090E-03    7.58750E-02
   44     1.024910    1.03891E-03    1.05419E-01
     ...Fission Source Extrapolated...
   45     1.025220    2.42024E-02    2.31829E-02
   46     1.024851    1.62067E-02    1.88789E-02
   47     1.024900    1.78782E-03    7.88810E-02
   48     1.024929    9.98425E-04    6.16573E-02
   49     1.024945    8.68011E-04    8.30214E-02
     ...Fission Source Extrapolated...
   50     1.025192    2.16966E-02    1.85451E-02
   51     1.024889    1.43725E-02    1.66623E-02
   52     1.024931    1.81665E-03    6.82173E-02
   53     1.024956    9.74775E-04    5.48045E-02
   54     1.024970    8.26242E-04    7.34795E-02
     ...Fission Source Extrapolated...
   55     1.025175    1.99686E-02    1.63761E-02
   56     1.024926    1.31925E-02    1.49688E-02
   57     1.024960    1.68263E-03    5.63619E-02
   58     1.024980    9.02347E-04    4.55905E-02
   59     1.024991    7.62782E-04    6.06726E-02
     ...Fission Source Extrapolated...
   60     1.025162    1.90884E-02    1.34932E-02
   61     1.024951    1.26724E-02    1.41878E-02
   62     1.024980    1.57160E-03    4.84486E-02
   63     1.024998    8.24293E-04    3.99275E-02
   64     1.025007    6.90858E-04    5.29576E-02
     ...Fission Source Extrapolated...
   65     1.025153    1.69906E-02    1.17571E-02
   66     1.024974    1.12473E-02    1.25857E-02
   67     1.024999    1.39958E-03    4.09106E-02
   68     1.025013    7.35344E-04    3.39147E-02
   69     1.025021    6.16549E-04    4.47858E-02
     ...Fission Source Extrapolated...
   70     1.025145    1.54847E-02    9.92988E-03
   71     1.024992    1.02614E-02    1.14402E-02
   72     1.025013    1.25824E-03    3.53709E-02
   73     1.025026    6.53282E-04    2.96830E-02
   74     1.025033    5.45225E-04    3.90986E-02
     ...Fission Source Extrapolated...
   75     1.025140    1.35576E-02    8.65808E-03
   76     1.025008    8.96434E-03    1.00037E-02
   77     1.025026    1.10287E-03    3.02735E-02
   78     1.025037    5.73852E-04    2.55197E-02
   79     1.025043    4.79266E-04    3.35161E-02
     ...Fission Source Extrapolated...
   80     1.025135    1.20454E-02    7.41527E-03
   81     1.025021    7.96414E-03    8.87584E-03
   82     1.025037    9.73180E-04    2.62258E-02
   83     1.025046    5.03589E-04    2.22870E-02
   84     1.025052    4.19687E-04    2.92125E-02
     ...Fission Source Extrapolated...
   85     1.025131    1.04831E-02    6.45790E-03
   86     1.025033    6.91943E-03    7.71983E-03
   87     1.025047    8.47928E-04    2.26078E-02
   88     1.025055    4.39664E-04    1.92829E-02
   89     1.025059    3.66675E-04    2.52246E-02
     ...Fission Source Extrapolated...
   90     1.025128    9.22721E-03    5.57318E-03
   91     1.025043    6.08926E-03    6.79002E-03
   92     1.025055    7.43131E-04    1.96618E-02
   93     1.025062    3.84039E-04    1.68668E-02
   94     1.025065    3.19871E-04    2.20340E-02
     ...Fission Source Extrapolated...
   95     1.025125    8.01712E-03    4.86522E-03
   96     1.025051    5.28409E-03    5.89784E-03
   97     1.025062    6.46290E-04    1.70324E-02
   98     1.025068    3.34537E-04    1.46497E-02
   99     1.025071    2.78806E-04    1.91103E-02
     ...Fission Source Extrapolated...
  100     1.025123    7.01982E-03    4.21765E-03
  101     1.025059    4.62537E-03    5.16211E-03
  102     1.025068    5.64447E-04    1.48316E-02
  103     1.025073    2.91640E-04    1.28086E-02
  104     1.025076    2.42885E-04    1.66922E-02
     ...Fission Source Extrapolated...
  105     1.025121    6.10102E-03    3.68214E-03
  106     1.025065    4.01639E-03    4.48589E-03
  107     1.025073    4.90864E-04    1.28856E-02
  108     1.025078    2.53905E-04    1.11508E-02
  109     1.025080    2.11546E-04    1.45176E-02
     ...Fission Source Extrapolated...
  110     1.025120    5.33356E-03    3.20113E-03
  111     1.025071    3.51041E-03    3.92079E-03
  112     1.025078    4.28288E-04    1.12387E-02
  113     1.025082    2.21228E-04    9.75436E-03
  114     1.025084    1.84222E-04    1.26912E-02
     ...Fission Source Extrapolated...
  115     1.025118    4.63020E-03    2.79712E-03
  116     1.025076    3.04501E-03    3.40370E-03
  117     1.025082    3.72220E-04    9.76757E-03
  118     1.025085    1.92556E-04    8.48797E-03
  119     1.025087    1.60438E-04    1.10355E-02
     ...Fission Source Extrapolated...
  120     1.025117    4.04522E-03    2.43139E-03
  121     1.025080    2.65993E-03    2.97337E-03
  122     1.025085    3.24690E-04    8.52321E-03
  123     1.025088    1.67778E-04    7.42425E-03
  124     1.025090    1.39733E-04    9.64900E-03
     ...Fission Source Extrapolated...
  125     1.025116    3.51440E-03    2.12511E-03
  126     1.025084    2.30944E-03    2.58335E-03
  127     1.025088    2.82348E-04    7.46525E-03
  128     1.025091    1.46077E-04    6.46622E-03
  129     1.025092    1.21716E-04    8.46178E-03
     ...Fission Source Extrapolated...
  130     1.025115    3.06813E-03    1.84946E-03
  131     1.025087    2.01593E-03    2.25526E-03
  132     1.025091    2.46229E-04    6.57396E-03
  133     1.025093    1.27294E-04    5.65287E-03
  134     1.025094    1.06035E-04    7.46308E-03
     ...Fission Source Extrapolated...
  135     1.025114    2.66877E-03    1.61594E-03
  136     1.025090    1.75276E-03    1.96189E-03
  137     1.025093    2.14302E-04    5.77962E-03
  138     1.025095    1.10876E-04    4.92863E-03
  139     1.025096    9.23869E-05    6.56345E-03
     ...Fission Source Extrapolated...
  140     1.025113    2.33105E-03    1.40815E-03
  141     1.025092    1.53094E-03    1.71367E-03
  142     1.025095    1.86967E-04    5.09598E-03
  143     1.025097    9.66450E-05    4.31605E-03
  144     1.025098    8.05007E-05    5.79464E-03
     ...Fission Source Extrapolated...
  145     1.025113    2.02599E-03    1.23131E-03
  146     1.025094    1.32996E-03    1.48961E-03
  147     1.025097    1.62667E-04    4.47965E-03
  148     1.025098    8.41845E-05    3.79163E-03
  149     1.025099    7.01540E-05    5.09346E-03
     ...Fission Source Extrapolated...
  150     1.025112    1.76918E-03    1.07210E-03
  151     1.025096    1.16137E-03    1.30088E-03
  152     1.025098    1.41917E-04    3.95000E-03
  153     1.025100    7.33928E-05    3.34484E-03
  154     1.025100    6.11442E-05    4.49680E-03
     ...Fission Source Extrapolated...
  155     1.025112    1.54039E-03    9.37217E-04
  156     1.025098    1.01092E-03    1.13283E-03
  157     1.025100    1.23614E-04    3.47920E-03
  158     1.025101    6.39603E-05    2.94447E-03
  159     1.025101    5.32961E-05    3.96145E-03
     ...Fission Source Extrapolated...
  160     1.025111    1.34367E-03    8.24892E-04
  161     1.025099    8.81752E-04    9.88278E-04
  162     1.025101    1.07789E-04    3.06782E-03
  163     1.025102    5.57598E-05    2.59605E-03
  164     1.025102    4.64592E-05    3.49552E-03
     ...Fission Source Extrapolated...
  165     1.025111    1.17050E-03    7.27967E-04
  166     1.025100    7.67961E-04    8.61058E-04
  167     1.025102    9.39229E-05    2.70404E-03
  168     1.025103    4.86046E-05    2.28692E-03
  169     1.025103    4.05032E-05    3.08187E-03
     ...Fission Source Extrapolated...
  170     1.025111    1.02079E-03    6.41892E-04
  171     1.025101    6.69683E-04    7.51046E-04
  172     1.025103    8.18961E-05    2.38552E-03
  173     1.025103    4.23780E-05    2.01684E-03
  174     1.025104    3.53136E-05    2.72032E-03
     ...Fission Source Extrapolated...
  175     1.025110    8.89109E-04    5.66672E-04
  176     1.025102    5.83181E-04    6.54294E-04
  177     1.025103    7.13615E-05    2.10348E-03
  178     1.025104    3.69449E-05    1.77714E-03
  179     1.025104    3.07922E-05    2.39916E-03
     ...Fission Source Extrapolated...
  180     1.025110    7.75571E-04    4.99849E-04
  181     1.025103    5.08682E-04    5.70846E-04
  182     1.025104    6.22377E-05    1.85716E-03
  183     1.025105    3.22184E-05    1.56837E-03
  184     1.025105    2.68519E-05    2.11939E-03
     ...Fission Source Extrapolated...
  185     1.025110    6.74993E-04    4.41637E-04
  186     1.025104    4.42597E-04    4.96937E-04
  187     1.025105    5.42128E-05    1.63759E-03
  188     1.025105    2.80894E-05    1.38161E-03
  189     1.025105    2.34189E-05    1.86876E-03
     ...Fission Source Extrapolated...
  190     1.025110    5.88839E-04    3.89488E-04
  191     1.025104    3.86085E-04    4.33600E-04
  192     1.025105    4.72887E-05    1.44657E-03
  193     1.025106    2.45012E-05    1.21994E-03
  194     1.025106    2.04273E-05    1.65181E-03
     ...Fission Source Extrapolated...
  195     1.025110    5.13915E-04    3.44352E-04
  196     1.025105    3.36960E-04    3.78518E-04
  197     1.025106    4.12613E-05    1.27958E-03
  198     1.025106    2.13737E-05    1.07839E-03
  199     1.025106    1.78183E-05    1.46173E-03
     ...Fission Source Extrapolated...
  200     1.025110    4.47196E-04    3.04764E-04
  201     1.025105    2.93130E-04    3.29468E-04
  202     1.025106    3.59417E-05    1.12942E-03
  203     1.025106    1.86380E-05    9.50692E-04
  204     1.025107    1.55442E-05    1.28989E-03
     ...Fission Source Extrapolated...
  205     1.025109    3.90595E-04    2.68995E-04
  206     1.025106    2.56045E-04    2.87835E-04
  207     1.025106    3.13766E-05    9.99807E-04
  208     1.025107    1.62634E-05    8.41286E-04
  209     1.025107    1.35615E-05    1.14279E-03
     ...Fission Source Extrapolated...
  210     1.025109    3.39489E-04    2.38373E-04
  211     1.025106    2.22453E-04    2.50258E-04
  212     1.025107    2.73163E-05    8.82423E-04
  213     1.025107    1.41821E-05    7.41386E-04
  214     1.025107    1.18336E-05    1.00810E-03
     ...Fission Source Extrapolated...
  215     1.025109    2.96845E-04    2.10331E-04
  216     1.025107    1.94540E-04    2.18875E-04
  217     1.025107    2.38643E-05    7.82245E-04
  218     1.025107    1.23800E-05    6.57124E-04
  219     1.025107    1.03268E-05    8.94639E-04
     ...Fission Source Extrapolated...
  220     1.025109    2.57746E-04    1.86710E-04
  221     1.025107    1.68828E-04    1.90120E-04
  222     1.025107    2.07668E-05    6.90520E-04
  223     1.025107    1.07966E-05    5.79000E-04
  224     1.025107    9.01360E-06    7.89078E-04
     ...Fission Source Extrapolated...
  225     1.025109    2.24986E-04    1.64724E-04
  226     1.025107    1.47363E-04    1.66003E-04
  227     1.025107    1.81275E-05    6.11515E-04
  228     1.025107    9.42528E-06    5.12579E-04
  229     1.025108    7.86916E-06    6.99418E-04
     ...Fission Source Extrapolated...
  230     1.025109    1.95984E-04    1.46068E-04
  231     1.025107    1.28336E-04    1.44660E-04
  232     1.025107    1.58068E-05    5.41531E-04
  233     1.025108    8.22678E-06    4.53360E-04
  234     1.025108    6.87115E-06    6.19349E-04
     ...Fission Source Extrapolated...
  235     1.025109    1.71236E-04    1.29382E-04
  236     1.025107    1.12133E-04    1.26433E-04
  237     1.025108    1.38072E-05    4.80730E-04
  238     1.025108    7.18452E-06    4.02203E-04
  239     1.025108    6.00019E-06    5.50148E-04
     ...Fission Source Extrapolated...
  240     1.025109    1.49309E-04    1.14956E-04
  241     1.025108    9.77588E-05    1.10287E-04
  242     1.025108    1.20472E-05    4.26519E-04
  243     1.025108    6.27274E-06    3.56396E-04
  244     1.025108    5.24002E-06    4.88074E-04
     ...Fission Source Extrapolated...
  245     1.025109    1.30548E-04    1.02007E-04
  246     1.025108    8.54832E-05    9.64633E-05
  247     1.025108    1.05280E-05    3.79287E-04
  248     1.025108    5.47912E-06    3.16712E-04
  249     1.025108    4.57623E-06    4.34283E-04
     ...Fission Source Extrapolated...
  250     1.025109    1.13893E-04    9.07824E-05
  251     1.025108    7.45690E-05    8.54852E-05
  252     1.025108    9.18895E-06    3.37024E-04
  253     1.025108    4.78433E-06    2.81052E-04
  254     1.025108    3.99728E-06    3.85855E-04
     ...Fission Source Extrapolated...
  255     1.025109    9.96447E-05    8.06719E-05
  256     1.025108    6.64317E-05    7.61716E-05
  257     1.025108    8.03309E-06    3.00179E-04
  258     1.025108    4.17938E-06    2.50153E-04
  259     1.025108    3.55896E-06    3.43884E-04
     ...Fission Source Extrapolated...
  260     1.025109    8.72504E-05    7.19076E-05
  261     1.025108    5.90912E-05    6.77536E-05
  262     1.025108    7.01225E-06    2.67078E-04
  263     1.025108    3.64935E-06    2.22262E-04
  264     1.025108    3.16861E-06    3.05917E-04
     ...Fission Source Extrapolated...
  265     1.025109    7.84253E-05    6.39762E-05
  266     1.025108    5.27790E-05    6.08239E-05
  267     1.025108    6.13394E-06    2.38361E-04
  268     1.025108    3.22430E-06    1.98249E-04
  269     1.025108    2.82384E-06    2.73236E-04
     ...Fission Source Extrapolated...
  270     1.025109    7.01047E-05    5.71466E-05
  271     1.025108    4.68755E-05    5.43628E-05
  272     1.025108    5.34676E-06    2.11891E-04
  273     1.025108    2.89059E-06    1.75902E-04
  274     1.025108    2.52485E-06    2.42717E-04
     ...Fission Source Extrapolated...
  275     1.025109    6.30199E-05    5.07709E-05
  276     1.025108    4.18615E-05    4.88611E-05
  277     1.025108    4.67509E-06    1.89055E-04
  278     1.025108    2.59535E-06    1.56878E-04
  279     1.025108    2.26609E-06    2.16766E-04
     ...Fission Source Extrapolated...
  280     1.025109    5.64797E-05    4.53526E-05
  281     1.025108    3.72827E-05    4.37833E-05
  282     1.025108    4.09601E-06    1.68445E-04
  283     1.025108    2.32934E-06    1.39559E-04
  284     1.025108    2.03412E-06    1.93078E-04
     ...Fission Source Extrapolated...
  285     1.025109    5.07787E-05    4.04015E-05
  286     1.025108    3.33041E-05    3.93576E-05
  287     1.025108    3.68531E-06    1.50390E-04
  288     1.025108    2.09281E-06    1.24507E-04
  289     1.025108    1.82705E-06    1.72484E-04
     ...Fission Source Extrapolated...
  290     1.025109    4.55663E-05    3.60984E-05
  291     1.025108    2.96994E-05    3.53120E-05
  292     1.025108    3.31236E-06    1.34146E-04
  293     1.025108    1.88004E-06    1.10901E-04
  294     1.025108    1.64143E-06    1.53831E-04
     ...Fission Source Extrapolated...
  295     1.025109    4.10467E-05    3.21991E-05
  296     1.025108    2.65885E-05    3.18041E-05
  297     1.025108    2.98440E-06    1.20008E-04
  298     1.025108    1.69067E-06    9.91481E-05
  299     1.025108    1.47549E-06    1.37718E-04
     ...Fission Source Extrapolated...
  300     1.025109    3.69149E-05    2.88296E-05
  301     1.025108    2.37963E-05    2.85978E-05
  302     1.025108    2.68640E-06    1.07301E-04
  303     1.025108    1.52010E-06    8.85297E-05
  304     1.025109    1.32650E-06    1.23128E-04
     ...Fission Source Extrapolated...
  305     1.025109    3.32724E-05    2.57759E-05
  306     1.025108    2.14549E-05    2.57715E-05
  307     1.025108    2.42166E-06    9.60902E-05
  308     1.025109    1.36772E-06    7.92119E-05
  309     1.025109    1.19308E-06    1.10316E-04
     ...Fission Source Extrapolated...
  310     1.025109    2.98942E-05    2.30947E-05
  311     1.025108    1.92764E-05    2.31514E-05
  312     1.025109    2.17915E-06    8.58564E-05
  313     1.025109    1.23021E-06    7.06639E-05
  314     1.025109    1.07323E-06    9.85327E-05
     ...Fission Source Extrapolated...
  315     1.025109    2.69351E-05    2.06296E-05
  316     1.025109    1.73717E-05    2.08566E-05
  317     1.025109    1.96461E-06    7.68504E-05
  318     1.025109    1.10755E-06    6.32008E-05
  319     1.025109    9.65955E-07    8.82445E-05
     ...Fission Source Extrapolated...
  320     1.025109    2.42275E-05    1.84783E-05
  321     1.025109    1.56258E-05    1.87572E-05
  322     1.025109    1.76953E-06    6.87324E-05
  323     1.025109    9.97001E-07    5.64465E-05
  324     1.025109    8.69577E-07    7.89138E-05
     ...Fission Source Extrapolated...
  325     1.025109    2.18611E-05    1.65265E-05
  326     1.025109    1.41034E-05    1.69225E-05
  327     1.025109    1.59703E-06    6.16208E-05
  328     1.025109    8.98293E-07    5.05688E-05
  329     1.025109    7.83208E-07    7.07922E-05
     ...Fission Source Extrapolated...
  330     1.025109    1.96899E-05    1.48272E-05
  331     1.025109    1.27038E-05    1.52395E-05
  332     1.025109    1.43986E-06    5.51983E-05
  333     1.025109    8.09204E-07    4.52359E-05
  334     1.025109    7.05510E-07    6.34061E-05
     ...Fission Source Extrapolated...
  335     1.025109    1.77994E-05    1.32810E-05
  336     1.025109    1.14886E-05    1.37739E-05
  337     1.025109    1.30111E-06    4.95859E-05
  338     1.025109    7.29615E-07    4.06105E-05
  339     1.025109    6.35804E-07    5.69999E-05
     ...Fission Source Extrapolated...
  340     1.025109    1.60361E-05    1.19394E-05
  341     1.025109    1.03513E-05    1.24075E-05
  342     1.025109    1.17341E-06    4.44509E-05
  343     1.025109    6.57524E-07    3.63483E-05
  344     1.025109    5.72991E-07    5.10790E-05
     ...Fission Source Extrapolated...
  345     1.025109    1.44659E-05    1.06992E-05
  346     1.025109    9.33890E-06    1.11911E-05
  347     1.025109    1.05927E-06    3.98637E-05
  348     1.025109    5.92947E-07    3.25657E-05
  349     1.025109    5.16621E-07    4.58207E-05
     ...Fission Source Extrapolated...
  350     1.025109    1.30385E-05    9.59903E-06
  351     1.025109    8.41775E-06    1.00855E-05
  352     1.025109    9.55829E-07    3.57372E-05
  353     1.025109    5.34734E-07    2.91587E-05
  354     1.025109    4.65902E-07    4.10778E-05
     ...Fission Source Extrapolated...
  355     1.025109    1.17702E-05    8.60657E-06
  356     1.025109    7.59996E-06    9.10330E-06

 ***********************************************
Effective Factor Multiplication : Keff = 1.025109
 ***********************************************


     Radial Power Distribution
   ==============================
           1       2       3       4       5       6       7       8       9
     9   0.985   1.083   1.189   1.206   0.982   0.925   0.987   1.163   0.000
     8   1.083   1.009   1.118   1.171   1.053   0.925   0.964   1.112   0.000
     7   1.189   1.118   1.014   1.092   1.070   0.873   0.842   0.946   0.000
     6   1.206   1.171   1.092   1.111   1.027   0.856   0.765   0.615   0.000
     5   0.982   1.053   1.070   1.027   1.071   0.960   1.001   0.000   0.000
     4   0.925   0.925   0.873   0.856   0.960   1.402   0.780   0.000   0.000
     3   0.987   0.964   0.842   0.765   1.001   0.780   0.000   0.000   0.000
     2   1.163   1.112   0.946   0.615   0.000   0.000   0.000   0.000   0.000
     1   0.000   0.000   0.000   0.000   0.000   0.000   0.000   0.000   0.000

   MAX POS.       Maximum Value
  (  4,  6)          1.402


     Axial Power Density Distribution
   ====================================

     Plane Number        Power      Height
    -----------------------------------------
         2  (Top)        1.000       23.12
         1  (Bottom)     1.000       11.56

   MAX POS.       Maximum Value
    (  1)             1.000

     Radial Flux Distribution
   ==============================
    Group :   1
             1          2          3          4          5          6          7          8          9
     9   1.945E-02  1.954E-02  2.127E-02  2.114E-02  1.937E-02  1.788E-02  1.926E-02  1.512E-02  2.337E-03 
     8   1.954E-02  1.993E-02  2.014E-02  2.094E-02  1.896E-02  1.825E-02  1.877E-02  1.447E-02  2.228E-03 
     7   2.127E-02  2.014E-02  2.001E-02  1.966E-02  1.918E-02  1.685E-02  1.648E-02  1.230E-02  1.869E-03 
     6   2.113E-02  2.094E-02  1.966E-02  1.989E-02  1.848E-02  1.689E-02  1.369E-02  8.142E-03  1.145E-03 
     5   1.937E-02  1.896E-02  1.918E-02  1.848E-02  1.916E-02  1.786E-02  1.312E-02  2.860E-03  2.563E-04 
     4   1.788E-02  1.824E-02  1.685E-02  1.689E-02  1.786E-02  1.811E-02  1.023E-02  1.393E-03  0.000E+00 
     3   1.926E-02  1.877E-02  1.647E-02  1.369E-02  1.312E-02  1.023E-02  2.703E-03  2.951E-04  0.000E+00 
     2   1.512E-02  1.446E-02  1.230E-02  8.141E-03  2.860E-03  1.393E-03  2.951E-04  0.000E+00  0.000E+00 
     1   2.337E-03  2.228E-03  1.869E-03  1.145E-03  2.563E-04  0.000E+00  0.000E+00  0.000E+00  0.000E+00 

    Group :   2
             1          2          3          4          5          6          7          8          9
     9   1.965E-02  1.903E-02  2.205E-02  2.122E-02  1.959E-02  1.708E-02  1.970E-02  1.697E-02  5.115E-04 
     8   1.903E-02  2.014E-02  1.965E-02  2.171E-02  1.849E-02  1.845E-02  1.924E-02  1.624E-02  4.879E-04 
     7   2.205E-02  1.965E-02  2.022E-02  1.919E-02  1.984E-02  1.612E-02  1.680E-02  1.380E-02  4.108E-04 
     6   2.122E-02  2.171E-02  1.919E-02  2.060E-02  1.804E-02  1.707E-02  1.343E-02  8.970E-03  2.490E-04 
     5   1.959E-02  1.849E-02  1.984E-02  1.804E-02  1.986E-02  1.776E-02  1.461E-02  7.420E-04  9.143E-06 
     4   1.708E-02  1.844E-02  1.612E-02  1.707E-02  1.776E-02  2.047E-02  1.139E-02  3.014E-04  0.000E+00 
     3   1.969E-02  1.924E-02  1.680E-02  1.343E-02  1.460E-02  1.139E-02  7.338E-04  1.126E-05  0.000E+00 
     2   1.697E-02  1.624E-02  1.380E-02  8.969E-03  7.420E-04  3.014E-04  1.126E-05  0.000E+00  0.000E+00 
     1   5.114E-04  4.879E-04  4.107E-04  2.490E-04  9.143E-06  0.000E+00  0.000E+00  0.000E+00  0.000E+00 

 Total Time :    9.1562500000000000       Seconds
