                                                                                
      /\               /\                                                       
     //\\             //\\                                                      
    //**\\           //**\\                                                     
   //****\\         //****\\                                                    
  //******\\       //******\\   ____                   _   _           _        
  ---------   /*\   ---------  / __ \                 | \ | |         | |       
             (***)            | |  | |_ __   ___ _ __ |  \| | ___   __| | ___   
              \*/             | |  | | "_ \ / _ \ "_ \| . ` |/ _"\ / _" |/ _ \  
                              | |__| | |_) |  __/ | | | |\  | |_) | (_| |  __/  
              //\\             \____/| .__/ \___)_| |_|_| \_|\___/ \___/ \___|  
             //**\\                  | |                                        
            //****\\                 |_|                                        
           //******\\                                                           
           ----------                                                           
                                                                                
 ____________________________________________________________
          | The OpenNode, Nodal Methods for Neutron Diffusion
 Version  | Version Number: 1.1                              
 Copyright| 2021 Radiation & Nuclear System Laboratory       
          | University Abdelmalk Essaadi                     
          | Faculty of Sciences, Tetouan, Morocco            
 Source   | FORTRAN90 version                                
 GUI      | PyQt5                                            
 Method   | The Nodal Expansion Method (NEM)                 
 Dimension| Three Dimensions (3D)                            
 Geometry | Cartesian                                        
 ____________________________________________________________
                        ==========================
   Calculation Mode :    Rod Ejection Calculation with TH feedbacks 
   ----------------     ==========================

            --------------------------------------------
            >>>> Writing Macroscopic Cross Sections <<<<
            --------------------------------------------
     Material  1
    Group   Transport    Diffusion  Absorption    Removal      Nu*Fiss      Kap*Fis    Fiss. Spctr
       1     0.053206    6.264981    0.000373    0.026829     0.000000     0.000000     1.000000
       2     0.386406    0.862651    0.017722    0.017722     0.000000     0.000000     0.000000
         --Scattering Matrix--
           G/G'          1          2
            1        0.000000    0.026455
            2        0.000000    0.000000
     Material  2
    Group   Transport    Diffusion  Absorption    Removal      Nu*Fiss      Kap*Fis    Fiss. Spctr
       1     0.295609    1.127616    0.001188    0.024349     0.000000     0.000000     1.000000
       2     2.459310    0.135539    0.252618    0.252618     0.000000     0.000000     0.000000
         --Scattering Matrix--
           G/G'          1          2
            1        0.000000    0.023161
            2        0.000000    0.000000
     Material  3
    Group   Transport    Diffusion  Absorption    Removal      Nu*Fiss      Kap*Fis    Fiss. Spctr
       1     0.295609    1.127616    0.001188    0.021269     0.000000     0.000000     1.000000
       2     2.459310    0.135539    0.252618    0.252618     0.000000     0.000000     0.000000
         --Scattering Matrix--
           G/G'          1          2
            1        0.000000    0.020081
            2        0.000000    0.000000
     Material  4
    Group   Transport    Diffusion  Absorption    Removal      Nu*Fiss      Kap*Fis    Fiss. Spctr
       1     0.222117    1.500711    0.008718    0.026968     0.004983     0.000000     1.000000
       2     0.803140    0.415038    0.065255    0.065255     0.083903     0.000000     0.000000
         --Scattering Matrix--
           G/G'          1          2
            1        0.000000    0.018250
            2        0.000000    0.000000
     Material  5
    Group   Transport    Diffusion  Absorption    Removal      Nu*Fiss      Kap*Fis    Fiss. Spctr
       1     0.221914    1.502083    0.009061    0.027065     0.005577     0.000000     1.000000
       2     0.795538    0.419004    0.072335    0.072335     0.099863     0.000000     0.000000
         --Scattering Matrix--
           G/G'          1          2
            1        0.000000    0.018004
            2        0.000000    0.000000
     Material  6
    Group   Transport    Diffusion  Absorption    Removal      Nu*Fiss      Kap*Fis    Fiss. Spctr
       1     0.221715    1.503432    0.009385    0.027152     0.006150     0.000000     1.000000
       2     0.789253    0.422340    0.078920    0.078920     0.114667     0.000000     0.000000
         --Scattering Matrix--
           G/G'          1          2
            1        0.000000    0.017767
            2        0.000000    0.000000
     Material  7
    Group   Transport    Diffusion  Absorption    Removal      Nu*Fiss      Kap*Fis    Fiss. Spctr
       1     0.222039    1.501238    0.009317    0.026455     0.005550     0.000000     1.000000
       2     0.776230    0.429426    0.079633    0.079633     0.098558     0.000000     0.000000
         --Scattering Matrix--
           G/G'          1          2
            1        0.000000    0.017138
            2        0.000000    0.000000
     Material  8
    Group   Transport    Diffusion  Absorption    Removal      Nu*Fiss      Kap*Fis    Fiss. Spctr
       1     0.222083    1.500940    0.009400    0.026250     0.005541     0.000000     1.000000
       2     0.769969    0.432918    0.082109    0.082109     0.098006     0.000000     0.000000
         --Scattering Matrix--
           G/G'          1          2
            1        0.000000    0.016850
            2        0.000000    0.000000
     Material  9
    Group   Transport    Diffusion  Absorption    Removal      Nu*Fiss      Kap*Fis    Fiss. Spctr
       1     0.222127    1.500643    0.009483    0.026045     0.005531     0.000000     1.000000
       2     0.763813    0.436407    0.084591    0.084591     0.097411     0.000000     0.000000
         --Scattering Matrix--
           G/G'          1          2
            1        0.000000    0.016563
            2        0.000000    0.000000
     Material 10
    Group   Transport    Diffusion  Absorption    Removal      Nu*Fiss      Kap*Fis    Fiss. Spctr
       1     0.221836    1.502612    0.009637    0.026542     0.006124     0.000000     1.000000
       2     0.770705    0.432504    0.086119    0.086119     0.113241     0.000000     0.000000
         --Scattering Matrix--
           G/G'          1          2
            1        0.000000    0.016904
            2        0.000000    0.000000
     Material 11
    Group   Transport    Diffusion  Absorption    Removal      Nu*Fiss      Kap*Fis    Fiss. Spctr
       1     0.221878    1.502327    0.009719    0.026337     0.006114     0.000000     1.000000
       2     0.764704    0.435899    0.088549    0.088549     0.112635     0.000000     0.000000
         --Scattering Matrix--
           G/G'          1          2
            1        0.000000    0.016618
            2        0.000000    0.000000

            -------------------------------
            >>>>>Wrting Core Geometry<<<<<
            -------------------------------
  Number of Assembly in x, y and z Directions Respectively :
           9           9          18
  Number of Nodes in x, y and z Directions Respectively :
           9           9          72

  x-Directed Nodes Divison (Delta-x)
    10.80  21.61  21.61  21.61  21.61  21.61  21.61  21.61  21.61
  y-Directed Nodes Divison (Delta-y)
    21.61  21.61  21.61  21.61  21.61  21.61  21.61  21.61  10.80
  Planar Region :  1
        1  2  3  4  5  6  7  8  9
     9  1  1  1  1  1  1  1  1  2 
     8  1  1  1  1  1  1  1  1  2 
     7  1  1  1  1  1  1  1  3  2 
     6  1  1  1  1  1  1  1  2    
     5  1  1  1  1  1  1  3  2    
     4  1  1  1  1  1  3  2       
     3  1  1  1  1  3  2          
     2  1  1  3  2  2             
     1  2  2  2                   
  Planar Region :  2
        1  2  3  4  5  6  7  8  9
     9  4  5  4  5  4  5  4  6  2 
     8  5  4  5  4  5  4  6  6  2 
     7  4  5  4  5  4  5  6  3  2 
     6  5  4  5  4  5  6  6  2    
     5  4  5  4  5  4  6  3  2    
     4  5  4  5  6  6  3  2       
     3  4  6  6  6  3  2          
     2  6  6  3  2  2             
     1  2  2  2                   
  Planar Region :  3
        1  2  3  4  5  6  7  8  9
     9  4  9  4  9  4  7  4  6  2 
     8  9  4  8  4  8  4  11 6  2 
     7  4  8  4  8  4  8  6  3  2 
     6  9  4  8  4  8  10 6  2    
     5  4  8  4  8  4  6  3  2    
     4  7  4  8  10 6  3  2       
     3  4  11 6  6  3  2          
     2  6  6  3  2  2             
     1  2  2  2                   

  Planar Region Assignment to Planes.
 -------------------------------------
   Plane Number     Planar Region    Delta-z
       72 (Top)            1           7.50
       71                  1           7.50
       70                  1           7.50
       69                  1           7.50
       68                  3           2.00
       67                  3           2.00
       66                  3           2.00
       65                  3           2.00
       64                  3           3.20
       63                  3           3.20
       62                  3           3.20
       61                  3           3.20
       60                  3           3.20
       59                  3           3.20
       58                  3           3.20
       57                  3           3.20
       56                  3           7.50
       55                  3           7.50
       54                  3           7.50
       53                  3           7.50
       52                  3           7.50
       51                  3           7.50
       50                  3           7.50
       49                  3           7.50
       48                  3           7.50
       47                  3           7.50
       46                  3           7.50
       45                  3           7.50
       44                  3           7.50
       43                  3           7.50
       42                  3           7.50
       41                  3           7.50
       40                  3           7.50
       39                  3           7.50
       38                  3           7.50
       37                  3           7.50
       36                  3           7.50
       35                  3           7.50
       34                  3           7.50
       33                  3           7.50
       32                  3           7.50
       31                  3           7.50
       30                  3           7.50
       29                  3           7.50
       28                  3           7.50
       27                  3           7.50
       26                  3           7.50
       25                  3           7.50
       24                  3           7.50
       23                  3           7.50
       22                  3           7.50
       21                  3           7.50
       20                  3           7.50
       19                  3           7.50
       18                  3           7.50
       17                  3           7.50
       16                  3           3.75
       15                  3           3.75
       14                  3           3.75
       13                  3           3.75
       12                  3           2.75
       11                  3           2.75
       10                  3           2.75
        9                  3           2.75
        8                  2           1.93
        7                  2           1.93
        6                  2           1.93
        5                  2           1.93
        4                  1           7.50
        3                  1           7.50
        2                  1           7.50
        1 (Bottom)         1           7.50

   Boundary Conditions
   -------------------
  X-Directed West   : Reflective
  X-Directed East   : Zero Flux
  Y-Directed North  : Reflective
  Y-Directed South  : Zero Flux
  Z-Directed Bottom : Zero Flux
  Z-Directed Top    : Zero Flux

  ...Core Geometry is Sucessfully Read...
     ---------------------------------


            >>>> READING CONTROL RODS INSERTION <<<<
            --------------------------------------------
  NUMBER OF CONTROL ROD BANK  :  7
  MAX. NUMBER OF STEPS        : 228
  FULLY INSERTED POSITION (cm): 37.7 (FROM BOTTOM OF THE CORE)
  STEP SIZE (cm)              :   1.5942
  CR CUSPING CORRECTION       : NOT ACTIVE
  INITIAL CONTROL ROD BANK POSITION (STEPS) : 
  (0 means fully inserted) 
    Bank  1  Bank  2  Bank  3  Bank  4  Bank  5  Bank  6  Bank  7
      0.0      0.0      0.0    228.0      0.0      0.0      0.0

  CONTROL ROD BANK MAP : 
  1  0  2  0  0  0  3  0  0
  0  4  0  0  0  6  0  0  0
  2  0  5  0  6  0  6  0  0
  0  0  0  4  0  0  0  0  0
  0  0  6  0  7  0  0  0  0
  0  6  0  0  0  0  0  0  0
  3  0  6  0  0  0  0  0  0
  0  0  0  0  0  0  0  0  0
  0  0  0  0  0  0  0  0  0

  MATERIAL CX INCREMENT OR DECREMENT DUE TO CR INSERTION : 
    MATERIAL  1
    GROUP   TRANSPORT  ABSORPTION      NU*FISS      FISSION
       1     0.003732    0.002478    -0.000103    -0.000000
       2    -0.021993    0.025587    -0.002823    -0.000000
   --SCATTERING MATRIX--
     G/G'        1        2
      1      0.000000 -0.003193
      2      0.000000  0.000000
    MATERIAL  2
    GROUP   TRANSPORT  ABSORPTION      NU*FISS      FISSION
       1     0.003732    0.002478    -0.000103    -0.000000
       2    -0.021993    0.025587    -0.002823    -0.000000
   --SCATTERING MATRIX--
     G/G'        1        2
      1      0.000000 -0.003193
      2      0.000000  0.000000
    MATERIAL  3
    GROUP   TRANSPORT  ABSORPTION      NU*FISS      FISSION
       1     0.003732    0.002478    -0.000103    -0.000000
       2    -0.021993    0.025587    -0.002823    -0.000000
   --SCATTERING MATRIX--
     G/G'        1        2
      1      0.000000 -0.003193
      2      0.000000  0.000000
    MATERIAL  4
    GROUP   TRANSPORT  ABSORPTION      NU*FISS      FISSION
       1     0.003732    0.002478    -0.000103    -0.000000
       2    -0.021993    0.025587    -0.002823    -0.000000
   --SCATTERING MATRIX--
     G/G'        1        2
      1      0.000000 -0.003193
      2      0.000000  0.000000
    MATERIAL  5
    GROUP   TRANSPORT  ABSORPTION      NU*FISS      FISSION
       1     0.003732    0.002478    -0.000103    -0.000000
       2    -0.021993    0.025587    -0.002823    -0.000000
   --SCATTERING MATRIX--
     G/G'        1        2
      1      0.000000 -0.003193
      2      0.000000  0.000000
    MATERIAL  6
    GROUP   TRANSPORT  ABSORPTION      NU*FISS      FISSION
       1     0.003741    0.002429    -0.000123    -0.000000
       2    -0.016750    0.025648    -0.003281    -0.000000
   --SCATTERING MATRIX--
     G/G'        1        2
      1      0.000000 -0.003142
      2      0.000000  0.000000
    MATERIAL  7
    GROUP   TRANSPORT  ABSORPTION      NU*FISS      FISSION
       1     0.003732    0.002478    -0.000103    -0.000000
       2    -0.021993    0.025587    -0.002823    -0.000000
   --SCATTERING MATRIX--
     G/G'        1        2
      1      0.000000 -0.003193
      2      0.000000  0.000000
    MATERIAL  8
    GROUP   TRANSPORT  ABSORPTION      NU*FISS      FISSION
       1     0.003732    0.002478    -0.000103    -0.000000
       2    -0.021993    0.025587    -0.002823    -0.000000
   --SCATTERING MATRIX--
     G/G'        1        2
      1      0.000000 -0.003193
      2      0.000000  0.000000
    MATERIAL  9
    GROUP   TRANSPORT  ABSORPTION      NU*FISS      FISSION
       1     0.003732    0.002478    -0.000103    -0.000000
       2    -0.021993    0.025587    -0.002823    -0.000000
   --SCATTERING MATRIX--
     G/G'        1        2
      1      0.000000 -0.003193
      2      0.000000  0.000000
    MATERIAL 10
    GROUP   TRANSPORT  ABSORPTION      NU*FISS      FISSION
       1     0.003732    0.002478    -0.000103    -0.000000
       2    -0.021993    0.025587    -0.002823    -0.000000
   --SCATTERING MATRIX--
     G/G'        1        2
      1      0.000000 -0.003193
      2      0.000000  0.000000
    MATERIAL 11
    GROUP   TRANSPORT  ABSORPTION      NU*FISS      FISSION
       1     0.003732    0.002478    -0.000103    -0.000000
       2    -0.021993    0.025587    -0.002823    -0.000000
   --SCATTERING MATRIX--
     G/G'        1        2
      1      0.000000 -0.003193
      2      0.000000  0.000000

  ...Control Rods Insertion card is sucessfully read...


            >>>>     READING ROD EJECTION DATA      <<<<
            --------------------------------------------
                           Bank  1  Bank  2  Bank  3  Bank  4  Bank  5  Bank  6  Bank  7
  FINAL BANK POS. (STEP)    228.0      0.0      0.0    228.0      0.0      0.0      0.0
  STARTS MOVE (SECOND)        0.0      0.0      0.0      0.0      0.0      0.0      0.0
  SPEED (STEP/SECOND)      2280.0      0.0      0.0      0.0      0.0      0.0      0.0

  TIME PARAMETERS IN SECONDS : 
    TOTAL SIMULATION TIME         :   5.00
    FIRST TIME STEP               : 0.0050
    SECOND TIME STEP              : 0.1000
    WHEN SECOND TIME STEP APPLY?  :   1.00

  DELAYED NEUTRON FRACTION : 
    0.00026    0.00152    0.00139    0.00307    0.00110    0.00026

  PRECUSOR DECAY CONSTANT (1/s): 
    0.01280    0.03180    0.11900    0.31810    1.40270    3.92860

  NEUTRON VELOCITY (cm/s) : 
    2.80000E+07    4.40000E+05

  ...Rod Ejection Card is sucessfully read...


            >>>>       READING BORON CONCENTRATION        <<<<
            --------------------------------------------------
  BORON CONCENTRATION SET       :  561.69
  BORON CONCENTRATION REFERENCE : 1200.20

  MATERIAL CX CHANGES PER PPM BORON CHANGES : 
    MATERIAL  1
     GROUP   TRANSPORT   ABSORPTION   NU*FISS       FISSION
       1     0.000000    0.000000   0.00000E+00   0.00000E+00
       2     0.000005    0.000010   0.00000E+00   0.00000E+00
   --SCATTERING MATRIX--
     G/G'          1          2
      1      0.00000E+00  0.79146E-09
      2      0.00000E+00  0.00000E+00
    MATERIAL  2
     GROUP   TRANSPORT   ABSORPTION   NU*FISS       FISSION
       1     0.000000    0.000000   0.00000E+00   0.00000E+00
       2     0.000776    0.000084   0.00000E+00   0.00000E+00
   --SCATTERING MATRIX--
     G/G'          1          2
      1      0.00000E+00  0.00000E+00
      2      0.00000E+00  0.00000E+00
    MATERIAL  3
     GROUP   TRANSPORT   ABSORPTION   NU*FISS       FISSION
       1     0.000000    0.000000   0.00000E+00   0.00000E+00
       2     0.000776    0.000084   0.00000E+00   0.00000E+00
   --SCATTERING MATRIX--
     G/G'          1          2
      1      0.00000E+00  0.00000E+00
      2      0.00000E+00  0.00000E+00
    MATERIAL  4
     GROUP   TRANSPORT   ABSORPTION   NU*FISS       FISSION
       1     0.000000    0.000000  -0.11210E-08  -0.17619E-19
       2    -0.000010    0.000007  -0.24305E-05  -0.31909E-16
   --SCATTERING MATRIX--
     G/G'          1          2
      1      0.00000E+00 -0.10859E-06
      2      0.00000E+00  0.00000E+00
    MATERIAL  5
     GROUP   TRANSPORT   ABSORPTION   NU*FISS       FISSION
       1     0.000000    0.000000  -0.16788E-08  -0.24996E-19
       2    -0.000009    0.000007  -0.27244E-05  -0.35768E-16
   --SCATTERING MATRIX--
     G/G'          1          2
      1      0.00000E+00 -0.10695E-06
      2      0.00000E+00  0.00000E+00
    MATERIAL  6
     GROUP   TRANSPORT   ABSORPTION   NU*FISS       FISSION
       1     0.000000    0.000000  -0.22104E-08  -0.32023E-19
       2    -0.000007    0.000007  -0.29588E-05  -0.38845E-16
   --SCATTERING MATRIX--
     G/G'          1          2
      1      0.00000E+00 -0.10537E-06
      2      0.00000E+00  0.00000E+00
    MATERIAL  7
     GROUP   TRANSPORT   ABSORPTION   NU*FISS       FISSION
       1     0.000000    0.000000  -0.17132E-08  -0.24996E-19
       2    -0.000007    0.000006  -0.25536E-05  -0.33522E-16
   --SCATTERING MATRIX--
     G/G'          1          2
      1      0.00000E+00 -0.10087E-06
      2      0.00000E+00  0.00000E+00
    MATERIAL  8
     GROUP   TRANSPORT   ABSORPTION   NU*FISS       FISSION
       1     0.000000    0.000000  -0.17242E-08  -0.25490E-19
       2    -0.000006    0.000006  -0.24888E-05  -0.32670E-16
   --SCATTERING MATRIX--
     G/G'          1          2
      1      0.00000E+00 -0.98858E-07
      2      0.00000E+00  0.00000E+00
    MATERIAL  9
     GROUP   TRANSPORT   ABSORPTION   NU*FISS       FISSION
       1     0.000000    0.000000  -0.17350E-08  -0.25605E-19
       2    -0.000006    0.000006  -0.24224E-05  -0.31798E-16
   --SCATTERING MATRIX--
     G/G'          1          2
      1      0.00000E+00 -0.96849E-07
      2      0.00000E+00  0.00000E+00
    MATERIAL 10
     GROUP   TRANSPORT   ABSORPTION   NU*FISS       FISSION
       1     0.000000    0.000000  -0.22434E-08  -0.32023E-19
       2    -0.000006    0.000006  -0.27766E-05  -0.36451E-16
   --SCATTERING MATRIX--
     G/G'          1          2
      1      0.00000E+00 -0.99331E-07
      2      0.00000E+00  0.00000E+00
    MATERIAL 11
     GROUP   TRANSPORT   ABSORPTION   NU*FISS       FISSION
       1     0.000000    0.000000  -0.22537E-08  -0.32487E-19
       2    -0.000005    0.000006  -0.27078E-05  -0.35548E-16
   --SCATTERING MATRIX--
     G/G'          1          2
      1      0.00000E+00 -0.97329E-07
      2      0.00000E+00  0.00000E+00

  ...Boron Concentration card is sucessfully read...


            >>>>   READING THERMAL-HYDRAULIC DATA   <<<<
            --------------------------------------------
  REACTOR PERCENT POWER (%)                :      0.00010
  REACTOR POWER (Watt)                     :   6.9375E+08
  COOLANT INLET TEMPERATURE (Kelvin)       :   5.5915E+02
  FUEL ASSEMBLY MASS FLOW RATE (Kg/s)      :   8.2121E+01
  FUEL MEAT RADIUS (m)                     :   4.1195E-03
  GAP THICKNESS (m)                        :   6.8000E-05
  CLAD THICKNESS (m)                       :   5.7100E-04
  PIN PITCH(m)                             :   1.2655E-02
  FRACTION OF HEAT DEPOSITED IN COOL.      :   1.9000E-02

  ...Thermal-hydraulic Card is sucessfully read...


            >>>>      READING FUEL TEMPERATURE      <<<<
            --------------------------------------------
  AVERAGE FUEL TEMPERATURE   :891.19  (NOT USED)
  FUEL TEMPERATURE REFERENCE :891.45

  MATERIAL CX CHANGES PER FUEL TEMPERATURE CHANGES : 
    MATERIAL  1
     GROUP   TRANSPORT   ABSORPTION   NU*FISS       FISSION
       1   0.00000E+00  0.00000E+00   0.00000E+00   0.00000E+00
       2   0.00000E+00  0.00000E+00   0.00000E+00   0.00000E+00
   --SCATTERING MATRIX--
     G/G'          1          2
      1      0.00000E+00  0.00000E+00
      2      0.00000E+00  0.00000E+00
    MATERIAL  2
     GROUP   TRANSPORT   ABSORPTION   NU*FISS       FISSION
       1   0.00000E+00  0.00000E+00   0.00000E+00   0.00000E+00
       2   0.00000E+00  0.00000E+00   0.00000E+00   0.00000E+00
   --SCATTERING MATRIX--
     G/G'          1          2
      1      0.00000E+00  0.00000E+00
      2      0.00000E+00  0.00000E+00
    MATERIAL  3
     GROUP   TRANSPORT   ABSORPTION   NU*FISS       FISSION
       1   0.00000E+00  0.00000E+00   0.00000E+00   0.00000E+00
       2   0.00000E+00  0.00000E+00   0.00000E+00   0.00000E+00
   --SCATTERING MATRIX--
     G/G'          1          2
      1      0.00000E+00  0.00000E+00
      2      0.00000E+00  0.00000E+00
    MATERIAL  4
     GROUP   TRANSPORT   ABSORPTION   NU*FISS       FISSION
       1  -0.30920E-04  0.34971E-04   0.64013E-06   0.71541E-17
       2  -0.13729E-03 -0.37181E-04  -0.56304E-04  -0.73919E-15
   --SCATTERING MATRIX--
     G/G'          1          2
      1      0.00000E+00 -0.27554E-04
      2      0.00000E+00  0.00000E+00
    MATERIAL  5
     GROUP   TRANSPORT   ABSORPTION   NU*FISS       FISSION
       1  -0.30861E-04  0.35180E-04   0.99743E-06   0.11868E-16
       2  -0.11748E-03 -0.37704E-04  -0.60415E-04  -0.79317E-15
   --SCATTERING MATRIX--
     G/G'          1          2
      1      0.00000E+00 -0.27677E-04
      2      0.00000E+00  0.00000E+00
    MATERIAL  6
     GROUP   TRANSPORT   ABSORPTION   NU*FISS       FISSION
       1  -0.30917E-04  0.35384E-04   0.14185E-05   0.17427E-16
       2  -0.10134E-03 -0.37756E-04  -0.63096E-04  -0.82836E-15
   --SCATTERING MATRIX--
     G/G'          1          2
      1      0.00000E+00 -0.27839E-04
      2      0.00000E+00  0.00000E+00
    MATERIAL  7
     GROUP   TRANSPORT   ABSORPTION   NU*FISS       FISSION
       1  -0.31375E-04  0.34870E-04   0.94543E-06   0.11868E-16
       2  -0.10827E-03 -0.37275E-04  -0.57966E-04  -0.76085E-15
   --SCATTERING MATRIX--
     G/G'          1          2
      1      0.00000E+00 -0.27355E-04
      2      0.00000E+00  0.00000E+00
    MATERIAL  8
     GROUP   TRANSPORT   ABSORPTION   NU*FISS       FISSION
       1  -0.31550E-04  0.34727E-04   0.92608E-06   0.10893E-16
       2  -0.10552E-03 -0.37181E-04  -0.57111E-04  -0.74957E-15
   --SCATTERING MATRIX--
     G/G'          1          2
      1      0.00000E+00 -0.27238E-04
      2      0.00000E+00  0.00000E+00
    MATERIAL  9
     GROUP   TRANSPORT   ABSORPTION   NU*FISS       FISSION
       1  -0.31728E-04  0.34603E-04   0.90580E-06   0.10617E-16
       2  -0.10252E-03 -0.37020E-04  -0.56154E-04  -0.73697E-15
   --SCATTERING MATRIX--
     G/G'          1          2
      1      0.00000E+00 -0.27117E-04
      2      0.00000E+00  0.00000E+00
    MATERIAL 10
     GROUP   TRANSPORT   ABSORPTION   NU*FISS       FISSION
       1  -0.31419E-04  0.35064E-04   0.13564E-05   0.17427E-16
       2  -0.93889E-04 -0.37140E-04  -0.60505E-04  -0.79425E-15
   --SCATTERING MATRIX--
     G/G'          1          2
      1      0.00000E+00 -0.27505E-04
      2      0.00000E+00  0.00000E+00
    MATERIAL 11
     GROUP   TRANSPORT   ABSORPTION   NU*FISS       FISSION
       1  -0.31591E-04  0.34912E-04   0.13334E-05   0.16277E-16
       2  -0.91713E-04 -0.36991E-04  -0.59628E-04  -0.78272E-15
   --SCATTERING MATRIX--
     G/G'          1          2
      1      0.00000E+00 -0.27383E-04
      2      0.00000E+00  0.00000E+00

  ...Fuel Temperature is card sucessfully read...


            >>>>   READING MODERATOR TEMPERATURE    <<<<
            --------------------------------------------
  AVERAGE MODERATOR TEMPERATURE   :559.19  (NOT USED)
  MODERATOR TEMPERATURE REFERENCE :579.75

  MATERIAL CX CHANGES PER MODERATOR TEMPERATURE CHANGES : 
    MATERIAL  1
     GROUP   TRANSPORT   ABSORPTION   NU*FISS       FISSION
       1   0.00000E+00  0.00000E+00   0.00000E+00   0.00000E+00
       2   0.00000E+00  0.00000E+00   0.00000E+00   0.00000E+00
   --SCATTERING MATRIX--
     G/G'          1          2
      1      0.00000E+00  0.00000E+00
      2      0.00000E+00  0.00000E+00
    MATERIAL  2
     GROUP   TRANSPORT   ABSORPTION   NU*FISS       FISSION
       1   0.00000E+00  0.00000E+00   0.00000E+00   0.00000E+00
       2   0.00000E+00  0.00000E+00   0.00000E+00   0.00000E+00
   --SCATTERING MATRIX--
     G/G'          1          2
      1      0.00000E+00  0.00000E+00
      2      0.00000E+00  0.00000E+00
    MATERIAL  3
     GROUP   TRANSPORT   ABSORPTION   NU*FISS       FISSION
       1   0.00000E+00  0.00000E+00   0.00000E+00   0.00000E+00
       2   0.00000E+00  0.00000E+00   0.00000E+00   0.00000E+00
   --SCATTERING MATRIX--
     G/G'          1          2
      1      0.00000E+00  0.00000E+00
      2      0.00000E+00  0.00000E+00
    MATERIAL  4
     GROUP   TRANSPORT   ABSORPTION   NU*FISS       FISSION
       1  -0.20331E-05  0.21219E-06   0.12471E-06   0.14304E-17
       2  -0.10867E-03 -0.31560E-04  -0.41644E-04  -0.54672E-15
   --SCATTERING MATRIX--
     G/G'          1          2
      1      0.00000E+00  0.80968E-06
      2      0.00000E+00  0.00000E+00
    MATERIAL  5
     GROUP   TRANSPORT   ABSORPTION   NU*FISS       FISSION
       1  -0.19808E-05  0.22600E-06   0.13515E-06   0.15690E-17
       2  -0.90615E-04 -0.32144E-04  -0.45310E-04  -0.59486E-15
   --SCATTERING MATRIX--
     G/G'          1          2
      1      0.00000E+00  0.85847E-06
      2      0.00000E+00  0.00000E+00
    MATERIAL  6
     GROUP   TRANSPORT   ABSORPTION   NU*FISS       FISSION
       1  -0.19243E-05  0.23994E-06   0.14908E-06   0.17542E-17
       2  -0.76279E-04 -0.32378E-04  -0.47847E-04  -0.62817E-15
   --SCATTERING MATRIX--
     G/G'          1          2
      1      0.00000E+00  0.90349E-06
      2      0.00000E+00  0.00000E+00
    MATERIAL  7
     GROUP   TRANSPORT   ABSORPTION   NU*FISS       FISSION
       1  -0.26963E-05  0.24853E-06   0.14077E-06   0.15690E-17
       2  -0.76244E-04 -0.30012E-04  -0.42020E-04  -0.55167E-15
   --SCATTERING MATRIX--
     G/G'          1          2
      1      0.00000E+00  0.70131E-06
      2      0.00000E+00  0.00000E+00
    MATERIAL  8
     GROUP   TRANSPORT   ABSORPTION   NU*FISS       FISSION
       1  -0.30791E-05  0.26185E-06   0.14323E-06   0.16790E-17
       2  -0.73340E-04 -0.29193E-04  -0.40770E-04  -0.53526E-15
   --SCATTERING MATRIX--
     G/G'          1          2
      1      0.00000E+00  0.61738E-06
      2      0.00000E+00  0.00000E+00
    MATERIAL  9
     GROUP   TRANSPORT   ABSORPTION   NU*FISS       FISSION
       1  -0.35388E-05  0.27431E-06   0.14602E-06   0.17167E-17
       2  -0.71371E-04 -0.28304E-04  -0.39432E-04  -0.51769E-15
   --SCATTERING MATRIX--
     G/G'          1          2
      1      0.00000E+00  0.51655E-06
      2      0.00000E+00  0.00000E+00
    MATERIAL 10
     GROUP   TRANSPORT   ABSORPTION   NU*FISS       FISSION
       1  -0.26391E-05  0.26429E-06   0.15586E-06   0.17542E-17
       2  -0.63955E-04 -0.30351E-04  -0.44443E-04  -0.58348E-15
   --SCATTERING MATRIX--
     G/G'          1          2
      1      0.00000E+00  0.74432E-06
      2      0.00000E+00  0.00000E+00
    MATERIAL 11
     GROUP   TRANSPORT   ABSORPTION   NU*FISS       FISSION
       1  -0.30215E-05  0.27906E-06   0.15881E-06   0.18853E-17
       2  -0.61698E-04 -0.29563E-04  -0.43159E-04  -0.56662E-15
   --SCATTERING MATRIX--
     G/G'          1          2
      1      0.00000E+00  0.65952E-06
      2      0.00000E+00  0.00000E+00

  ...Moderator Temperature Card is sucessfully read...


            >>>>       READING COOLANT DENSITY      <<<<
            --------------------------------------------
  AVERAGE COOLANT DENSITY   :  0.7464  (USED AS GUESS)
  COOLANT DENSITY REFERENCE :  0.7125

  MATERIAL CX CHANGES PER COOLANT DENSITY CHANGES : 
    MATERIAL  1
     GROUP   TRANSPORT   ABSORPTION   NU*FISS       FISSION
       1   0.74576E-01  0.20769E-03   0.00000E+00   0.00000E+00
       2   0.53363E+00  0.75842E-02   0.00000E+00   0.00000E+00
   --SCATTERING MATRIX--
     G/G'          1          2
      1      0.00000E+00  0.37131E-01
      2      0.00000E+00  0.00000E+00
    MATERIAL  2
     GROUP   TRANSPORT   ABSORPTION   NU*FISS       FISSION
       1   0.00000E+00  0.00000E+00   0.00000E+00   0.00000E+00
       2   0.00000E+00  0.00000E+00   0.00000E+00   0.00000E+00
   --SCATTERING MATRIX--
     G/G'          1          2
      1      0.00000E+00  0.00000E+00
      2      0.00000E+00  0.00000E+00
    MATERIAL  3
     GROUP   TRANSPORT   ABSORPTION   NU*FISS       FISSION
       1   0.00000E+00  0.00000E+00   0.00000E+00   0.00000E+00
       2   0.00000E+00  0.00000E+00   0.00000E+00   0.00000E+00
   --SCATTERING MATRIX--
     G/G'          1          2
      1      0.00000E+00  0.00000E+00
      2      0.00000E+00  0.00000E+00
    MATERIAL  4
     GROUP   TRANSPORT   ABSORPTION   NU*FISS       FISSION
       1   0.13567E+00  0.15519E-02   0.92069E-03   0.10239E-13
       2   0.99263E+00  0.25266E-01   0.24775E-01   0.32526E-12
   --SCATTERING MATRIX--
     G/G'          1          2
      1      0.00000E+00  0.29319E-01
      2      0.00000E+00  0.00000E+00
    MATERIAL  5
     GROUP   TRANSPORT   ABSORPTION   NU*FISS       FISSION
       1   0.13575E+00  0.16149E-02   0.96416E-03   0.10814E-13
       2   0.98198E+00  0.28667E-01   0.31499E-01   0.41354E-12
   --SCATTERING MATRIX--
     G/G'          1          2
      1      0.00000E+00  0.29270E-01
      2      0.00000E+00  0.00000E+00
    MATERIAL  6
     GROUP   TRANSPORT   ABSORPTION   NU*FISS       FISSION
       1   0.13583E+00  0.16802E-02   0.10141E-02   0.11477E-13
       2   0.97227E+00  0.31957E-01   0.38110E-01   0.50033E-12
   --SCATTERING MATRIX--
     G/G'          1          2
      1      0.00000E+00  0.29215E-01
      2      0.00000E+00  0.00000E+00
    MATERIAL  7
     GROUP   TRANSPORT   ABSORPTION   NU*FISS       FISSION
       1   0.13103E+00  0.16840E-02   0.98195E-03   0.10814E-13
       2   0.93470E+00  0.31424E-01   0.35159E-01   0.46172E-12
   --SCATTERING MATRIX--
     G/G'          1          2
      1      0.00000E+00  0.28249E-01
      2      0.00000E+00  0.00000E+00
    MATERIAL  8
     GROUP   TRANSPORT   ABSORPTION   NU*FISS       FISSION
       1   0.12938E+00  0.17197E-02   0.98844E-03   0.11132E-13
       2   0.91817E+00  0.32472E-01   0.36325E-01   0.47708E-12
   --SCATTERING MATRIX--
     G/G'          1          2
      1      0.00000E+00  0.27890E-01
      2      0.00000E+00  0.00000E+00
    MATERIAL  9
     GROUP   TRANSPORT   ABSORPTION   NU*FISS       FISSION
       1   0.12768E+00  0.17499E-02   0.99518E-03   0.11221E-13
       2   0.90129E+00  0.33594E-01   0.37450E-01   0.49190E-12
   --SCATTERING MATRIX--
     G/G'          1          2
      1      0.00000E+00  0.27520E-01
      2      0.00000E+00  0.00000E+00
    MATERIAL 10
     GROUP   TRANSPORT   ABSORPTION   NU*FISS       FISSION
       1   0.13112E+00  0.17553E-02   0.10352E-02   0.11477E-13
       2   0.92492E+00  0.34985E-01   0.42069E-01   0.58348E-12
   --SCATTERING MATRIX--
     G/G'          1          2
      1      0.00000E+00  0.28188E-01
      2      0.00000E+00  0.00000E+00
    MATERIAL 11
     GROUP   TRANSPORT   ABSORPTION   NU*FISS       FISSION
       1   0.12946E+00  0.17950E-02   0.10429E-02   0.11853E-13
       2   0.90846E+00  0.36103E-01   0.43321E-01   0.56886E-12
   --SCATTERING MATRIX--
     G/G'          1          2
      1      0.00000E+00  0.27826E-01
      2      0.00000E+00  0.00000E+00

  ...Coolant Density Card is sucessfully read...
    1     0.884760    1.08042E+01    2.00882E+02
    2     0.997612    1.38219E+00    1.85348E+02
    3     0.980008    1.00000E+00    2.91340E+00
    4     0.974502    1.00000E+00    4.03729E+00
    5     0.973497    2.24534E+00    1.00000E+00
    6     0.983158    3.80587E-01    7.99380E-01
    7     0.978872    1.11363E-01    1.11663E+00
    8     0.978953    8.27071E-02    1.82818E-01
    9     0.979476    7.43659E-02    7.68285E-02
   10     0.989591    5.96825E+04    7.05214E-02
   11     0.997802    1.78576E+00    4.78677E+00
   12     0.988384    2.79268E-01    6.34020E+00
   13     0.987339    7.79871E-02    3.20773E-01
   14     0.987191    4.50566E-02    1.20610E-01
   15     0.986942    6.36091E-01    6.90973E-02
   16     0.987413    2.29628E-01    4.19497E-01
   17     0.987905    5.15264E-02    2.37787E-01
   18     0.987940    3.90569E-02    5.04963E-02
   19     0.987981    3.19450E-02    4.20157E-02
   20     0.988968    8.77967E-01    3.46675E-02
    1     0.999169    2.35293E-02    4.28397E-02
    2     0.999197    2.36567E-02    2.92315E-02
    3     0.999236    2.24027E-02    2.59000E-02
    4     0.999292    2.10652E-02    2.35174E-02
    5     1.000927    1.43181E+00    2.18759E-02
    6     1.002576    3.90642E-01    6.89747E-01
    7     1.000675    6.52163E-02    6.56346E-01
    8     1.000474    2.10048E-02    4.87467E-02
    9     1.000438    1.07763E-02    2.89606E-02
   10     1.000306    7.99022E-02    1.87938E-02
   11     1.000339    3.55003E-02    5.11346E-02
   12     1.000390    1.07868E-02    4.12198E-02
   13     1.000399    5.21439E-03    1.26832E-02
   14     1.000404    4.05431E-03    5.79601E-03
   15     1.000523    8.15359E-02    4.36954E-03
   16     1.000850    2.20898E-02    5.83991E-02
   17     1.000531    1.34769E-02    5.74293E-02
   18     1.000511    9.31202E-03    1.34307E-02
   19     1.000514    6.62112E-03    7.98796E-03
   20     1.000548    4.56177E-02    5.73263E-03
       1       1.000524    3.46621E-03    4.25494E-03
       2       1.000523    2.54889E-03    3.24702E-03
       3       1.000525    1.92200E-03    2.48449E-03
       4       1.000526    1.49604E-03    1.94940E-03
       5       1.000574    3.89932E-02    1.56716E-03
       6       1.000670    1.92314E-02    2.65619E-02
       7       1.000571    2.35902E-03    2.07188E-02
       8       1.000565    1.46690E-03    3.32926E-03
       9       1.000566    1.28311E-03    1.47175E-03
      10       1.000578    8.93523E-03    1.37549E-03
      11       1.000604    2.36797E-03    6.29013E-03
      12       1.000579    1.39084E-03    6.18262E-03
      13       1.000578    9.85156E-04    1.41702E-03
      14       1.000579    7.64915E-04    8.94104E-04
      15       1.000606    2.25422E-02    6.96933E-04
      16       1.000639    1.14430E-02    1.26925E-02
      17       1.000598    9.86125E-04    1.20799E-02
      18       1.000594    6.57788E-04    1.91578E-03
      19       1.000594    4.42543E-04    1.02498E-03
      20       1.000593    2.47699E-03    6.58933E-04
      21       1.000595    1.14249E-03    1.41513E-03
      22       1.000594    3.23956E-04    1.66000E-03
      23       1.000594    2.48400E-04    3.24323E-04
      24       1.000594    2.04156E-04    2.67667E-04
      25       1.000600    8.53814E-03    2.12119E-04
      26       1.000605    4.33495E-03    5.11049E-03
      27       1.000598    5.46680E-04    5.51159E-03
      28       1.000597    3.57883E-04    5.83866E-04
      29       1.000597    2.45147E-04    4.11743E-04
      30       1.000597    1.00326E-03    3.02869E-04
      31       1.000597    3.54707E-04    5.76731E-04
      32       1.000597    9.00424E-05    6.77920E-04
      33       1.000597    6.83853E-05    1.01153E-04
      34       1.000597    5.77308E-05    7.48122E-05
      35       1.000599    3.84829E-03    6.00380E-05
      36       1.000598    1.84122E-03    2.41599E-03
      37       1.000597    2.58136E-04    3.14858E-03
      38       1.000597    1.51593E-04    3.02920E-04
      39       1.000597    1.19656E-04    1.76571E-04
      40       1.000597    4.09584E-04    1.26861E-04
      41       1.000596    1.12306E-04    2.40657E-04
      42       1.000597    4.53248E-05    3.47193E-04
      43       1.000597    2.59501E-05    6.58425E-05
      44       1.000597    1.84708E-05    2.14416E-05
      45       1.000597    1.30822E-03    1.69041E-05
      46       1.000597    7.46405E-04    8.28814E-04
      47       1.000597    1.12053E-04    1.19526E-03
      48       1.000597    5.13944E-05    1.29944E-04
      49       1.000597    2.99310E-05    5.18087E-05
      50       1.000597    1.27113E-04    2.84923E-05
      51       1.000597    5.14707E-05    6.90384E-05
      52       1.000597    9.45830E-06    1.43783E-04
      53       1.000597    5.74000E-06    1.48953E-05
      54       1.000597    5.15497E-06    6.74998E-06

 ***********************************************
Effective Factor Multiplication : Keff = 1.000597
 ***********************************************

   INITIAL MULTIPLICATION EFFECTIVE (K-EFF) =  1.000597
   WARNING: THE STEADY STATE K-EFF IS NOT EQUAL TO 1.0
   AND NOW IT IS FORCED TO 1.0 BY MODIFYING THE nu*sigf CROSS SECTIONS 

       1       1.000097    5.24480E-04    5.28171E-04
       2       1.000029    1.13778E-04    7.25821E-04
       3       1.000022    4.54544E-05    1.59034E-04
       4       1.000021    2.74903E-05    6.16251E-05
       5       1.000021    8.13938E-05    2.87671E-05
       6       1.000021    2.73362E-05    4.75998E-05
       7       1.000021    1.33001E-05    6.75848E-05
       8       1.000021    8.46625E-06    1.05806E-05
       9       1.000021    6.64581E-06    7.30945E-06

 ***********************************************
Effective Factor Multiplication : Keff = 1.000021
 ***********************************************
       1       1.000003    2.00137E-05    2.01666E-05
       2       1.000001    8.59893E-06    2.57866E-05
       3       1.000001    5.73687E-06    8.26244E-06

 ***********************************************
Effective Factor Multiplication : Keff = 1.000001
 ***********************************************
    1     0.994197    4.00373E-01    7.27527E+00
    2     0.999007    5.34364E-02    1.06742E+00
    3     0.999833    1.75592E-02    1.65819E-01
    4     0.999923    1.15951E-02    1.70567E-02
     ...Fission Source Extrapolated...
    5     0.999973    3.55374E-02    1.17820E-02
    6     0.999856    2.17162E-02    2.34322E-02
    7     0.999961    8.02143E-03    1.42006E-02
    8     0.999967    1.50480E-03    6.47730E-03
    9     0.999966    1.07290E-03    2.25903E-03
     ...Fission Source Extrapolated...
   10     0.999983    1.59548E-02    1.27537E-03
   11     0.999924    8.84445E-03    1.56642E-02
   12     1.000005    2.89004E-03    6.29413E-03
   13     1.000017    6.58284E-04    2.32550E-03
   14     1.000015    3.16067E-04    6.62620E-04
     ...Fission Source Extrapolated...
   15     0.999992    1.90136E-03    3.26413E-04
   16     1.000003    1.17233E-03    2.24887E-03
   17     1.000012    5.93349E-04    7.67885E-04
   18     1.000013    1.77417E-04    2.36637E-04
   19     1.000014    1.16200E-04    1.27044E-04
     ...Fission Source Extrapolated...
   20     1.000021    2.78238E-03    1.14940E-04
   21     1.000011    1.17374E-03    3.13800E-03
   22     1.000021    5.93609E-04    1.18626E-03
   23     1.000023    1.45504E-04    4.32366E-04
   24     1.000022    8.77900E-05    1.50872E-04
     ...Fission Source Extrapolated...
   25     1.000019    3.07630E-04    1.00184E-04
   26     1.000020    1.16827E-04    2.60854E-04
   27     1.000021    6.43095E-05    1.33351E-04
   28     1.000021    2.17330E-05    7.12219E-05
   29     1.000021    1.65854E-05    3.00999E-05
     ...Fission Source Extrapolated...
   30     1.000021    5.15598E-04    1.95490E-05
   31     1.000018    3.15452E-04    4.91459E-04
   32     1.000021    1.15499E-04    1.93825E-04
   33     1.000022    3.48434E-05    8.45046E-05
   34     1.000021    1.98570E-05    2.10363E-05
     ...Fission Source Extrapolated...
   35     1.000021    1.20264E-04    1.87988E-05
   36     1.000020    7.62919E-05    1.22238E-04
   37     1.000021    4.09192E-05    5.14348E-05
   38     1.000021    1.12193E-05    2.04460E-05
   39     1.000021    5.20587E-06    7.00539E-06

 ***********************************************
Effective Factor Multiplication : Keff = 1.000021
 ***********************************************
       1       0.908286    4.33876E-01    1.00000E+00
       2       0.987899    2.09765E-01    8.57456E-01
       3       0.998138    1.02503E-01    3.44525E-01
       4       0.999218    5.99183E-02    1.13473E-01
       5       0.999570    1.57067E-01    5.07719E-02
       6       0.998934    5.77863E-02    8.58084E-02
       7       0.999384    2.03651E-02    1.22365E-01
       8       0.999425    1.30577E-02    1.84703E-02
       9       0.999444    9.98655E-03    1.15805E-02
      10       0.999828    1.30265E-01    8.86500E-03
      11       0.999293    7.53287E-02    8.45839E-02
      12       0.999911    1.03487E-02    4.96186E-02
      13       0.999911    4.03837E-03    1.93016E-02
      14       0.999895    2.48062E-03    7.91330E-03
      15       0.999813    2.62941E-02    4.18919E-03
      16       0.999912    1.01721E-02    1.69126E-02
      17       0.999923    2.22985E-03    3.05055E-02
      18       0.999926    1.18709E-03    1.63638E-03
      19       0.999930    1.06444E-03    1.06960E-03
      20       1.000014    2.13257E-02    9.96933E-04
      21       0.999932    1.04562E-02    1.52247E-02
      22       1.000008    2.46640E-03    4.49408E-03
      23       1.000004    1.24483E-03    1.91753E-03
      24       1.000000    7.75172E-04    1.00861E-03
      25       0.999983    3.46823E-03    6.29529E-04
      26       0.999991    1.61331E-03    1.85255E-03
      27       0.999995    2.29627E-04    1.06425E-03
      28       0.999996    1.51694E-04    2.78031E-04
      29       0.999996    1.40671E-04    1.41055E-04
      30       1.000009    3.32788E-03    1.34372E-04
      31       0.999990    1.45085E-03    2.44494E-03
      32       1.000006    4.76493E-04    7.67725E-04
      33       1.000006    2.92038E-04    3.96054E-04
      34       1.000005    2.12522E-04    2.49178E-04
      35       1.000000    1.52156E-03    1.79919E-04
      36       0.999999    7.50780E-04    8.08394E-04
      37       1.000002    1.03068E-04    9.04458E-04
      38       1.000003    4.38166E-05    1.54921E-04
      39       1.000003    3.13652E-05    4.01452E-05
      40       1.000003    7.78725E-04    2.89910E-05
      41       0.999998    3.50355E-04    5.97802E-04
      42       1.000002    1.06028E-04    6.58406E-04
      43       1.000002    7.14976E-05    9.50160E-05
      44       1.000002    5.48990E-05    6.43088E-05
      45       1.000001    2.71703E-04    4.83460E-05
      46       1.000001    1.12380E-04    1.48759E-04
      47       1.000002    2.69282E-05    2.08615E-04
      48       1.000002    1.43748E-05    3.00677E-05
      49       1.000002    1.05308E-05    1.29008E-05
      50       1.000001    3.41509E-04    9.70485E-06
      51       0.999999    1.86855E-04    2.38840E-04
      52       1.000001    3.95404E-05    4.28212E-04
      53       1.000001    2.33122E-05    4.31177E-05
      54       1.000001    1.69512E-05    2.12425E-05
      55       1.000001    6.53956E-05    1.50392E-05
      56       1.000001    2.37552E-05    3.57920E-05
      57       1.000001    7.69992E-06    5.65468E-05
      58       1.000001    4.50769E-06    8.55338E-06

 ***********************************************
Effective Factor Multiplication : Keff = 1.000001
 ***********************************************

  TRANSIENT RESULTS :

  Step  Time(s)  React.($)   Rel. Power   Avg. Tm   Max. Tm   Avg. Tf   Max. Tf
 --------------------------------------------------------------------------------
   0     0.000    0.0000     1.0000E-06    286.00    286.00    286.00    286.00
   1     0.005    0.0024     1.0018E-06    286.00    286.00    286.00    286.00
   2     0.010    0.0104     1.0082E-06    286.00    286.00    286.00    286.00
   3     0.015    0.0289     1.0233E-06    286.00    286.00    286.00    286.00
   4     0.020    0.0622     1.0514E-06    286.00    286.00    286.00    286.00
   5     0.025    0.1132     1.0975E-06    286.00    286.00    286.00    286.00
   6     0.030    0.1855     1.1692E-06    286.00    286.00    286.00    286.00
   7     0.035    0.2713     1.2703E-06    286.00    286.00    286.00    286.00
   8     0.040    0.3727     1.4131E-06    286.00    286.00    286.00    286.00
   9     0.045    0.4754     1.6046E-06    286.00    286.00    286.00    286.00
  10     0.050    0.5773     1.8579E-06    286.00    286.00    286.00    286.00
  11     0.055    0.6724     2.1896E-06    286.00    286.00    286.00    286.00
  12     0.060    0.7546     2.6152E-06    286.00    286.00    286.00    286.00
  13     0.065    0.8281     3.1670E-06    286.00    286.00    286.00    286.00
  14     0.070    0.8854     3.8612E-06    286.00    286.00    286.00    286.00
  15     0.075    0.9339     4.7399E-06    286.00    286.00    286.00    286.00
  16     0.080    0.9705     5.8290E-06    286.00    286.00    286.00    286.00
  17     0.085    0.9975     7.1565E-06    286.00    286.00    286.00    286.00
  18     0.090    1.0159     8.7331E-06    286.00    286.00    286.00    286.00
  19     0.095    1.0254     1.0528E-05    286.00    286.00    286.00    286.00
  20     0.100    1.0284     1.2483E-05    286.00    286.00    286.00    286.00
  21     0.105    1.0293     1.4591E-05    286.00    286.00    286.00    286.00
  22     0.110    1.0302     1.6880E-05    286.00    286.00    286.00    286.00
  23     0.115    1.0307     1.9349E-05    286.00    286.00    286.00    286.00
  24     0.120    1.0312     2.2031E-05    286.00    286.00    286.00    286.00
  25     0.125    1.0317     2.4938E-05    286.00    286.00    286.00    286.00
  26     0.130    1.0320     2.8100E-05    286.00    286.00    286.00    286.00
  27     0.135    1.0323     3.1538E-05    286.00    286.00    286.00    286.00
  28     0.140    1.0326     3.5278E-05    286.00    286.00    286.00    286.00
  29     0.145    1.0328     3.9349E-05    286.00    286.00    286.00    286.00
  30     0.150    1.0330     4.3782E-05    286.00    286.00    286.00    286.00
  31     0.155    1.0332     4.8613E-05    286.00    286.00    286.00    286.00
  32     0.160    1.0334     5.3879E-05    286.00    286.00    286.00    286.00
  33     0.165    1.0335     5.9623E-05    286.00    286.00    286.00    286.00
  34     0.170    1.0336     6.5891E-05    286.00    286.00    286.00    286.00
  35     0.175    1.0337     7.2733E-05    286.00    286.00    286.00    286.00
  36     0.180    1.0338     8.0204E-05    286.00    286.00    286.00    286.00
  37     0.185    1.0339     8.8364E-05    286.00    286.00    286.00    286.00
  38     0.190    1.0340     9.7280E-05    286.00    286.00    286.00    286.00
  39     0.195    1.0341     1.0702E-04    286.00    286.00    286.00    286.00
  40     0.200    1.0341     1.1767E-04    286.00    286.00    286.00    286.00
  41     0.205    1.0342     1.2931E-04    286.00    286.00    286.00    286.00
  42     0.210    1.0342     1.4204E-04    286.00    286.00    286.00    286.00
  43     0.215    1.0343     1.5596E-04    286.00    286.00    286.00    286.01
  44     0.220    1.0343     1.7118E-04    286.00    286.00    286.00    286.01
  45     0.225    1.0344     1.8783E-04    286.00    286.00    286.00    286.01
  46     0.230    1.0344     2.0604E-04    286.00    286.00    286.00    286.01
  47     0.235    1.0344     2.2596E-04    286.00    286.00    286.00    286.01
  48     0.240    1.0344     2.4771E-04    286.00    286.00    286.00    286.01
  49     0.245    1.0345     2.7154E-04    286.00    286.00    286.00    286.01
  50     0.250    1.0345     2.9760E-04    286.00    286.00    286.00    286.01
  51     0.255    1.0345     3.2614E-04    286.00    286.00    286.00    286.01
  52     0.260    1.0345     3.5737E-04    286.00    286.00    286.00    286.01
  53     0.265    1.0346     3.9155E-04    286.00    286.00    286.00    286.01
  54     0.270    1.0346     4.2895E-04    286.00    286.00    286.00    286.02
  55     0.275    1.0346     4.6988E-04    286.00    286.00    286.00    286.02
  56     0.280    1.0346     5.1468E-04    286.00    286.00    286.00    286.02
  57     0.285    1.0346     5.6370E-04    286.00    286.00    286.00    286.02
  58     0.290    1.0346     6.1735E-04    286.00    286.00    286.00    286.02
  59     0.295    1.0346     6.7606E-04    286.00    286.00    286.00    286.02
  60     0.300    1.0346     7.4031E-04    286.00    286.00    286.00    286.03
  61     0.305    1.0346     8.1063E-04    286.00    286.00    286.00    286.03
  62     0.310    1.0346     8.8759E-04    286.00    286.00    286.00    286.03
  63     0.315    1.0346     9.7181E-04    286.00    286.00    286.01    286.03
  64     0.320    1.0346     1.0640E-03    286.00    286.00    286.01    286.04
  65     0.325    1.0346     1.1648E-03    286.00    286.00    286.01    286.04
  66     0.330    1.0346     1.2752E-03    286.00    286.00    286.01    286.05
  67     0.335    1.0346     1.3960E-03    286.00    286.00    286.01    286.05
  68     0.340    1.0346     1.5282E-03    286.00    286.00    286.01    286.06
  69     0.345    1.0346     1.6729E-03    286.00    286.00    286.01    286.06
  70     0.350    1.0346     1.8312E-03    286.00    286.00    286.01    286.07
  71     0.355    1.0346     2.0045E-03    286.00    286.00    286.01    286.07
  72     0.360    1.0346     2.1940E-03    286.00    286.00    286.01    286.08
  73     0.365    1.0346     2.4014E-03    286.00    286.00    286.01    286.09
  74     0.370    1.0346     2.6284E-03    286.00    286.00    286.01    286.10
  75     0.375    1.0346     2.8767E-03    286.00    286.00    286.02    286.10
  76     0.380    1.0345     3.1484E-03    286.00    286.00    286.02    286.11
  77     0.385    1.0345     3.4456E-03    286.00    286.00    286.02    286.13
  78     0.390    1.0345     3.7708E-03    286.00    286.00    286.02    286.14
  79     0.395    1.0345     4.1265E-03    286.00    286.00    286.02    286.15
  80     0.400    1.0345     4.5156E-03    286.00    286.00    286.02    286.16
  81     0.405    1.0344     4.9411E-03    286.00    286.00    286.03    286.18
  82     0.410    1.0344     5.4066E-03    286.00    286.00    286.03    286.20
  83     0.415    1.0344     5.9156E-03    286.00    286.00    286.03    286.22
  84     0.420    1.0343     6.4723E-03    286.00    286.00    286.04    286.24
  85     0.425    1.0343     7.0809E-03    286.00    286.00    286.04    286.26
  86     0.430    1.0343     7.7464E-03    286.00    286.01    286.04    286.28
  87     0.435    1.0342     8.4738E-03    286.00    286.01    286.05    286.31
  88     0.440    1.0342     9.2690E-03    286.00    286.01    286.05    286.34
  89     0.445    1.0341     1.0138E-02    286.00    286.01    286.06    286.37
  90     0.450    1.0340     1.1088E-02    286.00    286.01    286.06    286.41
  91     0.455    1.0340     1.2125E-02    286.00    286.01    286.07    286.44
  92     0.460    1.0339     1.3258E-02    286.00    286.01    286.07    286.49
  93     0.465    1.0338     1.4496E-02    286.00    286.01    286.08    286.53
  94     0.470    1.0337     1.5847E-02    286.00    286.01    286.09    286.58
  95     0.475    1.0336     1.7322E-02    286.00    286.01    286.10    286.64
  96     0.480    1.0335     1.8932E-02    286.00    286.01    286.11    286.69
  97     0.485    1.0334     2.0688E-02    286.00    286.01    286.11    286.76
  98     0.490    1.0333     2.2604E-02    286.00    286.02    286.13    286.83
  99     0.495    1.0332     2.4693E-02    286.00    286.02    286.14    286.91
 100     0.500    1.0330     2.6971E-02    286.00    286.02    286.15    286.99
 101     0.505    1.0329     2.9454E-02    286.00    286.02    286.16    287.09
 102     0.510    1.0327     3.2157E-02    286.00    286.02    286.18    287.19
 103     0.515    1.0325     3.5100E-02    286.00    286.02    286.20    287.30
 104     0.520    1.0323     3.8308E-02    286.00    286.03    286.21    287.42
 105     0.525    1.0321     4.1798E-02    286.00    286.03    286.23    287.55
 106     0.530    1.0318     4.5583E-02    286.00    286.03    286.26    287.69
 107     0.535    1.0316     4.9703E-02    286.00    286.03    286.28    287.85
 108     0.540    1.0313     5.4177E-02    286.00    286.04    286.31    288.02
 109     0.545    1.0309     5.9022E-02    286.00    286.04    286.33    288.21
 110     0.550    1.0306     6.4283E-02    286.01    286.04    286.36    288.41
 111     0.555    1.0302     6.9972E-02    286.01    286.05    286.40    288.63
 112     0.560    1.0298     7.6133E-02    286.01    286.05    286.43    288.87
 113     0.565    1.0293     8.2785E-02    286.01    286.06    286.47    289.13
 114     0.570    1.0288     8.9967E-02    286.01    286.06    286.51    289.41
 115     0.575    1.0283     9.7712E-02    286.01    286.07    286.56    289.72
 116     0.580    1.0277     1.0604E-01    286.01    286.07    286.61    290.05
 117     0.585    1.0271     1.1499E-01    286.01    286.08    286.67    290.41
 118     0.590    1.0264     1.2459E-01    286.01    286.09    286.72    290.80
 119     0.595    1.0257     1.3487E-01    286.01    286.10    286.79    291.23
 120     0.600    1.0249     1.4587E-01    286.01    286.11    286.86    291.68
 121     0.605    1.0240     1.5763E-01    286.01    286.12    286.93    292.18
 122     0.610    1.0230     1.7010E-01    286.01    286.13    287.01    292.71
 123     0.615    1.0220     1.8333E-01    286.02    286.14    287.10    293.29
 124     0.620    1.0210     1.9737E-01    286.02    286.15    287.19    293.90
 125     0.625    1.0198     2.1222E-01    286.02    286.16    287.29    294.57
 126     0.630    1.0185     2.2783E-01    286.02    286.18    287.40    295.28
 127     0.635    1.0172     2.4419E-01    286.02    286.19    287.51    296.05
 128     0.640    1.0157     2.6129E-01    286.02    286.21    287.63    296.86
 129     0.645    1.0142     2.7901E-01    286.03    286.23    287.76    297.73
 130     0.650    1.0125     2.9738E-01    286.03    286.24    287.90    298.66
 131     0.655    1.0107     3.1628E-01    286.03    286.26    288.05    299.65
 132     0.660    1.0088     3.3553E-01    286.03    286.29    288.20    300.70
 133     0.665    1.0068     3.5538E-01    286.04    286.31    288.37    301.80
 134     0.670    1.0047     3.7547E-01    286.04    286.33    288.54    302.97
 135     0.675    1.0025     3.9561E-01    286.04    286.36    288.72    304.20
 136     0.680    1.0001     4.1589E-01    286.05    286.39    288.91    305.49
 137     0.685    0.9977     4.3611E-01    286.05    286.42    289.11    306.85
 138     0.690    0.9950     4.5579E-01    286.05    286.45    289.32    308.26
 139     0.695    0.9922     4.7490E-01    286.06    286.49    289.53    309.73
 140     0.700    0.9895     4.9346E-01    286.06    286.52    289.76    311.26
 141     0.705    0.9865     5.1108E-01    286.07    286.56    289.99    312.84
 142     0.710    0.9834     5.2775E-01    286.07    286.60    290.22    314.47
 143     0.715    0.9803     5.4330E-01    286.08    286.65    290.46    316.14
 144     0.720    0.9770     5.5759E-01    286.08    286.69    290.71    317.86
 145     0.725    0.9736     5.7051E-01    286.09    286.74    290.96    319.62
 146     0.730    0.9702     5.8191E-01    286.09    286.79    291.22    321.40
 147     0.735    0.9667     5.9156E-01    286.10    286.84    291.47    323.22
 148     0.740    0.9631     5.9944E-01    286.11    286.89    291.73    325.05
 149     0.745    0.9594     6.0571E-01    286.11    286.95    291.99    326.91
 150     0.750    0.9557     6.1017E-01    286.12    287.01    292.25    328.77
 151     0.755    0.9519     6.1291E-01    286.13    287.07    292.51    330.64
 152     0.760    0.9482     6.1419E-01    286.13    287.13    292.77    332.51
 153     0.765    0.9444     6.1394E-01    286.14    287.20    293.03    334.38
 154     0.770    0.9405     6.1230E-01    286.15    287.26    293.28    336.24
 155     0.775    0.9367     6.0921E-01    286.16    287.33    293.53    338.09
 156     0.780    0.9328     6.0489E-01    286.17    287.40    293.78    339.92
 157     0.785    0.9289     5.9928E-01    286.18    287.48    294.02    341.73
 158     0.790    0.9251     5.9261E-01    286.18    287.55    294.25    343.52
 159     0.795    0.9213     5.8526E-01    286.19    287.63    294.49    345.29
 160     0.800    0.9174     5.7703E-01    286.20    287.71    294.71    347.03
 161     0.805    0.9136     5.6818E-01    286.21    287.79    294.93    348.73
 162     0.810    0.9098     5.5893E-01    286.22    287.87    295.15    350.41
 163     0.815    0.9060     5.4942E-01    286.23    287.95    295.36    352.06
 164     0.820    0.9023     5.3976E-01    286.24    288.04    295.56    353.68
 165     0.825    0.8986     5.3004E-01    286.25    288.12    295.76    355.26
 166     0.830    0.8949     5.2035E-01    286.26    288.21    295.95    356.82
 167     0.835    0.8913     5.1075E-01    286.28    288.30    296.14    358.34
 168     0.840    0.8877     5.0117E-01    286.29    288.39    296.32    359.84
 169     0.845    0.8841     4.9179E-01    286.30    288.48    296.49    361.30
 170     0.850    0.8805     4.8270E-01    286.31    288.58    296.66    362.73
 171     0.855    0.8770     4.7369E-01    286.32    288.67    296.83    364.14
 172     0.860    0.8735     4.6502E-01    286.33    288.77    296.99    365.52
 173     0.865    0.8700     4.5688E-01    286.34    288.86    297.15    366.87
 174     0.870    0.8666     4.4889E-01    286.36    288.96    297.31    368.20
 175     0.875    0.8632     4.4130E-01    286.37    289.06    297.46    369.51
 176     0.880    0.8598     4.3385E-01    286.38    289.16    297.60    370.79
 177     0.885    0.8565     4.2686E-01    286.39    289.25    297.75    372.04
 178     0.890    0.8531     4.2018E-01    286.40    289.35    297.89    373.28
 179     0.895    0.8498     4.1364E-01    286.42    289.46    298.02    374.50
 180     0.900    0.8465     4.0737E-01    286.43    289.56    298.16    375.69
 181     0.905    0.8433     4.0132E-01    286.44    289.66    298.29    376.87
 182     0.910    0.8401     3.9560E-01    286.45    289.76    298.42    378.03
 183     0.915    0.8369     3.9011E-01    286.47    289.87    298.54    379.17
 184     0.920    0.8337     3.8472E-01    286.48    289.97    298.67    380.30
 185     0.925    0.8306     3.7975E-01    286.49    290.07    298.79    381.41
 186     0.930    0.8275     3.7496E-01    286.50    290.17    298.91    382.50
 187     0.935    0.8244     3.7033E-01    286.52    290.27    299.02    383.58
 188     0.940    0.8213     3.6585E-01    286.53    290.37    299.14    384.65
 189     0.945    0.8183     3.6171E-01    286.54    290.47    299.25    385.70
 190     0.950    0.8153     3.5767E-01    286.55    290.57    299.36    386.74
 191     0.955    0.8123     3.5367E-01    286.57    290.67    299.47    387.77
 192     0.960    0.8093     3.4976E-01    286.58    290.78    299.58    388.78
 193     0.965    0.8064     3.4606E-01    286.59    290.88    299.68    389.78
 194     0.970    0.8035     3.4253E-01    286.61    290.98    299.79    390.77
 195     0.975    0.8006     3.3912E-01    286.62    291.08    299.89    391.75
 196     0.980    0.7978     3.3581E-01    286.63    291.18    299.99    392.72
 197     0.985    0.7949     3.3264E-01    286.64    291.28    300.09    393.68
 198     0.990    0.7921     3.2956E-01    286.66    291.39    300.19    394.63
 199     0.995    0.7893     3.2655E-01    286.67    291.49    300.29    395.57
 200     1.000    0.7866     3.2353E-01    286.68    291.59    300.38    396.50
 201     1.100    0.7837     3.4012E-01    286.90    293.30    302.47    415.89
 202     1.200    0.7380     3.0750E-01    287.10    294.92    304.21    432.97
 203     1.300    0.6993     2.8005E-01    287.27    296.38    305.67    448.06
 204     1.400    0.6666     2.6062E-01    287.43    297.68    306.95    461.64
 205     1.500    0.6390     2.4671E-01    287.55    298.80    308.08    474.05
 206     1.600    0.6157     2.3646E-01    287.66    299.75    309.10    485.52
 207     1.700    0.5957     2.2903E-01    287.75    300.53    310.04    496.17
 208     1.800    0.5783     2.2324E-01    287.83    301.19    310.89    506.09
 209     1.900    0.5629     2.1851E-01    287.90    301.76    311.69    515.37
 210     2.000    0.5492     2.1482E-01    287.96    302.24    312.42    524.06
 211     2.100    0.5368     2.1176E-01    288.01    302.65    313.11    532.22
 212     2.200    0.5255     2.0929E-01    288.05    303.02    313.75    539.90
 213     2.300    0.5150     2.0708E-01    288.09    303.34    314.35    547.13
 214     2.400    0.5052     2.0510E-01    288.13    303.63    314.91    553.95
 215     2.500    0.4961     2.0369E-01    288.17    303.89    315.44    560.39
 216     2.600    0.4876     2.0239E-01    288.20    304.14    315.94    566.53
 217     2.700    0.4796     2.0126E-01    288.23    304.36    316.42    572.37
 218     2.800    0.4719     2.0026E-01    288.26    304.57    316.87    577.92
 219     2.900    0.4647     1.9946E-01    288.29    304.77    317.29    583.18
 220     3.000    0.4578     1.9857E-01    288.31    304.96    317.70    588.18
 221     3.100    0.4512     1.9806E-01    288.34    305.14    318.08    592.95
 222     3.200    0.4450     1.9743E-01    288.36    305.31    318.45    597.49
 223     3.300    0.4390     1.9705E-01    288.38    305.47    318.80    601.83
 224     3.400    0.4334     1.9685E-01    288.41    305.63    319.13    605.98
 225     3.500    0.4279     1.9641E-01    288.43    305.78    319.45    609.95
 226     3.600    0.4227     1.9634E-01    288.45    305.92    319.76    613.75
 227     3.700    0.4176     1.9619E-01    288.47    306.06    320.06    617.41
 228     3.800    0.4128     1.9606E-01    288.49    306.19    320.34    620.92
 229     3.900    0.4081     1.9599E-01    288.50    306.32    320.61    624.29
 230     4.000    0.4036     1.9596E-01    288.52    306.44    320.87    627.54
 231     4.100    0.3992     1.9593E-01    288.54    306.57    321.13    630.66
 232     4.200    0.3950     1.9593E-01    288.55    306.68    321.37    633.68
 233     4.300    0.3909     1.9596E-01    288.57    306.80    321.60    636.58
 234     4.400    0.3869     1.9600E-01    288.59    306.90    321.83    639.39
 235     4.500    0.3831     1.9608E-01    288.60    307.01    322.05    642.10
 236     4.600    0.3794     1.9618E-01    288.61    307.11    322.26    644.73
 237     4.700    0.3758     1.9635E-01    288.63    307.22    322.47    647.31
 238     4.800    0.3723     1.9649E-01    288.64    307.31    322.67    649.82
 239     4.900    0.3689     1.9667E-01    288.66    307.41    322.86    652.26
 240     5.000    0.3657     1.9689E-01    288.67    307.50    323.05    654.64


     Radial Power Distribution
   ==============================
           1       2       3       4       5       6       7       8       9
     9   0.941   1.487   0.753   1.045   0.986   0.529   0.205   0.285   0.000
     8   1.487   3.050   2.225   2.205   1.548   0.588   0.586   0.451   0.000
     7   0.753   2.225   1.245   1.619   0.785   0.766   0.398   0.000   0.000
     6   1.045   2.205   1.619   1.540   1.071   0.994   0.575   0.000   0.000
     5   0.986   1.548   0.785   1.071   0.573   0.724   0.000   0.000   0.000
     4   0.529   0.588   0.766   0.994   0.724   0.000   0.000   0.000   0.000
     3   0.205   0.586   0.398   0.575   0.000   0.000   0.000   0.000   0.000
     2   0.285   0.451   0.000   0.000   0.000   0.000   0.000   0.000   0.000
     1   0.000   0.000   0.000   0.000   0.000   0.000   0.000   0.000   0.000

   MAX POS.       Maximum Value
  (  8,  2)          3.050


     Axial Power Density Distribution
   ====================================

     Plane Number        Power      Height
    -----------------------------------------
        18  (Top)        0.000      427.30
        17               0.133      397.30
        16               0.247      389.30
        15               0.407      376.50
        14               0.666      363.70
        13               1.004      333.70
        12               1.300      303.70
        11               1.542      273.70
        10               1.716      243.70
         9               1.806      213.70
         8               1.793      183.70
         7               1.659      153.70
         6               1.394      123.70
         5               0.999       93.70
         4               0.633       63.70
         3               0.403       48.70
         2               0.299       37.70
         1  (Bottom)     0.000       30.00

   MAX POS.       Maximum Value
    (  9)             1.806

     Radial Flux Distribution
   ==============================
    Group :   1
             1          2          3          4          5          6          7          8          9
     9   5.767E-02  4.846E-02  3.225E-02  3.391E-02  2.963E-02  1.626E-02  8.719E-03  7.446E-03  1.130E-03 
     8   4.846E-02  4.649E-02  3.546E-02  3.331E-02  2.436E-02  1.250E-02  8.938E-03  5.936E-03  8.201E-04 
     7   3.225E-02  3.546E-02  2.645E-02  2.567E-02  1.665E-02  1.253E-02  7.160E-03  1.787E-03  2.158E-04 
     6   3.391E-02  3.331E-02  2.567E-02  2.312E-02  1.709E-02  1.435E-02  7.662E-03  8.922E-04  0.000E+00 
     5   2.963E-02  2.436E-02  1.665E-02  1.709E-02  1.207E-02  9.624E-03  2.471E-03  2.793E-04  0.000E+00 
     4   1.626E-02  1.250E-02  1.253E-02  1.435E-02  9.624E-03  2.379E-03  3.905E-04  0.000E+00  0.000E+00 
     3   8.719E-03  8.938E-03  7.160E-03  7.662E-03  2.471E-03  3.905E-04  0.000E+00  0.000E+00  0.000E+00 
     2   7.446E-03  5.936E-03  1.787E-03  8.922E-04  2.793E-04  0.000E+00  0.000E+00  0.000E+00  0.000E+00 
     1   1.130E-03  8.201E-04  2.158E-04  0.000E+00  0.000E+00  0.000E+00  0.000E+00  0.000E+00  0.000E+00 

    Group :   2
             1          2          3          4          5          6          7          8          9
     9   7.000E-02  4.629E-02  2.721E-02  3.253E-02  3.665E-02  1.636E-02  7.383E-03  7.604E-03  6.172E-04 
     8   4.629E-02  5.667E-02  3.454E-02  4.100E-02  2.402E-02  1.062E-02  7.809E-03  6.034E-03  4.475E-04 
     7   2.721E-02  3.454E-02  2.250E-02  2.511E-02  1.417E-02  1.181E-02  5.168E-03  8.376E-04  1.053E-04 
     6   3.253E-02  4.100E-02  2.511E-02  2.853E-02  1.653E-02  1.324E-02  7.677E-03  4.787E-04  0.000E+00 
     5   3.665E-02  2.402E-02  1.417E-02  1.653E-02  1.031E-02  9.673E-03  1.200E-03  1.330E-04  0.000E+00 
     4   1.636E-02  1.062E-02  1.181E-02  1.324E-02  9.673E-03  1.151E-03  1.815E-04  0.000E+00  0.000E+00 
     3   7.383E-03  7.809E-03  5.168E-03  7.677E-03  1.200E-03  1.815E-04  0.000E+00  0.000E+00  0.000E+00 
     2   7.604E-03  6.034E-03  8.376E-04  4.787E-04  1.330E-04  0.000E+00  0.000E+00  0.000E+00  0.000E+00 
     1   6.172E-04  4.475E-04  1.053E-04  0.000E+00  0.000E+00  0.000E+00  0.000E+00  0.000E+00  0.000E+00 

