                                                                                
      /\               /\                                                       
     //\\             //\\                                                      
    //**\\           //**\\                                                     
   //****\\         //****\\                                                    
  //******\\       //******\\   ____                   _   _           _        
  ---------   /*\   ---------  / __ \                 | \ | |         | |       
             (***)            | |  | |_ __   ___ _ __ |  \| | ___   __| | ___   
              \*/             | |  | | "_ \ / _ \ "_ \| . ` |/ _"\ / _" |/ _ \  
                              | |__| | |_) |  __/ | | | |\  | |_) | (_| |  __/  
              //\\             \____/| .__/ \___)_| |_|_| \_|\___/ \___/ \___|  
             //**\\                  | |                                        
            //****\\                 |_|                                        
           //******\\                                                           
           ----------                                                           
                                                                                
 ____________________________________________________________
          | The OpenNode, Nodal Methods for Neutron Diffusion
 Version  | Version Number: 1.1                              
 Copyright| 2021 Radiation & Nuclear System Laboratory       
          | University Abdelmalk Essaadi                     
          | Faculty of Sciences, Tetouan, Morocco            
 Source   | FORTRAN90 version                                
 GUI      | PyQt5                                            
 Method   | The Nodal Expansion Method (NEM)                 
 Dimension| Three Dimensions (3D)                            
 Geometry | Cartesian                                        
 ____________________________________________________________
                        ==========================
   Calculation Mode :    Rod Ejection Calculation with TH feedbacks 
   ----------------     ==========================

            --------------------------------------------
            >>>> Writing Macroscopic Cross Sections <<<<
            --------------------------------------------
     Material  1
    Group   Transport    Diffusion  Absorption    Removal      Nu*Fiss      Kap*Fis    Fiss. Spctr
       1     0.053206    6.264981    0.000373    0.026829     0.000000     0.000000     1.000000
       2     0.386406    0.862651    0.017722    0.017722     0.000000     0.000000     0.000000
         --Scattering Matrix--
           G/G'          1          2
            1        0.000000    0.026455
            2        0.000000    0.000000
     Material  2
    Group   Transport    Diffusion  Absorption    Removal      Nu*Fiss      Kap*Fis    Fiss. Spctr
       1     0.295609    1.127616    0.001188    0.024349     0.000000     0.000000     1.000000
       2     2.459310    0.135539    0.252618    0.252618     0.000000     0.000000     0.000000
         --Scattering Matrix--
           G/G'          1          2
            1        0.000000    0.023161
            2        0.000000    0.000000
     Material  3
    Group   Transport    Diffusion  Absorption    Removal      Nu*Fiss      Kap*Fis    Fiss. Spctr
       1     0.295609    1.127616    0.001188    0.021269     0.000000     0.000000     1.000000
       2     2.459310    0.135539    0.252618    0.252618     0.000000     0.000000     0.000000
         --Scattering Matrix--
           G/G'          1          2
            1        0.000000    0.020081
            2        0.000000    0.000000
     Material  4
    Group   Transport    Diffusion  Absorption    Removal      Nu*Fiss      Kap*Fis    Fiss. Spctr
       1     0.222117    1.500711    0.008718    0.026968     0.004983     0.000000     1.000000
       2     0.803140    0.415038    0.065255    0.065255     0.083903     0.000000     0.000000
         --Scattering Matrix--
           G/G'          1          2
            1        0.000000    0.018250
            2        0.000000    0.000000
     Material  5
    Group   Transport    Diffusion  Absorption    Removal      Nu*Fiss      Kap*Fis    Fiss. Spctr
       1     0.221914    1.502083    0.009061    0.027065     0.005577     0.000000     1.000000
       2     0.795538    0.419004    0.072335    0.072335     0.099863     0.000000     0.000000
         --Scattering Matrix--
           G/G'          1          2
            1        0.000000    0.018004
            2        0.000000    0.000000
     Material  6
    Group   Transport    Diffusion  Absorption    Removal      Nu*Fiss      Kap*Fis    Fiss. Spctr
       1     0.221715    1.503432    0.009385    0.027152     0.006150     0.000000     1.000000
       2     0.789253    0.422340    0.078920    0.078920     0.114667     0.000000     0.000000
         --Scattering Matrix--
           G/G'          1          2
            1        0.000000    0.017767
            2        0.000000    0.000000
     Material  7
    Group   Transport    Diffusion  Absorption    Removal      Nu*Fiss      Kap*Fis    Fiss. Spctr
       1     0.222039    1.501238    0.009317    0.026455     0.005550     0.000000     1.000000
       2     0.776230    0.429426    0.079633    0.079633     0.098558     0.000000     0.000000
         --Scattering Matrix--
           G/G'          1          2
            1        0.000000    0.017138
            2        0.000000    0.000000
     Material  8
    Group   Transport    Diffusion  Absorption    Removal      Nu*Fiss      Kap*Fis    Fiss. Spctr
       1     0.222083    1.500940    0.009400    0.026250     0.005541     0.000000     1.000000
       2     0.769969    0.432918    0.082109    0.082109     0.098006     0.000000     0.000000
         --Scattering Matrix--
           G/G'          1          2
            1        0.000000    0.016850
            2        0.000000    0.000000
     Material  9
    Group   Transport    Diffusion  Absorption    Removal      Nu*Fiss      Kap*Fis    Fiss. Spctr
       1     0.222127    1.500643    0.009483    0.026045     0.005531     0.000000     1.000000
       2     0.763813    0.436407    0.084591    0.084591     0.097411     0.000000     0.000000
         --Scattering Matrix--
           G/G'          1          2
            1        0.000000    0.016563
            2        0.000000    0.000000
     Material 10
    Group   Transport    Diffusion  Absorption    Removal      Nu*Fiss      Kap*Fis    Fiss. Spctr
       1     0.221836    1.502612    0.009637    0.026542     0.006124     0.000000     1.000000
       2     0.770705    0.432504    0.086119    0.086119     0.113241     0.000000     0.000000
         --Scattering Matrix--
           G/G'          1          2
            1        0.000000    0.016904
            2        0.000000    0.000000
     Material 11
    Group   Transport    Diffusion  Absorption    Removal      Nu*Fiss      Kap*Fis    Fiss. Spctr
       1     0.221878    1.502327    0.009719    0.026337     0.006114     0.000000     1.000000
       2     0.764704    0.435899    0.088549    0.088549     0.112635     0.000000     0.000000
         --Scattering Matrix--
           G/G'          1          2
            1        0.000000    0.016618
            2        0.000000    0.000000

            -------------------------------
            >>>>>Wrting Core Geometry<<<<<
            -------------------------------
  Number of Assembly in x, y and z Directions Respectively :
           9           9          18
  Number of Nodes in x, y and z Directions Respectively :
          34          34          18

  x-Directed Nodes Divison (Delta-x)
     5.40   5.40   5.40   5.40   5.40   5.40   5.40   5.40   5.40   5.40
     5.40   5.40   5.40   5.40   5.40   5.40   5.40   5.40   5.40   5.40
     5.40   5.40   5.40   5.40   5.40   5.40   5.40   5.40   5.40   5.40
     5.40   5.40   5.40   5.40
  y-Directed Nodes Divison (Delta-y)
     5.40   5.40   5.40   5.40   5.40   5.40   5.40   5.40   5.40   5.40
     5.40   5.40   5.40   5.40   5.40   5.40   5.40   5.40   5.40   5.40
     5.40   5.40   5.40   5.40   5.40   5.40   5.40   5.40   5.40   5.40
     5.40   5.40   5.40   5.40
  Planar Region :  1
        1  2  3  4  5  6  7  8  9 10 11 12 13 14 15 16 17 18 19 20 21 22 23 24 25 26 27 28 29 30 31 32 33 34
    34  1  1  1  1  1  1  1  1  1  1  1  1  1  1  1  1  1  1  1  1  1  1  1  1  1  1  1  1  1  1  2  2  2  2 
    33  1  1  1  1  1  1  1  1  1  1  1  1  1  1  1  1  1  1  1  1  1  1  1  1  1  1  1  1  1  1  2  2  2  2 
    32  1  1  1  1  1  1  1  1  1  1  1  1  1  1  1  1  1  1  1  1  1  1  1  1  1  1  1  1  1  1  2  2  2  2 
    31  1  1  1  1  1  1  1  1  1  1  1  1  1  1  1  1  1  1  1  1  1  1  1  1  1  1  1  1  1  1  2  2  2  2 
    30  1  1  1  1  1  1  1  1  1  1  1  1  1  1  1  1  1  1  1  1  1  1  1  1  1  1  1  1  1  1  2  2  2  2 
    29  1  1  1  1  1  1  1  1  1  1  1  1  1  1  1  1  1  1  1  1  1  1  1  1  1  1  1  1  1  1  2  2  2  2 
    28  1  1  1  1  1  1  1  1  1  1  1  1  1  1  1  1  1  1  1  1  1  1  1  1  1  1  3  3  3  3  2  2  2  2 
    27  1  1  1  1  1  1  1  1  1  1  1  1  1  1  1  1  1  1  1  1  1  1  1  1  1  1  3  3  3  3  2  2  2  2 
    26  1  1  1  1  1  1  1  1  1  1  1  1  1  1  1  1  1  1  1  1  1  1  1  1  1  1  3  3  3  3  2  2  2  2 
    25  1  1  1  1  1  1  1  1  1  1  1  1  1  1  1  1  1  1  1  1  1  1  1  1  1  1  3  3  3  3  2  2  2  2 
    24  1  1  1  1  1  1  1  1  1  1  1  1  1  1  1  1  1  1  1  1  1  1  1  1  1  1  2  2  2  2             
    23  1  1  1  1  1  1  1  1  1  1  1  1  1  1  1  1  1  1  1  1  1  1  1  1  1  1  2  2  2  2             
    22  1  1  1  1  1  1  1  1  1  1  1  1  1  1  1  1  1  1  1  1  1  1  1  1  1  1  2  2  2  2             
    21  1  1  1  1  1  1  1  1  1  1  1  1  1  1  1  1  1  1  1  1  1  1  1  1  1  1  2  2  2  2             
    20  1  1  1  1  1  1  1  1  1  1  1  1  1  1  1  1  1  1  1  1  1  1  3  3  3  3  2  2  2  2             
    19  1  1  1  1  1  1  1  1  1  1  1  1  1  1  1  1  1  1  1  1  1  1  3  3  3  3  2  2  2  2             
    18  1  1  1  1  1  1  1  1  1  1  1  1  1  1  1  1  1  1  1  1  1  1  3  3  3  3  2  2  2  2             
    17  1  1  1  1  1  1  1  1  1  1  1  1  1  1  1  1  1  1  1  1  1  1  3  3  3  3  2  2  2  2             
    16  1  1  1  1  1  1  1  1  1  1  1  1  1  1  1  1  1  1  3  3  3  3  2  2  2  2                         
    15  1  1  1  1  1  1  1  1  1  1  1  1  1  1  1  1  1  1  3  3  3  3  2  2  2  2                         
    14  1  1  1  1  1  1  1  1  1  1  1  1  1  1  1  1  1  1  3  3  3  3  2  2  2  2                         
    13  1  1  1  1  1  1  1  1  1  1  1  1  1  1  1  1  1  1  3  3  3  3  2  2  2  2                         
    12  1  1  1  1  1  1  1  1  1  1  1  1  1  1  3  3  3  3  2  2  2  2                                     
    11  1  1  1  1  1  1  1  1  1  1  1  1  1  1  3  3  3  3  2  2  2  2                                     
    10  1  1  1  1  1  1  1  1  1  1  1  1  1  1  3  3  3  3  2  2  2  2                                     
     9  1  1  1  1  1  1  1  1  1  1  1  1  1  1  3  3  3  3  2  2  2  2                                     
     8  1  1  1  1  1  1  3  3  3  3  2  2  2  2  2  2  2  2                                                 
     7  1  1  1  1  1  1  3  3  3  3  2  2  2  2  2  2  2  2                                                 
     6  1  1  1  1  1  1  3  3  3  3  2  2  2  2  2  2  2  2                                                 
     5  1  1  1  1  1  1  3  3  3  3  2  2  2  2  2  2  2  2                                                 
     4  2  2  2  2  2  2  2  2  2  2                                                                         
     3  2  2  2  2  2  2  2  2  2  2                                                                         
     2  2  2  2  2  2  2  2  2  2  2                                                                         
     1  2  2  2  2  2  2  2  2  2  2                                                                         
  Planar Region :  2
        1  2  3  4  5  6  7  8  9 10 11 12 13 14 15 16 17 18 19 20 21 22 23 24 25 26 27 28 29 30 31 32 33 34
    34  4  4  5  5  5  5  4  4  4  4  5  5  5  5  4  4  4  4  5  5  5  5  4  4  4  4  6  6  6  6  2  2  2  2 
    33  4  4  5  5  5  5  4  4  4  4  5  5  5  5  4  4  4  4  5  5  5  5  4  4  4  4  6  6  6  6  2  2  2  2 
    32  5  5  4  4  4  4  5  5  5  5  4  4  4  4  5  5  5  5  4  4  4  4  6  6  6  6  6  6  6  6  2  2  2  2 
    31  5  5  4  4  4  4  5  5  5  5  4  4  4  4  5  5  5  5  4  4  4  4  6  6  6  6  6  6  6  6  2  2  2  2 
    30  5  5  4  4  4  4  5  5  5  5  4  4  4  4  5  5  5  5  4  4  4  4  6  6  6  6  6  6  6  6  2  2  2  2 
    29  5  5  4  4  4  4  5  5  5  5  4  4  4  4  5  5  5  5  4  4  4  4  6  6  6  6  6  6  6  6  2  2  2  2 
    28  4  4  5  5  5  5  4  4  4  4  5  5  5  5  4  4  4  4  5  5  5  5  6  6  6  6  3  3  3  3  2  2  2  2 
    27  4  4  5  5  5  5  4  4  4  4  5  5  5  5  4  4  4  4  5  5  5  5  6  6  6  6  3  3  3  3  2  2  2  2 
    26  4  4  5  5  5  5  4  4  4  4  5  5  5  5  4  4  4  4  5  5  5  5  6  6  6  6  3  3  3  3  2  2  2  2 
    25  4  4  5  5  5  5  4  4  4  4  5  5  5  5  4  4  4  4  5  5  5  5  6  6  6  6  3  3  3  3  2  2  2  2 
    24  5  5  4  4  4  4  5  5  5  5  4  4  4  4  5  5  5  5  6  6  6  6  6  6  6  6  2  2  2  2             
    23  5  5  4  4  4  4  5  5  5  5  4  4  4  4  5  5  5  5  6  6  6  6  6  6  6  6  2  2  2  2             
    22  5  5  4  4  4  4  5  5  5  5  4  4  4  4  5  5  5  5  6  6  6  6  6  6  6  6  2  2  2  2             
    21  5  5  4  4  4  4  5  5  5  5  4  4  4  4  5  5  5  5  6  6  6  6  6  6  6  6  2  2  2  2             
    20  4  4  5  5  5  5  4  4  4  4  5  5  5  5  4  4  4  4  6  6  6  6  3  3  3  3  2  2  2  2             
    19  4  4  5  5  5  5  4  4  4  4  5  5  5  5  4  4  4  4  6  6  6  6  3  3  3  3  2  2  2  2             
    18  4  4  5  5  5  5  4  4  4  4  5  5  5  5  4  4  4  4  6  6  6  6  3  3  3  3  2  2  2  2             
    17  4  4  5  5  5  5  4  4  4  4  5  5  5  5  4  4  4  4  6  6  6  6  3  3  3  3  2  2  2  2             
    16  5  5  4  4  4  4  5  5  5  5  6  6  6  6  6  6  6  6  3  3  3  3  2  2  2  2                         
    15  5  5  4  4  4  4  5  5  5  5  6  6  6  6  6  6  6  6  3  3  3  3  2  2  2  2                         
    14  5  5  4  4  4  4  5  5  5  5  6  6  6  6  6  6  6  6  3  3  3  3  2  2  2  2                         
    13  5  5  4  4  4  4  5  5  5  5  6  6  6  6  6  6  6  6  3  3  3  3  2  2  2  2                         
    12  4  4  6  6  6  6  6  6  6  6  6  6  6  6  3  3  3  3  2  2  2  2                                     
    11  4  4  6  6  6  6  6  6  6  6  6  6  6  6  3  3  3  3  2  2  2  2                                     
    10  4  4  6  6  6  6  6  6  6  6  6  6  6  6  3  3  3  3  2  2  2  2                                     
     9  4  4  6  6  6  6  6  6  6  6  6  6  6  6  3  3  3  3  2  2  2  2                                     
     8  6  6  6  6  6  6  3  3  3  3  2  2  2  2  2  2  2  2                                                 
     7  6  6  6  6  6  6  3  3  3  3  2  2  2  2  2  2  2  2                                                 
     6  6  6  6  6  6  6  3  3  3  3  2  2  2  2  2  2  2  2                                                 
     5  6  6  6  6  6  6  3  3  3  3  2  2  2  2  2  2  2  2                                                 
     4  2  2  2  2  2  2  2  2  2  2                                                                         
     3  2  2  2  2  2  2  2  2  2  2                                                                         
     2  2  2  2  2  2  2  2  2  2  2                                                                         
     1  2  2  2  2  2  2  2  2  2  2                                                                         
  Planar Region :  3
        1  2  3  4  5  6  7  8  9 10 11 12 13 14 15 16 17 18 19 20 21 22 23 24 25 26 27 28 29 30 31 32 33 34
    34  4  4  9  9  9  9  4  4  4  4  9  9  9  9  4  4  4  4  7  7  7  7  4  4  4  4  6  6  6  6  2  2  2  2 
    33  4  4  9  9  9  9  4  4  4  4  9  9  9  9  4  4  4  4  7  7  7  7  4  4  4  4  6  6  6  6  2  2  2  2 
    32  9  9  4  4  4  4  8  8  8  8  4  4  4  4  8  8  8  8  4  4  4  4  11 11 11 11 6  6  6  6  2  2  2  2 
    31  9  9  4  4  4  4  8  8  8  8  4  4  4  4  8  8  8  8  4  4  4  4  11 11 11 11 6  6  6  6  2  2  2  2 
    30  9  9  4  4  4  4  8  8  8  8  4  4  4  4  8  8  8  8  4  4  4  4  11 11 11 11 6  6  6  6  2  2  2  2 
    29  9  9  4  4  4  4  8  8  8  8  4  4  4  4  8  8  8  8  4  4  4  4  11 11 11 11 6  6  6  6  2  2  2  2 
    28  4  4  8  8  8  8  4  4  4  4  8  8  8  8  4  4  4  4  8  8  8  8  6  6  6  6  3  3  3  3  2  2  2  2 
    27  4  4  8  8  8  8  4  4  4  4  8  8  8  8  4  4  4  4  8  8  8  8  6  6  6  6  3  3  3  3  2  2  2  2 
    26  4  4  8  8  8  8  4  4  4  4  8  8  8  8  4  4  4  4  8  8  8  8  6  6  6  6  3  3  3  3  2  2  2  2 
    25  4  4  8  8  8  8  4  4  4  4  8  8  8  8  4  4  4  4  8  8  8  8  6  6  6  6  3  3  3  3  2  2  2  2 
    24  9  9  4  4  4  4  8  8  8  8  4  4  4  4  8  8  8  8  10 10 10 10 6  6  6  6  2  2  2  2             
    23  9  9  4  4  4  4  8  8  8  8  4  4  4  4  8  8  8  8  10 10 10 10 6  6  6  6  2  2  2  2             
    22  9  9  4  4  4  4  8  8  8  8  4  4  4  4  8  8  8  8  10 10 10 10 6  6  6  6  2  2  2  2             
    21  9  9  4  4  4  4  8  8  8  8  4  4  4  4  8  8  8  8  10 10 10 10 6  6  6  6  2  2  2  2             
    20  4  4  8  8  8  8  4  4  4  4  8  8  8  8  4  4  4  4  6  6  6  6  3  3  3  3  2  2  2  2             
    19  4  4  8  8  8  8  4  4  4  4  8  8  8  8  4  4  4  4  6  6  6  6  3  3  3  3  2  2  2  2             
    18  4  4  8  8  8  8  4  4  4  4  8  8  8  8  4  4  4  4  6  6  6  6  3  3  3  3  2  2  2  2             
    17  4  4  8  8  8  8  4  4  4  4  8  8  8  8  4  4  4  4  6  6  6  6  3  3  3  3  2  2  2  2             
    16  7  7  4  4  4  4  8  8  8  8  10 10 10 10 6  6  6  6  3  3  3  3  2  2  2  2                         
    15  7  7  4  4  4  4  8  8  8  8  10 10 10 10 6  6  6  6  3  3  3  3  2  2  2  2                         
    14  7  7  4  4  4  4  8  8  8  8  10 10 10 10 6  6  6  6  3  3  3  3  2  2  2  2                         
    13  7  7  4  4  4  4  8  8  8  8  10 10 10 10 6  6  6  6  3  3  3  3  2  2  2  2                         
    12  4  4  11 11 11 11 6  6  6  6  6  6  6  6  3  3  3  3  2  2  2  2                                     
    11  4  4  11 11 11 11 6  6  6  6  6  6  6  6  3  3  3  3  2  2  2  2                                     
    10  4  4  11 11 11 11 6  6  6  6  6  6  6  6  3  3  3  3  2  2  2  2                                     
     9  4  4  11 11 11 11 6  6  6  6  6  6  6  6  3  3  3  3  2  2  2  2                                     
     8  6  6  6  6  6  6  3  3  3  3  2  2  2  2  2  2  2  2                                                 
     7  6  6  6  6  6  6  3  3  3  3  2  2  2  2  2  2  2  2                                                 
     6  6  6  6  6  6  6  3  3  3  3  2  2  2  2  2  2  2  2                                                 
     5  6  6  6  6  6  6  3  3  3  3  2  2  2  2  2  2  2  2                                                 
     4  2  2  2  2  2  2  2  2  2  2                                                                         
     3  2  2  2  2  2  2  2  2  2  2                                                                         
     2  2  2  2  2  2  2  2  2  2  2                                                                         
     1  2  2  2  2  2  2  2  2  2  2                                                                         

  Planar Region Assignment to Planes.
 -------------------------------------
   Plane Number     Planar Region    Delta-z
       18 (Top)            1          30.00
       17                  3           8.00
       16                  3          12.80
       15                  3          12.80
       14                  3          30.00
       13                  3          30.00
       12                  3          30.00
       11                  3          30.00
       10                  3          30.00
        9                  3          30.00
        8                  3          30.00
        7                  3          30.00
        6                  3          30.00
        5                  3          30.00
        4                  3          15.00
        3                  3          11.00
        2                  2           7.70
        1 (Bottom)         1          30.00

   Boundary Conditions
   -------------------
  X-Directed West   : Reflective
  X-Directed East   : Zero Flux
  Y-Directed North  : Reflective
  Y-Directed South  : Zero Flux
  Z-Directed Bottom : Zero Flux
  Z-Directed Top    : Zero Flux

  ...Core Geometry is Sucessfully Read...
     ---------------------------------


            >>>> READING CONTROL RODS INSERTION <<<<
            --------------------------------------------
  NUMBER OF CONTROL ROD BANK  :  7
  MAX. NUMBER OF STEPS        : 228
  FULLY INSERTED POSITION (cm): 37.7 (FROM BOTTOM OF THE CORE)
  STEP SIZE (cm)              :   1.5942
  CR CUSPING CORRECTION       : NOT ACTIVE
  INITIAL CONTROL ROD BANK POSITION (STEPS) : 
  (0 means fully inserted) 
    Bank  1  Bank  2  Bank  3  Bank  4  Bank  5  Bank  6  Bank  7
    150.0    200.0    150.0    200.0    200.0    200.0    200.0

  CONTROL ROD BANK MAP : 
  1  0  2  0  0  0  3  0  0
  0  4  0  0  0  6  0  0  0
  2  0  5  0  6  0  6  0  0
  0  0  0  4  0  0  0  0  0
  0  0  6  0  7  0  0  0  0
  0  6  0  0  0  0  0  0  0
  3  0  6  0  0  0  0  0  0
  0  0  0  0  0  0  0  0  0
  0  0  0  0  0  0  0  0  0

  MATERIAL CX INCREMENT OR DECREMENT DUE TO CR INSERTION : 
    MATERIAL  1
    GROUP   TRANSPORT  ABSORPTION      NU*FISS      FISSION
       1     0.003732    0.002478    -0.000103    -0.000000
       2    -0.021993    0.025587    -0.002823    -0.000000
   --SCATTERING MATRIX--
     G/G'        1        2
      1      0.000000 -0.003193
      2      0.000000  0.000000
    MATERIAL  2
    GROUP   TRANSPORT  ABSORPTION      NU*FISS      FISSION
       1     0.003732    0.002478    -0.000103    -0.000000
       2    -0.021993    0.025587    -0.002823    -0.000000
   --SCATTERING MATRIX--
     G/G'        1        2
      1      0.000000 -0.003193
      2      0.000000  0.000000
    MATERIAL  3
    GROUP   TRANSPORT  ABSORPTION      NU*FISS      FISSION
       1     0.003732    0.002478    -0.000103    -0.000000
       2    -0.021993    0.025587    -0.002823    -0.000000
   --SCATTERING MATRIX--
     G/G'        1        2
      1      0.000000 -0.003193
      2      0.000000  0.000000
    MATERIAL  4
    GROUP   TRANSPORT  ABSORPTION      NU*FISS      FISSION
       1     0.003732    0.002478    -0.000103    -0.000000
       2    -0.021993    0.025587    -0.002823    -0.000000
   --SCATTERING MATRIX--
     G/G'        1        2
      1      0.000000 -0.003193
      2      0.000000  0.000000
    MATERIAL  5
    GROUP   TRANSPORT  ABSORPTION      NU*FISS      FISSION
       1     0.003732    0.002478    -0.000103    -0.000000
       2    -0.021993    0.025587    -0.002823    -0.000000
   --SCATTERING MATRIX--
     G/G'        1        2
      1      0.000000 -0.003193
      2      0.000000  0.000000
    MATERIAL  6
    GROUP   TRANSPORT  ABSORPTION      NU*FISS      FISSION
       1     0.003741    0.002429    -0.000123    -0.000000
       2    -0.016750    0.025648    -0.003281    -0.000000
   --SCATTERING MATRIX--
     G/G'        1        2
      1      0.000000 -0.003142
      2      0.000000  0.000000
    MATERIAL  7
    GROUP   TRANSPORT  ABSORPTION      NU*FISS      FISSION
       1     0.003732    0.002478    -0.000103    -0.000000
       2    -0.021993    0.025587    -0.002823    -0.000000
   --SCATTERING MATRIX--
     G/G'        1        2
      1      0.000000 -0.003193
      2      0.000000  0.000000
    MATERIAL  8
    GROUP   TRANSPORT  ABSORPTION      NU*FISS      FISSION
       1     0.003732    0.002478    -0.000103    -0.000000
       2    -0.021993    0.025587    -0.002823    -0.000000
   --SCATTERING MATRIX--
     G/G'        1        2
      1      0.000000 -0.003193
      2      0.000000  0.000000
    MATERIAL  9
    GROUP   TRANSPORT  ABSORPTION      NU*FISS      FISSION
       1     0.003732    0.002478    -0.000103    -0.000000
       2    -0.021993    0.025587    -0.002823    -0.000000
   --SCATTERING MATRIX--
     G/G'        1        2
      1      0.000000 -0.003193
      2      0.000000  0.000000
    MATERIAL 10
    GROUP   TRANSPORT  ABSORPTION      NU*FISS      FISSION
       1     0.003732    0.002478    -0.000103    -0.000000
       2    -0.021993    0.025587    -0.002823    -0.000000
   --SCATTERING MATRIX--
     G/G'        1        2
      1      0.000000 -0.003193
      2      0.000000  0.000000
    MATERIAL 11
    GROUP   TRANSPORT  ABSORPTION      NU*FISS      FISSION
       1     0.003732    0.002478    -0.000103    -0.000000
       2    -0.021993    0.025587    -0.002823    -0.000000
   --SCATTERING MATRIX--
     G/G'        1        2
      1      0.000000 -0.003193
      2      0.000000  0.000000

  ...Control Rods Insertion card is sucessfully read...


            >>>>     READING ROD EJECTION DATA      <<<<
            --------------------------------------------
                           Bank  1  Bank  2  Bank  3  Bank  4  Bank  5  Bank  6  Bank  7
  FINAL BANK POS. (STEP)    150.0    200.0    228.0    200.0    200.0    200.0    200.0
  STARTS MOVE (SECOND)        0.0      0.0      0.0      0.0      0.0      0.0      0.0
  SPEED (STEP/SECOND)         0.0      0.0    780.0      0.0      0.0      0.0      0.0

  TIME PARAMETERS IN SECONDS : 
    TOTAL SIMULATION TIME         :   1.00
    FIRST TIME STEP               : 0.0100
    SECOND TIME STEP              : 0.1000
    WHEN SECOND TIME STEP APPLY?  :   1.00

  DELAYED NEUTRON FRACTION : 
    0.00026    0.00152    0.00139    0.00307    0.00110    0.00026

  PRECUSOR DECAY CONSTANT (1/s): 
    0.01280    0.03180    0.11900    0.31810    1.40270    3.92860

  NEUTRON VELOCITY (cm/s) : 
    2.80000E+07    4.40000E+05

  ...Rod Ejection Card is sucessfully read...


            >>>>       READING BORON CONCENTRATION        <<<<
            --------------------------------------------------
  BORON CONCENTRATION SET       : 1188.12
  BORON CONCENTRATION REFERENCE : 1200.20

  MATERIAL CX CHANGES PER PPM BORON CHANGES : 
    MATERIAL  1
     GROUP   TRANSPORT   ABSORPTION   NU*FISS       FISSION
       1     0.000000    0.000000   0.00000E+00   0.00000E+00
       2     0.000005    0.000010   0.00000E+00   0.00000E+00
   --SCATTERING MATRIX--
     G/G'          1          2
      1      0.00000E+00  0.79146E-09
      2      0.00000E+00  0.00000E+00
    MATERIAL  2
     GROUP   TRANSPORT   ABSORPTION   NU*FISS       FISSION
       1     0.000000    0.000000   0.00000E+00   0.00000E+00
       2     0.000776    0.000084   0.00000E+00   0.00000E+00
   --SCATTERING MATRIX--
     G/G'          1          2
      1      0.00000E+00  0.00000E+00
      2      0.00000E+00  0.00000E+00
    MATERIAL  3
     GROUP   TRANSPORT   ABSORPTION   NU*FISS       FISSION
       1     0.000000    0.000000   0.00000E+00   0.00000E+00
       2     0.000776    0.000084   0.00000E+00   0.00000E+00
   --SCATTERING MATRIX--
     G/G'          1          2
      1      0.00000E+00  0.00000E+00
      2      0.00000E+00  0.00000E+00
    MATERIAL  4
     GROUP   TRANSPORT   ABSORPTION   NU*FISS       FISSION
       1     0.000000    0.000000  -0.11210E-08  -0.17619E-19
       2    -0.000010    0.000007  -0.24305E-05  -0.31909E-16
   --SCATTERING MATRIX--
     G/G'          1          2
      1      0.00000E+00 -0.10859E-06
      2      0.00000E+00  0.00000E+00
    MATERIAL  5
     GROUP   TRANSPORT   ABSORPTION   NU*FISS       FISSION
       1     0.000000    0.000000  -0.16788E-08  -0.24996E-19
       2    -0.000009    0.000007  -0.27244E-05  -0.35768E-16
   --SCATTERING MATRIX--
     G/G'          1          2
      1      0.00000E+00 -0.10695E-06
      2      0.00000E+00  0.00000E+00
    MATERIAL  6
     GROUP   TRANSPORT   ABSORPTION   NU*FISS       FISSION
       1     0.000000    0.000000  -0.22104E-08  -0.32023E-19
       2    -0.000007    0.000007  -0.29588E-05  -0.38845E-16
   --SCATTERING MATRIX--
     G/G'          1          2
      1      0.00000E+00 -0.10537E-06
      2      0.00000E+00  0.00000E+00
    MATERIAL  7
     GROUP   TRANSPORT   ABSORPTION   NU*FISS       FISSION
       1     0.000000    0.000000  -0.17132E-08  -0.24996E-19
       2    -0.000007    0.000006  -0.25536E-05  -0.33522E-16
   --SCATTERING MATRIX--
     G/G'          1          2
      1      0.00000E+00 -0.10087E-06
      2      0.00000E+00  0.00000E+00
    MATERIAL  8
     GROUP   TRANSPORT   ABSORPTION   NU*FISS       FISSION
       1     0.000000    0.000000  -0.17242E-08  -0.25490E-19
       2    -0.000006    0.000006  -0.24888E-05  -0.32670E-16
   --SCATTERING MATRIX--
     G/G'          1          2
      1      0.00000E+00 -0.98858E-07
      2      0.00000E+00  0.00000E+00
    MATERIAL  9
     GROUP   TRANSPORT   ABSORPTION   NU*FISS       FISSION
       1     0.000000    0.000000  -0.17350E-08  -0.25605E-19
       2    -0.000006    0.000006  -0.24224E-05  -0.31798E-16
   --SCATTERING MATRIX--
     G/G'          1          2
      1      0.00000E+00 -0.96849E-07
      2      0.00000E+00  0.00000E+00
    MATERIAL 10
     GROUP   TRANSPORT   ABSORPTION   NU*FISS       FISSION
       1     0.000000    0.000000  -0.22434E-08  -0.32023E-19
       2    -0.000006    0.000006  -0.27766E-05  -0.36451E-16
   --SCATTERING MATRIX--
     G/G'          1          2
      1      0.00000E+00 -0.99331E-07
      2      0.00000E+00  0.00000E+00
    MATERIAL 11
     GROUP   TRANSPORT   ABSORPTION   NU*FISS       FISSION
       1     0.000000    0.000000  -0.22537E-08  -0.32487E-19
       2    -0.000005    0.000006  -0.27078E-05  -0.35548E-16
   --SCATTERING MATRIX--
     G/G'          1          2
      1      0.00000E+00 -0.97329E-07
      2      0.00000E+00  0.00000E+00

  ...Boron Concentration card is sucessfully read...


            >>>>   READING THERMAL-HYDRAULIC DATA   <<<<
            --------------------------------------------
  REACTOR PERCENT POWER (%)                :    100.00000
  REACTOR POWER (Watt)                     :   6.9375E+08
  COOLANT INLET TEMPERATURE (Kelvin)       :   5.5915E+02
  FUEL ASSEMBLY MASS FLOW RATE (Kg/s)      :   8.2121E+01
  FUEL MEAT RADIUS (m)                     :   4.1195E-03
  GAP THICKNESS (m)                        :   6.8000E-05
  CLAD THICKNESS (m)                       :   5.7100E-04
  PIN PITCH(m)                             :   1.2655E-02
  FRACTION OF HEAT DEPOSITED IN COOL.      :   1.9000E-02

  ...Thermal-hydraulic Card is sucessfully read...


            >>>>      READING FUEL TEMPERATURE      <<<<
            --------------------------------------------
  AVERAGE FUEL TEMPERATURE   :891.19  (NOT USED)
  FUEL TEMPERATURE REFERENCE :891.45

  MATERIAL CX CHANGES PER FUEL TEMPERATURE CHANGES : 
    MATERIAL  1
     GROUP   TRANSPORT   ABSORPTION   NU*FISS       FISSION
       1   0.00000E+00  0.00000E+00   0.00000E+00   0.00000E+00
       2   0.00000E+00  0.00000E+00   0.00000E+00   0.00000E+00
   --SCATTERING MATRIX--
     G/G'          1          2
      1      0.00000E+00  0.00000E+00
      2      0.00000E+00  0.00000E+00
    MATERIAL  2
     GROUP   TRANSPORT   ABSORPTION   NU*FISS       FISSION
       1   0.00000E+00  0.00000E+00   0.00000E+00   0.00000E+00
       2   0.00000E+00  0.00000E+00   0.00000E+00   0.00000E+00
   --SCATTERING MATRIX--
     G/G'          1          2
      1      0.00000E+00  0.00000E+00
      2      0.00000E+00  0.00000E+00
    MATERIAL  3
     GROUP   TRANSPORT   ABSORPTION   NU*FISS       FISSION
       1   0.00000E+00  0.00000E+00   0.00000E+00   0.00000E+00
       2   0.00000E+00  0.00000E+00   0.00000E+00   0.00000E+00
   --SCATTERING MATRIX--
     G/G'          1          2
      1      0.00000E+00  0.00000E+00
      2      0.00000E+00  0.00000E+00
    MATERIAL  4
     GROUP   TRANSPORT   ABSORPTION   NU*FISS       FISSION
       1  -0.30920E-04  0.34971E-04   0.64013E-06   0.71541E-17
       2  -0.13729E-03 -0.37181E-04  -0.56304E-04  -0.73919E-15
   --SCATTERING MATRIX--
     G/G'          1          2
      1      0.00000E+00 -0.27554E-04
      2      0.00000E+00  0.00000E+00
    MATERIAL  5
     GROUP   TRANSPORT   ABSORPTION   NU*FISS       FISSION
       1  -0.30861E-04  0.35180E-04   0.99743E-06   0.11868E-16
       2  -0.11748E-03 -0.37704E-04  -0.60415E-04  -0.79317E-15
   --SCATTERING MATRIX--
     G/G'          1          2
      1      0.00000E+00 -0.27677E-04
      2      0.00000E+00  0.00000E+00
    MATERIAL  6
     GROUP   TRANSPORT   ABSORPTION   NU*FISS       FISSION
       1  -0.30917E-04  0.35384E-04   0.14185E-05   0.17427E-16
       2  -0.10134E-03 -0.37756E-04  -0.63096E-04  -0.82836E-15
   --SCATTERING MATRIX--
     G/G'          1          2
      1      0.00000E+00 -0.27839E-04
      2      0.00000E+00  0.00000E+00
    MATERIAL  7
     GROUP   TRANSPORT   ABSORPTION   NU*FISS       FISSION
       1  -0.31375E-04  0.34870E-04   0.94543E-06   0.11868E-16
       2  -0.10827E-03 -0.37275E-04  -0.57966E-04  -0.76085E-15
   --SCATTERING MATRIX--
     G/G'          1          2
      1      0.00000E+00 -0.27355E-04
      2      0.00000E+00  0.00000E+00
    MATERIAL  8
     GROUP   TRANSPORT   ABSORPTION   NU*FISS       FISSION
       1  -0.31550E-04  0.34727E-04   0.92608E-06   0.10893E-16
       2  -0.10552E-03 -0.37181E-04  -0.57111E-04  -0.74957E-15
   --SCATTERING MATRIX--
     G/G'          1          2
      1      0.00000E+00 -0.27238E-04
      2      0.00000E+00  0.00000E+00
    MATERIAL  9
     GROUP   TRANSPORT   ABSORPTION   NU*FISS       FISSION
       1  -0.31728E-04  0.34603E-04   0.90580E-06   0.10617E-16
       2  -0.10252E-03 -0.37020E-04  -0.56154E-04  -0.73697E-15
   --SCATTERING MATRIX--
     G/G'          1          2
      1      0.00000E+00 -0.27117E-04
      2      0.00000E+00  0.00000E+00
    MATERIAL 10
     GROUP   TRANSPORT   ABSORPTION   NU*FISS       FISSION
       1  -0.31419E-04  0.35064E-04   0.13564E-05   0.17427E-16
       2  -0.93889E-04 -0.37140E-04  -0.60505E-04  -0.79425E-15
   --SCATTERING MATRIX--
     G/G'          1          2
      1      0.00000E+00 -0.27505E-04
      2      0.00000E+00  0.00000E+00
    MATERIAL 11
     GROUP   TRANSPORT   ABSORPTION   NU*FISS       FISSION
       1  -0.31591E-04  0.34912E-04   0.13334E-05   0.16277E-16
       2  -0.91713E-04 -0.36991E-04  -0.59628E-04  -0.78272E-15
   --SCATTERING MATRIX--
     G/G'          1          2
      1      0.00000E+00 -0.27383E-04
      2      0.00000E+00  0.00000E+00

  ...Fuel Temperature is card sucessfully read...


            >>>>   READING MODERATOR TEMPERATURE    <<<<
            --------------------------------------------
  AVERAGE MODERATOR TEMPERATURE   :559.19  (NOT USED)
  MODERATOR TEMPERATURE REFERENCE :579.75

  MATERIAL CX CHANGES PER MODERATOR TEMPERATURE CHANGES : 
    MATERIAL  1
     GROUP   TRANSPORT   ABSORPTION   NU*FISS       FISSION
       1   0.00000E+00  0.00000E+00   0.00000E+00   0.00000E+00
       2   0.00000E+00  0.00000E+00   0.00000E+00   0.00000E+00
   --SCATTERING MATRIX--
     G/G'          1          2
      1      0.00000E+00  0.00000E+00
      2      0.00000E+00  0.00000E+00
    MATERIAL  2
     GROUP   TRANSPORT   ABSORPTION   NU*FISS       FISSION
       1   0.00000E+00  0.00000E+00   0.00000E+00   0.00000E+00
       2   0.00000E+00  0.00000E+00   0.00000E+00   0.00000E+00
   --SCATTERING MATRIX--
     G/G'          1          2
      1      0.00000E+00  0.00000E+00
      2      0.00000E+00  0.00000E+00
    MATERIAL  3
     GROUP   TRANSPORT   ABSORPTION   NU*FISS       FISSION
       1   0.00000E+00  0.00000E+00   0.00000E+00   0.00000E+00
       2   0.00000E+00  0.00000E+00   0.00000E+00   0.00000E+00
   --SCATTERING MATRIX--
     G/G'          1          2
      1      0.00000E+00  0.00000E+00
      2      0.00000E+00  0.00000E+00
    MATERIAL  4
     GROUP   TRANSPORT   ABSORPTION   NU*FISS       FISSION
       1  -0.20331E-05  0.21219E-06   0.12471E-06   0.14304E-17
       2  -0.10867E-03 -0.31560E-04  -0.41644E-04  -0.54672E-15
   --SCATTERING MATRIX--
     G/G'          1          2
      1      0.00000E+00  0.80968E-06
      2      0.00000E+00  0.00000E+00
    MATERIAL  5
     GROUP   TRANSPORT   ABSORPTION   NU*FISS       FISSION
       1  -0.19808E-05  0.22600E-06   0.13515E-06   0.15690E-17
       2  -0.90615E-04 -0.32144E-04  -0.45310E-04  -0.59486E-15
   --SCATTERING MATRIX--
     G/G'          1          2
      1      0.00000E+00  0.85847E-06
      2      0.00000E+00  0.00000E+00
    MATERIAL  6
     GROUP   TRANSPORT   ABSORPTION   NU*FISS       FISSION
       1  -0.19243E-05  0.23994E-06   0.14908E-06   0.17542E-17
       2  -0.76279E-04 -0.32378E-04  -0.47847E-04  -0.62817E-15
   --SCATTERING MATRIX--
     G/G'          1          2
      1      0.00000E+00  0.90349E-06
      2      0.00000E+00  0.00000E+00
    MATERIAL  7
     GROUP   TRANSPORT   ABSORPTION   NU*FISS       FISSION
       1  -0.26963E-05  0.24853E-06   0.14077E-06   0.15690E-17
       2  -0.76244E-04 -0.30012E-04  -0.42020E-04  -0.55167E-15
   --SCATTERING MATRIX--
     G/G'          1          2
      1      0.00000E+00  0.70131E-06
      2      0.00000E+00  0.00000E+00
    MATERIAL  8
     GROUP   TRANSPORT   ABSORPTION   NU*FISS       FISSION
       1  -0.30791E-05  0.26185E-06   0.14323E-06   0.16790E-17
       2  -0.73340E-04 -0.29193E-04  -0.40770E-04  -0.53526E-15
   --SCATTERING MATRIX--
     G/G'          1          2
      1      0.00000E+00  0.61738E-06
      2      0.00000E+00  0.00000E+00
    MATERIAL  9
     GROUP   TRANSPORT   ABSORPTION   NU*FISS       FISSION
       1  -0.35388E-05  0.27431E-06   0.14602E-06   0.17167E-17
       2  -0.71371E-04 -0.28304E-04  -0.39432E-04  -0.51769E-15
   --SCATTERING MATRIX--
     G/G'          1          2
      1      0.00000E+00  0.51655E-06
      2      0.00000E+00  0.00000E+00
    MATERIAL 10
     GROUP   TRANSPORT   ABSORPTION   NU*FISS       FISSION
       1  -0.26391E-05  0.26429E-06   0.15586E-06   0.17542E-17
       2  -0.63955E-04 -0.30351E-04  -0.44443E-04  -0.58348E-15
   --SCATTERING MATRIX--
     G/G'          1          2
      1      0.00000E+00  0.74432E-06
      2      0.00000E+00  0.00000E+00
    MATERIAL 11
     GROUP   TRANSPORT   ABSORPTION   NU*FISS       FISSION
       1  -0.30215E-05  0.27906E-06   0.15881E-06   0.18853E-17
       2  -0.61698E-04 -0.29563E-04  -0.43159E-04  -0.56662E-15
   --SCATTERING MATRIX--
     G/G'          1          2
      1      0.00000E+00  0.65952E-06
      2      0.00000E+00  0.00000E+00

  ...Moderator Temperature Card is sucessfully read...


            >>>>       READING COOLANT DENSITY      <<<<
            --------------------------------------------
  AVERAGE COOLANT DENSITY   :  0.7464  (USED AS GUESS)
  COOLANT DENSITY REFERENCE :  0.7125

  MATERIAL CX CHANGES PER COOLANT DENSITY CHANGES : 
    MATERIAL  1
     GROUP   TRANSPORT   ABSORPTION   NU*FISS       FISSION
       1   0.74576E-01  0.20769E-03   0.00000E+00   0.00000E+00
       2   0.53363E+00  0.75842E-02   0.00000E+00   0.00000E+00
   --SCATTERING MATRIX--
     G/G'          1          2
      1      0.00000E+00  0.37131E-01
      2      0.00000E+00  0.00000E+00
    MATERIAL  2
     GROUP   TRANSPORT   ABSORPTION   NU*FISS       FISSION
       1   0.00000E+00  0.00000E+00   0.00000E+00   0.00000E+00
       2   0.00000E+00  0.00000E+00   0.00000E+00   0.00000E+00
   --SCATTERING MATRIX--
     G/G'          1          2
      1      0.00000E+00  0.00000E+00
      2      0.00000E+00  0.00000E+00
    MATERIAL  3
     GROUP   TRANSPORT   ABSORPTION   NU*FISS       FISSION
       1   0.00000E+00  0.00000E+00   0.00000E+00   0.00000E+00
       2   0.00000E+00  0.00000E+00   0.00000E+00   0.00000E+00
   --SCATTERING MATRIX--
     G/G'          1          2
      1      0.00000E+00  0.00000E+00
      2      0.00000E+00  0.00000E+00
    MATERIAL  4
     GROUP   TRANSPORT   ABSORPTION   NU*FISS       FISSION
       1   0.13567E+00  0.15519E-02   0.92069E-03   0.10239E-13
       2   0.99263E+00  0.25266E-01   0.24775E-01   0.32526E-12
   --SCATTERING MATRIX--
     G/G'          1          2
      1      0.00000E+00  0.29319E-01
      2      0.00000E+00  0.00000E+00
    MATERIAL  5
     GROUP   TRANSPORT   ABSORPTION   NU*FISS       FISSION
       1   0.13575E+00  0.16149E-02   0.96416E-03   0.10814E-13
       2   0.98198E+00  0.28667E-01   0.31499E-01   0.41354E-12
   --SCATTERING MATRIX--
     G/G'          1          2
      1      0.00000E+00  0.29270E-01
      2      0.00000E+00  0.00000E+00
    MATERIAL  6
     GROUP   TRANSPORT   ABSORPTION   NU*FISS       FISSION
       1   0.13583E+00  0.16802E-02   0.10141E-02   0.11477E-13
       2   0.97227E+00  0.31957E-01   0.38110E-01   0.50033E-12
   --SCATTERING MATRIX--
     G/G'          1          2
      1      0.00000E+00  0.29215E-01
      2      0.00000E+00  0.00000E+00
    MATERIAL  7
     GROUP   TRANSPORT   ABSORPTION   NU*FISS       FISSION
       1   0.13103E+00  0.16840E-02   0.98195E-03   0.10814E-13
       2   0.93470E+00  0.31424E-01   0.35159E-01   0.46172E-12
   --SCATTERING MATRIX--
     G/G'          1          2
      1      0.00000E+00  0.28249E-01
      2      0.00000E+00  0.00000E+00
    MATERIAL  8
     GROUP   TRANSPORT   ABSORPTION   NU*FISS       FISSION
       1   0.12938E+00  0.17197E-02   0.98844E-03   0.11132E-13
       2   0.91817E+00  0.32472E-01   0.36325E-01   0.47708E-12
   --SCATTERING MATRIX--
     G/G'          1          2
      1      0.00000E+00  0.27890E-01
      2      0.00000E+00  0.00000E+00
    MATERIAL  9
     GROUP   TRANSPORT   ABSORPTION   NU*FISS       FISSION
       1   0.12768E+00  0.17499E-02   0.99518E-03   0.11221E-13
       2   0.90129E+00  0.33594E-01   0.37450E-01   0.49190E-12
   --SCATTERING MATRIX--
     G/G'          1          2
      1      0.00000E+00  0.27520E-01
      2      0.00000E+00  0.00000E+00
    MATERIAL 10
     GROUP   TRANSPORT   ABSORPTION   NU*FISS       FISSION
       1   0.13112E+00  0.17553E-02   0.10352E-02   0.11477E-13
       2   0.92492E+00  0.34985E-01   0.42069E-01   0.58348E-12
   --SCATTERING MATRIX--
     G/G'          1          2
      1      0.00000E+00  0.28188E-01
      2      0.00000E+00  0.00000E+00
    MATERIAL 11
     GROUP   TRANSPORT   ABSORPTION   NU*FISS       FISSION
       1   0.12946E+00  0.17950E-02   0.10429E-02   0.11853E-13
       2   0.90846E+00  0.36103E-01   0.43321E-01   0.56886E-12
   --SCATTERING MATRIX--
     G/G'          1          2
      1      0.00000E+00  0.27826E-01
      2      0.00000E+00  0.00000E+00

  ...Coolant Density Card is sucessfully read...
    1     1.057275    3.21163E+00    8.88391E+01
    2     1.020237    1.00000E+00    1.29858E+01
    3     0.993287    5.84750E-01    4.08919E+00
    4     0.985137    3.60228E-01    1.48328E+00
    5     0.982665    7.46223E+03    6.23964E-01
    6     1.000080    3.55823E+00    8.51827E+00
    7     1.000256    2.05774E-01    1.42050E+00
    8     1.000088    1.23188E-01    8.46986E-01
    9     1.000277    9.48834E-02    2.57875E-01
   10     1.005882    1.46913E+03    9.51808E-02
   11     1.004983    4.17939E+00    1.32084E+01
   12     1.005681    3.60643E-01    1.87683E+00
   13     1.005976    2.25605E-01    7.25121E-01
   14     1.006206    1.32493E-01    3.76612E-01
   15     1.008858    6.68256E+01    1.82714E-01
   16     1.007548    1.19086E+00    1.11054E+00
   17     1.007567    1.57932E-01    4.20697E-01
   18     1.007501    8.41437E-02    1.46949E-01
   19     1.007477    4.56086E-02    6.17402E-02
   20     1.007612    1.79726E+01    4.43506E-02
    1     1.010405    2.18587E-02    3.31259E-02
    2     1.009625    2.16657E-02    2.75491E-02
    3     1.009355    1.75973E-02    2.00442E-02
    4     1.009281    1.48368E-02    1.58536E-02
    5     1.008484    1.67188E+00    1.40112E-02
    6     1.009574    3.59834E-01    7.56919E-01
    7     1.009540    7.00079E-02    3.89622E-01
    8     1.009577    3.79917E-02    1.90817E-01
    9     1.009623    2.61689E-02    7.46546E-02
   10     1.009992    1.72064E-01    3.14575E-02
   11     1.009801    8.09537E-02    1.09782E-01
   12     1.009863    1.99567E-02    6.57588E-02
   13     1.009867    1.08413E-02    2.53197E-02
   14     1.009865    6.19290E-03    1.37042E-02
   15     1.009838    2.00735E-01    7.35324E-03
   16     1.009897    1.20224E-01    1.16888E-01
   17     1.009939    2.91251E-02    6.38605E-02
   18     1.009964    2.34108E-02    2.70411E-02
   19     1.009982    1.84639E-02    2.32356E-02
   20     1.010095    1.37661E-01    1.86127E-02
    1     0.995555    5.42721E-02    9.85269E-02
    2     0.999428    1.29387E-02    2.87868E-02
    3     1.000793    9.24472E-03    1.65144E-02
    4     1.001167    8.40374E-03    8.49924E-03
    5     1.009287    1.97440E+00    8.17754E-03
    6     1.004046    3.97341E-01    8.53066E-01
    7     1.002307    9.82134E-02    3.42498E-01
    8     1.001965    6.70426E-02    1.98631E-01
    9     1.001943    5.90934E-02    9.20082E-02
   10     1.002396    9.73055E-01    5.45172E-02
   11     1.002331    2.86624E-01    3.79745E-01
   12     1.002395    3.38879E-02    1.46182E-01
   13     1.002383    1.77150E-02    8.63720E-02
   14     1.002374    1.19320E-02    2.69620E-02
   15     1.002219    6.27707E-01    1.16757E-02
   16     1.002873    2.48690E-01    2.50728E-01
   17     1.002573    4.16400E-02    1.35637E-01
   18     1.002513    2.81071E-02    5.51632E-02
   19     1.002508    1.69680E-02    2.42234E-02
   20     1.002563    1.49389E-01    1.38219E-02
    1     1.001374    1.26963E-02    1.51028E-02
    2     1.001497    6.74528E-03    9.03868E-03
    3     1.001544    5.13884E-03    6.18626E-03
    4     1.001554    4.50730E-03    4.76273E-03
    5     1.001520    9.80849E-02    4.21143E-03
    6     1.001433    3.44648E-02    6.11577E-02
    7     1.001456    7.08891E-03    3.48779E-02
    8     1.001466    6.00319E-03    1.00645E-02
    9     1.001469    5.13185E-03    5.40272E-03
   10     1.001503    1.11154E-01    4.89501E-03
   11     1.001416    4.38077E-02    7.47099E-02
   12     1.001459    8.05921E-03    4.35663E-02
   13     1.001473    5.35659E-03    1.13702E-02
   14     1.001477    4.56123E-03    5.25516E-03
   15     1.001495    5.40622E-02    4.01358E-03
   16     1.001436    1.80099E-02    3.53170E-02
   17     1.001462    4.24110E-03    2.01991E-02
   18     1.001468    3.67017E-03    9.88735E-03
   19     1.001468    3.19555E-03    3.31417E-03
   20     1.001439    7.37705E-02    3.06297E-03
    1     0.998366    6.26704E-03    9.07137E-03
    2     0.999151    3.90137E-03    4.00885E-03
    3     0.999425    3.06388E-03    3.64331E-03
    4     0.999493    2.63132E-03    3.03182E-03
    5     1.000536    1.78937E-01    2.65069E-03
    6     0.998745    8.54988E-02    1.38098E-01
    7     0.998954    1.91812E-02    8.79429E-02
    8     0.999043    1.11526E-02    4.97059E-02
    9     0.999085    7.74587E-03    2.00151E-02
   10     0.999237    3.35811E-02    1.01835E-02
   11     0.999161    1.43310E-02    1.69250E-02
   12     0.999178    1.87812E-03    1.07138E-02
   13     0.999182    1.26570E-03    4.81345E-03
   14     0.999184    1.02071E-03    1.69189E-03
   15     0.999244    2.64610E-02    1.12232E-03
   16     0.999245    1.19382E-02    1.72729E-02
   17     0.999234    2.07208E-03    1.05726E-02
   18     0.999236    9.01988E-04    6.75088E-03
   19     0.999238    7.78347E-04    2.20304E-03
   20     0.999296    1.91512E-02    7.57931E-04
    1     0.999530    1.92773E-03    3.20145E-03
    2     0.999459    1.18303E-03    1.46208E-03
    3     0.999436    1.01771E-03    1.02242E-03
    4     0.999431    9.42007E-04    9.45027E-04
    5     0.999455    3.58708E-02    9.09154E-04
    6     0.999494    1.14689E-02    2.63253E-02
    7     0.999498    4.05831E-03    1.54088E-02
    8     0.999498    2.46888E-03    9.24128E-03
    9     0.999498    1.79744E-03    4.35322E-03
   10     0.999518    2.93776E-02    2.33337E-03
   11     0.999523    1.58487E-02    1.56607E-02
   12     0.999513    1.32541E-03    9.49831E-03
   13     0.999511    8.63341E-04    4.94386E-03
   14     0.999511    4.87815E-04    1.19439E-03
   15     0.999518    6.06484E-03    4.53258E-04
   16     0.999513    2.62385E-03    3.89335E-03
   17     0.999516    8.60330E-04    2.49642E-03
   18     0.999517    6.42775E-04    1.33090E-03
   19     0.999517    4.73571E-04    6.57111E-04
   20     0.999522    9.17207E-03    5.07219E-04
    1     0.999640    9.34547E-04    1.44462E-03
    2     0.999604    3.42985E-04    3.48006E-04
    3     0.999591    2.84911E-04    2.88276E-04
    4     0.999588    2.68032E-04    2.69700E-04
    5     0.999569    9.73887E-03    2.54870E-04
    6     0.999585    4.26533E-03    6.88401E-03
    7     0.999591    8.15291E-04    3.84622E-03
    8     0.999592    4.84940E-04    2.02546E-03
    9     0.999592    3.16024E-04    7.46885E-04
   10     0.999574    9.50633E-03    3.53502E-04
   11     0.999574    4.33343E-03    6.16923E-03
   12     0.999578    7.33468E-04    3.63182E-03
   13     0.999581    6.27243E-04    1.77573E-03
   14     0.999583    4.90791E-04    7.68243E-04
   15     0.999596    4.90777E-03    4.15798E-04
   16     0.999583    2.35094E-03    2.42956E-03
   17     0.999587    2.93751E-04    1.39855E-03
   18     0.999588    2.83807E-04    3.76260E-04
   19     0.999588    2.38852E-04    2.41781E-04
   20     0.999577    7.39269E-03    2.19046E-04
    1     0.999597    5.87563E-04    1.22488E-03
    2     0.999599    2.72047E-04    4.79955E-04
    3     0.999599    2.26174E-04    3.01120E-04
    4     0.999599    2.08965E-04    2.09837E-04
    5     0.999598    8.41762E-03    1.99706E-04
    6     0.999605    2.64496E-03    6.23051E-03
    7     0.999600    8.57043E-04    3.87418E-03
    8     0.999598    5.16660E-04    2.04585E-03
    9     0.999598    3.70671E-04    9.46475E-04
   10     0.999596    4.87895E-03    5.04652E-04
   11     0.999598    2.57485E-03    2.86927E-03
   12     0.999598    3.12084E-04    1.83264E-03
   13     0.999598    2.39916E-04    8.28101E-04
   14     0.999598    1.71815E-04    2.08874E-04
   15     0.999596    3.94905E-03    1.66920E-04
   16     0.999601    2.29651E-03    1.85753E-03
   17     0.999598    3.34379E-04    1.02404E-03
   18     0.999598    2.81385E-04    4.32043E-04
   19     0.999597    2.38113E-04    2.65911E-04
   20     0.999598    1.92039E-03    2.33008E-04
    1     0.999634    2.68165E-04    3.42837E-04
    2     0.999624    1.87558E-04    1.87762E-04
    3     0.999621    1.62480E-04    1.62832E-04
    4     0.999620    1.47117E-04    1.54185E-04
    5     0.999615    5.90700E-03    1.43207E-04
    6     0.999624    2.31617E-03    4.12446E-03
    7     0.999624    3.39890E-04    2.54952E-03
    8     0.999624    1.80532E-04    1.16982E-03
    9     0.999624    1.54492E-04    4.13412E-04
   10     0.999623    8.02953E-04    1.50271E-04
   11     0.999624    2.27519E-04    5.10884E-04
   12     0.999623    5.10852E-05    3.10172E-04
   13     0.999623    3.41477E-05    1.21963E-04
   14     0.999623    2.75653E-05    5.24376E-05
   15     0.999624    9.38918E-04    3.11719E-05
   16     0.999625    4.23515E-04    6.05381E-04
   17     0.999624    6.09195E-05    3.75690E-04
   18     0.999624    3.92348E-05    2.04569E-04
   19     0.999624    2.95432E-05    7.02819E-05
   20     0.999624    5.27308E-04    3.42552E-05
    1     0.999612    1.87582E-04    3.94699E-04
    2     0.999615    7.36635E-05    1.30874E-04
    3     0.999616    6.12889E-05    8.09605E-05
    4     0.999616    5.65450E-05    5.67115E-05
    5     0.999618    2.84253E-03    5.41199E-05
    6     0.999615    9.41127E-04    1.96966E-03
    7     0.999615    2.85017E-04    1.12620E-03
    8     0.999615    2.14756E-04    6.23613E-04
    9     0.999615    1.69495E-04    3.16034E-04
   10     0.999615    1.39962E-03    1.99688E-04
   11     0.999615    6.21582E-04    7.81106E-04
   12     0.999615    5.12607E-05    5.01954E-04
   13     0.999615    3.24855E-05    2.45785E-04
   14     0.999615    2.41370E-05    5.56662E-05
   15     0.999615    5.95270E-04    2.28169E-05
   16     0.999615    3.32477E-04    2.95984E-04
   17     0.999615    4.91380E-05    1.59357E-04
   18     0.999615    3.48473E-05    7.79485E-05
   19     0.999615    2.39694E-05    3.47673E-05
   20     0.999615    2.04612E-04    2.52636E-05
    1     0.999612    2.44133E-05    3.43867E-05
    2     0.999613    1.48471E-05    1.48628E-05
    3     0.999613    1.21630E-05    1.22169E-05
    4     0.999613    1.03888E-05    1.09849E-05
    5     0.999614    2.25749E-04    9.71698E-06
    6     0.999613    8.28337E-05    1.51410E-04
    7     0.999613    1.59833E-05    9.46343E-05
    8     0.999613    1.31862E-05    4.12279E-05
    9     0.999613    1.13439E-05    1.44729E-05
   10     0.999613    2.79241E-04    1.07679E-05
   11     0.999613    9.36209E-05    1.83022E-04
   12     0.999613    1.47539E-05    1.07273E-04
   13     0.999613    1.07919E-05    3.23737E-05
   14     0.999613    8.62200E-06    1.27124E-05
   15     0.999613    7.03552E-05    8.71066E-06
   16     0.999613    2.89912E-05    4.23312E-05
   17     0.999613    5.46390E-06    2.41586E-05
   18     0.999613    5.01321E-06    8.87247E-06
    1     0.999613    7.11973E-05    1.26777E-04
    2     0.999613    2.61446E-05    3.93384E-05
    3     0.999613    2.12975E-05    2.31121E-05
    4     0.999613    1.94581E-05    1.95614E-05
    5     0.999613    1.20178E-03    1.87532E-05
    6     0.999613    4.10890E-04    8.89432E-04
    7     0.999613    1.28758E-04    5.38112E-04
    8     0.999613    8.55578E-05    2.97355E-04
    9     0.999613    6.20248E-05    1.44065E-04
   10     0.999613    4.09374E-04    7.95835E-05
   11     0.999613    1.92272E-04    2.02382E-04
   12     0.999613    1.86433E-05    1.26427E-04
   13     0.999613    1.50631E-05    5.57237E-05
   14     0.999613    1.08417E-05    1.25816E-05
   15     0.999613    2.28188E-04    1.03736E-05
   16     0.999613    1.23192E-04    1.16363E-04
   17     0.999613    1.29835E-05    6.48637E-05
   18     0.999613    7.48696E-06    3.60776E-05
   19     0.999613    4.89182E-06    1.14985E-05
   20     0.999613    5.04037E-05    4.51749E-06
    1     0.999613    8.43550E-06    1.12004E-05
    2     0.999613    5.03103E-06    5.08409E-06
    1     0.999613    2.81252E-05    4.49629E-05
    2     0.999613    1.25778E-05    1.38801E-05
    3     0.999613    1.13577E-05    1.13981E-05
    4     0.999613    1.07955E-05    1.08267E-05
    5     0.999613    6.36971E-04    1.03791E-05
    6     0.999613    2.10325E-04    4.49515E-04
    7     0.999613    5.87856E-05    2.56077E-04
    8     0.999613    3.92943E-05    1.39368E-04
    9     0.999613    2.89097E-05    6.72447E-05
   10     0.999613    1.91514E-04    3.70987E-05
   11     0.999613    8.68329E-05    9.86021E-05
   12     0.999613    6.41033E-06    6.36190E-05
   13     0.999613    4.88287E-06    2.92655E-05
   14     0.999613    3.44306E-06    5.09259E-06
    1     0.999613    3.29519E-06    3.86129E-06
    1     0.999613    1.44737E-05    2.48102E-05
    2     0.999613    7.14552E-06    8.03346E-06
       1       0.999613    6.18847E-06    6.40753E-06

 ***********************************************
Effective Factor Multiplication : Keff = 0.999613
 ***********************************************

   INITIAL MULTIPLICATION EFFECTIVE (K-EFF) =  0.999613
   WARNING: THE STEADY STATE K-EFF IS NOT EQUAL TO 1.0
   AND NOW IT IS FORCED TO 1.0 BY MODIFYING THE nu*sigf CROSS SECTIONS 

       1       0.999881    2.88724E-04    2.98749E-04
       2       0.999967    1.01213E-04    1.98675E-04
       3       0.999991    4.72318E-05    1.39516E-04
       4       0.999998    2.54820E-05    8.20229E-05
       5       1.000001    3.29087E-05    4.25657E-05
       6       1.000000    6.75248E-06    2.29989E-05
       7       1.000000    1.27314E-05    1.67387E-05
       8       1.000000    1.14016E-05    1.30919E-05
       9       1.000000    1.05937E-05    1.08579E-05
      10       1.000001    8.07114E-04    1.01284E-05
      11       0.999998    3.67421E-04    5.26109E-04
      12       1.000000    5.92221E-05    3.04330E-04
      13       1.000000    3.24487E-05    1.87380E-04
      14       1.000000    2.14366E-05    7.61685E-05
      15       1.000001    2.14250E-04    3.33129E-05
      16       1.000001    1.13481E-04    1.02997E-04
      17       1.000000    1.11565E-05    6.60762E-05
      18       1.000000    9.02702E-06    2.72696E-05
      19       1.000000    7.91078E-06    1.17740E-05
      20       1.000000    2.34174E-04    8.61364E-06
      21       1.000000    1.17459E-04    1.41161E-04
      22       1.000000    1.46969E-05    8.53026E-05
      23       1.000000    9.88847E-06    4.70466E-05
      24       1.000000    7.29050E-06    1.54389E-05
      25       1.000000    9.85353E-05    8.23579E-06
      26       1.000000    4.39715E-05    5.86179E-05
      27       1.000000    5.33311E-06    3.67555E-05
      28       1.000000    4.17921E-06    1.71615E-05
      29       1.000000    3.50039E-06    6.62206E-06

 ***********************************************
Effective Factor Multiplication : Keff = 1.000000
 ***********************************************
    1     0.980338    1.28586E-01    7.08192E+02
    2     0.993248    6.39609E-02    1.59200E+04
    3     0.998220    3.43428E-02    8.77636E+01
    4     0.999566    1.54949E-02    1.11034E+00
     ...Fission Source Extrapolated...
    5     1.000118    1.58710E-02    2.26275E-01
    6     0.999907    2.45033E-03    1.94779E-01
    7     0.999931    3.63474E-03    3.58051E-01
    8     0.999938    2.12724E-03    9.53169E-03
    9     0.999942    1.64822E-03    2.59338E-02
     ...Fission Source Extrapolated...
   10     0.999981    1.29506E-02    1.84608E-02
   11     0.999953    6.94999E-03    3.19804E-01
   12     0.999959    3.20579E-03    6.59985E-01
   13     0.999970    1.87928E-03    1.31761E-01
   14     0.999978    1.03467E-03    6.82249E-03
     ...Fission Source Extrapolated...
   15     1.000048    1.17913E-02    1.19194E-02
   16     0.999994    1.05144E-02    4.56792E-01
   17     0.999987    3.00209E-03    1.70848E+00
   18     0.999990    1.67717E-03    2.67503E-01
   19     0.999992    5.09823E-04    2.51238E-02
     ...Fission Source Extrapolated...
   20     1.000015    4.35016E-03    2.46061E-03
   21     0.999995    2.69051E-03    6.78943E-02
   22     0.999994    9.19411E-04    8.78703E-02
   23     0.999996    3.44254E-04    2.20934E-02
   24     0.999997    1.63274E-04    1.89028E-03
     ...Fission Source Extrapolated...
   25     1.000005    1.76252E-03    2.52770E-03
   26     0.999999    1.55735E-03    1.58925E-01
   27     0.999997    4.72571E-04    2.85232E-01
   28     0.999997    2.67025E-04    5.68561E-02
   29     0.999997    8.25922E-05    5.52393E-03
     ...Fission Source Extrapolated...
   30     1.000002    1.02993E-03    6.52168E-04
   31     0.999999    6.70668E-04    2.73687E-02
   32     0.999999    2.59226E-04    3.28418E-02
   33     0.999999    1.41028E-04    8.16436E-03
   34     0.999999    6.67359E-05    6.52216E-04
     ...Fission Source Extrapolated...
   35     1.000002    9.04908E-04    1.12528E-03
   36     1.000000    8.19239E-04    9.26580E-02
   37     1.000000    2.15388E-04    1.46828E-01
   38     0.999999    1.41241E-04    3.06439E-02
   39     0.999999    4.19483E-05    2.99309E-03
     ...Fission Source Extrapolated...
   40     1.000001    4.65546E-04    4.08823E-04
   41     1.000001    4.08963E-04    2.11973E-02
   42     1.000000    1.48220E-04    2.71784E-02
   43     1.000000    8.27862E-05    6.37432E-03
   44     1.000000    3.69321E-05    3.50814E-04
     ...Fission Source Extrapolated...
   45     1.000001    6.50817E-04    5.50892E-04
   46     1.000001    6.03509E-04    7.19393E-02
   47     1.000000    1.61723E-04    1.08790E-01
   48     1.000000    1.08133E-04    2.32832E-02
   49     1.000000    3.55639E-05    2.18900E-03
     ...Fission Source Extrapolated...
   50     1.000001    3.11279E-04    3.54421E-04
   51     1.000001    2.67668E-04    1.51274E-02
   52     1.000001    8.90159E-05    2.01505E-02
   53     1.000001    5.22269E-05    4.55368E-03
   54     1.000001    2.09905E-05    2.07318E-04
     ...Fission Source Extrapolated...
   55     1.000001    4.70579E-04    2.45674E-04
   56     1.000001    4.43654E-04    5.71209E-02
   57     1.000001    1.26663E-04    8.33377E-02
   58     1.000001    8.73345E-05    1.81651E-02
   59     1.000001    3.27846E-05    1.59051E-03
     ...Fission Source Extrapolated...
   60     1.000001    1.99484E-04    3.06144E-04
   61     1.000001    1.63139E-04    9.09751E-03
   62     1.000001    4.82388E-05    1.25489E-02
   63     1.000001    3.05190E-05    2.72493E-03
   64     1.000001    1.12448E-05    1.68868E-04
     ...Fission Source Extrapolated...
   65     1.000001    3.53598E-04    7.73619E-05
   66     1.000002    3.38604E-04    4.69039E-02
   67     1.000001    1.07943E-04    6.62691E-02
   68     1.000001    7.54406E-05    1.46660E-02
   69     1.000001    3.11857E-05    1.15196E-03
     ...Fission Source Extrapolated...
   70     1.000001    1.32655E-04    2.57293E-04
   71     1.000001    1.02752E-04    5.37683E-03
   72     1.000001    2.64368E-05    7.80847E-03
   73     1.000001    1.70663E-05    1.60617E-03
   74     1.000001    5.61765E-06    1.21048E-04
     ...Fission Source Extrapolated...
   75     1.000001    2.38554E-04    1.02635E-05
   76     1.000002    2.31181E-04    3.16250E-02
   77     1.000002    7.84491E-05    4.30711E-02
   78     1.000001    5.35284E-05    9.67249E-03
   79     1.000001    2.38107E-05    6.61156E-04
     ...Fission Source Extrapolated...
   80     1.000001    7.45028E-05    2.66392E-04
   81     1.000001    5.38781E-05    2.75846E-03
   82     1.000001    1.36520E-05    4.25828E-03
   83     1.000001    8.42067E-06    8.18293E-04
   84     1.000001    2.49791E-06    7.06313E-05
     ...Fission Source Extrapolated...
   85     1.000002    1.32589E-04    4.71854E-06
   86     1.000002    1.29314E-04    1.58792E-02
   87     1.000002    4.17374E-05    2.09072E-02
   88     1.000001    2.82417E-05    4.75807E-03
   89     1.000001    1.30951E-05    2.78937E-04
     ...Fission Source Extrapolated...
   90     1.000001    3.00398E-05    1.84327E-04
   91     1.000001    1.89794E-05    9.51958E-04
   92     1.000001    5.12980E-06    1.59817E-03
   93     1.000001    3.09624E-06    2.77371E-04
   94     1.000001    9.30672E-07    2.12085E-05
     ...Fission Source Extrapolated...
   95     1.000002    3.84701E-05    3.46521E-06
   96     1.000002    3.76487E-05    4.28644E-03
   97     1.000002    1.12822E-05    5.56661E-03
   98     1.000002    7.65688E-06    1.27014E-03
   99     1.000002    3.34770E-06    7.76957E-05
     ...Fission Source Extrapolated...
  100     1.000001    7.04278E-06    4.83496E-05
  101     1.000002    4.65789E-06    2.32467E-04
  102     1.000002    1.01498E-06    4.01585E-04
  103     1.000001    6.10004E-07    7.00603E-05
  104     1.000001    1.74162E-07    6.10789E-06

 ***********************************************
Effective Factor Multiplication : Keff = 1.000001
 ***********************************************
       1       0.794087    5.38334E-01    1.04985E+00
       2       0.934848    2.41819E-01    5.82124E-01
       3       0.981403    1.20325E-01    4.34301E-01
       4       0.994384    5.31951E-02    2.19399E-01
       5       1.000470    5.14329E-02    9.61162E-02
       6       0.998873    9.50934E-03    4.26361E-02
       7       0.999239    1.37229E-02    2.14906E-02
       8       0.999374    1.03297E-02    1.19936E-02
       9       0.999446    8.13808E-03    9.08500E-03
      10       1.000004    7.12722E-02    7.20107E-03
      11       0.999410    2.93868E-02    4.61221E-02
      12       0.999776    4.24235E-03    2.85088E-02
      13       0.999843    3.16072E-03    1.32572E-02
      14       0.999862    2.74223E-03    4.86158E-03
      15       1.000046    5.18158E-02    3.15805E-03
      16       0.999757    2.53365E-02    2.89845E-02
      17       0.999909    3.61400E-03    1.78296E-02
      18       0.999937    2.76430E-03    8.39874E-03
      19       0.999946    2.28169E-03    2.38781E-03
      20       1.000011    2.43263E-02    1.92678E-03
      21       0.999925    1.13579E-02    1.58638E-02
      22       0.999973    1.52909E-03    4.95872E-03
      23       0.999980    7.89002E-04    1.96201E-03
      24       0.999980    6.10886E-04    7.43215E-04
      25       0.999973    9.48934E-03    5.39062E-04
      26       0.999955    3.55485E-03    6.45461E-03
      27       0.999971    7.88510E-04    2.12465E-03
      28       0.999975    5.28729E-04    1.12420E-03
      29       0.999978    4.76796E-04    5.31697E-04
      30       1.000011    7.40393E-03    4.36402E-04
      31       0.999970    3.40566E-03    4.61286E-03
      32       0.999993    5.37898E-04    2.05976E-03
      33       0.999996    3.07972E-04    9.23986E-04
      34       0.999996    2.49490E-04    2.93466E-04
      35       0.999991    2.27393E-03    1.94892E-04
      36       0.999990    8.92448E-04    1.45866E-03
      37       0.999991    2.01119E-04    6.87388E-04
      38       0.999992    1.51695E-04    2.80502E-04
      39       0.999993    1.32952E-04    1.44486E-04
      40       1.000004    3.10753E-03    1.25709E-04
      41       0.999989    1.22335E-03    2.07250E-03
      42       0.999998    2.54776E-04    8.87967E-04
      43       0.999999    1.49381E-04    3.93281E-04
      44       0.999999    1.17027E-04    1.18714E-04
      45       0.999997    7.38668E-04    9.02277E-05
      46       0.999998    2.69074E-04    4.16297E-04
      47       0.999997    4.98951E-05    2.22863E-04
      48       0.999997    4.12554E-05    9.66412E-05
      49       0.999997    3.78562E-05    3.87277E-05
      50       1.000000    1.07990E-03    3.56932E-05
      51       0.999997    4.21279E-04    7.38334E-04
      52       0.999999    9.60309E-05    3.24540E-04
      53       0.999999    5.50328E-05    1.63361E-04
      54       0.999999    4.04151E-05    6.13174E-05
      55       0.999998    4.94209E-04    3.24934E-05
      56       0.999999    2.06979E-04    3.02054E-04
      57       0.999999    4.56174E-05    1.02681E-04
      58       0.999999    3.57540E-05    5.15119E-05
      59       0.999999    2.92085E-05    3.07056E-05
      60       1.000000    5.31545E-04    2.70927E-05
      61       1.000000    2.02552E-04    3.28213E-04
      62       1.000000    3.13328E-05    1.84177E-04
      63       1.000000    2.32852E-05    1.01350E-04
      64       0.999999    1.88512E-05    3.48458E-05
      65       0.999998    2.97214E-04    1.95736E-05
      66       1.000000    1.35832E-04    1.79008E-04
      67       0.999999    3.56966E-05    8.52989E-05
      68       0.999999    2.79741E-05    4.65653E-05
      69       0.999999    2.23089E-05    2.52166E-05
      70       1.000000    3.00024E-04    2.16527E-05
      71       1.000000    1.16129E-04    1.82249E-04
      72       1.000000    1.70514E-05    1.03929E-04
      73       1.000000    1.29019E-05    5.92680E-05
      74       1.000000    1.11717E-05    1.98734E-05
      75       0.999999    2.72065E-04    1.16343E-05
      76       1.000000    1.26232E-04    1.57005E-04
      77       0.999999    3.14495E-05    8.21118E-05
      78       0.999999    2.35861E-05    4.86858E-05
      79       0.999999    1.87625E-05    2.42136E-05
      80       1.000000    1.57948E-04    1.90617E-05
      81       1.000000    5.95316E-05    9.17869E-05
      82       1.000000    8.60392E-06    5.42864E-05
      83       1.000000    6.81824E-06    3.16727E-05
      84       1.000000    6.02894E-06    1.03170E-05
      85       0.999999    2.50565E-04    6.22578E-06
      86       1.000000    1.14701E-04    1.55748E-04
      87       1.000000    2.68329E-05    8.11633E-05
      88       1.000000    1.94354E-05    5.27417E-05
      89       1.000000    1.47246E-05    2.46931E-05
      90       1.000000    8.53824E-05    1.67070E-05
      91       1.000000    3.20416E-05    4.81969E-05
      92       1.000000    4.15952E-06    2.88566E-05
      93       1.000000    3.26586E-06    1.70094E-05
      94       1.000000    2.97025E-06    5.10620E-06

 ***********************************************
Effective Factor Multiplication : Keff = 1.000000
 ***********************************************

  TRANSIENT RESULTS :

  Step  Time(s)  React.($)   Rel. Power   Avg. Tm   Max. Tm   Avg. Tf   Max. Tf
 --------------------------------------------------------------------------------
   0     0.000    0.0000     1.0000E+00    302.49    331.35    537.63   1621.70
   1     0.010    0.0077     1.0079E+00    302.49    331.35    537.63   1621.71
   2     0.020    0.0209     1.0236E+00    302.49    331.35    537.66   1621.73
   3     0.030    0.0266     1.0334E+00    302.49    331.35    537.69   1621.76
   4     0.040    0.0314     1.0419E+00    302.49    331.35    537.73   1621.80
   5     0.050    0.0363     1.0501E+00    302.49    331.35    537.78   1621.85
   6     0.060    0.0375     1.0539E+00    302.49    331.35    537.82   1621.90
   7     0.070    0.0394     1.0581E+00    302.49    331.35    537.88   1621.95
   8     0.080    0.0397     1.0597E+00    302.49    331.35    537.93   1622.01
   9     0.090    0.0396     1.0603E+00    302.49    331.35    537.98   1622.06
  10     0.100    0.0394     1.0605E+00    302.49    331.35    538.02   1622.12
  11     0.110    0.0392     1.0605E+00    302.49    331.35    538.07   1622.18
  12     0.120    0.0390     1.0605E+00    302.50    331.36    538.12   1622.23
  13     0.130    0.0388     1.0605E+00    302.50    331.36    538.16   1622.29
  14     0.140    0.0385     1.0604E+00    302.50    331.36    538.21   1622.34
  15     0.150    0.0383     1.0604E+00    302.50    331.36    538.25   1622.40
  16     0.160    0.0380     1.0603E+00    302.50    331.36    538.30   1622.46
  17     0.170    0.0377     1.0601E+00    302.50    331.36    538.34   1622.51
  18     0.180    0.0375     1.0600E+00    302.50    331.37    538.38   1622.57
  19     0.190    0.0372     1.0599E+00    302.51    331.37    538.43   1622.62
  20     0.200    0.0369     1.0597E+00    302.51    331.38    538.47   1622.68
  21     0.210    0.0367     1.0596E+00    302.51    331.38    538.51   1622.73
  22     0.220    0.0364     1.0594E+00    302.51    331.39    538.55   1622.79
  23     0.230    0.0361     1.0593E+00    302.51    331.40    538.59   1622.84
  24     0.240    0.0359     1.0591E+00    302.52    331.40    538.63   1622.89
  25     0.250    0.0356     1.0590E+00    302.52    331.41    538.67   1622.95
  26     0.260    0.0353     1.0588E+00    302.52    331.42    538.71   1623.00
  27     0.270    0.0350     1.0587E+00    302.52    331.42    538.75   1623.05
  28     0.280    0.0348     1.0585E+00    302.52    331.43    538.79   1623.11
  29     0.290    0.0345     1.0583E+00    302.53    331.44    538.83   1623.16
  30     0.300    0.0342     1.0582E+00    302.53    331.45    538.86   1623.21
  31     0.310    0.0340     1.0580E+00    302.53    331.46    538.90   1623.27
  32     0.320    0.0337     1.0579E+00    302.53    331.46    538.94   1623.32
  33     0.330    0.0335     1.0577E+00    302.54    331.47    538.97   1623.37
  34     0.340    0.0332     1.0575E+00    302.54    331.48    539.01   1623.42
  35     0.350    0.0329     1.0574E+00    302.54    331.49    539.05   1623.47
  36     0.360    0.0327     1.0572E+00    302.54    331.50    539.08   1623.52
  37     0.370    0.0324     1.0570E+00    302.54    331.51    539.12   1623.57
  38     0.380    0.0322     1.0569E+00    302.55    331.52    539.15   1623.63
  39     0.390    0.0319     1.0567E+00    302.55    331.53    539.19   1623.68
  40     0.400    0.0317     1.0565E+00    302.55    331.54    539.22   1623.73
  41     0.410    0.0315     1.0564E+00    302.55    331.55    539.26   1623.78
  42     0.420    0.0312     1.0562E+00    302.56    331.56    539.29   1623.83
  43     0.430    0.0310     1.0562E+00    302.56    331.57    539.33   1623.88
  44     0.440    0.0307     1.0559E+00    302.56    331.58    539.36   1623.93
  45     0.450    0.0306     1.0559E+00    302.56    331.59    539.39   1623.97
  46     0.460    0.0303     1.0556E+00    302.57    331.60    539.43   1624.02
  47     0.470    0.0301     1.0556E+00    302.57    331.61    539.46   1624.07
  48     0.480    0.0298     1.0553E+00    302.57    331.62    539.49   1624.12
  49     0.490    0.0297     1.0553E+00    302.57    331.63    539.53   1624.17
  50     0.500    0.0294     1.0550E+00    302.57    331.63    539.56   1624.22
  51     0.510    0.0293     1.0550E+00    302.58    331.64    539.59   1624.27
  52     0.520    0.0290     1.0547E+00    302.58    331.65    539.62   1624.31
  53     0.530    0.0288     1.0547E+00    302.58    331.66    539.66   1624.36
  54     0.540    0.0287     1.0547E+00    302.58    331.67    539.69   1624.41
  55     0.550    0.0285     1.0547E+00    302.59    331.68    539.72   1624.46
  56     0.560    0.0282     1.0542E+00    302.59    331.69    539.75   1624.50
  57     0.570    0.0280     1.0542E+00    302.59    331.70    539.78   1624.55
  58     0.580    0.0279     1.0542E+00    302.59    331.71    539.81   1624.60
  59     0.590    0.0277     1.0542E+00    302.59    331.72    539.84   1624.65
  60     0.600    0.0274     1.0537E+00    302.60    331.73    539.87   1624.69
  61     0.610    0.0273     1.0537E+00    302.60    331.74    539.90   1624.74
  62     0.620    0.0271     1.0537E+00    302.60    331.75    539.94   1624.79
  63     0.630    0.0270     1.0537E+00    302.60    331.75    539.97   1624.83
  64     0.640    0.0267     1.0532E+00    302.60    331.76    540.00   1624.88
  65     0.650    0.0266     1.0532E+00    302.61    331.77    540.03   1624.92
  66     0.660    0.0264     1.0532E+00    302.61    331.78    540.06   1624.97
  67     0.670    0.0263     1.0532E+00    302.61    331.79    540.09   1625.02
  68     0.680    0.0260     1.0527E+00    302.61    331.80    540.11   1625.06
  69     0.690    0.0259     1.0527E+00    302.61    331.81    540.14   1625.11
  70     0.700    0.0257     1.0527E+00    302.62    331.81    540.17   1625.15
  71     0.710    0.0256     1.0527E+00    302.62    331.82    540.20   1625.20
  72     0.720    0.0253     1.0523E+00    302.62    331.83    540.23   1625.24
  73     0.730    0.0252     1.0523E+00    302.62    331.84    540.26   1625.29
  74     0.740    0.0251     1.0523E+00    302.62    331.85    540.29   1625.33
  75     0.750    0.0249     1.0522E+00    302.62    331.85    540.32   1625.38
  76     0.760    0.0248     1.0522E+00    302.63    331.86    540.34   1625.42
  77     0.770    0.0245     1.0517E+00    302.63    331.87    540.37   1625.46
  78     0.780    0.0244     1.0517E+00    302.63    331.88    540.40   1625.51
  79     0.790    0.0243     1.0517E+00    302.63    331.89    540.43   1625.55
  80     0.800    0.0242     1.0517E+00    302.63    331.89    540.46   1625.60
  81     0.810    0.0241     1.0517E+00    302.63    331.90    540.48   1625.64
  82     0.820    0.0238     1.0512E+00    302.64    331.91    540.51   1625.68
  83     0.830    0.0237     1.0512E+00    302.64    331.91    540.54   1625.73
  84     0.840    0.0236     1.0512E+00    302.64    331.92    540.57   1625.77
  85     0.850    0.0235     1.0512E+00    302.64    331.93    540.59   1625.81
  86     0.860    0.0233     1.0512E+00    302.64    331.94    540.62   1625.86
  87     0.870    0.0231     1.0507E+00    302.64    331.94    540.65   1625.90
  88     0.880    0.0230     1.0507E+00    302.64    331.95    540.67   1625.94
  89     0.890    0.0229     1.0507E+00    302.65    331.96    540.70   1625.98
  90     0.900    0.0228     1.0507E+00    302.65    331.96    540.73   1626.03
  91     0.910    0.0227     1.0507E+00    302.65    331.97    540.75   1626.07
  92     0.920    0.0224     1.0502E+00    302.65    331.97    540.78   1626.11
  93     0.930    0.0223     1.0502E+00    302.65    331.98    540.80   1626.15
  94     0.940    0.0222     1.0502E+00    302.65    331.99    540.83   1626.20
  95     0.950    0.0221     1.0502E+00    302.65    331.99    540.86   1626.24
  96     0.960    0.0220     1.0502E+00    302.65    332.00    540.88   1626.28
  97     0.970    0.0217     1.0498E+00    302.66    332.01    540.91   1626.32
  98     0.980    0.0217     1.0497E+00    302.66    332.01    540.93   1626.36
  99     0.990    0.0216     1.0497E+00    302.66    332.02    540.96   1626.40
 100     1.000    0.0215     1.0497E+00    302.66    332.02    540.98   1626.44


     Radial Power Distribution
   ==============================
           1       2       3       4       5       6       7       8       9
     9   0.996   1.014   1.108   1.075   1.156   1.181   1.045   0.843   0.000
     8   1.014   1.090   1.118   1.138   1.125   1.108   1.025   0.646   0.000
     7   1.108   1.118   1.140   1.114   1.085   0.993   0.920   0.000   0.000
     6   1.075   1.138   1.114   1.078   0.982   0.941   0.628   0.000   0.000
     5   1.156   1.125   1.085   0.982   0.862   0.674   0.000   0.000   0.000
     4   1.181   1.107   0.993   0.941   0.674   0.000   0.000   0.000   0.000
     3   1.045   1.025   0.920   0.628   0.000   0.000   0.000   0.000   0.000
     2   0.843   0.646   0.000   0.000   0.000   0.000   0.000   0.000   0.000
     1   0.000   0.000   0.000   0.000   0.000   0.000   0.000   0.000   0.000

   MAX POS.       Maximum Value
  (  9,  6)          1.181


     Axial Power Density Distribution
   ====================================

     Plane Number        Power      Height
    -----------------------------------------
        18  (Top)        0.000      427.30
        17               0.028      397.30
        16               0.057      389.30
        15               0.111      376.50
        14               0.267      363.70
        13               0.564      333.70
        12               0.878      303.70
        11               1.192      273.70
        10               1.490      243.70
         9               1.756      213.70
         8               1.964      183.70
         7               2.061      153.70
         6               1.964      123.70
         5               1.568       93.70
         4               1.044       63.70
         3               0.652       48.70
         2               0.403       37.70
         1  (Bottom)     0.000       30.00

   MAX POS.       Maximum Value
    (  7)             2.061

     Radial Flux Distribution
   ==============================
    Group :   1
             1          2          3          4          5          6          7          8          9
     9   2.158E-02  2.218E-02  2.350E-02  2.358E-02  2.450E-02  2.443E-02  2.204E-02  1.496E-02  2.085E-03 
     8   2.218E-02  2.310E-02  2.379E-02  2.411E-02  2.396E-02  2.348E-02  2.051E-02  1.167E-02  1.527E-03 
     7   2.350E-02  2.379E-02  2.416E-02  2.369E-02  2.294E-02  2.138E-02  1.680E-02  3.985E-03  3.527E-04 
     6   2.358E-02  2.411E-02  2.369E-02  2.274E-02  2.094E-02  1.856E-02  1.131E-02  1.608E-03  0.000E+00 
     5   2.450E-02  2.395E-02  2.294E-02  2.094E-02  1.788E-02  1.205E-02  3.048E-03  3.232E-04  0.000E+00 
     4   2.443E-02  2.348E-02  2.138E-02  1.856E-02  1.205E-02  3.119E-03  3.908E-04  0.000E+00  0.000E+00 
     3   2.204E-02  2.051E-02  1.680E-02  1.131E-02  3.048E-03  3.908E-04  0.000E+00  0.000E+00  0.000E+00 
     2   1.496E-02  1.167E-02  3.985E-03  1.607E-03  3.231E-04  0.000E+00  0.000E+00  0.000E+00  0.000E+00 
     1   2.085E-03  1.527E-03  3.527E-04  0.000E+00  0.000E+00  0.000E+00  0.000E+00  0.000E+00  0.000E+00 

    Group :   2
             1          2          3          4          5          6          7          8          9
     9   2.395E-02  2.043E-02  2.668E-02  2.172E-02  2.796E-02  2.390E-02  2.515E-02  1.465E-02  9.355E-04 
     8   2.043E-02  2.626E-02  2.258E-02  2.749E-02  2.274E-02  2.666E-02  1.777E-02  1.112E-02  6.849E-04 
     7   2.668E-02  2.258E-02  2.747E-02  2.249E-02  2.613E-02  1.990E-02  1.588E-02  1.611E-03  1.413E-04 
     6   2.172E-02  2.749E-02  2.249E-02  2.594E-02  1.971E-02  1.624E-02  1.080E-02  7.155E-04  0.000E+00 
     5   2.796E-02  2.274E-02  2.613E-02  1.971E-02  2.065E-02  1.162E-02  1.239E-03  1.296E-04  0.000E+00 
     4   2.390E-02  2.666E-02  1.990E-02  1.624E-02  1.162E-02  1.272E-03  1.557E-04  0.000E+00  0.000E+00 
     3   2.515E-02  1.777E-02  1.588E-02  1.080E-02  1.239E-03  1.557E-04  0.000E+00  0.000E+00  0.000E+00 
     2   1.465E-02  1.112E-02  1.611E-03  7.154E-04  1.295E-04  0.000E+00  0.000E+00  0.000E+00  0.000E+00 
     1   9.355E-04  6.849E-04  1.413E-04  0.000E+00  0.000E+00  0.000E+00  0.000E+00  0.000E+00  0.000E+00 

