                                                                                
      /\               /\                                                       
     //\\             //\\                                                      
    //**\\           //**\\                                                     
   //****\\         //****\\                                                    
  //******\\       //******\\   ____                   _   _           _        
  ---------   /*\   ---------  / __ \                 | \ | |         | |       
             (***)            | |  | |_ __   ___ _ __ |  \| | ___   __| | ___   
              \*/             | |  | | "_ \ / _ \ "_ \| . ` |/ _"\ / _" |/ _ \  
                              | |__| | |_) |  __/ | | | |\  | |_) | (_| |  __/  
              //\\             \____/| .__/ \___)_| |_|_| \_|\___/ \___/ \___|  
             //**\\                  | |                                        
            //****\\                 |_|                                        
           //******\\                                                           
           ----------                                                           
                                                                                
 ____________________________________________________________
          | The OpenNode, Nodal Methods for Neutron Diffusion
 Version  | Version Number: 1.1                              
 Copyright| 2021 Radiation & Nuclear System Laboratory       
          | University Abdelmalk Essaadi                     
          | Faculty of Sciences, Tetouan, Morocco            
 Source   | FORTRAN90 version                                
 GUI      | PyQt5                                            
 Method   | The Nodal Expansion Method (NEM)                 
 Dimension| Three Dimensions (3D)                            
 Geometry | Cartesian                                        
 ____________________________________________________________
                        =====================
   Calculation Mode :    Forward Calculation 
   ----------------     =====================

            --------------------------------------------
            >>>> Writing Macroscopic Cross Sections <<<<
            --------------------------------------------
     Material  1
    Group   Transport    Diffusion  Absorption    Removal      Nu*Fiss      Kap*Fis    Fiss. Spctr
       1     0.133768    2.491869    0.003654    0.067929     0.008228     0.008228     0.745248
       2     0.318911    1.045224    0.002124    0.066508     0.000536     0.000536     0.254328
       3     0.492072    0.677407    0.019908    0.070757     0.007058     0.007058     0.000424
       4     0.888436    0.375191    0.067990    0.069235     0.083930     0.083930     0.000000
         --Scattering Matrix--
           G/G'          1          2          3          4
            1        0.000000    0.063789    0.000486    0.000000
            2        0.000000    0.000000    0.064381    0.000003
            3        0.000000    0.000000    0.000000    0.050849
            4        0.000000    0.000000    0.001245    0.000000
     Material  2
    Group   Transport    Diffusion  Absorption    Removal      Nu*Fiss      Kap*Fis    Fiss. Spctr
       1     0.133726    2.492653    0.003685    0.067275     0.008295     0.008295     0.745248
       2     0.317507    1.049844    0.002215    0.065296     0.000713     0.000713     0.254328
       3     0.492652    0.676610    0.022012    0.070432     0.009230     0.009230     0.000424
       4     0.878393    0.379481    0.085052    0.086595     0.108244     0.108244     0.000000
         --Scattering Matrix--
           G/G'          1          2          3          4
            1        0.000000    0.063112    0.000478    0.000000
            2        0.000000    0.000000    0.063078    0.000003
            3        0.000000    0.000000    0.000000    0.048420
            4        0.000000    0.000000    0.001543    0.000000
     Material  3
    Group   Transport    Diffusion  Absorption    Removal      Nu*Fiss      Kap*Fis    Fiss. Spctr
       1     0.133763    2.491978    0.003684    0.066922     0.008285     0.008285     0.745248
       2     0.316884    1.051910    0.002221    0.064628     0.000713     0.000713     0.254328
       3     0.492307    0.677084    0.022403    0.069952     0.009214     0.009214     0.000424
       4     0.873852    0.381453    0.088077    0.089675     0.108087     0.108087     0.000000
         --Scattering Matrix--
           G/G'          1          2          3          4
            1        0.000000    0.062765    0.000473    0.000000
            2        0.000000    0.000000    0.062404    0.000003
            3        0.000000    0.000000    0.000000    0.047549
            4        0.000000    0.000000    0.001598    0.000000
     Material  4
    Group   Transport    Diffusion  Absorption    Removal      Nu*Fiss      Kap*Fis    Fiss. Spctr
       1     0.133733    2.492535    0.003740    0.067963     0.008459     0.008459     0.745248
       2     0.318888    1.045298    0.002299    0.066632     0.000923     0.000923     0.254328
       3     0.494058    0.674684    0.022621    0.072139     0.011714     0.011714     0.000424
       4     0.890694    0.374240    0.091000    0.092630     0.133600     0.133600     0.000000
         --Scattering Matrix--
           G/G'          1          2          3          4
            1        0.000000    0.063737    0.000486    0.000000
            2        0.000000    0.000000    0.064330    0.000003
            3        0.000000    0.000000    0.000000    0.049518
            4        0.000000    0.000000    0.001630    0.000000
     Material  5
    Group   Transport    Diffusion  Absorption    Removal      Nu*Fiss      Kap*Fis    Fiss. Spctr
       1     0.133744    2.492329    0.003730    0.066940     0.008409     0.008409     0.745248
       2     0.316871    1.051953    0.002315    0.064694     0.000921     0.000921     0.254328
       3     0.493328    0.675683    0.023822    0.070681     0.011675     0.011675     0.000424
       4     0.875796    0.380606    0.100246    0.102043     0.134282     0.134282     0.000000
         --Scattering Matrix--
           G/G'          1          2          3          4
            1        0.000000    0.062737    0.000473    0.000000
            2        0.000000    0.000000    0.062376    0.000003
            3        0.000000    0.000000    0.000000    0.046859
            4        0.000000    0.000000    0.001797    0.000000
     Material  6
    Group   Transport    Diffusion  Absorption    Removal      Nu*Fiss      Kap*Fis    Fiss. Spctr
       1     0.133787    2.491521    0.003730    0.066584     0.008400     0.008400     0.745248
       2     0.316247    1.054029    0.002321    0.064020     0.000921     0.000921     0.254328
       3     0.492953    0.676197    0.024196    0.070201     0.011651     0.011651     0.000424
       4     0.871610    0.382434    0.103283    0.105135     0.133974     0.133974     0.000000
         --Scattering Matrix--
           G/G'          1          2          3          4
            1        0.000000    0.062386    0.000468    0.000000
            2        0.000000    0.000000    0.061696    0.000003
            3        0.000000    0.000000    0.000000    0.046005
            4        0.000000    0.000000    0.001852    0.000000
     Material  7
    Group   Transport    Diffusion  Absorption    Removal      Nu*Fiss      Kap*Fis    Fiss. Spctr
       1     0.157252    2.119737    0.000466    0.042840     0.000000     0.000000     0.745248
       2     0.340102    0.980098    0.000263    0.044852     0.000000     0.000000     0.254328
       3     0.627349    0.531336    0.004282    0.056528     0.000000     0.000000     0.000424
       4     0.315051    1.058029    0.116918    0.117896     0.000000     0.000000     0.000000
         --Scattering Matrix--
           G/G'          1          2          3          4
            1        0.000000    0.042052    0.000322    0.000000
            2        0.000000    0.000000    0.044589    0.000000
            3        0.000000    0.000000    0.000000    0.052246
            4        0.000000    0.000000    0.000978    0.000000

            -------------------------------
            >>>>>Wrting Core Geometry<<<<<
            -------------------------------
  Number of Assembly in x, y and z Directions Respectively :
           9           9           1
  Number of Nodes in x, y and z Directions Respectively :
          34          34           1

  x-Directed Nodes Divison (Delta-x)
     5.40   5.40   5.40   5.40   5.40   5.40   5.40   5.40   5.40   5.40
     5.40   5.40   5.40   5.40   5.40   5.40   5.40   5.40   5.40   5.40
     5.40   5.40   5.40   5.40   5.40   5.40   5.40   5.40   5.40   5.40
     5.40   5.40   5.40   5.40
  y-Directed Nodes Divison (Delta-y)
     5.40   5.40   5.40   5.40   5.40   5.40   5.40   5.40   5.40   5.40
     5.40   5.40   5.40   5.40   5.40   5.40   5.40   5.40   5.40   5.40
     5.40   5.40   5.40   5.40   5.40   5.40   5.40   5.40   5.40   5.40
     5.40   5.40   5.40   5.40
  Planar Region :  1
        1  2  3  4  5  6  7  8  9 10 11 12 13 14 15 16 17 18 19 20 21 22 23 24 25 26 27 28 29 30 31 32 33 34
    34  1  1  3  3  3  3  1  1  1  1  3  3  3  3  1  1  1  1  2  2  2  2  1  1  1  1  4  4  4  4  7  7  7  7 
    33  1  1  3  3  3  3  1  1  1  1  3  3  3  3  1  1  1  1  2  2  2  2  1  1  1  1  4  4  4  4  7  7  7  7 
    32  3  3  1  1  1  1  3  3  3  3  1  1  1  1  2  2  2  2  1  1  1  1  6  6  6  6  4  4  4  4  7  7  7  7 
    31  3  3  1  1  1  1  3  3  3  3  1  1  1  1  2  2  2  2  1  1  1  1  6  6  6  6  4  4  4  4  7  7  7  7 
    30  3  3  1  1  1  1  3  3  3  3  1  1  1  1  2  2  2  2  1  1  1  1  6  6  6  6  4  4  4  4  7  7  7  7 
    29  3  3  1  1  1  1  3  3  3  3  1  1  1  1  2  2  2  2  1  1  1  1  6  6  6  6  4  4  4  4  7  7  7  7 
    28  1  1  3  3  3  3  1  1  1  1  2  2  2  2  1  1  1  1  3  3  3  3  4  4  4  4  7  7  7  7  7  7  7  7 
    27  1  1  3  3  3  3  1  1  1  1  2  2  2  2  1  1  1  1  3  3  3  3  4  4  4  4  7  7  7  7  7  7  7  7 
    26  1  1  3  3  3  3  1  1  1  1  2  2  2  2  1  1  1  1  3  3  3  3  4  4  4  4  7  7  7  7  7  7  7  7 
    25  1  1  3  3  3  3  1  1  1  1  2  2  2  2  1  1  1  1  3  3  3  3  4  4  4  4  7  7  7  7  7  7  7  7 
    24  3  3  1  1  1  1  2  2  2  2  1  1  1  1  3  3  3  3  5  5  5  5  4  4  4  4  7  7  7  7             
    23  3  3  1  1  1  1  2  2  2  2  1  1  1  1  3  3  3  3  5  5  5  5  4  4  4  4  7  7  7  7             
    22  3  3  1  1  1  1  2  2  2  2  1  1  1  1  3  3  3  3  5  5  5  5  4  4  4  4  7  7  7  7             
    21  3  3  1  1  1  1  2  2  2  2  1  1  1  1  3  3  3  3  5  5  5  5  4  4  4  4  7  7  7  7             
    20  1  1  2  2  2  2  1  1  1  1  3  3  3  3  1  1  1  1  4  4  4  4  7  7  7  7  7  7  7  7             
    19  1  1  2  2  2  2  1  1  1  1  3  3  3  3  1  1  1  1  4  4  4  4  7  7  7  7  7  7  7  7             
    18  1  1  2  2  2  2  1  1  1  1  3  3  3  3  1  1  1  1  4  4  4  4  7  7  7  7  7  7  7  7             
    17  1  1  2  2  2  2  1  1  1  1  3  3  3  3  1  1  1  1  4  4  4  4  7  7  7  7  7  7  7  7             
    16  2  2  1  1  1  1  3  3  3  3  5  5  5  5  4  4  4  4  7  7  7  7  7  7  7  7                         
    15  2  2  1  1  1  1  3  3  3  3  5  5  5  5  4  4  4  4  7  7  7  7  7  7  7  7                         
    14  2  2  1  1  1  1  3  3  3  3  5  5  5  5  4  4  4  4  7  7  7  7  7  7  7  7                         
    13  2  2  1  1  1  1  3  3  3  3  5  5  5  5  4  4  4  4  7  7  7  7  7  7  7  7                         
    12  1  1  6  6  6  6  4  4  4  4  4  4  4  4  7  7  7  7  7  7  7  7                                     
    11  1  1  6  6  6  6  4  4  4  4  4  4  4  4  7  7  7  7  7  7  7  7                                     
    10  1  1  6  6  6  6  4  4  4  4  4  4  4  4  7  7  7  7  7  7  7  7                                     
     9  1  1  6  6  6  6  4  4  4  4  4  4  4  4  7  7  7  7  7  7  7  7                                     
     8  4  4  4  4  4  4  7  7  7  7  7  7  7  7  7  7  7  7                                                 
     7  4  4  4  4  4  4  7  7  7  7  7  7  7  7  7  7  7  7                                                 
     6  4  4  4  4  4  4  7  7  7  7  7  7  7  7  7  7  7  7                                                 
     5  4  4  4  4  4  4  7  7  7  7  7  7  7  7  7  7  7  7                                                 
     4  7  7  7  7  7  7  7  7  7  7                                                                         
     3  7  7  7  7  7  7  7  7  7  7                                                                         
     2  7  7  7  7  7  7  7  7  7  7                                                                         
     1  7  7  7  7  7  7  7  7  7  7                                                                         

  Planar Region Assignment to Planes.
 -------------------------------------
   Plane Number     Planar Region    Delta-z
        1 (Top)            1          10.80

   Boundary Conditions
   -------------------
  X-Directed West   : Reflective
  X-Directed East   : Zero Incoming Current
  Y-Directed North  : Reflective
  Y-Directed South  : Zero Incoming Current
  Z-Directed Bottom : Reflective
  Z-Directed Top    : Reflective

  ...Core Geometry is Sucessfully Read...
     ---------------------------------


  ================================================================================================
                                        Calculation Results
  ================================================================================================

   Iteration    Keff     FissSrc Error   Inner Error
  ----------------------------------------------------
       1       2.473663    6.68238E-01    1.22599E+00
       2       1.853893    4.75398E-01    2.45061E+00
       3       1.477921    4.12170E-01    1.75642E+00
       4       1.254345    3.59613E-01    1.39531E+00
     ...Fission Source Extrapolated...
       5       0.963656    1.10571E+00    1.03619E+00
       6       1.061745    2.18307E-01    8.48581E-01
       7       1.028880    1.64629E-01    7.16901E-01
       8       1.013361    1.14640E-01    5.63233E-01
       9       1.006550    8.10800E-02    4.00283E-01
     ...Fission Source Extrapolated...
      10       0.988878    5.92506E-01    2.64173E-01
      11       1.003427    2.66935E-01    2.04623E-01
      12       1.004022    3.83336E-02    1.32256E-01
      13       1.004469    2.38973E-02    1.12093E-01
      14       1.004767    1.79433E-02    7.08505E-02
     ...Fission Source Extrapolated...
      15       1.007201    1.91429E-01    4.57873E-02
      16       1.005040    1.11573E-01    9.43960E-02
      17       1.005599    1.84104E-02    6.62683E-02
      18       1.005992    1.15196E-02    4.88424E-02
      19       1.006209    8.50136E-03    3.11156E-02
     ...Fission Source Extrapolated...
      20       1.007542    8.42284E-02    1.79096E-02
      21       1.006277    5.12778E-02    4.77049E-02
      22       1.006518    1.02124E-02    3.31102E-02
      23       1.006718    6.68432E-03    2.43774E-02
      24       1.006837    5.13015E-03    1.65254E-02
     ...Fission Source Extrapolated...
      25       1.007705    5.90509E-02    9.17098E-03
      26       1.006831    3.73538E-02    3.48624E-02
      27       1.006984    7.16113E-03    2.37993E-02
      28       1.007123    4.53358E-03    1.72577E-02
      29       1.007206    3.39983E-03    1.18610E-02
     ...Fission Source Extrapolated...
      30       1.007774    3.81089E-02    6.10810E-03
      31       1.007187    2.44053E-02    2.27757E-02
      32       1.007281    4.77337E-03    1.56526E-02
      33       1.007373    3.04356E-03    1.12498E-02
      34       1.007428    2.30048E-03    7.85448E-03
     ...Fission Source Extrapolated...
      35       1.007831    2.77395E-02    3.98019E-03
      36       1.007398    1.81118E-02    1.67627E-02
      37       1.007463    3.44742E-03    1.15916E-02
      38       1.007532    2.15954E-03    8.20873E-03
      39       1.007573    1.61124E-03    5.76201E-03
     ...Fission Source Extrapolated...
      40       1.007863    1.92311E-02    2.79042E-03
      41       1.007545    1.26193E-02    1.22909E-02
      42       1.007590    2.47240E-03    8.19994E-03
      43       1.007640    1.59473E-03    5.98542E-03
      44       1.007669    1.25244E-03    4.11124E-03
     ...Fission Source Extrapolated...
      45       1.007887    1.59798E-02    2.04216E-03
      46       1.007641    1.04635E-02    1.02514E-02
      47       1.007675    2.04629E-03    6.56747E-03
      48       1.007714    1.33051E-03    4.96084E-03
      49       1.007737    1.07453E-03    3.43846E-03
     ...Fission Source Extrapolated...
      50       1.007903    1.38073E-02    1.69506E-03
      51       1.007712    8.85737E-03    8.92026E-03
      52       1.007737    1.93100E-03    5.37620E-03
      53       1.007767    1.27205E-03    4.07233E-03
      54       1.007785    1.01723E-03    2.83772E-03
     ...Fission Source Extrapolated...
      55       1.007914    1.33333E-02    1.40536E-03
      56       1.007762    8.60310E-03    8.59527E-03
      57       1.007782    1.81223E-03    4.61594E-03
      58       1.007806    1.17502E-03    3.50089E-03
      59       1.007820    9.29139E-04    2.43638E-03
     ...Fission Source Extrapolated...
      60       1.007923    1.21206E-02    1.20153E-03
      61       1.007801    7.82211E-03    7.80267E-03
      62       1.007816    1.62740E-03    3.93347E-03
      63       1.007835    1.04921E-03    2.98790E-03
      64       1.007847    8.26316E-04    2.07511E-03
     ...Fission Source Extrapolated...
      65       1.007929    1.08961E-02    1.02570E-03
      66       1.007830    7.04574E-03    7.00549E-03
      67       1.007842    1.44394E-03    3.42756E-03
      68       1.007857    9.24283E-04    2.60560E-03
      69       1.007867    7.24154E-04    1.80203E-03
     ...Fission Source Extrapolated...
      70       1.007934    9.51149E-03    8.88990E-04
      71       1.007852    6.14466E-03    6.11062E-03
      72       1.007862    1.25465E-03    2.96763E-03
      73       1.007875    8.01750E-04    2.25812E-03
      74       1.007883    6.27384E-04    1.55618E-03
     ...Fission Source Extrapolated...
      75       1.007939    8.32825E-03    7.69136E-04
      76       1.007870    5.38754E-03    5.34558E-03
      77       1.007878    1.08940E-03    2.61249E-03
      78       1.007889    6.92935E-04    1.98834E-03
      79       1.007896    5.40388E-04    1.36411E-03
     ...Fission Source Extrapolated...
      80       1.007942    7.12406E-03    6.72956E-04
      81       1.007885    4.60063E-03    4.57096E-03
      82       1.007892    9.31722E-04    2.27113E-03
      83       1.007901    5.93118E-04    1.72980E-03
      84       1.007906    4.62823E-04    1.18316E-03
     ...Fission Source Extrapolated...
      85       1.007945    6.15539E-03    5.87779E-04
      86       1.007897    3.97851E-03    3.94710E-03
      87       1.007903    8.00790E-04    2.00468E-03
      88       1.007910    5.08239E-04    1.52701E-03
      89       1.007915    3.95709E-04    1.04057E-03
     ...Fission Source Extrapolated...
      90       1.007948    5.23443E-03    5.18024E-04
      91       1.007907    3.37845E-03    3.35576E-03
      92       1.007912    6.81430E-04    1.75065E-03
      93       1.007918    4.32956E-04    1.33416E-03
      94       1.007922    3.37366E-04    9.06959E-04
     ...Fission Source Extrapolated...
      95       1.007950    4.48493E-03    4.54254E-04
      96       1.007916    2.89546E-03    2.87426E-03
      97       1.007919    5.82285E-04    1.54368E-03
      98       1.007925    3.69413E-04    1.17659E-03
      99       1.007928    2.87535E-04    7.97640E-04
     ...Fission Source Extrapolated...
     100       1.007952    3.81589E-03    4.00672E-04
     101       1.007923    2.46181E-03    2.44498E-03
     102       1.007926    4.95371E-04    1.35504E-03
     103       1.007931    3.14389E-04    1.03308E-03
     104       1.007933    2.44771E-04    6.98927E-04
     ...Fission Source Extrapolated...
     105       1.007953    3.26601E-03    3.52749E-04
     106       1.007928    2.10818E-03    2.09193E-03
     107       1.007931    4.22829E-04    1.19769E-03
     108       1.007935    2.67939E-04    9.13114E-04
     109       1.007938    2.08369E-04    6.16354E-04
     ...Fission Source Extrapolated...
     110       1.007954    2.76747E-03    3.11884E-04
     111       1.007933    1.78440E-03    1.77253E-03
     112       1.007936    3.58822E-04    1.05024E-03
     113       1.007939    2.27676E-04    8.00998E-04
     114       1.007941    1.77228E-04    5.39958E-04
     ...Fission Source Extrapolated...
     115       1.007956    2.36547E-03    2.74720E-04
     116       1.007938    1.52593E-03    1.51471E-03
     117       1.007940    3.06062E-04    9.29277E-04
     118       1.007943    1.93955E-04    7.08772E-04
     119       1.007944    1.50837E-04    4.76929E-04
     ...Fission Source Extrapolated...
     120       1.007956    2.00475E-03    2.43315E-04
     121       1.007941    1.30876E-03    1.29826E-03
     122       1.007943    2.61995E-04    8.16704E-04
     123       1.007945    1.67895E-04    6.23125E-04
     124       1.007947    1.32027E-04    4.18881E-04
     ...Fission Source Extrapolated...
     125       1.007957    1.74676E-03    2.14830E-04
     126       1.007944    1.16111E-03    1.15161E-03
     127       1.007946    2.32129E-04    7.24046E-04
     128       1.007948    1.48623E-04    5.52447E-04
     129       1.007949    1.16800E-04    3.70813E-04
     ...Fission Source Extrapolated...
     130       1.007958    1.54023E-03    1.90699E-04
     131       1.007947    1.02354E-03    1.01540E-03
     132       1.007948    2.05017E-04    6.38466E-04
     133       1.007950    1.31383E-04    4.87281E-04
     134       1.007951    1.03327E-04    3.26794E-04
     ...Fission Source Extrapolated...
     135       1.007958    1.37266E-03    1.68878E-04
     136       1.007949    9.13391E-04    9.05213E-04
     137       1.007950    1.82331E-04    5.68774E-04
     138       1.007952    1.16665E-04    4.34031E-04
     139       1.007953    9.16454E-05    2.90635E-04
     ...Fission Source Extrapolated...
     140       1.007959    1.21081E-03    1.50479E-04
     141       1.007951    8.05201E-04    7.98211E-04
     142       1.007952    1.61178E-04    5.01680E-04
     143       1.007953    1.03287E-04    3.82961E-04
     144       1.007954    8.12278E-05    2.56305E-04
     ...Fission Source Extrapolated...
     145       1.007959    1.08265E-03    1.33425E-04
     146       1.007953    7.21018E-04    7.14011E-04
     147       1.007953    1.43765E-04    4.48383E-04
     148       1.007954    9.19691E-05    3.42219E-04
     149       1.007955    7.22285E-05    2.28701E-04
     ...Fission Source Extrapolated...
     150       1.007960    9.60410E-04    1.19243E-04
     151       1.007954    6.39577E-04    6.32990E-04
     152       1.007955    1.27602E-04    3.97546E-04
     153       1.007955    8.16918E-05    3.03467E-04
     154       1.007956    6.41913E-05    2.02670E-04
     ...Fission Source Extrapolated...
     155       1.007960    8.59491E-04    1.06148E-04
     156       1.007955    5.73058E-04    5.66558E-04
     157       1.007956    1.13958E-04    3.55582E-04
     158       1.007956    7.28649E-05    2.71401E-04
     159       1.007957    5.71950E-05    1.81029E-04
     ...Fission Source Extrapolated...
     160       1.007960    7.65509E-04    9.50069E-05
     161       1.007956    5.10504E-04    5.04321E-04
     162       1.007956    1.01485E-04    3.16505E-04
     163       1.007957    6.49134E-05    2.41597E-04
     164       1.007958    5.09638E-05    1.61037E-04
     ...Fission Source Extrapolated...
     165       1.007961    6.88291E-04    8.48467E-05
     166       1.007957    4.59739E-04    4.53383E-04
     167       1.007957    9.09528E-05    2.84318E-04
     168       1.007958    5.80713E-05    2.16972E-04
     169       1.007958    4.55244E-05    1.44427E-04
     ...Fission Source Extrapolated...
     170       1.007961    6.13268E-04    7.62029E-05
     171       1.007958    4.09584E-04    4.03675E-04
     172       1.007958    8.10803E-05    2.53175E-04
     173       1.007958    5.18138E-05    1.93237E-04
     174       1.007959    4.06425E-05    1.28567E-04
     ...Fission Source Extrapolated...
     175       1.007961    5.51671E-04    6.81325E-05
     176       1.007958    3.68905E-04    3.63161E-04
     177       1.007958    7.27661E-05    2.27603E-04
     178       1.007959    4.64382E-05    1.73695E-04
     179       1.007959    3.63837E-05    1.15432E-04
     ...Fission Source Extrapolated...
     180       1.007961    4.92828E-04    6.12795E-05
     181       1.007959    3.29527E-04    3.24220E-04
     182       1.007959    6.50349E-05    2.03213E-04
     183       1.007959    4.15387E-05    1.55106E-04
     184       1.007960    3.25622E-05    1.03034E-04
     ...Fission Source Extrapolated...
     185       1.007961    4.45287E-04    5.49253E-05
     186       1.007959    2.98207E-04    2.92934E-04
     187       1.007959    5.85706E-05    1.83454E-04
     188       1.007960    3.73409E-05    1.39990E-04
     189       1.007960    2.92262E-05    9.28754E-05
     ...Fission Source Extrapolated...
     190       1.007961    3.98377E-04    4.95654E-05
     191       1.007960    2.66732E-04    2.61865E-04
     192       1.007960    5.24346E-05    1.64026E-04
     193       1.007960    3.34643E-05    1.25186E-04
     194       1.007960    2.62105E-05    8.30284E-05
     ...Fission Source Extrapolated...
     195       1.007961    3.60002E-04    4.44989E-05
     196       1.007960    2.41326E-04    2.36672E-04
     197       1.007960    4.72756E-05    1.48141E-04
     198       1.007960    3.01318E-05    1.13047E-04
     199       1.007960    2.35729E-05    7.48988E-05
     ...Fission Source Extrapolated...
     200       1.007961    3.23040E-04    4.02014E-05
     201       1.007960    2.16520E-04    2.12230E-04
     202       1.007960    4.24409E-05    1.32856E-04
     203       1.007960    2.70734E-05    1.01398E-04
     204       1.007961    2.11918E-05    6.71591E-05
     ...Fission Source Extrapolated...
     205       1.007961    2.92470E-04    3.61850E-05
     206       1.007960    1.96250E-04    1.92156E-04
     207       1.007960    3.83401E-05    1.20212E-04
     208       1.007961    2.44274E-05    9.17351E-05
     209       1.007961    1.90999E-05    6.07003E-05
     ...Fission Source Extrapolated...
     210       1.007961    2.63432E-04    3.27518E-05
     211       1.007961    1.76787E-04    1.72962E-04
     212       1.007961    3.45261E-05    1.08204E-04
     213       1.007961    2.20068E-05    8.25774E-05
     214       1.007961    1.72110E-05    5.46182E-05
     ...Fission Source Extrapolated...
     215       1.007961    2.38417E-04    2.95638E-05
     216       1.007961    1.60112E-04    1.56535E-04
     217       1.007961    3.12073E-05    9.78829E-05
     218       1.007961    1.98791E-05    7.46976E-05
     219       1.007961    1.55376E-05    4.93704E-05
     ...Fission Source Extrapolated...
     220       1.007962    2.15075E-04    2.67737E-05
     221       1.007961    1.44439E-04    1.41183E-04
     222       1.007961    2.81566E-05    8.82616E-05
     223       1.007961    1.79450E-05    6.73628E-05
     224       1.007961    1.40299E-05    4.45077E-05
     ...Fission Source Extrapolated...
     225       1.007962    1.95097E-04    2.42091E-05
     226       1.007961    1.31119E-04    1.28092E-04
     227       1.007961    2.55052E-05    8.00246E-05
     228       1.007961    1.62438E-05    6.10723E-05
     229       1.007961    1.26914E-05    4.03229E-05
     ...Fission Source Extrapolated...
     230       1.007962    1.76485E-04    2.19681E-05
     231       1.007961    1.18627E-04    1.15843E-04
     232       1.007961    2.30668E-05    7.23532E-05
     233       1.007961    1.46950E-05    5.52209E-05
     234       1.007961    1.14826E-05    3.64462E-05
     ...Fission Source Extrapolated...
     235       1.007962    1.60180E-04    1.99069E-05
     236       1.007961    1.07723E-04    1.05154E-04
     237       1.007961    2.09161E-05    6.56425E-05
     238       1.007961    1.33196E-05    5.00983E-05
     239       1.007961    1.04035E-05    3.30465E-05
     ...Fission Source Extrapolated...
     240       1.007962    1.45087E-04    1.80809E-05
     241       1.007961    9.75775E-05    9.52344E-05
     242       1.007961    1.89463E-05    5.94359E-05
     243       1.007961    1.20695E-05    4.53653E-05
     244       1.007961    9.42879E-06    2.99157E-05
     ...Fission Source Extrapolated...
     245       1.007962    1.31857E-04    1.64073E-05
     246       1.007961    8.87190E-05    8.65630E-05
     247       1.007961    1.72054E-05    5.39981E-05
     248       1.007961    1.09569E-05    4.12145E-05
     249       1.007961    8.55663E-06    2.71650E-05
     ...Fission Source Extrapolated...
     250       1.007962    1.19708E-04    1.49222E-05
     251       1.007961    8.05565E-05    7.85776E-05
     252       1.007961    1.56167E-05    4.90044E-05
     253       1.007961    9.94683E-06    3.74048E-05
     254       1.007961    7.76811E-06    2.46462E-05
     ...Fission Source Extrapolated...
     255       1.007962    1.08899E-04    1.35656E-05
     256       1.007961    7.33079E-05    7.14880E-05
     257       1.007961    1.41981E-05    4.45655E-05
     258       1.007961    9.04150E-06    3.40168E-05
     259       1.007961    7.05935E-06    2.24045E-05
     ...Fission Source Extrapolated...
     260       1.007962    9.89588E-05    1.23504E-05
     261       1.007961    6.66198E-05    6.49590E-05
     262       1.007961    1.29026E-05    4.04868E-05
     263       1.007961    8.21862E-06    3.09056E-05
     264       1.007962    6.41764E-06    2.03505E-05
     ...Fission Source Extrapolated...
     265       1.007962    9.01273E-05    1.12393E-05
     266       1.007961    6.06920E-05    5.91680E-05
     267       1.007961    1.17455E-05    3.68644E-05
     268       1.007962    7.48036E-06    2.81408E-05
     269       1.007962    5.83993E-06    1.85231E-05
     ...Fission Source Extrapolated...
     270       1.007962    8.20614E-05    1.02439E-05
     271       1.007962    5.52685E-05    5.38690E-05
     272       1.007962    1.06918E-05    3.35554E-05
     273       1.007962    6.80986E-06    2.56156E-05
     274       1.007962    5.31640E-06    1.68565E-05
     ...Fission Source Extrapolated...
     275       1.007962    7.47468E-05    9.33639E-06
     276       1.007962    5.03474E-05    4.90704E-05
     277       1.007962    9.73821E-06    3.05590E-05
     278       1.007962    6.20312E-06    2.33294E-05
     279       1.007962    4.84275E-06    1.53484E-05
     ...Fission Source Extrapolated...
     280       1.007962    6.81446E-05    8.51330E-06
     281       1.007962    4.59071E-05    4.47378E-05
     282       1.007962    8.87630E-06    2.78542E-05
     283       1.007962    5.65419E-06    2.12651E-05
     284       1.007962    4.41397E-06    1.39868E-05
     ...Fission Source Extrapolated...
     285       1.007962    6.21323E-05    7.76797E-06
     286       1.007962    4.18600E-05    4.07914E-05
     287       1.007962    8.09282E-06    2.53922E-05
     288       1.007962    5.15573E-06    1.93864E-05
     289       1.007962    4.02496E-06    1.27486E-05
     ...Fission Source Extrapolated...
     290       1.007962    5.67265E-05    7.08945E-06
     291       1.007962    3.82259E-05    3.72437E-05
     292       1.007962    7.38604E-06    2.31782E-05
     293       1.007962    4.70496E-06    1.76961E-05
     294       1.007962    3.67254E-06    1.16340E-05
     ...Fission Source Extrapolated...
     295       1.007962    5.17448E-05    6.47612E-06
     296       1.007962    3.48685E-05    3.39723E-05
     297       1.007962    6.73835E-06    2.11397E-05
     298       1.007962    4.29339E-06    1.61407E-05
     299       1.007962    3.35171E-06    1.06100E-05
     ...Fission Source Extrapolated...
     300       1.007962    4.72701E-05    5.91359E-06
     301       1.007962    3.18577E-05    3.10375E-05
     302       1.007962    6.15450E-06    1.93093E-05
     303       1.007962    3.92122E-06    1.47435E-05
     304       1.007962    3.06089E-06    9.68951E-06

 ***********************************************
Effective Factor Multiplication : Keff = 1.007962
 ***********************************************


     Radial Power Distribution
   ==============================
           1       2       3       4       5       6       7       8       9
     9   0.997   1.076   1.035   1.153   1.122   1.203   0.952   0.825   0.000
     8   1.075   1.017   1.120   1.096   1.231   1.053   1.033   0.636   0.000
     7   1.035   1.120   1.083   1.212   1.049   1.030   0.959   0.000   0.000
     6   1.153   1.095   1.212   1.027   0.990   0.972   0.644   0.000   0.000
     5   1.122   1.231   1.049   0.990   0.780   0.660   0.000   0.000   0.000
     4   1.203   1.052   1.030   0.972   0.660   0.000   0.000   0.000   0.000
     3   0.951   1.032   0.959   0.644   0.000   0.000   0.000   0.000   0.000
     2   0.825   0.636   0.000   0.000   0.000   0.000   0.000   0.000   0.000
     1   0.000   0.000   0.000   0.000   0.000   0.000   0.000   0.000   0.000

   MAX POS.       Maximum Value
  (  8,  5)          1.231


     Axial Power Density Distribution
   ====================================

     Plane Number        Power      Height
    -----------------------------------------
         1  (Top)        1.000       10.80

   MAX POS.       Maximum Value
    (  1)             1.000

     Radial Flux Distribution
   ==============================
    Group :   1
             1          2          3          4          5          6          7          8          9
     9   2.167E-02  2.213E-02  2.251E-02  2.373E-02  2.434E-02  2.414E-02  2.110E-02  1.518E-02  2.190E-03 
     8   2.213E-02  2.211E-02  2.305E-02  2.379E-02  2.468E-02  2.304E-02  2.064E-02  1.195E-02  1.607E-03 
     7   2.250E-02  2.305E-02  2.351E-02  2.429E-02  2.279E-02  2.187E-02  1.790E-02  4.006E-03  3.983E-04 
     6   2.373E-02  2.378E-02  2.428E-02  2.230E-02  2.072E-02  1.935E-02  1.210E-02  1.747E-03  0.000E+00 
     5   2.433E-02  2.467E-02  2.279E-02  2.071E-02  1.712E-02  1.217E-02  3.029E-03  3.710E-04  0.000E+00 
     4   2.413E-02  2.303E-02  2.186E-02  1.934E-02  1.217E-02  2.957E-03  4.140E-04  0.000E+00  0.000E+00 
     3   2.109E-02  2.063E-02  1.790E-02  1.210E-02  3.029E-03  4.139E-04  0.000E+00  0.000E+00  0.000E+00 
     2   1.517E-02  1.194E-02  4.004E-03  1.746E-03  3.709E-04  0.000E+00  0.000E+00  0.000E+00  0.000E+00 
     1   2.189E-03  1.606E-03  3.981E-04  0.000E+00  0.000E+00  0.000E+00  0.000E+00  0.000E+00  0.000E+00 

    Group :   2
             1          2          3          4          5          6          7          8          9
     9   2.169E-02  2.223E-02  2.252E-02  2.383E-02  2.431E-02  2.410E-02  2.106E-02  1.485E-02  2.338E-03 
     8   2.223E-02  2.213E-02  2.314E-02  2.377E-02  2.462E-02  2.302E-02  2.064E-02  1.175E-02  1.720E-03 
     7   2.252E-02  2.314E-02  2.350E-02  2.424E-02  2.278E-02  2.195E-02  1.760E-02  4.279E-03  4.502E-04 
     6   2.382E-02  2.377E-02  2.423E-02  2.229E-02  2.081E-02  1.929E-02  1.189E-02  1.876E-03  0.000E+00 
     5   2.430E-02  2.462E-02  2.278E-02  2.081E-02  1.708E-02  1.197E-02  3.232E-03  4.189E-04  0.000E+00 
     4   2.408E-02  2.301E-02  2.194E-02  1.928E-02  1.196E-02  3.152E-03  4.691E-04  0.000E+00  0.000E+00 
     3   2.105E-02  2.063E-02  1.759E-02  1.188E-02  3.231E-03  4.690E-04  0.000E+00  0.000E+00  0.000E+00 
     2   1.485E-02  1.174E-02  4.276E-03  1.875E-03  4.187E-04  0.000E+00  0.000E+00  0.000E+00  0.000E+00 
     1   2.336E-03  1.719E-03  4.499E-04  0.000E+00  0.000E+00  0.000E+00  0.000E+00  0.000E+00  0.000E+00 

    Group :   3
             1          2          3          4          5          6          7          8          9
     9   2.202E-02  2.221E-02  2.287E-02  2.381E-02  2.466E-02  2.405E-02  2.128E-02  1.447E-02  2.384E-03 
     8   2.221E-02  2.247E-02  2.312E-02  2.412E-02  2.458E-02  2.333E-02  2.014E-02  1.147E-02  1.758E-03 
     7   2.286E-02  2.312E-02  2.384E-02  2.419E-02  2.311E-02  2.185E-02  1.715E-02  4.367E-03  4.636E-04 
     6   2.380E-02  2.411E-02  2.419E-02  2.261E-02  2.076E-02  1.880E-02  1.160E-02  1.918E-03  0.000E+00 
     5   2.465E-02  2.457E-02  2.311E-02  2.076E-02  1.727E-02  1.171E-02  3.299E-03  4.315E-04  0.000E+00 
     4   2.404E-02  2.332E-02  2.184E-02  1.879E-02  1.170E-02  3.221E-03  4.838E-04  0.000E+00  0.000E+00 
     3   2.127E-02  2.012E-02  1.715E-02  1.159E-02  3.298E-03  4.837E-04  0.000E+00  0.000E+00  0.000E+00 
     2   1.446E-02  1.146E-02  4.364E-03  1.917E-03  4.314E-04  0.000E+00  0.000E+00  0.000E+00  0.000E+00 
     1   2.383E-03  1.757E-03  4.633E-04  0.000E+00  0.000E+00  0.000E+00  0.000E+00  0.000E+00  0.000E+00 

    Group :   4
             1          2          3          4          5          6          7          8          9
     9   2.546E-02  2.082E-02  2.644E-02  2.233E-02  2.869E-02  2.345E-02  2.422E-02  1.288E-02  1.903E-03 
     8   2.082E-02  2.598E-02  2.168E-02  2.800E-02  2.400E-02  2.686E-02  1.563E-02  9.860E-03  1.404E-03 
     7   2.644E-02  2.168E-02  2.768E-02  2.362E-02  2.680E-02  1.978E-02  1.489E-02  3.494E-03  3.960E-04 
     6   2.232E-02  2.800E-02  2.361E-02  2.625E-02  1.908E-02  1.471E-02  9.983E-03  1.539E-03  0.000E+00 
     5   2.867E-02  2.399E-02  2.680E-02  1.908E-02  1.988E-02  1.029E-02  2.635E-03  3.675E-04  0.000E+00 
     4   2.344E-02  2.685E-02  1.978E-02  1.471E-02  1.028E-02  2.589E-03  4.134E-04  0.000E+00  0.000E+00 
     3   2.420E-02  1.563E-02  1.488E-02  9.979E-03  2.634E-03  4.134E-04  0.000E+00  0.000E+00  0.000E+00 
     2   1.287E-02  9.855E-03  3.493E-03  1.538E-03  3.674E-04  0.000E+00  0.000E+00  0.000E+00  0.000E+00 
     1   1.901E-03  1.403E-03  3.958E-04  0.000E+00  0.000E+00  0.000E+00  0.000E+00  0.000E+00  0.000E+00 


 Total Time :    7.68750000     Seconds
