                                                                                
      /\               /\                                                       
     //\\             //\\                                                      
    //**\\           //**\\                                                     
   //****\\         //****\\                                                    
  //******\\       //******\\   ____                   _   _           _        
  ---------   /*\   ---------  / __ \                 | \ | |         | |       
             (***)            | |  | |_ __   ___ _ __ |  \| | ___   __| | ___   
              \*/             | |  | | "_ \ / _ \ "_ \| . ` |/ _"\ / _" |/ _ \  
                              | |__| | |_) |  __/ | | | |\  | |_) | (_| |  __/  
              //\\             \____/| .__/ \___)_| |_|_| \_|\___/ \___/ \___|  
             //**\\                  | |                                        
            //****\\                 |_|                                        
           //******\\                                                           
           ----------                                                           
                                                                                
 ____________________________________________________________
          | The OpenNode, Nodal Methods for Neutron Diffusion
 Version  | Version Number: 1.1                              
 Copyright| 2021 Radiation & Nuclear System Laboratory       
          | University Abdelmalk Essaadi                     
          | Faculty of Sciences, Tetouan, Morocco            
 Source   | FORTRAN90 version                                
 GUI      | PyQt5                                            
 Method   | The Nodal Expansion Method (NEM)                 
 Dimension| Three Dimensions (3D)                            
 Geometry | Cartesian                                        
 ____________________________________________________________
                        =====================
   Calculation Mode :    Forward Calculation 
   ----------------     =====================

            --------------------------------------------
            >>>> Writing Macroscopic Cross Sections <<<<
            --------------------------------------------
     Material  1
    Group   Transport    Diffusion  Absorption    Removal      Nu*Fiss      Kap*Fis    Fiss. Spctr
       1     0.115860    2.877036    0.004602    0.028203     0.011878     0.003912     0.768000
       2     0.212200    1.570845    0.003659    0.005275     0.005325     0.001829     0.232000
       3     0.461370    0.722486    0.012928    0.017612     0.010471     0.003633     0.000000
       4     0.345700    0.964227    0.026546    0.026546     0.026611     0.009241     0.000000
         --Scattering Matrix--
           G/G'          1          2          3          4
            1        0.000000    0.023597    0.000004    0.000000
            2        0.000000    0.000000    0.001615    0.000000
            3        0.000000    0.000000    0.000000    0.004684
            4        0.000000    0.000000    0.000000    0.000000
     Material  2
    Group   Transport    Diffusion  Absorption    Removal      Nu*Fiss      Kap*Fis    Fiss. Spctr
       1     0.115880    2.876539    0.005420    0.028687     0.014943     0.004853     0.768000
       2     0.212120    1.571438    0.004477    0.006049     0.007689     0.002638     0.232000
       3     0.467690    0.712723    0.015168    0.019509     0.014809     0.005133     0.000000
       4     0.353480    0.943005    0.033714    0.033714     0.038159     0.013238     0.000000
         --Scattering Matrix--
           G/G'          1          2          3          4
            1        0.000000    0.023262    0.000005    0.000000
            2        0.000000    0.000000    0.001572    0.000000
            3        0.000000    0.000000    0.000000    0.004341
            4        0.000000    0.000000    0.000000    0.000000
     Material  3
    Group   Transport    Diffusion  Absorption    Removal      Nu*Fiss      Kap*Fis    Fiss. Spctr
       1     0.145840    2.285610    0.003884    0.035959     0.007743     0.002769     0.768000
       2     0.284430    1.171935    0.003107    0.005885     0.000108     0.000044     0.232000
       3     0.527020    0.632487    0.010143    0.016040     0.000297     0.000123     0.000000
       4     0.407310    0.818377    0.013349    0.013349     0.000847     0.000350     0.000000
         --Scattering Matrix--
           G/G'          1          2          3          4
            1        0.000000    0.032071    0.000004    0.000000
            2        0.000000    0.000000    0.002778    0.000000
            3        0.000000    0.000000    0.000000    0.005897
            4        0.000000    0.000000    0.000000    0.000000
     Material  4
    Group   Transport    Diffusion  Absorption    Removal      Nu*Fiss      Kap*Fis    Fiss. Spctr
       1     0.122690    2.716875    0.002768    0.029093     0.005429     0.001945     0.768000
       2     0.231330    1.440943    0.002201    0.004490     0.000076     0.000031     0.232000
       3     0.462730    0.720362    0.007728    0.013082     0.000212     0.000088     0.000000
       4     0.337490    0.987684    0.009956    0.009956     0.000576     0.000238     0.000000
         --Scattering Matrix--
           G/G'          1          2          3          4
            1        0.000000    0.026322    0.000003    0.000000
            2        0.000000    0.000000    0.002289    0.000000
            3        0.000000    0.000000    0.000000    0.005354
            4        0.000000    0.000000    0.000000    0.000000
     Material  5
    Group   Transport    Diffusion  Absorption    Removal      Nu*Fiss      Kap*Fis    Fiss. Spctr
       1     0.133160    2.503254    0.001866    0.024813     0.000000     0.000000     0.768000
       2     0.253540    1.314717    0.012643    0.016412     0.000000     0.000000     0.232000
       3     0.580430    0.574287    0.063440    0.072121     0.000000     0.000000     0.000000
       4     0.541670    0.615381    0.168680    0.168680     0.000000     0.000000     0.000000
         --Scattering Matrix--
           G/G'          1          2          3          4
            1        0.000000    0.022946    0.000001    0.000000
            2        0.000000    0.000000    0.003769    0.000000
            3        0.000000    0.000000    0.000000    0.008681
            4        0.000000    0.000000    0.000000    0.000000
     Material  6
    Group   Transport    Diffusion  Absorption    Removal      Nu*Fiss      Kap*Fis    Fiss. Spctr
       1     0.072200    4.616805    0.000216    0.013159     0.000000     0.000000     0.768000
       2     0.114870    2.901831    0.000168    0.001455     0.000000     0.000000     0.232000
       3     0.326410    1.021211    0.001144    0.004597     0.000000     0.000000     0.000000
       4     0.192720    1.729625    0.000787    0.000787     0.000000     0.000000     0.000000
         --Scattering Matrix--
           G/G'          1          2          3          4
            1        0.000000    0.012942    0.000001    0.000000
            2        0.000000    0.000000    0.001287    0.000000
            3        0.000000    0.000000    0.000000    0.003453
            4        0.000000    0.000000    0.000000    0.000000

            -------------------------------
            >>>>>Wrting Core Geometry<<<<<
            -------------------------------
  Number of Assembly in x, y and z Directions Respectively :
          19          19          18
  Number of Nodes in x, y and z Directions Respectively :
          38          38          36

  x-Directed Nodes Divison (Delta-x)
     2.70   2.70   2.70   2.70   2.70   2.70   2.70   2.70   2.70   2.70
     2.70   2.70   2.70   2.70   2.70   2.70   2.70   2.70   2.70   2.70
     2.70   2.70   2.70   2.70   2.70   2.70   2.70   2.70   2.70   2.70
     2.70   2.70   2.70   2.70   2.70   2.70   4.05   4.05
  y-Directed Nodes Divison (Delta-y)
     4.05   4.05   2.70   2.70   2.70   2.70   2.70   2.70   2.70   2.70
     2.70   2.70   2.70   2.70   2.70   2.70   2.70   2.70   2.70   2.70
     2.70   2.70   2.70   2.70   2.70   2.70   2.70   2.70   2.70   2.70
     2.70   2.70   2.70   2.70   2.70   2.70   2.70   2.70
  Planar Region :  1
        1  2  3  4  5  6  7  8  9 10 11 12 13 14 15 16 17 18 19 20 21 22 23 24 25 26 27 28 29 30 31 32 33 34 35 36
    38  4  4  4  4  4  4  4  4  4  4  6  6  6  6  4  4  4  4  6  6  6  6  4  4  4  4  4  4  3  3  3  3  3  3  3  3 
    37  4  4  4  4  4  4  4  4  4  4  6  6  6  6  4  4  4  4  6  6  6  6  4  4  4  4  4  4  3  3  3  3  3  3  3  3 
    36  4  4  4  4  4  4  4  4  4  4  4  4  4  4  4  4  4  4  4  4  4  4  4  4  4  4  4  4  3  3  3  3  3  3  3  3 
    35  4  4  4  4  4  4  4  4  4  4  4  4  4  4  4  4  4  4  4  4  4  4  4  4  4  4  4  4  3  3  3  3  3  3  3  3 
    34  4  4  4  4  4  4  4  4  4  4  4  4  4  4  4  4  4  4  4  4  4  4  4  4  4  4  4  4  3  3  3  3  3  3  3  3 
    33  4  4  4  4  4  4  4  4  4  4  4  4  4  4  4  4  4  4  4  4  4  4  4  4  4  4  4  4  3  3  3  3  3  3  3  3 
    32  4  4  4  4  4  4  4  4  4  4  4  4  4  4  4  4  4  4  4  4  4  4  4  4  4  4  4  4  3  3  3  3  3  3  3  3 
    31  4  4  4  4  4  4  4  4  4  4  4  4  4  4  4  4  4  4  4  4  4  4  4  4  4  4  4  4  3  3  3  3  3  3  3  3 
    30  4  4  4  4  6  6  6  6  4  4  4  4  4  4  4  4  6  6  6  6  4  4  4  4  4  4  4  4  3  3  3  3  3  3  3  3 
    29  4  4  4  4  6  6  6  6  4  4  4  4  4  4  4  4  6  6  6  6  4  4  4  4  4  4  4  4  3  3  3  3  3  3  3  3 
    28  4  4  4  4  6  6  6  6  4  4  4  4  4  4  4  4  6  6  6  6  4  4  4  4  4  4  4  4  3  3  3  3  3  3  3  3 
    27  4  4  4  4  6  6  6  6  4  4  4  4  4  4  4  4  6  6  6  6  4  4  4  4  4  4  4  4  3  3  3  3  3  3  3  3 
    26  4  4  4  4  4  4  4  4  4  4  4  4  4  4  4  4  4  4  4  4  4  4  4  4  4  4  3  3  3  3  3  3  3  3  3  3 
    25  4  4  4  4  4  4  4  4  4  4  4  4  4  4  4  4  4  4  4  4  4  4  4  4  4  4  3  3  3  3  3  3  3  3  3  3 
    24  4  4  4  4  4  4  4  4  4  4  4  4  4  4  4  4  4  4  4  4  4  4  4  4  4  4  3  3  3  3  3  3  3  3  3  3 
    23  4  4  4  4  4  4  4  4  4  4  4  4  4  4  4  4  4  4  4  4  4  4  4  4  4  4  3  3  3  3  3  3  3  3  3  3 
    22  4  4  4  4  4  4  4  4  6  6  6  6  4  4  4  4  4  4  4  4  4  4  4  4  3  3  3  3  3  3  3  3  3  3  3  3 
    21  4  4  4  4  4  4  4  4  6  6  6  6  4  4  4  4  4  4  4  4  4  4  4  4  3  3  3  3  3  3  3  3  3  3  3  3 
    20  6  6  4  4  4  4  4  4  6  6  6  6  4  4  4  4  4  4  4  4  4  4  3  3  3  3  3  3  3  3  3  3  3  3  3  3 
    19  6  6  4  4  4  4  4  4  6  6  6  6  4  4  4  4  4  4  4  4  4  4  3  3  3  3  3  3  3  3  3  3  3  3  3  3 
    18  6  6  4  4  4  4  4  4  4  4  4  4  4  4  4  4  4  4  4  4  3  3  3  3  3  3  3  3  3  3  3  3  3  3  3  3 
    17  6  6  4  4  4  4  4  4  4  4  4  4  4  4  4  4  4  4  4  4  3  3  3  3  3  3  3  3  3  3  3  3  3  3  3  3 
    16  4  4  4  4  4  4  4  4  4  4  4  4  4  4  4  4  4  4  3  3  3  3  3  3  3  3  3  3  3  3  3  3  3  3  3  3 
    15  4  4  4  4  4  4  4  4  4  4  4  4  4  4  4  4  4  4  3  3  3  3  3  3  3  3  3  3  3  3  3  3  3  3  3  3 
    14  4  4  4  4  4  4  4  4  4  4  4  4  4  4  4  4  3  3  3  3  3  3  3  3  3  3  3  3  3  3  3  3  3  3  3  3 
    13  4  4  4  4  4  4  4  4  4  4  4  4  4  4  4  4  3  3  3  3  3  3  3  3  3  3  3  3  3  3  3  3  3  3  3  3 
    12  4  4  4  4  4  4  4  4  4  4  4  4  3  3  3  3  3  3  3  3  3  3  3  3  3  3  3  3  3  3  3  3  3  3  3  3 
    11  4  4  4  4  4  4  4  4  4  4  4  4  3  3  3  3  3  3  3  3  3  3  3  3  3  3  3  3  3  3  3  3  3  3  3  3 
    10  3  3  3  3  3  3  3  3  3  3  3  3  3  3  3  3  3  3  3  3  3  3  3  3  3  3  3  3  3  3  3  3  3  3  3  3 
     9  3  3  3  3  3  3  3  3  3  3  3  3  3  3  3  3  3  3  3  3  3  3  3  3  3  3  3  3  3  3  3  3  3  3  3  3 
     8  3  3  3  3  3  3  3  3  3  3  3  3  3  3  3  3  3  3  3  3  3  3  3  3  3  3  3  3  3  3  3  3  3  3  3  3 
     7  3  3  3  3  3  3  3  3  3  3  3  3  3  3  3  3  3  3  3  3  3  3  3  3  3  3  3  3  3  3  3  3  3  3  3  3 
     6  3  3  3  3  3  3  3  3  3  3  3  3  3  3  3  3  3  3  3  3  3  3  3  3  3  3  3  3  3  3  3  3  3  3  3  3 
     5  3  3  3  3  3  3  3  3  3  3  3  3  3  3  3  3  3  3  3  3  3  3  3  3  3  3  3  3  3  3  3  3  3  3  3  3 
     4  3  3  3  3  3  3  3  3  3  3  3  3  3  3  3  3  3  3  3  3  3  3  3  3  3  3  3  3  3  3  3  3  3  3  3  3 
     3  3  3  3  3  3  3  3  3  3  3  3  3  3  3  3  3  3  3  3  3  3  3  3  3  3  3  3  3  3  3  3  3  3  3  3  3 
     2  3  3  3  3  3  3  3  3  3  3  3  3  3  3  3  3  3  3  3  3  3  3  3  3  3  3  3  3  3  3  3  3  3  3  3  3 
     1  3  3  3  3  3  3  3  3  3  3  3  3  3  3  3  3  3  3  3  3  3  3  3  3  3  3  3  3  3  3  3  3  3  3  3  3 
       37 38
    38  3  3 
    37  3  3 
    36  3  3 
    35  3  3 
    34  3  3 
    33  3  3 
    32  3  3 
    31  3  3 
    30  3  3 
    29  3  3 
    28  3  3 
    27  3  3 
    26  3  3 
    25  3  3 
    24  3  3 
    23  3  3 
    22  3  3 
    21  3  3 
    20  3  3 
    19  3  3 
    18  3  3 
    17  3  3 
    16  3  3 
    15  3  3 
    14  3  3 
    13  3  3 
    12  3  3 
    11  3  3 
    10  3  3 
     9  3  3 
     8  3  3 
     7  3  3 
     6  3  3 
     5  3  3 
     4  3  3 
     3  3  3 
     2  3  3 
     1  3  3 
  Planar Region :  2
        1  2  3  4  5  6  7  8  9 10 11 12 13 14 15 16 17 18 19 20 21 22 23 24 25 26 27 28 29 30 31 32 33 34 35 36
    38  4  4  4  4  4  4  4  4  4  4  6  6  6  6  4  4  4  4  6  6  6  6  4  4  4  4  4  4  3  3  3  3  3  3  3  3 
    37  4  4  4  4  4  4  4  4  4  4  6  6  6  6  4  4  4  4  6  6  6  6  4  4  4  4  4  4  3  3  3  3  3  3  3  3 
    36  4  4  4  4  4  4  4  4  4  4  4  4  4  4  4  4  4  4  4  4  4  4  4  4  4  4  4  4  3  3  3  3  3  3  3  3 
    35  4  4  4  4  4  4  4  4  4  4  4  4  4  4  4  4  4  4  4  4  4  4  4  4  4  4  4  4  3  3  3  3  3  3  3  3 
    34  4  4  4  4  4  4  4  4  4  4  4  4  4  4  4  4  4  4  4  4  4  4  4  4  4  4  4  4  3  3  3  3  3  3  3  3 
    33  4  4  4  4  4  4  4  4  4  4  4  4  4  4  4  4  4  4  4  4  4  4  4  4  4  4  4  4  3  3  3  3  3  3  3  3 
    32  4  4  4  4  4  4  4  4  4  4  4  4  4  4  4  4  4  4  4  4  4  4  4  4  4  4  4  4  3  3  3  3  3  3  3  3 
    31  4  4  4  4  4  4  4  4  4  4  4  4  4  4  4  4  4  4  4  4  4  4  4  4  4  4  4  4  3  3  3  3  3  3  3  3 
    30  4  4  4  4  6  6  6  6  4  4  4  4  4  4  4  4  6  6  6  6  4  4  4  4  4  4  4  4  3  3  3  3  3  3  3  3 
    29  4  4  4  4  6  6  6  6  4  4  4  4  4  4  4  4  6  6  6  6  4  4  4  4  4  4  4  4  3  3  3  3  3  3  3  3 
    28  4  4  4  4  6  6  6  6  4  4  4  4  4  4  4  4  6  6  6  6  4  4  4  4  4  4  4  4  3  3  3  3  3  3  3  3 
    27  4  4  4  4  6  6  6  6  4  4  4  4  4  4  4  4  6  6  6  6  4  4  4  4  4  4  4  4  3  3  3  3  3  3  3  3 
    26  4  4  4  4  4  4  4  4  4  4  4  4  4  4  4  4  4  4  4  4  4  4  4  4  4  4  3  3  3  3  3  3  3  3  3  3 
    25  4  4  4  4  4  4  4  4  4  4  4  4  4  4  4  4  4  4  4  4  4  4  4  4  4  4  3  3  3  3  3  3  3  3  3  3 
    24  4  4  4  4  4  4  4  4  4  4  4  4  4  4  4  4  4  4  4  4  4  4  4  4  4  4  3  3  3  3  3  3  3  3  3  3 
    23  4  4  4  4  4  4  4  4  4  4  4  4  4  4  4  4  4  4  4  4  4  4  4  4  4  4  3  3  3  3  3  3  3  3  3  3 
    22  4  4  4  4  4  4  4  4  6  6  6  6  4  4  4  4  4  4  4  4  4  4  4  4  3  3  3  3  3  3  3  3  3  3  3  3 
    21  4  4  4  4  4  4  4  4  6  6  6  6  4  4  4  4  4  4  4  4  4  4  4  4  3  3  3  3  3  3  3  3  3  3  3  3 
    20  6  6  4  4  4  4  4  4  6  6  6  6  4  4  4  4  4  4  4  4  4  4  3  3  3  3  3  3  3  3  3  3  3  3  3  3 
    19  6  6  4  4  4  4  4  4  6  6  6  6  4  4  4  4  4  4  4  4  4  4  3  3  3  3  3  3  3  3  3  3  3  3  3  3 
    18  6  6  4  4  4  4  4  4  4  4  4  4  4  4  4  4  4  4  4  4  3  3  3  3  3  3  3  3  3  3  3  3  3  3  3  3 
    17  6  6  4  4  4  4  4  4  4  4  4  4  4  4  4  4  4  4  4  4  3  3  3  3  3  3  3  3  3  3  3  3  3  3  3  3 
    16  4  4  4  4  4  4  4  4  4  4  4  4  4  4  4  4  4  4  3  3  3  3  3  3  3  3  3  3  3  3  3  3  3  3  3  3 
    15  4  4  4  4  4  4  4  4  4  4  4  4  4  4  4  4  4  4  3  3  3  3  3  3  3  3  3  3  3  3  3  3  3  3  3  3 
    14  4  4  4  4  4  4  4  4  4  4  4  4  4  4  4  4  3  3  3  3  3  3  3  3  3  3  3  3  3  3  3  3  3  3  3  3 
    13  4  4  4  4  4  4  4  4  4  4  4  4  4  4  4  4  3  3  3  3  3  3  3  3  3  3  3  3  3  3  3  3  3  3  3  3 
    12  4  4  4  4  4  4  4  4  4  4  4  4  3  3  3  3  3  3  3  3  3  3  3  3  3  3  3  3  3  3  3  3  3  3  3  3 
    11  4  4  4  4  4  4  4  4  4  4  4  4  3  3  3  3  3  3  3  3  3  3  3  3  3  3  3  3  3  3  3  3  3  3  3  3 
    10  3  3  3  3  3  3  3  3  3  3  3  3  3  3  3  3  3  3  3  3  3  3  3  3  3  3  3  3  3  3  3  3  3  3  3  3 
     9  3  3  3  3  3  3  3  3  3  3  3  3  3  3  3  3  3  3  3  3  3  3  3  3  3  3  3  3  3  3  3  3  3  3  3  3 
     8  3  3  3  3  3  3  3  3  3  3  3  3  3  3  3  3  3  3  3  3  3  3  3  3  3  3  3  3  3  3  3  3  3  3  3  3 
     7  3  3  3  3  3  3  3  3  3  3  3  3  3  3  3  3  3  3  3  3  3  3  3  3  3  3  3  3  3  3  3  3  3  3  3  3 
     6  3  3  3  3  3  3  3  3  3  3  3  3  3  3  3  3  3  3  3  3  3  3  3  3  3  3  3  3  3  3  3  3  3  3  3  3 
     5  3  3  3  3  3  3  3  3  3  3  3  3  3  3  3  3  3  3  3  3  3  3  3  3  3  3  3  3  3  3  3  3  3  3  3  3 
     4  3  3  3  3  3  3  3  3  3  3  3  3  3  3  3  3  3  3  3  3  3  3  3  3  3  3  3  3  3  3  3  3  3  3  3  3 
     3  3  3  3  3  3  3  3  3  3  3  3  3  3  3  3  3  3  3  3  3  3  3  3  3  3  3  3  3  3  3  3  3  3  3  3  3 
     2  3  3  3  3  3  3  3  3  3  3  3  3  3  3  3  3  3  3  3  3  3  3  3  3  3  3  3  3  3  3  3  3  3  3  3  3 
     1  3  3  3  3  3  3  3  3  3  3  3  3  3  3  3  3  3  3  3  3  3  3  3  3  3  3  3  3  3  3  3  3  3  3  3  3 
       37 38
    38  3  3 
    37  3  3 
    36  3  3 
    35  3  3 
    34  3  3 
    33  3  3 
    32  3  3 
    31  3  3 
    30  3  3 
    29  3  3 
    28  3  3 
    27  3  3 
    26  3  3 
    25  3  3 
    24  3  3 
    23  3  3 
    22  3  3 
    21  3  3 
    20  3  3 
    19  3  3 
    18  3  3 
    17  3  3 
    16  3  3 
    15  3  3 
    14  3  3 
    13  3  3 
    12  3  3 
    11  3  3 
    10  3  3 
     9  3  3 
     8  3  3 
     7  3  3 
     6  3  3 
     5  3  3 
     4  3  3 
     3  3  3 
     2  3  3 
     1  3  3 
  Planar Region :  3
        1  2  3  4  5  6  7  8  9 10 11 12 13 14 15 16 17 18 19 20 21 22 23 24 25 26 27 28 29 30 31 32 33 34 35 36
    38  4  4  4  4  4  4  4  4  4  4  6  6  6  6  4  4  4  4  6  6  6  6  4  4  4  4  4  4  3  3  3  3  3  3  3  3 
    37  4  4  4  4  4  4  4  4  4  4  6  6  6  6  4  4  4  4  6  6  6  6  4  4  4  4  4  4  3  3  3  3  3  3  3  3 
    36  4  4  4  4  4  4  4  4  4  4  4  4  4  4  4  4  4  4  4  4  4  4  4  4  4  4  4  4  3  3  3  3  3  3  3  3 
    35  4  4  4  4  4  4  4  4  4  4  4  4  4  4  4  4  4  4  4  4  4  4  4  4  4  4  4  4  3  3  3  3  3  3  3  3 
    34  4  4  4  4  4  4  4  4  4  4  4  4  4  4  4  4  4  4  4  4  4  4  4  4  4  4  4  4  3  3  3  3  3  3  3  3 
    33  4  4  4  4  4  4  4  4  4  4  4  4  4  4  4  4  4  4  4  4  4  4  4  4  4  4  4  4  3  3  3  3  3  3  3  3 
    32  4  4  4  4  4  4  4  4  4  4  4  4  4  4  4  4  4  4  4  4  4  4  4  4  4  4  4  4  3  3  3  3  3  3  3  3 
    31  4  4  4  4  4  4  4  4  4  4  4  4  4  4  4  4  4  4  4  4  4  4  4  4  4  4  4  4  3  3  3  3  3  3  3  3 
    30  4  4  4  4  6  6  6  6  4  4  4  4  4  4  4  4  6  6  6  6  4  4  4  4  4  4  4  4  3  3  3  3  3  3  3  3 
    29  4  4  4  4  6  6  6  6  4  4  4  4  4  4  4  4  6  6  6  6  4  4  4  4  4  4  4  4  3  3  3  3  3  3  3  3 
    28  4  4  4  4  6  6  6  6  4  4  4  4  4  4  4  4  6  6  6  6  4  4  4  4  4  4  4  4  3  3  3  3  3  3  3  3 
    27  4  4  4  4  6  6  6  6  4  4  4  4  4  4  4  4  6  6  6  6  4  4  4  4  4  4  4  4  3  3  3  3  3  3  3  3 
    26  4  4  4  4  4  4  4  4  4  4  4  4  4  4  4  4  4  4  4  4  4  4  4  4  4  4  3  3  3  3  3  3  3  3  3  3 
    25  4  4  4  4  4  4  4  4  4  4  4  4  4  4  4  4  4  4  4  4  4  4  4  4  4  4  3  3  3  3  3  3  3  3  3  3 
    24  4  4  4  4  4  4  4  4  4  4  4  4  4  4  4  4  4  4  4  4  4  4  4  4  4  4  3  3  3  3  3  3  3  3  3  3 
    23  4  4  4  4  4  4  4  4  4  4  4  4  4  4  4  4  4  4  4  4  4  4  4  4  4  4  3  3  3  3  3  3  3  3  3  3 
    22  4  4  4  4  4  4  4  4  6  6  6  6  4  4  4  4  4  4  4  4  4  4  4  4  3  3  3  3  3  3  3  3  3  3  3  3 
    21  4  4  4  4  4  4  4  4  6  6  6  6  4  4  4  4  4  4  4  4  4  4  4  4  3  3  3  3  3  3  3  3  3  3  3  3 
    20  6  6  4  4  4  4  4  4  6  6  6  6  4  4  4  4  4  4  4  4  4  4  3  3  3  3  3  3  3  3  3  3  3  3  3  3 
    19  6  6  4  4  4  4  4  4  6  6  6  6  4  4  4  4  4  4  4  4  4  4  3  3  3  3  3  3  3  3  3  3  3  3  3  3 
    18  6  6  4  4  4  4  4  4  4  4  4  4  4  4  4  4  4  4  4  4  3  3  3  3  3  3  3  3  3  3  3  3  3  3  3  3 
    17  6  6  4  4  4  4  4  4  4  4  4  4  4  4  4  4  4  4  4  4  3  3  3  3  3  3  3  3  3  3  3  3  3  3  3  3 
    16  4  4  4  4  4  4  4  4  4  4  4  4  4  4  4  4  4  4  3  3  3  3  3  3  3  3  3  3  3  3  3  3  3  3  3  3 
    15  4  4  4  4  4  4  4  4  4  4  4  4  4  4  4  4  4  4  3  3  3  3  3  3  3  3  3  3  3  3  3  3  3  3  3  3 
    14  4  4  4  4  4  4  4  4  4  4  4  4  4  4  4  4  3  3  3  3  3  3  3  3  3  3  3  3  3  3  3  3  3  3  3  3 
    13  4  4  4  4  4  4  4  4  4  4  4  4  4  4  4  4  3  3  3  3  3  3  3  3  3  3  3  3  3  3  3  3  3  3  3  3 
    12  4  4  4  4  4  4  4  4  4  4  4  4  3  3  3  3  3  3  3  3  3  3  3  3  3  3  3  3  3  3  3  3  3  3  3  3 
    11  4  4  4  4  4  4  4  4  4  4  4  4  3  3  3  3  3  3  3  3  3  3  3  3  3  3  3  3  3  3  3  3  3  3  3  3 
    10  3  3  3  3  3  3  3  3  3  3  3  3  3  3  3  3  3  3  3  3  3  3  3  3  3  3  3  3  3  3  3  3  3  3  3  3 
     9  3  3  3  3  3  3  3  3  3  3  3  3  3  3  3  3  3  3  3  3  3  3  3  3  3  3  3  3  3  3  3  3  3  3  3  3 
     8  3  3  3  3  3  3  3  3  3  3  3  3  3  3  3  3  3  3  3  3  3  3  3  3  3  3  3  3  3  3  3  3  3  3  3  3 
     7  3  3  3  3  3  3  3  3  3  3  3  3  3  3  3  3  3  3  3  3  3  3  3  3  3  3  3  3  3  3  3  3  3  3  3  3 
     6  3  3  3  3  3  3  3  3  3  3  3  3  3  3  3  3  3  3  3  3  3  3  3  3  3  3  3  3  3  3  3  3  3  3  3  3 
     5  3  3  3  3  3  3  3  3  3  3  3  3  3  3  3  3  3  3  3  3  3  3  3  3  3  3  3  3  3  3  3  3  3  3  3  3 
     4  3  3  3  3  3  3  3  3  3  3  3  3  3  3  3  3  3  3  3  3  3  3  3  3  3  3  3  3  3  3  3  3  3  3  3  3 
     3  3  3  3  3  3  3  3  3  3  3  3  3  3  3  3  3  3  3  3  3  3  3  3  3  3  3  3  3  3  3  3  3  3  3  3  3 
     2  3  3  3  3  3  3  3  3  3  3  3  3  3  3  3  3  3  3  3  3  3  3  3  3  3  3  3  3  3  3  3  3  3  3  3  3 
     1  3  3  3  3  3  3  3  3  3  3  3  3  3  3  3  3  3  3  3  3  3  3  3  3  3  3  3  3  3  3  3  3  3  3  3  3 
       37 38
    38  3  3 
    37  3  3 
    36  3  3 
    35  3  3 
    34  3  3 
    33  3  3 
    32  3  3 
    31  3  3 
    30  3  3 
    29  3  3 
    28  3  3 
    27  3  3 
    26  3  3 
    25  3  3 
    24  3  3 
    23  3  3 
    22  3  3 
    21  3  3 
    20  3  3 
    19  3  3 
    18  3  3 
    17  3  3 
    16  3  3 
    15  3  3 
    14  3  3 
    13  3  3 
    12  3  3 
    11  3  3 
    10  3  3 
     9  3  3 
     8  3  3 
     7  3  3 
     6  3  3 
     5  3  3 
     4  3  3 
     3  3  3 
     2  3  3 
     1  3  3 
  Planar Region :  4
        1  2  3  4  5  6  7  8  9 10 11 12 13 14 15 16 17 18 19 20 21 22 23 24 25 26 27 28 29 30 31 32 33 34 35 36
    38  4  4  4  4  4  4  4  4  4  4  6  6  6  6  4  4  4  4  6  6  6  6  4  4  4  4  4  4  3  3  3  3  3  3  3  3 
    37  4  4  4  4  4  4  4  4  4  4  6  6  6  6  4  4  4  4  6  6  6  6  4  4  4  4  4  4  3  3  3  3  3  3  3  3 
    36  4  4  4  4  4  4  4  4  4  4  4  4  4  4  4  4  4  4  4  4  4  4  4  4  4  4  4  4  3  3  3  3  3  3  3  3 
    35  4  4  4  4  4  4  4  4  4  4  4  4  4  4  4  4  4  4  4  4  4  4  4  4  4  4  4  4  3  3  3  3  3  3  3  3 
    34  4  4  4  4  4  4  4  4  4  4  4  4  4  4  4  4  4  4  4  4  4  4  4  4  4  4  4  4  3  3  3  3  3  3  3  3 
    33  4  4  4  4  4  4  4  4  4  4  4  4  4  4  4  4  4  4  4  4  4  4  4  4  4  4  4  4  3  3  3  3  3  3  3  3 
    32  4  4  4  4  4  4  4  4  4  4  4  4  4  4  4  4  4  4  4  4  4  4  4  4  4  4  4  4  3  3  3  3  3  3  3  3 
    31  4  4  4  4  4  4  4  4  4  4  4  4  4  4  4  4  4  4  4  4  4  4  4  4  4  4  4  4  3  3  3  3  3  3  3  3 
    30  4  4  4  4  6  6  6  6  4  4  4  4  4  4  4  4  6  6  6  6  4  4  4  4  4  4  4  4  3  3  3  3  3  3  3  3 
    29  4  4  4  4  6  6  6  6  4  4  4  4  4  4  4  4  6  6  6  6  4  4  4  4  4  4  4  4  3  3  3  3  3  3  3  3 
    28  4  4  4  4  6  6  6  6  4  4  4  4  4  4  4  4  6  6  6  6  4  4  4  4  4  4  4  4  3  3  3  3  3  3  3  3 
    27  4  4  4  4  6  6  6  6  4  4  4  4  4  4  4  4  6  6  6  6  4  4  4  4  4  4  4  4  3  3  3  3  3  3  3  3 
    26  4  4  4  4  4  4  4  4  4  4  4  4  4  4  4  4  4  4  4  4  4  4  4  4  4  4  3  3  3  3  3  3  3  3  3  3 
    25  4  4  4  4  4  4  4  4  4  4  4  4  4  4  4  4  4  4  4  4  4  4  4  4  4  4  3  3  3  3  3  3  3  3  3  3 
    24  4  4  4  4  4  4  4  4  4  4  4  4  4  4  4  4  4  4  4  4  4  4  4  4  4  4  3  3  3  3  3  3  3  3  3  3 
    23  4  4  4  4  4  4  4  4  4  4  4  4  4  4  4  4  4  4  4  4  4  4  4  4  4  4  3  3  3  3  3  3  3  3  3  3 
    22  4  4  4  4  4  4  4  4  6  6  6  6  4  4  4  4  4  4  4  4  4  4  4  4  3  3  3  3  3  3  3  3  3  3  3  3 
    21  4  4  4  4  4  4  4  4  6  6  6  6  4  4  4  4  4  4  4  4  4  4  4  4  3  3  3  3  3  3  3  3  3  3  3  3 
    20  6  6  4  4  4  4  4  4  6  6  6  6  4  4  4  4  4  4  4  4  4  4  3  3  3  3  3  3  3  3  3  3  3  3  3  3 
    19  6  6  4  4  4  4  4  4  6  6  6  6  4  4  4  4  4  4  4  4  4  4  3  3  3  3  3  3  3  3  3  3  3  3  3  3 
    18  6  6  4  4  4  4  4  4  4  4  4  4  4  4  4  4  4  4  4  4  3  3  3  3  3  3  3  3  3  3  3  3  3  3  3  3 
    17  6  6  4  4  4  4  4  4  4  4  4  4  4  4  4  4  4  4  4  4  3  3  3  3  3  3  3  3  3  3  3  3  3  3  3  3 
    16  4  4  4  4  4  4  4  4  4  4  4  4  4  4  4  4  4  4  3  3  3  3  3  3  3  3  3  3  3  3  3  3  3  3  3  3 
    15  4  4  4  4  4  4  4  4  4  4  4  4  4  4  4  4  4  4  3  3  3  3  3  3  3  3  3  3  3  3  3  3  3  3  3  3 
    14  4  4  4  4  4  4  4  4  4  4  4  4  4  4  4  4  3  3  3  3  3  3  3  3  3  3  3  3  3  3  3  3  3  3  3  3 
    13  4  4  4  4  4  4  4  4  4  4  4  4  4  4  4  4  3  3  3  3  3  3  3  3  3  3  3  3  3  3  3  3  3  3  3  3 
    12  4  4  4  4  4  4  4  4  4  4  4  4  3  3  3  3  3  3  3  3  3  3  3  3  3  3  3  3  3  3  3  3  3  3  3  3 
    11  4  4  4  4  4  4  4  4  4  4  4  4  3  3  3  3  3  3  3  3  3  3  3  3  3  3  3  3  3  3  3  3  3  3  3  3 
    10  3  3  3  3  3  3  3  3  3  3  3  3  3  3  3  3  3  3  3  3  3  3  3  3  3  3  3  3  3  3  3  3  3  3  3  3 
     9  3  3  3  3  3  3  3  3  3  3  3  3  3  3  3  3  3  3  3  3  3  3  3  3  3  3  3  3  3  3  3  3  3  3  3  3 
     8  3  3  3  3  3  3  3  3  3  3  3  3  3  3  3  3  3  3  3  3  3  3  3  3  3  3  3  3  3  3  3  3  3  3  3  3 
     7  3  3  3  3  3  3  3  3  3  3  3  3  3  3  3  3  3  3  3  3  3  3  3  3  3  3  3  3  3  3  3  3  3  3  3  3 
     6  3  3  3  3  3  3  3  3  3  3  3  3  3  3  3  3  3  3  3  3  3  3  3  3  3  3  3  3  3  3  3  3  3  3  3  3 
     5  3  3  3  3  3  3  3  3  3  3  3  3  3  3  3  3  3  3  3  3  3  3  3  3  3  3  3  3  3  3  3  3  3  3  3  3 
     4  3  3  3  3  3  3  3  3  3  3  3  3  3  3  3  3  3  3  3  3  3  3  3  3  3  3  3  3  3  3  3  3  3  3  3  3 
     3  3  3  3  3  3  3  3  3  3  3  3  3  3  3  3  3  3  3  3  3  3  3  3  3  3  3  3  3  3  3  3  3  3  3  3  3 
     2  3  3  3  3  3  3  3  3  3  3  3  3  3  3  3  3  3  3  3  3  3  3  3  3  3  3  3  3  3  3  3  3  3  3  3  3 
     1  3  3  3  3  3  3  3  3  3  3  3  3  3  3  3  3  3  3  3  3  3  3  3  3  3  3  3  3  3  3  3  3  3  3  3  3 
       37 38
    38  3  3 
    37  3  3 
    36  3  3 
    35  3  3 
    34  3  3 
    33  3  3 
    32  3  3 
    31  3  3 
    30  3  3 
    29  3  3 
    28  3  3 
    27  3  3 
    26  3  3 
    25  3  3 
    24  3  3 
    23  3  3 
    22  3  3 
    21  3  3 
    20  3  3 
    19  3  3 
    18  3  3 
    17  3  3 
    16  3  3 
    15  3  3 
    14  3  3 
    13  3  3 
    12  3  3 
    11  3  3 
    10  3  3 
     9  3  3 
     8  3  3 
     7  3  3 
     6  3  3 
     5  3  3 
     4  3  3 
     3  3  3 
     2  3  3 
     1  3  3 

  Planar Region Assignment to Planes.
 -------------------------------------
   Plane Number     Planar Region    Delta-z
       36 (Top)            3           5.00
       35                  3           5.00
       34                  3           5.00
       33                  3           5.00
       32                  3           5.00
       31                  3           5.00
       30                  3           5.00
       29                  3           5.00
       28                  2           4.75
       27                  2           4.75
       26                  2           4.75
       25                  2           4.75
       24                  2           4.75
       23                  2           4.75
       22                  2           4.75
       21                  2           4.75
       20                  2           4.75
       19                  2           4.75
       18                  1           4.75
       17                  1           4.75
       16                  1           4.75
       15                  1           4.75
       14                  1           4.75
       13                  1           4.75
       12                  1           4.75
       11                  1           4.75
       10                  1           4.75
        9                  1           4.75
        8                  4           5.00
        7                  4           5.00
        6                  4           5.00
        5                  4           5.00
        4                  4           5.00
        3                  4           5.00
        2                  4           5.00
        1 (Bottom)         4           5.00

   Boundary Conditions
   -------------------
  X-Directed West   : Reflective
  X-Directed East   : Zero Incoming Current
  Y-Directed North  : Reflective
  Y-Directed South  : Zero Incoming Current
  Z-Directed Bottom : Zero Incoming Current
  Z-Directed Top    : Zero Incoming Current

  ...Core Geometry is Sucessfully Read...
     ---------------------------------


  ================================================================================================
                                        Calculation Results
  ================================================================================================

   Iteration    Keff     FissSrc Error   Inner Error
  ----------------------------------------------------
       1       3.316099    7.98178E-01    8.37695E-01
       2       2.800571    1.63488E+00    1.72660E+00
       3       2.415433    9.01826E-01    9.57636E-01
       4       2.124976    7.27321E-01    7.99022E-01
     ...Fission Source Extrapolated...
       5       1.171406    1.78055E+06    6.82588E-01
       6       1.734178    2.63690E+00    8.23147E-01
       7       1.598243    4.34828E-01    5.18179E-01
       8       1.490286    3.77980E-01    4.55389E-01
       9       1.403670    3.42136E-01    4.20343E-01
     ...Fission Source Extrapolated...
      10       1.037075    2.08861E+04    3.85791E-01
      11       1.278544    1.42668E+00    5.49060E-01
      12       1.231642    2.53072E-01    3.22274E-01
      13       1.192807    2.19373E-01    2.62080E-01
      14       1.160502    2.02844E-01    2.37148E-01
     ...Fission Source Extrapolated...
      15       0.994800    4.38656E+01    2.17921E-01
      16       1.111753    9.66968E-01    4.08998E-01
      17       1.092680    1.71675E-01    1.96785E-01
      18       1.076454    1.47961E-01    1.60705E-01
      19       1.062653    1.41157E-01    1.55885E-01
     ...Fission Source Extrapolated...
      20       0.970003    1.74286E+01    1.51466E-01
      21       1.041462    9.26781E-01    3.71332E-01
      22       1.033023    1.35617E-01    1.43618E-01
      23       1.025737    1.17930E-01    1.40084E-01
      24       1.019468    1.15280E-01    1.36763E-01
     ...Fission Source Extrapolated...
      25       0.921470    1.12968E+05    1.33626E-01
      26       1.010311    2.16176E+00    8.84645E-01
      27       1.006748    1.29774E-01    1.59611E-01
      28       1.003616    9.37559E-02    1.25196E-01
      29       1.000873    9.18848E-02    1.22622E-01
     ...Fission Source Extrapolated...
      30       0.865989    3.99800E+05    1.20142E-01
      31       0.997719    6.73204E+00    1.07689E+04
      32       0.997070    1.99585E-01    4.40952E+00
      33       0.996381    9.20564E-02    1.00000E+00
      34       0.995603    5.81711E-02    7.41604E-01
     ...Fission Source Extrapolated...
      35       1.079642    1.69075E+03    3.43657E-01
      36       0.994118    5.55135E+00    6.67824E-01
      37       0.992381    1.75819E-01    2.67449E-01
      38       0.991103    1.13768E-01    1.81592E-01
      39       0.990262    1.02780E-01    1.40410E-01
     ...Fission Source Extrapolated...
      40       0.985145    5.26169E+00    1.30271E-01
      41       0.989356    7.94990E-01    2.75091E-01
      42       0.989236    1.05769E-01    1.33393E-01
      43       0.989228    8.75339E-02    9.52030E-02
      44       0.989279    8.10646E-02    9.06902E-02
     ...Fission Source Extrapolated...
      45       0.991929    5.42544E+04    8.87081E-02
      46       0.989553    1.89456E+00    4.79652E-01
      47       0.989967    8.38379E-02    9.98362E-02
      48       0.990409    5.63830E-02    8.28525E-02
      49       0.990811    5.40767E-02    8.08942E-02
     ...Fission Source Extrapolated...
      50       1.051329    5.25419E+03    7.89311E-02
      51       0.991009    1.14207E+01    3.55515E+04
      52       0.992336    1.78475E-01    1.37000E+01
      53       0.993618    8.05689E-02    1.00000E+00
      54       0.994548    6.83586E-02    1.00000E+00
     ...Fission Source Extrapolated...
      55       0.998127    1.97436E-01    4.56721E-01
      56       0.995973    1.34971E-01    2.83201E-01
      57       0.996580    2.08385E-02    1.57166E-01
      58       0.997137    2.48453E-02    1.00606E-01
      59       0.997652    2.73304E-02    6.36178E-02
     ...Fission Source Extrapolated...
      60       0.841352    1.96444E+01    5.97909E-02
      61       1.000888    6.45309E+00    6.36821E-01
      62       1.000156    1.70068E-01    2.16361E-01
      63       0.999337    1.02015E-01    1.82167E-01
      64       0.999012    9.06122E-02    1.50071E-01
     ...Fission Source Extrapolated...
      65       0.998389    6.39634E-01    1.37461E-01
      66       0.998842    2.64928E-01    1.68171E-01
      67       0.998952    9.07703E-02    1.28962E-01
      68       0.999131    8.02709E-02    1.14320E-01
      69       0.999346    7.03247E-02    9.95141E-02
     ...Fission Source Extrapolated...
      70       1.002440    2.72979E+00    8.41279E-02
      71       0.999791    6.89708E-01    1.46208E-01
      72       1.000109    3.87599E-02    4.68841E-02
      73       1.000448    2.62913E-02    3.50998E-02
      74       1.000775    2.23020E-02    3.36151E-02
     ...Fission Source Extrapolated...
      75       1.010844    1.81552E+00    3.21698E-02
      76       1.001261    6.19044E-01    9.63263E-02
      77       1.001652    2.21481E-02    2.94088E-02
      78       1.002058    1.59672E-02    2.80719E-02
      79       1.002423    1.50462E-02    2.67638E-02
     ...Fission Source Extrapolated...
      80       0.917591    1.27110E+00    2.54848E-02
      81       1.004342    3.00271E+00    3.14116E-01
      82       1.004153    7.30880E-02    8.55658E-02
      83       1.003846    3.94928E-02    7.10759E-02
      84       1.003770    3.94455E-02    5.91181E-02
     ...Fission Source Extrapolated...
      85       1.003841    2.53950E-01    5.64198E-02
      86       1.003820    1.33967E-01    6.78514E-02
      87       1.003948    3.09152E-02    4.43253E-02
      88       1.004112    2.47822E-02    3.42506E-02
      89       1.004290    2.10885E-02    2.83202E-02
     ...Fission Source Extrapolated...
      90       1.007089    3.72158E-01    2.46338E-02
      91       1.004612    2.35147E-01    4.61619E-02
      92       1.004842    1.32685E-02    1.58296E-02
      93       1.005086    8.82802E-03    1.21337E-02
      94       1.005319    7.39836E-03    1.14562E-02
     ...Fission Source Extrapolated...
      95       1.015555    4.66925E-01    1.08180E-02
      96       1.005584    2.99477E-01    4.22014E-02
      97       1.005868    1.08307E-02    1.24763E-02
      98       1.006170    6.23037E-03    9.13528E-03
      99       1.006435    5.01026E-03    8.63645E-03
     ...Fission Source Extrapolated...
     100       0.993423    1.99686E-01    8.16594E-03
     101       1.007095    2.47336E-01    2.66103E-02
     102       1.007261    9.09510E-03    1.10361E-02
     103       1.007403    6.00784E-03    7.38648E-03
     104       1.007565    5.91707E-03    6.68441E-03
     ...Fission Source Extrapolated...
     105       1.009602    7.59596E-02    6.55953E-03
     106       1.007857    5.66631E-02    1.28738E-02
     107       1.008038    5.22325E-03    5.80380E-03
     108       1.008224    4.15836E-03    5.26824E-03
     109       1.008401    3.85307E-03    5.00716E-03
     ...Fission Source Extrapolated...
     110       1.016495    2.11157E-01    4.76504E-03
     111       1.008613    1.61449E-01    2.26733E-02
     112       1.008813    6.57311E-03    7.55982E-03
     113       1.009027    3.77592E-03    4.53289E-03
     114       1.009217    2.58765E-03    3.97410E-03
     ...Fission Source Extrapolated...
     115       0.996256    1.30129E-01    3.80949E-03
     116       1.009711    1.46712E-01    1.69051E-02
     117       1.009827    7.44863E-03    8.96587E-03
     118       1.009918    3.54087E-03    4.87489E-03
     119       1.010027    2.93570E-03    3.46272E-03
     ...Fission Source Extrapolated...
     120       1.011143    2.98402E-02    3.35880E-03
     121       1.010232    2.21334E-02    6.20972E-03
     122       1.010352    2.97855E-03    3.35814E-03
     123       1.010475    2.46356E-03    2.79400E-03
     124       1.010593    2.32322E-03    2.69726E-03
     ...Fission Source Extrapolated...
     125       1.014544    8.53519E-02    2.60526E-03
     126       1.010759    7.10599E-02    1.07422E-02
     127       1.010884    3.01161E-03    3.43691E-03
     128       1.011015    1.83461E-03    2.35852E-03
     129       1.011134    1.33913E-03    2.28234E-03
     ...Fission Source Extrapolated...
     130       0.994911    1.61525E-01    2.20873E-03
     131       1.011554    1.85789E-01    2.18237E-02
     132       1.011604    8.74293E-03    1.03783E-02
     133       1.011622    4.30247E-03    5.70814E-03
     134       1.011667    2.46256E-03    3.65514E-03
     ...Fission Source Extrapolated...
     135       1.012030    1.71321E-02    3.44585E-03
     136       1.011769    1.11032E-02    4.76101E-03
     137       1.011834    2.40600E-03    3.13847E-03
     138       1.011903    2.01060E-03    2.46690E-03
     139       1.011971    1.84000E-03    2.19849E-03
     ...Fission Source Extrapolated...
     140       1.013365    3.79646E-02    2.11729E-03
     141       1.012079    3.14055E-02    5.50456E-03
     142       1.012151    1.51001E-03    1.70416E-03
     143       1.012227    9.70014E-04    1.39659E-03
     144       1.012297    8.80593E-04    1.34773E-03
     ...Fission Source Extrapolated...
     145       1.021470    1.38614E-01    1.30014E-03
     146       1.012290    1.15614E-01    1.48107E-02
     147       1.012386    5.74646E-03    6.66333E-03
     148       1.012501    3.06555E-03    3.84130E-03
     149       1.012594    1.91222E-03    2.45462E-03
     ...Fission Source Extrapolated...
     150       1.013268    1.10749E-02    1.74759E-03
     151       1.012749    8.89576E-03    1.67017E-03
     152       1.012820    9.15019E-04    1.17914E-03
     153       1.012886    6.84025E-04    9.80416E-04
     154       1.012948    5.74393E-04    9.45060E-04
     ...Fission Source Extrapolated...
     155       1.021580    8.56751E-02    9.10915E-04
     156       1.012966    7.47789E-02    9.20932E-03
     157       1.013038    3.91662E-03    4.57724E-03
     158       1.013121    2.27125E-03    2.84465E-03
     159       1.013189    1.45868E-03    1.87725E-03
     ...Fission Source Extrapolated...
     160       1.013641    7.96174E-03    1.38858E-03
     161       1.013305    6.24501E-03    1.34695E-03
     162       1.013358    7.17231E-04    9.12400E-04
     163       1.013407    5.42215E-04    7.34202E-04
     164       1.013454    4.49439E-04    6.79723E-04
     ...Fission Source Extrapolated...
     165       1.015430    1.85676E-02    6.59329E-04
     166       1.013522    1.66233E-02    2.13621E-03
     167       1.013564    7.28807E-04    8.29938E-04
     168       1.013608    4.54763E-04    6.04188E-04
     169       1.013647    4.13793E-04    5.87601E-04
     ...Fission Source Extrapolated...
     170       1.014991    1.32062E-02    5.71769E-04
     171       1.013709    1.17855E-02    1.50945E-03
     172       1.013744    4.59116E-04    5.42522E-04
     173       1.013778    2.65335E-04    5.28497E-04
     174       1.013810    2.35420E-04    5.14801E-04
     ...Fission Source Extrapolated...
     175       1.015174    1.18066E-02    5.01356E-04
     176       1.013858    1.06571E-02    1.37770E-03
     177       1.013887    4.64662E-04    5.30202E-04
     178       1.013917    2.69087E-04    4.62887E-04
     179       1.013943    2.34910E-04    4.50274E-04
     ...Fission Source Extrapolated...
     180       1.014829    7.74671E-03    4.37683E-04
     181       1.013986    6.92213E-03    8.83698E-04
     182       1.014009    2.84681E-04    4.12847E-04
     183       1.014033    2.02376E-04    4.00383E-04
     184       1.014054    1.90159E-04    3.87914E-04
     ...Fission Source Extrapolated...
     185       1.014935    8.18660E-03    3.75442E-04
     186       1.014088    7.39724E-03    9.57862E-04
     187       1.014107    2.85187E-04    3.50974E-04
     188       1.014127    1.74594E-04    3.38813E-04
     189       1.014145    1.56087E-04    3.26750E-04
     ...Fission Source Extrapolated...
     190       1.014748    5.31063E-03    3.14802E-04
     191       1.014173    4.75924E-03    6.04847E-04
     192       1.014189    1.86942E-04    2.91607E-04
     193       1.014205    1.33969E-04    2.80268E-04
     194       1.014220    1.25436E-04    2.69143E-04
     ...Fission Source Extrapolated...
     195       1.014793    5.15782E-03    2.58248E-04
     196       1.014242    4.66062E-03    6.03792E-04
     197       1.014255    1.79335E-04    2.37473E-04
     198       1.014269    1.14093E-04    2.27482E-04
     199       1.014281    1.00566E-04    2.17780E-04
     ...Fission Source Extrapolated...
     200       1.014694    3.49197E-03    2.08369E-04
     201       1.014300    3.13766E-03    4.02179E-04
     202       1.014311    1.25674E-04    1.90606E-04
     203       1.014321    8.51620E-05    1.82164E-04
     204       1.014331    7.95203E-05    1.74024E-04
     ...Fission Source Extrapolated...
     205       1.014708    3.16143E-03    1.66180E-04
     206       1.014347    2.85718E-03    3.72839E-04
     207       1.014355    1.15375E-04    1.51529E-04
     208       1.014364    7.53119E-05    1.44627E-04
     209       1.014372    6.33173E-05    1.38007E-04
     ...Fission Source Extrapolated...
     210       1.014657    2.24761E-03    1.31658E-04
     211       1.014385    2.02371E-03    2.62931E-04
     212       1.014393    8.54723E-05    1.19854E-04
     213       1.014400    5.68955E-05    1.14322E-04
     214       1.014406    4.98974E-05    1.09032E-04
     ...Fission Source Extrapolated...
     215       1.014657    1.94508E-03    1.03973E-04
     216       1.014417    1.75785E-03    2.31658E-04
     217       1.014423    7.57804E-05    9.46111E-05
     218       1.014429    5.02486E-05    9.02391E-05
     219       1.014434    3.97994E-05    8.60667E-05
     ...Fission Source Extrapolated...
     220       1.014629    1.44292E-03    8.20828E-05
     221       1.014443    1.30053E-03    1.71302E-04
     222       1.014448    5.84490E-05    7.47213E-05
     223       1.014452    3.92014E-05    7.12884E-05
     224       1.014457    3.14953E-05    6.80146E-05
     ...Fission Source Extrapolated...
     225       1.014625    1.22032E-03    6.48907E-05
     226       1.014464    1.10307E-03    1.46739E-04
     227       1.014468    5.07284E-05    6.22079E-05
     228       1.014472    3.38822E-05    5.64420E-05
     229       1.014475    2.52280E-05    5.38818E-05
     ...Fission Source Extrapolated...
     230       1.014609    9.34706E-04    5.14391E-05
     231       1.014481    8.43526E-04    1.12265E-04
     232       1.014485    4.01860E-05    4.93572E-05
     233       1.014488    2.69871E-05    4.48296E-05
     234       1.014491    2.01083E-05    4.28254E-05
     ...Fission Source Extrapolated...
     235       1.014605    7.82573E-04    4.09124E-05
     236       1.014496    7.07732E-04    9.48341E-05
     237       1.014498    3.44519E-05    4.27468E-05
     238       1.014501    2.30218E-05    3.57357E-05
     239       1.014503    1.61930E-05    3.41646E-05
     ...Fission Source Extrapolated...
     240       1.014595    6.13995E-04    3.26641E-05
     241       1.014507    5.54802E-04    7.43540E-05
     242       1.014509    2.77929E-05    3.45234E-05
     243       1.014511    1.85904E-05    2.85978E-05
     244       1.014513    1.30008E-05    2.73616E-05
     ...Fission Source Extrapolated...
     245       1.014591    5.12718E-04    2.61800E-05
     246       1.014517    4.64081E-04    6.25533E-05
     247       1.014518    2.36798E-05    2.96173E-05
     248       1.014520    1.57421E-05    2.29747E-05
     249       1.014522    1.05241E-05    2.19988E-05
     ...Fission Source Extrapolated...
     250       1.014585    4.09241E-04    2.10652E-05
     251       1.014524    3.70293E-04    4.99026E-05
     252       1.014526    1.93313E-05    2.41881E-05
     253       1.014527    1.28221E-05    1.85280E-05
     254       1.014529    8.50551E-06    1.77540E-05
     ...Fission Source Extrapolated...
     255       1.014582    3.42246E-04    1.70127E-05
     256       1.014531    3.10355E-04    4.19695E-05
     257       1.014532    1.64324E-05    2.06546E-05
     258       1.014533    1.08184E-05    1.49960E-05
     259       1.014534    7.02492E-06    1.43796E-05
     ...Fission Source Extrapolated...
     260       1.014578    2.76612E-04    1.37889E-05
     261       1.014536    2.58068E-04    3.38844E-05
     262       1.014537    1.35208E-05    1.69873E-05
     263       1.014538    8.85967E-06    1.21787E-05
     264       1.014539    5.75209E-06    1.16856E-05
     ...Fission Source Extrapolated...
     265       1.014576    2.32457E-04    1.12126E-05
     266       1.014540    2.18328E-04    2.85156E-05
     267       1.014541    1.14826E-05    1.44666E-05
     268       1.014542    7.45975E-06    9.96716E-06

 ***********************************************
Effective Factor Multiplication : Keff = 1.014542
 ***********************************************


     Radial Power Distribution
   ==============================
           1       2       3       4       5       6       7       8       9      10      11      12
    19   2.909   2.880   2.824   2.741   2.634   0.000   0.000   2.286   2.089   0.000   0.000   2.291
    18   2.880   2.852   2.798   2.720   2.624   2.519   2.407   2.268   2.108   2.680   2.493   2.311
    17   2.825   2.796   2.744   2.674   2.589   2.487   2.369   2.233   2.091   2.693   2.511   2.306
    16   2.747   2.716   2.663   2.603   2.530   2.434   2.313   2.165   2.010   2.598   2.450   2.256
    15   2.653   2.623   0.000   0.000   2.461   2.364   2.241   2.075   0.000   0.000   2.348   2.174
    14   2.548   2.526   0.000   0.000   2.373   2.278   2.167   2.014   0.000   0.000   2.259   2.076
    13   2.427   2.411   2.383   2.328   2.248   2.168   2.084   2.714   2.527   2.354   2.180   1.964
    12   2.280   2.271   2.239   2.170   2.078   2.014   2.715   2.615   2.463   2.279   2.068   1.828
    11   2.094   2.113   2.096   2.013   0.000   0.000   2.528   2.463   2.324   2.135   1.911   1.665
    10   0.000   2.687   2.699   2.602   0.000   0.000   2.355   2.279   2.135   1.942   1.719   0.198
     9   0.000   2.501   2.517   2.455   2.351   2.261   2.182   2.069   1.912   1.719   0.203   0.138
     8   2.298   2.318   2.311   2.260   2.177   2.078   1.966   1.829   1.665   0.198   0.138   0.094
     7   2.086   2.081   2.058   2.007   1.928   1.828   1.710   1.563   0.185   0.131   0.092   0.064
     6   1.805   1.793   1.764   1.712   1.636   1.537   0.196   0.157   0.118   0.085   0.061   0.044
     5   0.192   0.190   0.186   0.179   0.167   0.148   0.120   0.095   0.073   0.055   0.040   0.030
     4   0.111   0.110   0.107   0.102   0.095   0.084   0.071   0.058   0.045   0.035   0.026   0.020
     3   0.065   0.064   0.062   0.059   0.055   0.049   0.042   0.035   0.028   0.022   0.017   0.013
     2   0.037   0.036   0.035   0.033   0.031   0.028   0.024   0.020   0.017   0.013   0.010   0.008
     1   0.024   0.024   0.023   0.022   0.020   0.018   0.016   0.013   0.011   0.009   0.007   0.006

          13      14      15      16      17      18      19
    19   2.080   1.799   0.191   0.111   0.064   0.037   0.024
    18   2.076   1.788   0.189   0.110   0.064   0.036   0.024
    17   2.053   1.760   0.186   0.107   0.062   0.035   0.023
    16   2.003   1.709   0.179   0.102   0.059   0.033   0.022
    15   1.925   1.633   0.167   0.095   0.055   0.031   0.020
    14   1.825   1.535   0.147   0.084   0.049   0.028   0.018
    13   1.708   0.196   0.120   0.071   0.042   0.024   0.016
    12   1.562   0.157   0.095   0.057   0.035   0.020   0.013
    11   0.185   0.118   0.073   0.045   0.028   0.017   0.011
    10   0.131   0.085   0.055   0.035   0.022   0.013   0.009
     9   0.092   0.061   0.040   0.026   0.017   0.010   0.007
     8   0.064   0.044   0.030   0.020   0.013   0.008   0.005
     7   0.045   0.031   0.021   0.015   0.010   0.006   0.004
     6   0.031   0.022   0.015   0.011   0.007   0.005   0.003
     5   0.021   0.015   0.011   0.008   0.005   0.003   0.002
     4   0.015   0.011   0.008   0.005   0.004   0.002   0.002
     3   0.010   0.007   0.005   0.004   0.003   0.002   0.001
     2   0.006   0.005   0.003   0.002   0.002   0.001   0.001
     1   0.004   0.003   0.002   0.002   0.001   0.001   0.001

   MAX POS.       Maximum Value
  ( 19,  1)          2.909


     Axial Power Density Distribution
   ====================================

     Plane Number        Power      Height
    -----------------------------------------
        18  (Top)        0.004      175.00
        17               0.012      165.00
        16               0.029      155.00
        15               0.067      145.00
        14               0.962      135.00
        13               1.300      125.50
        12               1.611      116.00
        11               1.879      106.50
        10               2.095       97.00
         9               2.238       87.50
         8               2.244       78.00
         7               2.100       68.50
         6               1.823       59.00
         5               1.453       49.50
         4               0.103       40.00
         3               0.048       30.00
         2               0.022       20.00
         1  (Bottom)     0.008       10.00

   MAX POS.       Maximum Value
    (  8)             2.244

     Radial Flux Distribution
   ==============================
    Group :   1
            1          2          3          4          5          6          7          8          9         10         11         12
    19   7.836E-03  7.746E-03  7.563E-03  7.272E-03  6.809E-03  6.275E-03  6.033E-03  5.963E-03  5.701E-03  5.280E-03  5.082E-03  5.013E-03 
    18   7.745E-03  7.653E-03  7.478E-03  7.225E-03  6.885E-03  6.510E-03  6.246E-03  6.064E-03  5.860E-03  5.674E-03  5.452E-03  5.139E-03 
    17   7.563E-03  7.456E-03  7.276E-03  7.070E-03  6.847E-03  6.597E-03  6.338E-03  6.088E-03  5.898E-03  5.816E-03  5.602E-03  5.182E-03 
    16   7.305E-03  7.141E-03  6.881E-03  6.720E-03  6.647E-03  6.502E-03  6.261E-03  5.953E-03  5.675E-03  5.591E-03  5.465E-03  5.076E-03 
    15   7.016E-03  6.774E-03  6.389E-03  6.268E-03  6.371E-03  6.333E-03  6.122E-03  5.748E-03  5.282E-03  5.134E-03  5.185E-03  4.863E-03 
    14   6.750E-03  6.530E-03  6.187E-03  6.076E-03  6.171E-03  6.163E-03  6.015E-03  5.703E-03  5.234E-03  5.017E-03  4.984E-03  4.598E-03 
    13   6.498E-03  6.380E-03  6.190E-03  6.058E-03  6.006E-03  5.980E-03  5.955E-03  5.845E-03  5.531E-03  5.201E-03  4.846E-03  4.273E-03 
    12   6.205E-03  6.174E-03  6.073E-03  5.890E-03  5.696E-03  5.677E-03  5.837E-03  5.814E-03  5.548E-03  5.122E-03  4.560E-03  3.821E-03 
    11   5.809E-03  5.926E-03  5.914E-03  5.662E-03  5.263E-03  5.220E-03  5.524E-03  5.546E-03  5.253E-03  4.742E-03  4.047E-03  3.168E-03 
    10   5.336E-03  5.715E-03  5.836E-03  5.594E-03  5.129E-03  5.012E-03  5.198E-03  5.121E-03  4.742E-03  4.126E-03  3.298E-03  2.274E-03 
     9   5.117E-03  5.480E-03  5.620E-03  5.474E-03  5.188E-03  4.985E-03  4.846E-03  4.561E-03  4.047E-03  3.299E-03  2.323E-03  1.501E-03 
     8   5.038E-03  5.159E-03  5.198E-03  5.086E-03  4.869E-03  4.601E-03  4.275E-03  3.822E-03  3.169E-03  2.275E-03  1.502E-03  9.715E-04 
     7   4.528E-03  4.539E-03  4.506E-03  4.386E-03  4.172E-03  3.853E-03  3.421E-03  2.876E-03  2.117E-03  1.431E-03  9.481E-04  6.236E-04 
     6   3.555E-03  3.538E-03  3.484E-03  3.368E-03  3.167E-03  2.825E-03  2.261E-03  1.760E-03  1.268E-03  8.721E-04  5.910E-04  3.959E-04 
     5   2.178E-03  2.160E-03  2.116E-03  2.033E-03  1.889E-03  1.649E-03  1.300E-03  9.906E-04  7.329E-04  5.221E-04  3.629E-04  2.483E-04 
     4   1.176E-03  1.163E-03  1.134E-03  1.082E-03  9.974E-04  8.717E-04  7.143E-04  5.582E-04  4.215E-04  3.083E-04  2.198E-04  1.537E-04 
     3   6.343E-04  6.261E-04  6.081E-04  5.772E-04  5.303E-04  4.660E-04  3.897E-04  3.116E-04  2.403E-04  1.798E-04  1.311E-04  9.362E-05 
     2   3.381E-04  3.332E-04  3.226E-04  3.053E-04  2.803E-04  2.477E-04  2.098E-04  1.708E-04  1.342E-04  1.023E-04  7.601E-05  5.530E-05 
     1   1.444E-04  1.421E-04  1.373E-04  1.297E-04  1.191E-04  1.058E-04  9.048E-05  7.464E-05  5.954E-05  4.611E-05  3.480E-05  2.571E-05 

            13         14         15         16         17         18         19
    19   4.511E-03  3.543E-03  2.171E-03  1.172E-03  6.324E-04  3.371E-04  1.440E-04 
    18   4.524E-03  3.527E-03  2.154E-03  1.160E-03  6.244E-04  3.323E-04  1.417E-04 
    17   4.493E-03  3.474E-03  2.111E-03  1.132E-03  6.066E-04  3.218E-04  1.370E-04 
    16   4.377E-03  3.361E-03  2.028E-03  1.080E-03  5.760E-04  3.046E-04  1.295E-04 
    15   4.165E-03  3.162E-03  1.886E-03  9.956E-04  5.292E-04  2.797E-04  1.189E-04 
    14   3.849E-03  2.822E-03  1.647E-03  8.703E-04  4.653E-04  2.472E-04  1.056E-04 
    13   3.419E-03  2.259E-03  1.298E-03  7.134E-04  3.891E-04  2.095E-04  9.035E-05 
    12   2.874E-03  1.759E-03  9.898E-04  5.577E-04  3.113E-04  1.706E-04  7.455E-05 
    11   2.116E-03  1.267E-03  7.324E-04  4.212E-04  2.401E-04  1.341E-04  5.948E-05 
    10   1.431E-03  8.718E-04  5.218E-04  3.081E-04  1.796E-04  1.022E-04  4.606E-05 
     9   9.479E-04  5.909E-04  3.628E-04  2.197E-04  1.310E-04  7.596E-05  3.477E-05 
     8   6.235E-04  3.958E-04  2.482E-04  1.537E-04  9.358E-05  5.527E-05  2.569E-05 
     7   4.065E-04  2.626E-04  1.678E-04  1.060E-04  6.580E-05  3.953E-05  1.864E-05 
     6   2.626E-04  1.726E-04  1.123E-04  7.226E-05  4.566E-05  2.787E-05  1.331E-05 
     5   1.679E-04  1.123E-04  7.444E-05  4.873E-05  3.130E-05  1.938E-05  9.363E-06 
     4   1.060E-04  7.228E-05  4.873E-05  3.243E-05  2.115E-05  1.326E-05  6.476E-06 
     3   6.582E-05  4.567E-05  3.131E-05  2.115E-05  1.398E-05  8.871E-06  4.370E-06 
     2   3.955E-05  2.788E-05  1.938E-05  1.327E-05  8.871E-06  5.681E-06  2.820E-06 
     1   1.864E-05  1.331E-05  9.366E-06  6.478E-06  4.371E-06  2.820E-06  1.408E-06 

    Group :   2
            1          2          3          4          5          6          7          8          9         10         11         12
    19   7.496E-03  7.421E-03  7.274E-03  7.054E-03  6.750E-03  6.432E-03  6.179E-03  5.851E-03  5.372E-03  4.845E-03  4.500E-03  4.228E-03 
    18   7.422E-03  7.348E-03  7.206E-03  7.002E-03  6.741E-03  6.453E-03  6.162E-03  5.819E-03  5.406E-03  4.980E-03  4.611E-03  4.244E-03 
    17   7.277E-03  7.200E-03  7.061E-03  6.879E-03  6.659E-03  6.396E-03  6.089E-03  5.737E-03  5.355E-03  4.982E-03  4.617E-03  4.217E-03 
    16   7.071E-03  6.979E-03  6.822E-03  6.669E-03  6.499E-03  6.260E-03  5.950E-03  5.569E-03  5.160E-03  4.818E-03  4.505E-03  4.122E-03 
    15   6.825E-03  6.719E-03  6.552E-03  6.431E-03  6.300E-03  6.073E-03  5.764E-03  5.344E-03  4.854E-03  4.546E-03  4.330E-03  3.973E-03 
    14   6.554E-03  6.471E-03  6.345E-03  6.229E-03  6.072E-03  5.845E-03  5.557E-03  5.166E-03  4.703E-03  4.398E-03  4.164E-03  3.794E-03 
    13   6.243E-03  6.191E-03  6.098E-03  5.958E-03  5.766E-03  5.557E-03  5.321E-03  5.020E-03  4.670E-03  4.338E-03  3.996E-03  3.583E-03 
    12   5.867E-03  5.837E-03  5.748E-03  5.574E-03  5.345E-03  5.166E-03  5.020E-03  4.805E-03  4.510E-03  4.164E-03  3.772E-03  3.327E-03 
    11   5.392E-03  5.423E-03  5.367E-03  5.166E-03  4.857E-03  4.704E-03  4.671E-03  4.510E-03  4.237E-03  3.886E-03  3.476E-03  3.019E-03 
    10   4.861E-03  4.995E-03  4.993E-03  4.825E-03  4.550E-03  4.401E-03  4.340E-03  4.165E-03  3.886E-03  3.530E-03  3.116E-03  2.617E-03 
     9   4.514E-03  4.624E-03  4.628E-03  4.513E-03  4.335E-03  4.168E-03  3.998E-03  3.773E-03  3.477E-03  3.116E-03  2.661E-03  2.159E-03 
     8   4.241E-03  4.255E-03  4.227E-03  4.130E-03  3.979E-03  3.798E-03  3.586E-03  3.329E-03  3.020E-03  2.618E-03  2.159E-03  1.731E-03 
     7   3.816E-03  3.801E-03  3.752E-03  3.655E-03  3.511E-03  3.328E-03  3.109E-03  2.834E-03  2.486E-03  2.082E-03  1.699E-03  1.357E-03 
     6   3.284E-03  3.260E-03  3.205E-03  3.109E-03  2.970E-03  2.787E-03  2.541E-03  2.251E-03  1.924E-03  1.600E-03  1.303E-03  1.040E-03 
     5   2.613E-03  2.589E-03  2.537E-03  2.451E-03  2.326E-03  2.154E-03  1.924E-03  1.680E-03  1.433E-03  1.193E-03  9.733E-04  7.790E-04 
     4   1.911E-03  1.890E-03  1.847E-03  1.778E-03  1.678E-03  1.546E-03  1.386E-03  1.211E-03  1.034E-03  8.632E-04  7.065E-04  5.676E-04 
     3   1.327E-03  1.311E-03  1.279E-03  1.227E-03  1.155E-03  1.063E-03  9.542E-04  8.359E-04  7.157E-04  6.000E-04  4.931E-04  3.978E-04 
     2   8.573E-04  8.464E-04  8.240E-04  7.894E-04  7.421E-04  6.827E-04  6.137E-04  5.390E-04  4.630E-04  3.895E-04  3.213E-04  2.602E-04 
     1   3.886E-04  3.835E-04  3.730E-04  3.569E-04  3.353E-04  3.085E-04  2.776E-04  2.443E-04  2.104E-04  1.775E-04  1.469E-04  1.193E-04 

            13         14         15         16         17         18         19
    19   3.806E-03  3.275E-03  2.606E-03  1.906E-03  1.324E-03  8.551E-04  3.877E-04 
    18   3.791E-03  3.252E-03  2.583E-03  1.886E-03  1.308E-03  8.443E-04  3.825E-04 
    17   3.743E-03  3.197E-03  2.531E-03  1.843E-03  1.276E-03  8.222E-04  3.721E-04 
    16   3.648E-03  3.103E-03  2.446E-03  1.774E-03  1.225E-03  7.878E-04  3.562E-04 
    15   3.505E-03  2.965E-03  2.322E-03  1.675E-03  1.153E-03  7.407E-04  3.347E-04 
    14   3.324E-03  2.783E-03  2.150E-03  1.544E-03  1.061E-03  6.816E-04  3.080E-04 
    13   3.106E-03  2.538E-03  1.922E-03  1.384E-03  9.529E-04  6.129E-04  2.772E-04 
    12   2.832E-03  2.249E-03  1.678E-03  1.209E-03  8.349E-04  5.384E-04  2.440E-04 
    11   2.485E-03  1.923E-03  1.432E-03  1.033E-03  7.151E-04  4.625E-04  2.102E-04 
    10   2.082E-03  1.599E-03  1.193E-03  8.626E-04  5.995E-04  3.892E-04  1.774E-04 
     9   1.698E-03  1.302E-03  9.729E-04  7.061E-04  4.928E-04  3.211E-04  1.468E-04 
     8   1.357E-03  1.040E-03  7.787E-04  5.674E-04  3.976E-04  2.601E-04  1.192E-04 
     7   1.062E-03  8.152E-04  6.123E-04  4.480E-04  3.153E-04  2.070E-04  9.518E-05 
     6   8.153E-04  6.274E-04  4.729E-04  3.474E-04  2.455E-04  1.618E-04  7.460E-05 
     5   6.125E-04  4.730E-04  3.580E-04  2.641E-04  1.874E-04  1.239E-04  5.728E-05 
     4   4.481E-04  3.475E-04  2.641E-04  1.956E-04  1.393E-04  9.241E-05  4.282E-05 
     3   3.154E-04  2.456E-04  1.874E-04  1.393E-04  9.957E-05  6.622E-05  3.075E-05 
     2   2.071E-04  1.618E-04  1.239E-04  9.242E-05  6.623E-05  4.414E-05  2.053E-05 
     1   9.523E-05  7.463E-05  5.729E-05  4.283E-05  3.075E-05  2.053E-05  9.562E-06 

    Group :   3
            1          2          3          4          5          6          7          8          9         10         11         12
    19   6.805E-03  6.751E-03  6.649E-03  6.526E-03  6.465E-03  6.480E-03  6.205E-03  5.555E-03  4.880E-03  4.241E-03  3.855E-03  3.590E-03 
    18   6.752E-03  6.701E-03  6.602E-03  6.466E-03  6.326E-03  6.179E-03  5.879E-03  5.392E-03  4.848E-03  4.309E-03  3.905E-03  3.577E-03 
    17   6.654E-03  6.617E-03  6.534E-03  6.389E-03  6.185E-03  5.933E-03  5.612E-03  5.211E-03  4.749E-03  4.262E-03  3.870E-03  3.536E-03 
    16   6.518E-03  6.530E-03  6.531E-03  6.390E-03  6.094E-03  5.767E-03  5.418E-03  5.010E-03  4.553E-03  4.119E-03  3.773E-03  3.456E-03 
    15   6.337E-03  6.434E-03  6.599E-03  6.472E-03  6.017E-03  5.591E-03  5.214E-03  4.774E-03  4.236E-03  3.886E-03  3.641E-03  3.348E-03 
    14   6.082E-03  6.190E-03  6.378E-03  6.252E-03  5.779E-03  5.348E-03  4.977E-03  4.550E-03  4.054E-03  3.739E-03  3.508E-03  3.231E-03 
    13   5.738E-03  5.772E-03  5.805E-03  5.663E-03  5.340E-03  5.010E-03  4.678E-03  4.301E-03  3.947E-03  3.648E-03  3.374E-03  3.116E-03 
    12   5.320E-03  5.310E-03  5.249E-03  5.083E-03  4.826E-03  4.574E-03  4.308E-03  4.035E-03  3.760E-03  3.492E-03  3.237E-03  3.020E-03 
    11   4.813E-03  4.819E-03  4.756E-03  4.577E-03  4.258E-03  4.068E-03  3.954E-03  3.762E-03  3.543E-03  3.318E-03  3.122E-03  2.995E-03 
    10   4.223E-03  4.302E-03  4.267E-03  4.130E-03  3.898E-03  3.748E-03  3.653E-03  3.494E-03  3.319E-03  3.163E-03  3.074E-03  3.028E-03 
     9   3.852E-03  3.906E-03  3.875E-03  3.780E-03  3.648E-03  3.513E-03  3.377E-03  3.239E-03  3.123E-03  3.075E-03  3.073E-03  2.849E-03 
     8   3.594E-03  3.582E-03  3.542E-03  3.462E-03  3.353E-03  3.236E-03  3.119E-03  3.022E-03  2.996E-03  3.029E-03  2.849E-03  2.501E-03 
     7   3.316E-03  3.297E-03  3.250E-03  3.173E-03  3.077E-03  2.994E-03  2.942E-03  2.888E-03  2.908E-03  2.760E-03  2.458E-03  2.087E-03 
     6   3.154E-03  3.129E-03  3.075E-03  2.994E-03  2.897E-03  2.840E-03  2.884E-03  2.777E-03  2.598E-03  2.333E-03  2.010E-03  1.675E-03 
     5   3.106E-03  3.076E-03  3.016E-03  2.923E-03  2.806E-03  2.686E-03  2.567E-03  2.378E-03  2.133E-03  1.858E-03  1.573E-03  1.298E-03 
     4   2.662E-03  2.633E-03  2.575E-03  2.486E-03  2.368E-03  2.224E-03  2.055E-03  1.857E-03  1.636E-03  1.407E-03  1.181E-03  9.694E-04 
     3   2.015E-03  1.991E-03  1.944E-03  1.871E-03  1.773E-03  1.651E-03  1.508E-03  1.348E-03  1.178E-03  1.007E-03  8.427E-04  6.907E-04 
     2   1.358E-03  1.341E-03  1.308E-03  1.256E-03  1.186E-03  1.100E-03  1.000E-03  8.907E-04  7.761E-04  6.621E-04  5.535E-04  4.537E-04 
     1   5.923E-04  5.847E-04  5.693E-04  5.461E-04  5.150E-04  4.768E-04  4.326E-04  3.845E-04  3.347E-04  2.854E-04  2.386E-04  1.957E-04 

            13         14         15         16         17         18         19
    19   3.310E-03  3.147E-03  3.098E-03  2.655E-03  2.010E-03  1.355E-03  5.909E-04 
    18   3.290E-03  3.122E-03  3.069E-03  2.627E-03  1.987E-03  1.338E-03  5.833E-04 
    17   3.243E-03  3.069E-03  3.009E-03  2.570E-03  1.939E-03  1.305E-03  5.681E-04 
    16   3.167E-03  2.988E-03  2.917E-03  2.481E-03  1.867E-03  1.253E-03  5.450E-04 
    15   3.072E-03  2.892E-03  2.801E-03  2.364E-03  1.769E-03  1.184E-03  5.141E-04 
    14   2.990E-03  2.836E-03  2.682E-03  2.221E-03  1.648E-03  1.099E-03  4.760E-04 
    13   2.939E-03  2.880E-03  2.564E-03  2.053E-03  1.506E-03  9.991E-04  4.320E-04 
    12   2.885E-03  2.775E-03  2.375E-03  1.855E-03  1.346E-03  8.896E-04  3.840E-04 
    11   2.906E-03  2.597E-03  2.131E-03  1.635E-03  1.177E-03  7.753E-04  3.343E-04 
    10   2.759E-03  2.331E-03  1.857E-03  1.406E-03  1.006E-03  6.616E-04  2.851E-04 
     9   2.457E-03  2.009E-03  1.572E-03  1.180E-03  8.421E-04  5.531E-04  2.384E-04 
     8   2.087E-03  1.674E-03  1.297E-03  9.690E-04  6.903E-04  4.535E-04  1.956E-04 
     7   1.708E-03  1.356E-03  1.045E-03  7.788E-04  5.548E-04  3.647E-04  1.574E-04 
     6   1.356E-03  1.070E-03  8.223E-04  6.128E-04  4.369E-04  2.876E-04  1.243E-04 
     5   1.045E-03  8.224E-04  6.317E-04  4.712E-04  3.365E-04  2.219E-04  9.601E-05 
     4   7.790E-04  6.129E-04  4.712E-04  3.520E-04  2.519E-04  1.664E-04  7.209E-05 
     3   5.550E-04  4.370E-04  3.365E-04  2.519E-04  1.806E-04  1.195E-04  5.184E-05 
     2   3.649E-04  2.877E-04  2.219E-04  1.664E-04  1.195E-04  7.919E-05  3.440E-05 
     1   1.575E-04  1.243E-04  9.603E-05  7.210E-05  5.185E-05  3.440E-05  1.496E-05 

    Group :   4
            1          2          3          4          5          6          7          8          9         10         11         12
    19   6.119E-03  6.075E-03  5.996E-03  5.912E-03  5.915E-03  5.939E-03  5.691E-03  5.000E-03  4.188E-03  3.411E-03  3.058E-03  2.891E-03 
    18   6.077E-03  6.037E-03  5.959E-03  5.853E-03  5.753E-03  5.644E-03  5.343E-03  4.790E-03  4.145E-03  3.510E-03  3.112E-03  2.862E-03 
    17   6.000E-03  5.979E-03  5.919E-03  5.793E-03  5.600E-03  5.348E-03  5.010E-03  4.562E-03  4.023E-03  3.448E-03  3.062E-03  2.820E-03 
    16   5.895E-03  5.935E-03  5.973E-03  5.845E-03  5.526E-03  5.166E-03  4.783E-03  4.322E-03  3.793E-03  3.305E-03  2.979E-03  2.759E-03 
    15   5.740E-03  5.883E-03  6.042E-03  5.933E-03  5.479E-03  4.984E-03  4.555E-03  4.044E-03  3.380E-03  3.051E-03  2.885E-03  2.690E-03 
    14   5.491E-03  5.649E-03  5.847E-03  5.734E-03  5.237E-03  4.721E-03  4.286E-03  3.787E-03  3.200E-03  2.930E-03  2.794E-03  2.635E-03 
    13   5.126E-03  5.189E-03  5.260E-03  5.113E-03  4.733E-03  4.335E-03  3.933E-03  3.488E-03  3.133E-03  2.892E-03  2.712E-03  2.611E-03 
    12   4.661E-03  4.661E-03  4.607E-03  4.424E-03  4.121E-03  3.825E-03  3.499E-03  3.206E-03  2.967E-03  2.786E-03  2.668E-03  2.656E-03 
    11   4.073E-03  4.087E-03  4.025E-03  3.826E-03  3.419E-03  3.228E-03  3.146E-03  2.971E-03  2.823E-03  2.721E-03  2.711E-03  2.856E-03 
    10   3.357E-03  3.482E-03  3.446E-03  3.319E-03  3.073E-03  2.949E-03  2.902E-03  2.790E-03  2.723E-03  2.739E-03  2.909E-03  3.240E-03 
     9   3.028E-03  3.098E-03  3.061E-03  2.986E-03  2.896E-03  2.805E-03  2.719E-03  2.672E-03  2.712E-03  2.910E-03  3.277E-03  3.421E-03 
     8   2.880E-03  2.858E-03  2.821E-03  2.763E-03  2.696E-03  2.640E-03  2.615E-03  2.659E-03  2.858E-03  3.241E-03  3.422E-03  3.317E-03 
     7   2.759E-03  2.742E-03  2.706E-03  2.655E-03  2.607E-03  2.608E-03  2.689E-03  2.830E-03  3.160E-03  3.340E-03  3.269E-03  3.010E-03 
     6   2.898E-03  2.876E-03  2.834E-03  2.777E-03  2.733E-03  2.782E-03  3.032E-03  3.156E-03  3.216E-03  3.138E-03  2.914E-03  2.593E-03 
     5   3.353E-03  3.324E-03  3.267E-03  3.190E-03  3.115E-03  3.088E-03  3.122E-03  3.078E-03  2.943E-03  2.731E-03  2.452E-03  2.132E-03 
     4   3.323E-03  3.291E-03  3.228E-03  3.139E-03  3.035E-03  2.928E-03  2.812E-03  2.659E-03  2.460E-03  2.219E-03  1.952E-03  1.672E-03 
     3   2.795E-03  2.766E-03  2.708E-03  2.624E-03  2.518E-03  2.394E-03  2.250E-03  2.082E-03  1.889E-03  1.678E-03  1.457E-03  1.237E-03 
     2   2.025E-03  2.002E-03  1.958E-03  1.892E-03  1.807E-03  1.704E-03  1.584E-03  1.449E-03  1.301E-03  1.145E-03  9.875E-04  8.337E-04 
     1   9.368E-04  9.260E-04  9.045E-04  8.726E-04  8.309E-04  7.802E-04  7.214E-04  6.559E-04  5.856E-04  5.129E-04  4.405E-04  3.707E-04 

            13         14         15         16         17         18         19
    19   2.760E-03  2.894E-03  3.346E-03  3.316E-03  2.789E-03  2.020E-03  9.347E-04 
    18   2.741E-03  2.872E-03  3.317E-03  3.284E-03  2.760E-03  1.998E-03  9.240E-04 
    17   2.703E-03  2.829E-03  3.261E-03  3.221E-03  2.703E-03  1.954E-03  9.026E-04 
    16   2.651E-03  2.773E-03  3.184E-03  3.133E-03  2.619E-03  1.888E-03  8.709E-04 
    15   2.603E-03  2.728E-03  3.110E-03  3.030E-03  2.514E-03  1.804E-03  8.294E-04 
    14   2.604E-03  2.778E-03  3.083E-03  2.923E-03  2.390E-03  1.701E-03  7.789E-04 
    13   2.685E-03  3.029E-03  3.118E-03  2.808E-03  2.247E-03  1.582E-03  7.204E-04 
    12   2.827E-03  3.153E-03  3.075E-03  2.657E-03  2.079E-03  1.448E-03  6.551E-04 
    11   3.158E-03  3.213E-03  2.941E-03  2.457E-03  1.887E-03  1.300E-03  5.850E-04 
    10   3.338E-03  3.136E-03  2.729E-03  2.218E-03  1.676E-03  1.144E-03  5.125E-04 
     9   3.268E-03  2.913E-03  2.451E-03  1.950E-03  1.456E-03  9.869E-04  4.401E-04 
     8   3.010E-03  2.592E-03  2.131E-03  1.671E-03  1.236E-03  8.333E-04  3.705E-04 
     7   2.640E-03  2.222E-03  1.799E-03  1.396E-03  1.025E-03  6.887E-04  3.056E-04 
     6   2.222E-03  1.841E-03  1.474E-03  1.136E-03  8.308E-04  5.565E-04  2.466E-04 
     5   1.799E-03  1.474E-03  1.172E-03  8.989E-04  6.556E-04  4.385E-04  1.941E-04 
     4   1.396E-03  1.136E-03  8.989E-04  6.874E-04  5.006E-04  3.345E-04  1.480E-04 
     3   1.026E-03  8.310E-04  6.557E-04  5.006E-04  3.642E-04  2.433E-04  1.077E-04 
     2   6.890E-04  5.567E-04  4.386E-04  3.345E-04  2.433E-04  1.625E-04  7.193E-05 
     1   3.057E-04  2.467E-04  1.942E-04  1.481E-04  1.077E-04  7.193E-05  3.184E-05 


 Total Time :    561.015625     Seconds
