	  0.000     5.400  10.800 16.200   21.600  27.000  32.400  37.800  43.200  48.600  54.000  59.400  64.800  70.200  75.600  81.000  86.400  91.800  97.200  105.3
      5.400     2.909   2.880   2.824   2.741   2.634   0.000   0.000   2.286   2.089   0.000   0.000   2.291	2.080   1.799   0.191   0.111   0.064   0.037   0.024	
     10.800     2.880   2.852   2.798   2.720   2.624   2.519   2.407   2.268   2.108   2.680   2.493   2.311	2.076   1.788   0.189   0.110   0.064   0.036   0.024	
     16.200     2.825   2.796   2.744   2.674   2.589   2.487   2.369   2.233   2.091   2.693   2.511   2.306	2.053   1.760   0.186   0.107   0.062   0.035   0.023	
     21.600     2.747   2.716   2.663   2.603   2.530   2.434   2.313   2.165   2.010   2.598   2.450   2.256	2.003   1.709   0.179   0.102   0.059   0.033   0.022	
     27.000     2.653   2.623   0.000   0.000   2.461   2.364   2.241   2.075   0.000   0.000   2.348   2.174	1.925   1.633   0.167   0.095   0.055   0.031   0.020	
     32.400     2.548   2.526   0.000   0.000   2.373   2.278   2.167   2.014   0.000   0.000   2.259   2.076	1.825   1.535   0.147   0.084   0.049   0.028   0.018	
     37.800     2.427   2.411   2.383   2.328   2.248   2.168   2.084   2.714   2.527   2.354   2.180   1.964	1.708   0.196   0.120   0.071   0.042   0.024   0.016	
     43.200     2.280   2.271   2.239   2.170   2.078   2.014   2.715   2.615   2.463   2.279   2.068   1.828	1.562   0.157   0.095   0.057   0.035   0.020   0.013	
     48.600     2.094   2.113   2.096   2.013   0.000   0.000   2.528   2.463   2.324   2.135   1.911   1.665	0.185   0.118   0.073   0.045   0.028   0.017   0.011	
     54.000     0.000   2.687   2.699   2.602   0.000   0.000   2.355   2.279   2.135   1.942   1.719   0.198	0.131   0.085   0.055   0.035   0.022   0.013   0.009	
     59.400     0.000   2.501   2.517   2.455   2.351   2.261   2.182   2.069   1.912   1.719   0.203   0.138	0.092   0.061   0.040   0.026   0.017   0.010   0.007	
     64.800     2.298   2.318   2.311   2.260   2.177   2.078   1.966   1.829   1.665   0.198   0.138   0.094	0.064   0.044   0.030   0.020   0.013   0.008   0.005	
     70.200     2.086   2.081   2.058   2.007   1.928   1.828   1.710   1.563   0.185   0.131   0.092   0.064	0.045   0.031   0.021   0.015   0.010   0.006   0.004	
     75.600     1.805   1.793   1.764   1.712   1.636   1.537   0.196   0.157   0.118   0.085   0.061   0.044	0.031   0.022   0.015   0.011   0.007   0.005   0.003	
     81.000     0.192   0.190   0.186   0.179   0.167   0.148   0.120   0.095   0.073   0.055   0.040   0.030	0.021   0.015   0.011   0.008   0.005   0.003   0.002	
     86.400     0.111   0.110   0.107   0.102   0.095   0.084   0.071   0.058   0.045   0.035   0.026   0.020	0.015   0.011   0.008   0.005   0.004   0.002   0.002	
     91.800     0.065   0.064   0.062   0.059   0.055   0.049   0.042   0.035   0.028   0.022   0.017   0.013	0.010   0.007   0.005   0.004   0.003   0.002   0.001	
     97.200     0.037   0.036   0.035   0.033   0.031   0.028   0.024   0.020   0.017   0.013   0.010   0.008	0.006   0.005   0.003   0.002   0.002   0.001   0.001	
     105.30     0.024   0.024   0.023   0.022   0.020   0.018   0.016   0.013   0.011   0.009   0.007   0.006	0.004   0.003   0.002   0.002   0.001   0.001   0.001	
	 
	 
	 
	 
	 
	 
	 
	 
	 
	