                                                                                
      /\               /\                                                       
     //\\             //\\                                                      
    //**\\           //**\\                                                     
   //****\\         //****\\                                                    
  //******\\       //******\\   ____                   _   _           _        
  ---------   /*\   ---------  / __ \                 | \ | |         | |       
             (***)            | |  | |_ __   ___ _ __ |  \| | ___   __| | ___   
              \*/             | |  | | "_ \ / _ \ "_ \| . ` |/ _"\ / _" |/ _ \  
                              | |__| | |_) |  __/ | | | |\  | |_) | (_| |  __/  
              //\\             \____/| .__/ \___)_| |_|_| \_|\___/ \___/ \___|  
             //**\\                  | |                                        
            //****\\                 |_|                                        
           //******\\                                                           
           ----------                                                           
                                                                                
 ____________________________________________________________
          | The OpenNode, Nodal Methods for Neutron Diffusion
 Version  | Version Number: 1.1                              
 Copyright| 2021 Radiation & Nuclear System Laboratory       
          | University Abdelmalk Essaadi                     
          | Faculty of Sciences, Tetouan, Morocco            
 Source   | FORTRAN90 version                                
 GUI      | PyQt5                                            
 Method   | The Nodal Expansion Method (NEM)                 
 Dimension| Three Dimensions (3D)                            
 Geometry | Cartesian                                        
 ____________________________________________________________
                        =====================
   Calculation Mode :    Forward Calculation 
   ----------------     =====================

            --------------------------------------------
            >>>> Writing Macroscopic Cross Sections <<<<
            --------------------------------------------
     Material  1
    Group   Transport    Diffusion  Absorption    Removal      Nu*Fiss      Kap*Fis    Fiss. Spctr
       1     0.115860    2.877036    0.004602    0.028203     0.011878     0.003912     0.768000
       2     0.212200    1.570845    0.003659    0.005275     0.005325     0.001829     0.232000
       3     0.461370    0.722486    0.012928    0.017612     0.010471     0.003633     0.000000
       4     0.345700    0.964227    0.026546    0.026546     0.026611     0.009241     0.000000
         --Scattering Matrix--
           G/G'          1          2          3          4
            1        0.000000    0.023597    0.000004    0.000000
            2        0.000000    0.000000    0.001615    0.000000
            3        0.000000    0.000000    0.000000    0.004684
            4        0.000000    0.000000    0.000000    0.000000
     Material  2
    Group   Transport    Diffusion  Absorption    Removal      Nu*Fiss      Kap*Fis    Fiss. Spctr
       1     0.115880    2.876539    0.005420    0.028687     0.014943     0.004853     0.768000
       2     0.212120    1.571438    0.004477    0.006049     0.007689     0.002638     0.232000
       3     0.467690    0.712723    0.015168    0.019509     0.014809     0.005133     0.000000
       4     0.353480    0.943005    0.033714    0.033714     0.038159     0.013238     0.000000
         --Scattering Matrix--
           G/G'          1          2          3          4
            1        0.000000    0.023262    0.000005    0.000000
            2        0.000000    0.000000    0.001572    0.000000
            3        0.000000    0.000000    0.000000    0.004341
            4        0.000000    0.000000    0.000000    0.000000
     Material  3
    Group   Transport    Diffusion  Absorption    Removal      Nu*Fiss      Kap*Fis    Fiss. Spctr
       1     0.145840    2.285610    0.003884    0.035959     0.007743     0.002769     0.768000
       2     0.284430    1.171935    0.003107    0.005885     0.000108     0.000044     0.232000
       3     0.527020    0.632487    0.010143    0.016040     0.000297     0.000123     0.000000
       4     0.407310    0.818377    0.013349    0.013349     0.000847     0.000350     0.000000
         --Scattering Matrix--
           G/G'          1          2          3          4
            1        0.000000    0.032071    0.000004    0.000000
            2        0.000000    0.000000    0.002778    0.000000
            3        0.000000    0.000000    0.000000    0.005897
            4        0.000000    0.000000    0.000000    0.000000
     Material  4
    Group   Transport    Diffusion  Absorption    Removal      Nu*Fiss      Kap*Fis    Fiss. Spctr
       1     0.122690    2.716875    0.002768    0.029093     0.005429     0.001945     0.768000
       2     0.231330    1.440943    0.002201    0.004490     0.000076     0.000031     0.232000
       3     0.462730    0.720362    0.007728    0.013082     0.000212     0.000088     0.000000
       4     0.337490    0.987684    0.009956    0.009956     0.000576     0.000238     0.000000
         --Scattering Matrix--
           G/G'          1          2          3          4
            1        0.000000    0.026322    0.000003    0.000000
            2        0.000000    0.000000    0.002289    0.000000
            3        0.000000    0.000000    0.000000    0.005354
            4        0.000000    0.000000    0.000000    0.000000
     Material  5
    Group   Transport    Diffusion  Absorption    Removal      Nu*Fiss      Kap*Fis    Fiss. Spctr
       1     0.133160    2.503254    0.001866    0.024813     0.000000     0.000000     0.768000
       2     0.253540    1.314717    0.012643    0.016412     0.000000     0.000000     0.232000
       3     0.580430    0.574287    0.063440    0.072121     0.000000     0.000000     0.000000
       4     0.541670    0.615381    0.168680    0.168680     0.000000     0.000000     0.000000
         --Scattering Matrix--
           G/G'          1          2          3          4
            1        0.000000    0.022946    0.000001    0.000000
            2        0.000000    0.000000    0.003769    0.000000
            3        0.000000    0.000000    0.000000    0.008681
            4        0.000000    0.000000    0.000000    0.000000
     Material  6
    Group   Transport    Diffusion  Absorption    Removal      Nu*Fiss      Kap*Fis    Fiss. Spctr
       1     0.072200    4.616805    0.000216    0.013159     0.000000     0.000000     0.768000
       2     0.114870    2.901831    0.000168    0.001455     0.000000     0.000000     0.232000
       3     0.326410    1.021211    0.001144    0.004597     0.000000     0.000000     0.000000
       4     0.192720    1.729625    0.000787    0.000787     0.000000     0.000000     0.000000
         --Scattering Matrix--
           G/G'          1          2          3          4
            1        0.000000    0.012942    0.000001    0.000000
            2        0.000000    0.000000    0.001287    0.000000
            3        0.000000    0.000000    0.000000    0.003453
            4        0.000000    0.000000    0.000000    0.000000

            -------------------------------
            >>>>>Wrting Core Geometry<<<<<
            -------------------------------
  Number of Assembly in x, y and z Directions Respectively :
          19          19           1
  Number of Nodes in x, y and z Directions Respectively :
          38          38           1

  x-Directed Nodes Divison (Delta-x)
     2.70   2.70   2.70   2.70   2.70   2.70   2.70   2.70   2.70   2.70
     2.70   2.70   2.70   2.70   2.70   2.70   2.70   2.70   2.70   2.70
     2.70   2.70   2.70   2.70   2.70   2.70   2.70   2.70   2.70   2.70
     2.70   2.70   2.70   2.70   2.70   2.70   4.05   4.05
  y-Directed Nodes Divison (Delta-y)
     4.05   4.05   2.70   2.70   2.70   2.70   2.70   2.70   2.70   2.70
     2.70   2.70   2.70   2.70   2.70   2.70   2.70   2.70   2.70   2.70
     2.70   2.70   2.70   2.70   2.70   2.70   2.70   2.70   2.70   2.70
     2.70   2.70   2.70   2.70   2.70   2.70   2.70   2.70
  Planar Region :  1
        1  2  3  4  5  6  7  8  9 10 11 12 13 14 15 16 17 18 19 20 21 22 23 24 25 26 27 28 29 30 31 32 33 34 35 36
    38  1  1  1  1  1  1  1  1  1  1  6  6  6  6  1  1  1  1  5  5  5  5  2  2  2  2  2  2  3  3  3  3  3  3  3  3 
    37  1  1  1  1  1  1  1  1  1  1  6  6  6  6  1  1  1  1  5  5  5  5  2  2  2  2  2  2  3  3  3  3  3  3  3  3 
    36  1  1  1  1  1  1  1  1  1  1  1  1  1  1  1  1  1  1  2  2  2  2  2  2  2  2  2  2  3  3  3  3  3  3  3  3 
    35  1  1  1  1  1  1  1  1  1  1  1  1  1  1  1  1  1  1  2  2  2  2  2  2  2  2  2  2  3  3  3  3  3  3  3  3 
    34  1  1  1  1  1  1  1  1  1  1  1  1  1  1  1  1  1  1  2  2  2  2  2  2  2  2  2  2  3  3  3  3  3  3  3  3 
    33  1  1  1  1  1  1  1  1  1  1  1  1  1  1  1  1  1  1  2  2  2  2  2  2  2  2  2  2  3  3  3  3  3  3  3  3 
    32  1  1  1  1  1  1  1  1  1  1  1  1  1  1  1  1  1  1  2  2  2  2  2  2  2  2  2  2  3  3  3  3  3  3  3  3 
    31  1  1  1  1  1  1  1  1  1  1  1  1  1  1  1  1  1  1  2  2  2  2  2  2  2  2  2  2  3  3  3  3  3  3  3  3 
    30  1  1  1  1  6  6  6  6  1  1  1  1  1  1  1  1  5  5  5  5  2  2  2  2  2  2  2  2  3  3  3  3  3  3  3  3 
    29  1  1  1  1  6  6  6  6  1  1  1  1  1  1  1  1  5  5  5  5  2  2  2  2  2  2  2  2  3  3  3  3  3  3  3  3 
    28  1  1  1  1  6  6  6  6  1  1  1  1  1  1  1  1  5  5  5  5  2  2  2  2  2  2  2  2  3  3  3  3  3  3  3  3 
    27  1  1  1  1  6  6  6  6  1  1  1  1  1  1  1  1  5  5  5  5  2  2  2  2  2  2  2  2  3  3  3  3  3  3  3  3 
    26  1  1  1  1  1  1  1  1  1  1  1  1  1  1  2  2  2  2  2  2  2  2  2  2  2  2  3  3  3  3  3  3  3  3  3  3 
    25  1  1  1  1  1  1  1  1  1  1  1  1  1  1  2  2  2  2  2  2  2  2  2  2  2  2  3  3  3  3  3  3  3  3  3  3 
    24  1  1  1  1  1  1  1  1  1  1  1  1  2  2  2  2  2  2  2  2  2  2  2  2  2  2  3  3  3  3  3  3  3  3  3  3 
    23  1  1  1  1  1  1  1  1  1  1  1  1  2  2  2  2  2  2  2  2  2  2  2  2  2  2  3  3  3  3  3  3  3  3  3  3 
    22  1  1  1  1  1  1  1  1  5  5  5  5  2  2  2  2  2  2  2  2  2  2  2  2  3  3  3  3  3  3  3  3  3  3  3  3 
    21  1  1  1  1  1  1  1  1  5  5  5  5  2  2  2  2  2  2  2  2  2  2  2  2  3  3  3  3  3  3  3  3  3  3  3  3 
    20  5  5  2  2  2  2  2  2  5  5  5  5  2  2  2  2  2  2  2  2  2  2  3  3  3  3  3  3  3  3  3  3  3  3  3  3 
    19  5  5  2  2  2  2  2  2  5  5  5  5  2  2  2  2  2  2  2  2  2  2  3  3  3  3  3  3  3  3  3  3  3  3  3  3 
    18  5  5  2  2  2  2  2  2  2  2  2  2  2  2  2  2  2  2  2  2  3  3  3  3  3  3  3  3  3  3  3  3  3  3  3  3 
    17  5  5  2  2  2  2  2  2  2  2  2  2  2  2  2  2  2  2  2  2  3  3  3  3  3  3  3  3  3  3  3  3  3  3  3  3 
    16  2  2  2  2  2  2  2  2  2  2  2  2  2  2  2  2  2  2  3  3  3  3  3  3  3  3  3  3  3  3  3  3  3  3  3  3 
    15  2  2  2  2  2  2  2  2  2  2  2  2  2  2  2  2  2  2  3  3  3  3  3  3  3  3  3  3  3  3  3  3  3  3  3  3 
    14  2  2  2  2  2  2  2  2  2  2  2  2  2  2  2  2  3  3  3  3  3  3  3  3  3  3  3  3  3  3  3  3  3  3  3  3 
    13  2  2  2  2  2  2  2  2  2  2  2  2  2  2  2  2  3  3  3  3  3  3  3  3  3  3  3  3  3  3  3  3  3  3  3  3 
    12  2  2  2  2  2  2  2  2  2  2  2  2  3  3  3  3  3  3  3  3  3  3  3  3  3  3  3  3  3  3  3  3  3  3  3  3 
    11  2  2  2  2  2  2  2  2  2  2  2  2  3  3  3  3  3  3  3  3  3  3  3  3  3  3  3  3  3  3  3  3  3  3  3  3 
    10  3  3  3  3  3  3  3  3  3  3  3  3  3  3  3  3  3  3  3  3  3  3  3  3  3  3  3  3  3  3  3  3  3  3  3  3 
     9  3  3  3  3  3  3  3  3  3  3  3  3  3  3  3  3  3  3  3  3  3  3  3  3  3  3  3  3  3  3  3  3  3  3  3  3 
     8  3  3  3  3  3  3  3  3  3  3  3  3  3  3  3  3  3  3  3  3  3  3  3  3  3  3  3  3  3  3  3  3  3  3  3  3 
     7  3  3  3  3  3  3  3  3  3  3  3  3  3  3  3  3  3  3  3  3  3  3  3  3  3  3  3  3  3  3  3  3  3  3  3  3 
     6  3  3  3  3  3  3  3  3  3  3  3  3  3  3  3  3  3  3  3  3  3  3  3  3  3  3  3  3  3  3  3  3  3  3  3  3 
     5  3  3  3  3  3  3  3  3  3  3  3  3  3  3  3  3  3  3  3  3  3  3  3  3  3  3  3  3  3  3  3  3  3  3  3  3 
     4  3  3  3  3  3  3  3  3  3  3  3  3  3  3  3  3  3  3  3  3  3  3  3  3  3  3  3  3  3  3  3  3  3  3  3  3 
     3  3  3  3  3  3  3  3  3  3  3  3  3  3  3  3  3  3  3  3  3  3  3  3  3  3  3  3  3  3  3  3  3  3  3  3  3 
     2  3  3  3  3  3  3  3  3  3  3  3  3  3  3  3  3  3  3  3  3  3  3  3  3  3  3  3  3  3  3  3  3  3  3  3  3 
     1  3  3  3  3  3  3  3  3  3  3  3  3  3  3  3  3  3  3  3  3  3  3  3  3  3  3  3  3  3  3  3  3  3  3  3  3 
       37 38
    38  3  3 
    37  3  3 
    36  3  3 
    35  3  3 
    34  3  3 
    33  3  3 
    32  3  3 
    31  3  3 
    30  3  3 
    29  3  3 
    28  3  3 
    27  3  3 
    26  3  3 
    25  3  3 
    24  3  3 
    23  3  3 
    22  3  3 
    21  3  3 
    20  3  3 
    19  3  3 
    18  3  3 
    17  3  3 
    16  3  3 
    15  3  3 
    14  3  3 
    13  3  3 
    12  3  3 
    11  3  3 
    10  3  3 
     9  3  3 
     8  3  3 
     7  3  3 
     6  3  3 
     5  3  3 
     4  3  3 
     3  3  3 
     2  3  3 
     1  3  3 

  Planar Region Assignment to Planes.
 -------------------------------------
   Plane Number     Planar Region    Delta-z
        1 (Top)            1          10.00

   Boundary Conditions
   -------------------
  X-Directed West   : Reflective
  X-Directed East   : Zero Incoming Current
  Y-Directed North  : Reflective
  Y-Directed South  : Zero Incoming Current
  Z-Directed Bottom : Reflective
  Z-Directed Top    : Reflective

  ...Core Geometry is Sucessfully Read...
     ---------------------------------


  ================================================================================================
                                        Calculation Results
  ================================================================================================

   Iteration    Keff     FissSrc Error   Inner Error
  ----------------------------------------------------
       1       3.309130    7.27786E-01    7.88108E-01
       2       2.778224    1.17321E+00    1.26128E+00
       3       2.380936    7.29394E-01    8.02542E-01
       4       2.086817    5.87176E-01    6.70361E-01
     ...Fission Source Extrapolated...
       5       1.202497    1.99897E+03    5.90308E-01
       6       1.700595    1.76561E+00    7.00125E-01
       7       1.572059    3.62864E-01    4.60964E-01
       8       1.472266    3.22709E-01    4.20980E-01
       9       1.394085    2.89760E-01    3.86634E-01
     ...Fission Source Extrapolated...
      10       1.101069    5.64428E+01    3.53274E-01
      11       1.284038    9.71494E-01    4.81750E-01
      12       1.244791    2.05383E-01    2.74995E-01
      13       1.213145    1.84638E-01    2.36586E-01
      14       1.187486    1.70065E-01    2.10270E-01
     ...Fission Source Extrapolated...
      15       1.074895    2.79654E+00    1.89023E-01
      16       1.149787    6.35374E-01    3.20852E-01
      17       1.135874    1.35986E-01    1.43973E-01
      18       1.124464    1.24632E-01    1.38859E-01
      19       1.115050    1.19088E-01    1.35202E-01
     ...Fission Source Extrapolated...
      20       1.062625    2.29411E+00    1.31779E-01
      21       1.100904    6.11671E-01    2.58834E-01
      22       1.095713    1.04832E-01    1.25491E-01
      23       1.091495    9.88655E-02    1.22547E-01
      24       1.088005    9.65922E-02    1.19702E-01
     ...Fission Source Extrapolated...
      25       0.915690    1.19029E+02    1.16932E-01
      26       1.081760    8.27812E+00    4.58253E+03
      27       1.080772    1.32192E-01    1.00000E+00
      28       1.080653    7.13845E-02    1.00000E+00
      29       1.080273    4.68469E-02    5.97025E-01
     ...Fission Source Extrapolated...
      30       1.093661    5.64742E-01    2.95213E-01
      31       1.080229    1.38108E+00    3.19515E-01
      32       1.079666    6.40478E-02    1.18261E-01
      33       1.079110    6.68578E-02    9.61900E-02
      34       1.078814    6.66836E-02    9.34834E-02
     ...Fission Source Extrapolated...
      35       1.076110    1.26014E+03    9.07423E-02
      36       1.078170    1.23626E+00    2.93003E-01
      37       1.078409    5.67046E-02    8.52108E-02
      38       1.078841    5.04427E-02    8.24011E-02
      39       1.079237    4.84112E-02    7.95683E-02
     ...Fission Source Extrapolated...
      40       1.044437    1.01730E+00    7.67164E-02
      41       1.081965    3.40330E+00    3.79829E-01
      42       1.081770    7.07997E-02    9.74444E-02
      43       1.081228    7.31131E-02    1.06769E-01
      44       1.081109    7.21394E-02    9.69252E-02
     ...Fission Source Extrapolated...
      45       1.081651    9.39925E-01    8.91709E-02
      46       1.081197    4.01607E-01    1.34354E-01
      47       1.081523    5.03060E-02    5.83906E-02
      48       1.081955    4.45477E-02    5.36635E-02
      49       1.082401    3.98864E-02    5.09815E-02
     ...Fission Source Extrapolated...
      50       1.094578    6.15940E+00    4.83628E-02
      51       1.082866    8.43823E-01    1.40323E-01
      52       1.083509    2.10551E-02    4.33712E-02
      53       1.084255    2.03763E-02    4.09807E-02
      54       1.084914    2.01659E-02    3.86662E-02
     ...Fission Source Extrapolated...
      55       1.059366    4.42700E-01    3.64311E-02
      56       1.086825    7.96243E-01    8.96949E-02
      57       1.087210    2.45859E-02    3.21755E-02
      58       1.087474    2.45254E-02    3.01902E-02
      59       1.087848    2.29106E-02    2.83068E-02
     ...Fission Source Extrapolated...
      60       1.092836    3.43848E-01    2.65280E-02
      61       1.088503    2.14660E-01    4.84297E-02
      62       1.089001    1.57103E-02    2.32870E-02
      63       1.089543    1.41349E-02    2.18141E-02
      64       1.090058    1.30627E-02    2.04357E-02
     ...Fission Source Extrapolated...
      65       1.118970    1.75020E+00    1.91466E-02
      66       1.090347    6.14831E-01    8.51265E-02
      67       1.091032    1.92253E-02    2.23744E-02
      68       1.091823    1.18996E-02    1.58181E-02
      69       1.092484    8.51418E-03    1.48495E-02
     ...Fission Source Extrapolated...
      70       1.082394    9.96413E-02    1.39417E-02
      71       1.093807    1.19313E-01    1.30993E-02
      72       1.094293    7.38015E-03    1.22992E-02
      73       1.094733    7.16778E-03    1.15618E-02
      74       1.095180    7.03351E-03    1.08773E-02
     ...Fission Source Extrapolated...
      75       1.106514    2.16891E-01    1.02431E-02
      76       1.095808    1.60207E-01    2.59498E-02
      77       1.096285    6.63344E-03    9.12333E-03
      78       1.096789    4.84962E-03    8.62661E-03
      79       1.097246    4.61027E-03    8.16635E-03
     ...Fission Source Extrapolated...
      80       1.074346    1.73735E-01    7.73840E-03
      81       1.098467    2.06245E-01    2.61520E-02
      82       1.098755    8.76623E-03    1.06812E-02
      83       1.098972    5.47436E-03    6.60147E-03
      84       1.099241    5.14053E-03    6.27192E-03
     ...Fission Source Extrapolated...
      85       1.102148    5.27890E-02    5.96537E-03
      86       1.099734    3.90666E-02    9.32473E-03
      87       1.100039    4.15548E-03    5.40916E-03
      88       1.100354    4.04917E-03    5.15487E-03
      89       1.100655    3.93161E-03    4.91443E-03
     ...Fission Source Extrapolated...
      90       1.112453    1.49807E-01    4.68585E-03
      91       1.101017    1.18667E-01    1.62924E-02
      92       1.101354    5.84658E-03    6.97688E-03
      93       1.101718    3.76324E-03    4.51480E-03
      94       1.102038    2.78042E-03    3.88208E-03
     ...Fission Source Extrapolated...
      95       1.091877    7.58208E-02    3.69971E-03
      96       1.102760    8.26643E-02    9.00129E-03
      97       1.102988    3.54664E-03    4.38698E-03
      98       1.103184    2.94213E-03    3.24999E-03
      99       1.103395    2.71601E-03    3.05127E-03
     ...Fission Source Extrapolated...
     100       1.106399    3.82380E-02    2.89674E-03
     101       1.103753    3.04001E-02    6.23728E-03
     102       1.103971    2.06231E-03    2.63840E-03
     103       1.104194    1.97634E-03    2.52128E-03
     104       1.104404    1.93676E-03    2.41139E-03
     ...Fission Source Extrapolated...
     105       1.121963    1.59636E-01    2.30781E-03
     106       1.104525    1.28076E-01    1.68869E-02
     107       1.104788    6.88634E-03    8.00313E-03
     108       1.105087    4.12819E-03    5.12469E-03
     109       1.105333    2.69417E-03    3.48400E-03
     ...Fission Source Extrapolated...
     110       1.111192    5.94627E-02    2.69615E-03
     111       1.105717    5.09600E-02    5.04812E-03
     112       1.105924    2.14124E-03    2.88287E-03
     113       1.106123    1.63910E-03    2.06495E-03
     114       1.106303    1.40283E-03    1.60794E-03
     ...Fission Source Extrapolated...
     115       1.059019    2.66412E-01    1.54689E-03
     116       1.107205    3.40670E-01    4.08359E-02
     117       1.107206    1.38851E-02    1.65566E-02
     118       1.107122    8.32181E-03    1.10902E-02
     119       1.107125    4.90409E-03    9.42683E-03
     ...Fission Source Extrapolated...
     120       1.107279    2.21698E-02    7.15980E-03
     121       1.107185    1.51266E-02    5.53229E-03
     122       1.107246    1.75943E-03    3.28812E-03
     123       1.107318    1.70597E-03    2.34004E-03
     124       1.107393    1.53119E-03    2.03305E-03
     ...Fission Source Extrapolated...
     125       1.108534    1.79170E-02    1.63376E-03
     126       1.107521    1.46438E-02    2.64162E-03
     127       1.107608    1.09429E-03    1.46119E-03
     128       1.107700    9.35318E-04    1.34396E-03
     129       1.107787    8.65749E-04    1.21610E-03
     ...Fission Source Extrapolated...
     130       1.113533    6.06969E-02    1.13306E-03
     131       1.107842    5.29351E-02    7.95852E-03
     132       1.107952    2.73414E-03    3.25540E-03
     133       1.108076    1.65323E-03    2.04999E-03
     134       1.108181    1.09695E-03    1.43200E-03
     ...Fission Source Extrapolated...
     135       1.105190    2.68106E-02    1.10834E-03
     136       1.108398    2.75883E-02    1.78674E-03
     137       1.108472    1.07572E-03    1.33701E-03
     138       1.108538    5.78833E-04    8.40680E-04
     139       1.108605    4.93143E-04    5.92314E-04
     ...Fission Source Extrapolated...
     140       1.109791    8.24090E-03    5.34341E-04
     141       1.108715    6.92983E-03    1.29443E-03
     142       1.108783    6.21230E-04    6.96190E-04
     143       1.108853    4.53881E-04    5.21063E-04
     144       1.108917    4.23731E-04    4.56239E-04
     ...Fission Source Extrapolated...
     145       1.144815    2.31759E-01    4.07029E-04
     146       1.108532    1.80933E-01    2.67377E-02
     147       1.108728    1.22737E-02    1.44240E-02
     148       1.108997    6.99068E-03    8.97907E-03
     149       1.109179    4.08041E-03    5.73650E-03
     ...Fission Source Extrapolated...
     150       1.109649    1.06111E-02    4.44678E-03
     151       1.109454    5.86621E-03    3.43338E-03
     152       1.109562    1.56644E-03    2.34615E-03
     153       1.109655    1.05950E-03    1.61863E-03
     154       1.109737    8.62122E-04    1.35281E-03
     ...Fission Source Extrapolated...
     155       1.110239    5.21009E-03    1.24744E-03
     156       1.109877    3.64161E-03    1.35491E-03
     157       1.109938    6.03690E-04    1.01769E-03
     158       1.109993    4.09076E-04    9.13355E-04
     159       1.110044    3.09103E-04    7.94201E-04
     ...Fission Source Extrapolated...
     160       1.110661    2.92744E-03    6.82129E-04
     161       1.110134    2.48094E-03    6.77530E-04
     162       1.110174    7.50787E-05    5.39767E-04
     163       1.110212    6.36667E-05    4.97917E-04
     164       1.110247    8.67686E-05    4.08232E-04
     ...Fission Source Extrapolated...
     165       1.110735    1.70007E-03    3.90685E-04
     166       1.110310    1.37010E-03    3.87527E-04
     167       1.110339    1.40554E-04    3.82233E-04
     168       1.110366    1.53682E-04    3.74858E-04
     169       1.110391    1.60226E-04    3.65487E-04
     ...Fission Source Extrapolated...
     170       1.110742    2.48095E-03    3.54300E-04
     171       1.110436    2.04256E-03    3.41633E-04
     172       1.110456    1.45428E-04    3.27571E-04
     173       1.110475    1.40451E-04    3.12444E-04
     174       1.110493    1.36022E-04    2.96509E-04
     ...Fission Source Extrapolated...
     175       1.110747    2.01502E-03    2.80030E-04
     176       1.110525    1.66068E-03    2.63340E-04
     177       1.110540    1.04851E-04    2.46526E-04
     178       1.110554    9.77416E-05    2.29828E-04
     179       1.110566    9.21555E-05    2.13410E-04
     ...Fission Source Extrapolated...
     180       1.110754    1.36669E-03    1.97414E-04
     181       1.110590    1.13219E-03    1.82015E-04
     182       1.110600    6.56389E-05    1.67212E-04
     183       1.110610    6.01245E-05    1.53103E-04
     184       1.110620    5.59193E-05    1.39733E-04
     ...Fission Source Extrapolated...
     185       1.110760    8.41788E-04    1.27132E-04
     186       1.110637    6.99888E-04    1.15354E-04
     187       1.110644    3.77517E-05    1.04342E-04
     188       1.110652    3.42413E-05    9.41068E-05
     189       1.110659    3.15009E-05    8.46294E-05
     ...Fission Source Extrapolated...
     190       1.110764    4.81180E-04    7.58867E-05
     191       1.110671    4.00668E-04    6.78726E-05
     192       1.110677    2.01534E-05    6.05178E-05
     193       1.110682    1.81975E-05    5.37991E-05
     194       1.110687    1.65290E-05    4.76790E-05
     ...Fission Source Extrapolated...
     195       1.110767    2.55078E-04    4.21200E-05
     196       1.110696    2.12134E-04    3.79231E-05
     197       1.110701    9.96355E-06    3.25531E-05
     198       1.110705    8.88288E-06    2.84575E-05
     199       1.110708    7.91089E-06    2.47756E-05
     ...Fission Source Extrapolated...
     200       1.110768    1.22578E-04    2.14738E-05
     201       1.110715    1.01350E-04    2.09438E-05
     202       1.110718    4.41592E-06    1.58949E-05
     203       1.110721    3.78478E-06    1.35514E-05
     204       1.110724    3.51468E-06    1.14709E-05
     ...Fission Source Extrapolated...
     205       1.110769    5.77314E-05    9.62855E-06
     206       1.110729    5.03023E-05    1.12105E-05
     207       1.110732    3.27326E-06    6.57475E-06

 ***********************************************
Effective Factor Multiplication : Keff = 1.110732
 ***********************************************


     Radial Power Distribution
   ==============================
           1       2       3       4       5       6       7       8       9      10      11      12
    19   3.401   3.359   3.274   3.151   2.992   0.000   0.000   2.418   2.077   0.000   0.000   2.052
    18   3.359   3.317   3.235   3.117   2.969   2.805   2.618   2.381   2.106   2.543   2.288   2.128
    17   3.276   3.234   3.156   3.047   2.909   2.741   2.543   2.314   2.077   2.586   2.359   2.158
    16   3.157   3.114   3.037   2.942   2.817   2.650   2.444   2.197   1.938   2.429   2.277   2.112
    15   3.011   2.972   0.000   0.000   2.708   2.534   2.324   2.047   0.000   0.000   2.118   2.020
    14   2.838   2.814   0.000   0.000   2.563   2.392   2.202   1.948   0.000   0.000   2.024   1.927
    13   2.632   2.614   2.576   2.488   2.348   2.208   2.070   2.623   2.342   2.135   2.003   1.841
    12   2.381   2.371   2.323   2.212   2.058   1.953   2.625   2.507   2.331   2.139   1.946   1.737
    11   2.067   2.103   2.080   1.944   0.000   0.000   2.344   2.332   2.209   2.032   1.826   1.603
    10   0.000   2.544   2.590   2.433   0.000   0.000   2.137   2.140   2.032   1.863   1.661   0.169
     9   0.000   2.291   2.362   2.280   2.121   2.026   2.005   1.947   1.827   1.662   0.172   0.116
     8   2.055   2.131   2.161   2.115   2.023   1.929   1.842   1.738   1.604   0.169   0.117   0.079
     7   1.930   1.944   1.938   1.895   1.821   1.730   1.628   1.504   0.157   0.111   0.078   0.054
     6   1.705   1.700   1.680   1.636   1.567   1.477   0.166   0.132   0.099   0.072   0.051   0.037
     5   0.160   0.159   0.156   0.151   0.141   0.124   0.101   0.080   0.061   0.046   0.034   0.025
     4   0.092   0.092   0.090   0.086   0.080   0.071   0.059   0.048   0.038   0.029   0.022   0.017
     3   0.054   0.053   0.052   0.049   0.046   0.041   0.035   0.029   0.023   0.018   0.014   0.011
     2   0.030   0.030   0.029   0.028   0.026   0.023   0.020   0.017   0.014   0.011   0.009   0.007
     1   0.020   0.020   0.019   0.018   0.017   0.015   0.013   0.011   0.009   0.007   0.006   0.005

          13      14      15      16      17      18      19
    19   1.928   1.702   0.160   0.092   0.053   0.030   0.020
    18   1.941   1.698   0.159   0.091   0.053   0.030   0.020
    17   1.936   1.678   0.156   0.089   0.051   0.029   0.019
    16   1.893   1.634   0.151   0.086   0.049   0.028   0.018
    15   1.819   1.565   0.141   0.080   0.046   0.026   0.017
    14   1.728   1.476   0.124   0.071   0.041   0.023   0.015
    13   1.627   0.166   0.101   0.059   0.035   0.020   0.013
    12   1.503   0.132   0.079   0.048   0.029   0.017   0.011
    11   0.157   0.099   0.061   0.038   0.023   0.014   0.009
    10   0.111   0.072   0.046   0.029   0.018   0.011   0.007
     9   0.078   0.051   0.034   0.022   0.014   0.009   0.006
     8   0.054   0.037   0.025   0.016   0.011   0.007   0.005
     7   0.038   0.026   0.018   0.012   0.008   0.005   0.004
     6   0.026   0.018   0.013   0.009   0.006   0.004   0.003
     5   0.018   0.013   0.009   0.006   0.004   0.003   0.002
     4   0.012   0.009   0.006   0.005   0.003   0.002   0.001
     3   0.008   0.006   0.004   0.003   0.002   0.001   0.001
     2   0.005   0.004   0.003   0.002   0.001   0.001   0.001
     1   0.004   0.003   0.002   0.001   0.001   0.001   0.000

   MAX POS.       Maximum Value
  ( 19,  1)          3.401


     Axial Power Density Distribution
   ====================================

     Plane Number        Power      Height
    -----------------------------------------
         1  (Top)        1.000       10.00

   MAX POS.       Maximum Value
    (  1)             1.000

     Radial Flux Distribution
   ==============================
    Group :   1
            1          2          3          4          5          6          7          8          9         10         11         12
    19   9.082E-03  8.951E-03  8.685E-03  8.267E-03  7.622E-03  6.889E-03  6.487E-03  6.222E-03  5.700E-03  4.978E-03  4.633E-03  4.614E-03 
    18   8.949E-03  8.816E-03  8.561E-03  8.189E-03  7.691E-03  7.135E-03  6.688E-03  6.297E-03  5.861E-03  5.465E-03  5.119E-03  4.794E-03 
    17   8.685E-03  8.535E-03  8.274E-03  7.959E-03  7.597E-03  7.180E-03  6.728E-03  6.266E-03  5.865E-03  5.611E-03  5.303E-03  4.873E-03 
    16   8.306E-03  8.089E-03  7.735E-03  7.478E-03  7.296E-03  6.996E-03  6.564E-03  6.043E-03  5.555E-03  5.322E-03  5.142E-03  4.771E-03 
    15   7.866E-03  7.560E-03  7.070E-03  6.873E-03  6.894E-03  6.712E-03  6.316E-03  5.729E-03  4.993E-03  4.712E-03  4.803E-03  4.548E-03 
    14   7.424E-03  7.156E-03  6.735E-03  6.554E-03  6.553E-03  6.406E-03  6.094E-03  5.594E-03  4.881E-03  4.552E-03  4.590E-03  4.292E-03 
    13   6.970E-03  6.824E-03  6.584E-03  6.373E-03  6.211E-03  6.064E-03  5.916E-03  5.676E-03  5.237E-03  4.841E-03  4.512E-03  4.007E-03 
    12   6.444E-03  6.398E-03  6.252E-03  5.987E-03  5.683E-03  5.572E-03  5.670E-03  5.592E-03  5.279E-03  4.836E-03  4.297E-03  3.608E-03 
    11   5.793E-03  5.917E-03  5.878E-03  5.543E-03  4.976E-03  4.870E-03  5.232E-03  5.278E-03  4.999E-03  4.506E-03  3.842E-03  3.006E-03 
    10   5.022E-03  5.496E-03  5.626E-03  5.325E-03  4.709E-03  4.549E-03  4.839E-03  4.836E-03  4.506E-03  3.931E-03  3.142E-03  2.159E-03 
     9   4.656E-03  5.138E-03  5.315E-03  5.148E-03  4.806E-03  4.591E-03  4.512E-03  4.298E-03  3.843E-03  3.142E-03  2.208E-03  1.420E-03 
     8   4.628E-03  4.806E-03  4.883E-03  4.777E-03  4.553E-03  4.295E-03  4.009E-03  3.609E-03  3.007E-03  2.159E-03  1.421E-03  9.148E-04 
     7   4.209E-03  4.244E-03  4.235E-03  4.131E-03  3.927E-03  3.627E-03  3.226E-03  2.720E-03  2.003E-03  1.351E-03  8.919E-04  5.842E-04 
     6   3.326E-03  3.320E-03  3.281E-03  3.180E-03  2.992E-03  2.669E-03  2.132E-03  1.659E-03  1.193E-03  8.184E-04  5.528E-04  3.689E-04 
     5   2.036E-03  2.023E-03  1.988E-03  1.913E-03  1.780E-03  1.553E-03  1.221E-03  9.284E-04  6.855E-04  4.870E-04  3.375E-04  2.301E-04 
     4   1.094E-03  1.084E-03  1.059E-03  1.012E-03  9.332E-04  8.153E-04  6.671E-04  5.202E-04  3.919E-04  2.860E-04  2.032E-04  1.417E-04 
     3   5.869E-04  5.799E-04  5.640E-04  5.361E-04  4.928E-04  4.331E-04  3.617E-04  2.887E-04  2.222E-04  1.658E-04  1.205E-04  8.585E-05 
     2   3.112E-04  3.070E-04  2.976E-04  2.819E-04  2.589E-04  2.288E-04  1.937E-04  1.574E-04  1.234E-04  9.387E-05  6.957E-05  5.048E-05 
     1   1.323E-04  1.303E-04  1.261E-04  1.192E-04  1.095E-04  9.718E-05  8.309E-05  6.845E-05  5.451E-05  4.213E-05  3.173E-05  2.338E-05 

            13         14         15         16         17         18         19
    19   4.199E-03  3.319E-03  2.032E-03  1.092E-03  5.858E-04  3.107E-04  1.321E-04 
    18   4.235E-03  3.314E-03  2.020E-03  1.082E-03  5.789E-04  3.064E-04  1.301E-04 
    17   4.228E-03  3.276E-03  1.984E-03  1.057E-03  5.632E-04  2.971E-04  1.259E-04 
    16   4.125E-03  3.175E-03  1.910E-03  1.010E-03  5.354E-04  2.815E-04  1.190E-04 
    15   3.923E-03  2.989E-03  1.777E-03  9.321E-04  4.922E-04  2.586E-04  1.093E-04 
    14   3.624E-03  2.667E-03  1.551E-03  8.144E-04  4.326E-04  2.285E-04  9.706E-05 
    13   3.224E-03  2.131E-03  1.220E-03  6.665E-04  3.613E-04  1.935E-04  8.300E-05 
    12   2.719E-03  1.658E-03  9.278E-04  5.198E-04  2.885E-04  1.572E-04  6.839E-05 
    11   2.002E-03  1.192E-03  6.851E-04  3.917E-04  2.220E-04  1.233E-04  5.447E-05 
    10   1.351E-03  8.181E-04  4.868E-04  2.858E-04  1.657E-04  9.381E-05  4.210E-05 
     9   8.917E-04  5.527E-04  3.374E-04  2.032E-04  1.205E-04  6.954E-05  3.171E-05 
     8   5.842E-04  3.688E-04  2.300E-04  1.417E-04  8.581E-05  5.046E-05  2.337E-05 
     7   3.791E-04  2.436E-04  1.549E-04  9.734E-05  6.014E-05  3.598E-05  1.691E-05 
     6   2.436E-04  1.594E-04  1.033E-04  6.611E-05  4.159E-05  2.529E-05  1.204E-05 
     5   1.549E-04  1.033E-04  6.812E-05  4.440E-05  2.841E-05  1.753E-05  8.448E-06 
     4   9.737E-05  6.612E-05  4.441E-05  2.944E-05  1.913E-05  1.197E-05  5.829E-06 
     3   6.016E-05  4.160E-05  2.841E-05  1.913E-05  1.261E-05  7.981E-06  3.924E-06 
     2   3.599E-05  2.529E-05  1.753E-05  1.197E-05  7.981E-06  5.100E-06  2.527E-06 
     1   1.691E-05  1.204E-05  8.450E-06  5.830E-06  3.925E-06  2.528E-06  1.261E-06 

    Group :   2
            1          2          3          4          5          6          7          8          9         10         11         12
    19   8.695E-03  8.584E-03  8.363E-03  8.033E-03  7.585E-03  7.132E-03  6.735E-03  6.160E-03  5.365E-03  4.462E-03  3.943E-03  3.787E-03 
    18   8.584E-03  8.474E-03  8.259E-03  7.950E-03  7.554E-03  7.115E-03  6.649E-03  6.075E-03  5.401E-03  4.731E-03  4.236E-03  3.894E-03 
    17   8.366E-03  8.253E-03  8.044E-03  7.763E-03  7.411E-03  6.987E-03  6.490E-03  5.918E-03  5.314E-03  4.766E-03  4.319E-03  3.926E-03 
    16   8.054E-03  7.925E-03  7.700E-03  7.459E-03  7.166E-03  6.761E-03  6.252E-03  5.647E-03  5.006E-03  4.510E-03  4.174E-03  3.837E-03 
    15   7.672E-03  7.535E-03  7.321E-03  7.133E-03  6.870E-03  6.464E-03  5.954E-03  5.298E-03  4.485E-03  4.022E-03  3.909E-03  3.674E-03 
    14   7.234E-03  7.136E-03  6.995E-03  6.815E-03  6.508E-03  6.103E-03  5.633E-03  5.025E-03  4.257E-03  3.825E-03  3.730E-03  3.502E-03 
    13   6.719E-03  6.658E-03  6.543E-03  6.327E-03  5.998E-03  5.646E-03  5.278E-03  4.835E-03  4.332E-03  3.937E-03  3.657E-03  3.335E-03 
    12   6.101E-03  6.064E-03  5.938E-03  5.677E-03  5.321E-03  5.037E-03  4.839E-03  4.585E-03  4.249E-03  3.890E-03  3.527E-03  3.134E-03 
    11   5.348E-03  5.397E-03  5.323E-03  5.020E-03  4.497E-03  4.264E-03  4.336E-03  4.250E-03  4.006E-03  3.675E-03  3.295E-03  2.875E-03 
    10   4.459E-03  4.732E-03  4.772E-03  4.518E-03  4.028E-03  3.830E-03  3.941E-03  3.891E-03  3.676E-03  3.359E-03  2.979E-03  2.513E-03 
     9   3.945E-03  4.240E-03  4.325E-03  4.180E-03  3.914E-03  3.734E-03  3.660E-03  3.529E-03  3.296E-03  2.979E-03  2.560E-03  2.085E-03 
     8   3.791E-03  3.898E-03  3.931E-03  3.842E-03  3.678E-03  3.506E-03  3.338E-03  3.136E-03  2.876E-03  2.514E-03  2.086E-03  1.679E-03 
     7   3.509E-03  3.525E-03  3.508E-03  3.427E-03  3.291E-03  3.124E-03  2.932E-03  2.693E-03  2.381E-03  2.008E-03  1.647E-03  1.321E-03 
     6   3.070E-03  3.060E-03  3.022E-03  2.941E-03  2.814E-03  2.645E-03  2.422E-03  2.156E-03  1.853E-03  1.549E-03  1.267E-03  1.016E-03 
     5   2.472E-03  2.455E-03  2.412E-03  2.337E-03  2.222E-03  2.062E-03  1.847E-03  1.619E-03  1.387E-03  1.160E-03  9.495E-04  7.628E-04 
     4   1.823E-03  1.805E-03  1.768E-03  1.705E-03  1.613E-03  1.489E-03  1.338E-03  1.172E-03  1.004E-03  8.416E-04  6.913E-04  5.574E-04 
     3   1.273E-03  1.259E-03  1.230E-03  1.182E-03  1.115E-03  1.028E-03  9.250E-04  8.123E-04  6.976E-04  5.867E-04  4.838E-04  3.917E-04 
     2   8.257E-04  8.159E-04  7.954E-04  7.632E-04  7.187E-04  6.625E-04  5.968E-04  5.254E-04  4.525E-04  3.818E-04  3.160E-04  2.568E-04 
     1   3.754E-04  3.707E-04  3.609E-04  3.459E-04  3.255E-04  3.000E-04  2.706E-04  2.387E-04  2.061E-04  1.743E-04  1.447E-04  1.179E-04 

            13         14         15         16         17         18         19
    19   3.505E-03  3.066E-03  2.468E-03  1.820E-03  1.271E-03  8.246E-04  3.749E-04 
    18   3.520E-03  3.056E-03  2.451E-03  1.803E-03  1.258E-03  8.147E-04  3.701E-04 
    17   3.503E-03  3.018E-03  2.409E-03  1.766E-03  1.228E-03  7.943E-04  3.605E-04 
    16   3.423E-03  2.937E-03  2.334E-03  1.703E-03  1.181E-03  7.622E-04  3.455E-04 
    15   3.288E-03  2.810E-03  2.220E-03  1.611E-03  1.114E-03  7.179E-04  3.251E-04 
    14   3.120E-03  2.643E-03  2.060E-03  1.488E-03  1.027E-03  6.618E-04  2.997E-04 
    13   2.930E-03  2.420E-03  1.846E-03  1.336E-03  9.241E-04  5.962E-04  2.703E-04 
    12   2.691E-03  2.155E-03  1.618E-03  1.171E-03  8.117E-04  5.249E-04  2.385E-04 
    11   2.380E-03  1.852E-03  1.386E-03  1.003E-03  6.971E-04  4.522E-04  2.059E-04 
    10   2.007E-03  1.548E-03  1.159E-03  8.411E-04  5.863E-04  3.815E-04  1.742E-04 
     9   1.646E-03  1.266E-03  9.491E-04  6.910E-04  4.835E-04  3.158E-04  1.446E-04 
     8   1.321E-03  1.015E-03  7.626E-04  5.572E-04  3.915E-04  2.566E-04  1.179E-04 
     7   1.038E-03  7.988E-04  6.018E-04  4.414E-04  3.115E-04  2.049E-04  9.438E-05 
     6   7.989E-04  6.167E-04  4.663E-04  3.435E-04  2.433E-04  1.607E-04  7.421E-05 
     5   6.019E-04  4.663E-04  3.541E-04  2.619E-04  1.863E-04  1.234E-04  5.715E-05 
     4   4.416E-04  3.435E-04  2.619E-04  1.946E-04  1.389E-04  9.233E-05  4.285E-05 
     3   3.116E-04  2.434E-04  1.863E-04  1.389E-04  9.953E-05  6.633E-05  3.085E-05 
     2   2.050E-04  1.607E-04  1.235E-04  9.234E-05  6.633E-05  4.430E-05  2.064E-05 
     1   9.441E-05  7.423E-05  5.716E-05  4.285E-05  3.085E-05  2.064E-05  9.625E-06 

    Group :   3
            1          2          3          4          5          6          7          8          9         10         11         12
    19   7.831E-03  7.753E-03  7.610E-03  7.451E-03  7.435E-03  7.607E-03  7.130E-03  5.882E-03  4.526E-03  3.106E-03  2.619E-03  2.829E-03 
    18   7.757E-03  7.685E-03  7.544E-03  7.353E-03  7.168E-03  6.973E-03  6.465E-03  5.588E-03  4.596E-03  3.650E-03  3.151E-03  3.007E-03 
    17   7.620E-03  7.578E-03  7.469E-03  7.249E-03  6.920E-03  6.502E-03  5.952E-03  5.251E-03  4.476E-03  3.770E-03  3.337E-03  3.092E-03 
    16   7.431E-03  7.490E-03  7.551E-03  7.327E-03  6.797E-03  6.212E-03  5.589E-03  4.833E-03  3.996E-03  3.414E-03  3.186E-03  3.032E-03 
    15   7.162E-03  7.394E-03  7.824E-03  7.612E-03  6.716E-03  5.926E-03  5.233E-03  4.334E-03  3.122E-03  2.682E-03  2.886E-03  2.906E-03 
    14   6.741E-03  6.992E-03  7.448E-03  7.234E-03  6.314E-03  5.528E-03  4.866E-03  4.017E-03  2.896E-03  2.525E-03  2.765E-03  2.817E-03 
    13   6.141E-03  6.240E-03  6.347E-03  6.097E-03  5.500E-03  4.938E-03  4.431E-03  3.834E-03  3.237E-03  2.917E-03  2.846E-03  2.790E-03 
    12   5.380E-03  5.404E-03  5.324E-03  4.986E-03  4.445E-03  4.065E-03  3.847E-03  3.598E-03  3.306E-03  3.062E-03  2.899E-03  2.808E-03 
    11   4.368E-03  4.518E-03  4.482E-03  4.038E-03  3.153E-03  2.912E-03  3.244E-03  3.309E-03  3.185E-03  3.027E-03  2.918E-03  2.910E-03 
    10   3.072E-03  3.627E-03  3.768E-03  3.425E-03  2.691E-03  2.530E-03  2.921E-03  3.065E-03  3.028E-03  2.972E-03  2.998E-03  3.090E-03 
     9   2.615E-03  3.147E-03  3.338E-03  3.191E-03  2.891E-03  2.769E-03  2.848E-03  2.901E-03  2.919E-03  2.998E-03  3.140E-03  2.999E-03 
     8   2.830E-03  3.008E-03  3.095E-03  3.035E-03  2.910E-03  2.820E-03  2.793E-03  2.810E-03  2.912E-03  3.091E-03  3.000E-03  2.681E-03 
     7   2.899E-03  2.932E-03  2.937E-03  2.887E-03  2.808E-03  2.764E-03  2.784E-03  2.821E-03  2.966E-03  2.903E-03  2.634E-03  2.263E-03 
     6   2.962E-03  2.955E-03  2.925E-03  2.862E-03  2.786E-03  2.773E-03  2.906E-03  2.864E-03  2.738E-03  2.499E-03  2.178E-03  1.831E-03 
     5   3.135E-03  3.113E-03  3.063E-03  2.980E-03  2.873E-03  2.775E-03  2.691E-03  2.525E-03  2.290E-03  2.014E-03  1.719E-03  1.427E-03 
     4   2.790E-03  2.764E-03  2.710E-03  2.623E-03  2.507E-03  2.366E-03  2.201E-03  2.003E-03  1.777E-03  1.538E-03  1.298E-03  1.072E-03 
     3   2.150E-03  2.127E-03  2.080E-03  2.006E-03  1.906E-03  1.781E-03  1.634E-03  1.467E-03  1.289E-03  1.107E-03  9.309E-04  7.665E-04 
     2   1.464E-03  1.447E-03  1.412E-03  1.359E-03  1.287E-03  1.197E-03  1.092E-03  9.754E-04  8.532E-04  7.309E-04  6.135E-04  5.050E-04 
     1   6.421E-04  6.343E-04  6.184E-04  5.941E-04  5.615E-04  5.210E-04  4.741E-04  4.226E-04  3.691E-04  3.159E-04  2.651E-04  2.182E-04 

            13         14         15         16         17         18         19
    19   2.896E-03  2.958E-03  3.131E-03  2.786E-03  2.147E-03  1.462E-03  6.412E-04 
    18   2.929E-03  2.952E-03  3.109E-03  2.761E-03  2.124E-03  1.445E-03  6.334E-04 
    17   2.934E-03  2.921E-03  3.059E-03  2.706E-03  2.077E-03  1.411E-03  6.176E-04 
    16   2.883E-03  2.859E-03  2.976E-03  2.620E-03  2.004E-03  1.357E-03  5.934E-04 
    15   2.805E-03  2.783E-03  2.870E-03  2.504E-03  1.904E-03  1.285E-03  5.608E-04 
    14   2.761E-03  2.770E-03  2.772E-03  2.364E-03  1.779E-03  1.196E-03  5.205E-04 
    13   2.782E-03  2.903E-03  2.688E-03  2.199E-03  1.632E-03  1.091E-03  4.736E-04 
    12   2.819E-03  2.862E-03  2.523E-03  2.001E-03  1.466E-03  9.745E-04  4.223E-04 
    11   2.965E-03  2.736E-03  2.289E-03  1.776E-03  1.288E-03  8.526E-04  3.688E-04 
    10   2.902E-03  2.498E-03  2.013E-03  1.537E-03  1.107E-03  7.305E-04  3.157E-04 
     9   2.634E-03  2.178E-03  1.719E-03  1.298E-03  9.304E-04  6.132E-04  2.649E-04 
     8   2.263E-03  1.830E-03  1.427E-03  1.071E-03  7.662E-04  5.048E-04  2.181E-04 
     7   1.868E-03  1.492E-03  1.155E-03  8.650E-04  6.183E-04  4.076E-04  1.762E-04 
     6   1.492E-03  1.184E-03  9.137E-04  6.835E-04  4.888E-04  3.226E-04  1.396E-04 
     5   1.156E-03  9.138E-04  7.048E-04  5.275E-04  3.778E-04  2.497E-04  1.082E-04 
     4   8.652E-04  6.836E-04  5.276E-04  3.954E-04  2.837E-04  1.878E-04  8.151E-05 
     3   6.185E-04  4.889E-04  3.779E-04  2.837E-04  2.039E-04  1.352E-04  5.877E-05 
     2   4.077E-04  3.227E-04  2.497E-04  1.878E-04  1.353E-04  8.982E-05  3.908E-05 
     1   1.763E-04  1.397E-04  1.082E-04  8.152E-05  5.877E-05  3.908E-05  1.702E-05 

    Group :   4
            1          2          3          4          5          6          7          8          9         10         11         12
    19   6.377E-03  6.344E-03  6.299E-03  6.314E-03  6.608E-03  7.088E-03  6.637E-03  5.060E-03  3.240E-03  1.377E-03  1.005E-03  1.547E-03 
    18   6.351E-03  6.329E-03  6.280E-03  6.220E-03  6.221E-03  6.207E-03  5.696E-03  4.601E-03  3.324E-03  2.148E-03  1.694E-03  1.765E-03 
    17   6.315E-03  6.345E-03  6.341E-03  6.203E-03  5.920E-03  5.518E-03  4.924E-03  4.103E-03  3.167E-03  2.330E-03  1.948E-03  1.891E-03 
    16   6.267E-03  6.470E-03  6.723E-03  6.546E-03  5.896E-03  5.180E-03  4.448E-03  3.549E-03  2.549E-03  1.921E-03  1.813E-03  1.869E-03 
    15   6.124E-03  6.596E-03  7.315E-03  7.132E-03  5.974E-03  4.903E-03  4.037E-03  2.926E-03  1.388E-03  1.044E-03  1.528E-03  1.803E-03 
    14   5.742E-03  6.229E-03  6.976E-03  6.776E-03  5.561E-03  4.471E-03  3.626E-03  2.576E-03  1.199E-03  9.543E-04  1.486E-03  1.815E-03 
    13   5.077E-03  5.308E-03  5.585E-03  5.320E-03  4.513E-03  3.758E-03  3.113E-03  2.389E-03  1.759E-03  1.560E-03  1.709E-03  1.951E-03 
    12   4.179E-03  4.262E-03  4.227E-03  3.823E-03  3.126E-03  2.662E-03  2.411E-03  2.179E-03  1.965E-03  1.876E-03  1.953E-03  2.216E-03 
    11   2.944E-03  3.171E-03  3.170E-03  2.618E-03  1.430E-03  1.219E-03  1.769E-03  1.968E-03  1.988E-03  2.042E-03  2.251E-03  2.725E-03 
    10   1.324E-03  2.103E-03  2.321E-03  1.934E-03  1.051E-03  9.576E-04  1.563E-03  1.878E-03  2.043E-03  2.286E-03  2.774E-03  3.549E-03 
     9   9.995E-04  1.684E-03  1.945E-03  1.816E-03  1.531E-03  1.489E-03  1.711E-03  1.955E-03  2.252E-03  2.774E-03  3.590E-03  4.071E-03 
     8   1.547E-03  1.764E-03  1.891E-03  1.871E-03  1.805E-03  1.818E-03  1.952E-03  2.218E-03  2.726E-03  3.550E-03  4.072E-03  4.134E-03 
     7   1.969E-03  2.015E-03  2.046E-03  2.038E-03  2.036E-03  2.134E-03  2.389E-03  2.770E-03  3.482E-03  3.979E-03  4.076E-03  3.860E-03 
     6   2.579E-03  2.579E-03  2.566E-03  2.541E-03  2.547E-03  2.722E-03  3.244E-03  3.593E-03  3.863E-03  3.921E-03  3.739E-03  3.390E-03 
     5   3.660E-03  3.638E-03  3.592E-03  3.530E-03  3.486E-03  3.538E-03  3.712E-03  3.777E-03  3.705E-03  3.512E-03  3.207E-03  2.826E-03 
     4   3.992E-03  3.959E-03  3.895E-03  3.804E-03  3.704E-03  3.613E-03  3.524E-03  3.388E-03  3.181E-03  2.909E-03  2.588E-03  2.239E-03 
     3   3.506E-03  3.473E-03  3.408E-03  3.314E-03  3.195E-03  3.058E-03  2.900E-03  2.710E-03  2.483E-03  2.227E-03  1.951E-03  1.669E-03 
     2   2.598E-03  2.571E-03  2.519E-03  2.441E-03  2.340E-03  2.218E-03  2.075E-03  1.911E-03  1.729E-03  1.533E-03  1.331E-03  1.131E-03 
     1   1.217E-03  1.204E-03  1.178E-03  1.139E-03  1.088E-03  1.026E-03  9.535E-04  8.719E-04  7.831E-04  6.901E-04  5.962E-04  5.047E-04 

            13         14         15         16         17         18         19
    19   1.968E-03  2.576E-03  3.656E-03  3.986E-03  3.501E-03  2.594E-03  1.215E-03 
    18   2.014E-03  2.576E-03  3.634E-03  3.954E-03  3.469E-03  2.568E-03  1.202E-03 
    17   2.044E-03  2.563E-03  3.588E-03  3.890E-03  3.404E-03  2.515E-03  1.177E-03 
    16   2.036E-03  2.538E-03  3.526E-03  3.800E-03  3.310E-03  2.438E-03  1.138E-03 
    15   2.034E-03  2.545E-03  3.482E-03  3.699E-03  3.192E-03  2.337E-03  1.087E-03 
    14   2.131E-03  2.719E-03  3.534E-03  3.610E-03  3.055E-03  2.215E-03  1.025E-03 
    13   2.387E-03  3.241E-03  3.709E-03  3.521E-03  2.897E-03  2.073E-03  9.526E-04 
    12   2.768E-03  3.590E-03  3.774E-03  3.385E-03  2.708E-03  1.910E-03  8.711E-04 
    11   3.480E-03  3.861E-03  3.703E-03  3.178E-03  2.482E-03  1.728E-03  7.825E-04 
    10   3.977E-03  3.919E-03  3.510E-03  2.907E-03  2.225E-03  1.532E-03  6.897E-04 
     9   4.075E-03  3.738E-03  3.206E-03  2.587E-03  1.950E-03  1.330E-03  5.959E-04 
     8   3.860E-03  3.389E-03  2.826E-03  2.239E-03  1.668E-03  1.131E-03  5.045E-04 
     7   3.452E-03  2.946E-03  2.410E-03  1.885E-03  1.394E-03  9.400E-04  4.183E-04 
     6   2.946E-03  2.467E-03  1.992E-03  1.545E-03  1.136E-03  7.638E-04  3.393E-04 
     5   2.410E-03  1.992E-03  1.594E-03  1.230E-03  9.010E-04  6.046E-04  2.683E-04 
     4   1.886E-03  1.545E-03  1.230E-03  9.452E-04  6.910E-04  4.632E-04  2.054E-04 
     3   1.394E-03  1.136E-03  9.011E-04  6.911E-04  5.046E-04  3.380E-04  1.499E-04 
     2   9.403E-04  7.639E-04  6.047E-04  4.632E-04  3.381E-04  2.264E-04  1.004E-04 
     1   4.185E-04  3.394E-04  2.683E-04  2.054E-04  1.499E-04  1.004E-04  4.452E-05 


 Total Time :    7.42187500     Seconds
