    0.000    5.400   10.800   16.200   21.600   27.000   32.400   37.800   43.200   48.600   54.000   59.400   64.800   70.200   75.600   81.000   86.400   91.800   97.200   105.3
      5.400     3.401   3.359   3.274   3.151   2.992   0.000   0.000   2.418   2.077   0.000   0.000   2.052   1.928   1.702   0.160   0.092   0.053   0.030   0.020
     10.800     3.359   3.317   3.235   3.117   2.969   2.805   2.618   2.381   2.106   2.543   2.288   2.128   1.941   1.698   0.159   0.091   0.053   0.030   0.020
     16.200     3.276   3.234   3.156   3.047   2.909   2.741   2.543   2.314   2.077   2.586   2.359   2.158   1.936   1.678   0.156   0.089   0.051   0.029   0.019
     21.600     3.157   3.114   3.037   2.942   2.817   2.650   2.444   2.197   1.938   2.429   2.277   2.112   1.893   1.634   0.151   0.086   0.049   0.028   0.018
     27.000     3.011   2.972   0.000   0.000   2.708   2.534   2.324   2.047   0.000   0.000   2.118   2.020   1.819   1.565   0.141   0.080   0.046   0.026   0.017
     32.400     2.838   2.814   0.000   0.000   2.563   2.392   2.202   1.948   0.000   0.000   2.024   1.927   1.728   1.476   0.124   0.071   0.041   0.023   0.015
     37.800     2.632   2.614   2.576   2.488   2.348   2.208   2.070   2.623   2.342   2.135   2.003   1.841   1.627   0.166   0.101   0.059   0.035   0.020   0.013
     43.200     2.381   2.371   2.323   2.212   2.058   1.953   2.625   2.507   2.331   2.139   1.946   1.737   1.503   0.132   0.079   0.048   0.029   0.017   0.011
     48.600     2.067   2.103   2.080   1.944   0.000   0.000   2.344   2.332   2.209   2.032   1.826   1.603   0.157   0.099   0.061   0.038   0.023   0.014   0.009
     54.000     0.000   2.544   2.590   2.433   0.000   0.000   2.137   2.140   2.032   1.863   1.661   0.169   0.111   0.072   0.046   0.029   0.018   0.011   0.007
     59.400     0.000   2.291   2.362   2.280   2.121   2.026   2.005   1.947   1.827   1.662   0.172   0.116   0.078   0.051   0.034   0.022   0.014   0.009   0.006
     64.800     2.055   2.131   2.161   2.115   2.023   1.929   1.842   1.738   1.604   0.169   0.117   0.079   0.054   0.037   0.025   0.016   0.011   0.007   0.005
     70.200     1.930   1.944   1.938   1.895   1.821   1.730   1.628   1.504   0.157   0.111   0.078   0.054   0.038   0.026   0.018   0.012   0.008   0.005   0.004
     75.600     1.705   1.700   1.680   1.636   1.567   1.477   0.166   0.132   0.099   0.072   0.051   0.037   0.026   0.018   0.013   0.009   0.006   0.004   0.003
     81.000     0.160   0.159   0.156   0.151   0.141   0.124   0.101   0.080   0.061   0.046   0.034   0.025   0.018   0.013   0.009   0.006   0.004   0.003   0.002
     86.400     0.092   0.092   0.090   0.086   0.080   0.071   0.059   0.048   0.038   0.029   0.022   0.017   0.012   0.009   0.006   0.005   0.003   0.002   0.001
     91.800     0.054   0.053   0.052   0.049   0.046   0.041   0.035   0.029   0.023   0.018   0.014   0.011   0.008   0.006   0.004   0.003   0.002   0.001   0.001
     97.200     0.030   0.030   0.029   0.028   0.026   0.023   0.020   0.017   0.014   0.011   0.009   0.007   0.005   0.004   0.003   0.002   0.001   0.001   0.001
    105.300     0.020   0.020   0.019   0.018   0.017   0.015   0.013   0.011   0.009   0.007   0.006   0.005   0.004   0.003   0.002   0.001   0.001   0.001   0.000    
