                                                                                
      /\               /\                                                       
     //\\             //\\                                                      
    //**\\           //**\\                                                     
   //****\\         //****\\                                                    
  //******\\       //******\\   ____                   _   _           _        
  ---------   /*\   ---------  / __ \                 | \ | |         | |       
             (***)            | |  | |_ __   ___ _ __ |  \| | ___   __| | ___   
              \*/             | |  | | "_ \ / _ \ "_ \| . ` |/ _"\ / _" |/ _ \  
                              | |__| | |_) |  __/ | | | |\  | |_) | (_| |  __/  
              //\\             \____/| .__/ \___)_| |_|_| \_|\___/ \___/ \___|  
             //**\\                  | |                                        
            //****\\                 |_|                                        
           //******\\                                                           
           ----------                                                           
                                                                                
 ____________________________________________________________
          | The OpenNode, Nodal Methods for Neutron Diffusion
 Version  | Version Number: 1.1                              
 Copyright| 2021 Radiation & Nuclear System Laboratory       
          | University Abdelmalk Essaadi                     
          | Faculty of Sciences, Tetouan, Morocco            
 Source   | FORTRAN90 version                                
 GUI      | PyQt5                                            
 Method   | The Nodal Expansion Method (NEM)                 
 Dimension| Three Dimensions (3D)                            
 Geometry | Cartesian                                        
 ____________________________________________________________
                        =====================
   Calculation Mode :    Forward Calculation 
   ----------------     =====================

            --------------------------------------------
            >>>> Writing Macroscopic Cross Sections <<<<
            --------------------------------------------
     Material  1
    Group   Transport    Diffusion  Absorption    Removal      Nu*Fiss      Kap*Fis    Fiss. Spctr
       1     0.133768    2.491869    0.003654    0.067929     0.008228     0.008228     0.745248
       2     0.318911    1.045224    0.002124    0.066508     0.000536     0.000536     0.254328
       3     0.492072    0.677407    0.019908    0.070757     0.007058     0.007058     0.000424
       4     0.888436    0.375191    0.067990    0.069235     0.083930     0.083930     0.000000
         --Scattering Matrix--
           G/G'          1          2          3          4
            1        0.000000    0.063789    0.000486    0.000000
            2        0.000000    0.000000    0.064381    0.000003
            3        0.000000    0.000000    0.000000    0.050849
            4        0.000000    0.000000    0.001245    0.000000
     Material  2
    Group   Transport    Diffusion  Absorption    Removal      Nu*Fiss      Kap*Fis    Fiss. Spctr
       1     0.133726    2.492653    0.003685    0.067275     0.008295     0.008295     0.745248
       2     0.317507    1.049844    0.002215    0.065296     0.000713     0.000713     0.254328
       3     0.492652    0.676610    0.022012    0.070432     0.009230     0.009230     0.000424
       4     0.878393    0.379481    0.085052    0.086595     0.108244     0.108244     0.000000
         --Scattering Matrix--
           G/G'          1          2          3          4
            1        0.000000    0.063112    0.000478    0.000000
            2        0.000000    0.000000    0.063078    0.000003
            3        0.000000    0.000000    0.000000    0.048420
            4        0.000000    0.000000    0.001543    0.000000
     Material  3
    Group   Transport    Diffusion  Absorption    Removal      Nu*Fiss      Kap*Fis    Fiss. Spctr
       1     0.133763    2.491978    0.003684    0.066922     0.008285     0.008285     0.745248
       2     0.316884    1.051910    0.002221    0.064628     0.000713     0.000713     0.254328
       3     0.492307    0.677084    0.022403    0.069952     0.009214     0.009214     0.000424
       4     0.873852    0.381453    0.088077    0.089675     0.108087     0.108087     0.000000
         --Scattering Matrix--
           G/G'          1          2          3          4
            1        0.000000    0.062765    0.000473    0.000000
            2        0.000000    0.000000    0.062404    0.000003
            3        0.000000    0.000000    0.000000    0.047549
            4        0.000000    0.000000    0.001598    0.000000
     Material  4
    Group   Transport    Diffusion  Absorption    Removal      Nu*Fiss      Kap*Fis    Fiss. Spctr
       1     0.133733    2.492535    0.003740    0.067963     0.008459     0.008459     0.745248
       2     0.318888    1.045298    0.002299    0.066632     0.000923     0.000923     0.254328
       3     0.494058    0.674684    0.022621    0.072139     0.011714     0.011714     0.000424
       4     0.890694    0.374240    0.091000    0.092630     0.133600     0.133600     0.000000
         --Scattering Matrix--
           G/G'          1          2          3          4
            1        0.000000    0.063737    0.000486    0.000000
            2        0.000000    0.000000    0.064330    0.000003
            3        0.000000    0.000000    0.000000    0.049518
            4        0.000000    0.000000    0.001630    0.000000
     Material  5
    Group   Transport    Diffusion  Absorption    Removal      Nu*Fiss      Kap*Fis    Fiss. Spctr
       1     0.133744    2.492329    0.003730    0.066940     0.008409     0.008409     0.745248
       2     0.316871    1.051953    0.002315    0.064694     0.000921     0.000921     0.254328
       3     0.493328    0.675683    0.023822    0.070681     0.011675     0.011675     0.000424
       4     0.875796    0.380606    0.100246    0.102043     0.134282     0.134282     0.000000
         --Scattering Matrix--
           G/G'          1          2          3          4
            1        0.000000    0.062737    0.000473    0.000000
            2        0.000000    0.000000    0.062376    0.000003
            3        0.000000    0.000000    0.000000    0.046859
            4        0.000000    0.000000    0.001797    0.000000
     Material  6
    Group   Transport    Diffusion  Absorption    Removal      Nu*Fiss      Kap*Fis    Fiss. Spctr
       1     0.133787    2.491521    0.003730    0.066584     0.008400     0.008400     0.745248
       2     0.316247    1.054029    0.002321    0.064020     0.000921     0.000921     0.254328
       3     0.492953    0.676197    0.024196    0.070201     0.011651     0.011651     0.000424
       4     0.871610    0.382434    0.103283    0.105135     0.133974     0.133974     0.000000
         --Scattering Matrix--
           G/G'          1          2          3          4
            1        0.000000    0.062386    0.000468    0.000000
            2        0.000000    0.000000    0.061696    0.000003
            3        0.000000    0.000000    0.000000    0.046005
            4        0.000000    0.000000    0.001852    0.000000
     Material  7
    Group   Transport    Diffusion  Absorption    Removal      Nu*Fiss      Kap*Fis    Fiss. Spctr
       1     0.157252    2.119737    0.000466    0.042840     0.000000     0.000000     0.745248
       2     0.340102    0.980098    0.000263    0.044852     0.000000     0.000000     0.254328
       3     0.627349    0.531336    0.004282    0.056528     0.000000     0.000000     0.000424
       4     0.315051    1.058029    0.116918    0.117896     0.000000     0.000000     0.000000
         --Scattering Matrix--
           G/G'          1          2          3          4
            1        0.000000    0.042052    0.000322    0.000000
            2        0.000000    0.000000    0.044589    0.000000
            3        0.000000    0.000000    0.000000    0.052246
            4        0.000000    0.000000    0.000978    0.000000

            -------------------------------
            >>>>>Wrting Core Geometry<<<<<
            -------------------------------
  Number of Assembly in x, y and z Directions Respectively :
           9           9           1
  Number of Nodes in x, y and z Directions Respectively :
          51          51           1

  x-Directed Nodes Divison (Delta-x)
     3.60   3.60   3.60   3.60   3.60   3.60   3.60   3.60   3.60   3.60
     3.60   3.60   3.60   3.60   3.60   3.60   3.60   3.60   3.60   3.60
     3.60   3.60   3.60   3.60   3.60   3.60   3.60   3.60   3.60   3.60
     3.60   3.60   3.60   3.60   3.60   3.60   3.60   3.60   3.60   3.60
     3.60   3.60   3.60   3.60   3.60   3.60   3.60   3.60   3.60   3.60
     3.60
  y-Directed Nodes Divison (Delta-y)
     3.60   3.60   3.60   3.60   3.60   3.60   3.60   3.60   3.60   3.60
     3.60   3.60   3.60   3.60   3.60   3.60   3.60   3.60   3.60   3.60
     3.60   3.60   3.60   3.60   3.60   3.60   3.60   3.60   3.60   3.60
     3.60   3.60   3.60   3.60   3.60   3.60   3.60   3.60   3.60   3.60
     3.60   3.60   3.60   3.60   3.60   3.60   3.60   3.60   3.60   3.60
     3.60
  Planar Region :  1
        1  2  3  4  5  6  7  8  9 10 11 12 13 14 15 16 17 18 19 20 21 22 23 24 25 26 27 28 29 30 31 32 33 34 35 36
    51  1  1  1  3  3  3  3  3  3  1  1  1  1  1  1  3  3  3  3  3  3  1  1  1  1  1  1  2  2  2  2  2  2  1  1  1 
    50  1  1  1  3  3  3  3  3  3  1  1  1  1  1  1  3  3  3  3  3  3  1  1  1  1  1  1  2  2  2  2  2  2  1  1  1 
    49  1  1  1  3  3  3  3  3  3  1  1  1  1  1  1  3  3  3  3  3  3  1  1  1  1  1  1  2  2  2  2  2  2  1  1  1 
    48  3  3  3  1  1  1  1  1  1  3  3  3  3  3  3  1  1  1  1  1  1  2  2  2  2  2  2  1  1  1  1  1  1  6  6  6 
    47  3  3  3  1  1  1  1  1  1  3  3  3  3  3  3  1  1  1  1  1  1  2  2  2  2  2  2  1  1  1  1  1  1  6  6  6 
    46  3  3  3  1  1  1  1  1  1  3  3  3  3  3  3  1  1  1  1  1  1  2  2  2  2  2  2  1  1  1  1  1  1  6  6  6 
    45  3  3  3  1  1  1  1  1  1  3  3  3  3  3  3  1  1  1  1  1  1  2  2  2  2  2  2  1  1  1  1  1  1  6  6  6 
    44  3  3  3  1  1  1  1  1  1  3  3  3  3  3  3  1  1  1  1  1  1  2  2  2  2  2  2  1  1  1  1  1  1  6  6  6 
    43  3  3  3  1  1  1  1  1  1  3  3  3  3  3  3  1  1  1  1  1  1  2  2  2  2  2  2  1  1  1  1  1  1  6  6  6 
    42  1  1  1  3  3  3  3  3  3  1  1  1  1  1  1  2  2  2  2  2  2  1  1  1  1  1  1  3  3  3  3  3  3  4  4  4 
    41  1  1  1  3  3  3  3  3  3  1  1  1  1  1  1  2  2  2  2  2  2  1  1  1  1  1  1  3  3  3  3  3  3  4  4  4 
    40  1  1  1  3  3  3  3  3  3  1  1  1  1  1  1  2  2  2  2  2  2  1  1  1  1  1  1  3  3  3  3  3  3  4  4  4 
    39  1  1  1  3  3  3  3  3  3  1  1  1  1  1  1  2  2  2  2  2  2  1  1  1  1  1  1  3  3  3  3  3  3  4  4  4 
    38  1  1  1  3  3  3  3  3  3  1  1  1  1  1  1  2  2  2  2  2  2  1  1  1  1  1  1  3  3  3  3  3  3  4  4  4 
    37  1  1  1  3  3  3  3  3  3  1  1  1  1  1  1  2  2  2  2  2  2  1  1  1  1  1  1  3  3  3  3  3  3  4  4  4 
    36  3  3  3  1  1  1  1  1  1  2  2  2  2  2  2  1  1  1  1  1  1  3  3  3  3  3  3  5  5  5  5  5  5  4  4  4 
    35  3  3  3  1  1  1  1  1  1  2  2  2  2  2  2  1  1  1  1  1  1  3  3  3  3  3  3  5  5  5  5  5  5  4  4  4 
    34  3  3  3  1  1  1  1  1  1  2  2  2  2  2  2  1  1  1  1  1  1  3  3  3  3  3  3  5  5  5  5  5  5  4  4  4 
    33  3  3  3  1  1  1  1  1  1  2  2  2  2  2  2  1  1  1  1  1  1  3  3  3  3  3  3  5  5  5  5  5  5  4  4  4 
    32  3  3  3  1  1  1  1  1  1  2  2  2  2  2  2  1  1  1  1  1  1  3  3  3  3  3  3  5  5  5  5  5  5  4  4  4 
    31  3  3  3  1  1  1  1  1  1  2  2  2  2  2  2  1  1  1  1  1  1  3  3  3  3  3  3  5  5  5  5  5  5  4  4  4 
    30  1  1  1  2  2  2  2  2  2  1  1  1  1  1  1  3  3  3  3  3  3  1  1  1  1  1  1  4  4  4  4  4  4  7  7  7 
    29  1  1  1  2  2  2  2  2  2  1  1  1  1  1  1  3  3  3  3  3  3  1  1  1  1  1  1  4  4  4  4  4  4  7  7  7 
    28  1  1  1  2  2  2  2  2  2  1  1  1  1  1  1  3  3  3  3  3  3  1  1  1  1  1  1  4  4  4  4  4  4  7  7  7 
    27  1  1  1  2  2  2  2  2  2  1  1  1  1  1  1  3  3  3  3  3  3  1  1  1  1  1  1  4  4  4  4  4  4  7  7  7 
    26  1  1  1  2  2  2  2  2  2  1  1  1  1  1  1  3  3  3  3  3  3  1  1  1  1  1  1  4  4  4  4  4  4  7  7  7 
    25  1  1  1  2  2  2  2  2  2  1  1  1  1  1  1  3  3  3  3  3  3  1  1  1  1  1  1  4  4  4  4  4  4  7  7  7 
    24  2  2  2  1  1  1  1  1  1  3  3  3  3  3  3  5  5  5  5  5  5  4  4  4  4  4  4  7  7  7  7  7  7  7  7  7 
    23  2  2  2  1  1  1  1  1  1  3  3  3  3  3  3  5  5  5  5  5  5  4  4  4  4  4  4  7  7  7  7  7  7  7  7  7 
    22  2  2  2  1  1  1  1  1  1  3  3  3  3  3  3  5  5  5  5  5  5  4  4  4  4  4  4  7  7  7  7  7  7  7  7  7 
    21  2  2  2  1  1  1  1  1  1  3  3  3  3  3  3  5  5  5  5  5  5  4  4  4  4  4  4  7  7  7  7  7  7  7  7  7 
    20  2  2  2  1  1  1  1  1  1  3  3  3  3  3  3  5  5  5  5  5  5  4  4  4  4  4  4  7  7  7  7  7  7  7  7  7 
    19  2  2  2  1  1  1  1  1  1  3  3  3  3  3  3  5  5  5  5  5  5  4  4  4  4  4  4  7  7  7  7  7  7  7  7  7 
    18  1  1  1  6  6  6  6  6  6  4  4  4  4  4  4  4  4  4  4  4  4  7  7  7  7  7  7  7  7  7  7  7  7          
    17  1  1  1  6  6  6  6  6  6  4  4  4  4  4  4  4  4  4  4  4  4  7  7  7  7  7  7  7  7  7  7  7  7          
    16  1  1  1  6  6  6  6  6  6  4  4  4  4  4  4  4  4  4  4  4  4  7  7  7  7  7  7  7  7  7  7  7  7          
    15  1  1  1  6  6  6  6  6  6  4  4  4  4  4  4  4  4  4  4  4  4  7  7  7  7  7  7  7  7  7  7  7  7          
    14  1  1  1  6  6  6  6  6  6  4  4  4  4  4  4  4  4  4  4  4  4  7  7  7  7  7  7  7  7  7  7  7  7          
    13  1  1  1  6  6  6  6  6  6  4  4  4  4  4  4  4  4  4  4  4  4  7  7  7  7  7  7  7  7  7  7  7  7          
    12  4  4  4  4  4  4  4  4  4  7  7  7  7  7  7  7  7  7  7  7  7  7  7  7  7  7  7                            
    11  4  4  4  4  4  4  4  4  4  7  7  7  7  7  7  7  7  7  7  7  7  7  7  7  7  7  7                            
    10  4  4  4  4  4  4  4  4  4  7  7  7  7  7  7  7  7  7  7  7  7  7  7  7  7  7  7                            
     9  4  4  4  4  4  4  4  4  4  7  7  7  7  7  7  7  7  7  7  7  7  7  7  7  7  7  7                            
     8  4  4  4  4  4  4  4  4  4  7  7  7  7  7  7  7  7  7  7  7  7  7  7  7  7  7  7                            
     7  4  4  4  4  4  4  4  4  4  7  7  7  7  7  7  7  7  7  7  7  7  7  7  7  7  7  7                            
     6  7  7  7  7  7  7  7  7  7  7  7  7  7  7  7                                                                
     5  7  7  7  7  7  7  7  7  7  7  7  7  7  7  7                                                                
     4  7  7  7  7  7  7  7  7  7  7  7  7  7  7  7                                                                
     3  7  7  7  7  7  7  7  7  7  7  7  7  7  7  7                                                                
     2  7  7  7  7  7  7  7  7  7  7  7  7  7  7  7                                                                
     1  7  7  7  7  7  7  7  7  7  7  7  7  7  7  7                                                                
       37 38 39 40 41 42 43 44 45 46 47 48 49 50 51
    51  1  1  1  4  4  4  4  4  4  7  7  7  7  7  7 
    50  1  1  1  4  4  4  4  4  4  7  7  7  7  7  7 
    49  1  1  1  4  4  4  4  4  4  7  7  7  7  7  7 
    48  6  6  6  4  4  4  4  4  4  7  7  7  7  7  7 
    47  6  6  6  4  4  4  4  4  4  7  7  7  7  7  7 
    46  6  6  6  4  4  4  4  4  4  7  7  7  7  7  7 
    45  6  6  6  4  4  4  4  4  4  7  7  7  7  7  7 
    44  6  6  6  4  4  4  4  4  4  7  7  7  7  7  7 
    43  6  6  6  4  4  4  4  4  4  7  7  7  7  7  7 
    42  4  4  4  7  7  7  7  7  7  7  7  7  7  7  7 
    41  4  4  4  7  7  7  7  7  7  7  7  7  7  7  7 
    40  4  4  4  7  7  7  7  7  7  7  7  7  7  7  7 
    39  4  4  4  7  7  7  7  7  7  7  7  7  7  7  7 
    38  4  4  4  7  7  7  7  7  7  7  7  7  7  7  7 
    37  4  4  4  7  7  7  7  7  7  7  7  7  7  7  7 
    36  4  4  4  7  7  7  7  7  7                   
    35  4  4  4  7  7  7  7  7  7                   
    34  4  4  4  7  7  7  7  7  7                   
    33  4  4  4  7  7  7  7  7  7                   
    32  4  4  4  7  7  7  7  7  7                   
    31  4  4  4  7  7  7  7  7  7                   
    30  7  7  7  7  7  7  7  7  7                   
    29  7  7  7  7  7  7  7  7  7                   
    28  7  7  7  7  7  7  7  7  7                   
    27  7  7  7  7  7  7  7  7  7                   
    26  7  7  7  7  7  7  7  7  7                   
    25  7  7  7  7  7  7  7  7  7                   
    24  7  7  7                                     
    23  7  7  7                                     
    22  7  7  7                                     
    21  7  7  7                                     
    20  7  7  7                                     
    19  7  7  7                                     
    18                                              
    17                                              
    16                                              
    15                                              
    14                                              
    13                                              
    12                                              
    11                                              
    10                                              
     9                                              
     8                                              
     7                                              
     6                                              
     5                                              
     4                                              
     3                                              
     2                                              
     1                                              

  Planar Region Assignment to Planes.
 -------------------------------------
   Plane Number     Planar Region    Delta-z
        1 (Top)            1          10.80

   Boundary Conditions
   -------------------
  X-Directed West   : Reflective
  X-Directed East   : Zero Incoming Current
  Y-Directed North  : Reflective
  Y-Directed South  : Zero Incoming Current
  Z-Directed Bottom : Reflective
  Z-Directed Top    : Reflective

  ...Core Geometry is Sucessfully Read...
     ---------------------------------


  ================================================================================================
                                        Calculation Results
  ================================================================================================

   Iteration    Keff     FissSrc Error   Inner Error
  ----------------------------------------------------
       1       2.814950    6.91836E-01    9.02171E-01
       2       2.215399    3.83637E-01    1.77307E+00
       3       1.820250    3.09590E-01    1.30322E+00
       4       1.543194    2.87318E-01    1.08453E+00
     ...Fission Source Extrapolated...
       5       0.888348    2.62733E+00    9.41050E-01
       6       1.216809    5.48186E-01    8.11555E-01
       7       1.130931    2.25888E-01    6.54782E-01
       8       1.076805    1.87275E-01    5.87216E-01
       9       1.043908    1.49321E-01    5.37446E-01
     ...Fission Source Extrapolated...
      10       0.997106    3.38902E-01    4.71446E-01
      11       1.013756    8.04146E-02    3.92042E-01
      12       1.007980    7.21141E-02    3.16385E-01
      13       1.005032    5.56788E-02    2.41184E-01
      14       1.003661    4.38570E-02    1.80507E-01
     ...Fission Source Extrapolated...
      15       0.990749    5.44544E+00    1.33471E-01
      16       1.002994    8.21025E-01    4.88281E-01
      17       1.004096    4.63466E-02    2.52225E-01
      18       1.005038    2.50615E-02    1.84518E-01
      19       1.005632    1.56656E-02    1.49879E-01
     ...Fission Source Extrapolated...
      20       1.006747    4.15171E-02    8.34811E-02
      21       1.005976    1.98889E-02    5.30373E-02
      22       1.006056    7.35743E-03    3.11660E-02
      23       1.006131    6.31231E-03    2.13375E-02
      24       1.006197    5.63385E-03    1.49821E-02
     ...Fission Source Extrapolated...
      25       1.007142    9.21232E-02    1.10061E-02
      26       1.006087    6.67384E-02    4.59620E-02
      27       1.006244    8.75285E-03    3.31745E-02
      28       1.006439    6.67315E-03    2.53471E-02
      29       1.006589    5.30500E-03    1.81976E-02
     ...Fission Source Extrapolated...
      30       1.007193    2.83035E-02    1.32356E-02
      31       1.006691    1.69810E-02    1.43321E-02
      32       1.006763    4.60198E-03    1.08957E-02
      33       1.006838    3.91151E-03    8.81870E-03
      34       1.006899    3.45160E-03    6.86583E-03
     ...Fission Source Extrapolated...
      35       1.007517    4.43986E-02    5.77686E-03
      36       1.006868    3.24001E-02    2.25726E-02
      37       1.006947    4.74456E-03    1.64956E-02
      38       1.007043    3.71422E-03    1.27660E-02
      39       1.007118    3.04052E-03    9.31483E-03
     ...Fission Source Extrapolated...
      40       1.007493    2.03492E-02    6.88402E-03
      41       1.007150    1.32217E-02    1.03887E-02
      42       1.007193    2.97826E-03    7.83374E-03
      43       1.007242    2.50083E-03    6.27455E-03
      44       1.007282    2.18354E-03    4.79754E-03
     ...Fission Source Extrapolated...
      45       1.007632    2.49592E-02    3.87413E-03
      46       1.007261    1.81581E-02    1.28517E-02
      47       1.007304    2.85016E-03    9.46024E-03
      48       1.007359    2.27556E-03    7.39234E-03
      49       1.007402    1.89742E-03    5.43443E-03
     ...Fission Source Extrapolated...
      50       1.007647    1.43878E-02    4.04172E-03
      51       1.007409    9.70181E-03    7.39819E-03
      52       1.007437    1.99680E-03    5.56768E-03
      53       1.007471    1.66680E-03    4.44992E-03
      54       1.007498    1.44782E-03    3.36611E-03
     ...Fission Source Extrapolated...
      55       1.007719    1.55386E-02    2.69710E-03
      56       1.007481    1.12625E-02    8.04831E-03
      57       1.007508    1.83640E-03    5.96123E-03
      58       1.007543    1.48423E-03    4.69830E-03
      59       1.007571    1.25184E-03    3.46270E-03
     ...Fission Source Extrapolated...
      60       1.007738    1.02422E-02    2.63271E-03
      61       1.007568    7.05159E-03    5.29238E-03
      62       1.007587    1.38207E-03    3.98331E-03
      63       1.007611    1.14530E-03    3.19013E-03
      64       1.007631    9.92817E-04    2.39406E-03
     ...Fission Source Extrapolated...
      65       1.007780    1.02997E-02    1.93857E-03
      66       1.007616    7.44585E-03    5.38063E-03
      67       1.007634    1.33127E-03    3.98595E-03
      68       1.007658    1.02643E-03    3.16780E-03
      69       1.007677    8.64577E-04    2.33513E-03
     ...Fission Source Extrapolated...
      70       1.007796    7.48884E-03    1.86000E-03
      71       1.007671    5.22215E-03    4.08208E-03
      72       1.007684    1.12792E-03    2.88568E-03
      73       1.007702    9.13296E-04    2.40596E-03
      74       1.007716    7.85436E-04    1.77483E-03
     ...Fission Source Extrapolated...
      75       1.007822    8.08849E-03    1.47819E-03
      76       1.007704    5.68281E-03    4.44772E-03
      77       1.007716    1.16088E-03    3.00368E-03
      78       1.007734    9.30580E-04    2.41517E-03
      79       1.007747    7.90171E-04    1.72853E-03
     ...Fission Source Extrapolated...
      80       1.007835    7.11023E-03    1.42294E-03
      81       1.007740    4.85225E-03    3.93822E-03
      82       1.007750    1.06808E-03    2.34332E-03
      83       1.007763    8.74968E-04    1.96649E-03
      84       1.007774    7.52406E-04    1.43496E-03
     ...Fission Source Extrapolated...
      85       1.007852    7.60398E-03    1.18674E-03
      86       1.007764    5.33059E-03    4.18298E-03
      87       1.007773    1.07089E-03    2.55807E-03
      88       1.007786    8.64392E-04    1.93522E-03
      89       1.007796    7.31174E-04    1.39126E-03
     ...Fission Source Extrapolated...
      90       1.007862    6.70480E-03    1.14292E-03
      91       1.007788    4.60237E-03    3.70752E-03
      92       1.007796    9.79581E-04    2.11069E-03
      93       1.007806    8.01506E-04    1.63827E-03
      94       1.007815    6.84627E-04    1.20362E-03
     ...Fission Source Extrapolated...
      95       1.007873    6.83383E-03    9.90304E-04
      96       1.007806    4.78144E-03    3.75966E-03
      97       1.007813    9.54937E-04    2.19818E-03
      98       1.007823    7.71683E-04    1.58973E-03
      99       1.007830    6.51371E-04    1.15546E-03
     ...Fission Source Extrapolated...
     100       1.007881    6.05389E-03    9.45743E-04
     101       1.007823    4.17045E-03    3.34330E-03
     102       1.007829    8.71369E-04    1.87910E-03
     103       1.007838    7.10062E-04    1.38152E-03
     104       1.007844    6.03877E-04    1.01917E-03
     ...Fission Source Extrapolated...
     105       1.007890    5.97875E-03    8.35195E-04
     106       1.007837    4.17643E-03    3.28911E-03
     107       1.007842    8.32847E-04    1.89700E-03
     108       1.007850    6.72470E-04    1.32726E-03
     109       1.007856    5.66932E-04    9.71213E-04
     ...Fission Source Extrapolated...
     110       1.007896    5.32160E-03    7.92698E-04
     111       1.007850    3.67430E-03    2.93596E-03
     112       1.007854    7.58184E-04    1.65959E-03
     113       1.007861    6.16125E-04    1.17418E-03
     114       1.007866    5.22455E-04    8.68182E-04
     ...Fission Source Extrapolated...
     115       1.007902    5.14105E-03    7.09277E-04
     116       1.007860    3.58595E-03    2.82813E-03
     117       1.007864    7.15010E-04    1.63837E-03
     118       1.007870    5.77116E-04    1.11898E-03
     119       1.007875    4.86238E-04    8.22249E-04
     ...Fission Source Extrapolated...
     120       1.007907    4.59924E-03    6.69689E-04
     121       1.007870    3.18028E-03    2.53543E-03
     122       1.007874    6.50555E-04    1.45739E-03
     123       1.007879    5.27642E-04    1.00282E-03
     124       1.007883    4.46519E-04    7.42281E-04
     ...Fission Source Extrapolated...
     125       1.007912    4.37563E-03    6.04991E-04
     126       1.007878    3.04846E-03    2.40686E-03
     127       1.007881    6.07929E-04    1.41591E-03
     128       1.007886    4.90591E-04    9.49665E-04
     129       1.007890    4.13189E-04    6.99606E-04
     ...Fission Source Extrapolated...
     130       1.007916    3.92963E-03    5.68868E-04
     131       1.007886    2.71967E-03    2.16501E-03
     132       1.007889    5.53098E-04    1.27347E-03
     133       1.007893    4.48013E-04    8.58512E-04
     134       1.007897    3.78620E-04    6.35781E-04
     ...Fission Source Extrapolated...
     135       1.007920    3.69836E-03    5.17263E-04
     136       1.007892    2.57392E-03    2.03419E-03
     137       1.007895    5.13617E-04    1.22302E-03
     138       1.007899    4.14469E-04    8.09030E-04
     139       1.007902    3.49028E-04    5.96930E-04
     ...Fission Source Extrapolated...
     140       1.007923    3.33345E-03    4.84782E-04
     141       1.007898    2.30837E-03    1.83570E-03
     142       1.007901    4.67524E-04    1.10918E-03
     143       1.007904    3.78347E-04    7.36150E-04
     144       1.007907    3.19443E-04    5.45203E-04
     ...Fission Source Extrapolated...
     145       1.007926    3.11359E-03    4.42963E-04
     146       1.007903    2.16519E-03    1.71243E-03
     147       1.007906    4.32282E-04    1.05643E-03
     148       1.007909    3.48832E-04    6.91174E-04
     149       1.007912    2.93733E-04    5.10404E-04
     ...Fission Source Extrapolated...
     150       1.007929    2.81503E-03    4.14113E-04
     151       1.007908    1.95019E-03    1.54962E-03
     152       1.007910    3.93751E-04    9.64035E-04
     153       1.007913    3.18423E-04    6.31902E-04
     154       1.007916    2.68661E-04    4.67919E-04
     ...Fission Source Extrapolated...
     155       1.007932    2.61459E-03    3.79761E-04
     156       1.007912    1.81700E-03    1.43788E-03
     157       1.007914    3.62943E-04    9.12385E-04
     158       1.007917    2.92881E-04    5.91470E-04
     159       1.007920    2.46616E-04    4.37013E-04
     ...Fission Source Extrapolated...
     160       1.007934    2.36988E-03    3.54300E-04
     161       1.007917    1.64225E-03    1.30417E-03
     162       1.007918    3.30823E-04    8.36472E-04
     163       1.007921    2.67395E-04    5.42650E-04
     164       1.007923    2.25494E-04    4.01759E-04
     ...Fission Source Extrapolated...
     165       1.007936    2.19201E-03    3.25789E-04
     166       1.007920    1.52251E-03    1.20540E-03
     167       1.007922    3.04265E-04    7.87920E-04
     168       1.007924    2.45537E-04    5.06706E-04
     169       1.007926    2.06753E-04    3.74531E-04
     ...Fission Source Extrapolated...
     170       1.007938    1.99048E-03    3.03462E-04
     171       1.007923    1.37950E-03    1.09515E-03
     172       1.007925    2.77497E-04    7.24731E-04
     173       1.007927    2.24215E-04    4.66028E-04
     174       1.007929    1.89021E-04    3.45000E-04
     ...Fission Source Extrapolated...
     175       1.007939    1.83577E-03    2.79580E-04
     176       1.007926    1.27448E-03    1.00946E-03
     177       1.007928    2.54839E-04    6.80439E-04
     178       1.007930    2.05659E-04    4.34421E-04
     179       1.007931    1.73184E-04    3.21210E-04
     ...Fission Source Extrapolated...
     180       1.007941    1.66977E-03    2.60137E-04
     181       1.007929    1.15730E-03    9.18535E-04
     182       1.007930    2.32560E-04    6.27601E-04
     183       1.007932    1.87857E-04    4.00363E-04
     184       1.007933    1.58333E-04    2.96384E-04
     ...Fission Source Extrapolated...
     185       1.007942    1.53669E-03    2.40056E-04
     186       1.007931    1.06644E-03    8.44968E-04
     187       1.007933    2.13343E-04    5.87844E-04
     188       1.007934    1.72178E-04    3.72741E-04
     189       1.007936    1.44997E-04    2.75697E-04
     ...Fission Source Extrapolated...
     190       1.007944    1.39972E-03    2.23191E-04
     191       1.007934    9.70176E-04    7.69872E-04
     192       1.007935    1.94803E-04    5.43453E-04
     193       1.007936    1.57324E-04    3.44101E-04
     194       1.007937    1.32575E-04    2.54753E-04
     ...Fission Source Extrapolated...
     195       1.007945    1.28613E-03    2.06248E-04
     196       1.007936    8.92288E-04    7.07169E-04
     197       1.007937    1.78571E-04    5.08175E-04
     198       1.007938    1.44117E-04    3.20079E-04
     199       1.007939    1.21371E-04    2.36831E-04
     ...Fission Source Extrapolated...
     200       1.007946    1.17284E-03    1.91665E-04
     201       1.007938    8.12951E-04    6.45012E-04
     202       1.007938    1.63134E-04    4.70702E-04
     203       1.007940    1.31724E-04    2.95902E-04
     204       1.007941    1.10987E-04    2.19108E-04
     ...Fission Source Extrapolated...
     205       1.007947    1.07647E-03    1.77326E-04
     206       1.007939    7.46674E-04    5.91868E-04
     207       1.007940    1.49465E-04    4.39687E-04
     208       1.007941    1.20625E-04    2.75103E-04
     209       1.007942    1.01589E-04    2.03634E-04
     ...Fission Source Extrapolated...
     210       1.007948    9.82851E-04    1.64752E-04
     211       1.007941    6.81334E-04    5.40459E-04
     212       1.007942    1.36618E-04    4.08069E-04
     213       1.007943    1.10290E-04    2.54690E-04
     214       1.007943    9.29128E-05    1.88636E-04
     ...Fission Source Extrapolated...
     215       1.007949    9.01070E-04    1.52614E-04
     216       1.007942    6.24916E-04    4.95410E-04
     217       1.007943    1.25108E-04    3.80794E-04
     218       1.007944    1.00964E-04    2.36664E-04
     219       1.007945    8.50308E-05    1.75263E-04
     ...Fission Source Extrapolated...
     220       1.007949    8.23164E-04    1.41762E-04
     221       1.007943    5.70635E-04    4.52617E-04
     222       1.007944    1.14386E-04    3.53839E-04
     223       1.007945    9.23306E-05    2.19305E-04
     224       1.007946    7.77775E-05    1.62491E-04
     ...Fission Source Extrapolated...
     225       1.007950    7.54180E-04    1.31427E-04
     226       1.007945    5.22963E-04    4.14641E-04
     227       1.007945    1.04722E-04    3.30078E-04
     228       1.007946    8.45095E-05    2.03766E-04
     229       1.007947    7.11749E-05    1.50981E-04
     ...Fission Source Extrapolated...
     230       1.007951    6.89257E-04    1.22095E-04
     231       1.007946    4.77784E-04    3.78973E-04
     232       1.007946    9.57685E-05    3.07034E-04
     233       1.007947    7.72956E-05    1.88977E-04
     234       1.007948    6.51102E-05    1.40089E-04
     ...Fission Source Extrapolated...
     235       1.007951    6.31320E-04    1.13283E-04
     236       1.007947    4.37717E-04    3.47090E-04
     237       1.007947    8.76693E-05    2.86466E-04
     238       1.007948    7.07449E-05    1.75633E-04
     239       1.007948    5.95831E-05    1.30212E-04
     ...Fission Source Extrapolated...
     240       1.007952    5.77227E-04    1.05280E-04
     241       1.007948    4.00121E-04    3.17364E-04
     242       1.007948    8.01921E-05    2.66762E-04
     243       1.007949    6.47167E-05    1.63031E-04
     244       1.007949    5.45120E-05    1.20922E-04
     ...Fission Source Extrapolated...
     245       1.007952    5.28589E-04    9.77647E-05
     246       1.007948    3.66463E-04    2.90605E-04
     247       1.007949    7.34053E-05    2.48967E-04
     248       1.007950    5.92304E-05    1.51573E-04
     249       1.007950    4.98851E-05    1.12446E-04
     ...Fission Source Extrapolated...
     250       1.007953    4.83436E-04    9.09003E-05
     251       1.007949    3.35105E-04    2.65790E-04
     252       1.007950    6.71556E-05    2.32068E-04
     253       1.007950    5.41899E-05    1.40812E-04
     254       1.007951    4.56433E-05    1.04508E-04
     ...Fission Source Extrapolated...
     255       1.007953    4.42641E-04    8.44784E-05
     256       1.007950    3.06862E-04    2.43350E-04
     257       1.007950    6.14703E-05    2.16687E-04
     258       1.007951    4.95958E-05    1.30979E-04
     259       1.007951    4.17701E-05    9.72350E-05
     ...Fission Source Extrapolated...
     260       1.007953    4.05099E-04    7.85908E-05
     261       1.007951    2.80834E-04    2.22708E-04
     262       1.007951    5.62547E-05    2.02272E-04
     263       1.007951    4.53852E-05    1.21821E-04
     264       1.007952    3.82232E-05    9.04711E-05
     ...Fission Source Extrapolated...
     265       1.007954    3.70843E-04    7.31173E-05
     266       1.007951    2.57103E-04    2.03870E-04
     267       1.007951    5.14889E-05    1.88949E-04
     268       1.007952    4.15361E-05    1.13368E-04
     269       1.007952    3.49796E-05    8.42220E-05
     ...Fission Source Extrapolated...
     270       1.007954    3.39315E-04    6.80601E-05
     271       1.007952    2.35230E-04    1.86539E-04
     272       1.007952    4.71687E-05    1.76462E-04
     273       1.007952    3.80085E-05    1.05494E-04
     274       1.007953    3.20094E-05    7.84054E-05
     ...Fission Source Extrapolated...
     275       1.007954    3.10620E-04    6.33557E-05
     276       1.007952    2.18255E-04    1.70998E-04
     277       1.007952    4.39290E-05    1.64958E-04
     278       1.007953    3.47861E-05    9.82412E-05
     279       1.007953    2.92941E-05    7.30413E-05
     ...Fission Source Extrapolated...
     280       1.007955    2.84238E-04    5.90161E-05
     281       1.007953    2.03267E-04    1.59260E-04
     282       1.007953    4.09189E-05    1.54189E-04
     283       1.007953    3.18336E-05    9.14896E-05
     284       1.007953    2.70626E-05    6.80513E-05
     ...Fission Source Extrapolated...
     285       1.007955    2.63692E-04    5.49809E-05
     286       1.007953    1.89487E-04    1.48452E-04
     287       1.007953    3.81382E-05    1.44261E-04
     288       1.007954    2.93290E-05    8.52680E-05
     289       1.007954    2.52266E-05    6.34473E-05
     ...Fission Source Extrapolated...
     290       1.007955    2.45792E-04    5.12566E-05
     291       1.007953    1.76626E-04    1.38376E-04
     292       1.007954    3.55534E-05    1.34961E-04
     293       1.007954    2.73455E-05    7.94730E-05
     294       1.007954    2.35227E-05    5.91621E-05
     ...Fission Source Extrapolated...
     295       1.007955    2.29334E-04    4.77917E-05
     296       1.007954    1.64823E-04    1.29111E-04
     297       1.007954    3.31664E-05    1.26402E-04
     298       1.007954    2.55111E-05    7.41385E-05
     299       1.007954    2.19452E-05    5.52114E-05
     ...Fission Source Extrapolated...
     300       1.007956    2.14003E-04    4.45959E-05
     301       1.007954    1.53816E-04    1.20475E-04
     302       1.007954    3.09471E-05    1.18388E-04
     303       1.007954    2.38071E-05    6.91708E-05
     304       1.007955    2.04807E-05    5.15348E-05
     ...Fission Source Extrapolated...
     305       1.007956    1.99887E-04    4.16226E-05
     306       1.007954    1.43699E-04    1.12522E-04
     307       1.007955    2.88956E-05    1.11000E-04
     308       1.007955    2.22297E-05    6.45919E-05
     309       1.007955    1.91237E-05    4.81410E-05
     ...Fission Source Extrapolated...
     310       1.007956    1.86562E-04    3.88771E-05
     311       1.007955    1.34109E-04    1.05018E-04
     312       1.007955    2.69760E-05    1.03973E-04
     313       1.007955    2.07582E-05    6.02812E-05
     314       1.007955    1.78602E-05    4.49526E-05
     ...Fission Source Extrapolated...
     315       1.007956    1.74441E-04    3.63007E-05
     316       1.007955    1.25429E-04    9.81939E-05
     317       1.007955    2.52121E-05    9.75962E-05
     318       1.007955    1.94007E-05    5.63502E-05
     319       1.007955    1.66917E-05    4.20347E-05
     ...Fission Source Extrapolated...
     320       1.007956    1.63002E-04    3.39402E-05
     321       1.007955    1.17203E-04    9.17476E-05
     322       1.007955    2.35601E-05    9.15253E-05
     323       1.007955    1.81333E-05    5.26465E-05
     324       1.007956    1.56029E-05    3.92926E-05
     ...Fission Source Extrapolated...
     325       1.007956    1.52548E-04    3.17241E-05
     326       1.007955    1.09715E-04    8.58589E-05
     327       1.007955    2.20382E-05    8.59847E-05
     328       1.007956    1.69620E-05    4.92555E-05
     329       1.007956    1.45946E-05    3.67742E-05
     ...Fission Source Extrapolated...
     330       1.007956    1.42688E-04    2.96870E-05
     331       1.007955    1.02627E-04    8.03020E-05
     332       1.007956    2.06131E-05    8.07175E-05
     333       1.007956    1.58682E-05    4.60629E-05
     334       1.007956    1.36546E-05    3.44083E-05
     ...Fission Source Extrapolated...
     335       1.007956    1.33636E-04    2.77750E-05
     336       1.007956    9.61388E-05    7.52027E-05
     337       1.007956    1.92967E-05    7.58828E-05
     338       1.007956    1.48553E-05    4.31281E-05
     339       1.007956    1.27828E-05    3.22279E-05
     ...Fission Source Extrapolated...
     340       1.007957    1.25262E-04    2.60118E-05
     341       1.007956    9.01434E-05    7.04783E-05
     342       1.007956    1.80747E-05    7.13929E-05
     343       1.007956    1.39144E-05    4.04084E-05
     344       1.007956    1.19725E-05    3.02067E-05
     ...Fission Source Extrapolated...
     345       1.007957    1.17369E-04    2.43766E-05
     346       1.007956    8.44743E-05    6.60272E-05
     347       1.007956    1.69306E-05    6.71340E-05
     348       1.007956    1.30353E-05    3.78506E-05
     349       1.007956    1.12165E-05    2.83082E-05
     ...Fission Source Extrapolated...
     350       1.007957    1.10070E-04    2.28421E-05
     351       1.007956    7.92407E-05    6.19142E-05
     352       1.007956    1.58696E-05    6.31908E-05
     353       1.007956    1.22189E-05    3.54848E-05
     354       1.007956    1.05137E-05    2.65491E-05
     ...Fission Source Extrapolated...
     355       1.007957    1.03219E-04    2.14199E-05
     356       1.007956    7.43179E-05    5.80530E-05
     357       1.007956    1.48777E-05    5.94684E-05
     358       1.007956    1.14566E-05    3.32666E-05
     359       1.007956    9.85825E-06    2.49012E-05
     ...Fission Source Extrapolated...
     360       1.007957    9.68656E-05    2.00884E-05
     361       1.007956    6.97575E-05    5.44739E-05
     362       1.007956    1.39560E-05    5.60089E-05
     363       1.007956    1.07476E-05    3.12093E-05
     364       1.007957    9.24816E-06    2.33707E-05
     ...Fission Source Extrapolated...
     365       1.007957    9.09153E-05    1.88516E-05
     366       1.007956    6.54810E-05    5.11218E-05
     367       1.007956    1.30950E-05    5.27530E-05
     368       1.007957    1.00859E-05    2.92841E-05
     369       1.007957    8.67901E-06    2.19390E-05
     ...Fission Source Extrapolated...
     370       1.007957    8.54435E-05    1.76950E-05
     371       1.007956    6.15611E-05    4.80379E-05
     372       1.007957    1.22977E-05    4.97558E-05
     373       1.007957    9.47142E-06    2.75101E-05
     374       1.007957    8.14970E-06    2.06169E-05
     ...Fission Source Extrapolated...
     375       1.007957    8.02441E-05    1.66260E-05
     376       1.007957    5.78190E-05    4.51076E-05
     377       1.007957    1.15471E-05    4.68852E-05
     378       1.007957    8.89496E-06    2.58289E-05
     379       1.007957    7.65416E-06    1.93668E-05
     ...Fission Source Extrapolated...
     380       1.007957    7.54532E-05    1.56166E-05
     381       1.007957    5.43817E-05    4.24101E-05
     382       1.007957    1.08516E-05    4.42400E-05
     383       1.007957    8.35928E-06    2.42784E-05
     384       1.007957    7.19295E-06    1.82107E-05
     ...Fission Source Extrapolated...
     385       1.007957    7.09210E-05    1.46825E-05
     386       1.007957    5.11189E-05    3.98574E-05
     387       1.007957    1.01980E-05    4.17202E-05
     388       1.007957    7.85712E-06    2.28143E-05
     389       1.007957    6.76125E-06    1.71208E-05
     ...Fission Source Extrapolated...
     390       1.007957    6.67347E-05    1.38027E-05
     391       1.007957    4.81131E-05    3.75009E-05
     392       1.007957    9.59114E-06    3.93907E-05
     393       1.007957    7.38982E-06    2.14607E-05
     394       1.007957    6.35898E-06    1.61109E-05
     ...Fission Source Extrapolated...
     395       1.007957    6.27856E-05    1.29869E-05
     396       1.007957    4.52705E-05    3.52771E-05
     397       1.007957    9.02143E-06    3.71795E-05
     398       1.007957    6.95187E-06    2.01853E-05
     399       1.007957    5.98239E-06    1.51604E-05
     ...Fission Source Extrapolated...
     400       1.007957    5.91467E-05    1.22196E-05
     401       1.007957    4.26601E-05    3.32282E-05
     402       1.007957    8.49275E-06    3.51404E-05
     403       1.007957    6.54435E-06    1.90080E-05
     404       1.007957    5.63135E-06    1.42808E-05
     ...Fission Source Extrapolated...
     405       1.007957    5.56831E-05    1.15091E-05
     406       1.007957    4.01644E-05    3.12777E-05
     407       1.007957    7.99402E-06    3.31851E-05
     408       1.007957    6.16112E-06    1.78903E-05
     409       1.007957    5.30191E-06    1.34475E-05
     ...Fission Source Extrapolated...
     410       1.007957    5.24799E-05    1.08367E-05
     411       1.007957    3.78629E-05    2.94756E-05
     412       1.007957    7.53044E-06    3.13757E-05
     413       1.007957    5.80399E-06    1.68559E-05
     414       1.007957    4.99445E-06    1.26744E-05
     ...Fission Source Extrapolated...
     415       1.007957    4.94431E-05    1.02124E-05
     416       1.007957    3.56737E-05    2.77666E-05
     417       1.007957    7.09376E-06    2.96492E-05
     418       1.007957    5.46837E-06    1.58769E-05
     419       1.007957    4.70595E-06    1.19438E-05
     ...Fission Source Extrapolated...
     420       1.007957    4.66356E-05    9.62311E-06
     421       1.007957    3.36560E-05    2.61875E-05
     422       1.007957    6.68765E-06    2.80515E-05
     423       1.007957    5.15543E-06    1.49707E-05
     424       1.007957    4.43651E-06    1.12658E-05
     ...Fission Source Extrapolated...
     425       1.007957    4.39932E-05    9.07587E-06
     426       1.007957    3.17543E-05    2.47001E-05
     427       1.007957    6.30619E-06    2.65398E-05
     428       1.007957    4.86178E-06    1.41181E-05
     429       1.007957    4.18383E-06    1.06284E-05
     ...Fission Source Extrapolated...
     430       1.007957    4.15130E-05    8.56143E-06
     431       1.007957    2.99686E-05    2.33048E-05
     432       1.007957    5.94860E-06    2.51160E-05
     433       1.007957    4.58649E-06    1.33184E-05
     434       1.007957    3.94697E-06    1.00302E-05
     ...Fission Source Extrapolated...
     435       1.007957    3.91840E-05    8.07882E-06
     436       1.007957    2.82912E-05    2.19950E-05
     437       1.007957    5.61319E-06    2.37742E-05
     438       1.007957    4.32829E-06    1.25680E-05
     439       1.007957    3.72483E-06    9.46861E-06

 ***********************************************
Effective Factor Multiplication : Keff = 1.007957
 ***********************************************


     Radial Power Distribution
   ==============================
           1       2       3       4       5       6       7       8       9
     9   0.997   1.076   1.035   1.153   1.122   1.203   0.952   0.825   0.000
     8   1.076   1.017   1.120   1.096   1.231   1.053   1.033   0.636   0.000
     7   1.035   1.120   1.083   1.212   1.049   1.030   0.959   0.000   0.000
     6   1.153   1.095   1.212   1.027   0.990   0.972   0.644   0.000   0.000
     5   1.122   1.231   1.049   0.990   0.779   0.660   0.000   0.000   0.000
     4   1.203   1.052   1.030   0.972   0.660   0.000   0.000   0.000   0.000
     3   0.951   1.032   0.959   0.644   0.000   0.000   0.000   0.000   0.000
     2   0.824   0.636   0.000   0.000   0.000   0.000   0.000   0.000   0.000
     1   0.000   0.000   0.000   0.000   0.000   0.000   0.000   0.000   0.000

   MAX POS.       Maximum Value
  (  8,  5)          1.231


     Axial Power Density Distribution
   ====================================

     Plane Number        Power      Height
    -----------------------------------------
         1  (Top)        1.000       10.80

   MAX POS.       Maximum Value
    (  1)             1.000

     Radial Flux Distribution
   ==============================
    Group :   1
             1          2          3          4          5          6          7          8          9
     9   2.167E-02  2.214E-02  2.251E-02  2.374E-02  2.435E-02  2.415E-02  2.111E-02  1.518E-02  2.190E-03 
     8   2.214E-02  2.211E-02  2.305E-02  2.379E-02  2.468E-02  2.304E-02  2.064E-02  1.195E-02  1.607E-03 
     7   2.250E-02  2.305E-02  2.352E-02  2.429E-02  2.279E-02  2.187E-02  1.790E-02  4.006E-03  3.984E-04 
     6   2.373E-02  2.378E-02  2.428E-02  2.230E-02  2.072E-02  1.935E-02  1.210E-02  1.746E-03  0.000E+00 
     5   2.434E-02  2.467E-02  2.279E-02  2.071E-02  1.712E-02  1.217E-02  3.030E-03  3.710E-04  0.000E+00 
     4   2.413E-02  2.303E-02  2.186E-02  1.934E-02  1.216E-02  2.956E-03  4.138E-04  0.000E+00  0.000E+00 
     3   2.109E-02  2.063E-02  1.789E-02  1.209E-02  3.028E-03  4.138E-04  0.000E+00  0.000E+00  0.000E+00 
     2   1.517E-02  1.194E-02  4.003E-03  1.745E-03  3.708E-04  0.000E+00  0.000E+00  0.000E+00  0.000E+00 
     1   2.188E-03  1.606E-03  3.981E-04  0.000E+00  0.000E+00  0.000E+00  0.000E+00  0.000E+00  0.000E+00 

    Group :   2
             1          2          3          4          5          6          7          8          9
     9   2.169E-02  2.223E-02  2.252E-02  2.383E-02  2.432E-02  2.410E-02  2.106E-02  1.485E-02  2.338E-03 
     8   2.223E-02  2.213E-02  2.314E-02  2.378E-02  2.463E-02  2.303E-02  2.064E-02  1.175E-02  1.720E-03 
     7   2.252E-02  2.314E-02  2.350E-02  2.424E-02  2.278E-02  2.195E-02  1.760E-02  4.279E-03  4.500E-04 
     6   2.382E-02  2.377E-02  2.423E-02  2.229E-02  2.081E-02  1.928E-02  1.188E-02  1.875E-03  0.000E+00 
     5   2.431E-02  2.462E-02  2.278E-02  2.081E-02  1.708E-02  1.196E-02  3.232E-03  4.186E-04  0.000E+00 
     4   2.408E-02  2.301E-02  2.194E-02  1.928E-02  1.196E-02  3.152E-03  4.687E-04  0.000E+00  0.000E+00 
     3   2.105E-02  2.063E-02  1.759E-02  1.188E-02  3.230E-03  4.687E-04  0.000E+00  0.000E+00  0.000E+00 
     2   1.484E-02  1.174E-02  4.276E-03  1.874E-03  4.184E-04  0.000E+00  0.000E+00  0.000E+00  0.000E+00 
     1   2.336E-03  1.719E-03  4.497E-04  0.000E+00  0.000E+00  0.000E+00  0.000E+00  0.000E+00  0.000E+00 

    Group :   3
             1          2          3          4          5          6          7          8          9
     9   2.202E-02  2.221E-02  2.287E-02  2.381E-02  2.466E-02  2.405E-02  2.128E-02  1.446E-02  2.384E-03 
     8   2.221E-02  2.247E-02  2.313E-02  2.412E-02  2.458E-02  2.333E-02  2.014E-02  1.147E-02  1.758E-03 
     7   2.286E-02  2.312E-02  2.384E-02  2.419E-02  2.311E-02  2.185E-02  1.715E-02  4.366E-03  4.635E-04 
     6   2.380E-02  2.412E-02  2.419E-02  2.261E-02  2.076E-02  1.880E-02  1.160E-02  1.917E-03  0.000E+00 
     5   2.465E-02  2.457E-02  2.311E-02  2.076E-02  1.727E-02  1.170E-02  3.299E-03  4.313E-04  0.000E+00 
     4   2.403E-02  2.332E-02  2.184E-02  1.879E-02  1.170E-02  3.220E-03  4.834E-04  0.000E+00  0.000E+00 
     3   2.126E-02  2.012E-02  1.714E-02  1.159E-02  3.298E-03  4.833E-04  0.000E+00  0.000E+00  0.000E+00 
     2   1.445E-02  1.146E-02  4.364E-03  1.916E-03  4.311E-04  0.000E+00  0.000E+00  0.000E+00  0.000E+00 
     1   2.382E-03  1.756E-03  4.632E-04  0.000E+00  0.000E+00  0.000E+00  0.000E+00  0.000E+00  0.000E+00 

    Group :   4
             1          2          3          4          5          6          7          8          9
     9   2.546E-02  2.082E-02  2.644E-02  2.233E-02  2.869E-02  2.345E-02  2.422E-02  1.287E-02  1.903E-03 
     8   2.082E-02  2.598E-02  2.168E-02  2.801E-02  2.399E-02  2.686E-02  1.563E-02  9.860E-03  1.404E-03 
     7   2.644E-02  2.168E-02  2.768E-02  2.362E-02  2.681E-02  1.978E-02  1.489E-02  3.494E-03  3.956E-04 
     6   2.232E-02  2.800E-02  2.361E-02  2.626E-02  1.908E-02  1.471E-02  9.981E-03  1.539E-03  0.000E+00 
     5   2.868E-02  2.398E-02  2.680E-02  1.908E-02  1.988E-02  1.028E-02  2.635E-03  3.671E-04  0.000E+00 
     4   2.343E-02  2.685E-02  1.977E-02  1.471E-02  1.028E-02  2.589E-03  4.129E-04  0.000E+00  0.000E+00 
     3   2.420E-02  1.562E-02  1.488E-02  9.977E-03  2.634E-03  4.128E-04  0.000E+00  0.000E+00  0.000E+00 
     2   1.287E-02  9.853E-03  3.492E-03  1.538E-03  3.669E-04  0.000E+00  0.000E+00  0.000E+00  0.000E+00 
     1   1.901E-03  1.403E-03  3.954E-04  0.000E+00  0.000E+00  0.000E+00  0.000E+00  0.000E+00  0.000E+00 


 Total Time :    22.5156250     Seconds
