                                                                                
      /\               /\                                                       
     //\\             //\\                                                      
    //**\\           //**\\                                                     
   //****\\         //****\\                                                    
  //******\\       //******\\   ____                   _   _           _        
  ---------   /*\   ---------  / __ \                 | \ | |         | |       
             (***)            | |  | |_ __   ___ _ __ |  \| | ___   __| | ___   
              \*/             | |  | | "_ \ / _ \ "_ \| . ` |/ _"\ / _" |/ _ \  
                              | |__| | |_) |  __/ | | | |\  | |_) | (_| |  __/  
              //\\             \____/| .__/ \___)_| |_|_| \_|\___/ \___/ \___|  
             //**\\                  | |                                        
            //****\\                 |_|                                        
           //******\\                                                           
           ----------                                                           
                                                                                
 ____________________________________________________________
          | The OpenNode, Nodal Methods for Neutron Diffusion
 Version  | Version Number: 1.1                              
 Copyright| 2021 Radiation & Nuclear System Laboratory       
          | University Abdelmalk Essaadi                     
          | Faculty of Sciences, Tetouan, Morocco            
 Source   | FORTRAN90 version                                
 GUI      | PyQt5                                            
 Method   | The Nodal Expansion Method (NEM)                 
 Dimension| Three Dimensions (3D)                            
 Geometry | Cartesian                                        
 ____________________________________________________________
                        ==========================
   Calculation Mode :    Critical Boron Concentration Search Calculation with TH feedbacks 
   ----------------     ==========================

            --------------------------------------------
            >>>> Writing Macroscopic Cross Sections <<<<
            --------------------------------------------
     Material  1
    Group   Transport    Diffusion  Absorption    Removal      Nu*Fiss      Kap*Fis    Fiss. Spctr
       1     0.053206    6.264981    0.000373    0.026829     0.000000     0.000000     1.000000
       2     0.386406    0.862651    0.017722    0.017722     0.000000     0.000000     0.000000
         --Scattering Matrix--
           G/G'          1          2
            1        0.000000    0.026455
            2        0.000000    0.000000
     Material  2
    Group   Transport    Diffusion  Absorption    Removal      Nu*Fiss      Kap*Fis    Fiss. Spctr
       1     0.295609    1.127616    0.001188    0.024349     0.000000     0.000000     1.000000
       2     2.459310    0.135539    0.252618    0.252618     0.000000     0.000000     0.000000
         --Scattering Matrix--
           G/G'          1          2
            1        0.000000    0.023161
            2        0.000000    0.000000
     Material  3
    Group   Transport    Diffusion  Absorption    Removal      Nu*Fiss      Kap*Fis    Fiss. Spctr
       1     0.295609    1.127616    0.001188    0.021269     0.000000     0.000000     1.000000
       2     2.459310    0.135539    0.252618    0.252618     0.000000     0.000000     0.000000
         --Scattering Matrix--
           G/G'          1          2
            1        0.000000    0.020081
            2        0.000000    0.000000
     Material  4
    Group   Transport    Diffusion  Absorption    Removal      Nu*Fiss      Kap*Fis    Fiss. Spctr
       1     0.222117    1.500711    0.008718    0.026968     0.004983     0.000000     1.000000
       2     0.803140    0.415038    0.065255    0.065255     0.083903     0.000000     0.000000
         --Scattering Matrix--
           G/G'          1          2
            1        0.000000    0.018250
            2        0.000000    0.000000
     Material  5
    Group   Transport    Diffusion  Absorption    Removal      Nu*Fiss      Kap*Fis    Fiss. Spctr
       1     0.221914    1.502083    0.009061    0.027065     0.005577     0.000000     1.000000
       2     0.795538    0.419004    0.072335    0.072335     0.099863     0.000000     0.000000
         --Scattering Matrix--
           G/G'          1          2
            1        0.000000    0.018004
            2        0.000000    0.000000
     Material  6
    Group   Transport    Diffusion  Absorption    Removal      Nu*Fiss      Kap*Fis    Fiss. Spctr
       1     0.221715    1.503432    0.009385    0.027152     0.006150     0.000000     1.000000
       2     0.789253    0.422340    0.078920    0.078920     0.114667     0.000000     0.000000
         --Scattering Matrix--
           G/G'          1          2
            1        0.000000    0.017767
            2        0.000000    0.000000
     Material  7
    Group   Transport    Diffusion  Absorption    Removal      Nu*Fiss      Kap*Fis    Fiss. Spctr
       1     0.222039    1.501238    0.009317    0.026455     0.005550     0.000000     1.000000
       2     0.776230    0.429426    0.079633    0.079633     0.098558     0.000000     0.000000
         --Scattering Matrix--
           G/G'          1          2
            1        0.000000    0.017138
            2        0.000000    0.000000
     Material  8
    Group   Transport    Diffusion  Absorption    Removal      Nu*Fiss      Kap*Fis    Fiss. Spctr
       1     0.222083    1.500940    0.009400    0.026250     0.005541     0.000000     1.000000
       2     0.769969    0.432918    0.082109    0.082109     0.098006     0.000000     0.000000
         --Scattering Matrix--
           G/G'          1          2
            1        0.000000    0.016850
            2        0.000000    0.000000
     Material  9
    Group   Transport    Diffusion  Absorption    Removal      Nu*Fiss      Kap*Fis    Fiss. Spctr
       1     0.222127    1.500643    0.009483    0.026045     0.005531     0.000000     1.000000
       2     0.763813    0.436407    0.084591    0.084591     0.097411     0.000000     0.000000
         --Scattering Matrix--
           G/G'          1          2
            1        0.000000    0.016563
            2        0.000000    0.000000
     Material 10
    Group   Transport    Diffusion  Absorption    Removal      Nu*Fiss      Kap*Fis    Fiss. Spctr
       1     0.221836    1.502612    0.009637    0.026542     0.006124     0.000000     1.000000
       2     0.770705    0.432504    0.086119    0.086119     0.113241     0.000000     0.000000
         --Scattering Matrix--
           G/G'          1          2
            1        0.000000    0.016904
            2        0.000000    0.000000
     Material 11
    Group   Transport    Diffusion  Absorption    Removal      Nu*Fiss      Kap*Fis    Fiss. Spctr
       1     0.221878    1.502327    0.009719    0.026337     0.006114     0.000000     1.000000
       2     0.764704    0.435899    0.088549    0.088549     0.112635     0.000000     0.000000
         --Scattering Matrix--
           G/G'          1          2
            1        0.000000    0.016618
            2        0.000000    0.000000

            -------------------------------
            >>>>>Wrting Core Geometry<<<<<
            -------------------------------
  Number of Assembly in x, y and z Directions Respectively :
           9           9          18
  Number of Nodes in x, y and z Directions Respectively :
          34          34          18

  x-Directed Nodes Divison (Delta-x)
     5.40   5.40   5.40   5.40   5.40   5.40   5.40   5.40   5.40   5.40
     5.40   5.40   5.40   5.40   5.40   5.40   5.40   5.40   5.40   5.40
     5.40   5.40   5.40   5.40   5.40   5.40   5.40   5.40   5.40   5.40
     5.40   5.40   5.40   5.40
  y-Directed Nodes Divison (Delta-y)
     5.40   5.40   5.40   5.40   5.40   5.40   5.40   5.40   5.40   5.40
     5.40   5.40   5.40   5.40   5.40   5.40   5.40   5.40   5.40   5.40
     5.40   5.40   5.40   5.40   5.40   5.40   5.40   5.40   5.40   5.40
     5.40   5.40   5.40   5.40
  Planar Region :  1
        1  2  3  4  5  6  7  8  9 10 11 12 13 14 15 16 17 18 19 20 21 22 23 24 25 26 27 28 29 30 31 32 33 34
    34  1  1  1  1  1  1  1  1  1  1  1  1  1  1  1  1  1  1  1  1  1  1  1  1  1  1  1  1  1  1  2  2  2  2 
    33  1  1  1  1  1  1  1  1  1  1  1  1  1  1  1  1  1  1  1  1  1  1  1  1  1  1  1  1  1  1  2  2  2  2 
    32  1  1  1  1  1  1  1  1  1  1  1  1  1  1  1  1  1  1  1  1  1  1  1  1  1  1  1  1  1  1  2  2  2  2 
    31  1  1  1  1  1  1  1  1  1  1  1  1  1  1  1  1  1  1  1  1  1  1  1  1  1  1  1  1  1  1  2  2  2  2 
    30  1  1  1  1  1  1  1  1  1  1  1  1  1  1  1  1  1  1  1  1  1  1  1  1  1  1  1  1  1  1  2  2  2  2 
    29  1  1  1  1  1  1  1  1  1  1  1  1  1  1  1  1  1  1  1  1  1  1  1  1  1  1  1  1  1  1  2  2  2  2 
    28  1  1  1  1  1  1  1  1  1  1  1  1  1  1  1  1  1  1  1  1  1  1  1  1  1  1  3  3  3  3  2  2  2  2 
    27  1  1  1  1  1  1  1  1  1  1  1  1  1  1  1  1  1  1  1  1  1  1  1  1  1  1  3  3  3  3  2  2  2  2 
    26  1  1  1  1  1  1  1  1  1  1  1  1  1  1  1  1  1  1  1  1  1  1  1  1  1  1  3  3  3  3  2  2  2  2 
    25  1  1  1  1  1  1  1  1  1  1  1  1  1  1  1  1  1  1  1  1  1  1  1  1  1  1  3  3  3  3  2  2  2  2 
    24  1  1  1  1  1  1  1  1  1  1  1  1  1  1  1  1  1  1  1  1  1  1  1  1  1  1  2  2  2  2             
    23  1  1  1  1  1  1  1  1  1  1  1  1  1  1  1  1  1  1  1  1  1  1  1  1  1  1  2  2  2  2             
    22  1  1  1  1  1  1  1  1  1  1  1  1  1  1  1  1  1  1  1  1  1  1  1  1  1  1  2  2  2  2             
    21  1  1  1  1  1  1  1  1  1  1  1  1  1  1  1  1  1  1  1  1  1  1  1  1  1  1  2  2  2  2             
    20  1  1  1  1  1  1  1  1  1  1  1  1  1  1  1  1  1  1  1  1  1  1  3  3  3  3  2  2  2  2             
    19  1  1  1  1  1  1  1  1  1  1  1  1  1  1  1  1  1  1  1  1  1  1  3  3  3  3  2  2  2  2             
    18  1  1  1  1  1  1  1  1  1  1  1  1  1  1  1  1  1  1  1  1  1  1  3  3  3  3  2  2  2  2             
    17  1  1  1  1  1  1  1  1  1  1  1  1  1  1  1  1  1  1  1  1  1  1  3  3  3  3  2  2  2  2             
    16  1  1  1  1  1  1  1  1  1  1  1  1  1  1  1  1  1  1  3  3  3  3  2  2  2  2                         
    15  1  1  1  1  1  1  1  1  1  1  1  1  1  1  1  1  1  1  3  3  3  3  2  2  2  2                         
    14  1  1  1  1  1  1  1  1  1  1  1  1  1  1  1  1  1  1  3  3  3  3  2  2  2  2                         
    13  1  1  1  1  1  1  1  1  1  1  1  1  1  1  1  1  1  1  3  3  3  3  2  2  2  2                         
    12  1  1  1  1  1  1  1  1  1  1  1  1  1  1  3  3  3  3  2  2  2  2                                     
    11  1  1  1  1  1  1  1  1  1  1  1  1  1  1  3  3  3  3  2  2  2  2                                     
    10  1  1  1  1  1  1  1  1  1  1  1  1  1  1  3  3  3  3  2  2  2  2                                     
     9  1  1  1  1  1  1  1  1  1  1  1  1  1  1  3  3  3  3  2  2  2  2                                     
     8  1  1  1  1  1  1  3  3  3  3  2  2  2  2  2  2  2  2                                                 
     7  1  1  1  1  1  1  3  3  3  3  2  2  2  2  2  2  2  2                                                 
     6  1  1  1  1  1  1  3  3  3  3  2  2  2  2  2  2  2  2                                                 
     5  1  1  1  1  1  1  3  3  3  3  2  2  2  2  2  2  2  2                                                 
     4  2  2  2  2  2  2  2  2  2  2                                                                         
     3  2  2  2  2  2  2  2  2  2  2                                                                         
     2  2  2  2  2  2  2  2  2  2  2                                                                         
     1  2  2  2  2  2  2  2  2  2  2                                                                         
  Planar Region :  2
        1  2  3  4  5  6  7  8  9 10 11 12 13 14 15 16 17 18 19 20 21 22 23 24 25 26 27 28 29 30 31 32 33 34
    34  4  4  5  5  5  5  4  4  4  4  5  5  5  5  4  4  4  4  5  5  5  5  4  4  4  4  6  6  6  6  2  2  2  2 
    33  4  4  5  5  5  5  4  4  4  4  5  5  5  5  4  4  4  4  5  5  5  5  4  4  4  4  6  6  6  6  2  2  2  2 
    32  5  5  4  4  4  4  5  5  5  5  4  4  4  4  5  5  5  5  4  4  4  4  6  6  6  6  6  6  6  6  2  2  2  2 
    31  5  5  4  4  4  4  5  5  5  5  4  4  4  4  5  5  5  5  4  4  4  4  6  6  6  6  6  6  6  6  2  2  2  2 
    30  5  5  4  4  4  4  5  5  5  5  4  4  4  4  5  5  5  5  4  4  4  4  6  6  6  6  6  6  6  6  2  2  2  2 
    29  5  5  4  4  4  4  5  5  5  5  4  4  4  4  5  5  5  5  4  4  4  4  6  6  6  6  6  6  6  6  2  2  2  2 
    28  4  4  5  5  5  5  4  4  4  4  5  5  5  5  4  4  4  4  5  5  5  5  6  6  6  6  3  3  3  3  2  2  2  2 
    27  4  4  5  5  5  5  4  4  4  4  5  5  5  5  4  4  4  4  5  5  5  5  6  6  6  6  3  3  3  3  2  2  2  2 
    26  4  4  5  5  5  5  4  4  4  4  5  5  5  5  4  4  4  4  5  5  5  5  6  6  6  6  3  3  3  3  2  2  2  2 
    25  4  4  5  5  5  5  4  4  4  4  5  5  5  5  4  4  4  4  5  5  5  5  6  6  6  6  3  3  3  3  2  2  2  2 
    24  5  5  4  4  4  4  5  5  5  5  4  4  4  4  5  5  5  5  6  6  6  6  6  6  6  6  2  2  2  2             
    23  5  5  4  4  4  4  5  5  5  5  4  4  4  4  5  5  5  5  6  6  6  6  6  6  6  6  2  2  2  2             
    22  5  5  4  4  4  4  5  5  5  5  4  4  4  4  5  5  5  5  6  6  6  6  6  6  6  6  2  2  2  2             
    21  5  5  4  4  4  4  5  5  5  5  4  4  4  4  5  5  5  5  6  6  6  6  6  6  6  6  2  2  2  2             
    20  4  4  5  5  5  5  4  4  4  4  5  5  5  5  4  4  4  4  6  6  6  6  3  3  3  3  2  2  2  2             
    19  4  4  5  5  5  5  4  4  4  4  5  5  5  5  4  4  4  4  6  6  6  6  3  3  3  3  2  2  2  2             
    18  4  4  5  5  5  5  4  4  4  4  5  5  5  5  4  4  4  4  6  6  6  6  3  3  3  3  2  2  2  2             
    17  4  4  5  5  5  5  4  4  4  4  5  5  5  5  4  4  4  4  6  6  6  6  3  3  3  3  2  2  2  2             
    16  5  5  4  4  4  4  5  5  5  5  6  6  6  6  6  6  6  6  3  3  3  3  2  2  2  2                         
    15  5  5  4  4  4  4  5  5  5  5  6  6  6  6  6  6  6  6  3  3  3  3  2  2  2  2                         
    14  5  5  4  4  4  4  5  5  5  5  6  6  6  6  6  6  6  6  3  3  3  3  2  2  2  2                         
    13  5  5  4  4  4  4  5  5  5  5  6  6  6  6  6  6  6  6  3  3  3  3  2  2  2  2                         
    12  4  4  6  6  6  6  6  6  6  6  6  6  6  6  3  3  3  3  2  2  2  2                                     
    11  4  4  6  6  6  6  6  6  6  6  6  6  6  6  3  3  3  3  2  2  2  2                                     
    10  4  4  6  6  6  6  6  6  6  6  6  6  6  6  3  3  3  3  2  2  2  2                                     
     9  4  4  6  6  6  6  6  6  6  6  6  6  6  6  3  3  3  3  2  2  2  2                                     
     8  6  6  6  6  6  6  3  3  3  3  2  2  2  2  2  2  2  2                                                 
     7  6  6  6  6  6  6  3  3  3  3  2  2  2  2  2  2  2  2                                                 
     6  6  6  6  6  6  6  3  3  3  3  2  2  2  2  2  2  2  2                                                 
     5  6  6  6  6  6  6  3  3  3  3  2  2  2  2  2  2  2  2                                                 
     4  2  2  2  2  2  2  2  2  2  2                                                                         
     3  2  2  2  2  2  2  2  2  2  2                                                                         
     2  2  2  2  2  2  2  2  2  2  2                                                                         
     1  2  2  2  2  2  2  2  2  2  2                                                                         
  Planar Region :  3
        1  2  3  4  5  6  7  8  9 10 11 12 13 14 15 16 17 18 19 20 21 22 23 24 25 26 27 28 29 30 31 32 33 34
    34  4  4  9  9  9  9  4  4  4  4  9  9  9  9  4  4  4  4  7  7  7  7  4  4  4  4  6  6  6  6  2  2  2  2 
    33  4  4  9  9  9  9  4  4  4  4  9  9  9  9  4  4  4  4  7  7  7  7  4  4  4  4  6  6  6  6  2  2  2  2 
    32  9  9  4  4  4  4  8  8  8  8  4  4  4  4  8  8  8  8  4  4  4  4  11 11 11 11 6  6  6  6  2  2  2  2 
    31  9  9  4  4  4  4  8  8  8  8  4  4  4  4  8  8  8  8  4  4  4  4  11 11 11 11 6  6  6  6  2  2  2  2 
    30  9  9  4  4  4  4  8  8  8  8  4  4  4  4  8  8  8  8  4  4  4  4  11 11 11 11 6  6  6  6  2  2  2  2 
    29  9  9  4  4  4  4  8  8  8  8  4  4  4  4  8  8  8  8  4  4  4  4  11 11 11 11 6  6  6  6  2  2  2  2 
    28  4  4  8  8  8  8  4  4  4  4  8  8  8  8  4  4  4  4  8  8  8  8  6  6  6  6  3  3  3  3  2  2  2  2 
    27  4  4  8  8  8  8  4  4  4  4  8  8  8  8  4  4  4  4  8  8  8  8  6  6  6  6  3  3  3  3  2  2  2  2 
    26  4  4  8  8  8  8  4  4  4  4  8  8  8  8  4  4  4  4  8  8  8  8  6  6  6  6  3  3  3  3  2  2  2  2 
    25  4  4  8  8  8  8  4  4  4  4  8  8  8  8  4  4  4  4  8  8  8  8  6  6  6  6  3  3  3  3  2  2  2  2 
    24  9  9  4  4  4  4  8  8  8  8  4  4  4  4  8  8  8  8  10 10 10 10 6  6  6  6  2  2  2  2             
    23  9  9  4  4  4  4  8  8  8  8  4  4  4  4  8  8  8  8  10 10 10 10 6  6  6  6  2  2  2  2             
    22  9  9  4  4  4  4  8  8  8  8  4  4  4  4  8  8  8  8  10 10 10 10 6  6  6  6  2  2  2  2             
    21  9  9  4  4  4  4  8  8  8  8  4  4  4  4  8  8  8  8  10 10 10 10 6  6  6  6  2  2  2  2             
    20  4  4  8  8  8  8  4  4  4  4  8  8  8  8  4  4  4  4  6  6  6  6  3  3  3  3  2  2  2  2             
    19  4  4  8  8  8  8  4  4  4  4  8  8  8  8  4  4  4  4  6  6  6  6  3  3  3  3  2  2  2  2             
    18  4  4  8  8  8  8  4  4  4  4  8  8  8  8  4  4  4  4  6  6  6  6  3  3  3  3  2  2  2  2             
    17  4  4  8  8  8  8  4  4  4  4  8  8  8  8  4  4  4  4  6  6  6  6  3  3  3  3  2  2  2  2             
    16  7  7  4  4  4  4  8  8  8  8  10 10 10 10 6  6  6  6  3  3  3  3  2  2  2  2                         
    15  7  7  4  4  4  4  8  8  8  8  10 10 10 10 6  6  6  6  3  3  3  3  2  2  2  2                         
    14  7  7  4  4  4  4  8  8  8  8  10 10 10 10 6  6  6  6  3  3  3  3  2  2  2  2                         
    13  7  7  4  4  4  4  8  8  8  8  10 10 10 10 6  6  6  6  3  3  3  3  2  2  2  2                         
    12  4  4  11 11 11 11 6  6  6  6  6  6  6  6  3  3  3  3  2  2  2  2                                     
    11  4  4  11 11 11 11 6  6  6  6  6  6  6  6  3  3  3  3  2  2  2  2                                     
    10  4  4  11 11 11 11 6  6  6  6  6  6  6  6  3  3  3  3  2  2  2  2                                     
     9  4  4  11 11 11 11 6  6  6  6  6  6  6  6  3  3  3  3  2  2  2  2                                     
     8  6  6  6  6  6  6  3  3  3  3  2  2  2  2  2  2  2  2                                                 
     7  6  6  6  6  6  6  3  3  3  3  2  2  2  2  2  2  2  2                                                 
     6  6  6  6  6  6  6  3  3  3  3  2  2  2  2  2  2  2  2                                                 
     5  6  6  6  6  6  6  3  3  3  3  2  2  2  2  2  2  2  2                                                 
     4  2  2  2  2  2  2  2  2  2  2                                                                         
     3  2  2  2  2  2  2  2  2  2  2                                                                         
     2  2  2  2  2  2  2  2  2  2  2                                                                         
     1  2  2  2  2  2  2  2  2  2  2                                                                         

  Planar Region Assignment to Planes.
 -------------------------------------
   Plane Number     Planar Region    Delta-z
       18 (Top)            1          30.00
       17                  3           8.00
       16                  3          12.80
       15                  3          12.80
       14                  3          30.00
       13                  3          30.00
       12                  3          30.00
       11                  3          30.00
       10                  3          30.00
        9                  3          30.00
        8                  3          30.00
        7                  3          30.00
        6                  3          30.00
        5                  3          30.00
        4                  3          15.00
        3                  3          11.00
        2                  2           7.70
        1 (Bottom)         1          30.00

   Boundary Conditions
   -------------------
  X-Directed West   : Reflective
  X-Directed East   : Zero Flux
  Y-Directed North  : Reflective
  Y-Directed South  : Zero Flux
  Z-Directed Bottom : Zero Flux
  Z-Directed Top    : Zero Flux

  ...Core Geometry is Sucessfully Read...
     ---------------------------------


            >>>> READING BORON CONCENTRATION FOR BC SEARCH <<<<
            --------------------------------------------------
  BORON CONCENTRATION REFERENCE : 1200.20

  MATERIAL CX CHANGES PER PPM BORON CHANGES : 
    MATERIAL  1
     GROUP   TRANSPORT   ABSORPTION   NU*FISS       FISSION
       1   0.611833E-07   0.187731E-06   0.000000E+00   0.000000E+00
       2   0.517535E-05   0.102635E-04   0.000000E+00   0.000000E+00
   --SCATTERING MATRIX--
     G/G'          1          2
      1      0.00000E+00  0.79146E-09
      2      0.00000E+00  0.00000E+00
    MATERIAL  2
     GROUP   TRANSPORT   ABSORPTION   NU*FISS       FISSION
       1   0.000000E+00   0.000000E+00   0.000000E+00   0.000000E+00
       2   0.776184E-03   0.844695E-04   0.000000E+00   0.000000E+00
   --SCATTERING MATRIX--
     G/G'          1          2
      1      0.00000E+00  0.00000E+00
      2      0.00000E+00  0.00000E+00
    MATERIAL  3
     GROUP   TRANSPORT   ABSORPTION   NU*FISS       FISSION
       1   0.000000E+00   0.000000E+00   0.000000E+00   0.000000E+00
       2   0.776184E-03   0.844695E-04   0.000000E+00   0.000000E+00
   --SCATTERING MATRIX--
     G/G'          1          2
      1      0.00000E+00  0.00000E+00
      2      0.00000E+00  0.00000E+00
    MATERIAL  4
     GROUP   TRANSPORT   ABSORPTION   NU*FISS       FISSION
       1   0.347809E-07   0.128505E-06  -0.112099E-08  -0.176188E-19
       2  -0.976510E-05   0.708807E-05  -0.243045E-05  -0.319085E-16
   --SCATTERING MATRIX--
     G/G'          1          2
      1      0.00000E+00 -0.10859E-06
      2      0.00000E+00  0.00000E+00
    MATERIAL  5
     GROUP   TRANSPORT   ABSORPTION   NU*FISS       FISSION
       1   0.353826E-07   0.126709E-06  -0.167880E-08  -0.249965E-19
       2  -0.850169E-05   0.682311E-05  -0.272445E-05  -0.357680E-16
   --SCATTERING MATRIX--
     G/G'          1          2
      1      0.00000E+00 -0.10695E-06
      2      0.00000E+00  0.00000E+00
    MATERIAL  6
     GROUP   TRANSPORT   ABSORPTION   NU*FISS       FISSION
       1   0.359838E-07   0.124986E-06  -0.221038E-08  -0.320225E-19
       2  -0.746251E-05   0.659798E-05  -0.295883E-05  -0.388451E-16
   --SCATTERING MATRIX--
     G/G'          1          2
      1      0.00000E+00 -0.10537E-06
      2      0.00000E+00  0.00000E+00
    MATERIAL  7
     GROUP   TRANSPORT   ABSORPTION   NU*FISS       FISSION
       1   0.337806E-07   0.119869E-06  -0.171323E-08  -0.249965E-19
       2  -0.673744E-05   0.629310E-05  -0.255359E-05  -0.335223E-16
   --SCATTERING MATRIX--
     G/G'          1          2
      1      0.00000E+00 -0.10087E-06
      2      0.00000E+00  0.00000E+00
    MATERIAL  8
     GROUP   TRANSPORT   ABSORPTION   NU*FISS       FISSION
       1   0.332495E-07   0.117585E-06  -0.172421E-08  -0.254896E-19
       2  -0.619725E-05   0.611904E-05  -0.248880E-05  -0.326704E-16
   --SCATTERING MATRIX--
     G/G'          1          2
      1      0.00000E+00 -0.98858E-07
      2      0.00000E+00  0.00000E+00
    MATERIAL  9
     GROUP   TRANSPORT   ABSORPTION   NU*FISS       FISSION
       1   0.327201E-07   0.115319E-06  -0.173502E-08  -0.256049E-19
       2  -0.568220E-05   0.594711E-05  -0.242240E-05  -0.317976E-16
   --SCATTERING MATRIX--
     G/G'          1          2
      1      0.00000E+00 -0.96849E-07
      2      0.00000E+00  0.00000E+00
    MATERIAL 10
     GROUP   TRANSPORT   ABSORPTION   NU*FISS       FISSION
       1   0.343859E-07   0.118186E-06  -0.224335E-08  -0.320225E-19
       2  -0.586898E-05   0.608443E-05  -0.277657E-05  -0.364509E-16
   --SCATTERING MATRIX--
     G/G'          1          2
      1      0.00000E+00 -0.99331E-07
      2      0.00000E+00  0.00000E+00
    MATERIAL 11
     GROUP   TRANSPORT   ABSORPTION   NU*FISS       FISSION
       1   0.338559E-07   0.115917E-06  -0.225369E-08  -0.324873E-19
       2  -0.538345E-05   0.591697E-05  -0.270780E-05  -0.355476E-16
   --SCATTERING MATRIX--
     G/G'          1          2
      1      0.00000E+00 -0.97329E-07
      2      0.00000E+00  0.00000E+00

  ...Critical Boron Search card is sucessfully read...


            >>>> READING CONTROL RODS INSERTION <<<<
            --------------------------------------------
  NUMBER OF CONTROL ROD BANK  :  7
  MAX. NUMBER OF STEPS        : 228
  FULLY INSERTED POSITION (cm): 37.7 (FROM BOTTOM OF THE CORE)
  STEP SIZE (cm)              :   1.5942
  CR CUSPING CORRECTION       : NOT ACTIVE
  INITIAL CONTROL ROD BANK POSITION (STEPS) : 
  (0 means fully inserted) 
    Bank  1  Bank  2  Bank  3  Bank  4  Bank  5  Bank  6  Bank  7
      0.0    228.0      0.0    228.0      0.0    228.0    228.0

  CONTROL ROD BANK MAP : 
  1  0  2  0  0  0  3  0  0
  0  4  0  0  0  6  0  0  0
  2  0  5  0  6  0  6  0  0
  0  0  0  4  0  0  0  0  0
  0  0  6  0  7  0  0  0  0
  0  6  0  0  0  0  0  0  0
  3  0  6  0  0  0  0  0  0
  0  0  0  0  0  0  0  0  0
  0  0  0  0  0  0  0  0  0

  MATERIAL CX INCREMENT OR DECREMENT DUE TO CR INSERTION : 
    MATERIAL  1
    GROUP   TRANSPORT  ABSORPTION      NU*FISS      FISSION
       1     0.003732    0.002478    -0.000103    -0.000000
       2    -0.021993    0.025587    -0.002823    -0.000000
   --SCATTERING MATRIX--
     G/G'        1        2
      1      0.000000 -0.003193
      2      0.000000  0.000000
    MATERIAL  2
    GROUP   TRANSPORT  ABSORPTION      NU*FISS      FISSION
       1     0.003732    0.002478    -0.000103    -0.000000
       2    -0.021993    0.025587    -0.002823    -0.000000
   --SCATTERING MATRIX--
     G/G'        1        2
      1      0.000000 -0.003193
      2      0.000000  0.000000
    MATERIAL  3
    GROUP   TRANSPORT  ABSORPTION      NU*FISS      FISSION
       1     0.003732    0.002478    -0.000103    -0.000000
       2    -0.021993    0.025587    -0.002823    -0.000000
   --SCATTERING MATRIX--
     G/G'        1        2
      1      0.000000 -0.003193
      2      0.000000  0.000000
    MATERIAL  4
    GROUP   TRANSPORT  ABSORPTION      NU*FISS      FISSION
       1     0.003732    0.002478    -0.000103    -0.000000
       2    -0.021993    0.025587    -0.002823    -0.000000
   --SCATTERING MATRIX--
     G/G'        1        2
      1      0.000000 -0.003193
      2      0.000000  0.000000
    MATERIAL  5
    GROUP   TRANSPORT  ABSORPTION      NU*FISS      FISSION
       1     0.003732    0.002478    -0.000103    -0.000000
       2    -0.021993    0.025587    -0.002823    -0.000000
   --SCATTERING MATRIX--
     G/G'        1        2
      1      0.000000 -0.003193
      2      0.000000  0.000000
    MATERIAL  6
    GROUP   TRANSPORT  ABSORPTION      NU*FISS      FISSION
       1     0.003741    0.002429    -0.000123    -0.000000
       2    -0.016750    0.025648    -0.003281    -0.000000
   --SCATTERING MATRIX--
     G/G'        1        2
      1      0.000000 -0.003142
      2      0.000000  0.000000
    MATERIAL  7
    GROUP   TRANSPORT  ABSORPTION      NU*FISS      FISSION
       1     0.003732    0.002478    -0.000103    -0.000000
       2    -0.021993    0.025587    -0.002823    -0.000000
   --SCATTERING MATRIX--
     G/G'        1        2
      1      0.000000 -0.003193
      2      0.000000  0.000000
    MATERIAL  8
    GROUP   TRANSPORT  ABSORPTION      NU*FISS      FISSION
       1     0.003732    0.002478    -0.000103    -0.000000
       2    -0.021993    0.025587    -0.002823    -0.000000
   --SCATTERING MATRIX--
     G/G'        1        2
      1      0.000000 -0.003193
      2      0.000000  0.000000
    MATERIAL  9
    GROUP   TRANSPORT  ABSORPTION      NU*FISS      FISSION
       1     0.003732    0.002478    -0.000103    -0.000000
       2    -0.021993    0.025587    -0.002823    -0.000000
   --SCATTERING MATRIX--
     G/G'        1        2
      1      0.000000 -0.003193
      2      0.000000  0.000000
    MATERIAL 10
    GROUP   TRANSPORT  ABSORPTION      NU*FISS      FISSION
       1     0.003732    0.002478    -0.000103    -0.000000
       2    -0.021993    0.025587    -0.002823    -0.000000
   --SCATTERING MATRIX--
     G/G'        1        2
      1      0.000000 -0.003193
      2      0.000000  0.000000
    MATERIAL 11
    GROUP   TRANSPORT  ABSORPTION      NU*FISS      FISSION
       1     0.003732    0.002478    -0.000103    -0.000000
       2    -0.021993    0.025587    -0.002823    -0.000000
   --SCATTERING MATRIX--
     G/G'        1        2
      1      0.000000 -0.003193
      2      0.000000  0.000000

  ...Control Rods Insertion card is sucessfully read...


            >>>>   READING THERMAL-HYDRAULIC DATA   <<<<
            --------------------------------------------
  REACTOR PERCENT POWER (%)                :      0.00010
  REACTOR POWER (Watt)                     :   6.9375E+08
  COOLANT INLET TEMPERATURE (Kelvin)       :   5.5915E+02
  FUEL ASSEMBLY MASS FLOW RATE (Kg/s)      :   8.2121E+01
  FUEL MEAT RADIUS (m)                     :   4.1195E-03
  GAP THICKNESS (m)                        :   6.8000E-05
  CLAD THICKNESS (m)                       :   5.7100E-04
  PIN PITCH(m)                             :   1.2655E-02
  FRACTION OF HEAT DEPOSITED IN COOL.      :   1.9000E-02

  ...Thermal-hydraulic Card is sucessfully read...


            >>>>      READING FUEL TEMPERATURE      <<<<
            --------------------------------------------
  AVERAGE FUEL TEMPERATURE   :891.19  (NOT USED)
  FUEL TEMPERATURE REFERENCE :891.45

  MATERIAL CX CHANGES PER FUEL TEMPERATURE CHANGES : 
    MATERIAL  1
     GROUP   TRANSPORT   ABSORPTION   NU*FISS       FISSION
       1   0.00000E+00  0.00000E+00   0.00000E+00   0.00000E+00
       2   0.00000E+00  0.00000E+00   0.00000E+00   0.00000E+00
   --SCATTERING MATRIX--
     G/G'          1          2
      1      0.00000E+00  0.00000E+00
      2      0.00000E+00  0.00000E+00
    MATERIAL  2
     GROUP   TRANSPORT   ABSORPTION   NU*FISS       FISSION
       1   0.00000E+00  0.00000E+00   0.00000E+00   0.00000E+00
       2   0.00000E+00  0.00000E+00   0.00000E+00   0.00000E+00
   --SCATTERING MATRIX--
     G/G'          1          2
      1      0.00000E+00  0.00000E+00
      2      0.00000E+00  0.00000E+00
    MATERIAL  3
     GROUP   TRANSPORT   ABSORPTION   NU*FISS       FISSION
       1   0.00000E+00  0.00000E+00   0.00000E+00   0.00000E+00
       2   0.00000E+00  0.00000E+00   0.00000E+00   0.00000E+00
   --SCATTERING MATRIX--
     G/G'          1          2
      1      0.00000E+00  0.00000E+00
      2      0.00000E+00  0.00000E+00
    MATERIAL  4
     GROUP   TRANSPORT   ABSORPTION   NU*FISS       FISSION
       1  -0.30920E-04  0.34971E-04   0.64013E-06   0.71541E-17
       2  -0.13729E-03 -0.37181E-04  -0.56304E-04  -0.73919E-15
   --SCATTERING MATRIX--
     G/G'          1          2
      1      0.00000E+00 -0.27554E-04
      2      0.00000E+00  0.00000E+00
    MATERIAL  5
     GROUP   TRANSPORT   ABSORPTION   NU*FISS       FISSION
       1  -0.30861E-04  0.35180E-04   0.99743E-06   0.11868E-16
       2  -0.11748E-03 -0.37704E-04  -0.60415E-04  -0.79317E-15
   --SCATTERING MATRIX--
     G/G'          1          2
      1      0.00000E+00 -0.27677E-04
      2      0.00000E+00  0.00000E+00
    MATERIAL  6
     GROUP   TRANSPORT   ABSORPTION   NU*FISS       FISSION
       1  -0.30917E-04  0.35384E-04   0.14185E-05   0.17427E-16
       2  -0.10134E-03 -0.37756E-04  -0.63096E-04  -0.82836E-15
   --SCATTERING MATRIX--
     G/G'          1          2
      1      0.00000E+00 -0.27839E-04
      2      0.00000E+00  0.00000E+00
    MATERIAL  7
     GROUP   TRANSPORT   ABSORPTION   NU*FISS       FISSION
       1  -0.31375E-04  0.34870E-04   0.94543E-06   0.11868E-16
       2  -0.10827E-03 -0.37275E-04  -0.57966E-04  -0.76085E-15
   --SCATTERING MATRIX--
     G/G'          1          2
      1      0.00000E+00 -0.27355E-04
      2      0.00000E+00  0.00000E+00
    MATERIAL  8
     GROUP   TRANSPORT   ABSORPTION   NU*FISS       FISSION
       1  -0.31550E-04  0.34727E-04   0.92608E-06   0.10893E-16
       2  -0.10552E-03 -0.37181E-04  -0.57111E-04  -0.74957E-15
   --SCATTERING MATRIX--
     G/G'          1          2
      1      0.00000E+00 -0.27238E-04
      2      0.00000E+00  0.00000E+00
    MATERIAL  9
     GROUP   TRANSPORT   ABSORPTION   NU*FISS       FISSION
       1  -0.31728E-04  0.34603E-04   0.90580E-06   0.10617E-16
       2  -0.10252E-03 -0.37020E-04  -0.56154E-04  -0.73697E-15
   --SCATTERING MATRIX--
     G/G'          1          2
      1      0.00000E+00 -0.27117E-04
      2      0.00000E+00  0.00000E+00
    MATERIAL 10
     GROUP   TRANSPORT   ABSORPTION   NU*FISS       FISSION
       1  -0.31419E-04  0.35064E-04   0.13564E-05   0.17427E-16
       2  -0.93889E-04 -0.37140E-04  -0.60505E-04  -0.79425E-15
   --SCATTERING MATRIX--
     G/G'          1          2
      1      0.00000E+00 -0.27505E-04
      2      0.00000E+00  0.00000E+00
    MATERIAL 11
     GROUP   TRANSPORT   ABSORPTION   NU*FISS       FISSION
       1  -0.31591E-04  0.34912E-04   0.13334E-05   0.16277E-16
       2  -0.91713E-04 -0.36991E-04  -0.59628E-04  -0.78272E-15
   --SCATTERING MATRIX--
     G/G'          1          2
      1      0.00000E+00 -0.27383E-04
      2      0.00000E+00  0.00000E+00

  ...Fuel Temperature is card sucessfully read...


            >>>>   READING MODERATOR TEMPERATURE    <<<<
            --------------------------------------------
  AVERAGE MODERATOR TEMPERATURE   :559.19  (NOT USED)
  MODERATOR TEMPERATURE REFERENCE :579.75

  MATERIAL CX CHANGES PER MODERATOR TEMPERATURE CHANGES : 
    MATERIAL  1
     GROUP   TRANSPORT   ABSORPTION   NU*FISS       FISSION
       1   0.00000E+00  0.00000E+00   0.00000E+00   0.00000E+00
       2   0.00000E+00  0.00000E+00   0.00000E+00   0.00000E+00
   --SCATTERING MATRIX--
     G/G'          1          2
      1      0.00000E+00  0.00000E+00
      2      0.00000E+00  0.00000E+00
    MATERIAL  2
     GROUP   TRANSPORT   ABSORPTION   NU*FISS       FISSION
       1   0.00000E+00  0.00000E+00   0.00000E+00   0.00000E+00
       2   0.00000E+00  0.00000E+00   0.00000E+00   0.00000E+00
   --SCATTERING MATRIX--
     G/G'          1          2
      1      0.00000E+00  0.00000E+00
      2      0.00000E+00  0.00000E+00
    MATERIAL  3
     GROUP   TRANSPORT   ABSORPTION   NU*FISS       FISSION
       1   0.00000E+00  0.00000E+00   0.00000E+00   0.00000E+00
       2   0.00000E+00  0.00000E+00   0.00000E+00   0.00000E+00
   --SCATTERING MATRIX--
     G/G'          1          2
      1      0.00000E+00  0.00000E+00
      2      0.00000E+00  0.00000E+00
    MATERIAL  4
     GROUP   TRANSPORT   ABSORPTION   NU*FISS       FISSION
       1  -0.20331E-05  0.21219E-06   0.12471E-06   0.14304E-17
       2  -0.10867E-03 -0.31560E-04  -0.41644E-04  -0.54672E-15
   --SCATTERING MATRIX--
     G/G'          1          2
      1      0.00000E+00  0.80968E-06
      2      0.00000E+00  0.00000E+00
    MATERIAL  5
     GROUP   TRANSPORT   ABSORPTION   NU*FISS       FISSION
       1  -0.19808E-05  0.22600E-06   0.13515E-06   0.15690E-17
       2  -0.90615E-04 -0.32144E-04  -0.45310E-04  -0.59486E-15
   --SCATTERING MATRIX--
     G/G'          1          2
      1      0.00000E+00  0.85847E-06
      2      0.00000E+00  0.00000E+00
    MATERIAL  6
     GROUP   TRANSPORT   ABSORPTION   NU*FISS       FISSION
       1  -0.19243E-05  0.23994E-06   0.14908E-06   0.17542E-17
       2  -0.76279E-04 -0.32378E-04  -0.47847E-04  -0.62817E-15
   --SCATTERING MATRIX--
     G/G'          1          2
      1      0.00000E+00  0.90349E-06
      2      0.00000E+00  0.00000E+00
    MATERIAL  7
     GROUP   TRANSPORT   ABSORPTION   NU*FISS       FISSION
       1  -0.26963E-05  0.24853E-06   0.14077E-06   0.15690E-17
       2  -0.76244E-04 -0.30012E-04  -0.42020E-04  -0.55167E-15
   --SCATTERING MATRIX--
     G/G'          1          2
      1      0.00000E+00  0.70131E-06
      2      0.00000E+00  0.00000E+00
    MATERIAL  8
     GROUP   TRANSPORT   ABSORPTION   NU*FISS       FISSION
       1  -0.30791E-05  0.26185E-06   0.14323E-06   0.16790E-17
       2  -0.73340E-04 -0.29193E-04  -0.40770E-04  -0.53526E-15
   --SCATTERING MATRIX--
     G/G'          1          2
      1      0.00000E+00  0.61738E-06
      2      0.00000E+00  0.00000E+00
    MATERIAL  9
     GROUP   TRANSPORT   ABSORPTION   NU*FISS       FISSION
       1  -0.35388E-05  0.27431E-06   0.14602E-06   0.17167E-17
       2  -0.71371E-04 -0.28304E-04  -0.39432E-04  -0.51769E-15
   --SCATTERING MATRIX--
     G/G'          1          2
      1      0.00000E+00  0.51655E-06
      2      0.00000E+00  0.00000E+00
    MATERIAL 10
     GROUP   TRANSPORT   ABSORPTION   NU*FISS       FISSION
       1  -0.26391E-05  0.26429E-06   0.15586E-06   0.17542E-17
       2  -0.63955E-04 -0.30351E-04  -0.44443E-04  -0.58348E-15
   --SCATTERING MATRIX--
     G/G'          1          2
      1      0.00000E+00  0.74432E-06
      2      0.00000E+00  0.00000E+00
    MATERIAL 11
     GROUP   TRANSPORT   ABSORPTION   NU*FISS       FISSION
       1  -0.30215E-05  0.27906E-06   0.15881E-06   0.18853E-17
       2  -0.61698E-04 -0.29563E-04  -0.43159E-04  -0.56662E-15
   --SCATTERING MATRIX--
     G/G'          1          2
      1      0.00000E+00  0.65952E-06
      2      0.00000E+00  0.00000E+00

  ...Moderator Temperature Card is sucessfully read...


            >>>>       READING COOLANT DENSITY      <<<<
            --------------------------------------------
  AVERAGE COOLANT DENSITY   :  0.7464  (USED AS GUESS)
  COOLANT DENSITY REFERENCE :  0.7125

  MATERIAL CX CHANGES PER COOLANT DENSITY CHANGES : 
    MATERIAL  1
     GROUP   TRANSPORT   ABSORPTION   NU*FISS       FISSION
       1   0.74576E-01  0.20769E-03   0.00000E+00   0.00000E+00
       2   0.53363E+00  0.75842E-02   0.00000E+00   0.00000E+00
   --SCATTERING MATRIX--
     G/G'          1          2
      1      0.00000E+00  0.37131E-01
      2      0.00000E+00  0.00000E+00
    MATERIAL  2
     GROUP   TRANSPORT   ABSORPTION   NU*FISS       FISSION
       1   0.00000E+00  0.00000E+00   0.00000E+00   0.00000E+00
       2   0.00000E+00  0.00000E+00   0.00000E+00   0.00000E+00
   --SCATTERING MATRIX--
     G/G'          1          2
      1      0.00000E+00  0.00000E+00
      2      0.00000E+00  0.00000E+00
    MATERIAL  3
     GROUP   TRANSPORT   ABSORPTION   NU*FISS       FISSION
       1   0.00000E+00  0.00000E+00   0.00000E+00   0.00000E+00
       2   0.00000E+00  0.00000E+00   0.00000E+00   0.00000E+00
   --SCATTERING MATRIX--
     G/G'          1          2
      1      0.00000E+00  0.00000E+00
      2      0.00000E+00  0.00000E+00
    MATERIAL  4
     GROUP   TRANSPORT   ABSORPTION   NU*FISS       FISSION
       1   0.13567E+00  0.15519E-02   0.92069E-03   0.10239E-13
       2   0.99263E+00  0.25266E-01   0.24775E-01   0.32526E-12
   --SCATTERING MATRIX--
     G/G'          1          2
      1      0.00000E+00  0.29319E-01
      2      0.00000E+00  0.00000E+00
    MATERIAL  5
     GROUP   TRANSPORT   ABSORPTION   NU*FISS       FISSION
       1   0.13575E+00  0.16149E-02   0.96416E-03   0.10814E-13
       2   0.98198E+00  0.28667E-01   0.31499E-01   0.41354E-12
   --SCATTERING MATRIX--
     G/G'          1          2
      1      0.00000E+00  0.29270E-01
      2      0.00000E+00  0.00000E+00
    MATERIAL  6
     GROUP   TRANSPORT   ABSORPTION   NU*FISS       FISSION
       1   0.13583E+00  0.16802E-02   0.10141E-02   0.11477E-13
       2   0.97227E+00  0.31957E-01   0.38110E-01   0.50033E-12
   --SCATTERING MATRIX--
     G/G'          1          2
      1      0.00000E+00  0.29215E-01
      2      0.00000E+00  0.00000E+00
    MATERIAL  7
     GROUP   TRANSPORT   ABSORPTION   NU*FISS       FISSION
       1   0.13103E+00  0.16840E-02   0.98195E-03   0.10814E-13
       2   0.93470E+00  0.31424E-01   0.35159E-01   0.46172E-12
   --SCATTERING MATRIX--
     G/G'          1          2
      1      0.00000E+00  0.28249E-01
      2      0.00000E+00  0.00000E+00
    MATERIAL  8
     GROUP   TRANSPORT   ABSORPTION   NU*FISS       FISSION
       1   0.12938E+00  0.17197E-02   0.98844E-03   0.11132E-13
       2   0.91817E+00  0.32472E-01   0.36325E-01   0.47708E-12
   --SCATTERING MATRIX--
     G/G'          1          2
      1      0.00000E+00  0.27890E-01
      2      0.00000E+00  0.00000E+00
    MATERIAL  9
     GROUP   TRANSPORT   ABSORPTION   NU*FISS       FISSION
       1   0.12768E+00  0.17499E-02   0.99518E-03   0.11221E-13
       2   0.90129E+00  0.33594E-01   0.37450E-01   0.49190E-12
   --SCATTERING MATRIX--
     G/G'          1          2
      1      0.00000E+00  0.27520E-01
      2      0.00000E+00  0.00000E+00
    MATERIAL 10
     GROUP   TRANSPORT   ABSORPTION   NU*FISS       FISSION
       1   0.13112E+00  0.17553E-02   0.10352E-02   0.11477E-13
       2   0.92492E+00  0.34985E-01   0.42069E-01   0.58348E-12
   --SCATTERING MATRIX--
     G/G'          1          2
      1      0.00000E+00  0.28188E-01
      2      0.00000E+00  0.00000E+00
    MATERIAL 11
     GROUP   TRANSPORT   ABSORPTION   NU*FISS       FISSION
       1   0.12946E+00  0.17950E-02   0.10429E-02   0.11853E-13
       2   0.90846E+00  0.36103E-01   0.43321E-01   0.56886E-12
   --SCATTERING MATRIX--
     G/G'          1          2
      1      0.00000E+00  0.27826E-01
      2      0.00000E+00  0.00000E+00

  ...Coolant Density Card is sucessfully read...


  ================================================================================================
                        CRITICAL BORON CONCENTRATION SEARCH
  ================================================================================================

   Itr  Boron Concentration          K-EFF    FLUX REL. ERROR   FISS. SOURCE REL. ERROR    DOPPLER ERROR
  ------------------------------------------------------------------------------------------------------
    1     1.053781    3.21801E+00    8.91787E+01
    2     1.015959    1.00000E+00    1.29778E+01
    3     0.987625    5.70125E-01    4.09628E+00
    4     0.978348    3.63436E-01    1.48805E+00
    5     0.971448    2.86085E+03    6.27394E-01
    6     0.985493    1.22347E+00    1.71250E+00
    7     0.985918    1.23580E-01    8.36539E-01
    8     0.986156    8.62153E-02    4.07373E-01
    9     0.986553    7.08702E-02    1.32178E-01
   10     0.993026    7.87713E+00    7.22687E-02
   11     0.991413    7.46782E-01    1.55965E+00
   12     0.991568    1.27345E-01    6.92348E-01
   13     0.991610    5.25067E-02    3.73755E-01
   14     0.991667    2.08665E-02    1.27561E-01
   15     0.992915    8.22049E-01    3.83843E-02
   16     0.992923    2.62243E-01    4.30353E-01
   17     0.992477    5.94624E-02    1.84130E-01
   18     0.992433    4.48958E-02    1.05628E-01
   19     0.992478    3.71764E-02    4.26970E-02
   20     0.993265    6.30978E-01    3.30201E-02
    1     1.003378    1.89018E-02    3.29013E-02
    2     1.003562    2.38285E-02    2.82044E-02
    3     1.003549    2.11271E-02    2.42533E-02
    4     1.003574    1.86356E-02    2.08103E-02
    5     1.004678    1.07856E+00    1.82062E-02
    6     1.004527    3.07179E-01    5.09373E-01
    7     1.004365    3.21998E-02    2.69612E-01
    8     1.004305    2.49785E-02    1.16809E-01
    9     1.004277    1.98348E-02    2.32858E-02
   10     1.003956    2.24801E-01    1.80415E-02
   11     1.004183    9.66827E-02    1.49970E-01
   12     1.004129    1.58520E-02    9.42990E-02
   13     1.004139    1.30474E-02    2.96478E-02
   14     1.004157    1.13042E-02    1.15575E-02
   15     1.004557    2.85293E-01    1.05077E-02
   16     1.004448    1.00308E-01    1.68953E-01
   17     1.004426    1.05937E-02    9.82112E-02
   18     1.004412    7.84984E-03    4.23320E-02
   19     1.004405    6.18709E-03    8.68313E-03
   20     1.004303    8.71753E-02    5.50790E-03
    1        1200.20                1.00430     8.71753E-02          5.50790E-03           8.74346E-05
    1     1.003925    3.78274E-03    4.83878E-03
    2     1.003903    3.32832E-03    3.99036E-03
    3     1.003900    2.64424E-03    3.19213E-03
    4     1.003898    2.04162E-03    2.51108E-03
    5     1.003869    6.43845E-02    1.93446E-03
    6     1.003969    3.01045E-02    4.44723E-02
    7     1.003918    8.67593E-03    1.86104E-02
    8     1.003917    7.41256E-03    1.09836E-02
    9     1.003925    6.71977E-03    6.90879E-03
   10     1.004017    6.88291E-02    6.36187E-03
   11     1.003985    2.31251E-02    4.29147E-02
   12     1.003992    2.79656E-03    2.68029E-02
   13     1.003993    8.81713E-04    1.10949E-02
   14     1.003993    8.10202E-04    2.78253E-03
   15     1.003980    4.43927E-02    7.40704E-04
   16     1.004016    1.73267E-02    2.63820E-02
   17     1.003997    4.18816E-03    1.05345E-02
   18     1.003998    3.69368E-03    5.83325E-03
   19     1.004001    3.28040E-03    3.36852E-03
   20     1.004029    2.17065E-02    3.10804E-03
    2        1205.36                1.00403     2.17065E-02          3.10804E-03           1.16883E-05
    1     0.997561    1.11235E-02    3.91861E-02
    2     0.996990    3.84569E-03    8.45044E-03
    3     0.996890    2.32235E-03    3.39388E-03
    4     0.996867    1.60891E-03    2.15978E-03
    5     0.996818    1.00117E-02    1.53876E-03
    6     0.996874    3.79238E-03    5.59304E-03
    7     0.996855    6.14666E-04    3.52147E-03
    8     0.996851    4.52332E-04    1.13736E-03
    9     0.996849    3.91995E-04    5.61913E-04
   10     0.996817    8.23980E-03    4.18919E-04
   11     0.996859    3.70376E-03    5.38360E-03
   12     0.996838    7.62983E-04    3.35508E-03
   13     0.996836    3.96897E-04    1.87263E-03
   14     0.996836    3.24248E-04    6.54519E-04
   15     0.996862    1.17683E-02    3.09115E-04
   16     0.996853    5.23105E-03    7.28980E-03
   17     0.996852    5.72532E-04    3.72197E-03
   18     0.996851    2.97790E-04    2.02090E-03
   19     0.996850    2.36669E-04    5.65607E-04
   20     0.996837    2.90093E-03    2.61170E-04
    3        1281.27                0.99684     2.90093E-03          2.61170E-04           3.66991E-06
    1     0.999670    4.72113E-03    1.64661E-02
    2     0.999923    1.52974E-03    3.81070E-03
    3     0.999967    8.28475E-04    1.58826E-03
    4     0.999978    5.55361E-04    8.57017E-04
    5     1.000004    3.76247E-03    5.62672E-04
    6     0.999977    1.48608E-03    2.20630E-03
    7     0.999985    3.28975E-04    9.17781E-04
    8     0.999987    2.50719E-04    5.76505E-04
    9     0.999988    2.04603E-04    3.29735E-04
   10     1.000004    5.35765E-03    2.27162E-04
   11     0.999983    2.44943E-03    3.46951E-03
   12     0.999993    4.27389E-04    2.16689E-03
   13     0.999994    2.50450E-04    1.23121E-03
   14     0.999993    1.90098E-04    4.02313E-04
   15     0.999984    5.22966E-03    1.82108E-04
   16     0.999989    2.51863E-03    3.03202E-03
   17     0.999989    2.30080E-04    1.34920E-03
   18     0.999989    1.34131E-04    7.69063E-04
   19     0.999989    1.06484E-04    2.41655E-04
   20     0.999993    1.50428E-03    1.25408E-04
    4        1247.89                0.99999     1.50428E-03          1.25408E-04           1.49521E-06
    1     0.999997    7.85131E-05    9.19689E-05
    2     0.999997    7.93232E-05    7.97877E-05
    3     0.999997    7.55768E-05    7.57614E-05
    4     0.999997    7.15423E-05    7.17539E-05
    5     1.000003    5.34194E-03    6.79233E-05
    6     0.999998    2.34680E-03    3.30780E-03
    7     1.000001    3.51635E-04    1.92116E-03
    8     1.000001    2.16976E-04    1.17405E-03
    9     1.000001    1.78300E-04    4.02825E-04
   10     0.999999    1.46503E-03    1.76382E-04
   11     1.000000    5.59491E-04    8.70291E-04
   12     0.999999    8.87180E-05    3.52975E-04
   13     0.999999    4.31945E-05    1.98632E-04
   14     0.999999    3.42950E-05    6.52427E-05
   15     0.999992    1.84529E-03    3.40025E-05
   16     0.999997    6.98648E-04    1.32219E-03
   17     0.999995    1.66900E-04    8.07612E-04
   18     0.999995    9.62824E-05    4.03245E-04
   19     0.999995    7.19336E-05    1.62777E-04
   20     0.999998    5.20636E-04    8.36414E-05
    5        1247.82                1.00000     5.20636E-04          8.36414E-05           7.98579E-07
    1     0.999999    4.63486E-05    6.10522E-05
    2     0.999999    4.14280E-05    4.86391E-05
    3     0.999999    3.65090E-05    4.01774E-05
    4     1.000000    3.24734E-05    3.52285E-05
    5     1.000003    7.97827E-04    3.13901E-05
    6     1.000000    3.05876E-04    5.32511E-04
    7     1.000002    4.79583E-05    3.28283E-04
    8     1.000002    3.07034E-05    1.79281E-04
    9     1.000002    2.59163E-05    6.18556E-05
   10     0.999999    5.39786E-04    2.63877E-05
   11     1.000001    1.89465E-04    3.66460E-04
   12     1.000000    3.92578E-05    2.26005E-04
   13     1.000000    2.74432E-05    1.14449E-04
   14     1.000000    2.36513E-05    4.53295E-05
   15     1.000002    3.70159E-04    2.16515E-05
   16     1.000001    1.63228E-04    2.20912E-04
   17     1.000001    2.73265E-05    1.32930E-04
   18     1.000001    1.96605E-05    8.16040E-05
   19     1.000001    1.71979E-05    3.03815E-05
   20     1.000000    4.18289E-04    1.64913E-05
    6        1247.79                1.00000     4.18289E-04          1.64913E-05           1.80702E-07
    1     1.000001    1.43171E-05    1.58794E-05
    2     1.000001    1.20777E-05    1.33172E-05
    3     1.000001    1.07406E-05    1.19116E-05
    4     1.000001    9.78475E-06    1.06126E-05
    5     1.000000    8.48906E-04    9.64046E-06
    6     1.000001    3.67823E-04    5.92243E-04
    7     1.000001    6.77847E-05    3.50336E-04
    8     1.000001    4.05296E-05    2.10501E-04
    9     1.000001    3.06301E-05    7.73845E-05
   10     1.000001    1.53355E-04    3.56412E-05
   11     1.000001    5.18310E-05    8.84479E-05
   12     1.000001    1.00049E-05    4.56150E-05
   13     1.000001    5.43657E-06    2.78005E-05
   14     1.000001    4.03057E-06    9.16802E-06
    7        1247.78                1.00000     4.03057E-06          9.16802E-06           1.03332E-07


     Radial Power Distribution
   ==============================
           1       2       3       4       5       6       7       8       9
     9   0.418   0.743   1.001   1.113   1.294   1.156   0.502   0.574   0.000
     8   0.743   0.846   0.907   1.150   1.282   1.215   0.931   0.518   0.000
     7   1.001   0.907   0.562   1.087   1.311   1.230   1.100   0.000   0.000
     6   1.113   1.150   1.087   1.236   1.263   1.265   0.815   0.000   0.000
     5   1.294   1.282   1.311   1.263   1.172   0.923   0.000   0.000   0.000
     4   1.156   1.215   1.230   1.265   0.923   0.000   0.000   0.000   0.000
     3   0.502   0.931   1.100   0.815   0.000   0.000   0.000   0.000   0.000
     2   0.574   0.518   0.000   0.000   0.000   0.000   0.000   0.000   0.000
     1   0.000   0.000   0.000   0.000   0.000   0.000   0.000   0.000   0.000

   MAX POS.       Maximum Value
  (  5,  3)          1.311


     Axial Power Density Distribution
   ====================================

     Plane Number        Power      Height
    -----------------------------------------
        18  (Top)        0.000      427.30
        17               0.147      397.30
        16               0.291      389.30
        15               0.484      376.50
        14               0.792      363.70
        13               1.182      333.70
        12               1.498      303.70
        11               1.721      273.70
        10               1.838      243.70
         9               1.840      213.70
         8               1.729      183.70
         7               1.510      153.70
         6               1.197      123.70
         5               0.811       93.70
         4               0.487       63.70
         3               0.293       48.70
         2               0.180       37.70
         1  (Bottom)     0.000       30.00

   MAX POS.       Maximum Value
    (  9)             1.840

     Radial Flux Distribution
   ==============================
    Group :   1
             1          2          3          4          5          6          7          8          9
     9   1.210E-02  1.612E-02  2.067E-02  2.386E-02  2.662E-02  2.350E-02  1.449E-02  1.032E-02  1.513E-03 
     8   1.612E-02  1.749E-02  1.909E-02  2.372E-02  2.660E-02  2.507E-02  1.854E-02  9.416E-03  1.189E-03 
     7   2.067E-02  1.909E-02  1.617E-02  2.283E-02  2.699E-02  2.604E-02  1.976E-02  4.140E-03  3.097E-04 
     6   2.386E-02  2.372E-02  2.283E-02  2.546E-02  2.652E-02  2.459E-02  1.474E-02  2.017E-03  0.000E+00 
     5   2.662E-02  2.660E-02  2.699E-02  2.652E-02  2.406E-02  1.653E-02  4.089E-03  4.216E-04  0.000E+00 
     4   2.350E-02  2.507E-02  2.604E-02  2.459E-02  1.653E-02  4.278E-03  5.331E-04  0.000E+00  0.000E+00 
     3   1.449E-02  1.854E-02  1.976E-02  1.474E-02  4.089E-03  5.331E-04  0.000E+00  0.000E+00  0.000E+00 
     2   1.032E-02  9.416E-03  4.140E-03  2.017E-03  4.216E-04  0.000E+00  0.000E+00  0.000E+00  0.000E+00 
     1   1.513E-03  1.189E-03  3.097E-04  0.000E+00  0.000E+00  0.000E+00  0.000E+00  0.000E+00  0.000E+00 

    Group :   2
             1          2          3          4          5          6          7          8          9
     9   9.836E-03  1.507E-02  2.432E-02  2.266E-02  3.151E-02  2.348E-02  1.179E-02  1.007E-02  6.601E-04 
     8   1.507E-02  2.055E-02  1.843E-02  2.801E-02  2.608E-02  2.949E-02  1.625E-02  9.060E-03  5.187E-04 
     7   2.432E-02  1.843E-02  1.324E-02  2.207E-02  3.183E-02  2.488E-02  1.922E-02  1.630E-03  1.203E-04 
     6   2.266E-02  2.801E-02  2.207E-02  3.003E-02  2.560E-02  2.206E-02  1.426E-02  8.746E-04  0.000E+00 
     5   3.151E-02  2.608E-02  3.183E-02  2.560E-02  2.844E-02  1.617E-02  1.619E-03  1.640E-04  0.000E+00 
     4   2.348E-02  2.949E-02  2.488E-02  2.206E-02  1.617E-02  1.699E-03  2.061E-04  0.000E+00  0.000E+00 
     3   1.179E-02  1.625E-02  1.922E-02  1.426E-02  1.619E-03  2.061E-04  0.000E+00  0.000E+00  0.000E+00 
     2   1.007E-02  9.060E-03  1.630E-03  8.746E-04  1.640E-04  0.000E+00  0.000E+00  0.000E+00  0.000E+00 
     1   6.601E-04  5.187E-04  1.203E-04  0.000E+00  0.000E+00  0.000E+00  0.000E+00  0.000E+00  0.000E+00 


   HEAT FLUX HOT CHANNEL FACTOR :  2.077

  AVERAGE DOPPLER TEMPERATURE     :   559.2 K (  286.0 C)
  MAX FUEL CENTERLINE TEMPERATURE :   559.2 K (  286.0 C)
  AVERAGE MODERATOR TEMPERATURE   :   559.2 K (  286.0 C)
  MAXIMUM MODERATOR TEMPERATURE   :   559.2 K (  286.0 C)
