                                                                                
      /\               /\                                                       
     //\\             //\\                                                      
    //**\\           //**\\                                                     
   //****\\         //****\\                                                    
  //******\\       //******\\   ____                   _   _           _        
  ---------   /*\   ---------  / __ \                 | \ | |         | |       
             (***)            | |  | |_ __   ___ _ __ |  \| | ___   __| | ___   
              \*/             | |  | | "_ \ / _ \ "_ \| . ` |/ _"\ / _" |/ _ \  
                              | |__| | |_) |  __/ | | | |\  | |_) | (_| |  __/  
              //\\             \____/| .__/ \___)_| |_|_| \_|\___/ \___/ \___|  
             //**\\                  | |                                        
            //****\\                 |_|                                        
           //******\\                                                           
           ----------                                                           
                                                                                
 ____________________________________________________________
          | The OpenNode, Nodal Methods for Neutron Diffusion
 Version  | Version Number: 1.1                              
 Copyright| 2021 Radiation & Nuclear System Laboratory       
          | University Abdelmalk Essaadi                     
          | Faculty of Sciences, Tetouan, Morocco            
 Source   | FORTRAN90 version                                
 GUI      | PyQt5                                            
 Method   | The Nodal Expansion Method (NEM)                 
 Dimension| Three Dimensions (3D)                            
 Geometry | Cartesian                                        
 ____________________________________________________________
                        =====================
   Calculation Mode :    Forward Calculation 
   ----------------     =====================

            --------------------------------------------
            >>>> Writing Macroscopic Cross Sections <<<<
            --------------------------------------------
     Material  1
    Group   Transport    Diffusion  Absorption    Removal      Nu*Fiss      Kap*Fis    Fiss. Spctr
       1     0.265604    1.255001    0.008252    0.033582     0.004602     0.001890     1.000000
       2     1.579770    0.211001    0.100300    0.100300     0.109100     0.044890     0.000000
         --Scattering Matrix--
           G/G'          1          2
            1        0.000000    0.025330
            2        0.000000    0.000000
     Material  2
    Group   Transport    Diffusion  Absorption    Removal      Nu*Fiss      Kap*Fis    Fiss. Spctr
       1     0.262880    1.268006    0.007181    0.034851     0.004609     0.001800     1.000000
       2     1.752540    0.190200    0.070470    0.070470     0.086750     0.035600     0.000000
         --Scattering Matrix--
           G/G'          1          2
            1        0.000000    0.027670
            2        0.000000    0.000000
     Material  3
    Group   Transport    Diffusion  Absorption    Removal      Nu*Fiss      Kap*Fis    Fiss. Spctr
       1     0.264760    1.259002    0.008002    0.034172     0.004663     0.000000     1.000000
       2     1.594133    0.209100    0.083440    0.083440     0.102100     0.135000     0.000000
         --Scattering Matrix--
           G/G'          1          2
            1        0.000000    0.026170
            2        0.000000    0.000000
     Material  4
    Group   Transport    Diffusion  Absorption    Removal      Nu*Fiss      Kap*Fis    Fiss. Spctr
       1     0.264760    1.259002    0.008002    0.034172     0.004663     0.001910     1.000000
       2     1.594133    0.209100    0.073324    0.073324     0.102100     0.042010     0.000000
         --Scattering Matrix--
           G/G'          1          2
            1        0.000000    0.026170
            2        0.000000    0.000000
     Material  5
    Group   Transport    Diffusion  Absorption    Removal      Nu*Fiss      Kap*Fis    Fiss. Spctr
       1     0.265180    1.257008    0.000603    0.048143     0.000000     0.000000     0.000000
       2     2.093800    0.159200    0.019110    0.019110     0.000000     0.000000     0.000000
         --Scattering Matrix--
           G/G'          1          2
            1        0.000000    0.047540
            2        0.000000    0.000000

            -------------------------------
            >>>>>Wrting Core Geometry<<<<<
            -------------------------------
  Number of Assembly in x, y and z Directions Respectively :
          11          11           1
  Number of Nodes in x, y and z Directions Respectively :
          11          11           1

  x-Directed Nodes Divison (Delta-x)
    15.00  15.00  15.00  15.00  15.00  15.00  15.00  15.00  15.00  15.00
    15.00
  y-Directed Nodes Divison (Delta-y)
    15.00  15.00  15.00  15.00  15.00  15.00  15.00  15.00  15.00  15.00
    15.00
  Planar Region :  1
        1  2  3  4  5  6  7  8  9 10 11
    11  2  1  1  1  1  2  2  3  3  5  5 
    10  1  1  1  1  1  1  1  3  3  5  5 
     9  1  1  1  1  1  1  1  3  3  5  5 
     8  1  1  1  1  1  1  1  3  3  5  5 
     7  1  1  1  1  1  1  1  3  3  5  5 
     6  2  1  1  1  1  2  2  3  3  5  5 
     5  2  1  1  1  1  2  2  3  3  5  5 
     4  3  3  3  3  3  3  3  4  5  5  5 
     3  3  3  3  3  3  3  3  5  5  5  5 
     2  5  5  5  5  5  5  5  5  5  5  5 
     1  5  5  5  5  5  5  5  5  5  5  5 

  Planar Region Assignment to Planes.
 -------------------------------------
   Plane Number     Planar Region    Delta-z
        1 (Top)            1          15.00

   Boundary Conditions
   -------------------
  X-Directed West   : Reflective
  X-Directed East   : Zero Flux
  Y-Directed North  : Zero Flux
  Y-Directed South  : Reflective
  Z-Directed Bottom : Reflective
  Z-Directed Top    : Reflective

  ...Core Geometry is Sucessfully Read...
     ---------------------------------


  ================================================================================================
                                        Calculation Results
  ================================================================================================

   Iteration    Keff     FissSrc Error   Inner Error
  ----------------------------------------------------
       1       0.961292    3.67353E+00    5.96242E+00
       2       1.160755    4.52559E-01    5.56631E+00
       3       1.053786    2.80417E-01    4.84808E+00
       4       0.996054    2.11915E-01    4.64046E+00
     ...Fission Source Extrapolated...
       5       0.954405    3.77096E-01    4.60322E+00
       6       0.973634    4.51149E-02    5.93060E+00
       7       0.973786    7.62091E-02    1.01605E+01
       8       0.974899    7.04704E-02    7.14784E-01
       9       0.976348    6.57521E-02    7.07798E-01
     ...Fission Source Extrapolated...
      10       1.001758    8.30039E+01    7.02570E-01
      11       0.989272    1.03189E+00    1.83872E+00
      12       0.991918    4.52145E-02    6.95807E-01
      13       0.992019    3.22054E-02    6.97562E-01
      14       0.991985    3.09133E-02    6.99932E-01
     ...Fission Source Extrapolated...
      15       0.993357    4.72306E+00    7.06625E-01
      16       0.994679    6.53625E-01    1.15252E+00
      17       0.994997    8.37996E-02    1.14997E+00
      18       0.995365    5.16471E-02    9.56927E-01
      19       0.995656    3.92040E-02    9.56818E-01
     ...Fission Source Extrapolated...
      20       0.997202    2.62558E-01    2.12637E+00
      21       0.996416    8.50972E-02    3.70437E+00
      22       0.996591    5.08853E-03    2.27558E-01
      23       0.996621    4.75758E-03    2.61325E-01
      24       0.996638    4.66901E-03    1.82844E-01
     ...Fission Source Extrapolated...
      25       0.997135    1.54918E-01    8.26107E-02
      26       0.996962    5.18869E-02    1.04228E-01
      27       0.997022    2.54413E-03    1.97735E-01
      28       0.997019    1.66512E-03    1.28208E-01
      29       0.997016    1.52343E-03    1.08133E-01
     ...Fission Source Extrapolated...
      30       0.997046    7.00505E-02    1.39741E-02
      31       0.997076    2.92054E-02    4.28461E-02
      32       0.997097    4.05714E-03    4.37775E-02
      33       0.997090    3.05395E-03    1.15865E-02
      34       0.997087    2.52227E-03    3.19747E-02
     ...Fission Source Extrapolated...
      35       0.997087    2.50283E-02    9.68330E-03
      36       0.997101    9.78721E-03    1.46846E-02
      37       0.997107    1.45272E-03    6.74969E-02
      38       0.997105    1.18739E-03    3.76391E-02
      39       0.997104    1.05695E-03    3.85174E-02
     ...Fission Source Extrapolated...
      40       0.997035    6.84484E-02    7.33452E-03
      41       0.997074    3.15796E-02    4.23729E-02
      42       0.997083    2.61913E-03    1.80983E-01
      43       0.997074    1.86675E-03    8.82337E-02
      44       0.997069    1.38335E-03    1.18257E-01
     ...Fission Source Extrapolated...
      45       0.997036    2.00868E-02    1.90835E-02
      46       0.997074    8.93924E-03    1.09560E-02
      47       0.997076    1.06854E-03    4.19973E-03
      48       0.997076    7.24359E-04    1.90760E-03
      49       0.997077    5.69201E-04    3.73272E-03
     ...Fission Source Extrapolated...
      50       0.997114    2.43751E-02    3.14766E-03
      51       0.997093    1.15266E-02    1.41172E-02
      52       0.997098    1.39197E-03    4.72931E-02
      53       0.997094    9.87407E-04    2.45640E-02
      54       0.997092    7.46088E-04    2.81172E-02
     ...Fission Source Extrapolated...
      55       0.997072    6.71584E-03    4.76479E-03
      56       0.997086    2.84055E-03    3.60637E-03
      57       0.997085    2.95844E-04    1.76633E-03
      58       0.997085    1.87375E-04    8.84036E-04
      59       0.997085    1.48069E-04    1.72479E-03
     ...Fission Source Extrapolated...
      60       0.997091    7.32272E-03    1.00351E-03
      61       0.997086    3.22771E-03    4.44865E-03
      62       0.997088    2.63166E-04    2.88155E-02
      63       0.997087    1.81843E-04    1.32571E-02
      64       0.997085    1.37737E-04    1.59376E-02
     ...Fission Source Extrapolated...
      65       0.997072    2.10435E-03    2.58083E-03
      66       0.997083    9.90957E-04    1.10056E-03
      67       0.997083    2.10605E-04    2.45421E-03
      68       0.997083    1.46256E-04    1.10866E-03
      69       0.997083    1.16231E-04    1.73078E-03
     ...Fission Source Extrapolated...
      70       0.997090    3.01337E-03    6.30406E-04
      71       0.997085    1.40497E-03    1.69012E-03
      72       0.997086    1.57520E-04    7.89288E-03
      73       0.997086    9.69772E-05    3.90278E-03
      74       0.997085    6.46593E-05    4.36867E-03
     ...Fission Source Extrapolated...
      75       0.997078    1.04427E-03    7.68934E-04
      76       0.997084    5.31971E-04    5.59002E-04
      77       0.997083    1.37210E-04    1.92346E-03
      78       0.997084    9.25592E-05    8.40483E-04
      79       0.997084    7.21799E-05    1.25663E-03
     ...Fission Source Extrapolated...
      80       0.997088    2.12013E-03    3.33910E-04
      81       0.997085    1.00661E-03    1.17876E-03
      82       0.997085    1.20457E-04    5.54511E-03
      83       0.997085    7.40687E-05    2.58358E-03
      84       0.997085    4.89076E-05    2.93046E-03
     ...Fission Source Extrapolated...
      85       0.997081    6.46033E-04    4.81424E-04
      86       0.997084    3.64979E-04    3.32736E-04
      87       0.997084    8.57149E-05    9.31562E-04
      88       0.997084    5.66683E-05    4.06620E-04
      89       0.997084    4.35515E-05    6.34960E-04
     ...Fission Source Extrapolated...
      90       0.997086    1.19245E-03    1.82810E-04
      91       0.997084    5.66906E-04    6.59089E-04
      92       0.997085    6.84365E-05    2.99829E-03
      93       0.997085    4.13919E-05    1.39684E-03
      94       0.997084    2.69509E-05    1.58612E-03
     ...Fission Source Extrapolated...
      95       0.997082    4.04980E-04    2.66206E-04
      96       0.997084    2.36454E-04    2.12975E-04
      97       0.997084    5.80901E-05    7.00700E-04
      98       0.997084    3.81222E-05    3.06345E-04
      99       0.997084    2.89837E-05    4.56816E-04
     ...Fission Source Extrapolated...
     100       0.997085    5.85162E-04    1.16545E-04
     101       0.997084    2.74857E-04    3.19868E-04
     102       0.997084    3.22934E-05    1.30799E-03
     103       0.997084    1.85512E-05    6.20477E-04
     104       0.997084    1.15061E-05    6.97894E-04
     ...Fission Source Extrapolated...
     105       0.997082    3.20122E-04    1.23831E-04
     106       0.997084    1.72165E-04    1.81777E-04
     107       0.997084    4.91451E-05    8.60444E-04
     108       0.997084    3.19593E-05    3.64394E-04
     109       0.997084    2.39150E-05    5.07157E-04
     ...Fission Source Extrapolated...
     110       0.997084    2.82305E-04    1.01072E-04
     111       0.997084    1.27052E-04    1.51338E-04
     112       0.997084    1.33063E-05    4.63792E-04
     113       0.997084    6.67168E-06    2.32678E-04
     114       0.997084    5.17708E-06    2.53677E-04
     ...Fission Source Extrapolated...
     115       0.997083    2.58816E-04    5.26794E-05
     116       0.997084    1.15624E-04    1.53170E-04
     117       0.997084    3.40415E-05    9.82424E-04
     118       0.997084    2.18180E-05    4.17642E-04
     119       0.997084    1.61703E-05    5.49650E-04
     ...Fission Source Extrapolated...
     120       0.997084    1.49428E-04    9.49765E-05
     121       0.997084    6.55036E-05    7.89430E-05
     122       0.997084    6.39551E-06    1.85302E-04
     123       0.997084    2.98255E-06    9.74343E-05
     124       0.997084    2.37817E-06    1.04377E-04
     ...Fission Source Extrapolated...
     125       0.997084    1.17352E-04    2.77705E-05
     126       0.997084    5.19367E-05    7.19703E-05
     127       0.997084    1.46021E-05    4.87644E-04
     128       0.997084    9.28766E-06    2.17769E-04
     129       0.997084    6.87875E-06    2.77300E-04
     ...Fission Source Extrapolated...
     130       0.997084    6.95851E-05    4.82257E-05
     131       0.997084    3.10752E-05    3.67287E-05
     132       0.997084    3.17723E-06    8.59358E-05
     133       0.997084    1.58086E-06    4.41532E-05
     134       0.997084    1.22251E-06    4.86858E-05
     ...Fission Source Extrapolated...
     135       0.997084    4.81097E-05    1.36807E-05
     136       0.997084    2.19595E-05    2.82955E-05
     137       0.997084    5.98897E-06    1.95822E-04
     138       0.997084    3.80799E-06    9.01724E-05
     139       0.997084    2.83284E-06    1.13191E-04
     ...Fission Source Extrapolated...
     140       0.997084    3.59379E-05    1.99751E-05
     141       0.997084    1.65260E-05    1.90890E-05
     142       0.997084    1.81352E-06    5.18403E-05
     143       0.997084    9.32783E-07    2.46194E-05
     144       0.997084    7.11765E-07    2.82597E-05
     ...Fission Source Extrapolated...
     145       0.997084    2.21983E-05    7.11456E-06
     146       0.997084    1.02190E-05    1.24984E-05
     147       0.997084    2.79886E-06    8.42714E-05
     148       0.997084    1.79165E-06    3.94919E-05
     149       0.997084    1.34457E-06    4.91488E-05
     ...Fission Source Extrapolated...
     150       0.997084    2.10448E-05    8.71546E-06
     151       0.997084    9.80122E-06    1.13192E-05
     152       0.997084    1.08992E-06    3.46119E-05
     153       0.997084    5.77498E-07    1.54042E-05
     154       0.997084    4.36601E-07    1.83411E-05
     ...Fission Source Extrapolated...
     155       0.997084    1.20945E-05    4.18308E-06
     156       0.997084    5.61955E-06    6.71604E-06

 ***********************************************
Effective Factor Multiplication : Keff = 0.997084
 ***********************************************


     Radial Power Distribution
   ==============================
           1       2       3       4       5       6       7       8       9      10      11
    11   0.040   0.032   0.031   0.033   0.040   0.058   0.070   0.199   0.137   0.000   0.000
    10   0.103   0.098   0.098   0.105   0.121   0.147   0.177   0.592   0.422   0.000   0.000
     9   0.189   0.183   0.181   0.192   0.219   0.259   0.310   1.047   0.744   0.000   0.000
     8   0.329   0.306   0.290   0.305   0.356   0.425   0.498   1.621   1.120   0.000   0.000
     7   0.592   0.491   0.430   0.448   0.552   0.718   0.813   2.347   1.510   0.000   0.000
     6   1.095   0.732   0.588   0.606   0.798   1.253   1.361   3.067   1.742   0.000   0.000
     5   1.340   0.920   0.752   0.765   0.965   1.440   1.490   3.096   1.602   0.000   0.000
     4   3.392   2.901   2.588   2.606   2.942   3.392   3.215   0.919   0.000   0.000   0.000
     3   2.128   1.979   1.844   1.845   1.959   1.990   1.712   0.000   0.000   0.000   0.000
     2   0.000   0.000   0.000   0.000   0.000   0.000   0.000   0.000   0.000   0.000   0.000
     1   0.000   0.000   0.000   0.000   0.000   0.000   0.000   0.000   0.000   0.000   0.000

   MAX POS.       Maximum Value
  (  4,  1)          3.392


     Axial Power Density Distribution
   ====================================

     Plane Number        Power      Height
    -----------------------------------------
         1  (Top)        1.000       15.00

   MAX POS.       Maximum Value
    (  1)             1.000

     Radial Flux Distribution
   ==============================
    Group :   1
             1          2          3          4          5          6          7          8          9         10         11
    11   8.666E-04  7.814E-04  7.682E-04  8.257E-04  9.758E-04  1.268E-03  1.517E-03  1.536E-03  9.929E-04  1.600E-04  8.106E-06 
    10   2.515E-03  2.427E-03  2.422E-03  2.590E-03  2.978E-03  3.587E-03  4.296E-03  4.645E-03  3.061E-03  4.926E-04  2.490E-05 
     9   4.679E-03  4.521E-03  4.461E-03  4.734E-03  5.410E-03  6.389E-03  7.576E-03  8.219E-03  5.400E-03  8.655E-04  4.345E-05 
     8   8.147E-03  7.562E-03  7.158E-03  7.531E-03  8.782E-03  1.052E-02  1.221E-02  1.273E-02  8.138E-03  1.286E-03  6.377E-05 
     7   1.429E-02  1.210E-02  1.062E-02  1.107E-02  1.361E-02  1.735E-02  1.947E-02  1.841E-02  1.100E-02  1.690E-03  8.197E-05 
     6   2.348E-02  1.773E-02  1.454E-02  1.498E-02  1.931E-02  2.687E-02  2.903E-02  2.358E-02  1.276E-02  1.872E-03  8.709E-05 
     5   2.862E-02  2.207E-02  1.841E-02  1.873E-02  2.316E-02  3.073E-02  3.161E-02  2.360E-02  1.085E-02  1.435E-03  7.400E-05 
     4   2.609E-02  2.275E-02  2.032E-02  2.046E-02  2.308E-02  2.609E-02  2.451E-02  1.628E-02  3.641E-03  4.579E-04  2.474E-05 
     3   1.550E-02  1.438E-02  1.339E-02  1.340E-02  1.425E-02  1.456E-02  1.161E-02  3.747E-03  7.012E-04  6.185E-05  3.067E-06 
     2   2.406E-03  2.271E-03  2.147E-03  2.142E-03  2.224E-03  2.173E-03  1.567E-03  4.813E-04  6.276E-05  3.137E-06  0.000E+00 
     1   1.322E-04  1.254E-04  1.190E-04  1.186E-04  1.217E-04  1.170E-04  9.200E-05  2.633E-05  2.181E-06  0.000E+00  0.000E+00 

    Group :   2
             1          2          3          4          5          6          7          8          9         10         11
    11   8.753E-04  5.517E-04  5.325E-04  5.723E-04  6.900E-04  1.282E-03  1.544E-03  1.321E-03  9.080E-04  8.601E-04  8.190E-05 
    10   1.766E-03  1.684E-03  1.680E-03  1.796E-03  2.067E-03  2.518E-03  3.049E-03  3.932E-03  2.800E-03  2.648E-03  2.518E-04 
     9   3.245E-03  3.136E-03  3.094E-03  3.284E-03  3.752E-03  4.428E-03  5.311E-03  6.954E-03  4.940E-03  4.649E-03  4.396E-04 
     8   5.641E-03  5.243E-03  4.965E-03  5.223E-03  6.089E-03  7.282E-03  8.543E-03  1.077E-02  7.439E-03  6.891E-03  6.450E-04 
     7   1.018E-02  8.406E-03  7.367E-03  7.676E-03  9.461E-03  1.235E-02  1.399E-02  1.559E-02  1.003E-02  9.026E-03  8.288E-04 
     6   2.434E-02  1.259E-02  1.007E-02  1.037E-02  1.372E-02  2.785E-02  3.027E-02  2.037E-02  1.157E-02  9.921E-03  8.792E-04 
     5   2.980E-02  1.583E-02  1.289E-02  1.312E-02  1.662E-02  3.201E-02  3.316E-02  2.057E-02  1.064E-02  7.724E-03  6.903E-04 
     4   2.253E-02  1.927E-02  1.719E-02  1.731E-02  1.955E-02  2.253E-02  2.136E-02  1.759E-02  1.731E-02  3.470E-03  2.927E-04 
     3   1.413E-02  1.314E-02  1.225E-02  1.226E-02  1.301E-02  1.322E-02  1.137E-02  1.780E-02  5.306E-03  6.961E-04  4.574E-05 
     2   1.288E-02  1.218E-02  1.154E-02  1.150E-02  1.191E-02  1.155E-02  8.450E-03  3.648E-03  7.071E-04  5.730E-05  2.952E-07 
     1   1.334E-03  1.267E-03  1.205E-03  1.200E-03  1.229E-03  1.174E-03  8.624E-04  3.225E-04  3.951E-05  0.000E+00  0.000E+00 


 Total Time :    1.31250000     Seconds
