                                                                                
      /\               /\                                                       
     //\\             //\\                                                      
    //**\\           //**\\                                                     
   //****\\         //****\\                                                    
  //******\\       //******\\   ____                   _   _           _        
  ---------   /*\   ---------  / __ \                 | \ | |         | |       
             (***)            | |  | |_ __   ___ _ __ |  \| | ___   __| | ___   
              \*/             | |  | | "_ \ / _ \ "_ \| . ` |/ _"\ / _" |/ _ \  
                              | |__| | |_) |  __/ | | | |\  | |_) | (_| |  __/  
              //\\             \____/| .__/ \___)_| |_|_| \_|\___/ \___/ \___|  
             //**\\                  | |                                        
            //****\\                 |_|                                        
           //******\\                                                           
           ----------                                                           
                                                                                
 ____________________________________________________________
          | The OpenNode, Nodal Methods for Neutron Diffusion
 Version  | Version Number: 1.1                              
 Copyright| 2021 Radiation & Nuclear System Laboratory       
          | University Abdelmalk Essaadi                     
          | Faculty of Sciences, Tetouan, Morocco            
 Source   | FORTRAN90 version                                
 GUI      | PyQt5                                            
 Method   | The Nodal Expansion Method (NEM)                 
 Dimension| Three Dimensions (3D)                            
 Geometry | Cartesian                                        
 ____________________________________________________________
                        =====================
   Calculation Mode :    Forward Calculation 
   ----------------     =====================

            --------------------------------------------
            >>>> Writing Macroscopic Cross Sections <<<<
            --------------------------------------------
     Material  1
    Group   Transport    Diffusion  Absorption    Removal      Nu*Fiss      Kap*Fis    Fiss. Spctr
       1     0.222222    1.500002    0.010120    0.030120     0.000000     0.000000     1.000000
       2     0.833333    0.400000    0.080032    0.080032     0.135000     0.135000     0.000000
         --Scattering Matrix--
           G/G'          1          2
            1        0.000000    0.020000
            2        0.000000    0.000000
     Material  2
    Group   Transport    Diffusion  Absorption    Removal      Nu*Fiss      Kap*Fis    Fiss. Spctr
       1     0.222222    1.500002    0.010120    0.030120     0.000000     0.000000     1.000000
       2     0.833333    0.400000    0.085032    0.085032     0.135000     0.135000     0.000000
         --Scattering Matrix--
           G/G'          1          2
            1        0.000000    0.020000
            2        0.000000    0.000000
     Material  3
    Group   Transport    Diffusion  Absorption    Removal      Nu*Fiss      Kap*Fis    Fiss. Spctr
       1     0.222222    1.500002    0.010120    0.030120     0.000000     0.000000     1.000000
       2     0.833333    0.400000    0.130032    0.130032     0.135000     0.135000     0.000000
         --Scattering Matrix--
           G/G'          1          2
            1        0.000000    0.020000
            2        0.000000    0.000000
     Material  4
    Group   Transport    Diffusion  Absorption    Removal      Nu*Fiss      Kap*Fis    Fiss. Spctr
       1     0.166667    1.999996    0.000160    0.040160     0.000000     0.000000     1.000000
       2     1.111111    0.300000    0.010024    0.010024     0.000000     0.000000     0.000000
         --Scattering Matrix--
           G/G'          1          2
            1        0.000000    0.040000
            2        0.000000    0.000000

            -------------------------------
            >>>>>Wrting Core Geometry<<<<<
            -------------------------------
  Number of Assembly in x, y and z Directions Respectively :
           9           9           1
  Number of Nodes in x, y and z Directions Respectively :
          17          17           1

  x-Directed Nodes Divison (Delta-x)
    10.00  10.00  10.00  10.00  10.00  10.00  10.00  10.00  10.00  10.00
    10.00  10.00  10.00  10.00  10.00  10.00  10.00
  y-Directed Nodes Divison (Delta-y)
    10.00  10.00  10.00  10.00  10.00  10.00  10.00  10.00  10.00  10.00
    10.00  10.00  10.00  10.00  10.00  10.00  10.00
  Planar Region :  1
        1  2  3  4  5  6  7  8  9 10 11 12 13 14 15 16 17
    17  3  2  2  2  2  2  2  3  3  2  2  2  2  1  1  4  4 
    16  2  2  2  2  2  2  2  2  2  2  2  2  2  1  1  4  4 
    15  2  2  2  2  2  2  2  2  2  2  2  2  2  1  1  4  4 
    14  2  2  2  2  2  2  2  2  2  2  2  1  1  1  1  4  4 
    13  2  2  2  2  2  2  2  2  2  2  2  1  1  1  1  4  4 
    12  2  2  2  2  2  2  2  2  2  2  2  1  1  4  4  4  4 
    11  2  2  2  2  2  2  2  2  2  2  2  1  1  4  4  4  4 
    10  3  2  2  2  2  2  2  3  3  1  1  1  1  4  4       
     9  3  2  2  2  2  2  2  3  3  1  1  1  1  4  4       
     8  2  2  2  2  2  2  2  1  1  1  1  4  4  4  4       
     7  2  2  2  2  2  2  2  1  1  1  1  4  4  4  4       
     6  2  2  2  1  1  1  1  1  1  4  4  4  4             
     5  2  2  2  1  1  1  1  1  1  4  4  4  4             
     4  1  1  1  1  1  4  4  4  4  4  4                   
     3  1  1  1  1  1  4  4  4  4  4  4                   
     2  4  4  4  4  4  4  4                               
     1  4  4  4  4  4  4  4                               

  Planar Region Assignment to Planes.
 -------------------------------------
   Plane Number     Planar Region    Delta-z
        1 (Top)            1          20.00

   Boundary Conditions
   -------------------
  X-Directed West   : Reflective
  X-Directed East   : Zero Incoming Current
  Y-Directed North  : Reflective
  Y-Directed South  : Zero Incoming Current
  Z-Directed Bottom : Reflective
  Z-Directed Top    : Reflective

  ...Core Geometry is Sucessfully Read...
     ---------------------------------


  ================================================================================================
                                        Calculation Results
  ================================================================================================

   Iteration    Keff     FissSrc Error   Inner Error
  ----------------------------------------------------
       1       1.222142    9.34204E-01    1.81408E+00
       2       1.201515    1.59263E-01    4.37239E+00
       3       1.105668    1.99855E-01    7.91326E-01
       4       1.058155    1.14636E-01    4.09144E-01
     ...Fission Source Extrapolated...
       5       1.019674    1.59813E-01    3.18755E-01
       6       1.029697    2.21774E-02    2.47709E-01
       7       1.026509    4.92865E-02    1.95107E-01
       8       1.025317    4.33541E-02    1.49302E-01
       9       1.025017    3.80761E-02    1.14991E-01
     ...Fission Source Extrapolated...
      10       1.025810    6.16557E-01    8.93234E-02
      11       1.027345    2.54393E-01    2.78696E-01
      12       1.027916    1.74748E-02    2.00442E-01
      13       1.027695    1.86784E-02    6.92926E-02
      14       1.027542    1.79799E-02    5.03114E-02
     ...Fission Source Extrapolated...
      15       1.025627    1.03478E+00    3.91076E-02
      16       1.028757    3.93080E-01    4.04708E-01
      17       1.029103    1.24218E-02    2.55174E-01
      18       1.028881    5.65332E-03    5.46735E-02
      19       1.028742    6.02321E-03    3.60516E-02
     ...Fission Source Extrapolated...
      20       1.027215    1.46163E-01    2.62579E-02
      21       1.029089    8.99846E-02    7.17821E-02
      22       1.029145    7.94918E-03    5.10649E-02
      23       1.029047    4.05056E-03    1.52174E-02
      24       1.028985    3.70985E-03    1.05698E-02
     ...Fission Source Extrapolated...
      25       1.027527    1.55975E-01    8.02990E-03
      26       1.029177    8.51638E-02    8.90318E-02
      27       1.029302    5.92730E-03    6.17687E-02
      28       1.029269    3.44941E-03    1.46409E-02
      29       1.029255    3.42909E-03    1.02386E-02
     ...Fission Source Extrapolated...
      30       1.029254    4.07332E-02    7.93814E-03
      31       1.029377    2.21174E-02    2.18228E-02
      32       1.029401    1.86122E-03    1.60510E-02
      33       1.029383    1.40536E-03    6.20923E-03
      34       1.029370    1.39707E-03    4.45423E-03
     ...Fission Source Extrapolated...
      35       1.029094    7.17993E-02    3.45566E-03
      36       1.029459    4.15512E-02    4.20101E-02
      37       1.029506    2.75045E-03    2.83830E-02
      38       1.029492    1.35645E-03    6.88625E-03
      39       1.029484    1.39934E-03    4.70967E-03
     ...Fission Source Extrapolated...
      40       1.029456    2.04725E-02    3.60592E-03
      41       1.029530    1.16674E-02    1.10114E-02
      42       1.029540    8.88066E-04    8.03442E-03
      43       1.029532    6.27205E-04    2.88549E-03
      44       1.029526    5.91492E-04    2.03081E-03
     ...Fission Source Extrapolated...
      45       1.029427    2.26457E-02    1.55754E-03
      46       1.029547    1.32909E-02    1.34947E-02
      47       1.029559    9.85808E-04    9.20996E-03
      48       1.029556    5.59290E-04    2.44182E-03
      49       1.029554    5.68904E-04    1.71246E-03
     ...Fission Source Extrapolated...
      50       1.029553    1.05923E-02    1.32457E-03
      51       1.029575    6.14608E-03    5.95016E-03
      52       1.029579    4.97395E-04    4.25316E-03
      53       1.029576    3.19706E-04    1.31631E-03
      54       1.029574    2.74659E-04    9.13958E-04
     ...Fission Source Extrapolated...
      55       1.029530    1.00286E-02    7.01460E-04
      56       1.029580    5.88517E-03    6.05178E-03
      57       1.029584    4.77118E-04    4.13444E-03
      58       1.029583    2.83436E-04    1.11542E-03
      59       1.029583    2.83181E-04    8.03900E-04
     ...Fission Source Extrapolated...
      60       1.029587    4.76718E-03    6.18492E-04
      61       1.029592    2.73293E-03    2.70333E-03
      62       1.029594    2.38316E-04    1.93387E-03
      63       1.029593    1.57447E-04    6.12525E-04
      64       1.029592    1.36351E-04    4.29203E-04
     ...Fission Source Extrapolated...
      65       1.029572    5.61211E-03    3.31631E-04
      66       1.029594    3.31777E-03    3.41081E-03
      67       1.029596    2.55681E-04    2.32247E-03
      68       1.029596    1.47570E-04    6.07101E-04
      69       1.029596    1.44932E-04    4.35842E-04
     ...Fission Source Extrapolated...
      70       1.029598    1.86640E-03    3.27992E-04
      71       1.029599    1.03569E-03    1.04510E-03
      72       1.029600    9.93926E-05    7.59990E-04
      73       1.029599    7.11301E-05    2.77365E-04
      74       1.029599    6.81395E-05    1.99376E-04
     ...Fission Source Extrapolated...
      75       1.029592    3.49080E-03    1.56110E-04
      76       1.029601    2.08660E-03    2.12929E-03
      77       1.029602    1.37711E-04    1.44275E-03
      78       1.029601    6.99084E-05    3.53183E-04
      79       1.029601    6.95285E-05    2.48014E-04
     ...Fission Source Extrapolated...
      80       1.029601    6.96139E-04    1.81129E-04
      81       1.029602    3.72619E-04    3.76548E-04
      82       1.029602    3.83167E-05    2.81321E-04
      83       1.029602    3.28195E-05    1.26164E-04
      84       1.029602    3.33036E-05    9.26316E-05
     ...Fission Source Extrapolated...
      85       1.029600    2.02199E-03    7.30031E-05
      86       1.029603    1.22589E-03    1.22536E-03
      87       1.029604    6.94625E-05    8.28381E-04
      88       1.029603    2.56830E-05    1.88602E-04
      89       1.029603    2.78297E-05    1.29089E-04
     ...Fission Source Extrapolated...
      90       1.029603    2.96162E-04    9.19204E-05
      91       1.029604    1.64730E-04    1.51289E-04
      92       1.029604    1.64910E-05    1.15151E-04
      93       1.029604    1.31447E-05    5.63629E-05
      94       1.029604    1.36189E-05    4.10171E-05
     ...Fission Source Extrapolated...
      95       1.029603    8.03633E-04    3.19297E-05
      96       1.029604    4.88758E-04    4.84712E-04
      97       1.029604    2.76931E-05    3.27739E-04
      98       1.029604    9.24207E-06    7.42732E-05
      99       1.029604    1.01234E-05    5.03104E-05
     ...Fission Source Extrapolated...
     100       1.029604    1.16224E-04    3.60168E-05
     101       1.029604    6.56534E-05    5.90603E-05
     102       1.029604    7.22620E-06    4.49753E-05
     103       1.029604    5.21199E-06    2.18772E-05
     104       1.029604    5.47070E-06    1.59395E-05
     ...Fission Source Extrapolated...
     105       1.029604    3.21140E-04    1.24561E-05
     106       1.029604    1.93713E-04    1.96119E-04
     107       1.029604    1.16357E-05    1.32139E-04
     108       1.029604    4.05060E-06    3.02732E-05
     109       1.029604    4.33842E-06    2.07176E-05
     ...Fission Source Extrapolated...
     110       1.029604    4.87606E-05    1.48039E-05
     111       1.029604    2.75221E-05    2.47839E-05
     112       1.029604    3.14597E-06    1.88787E-05
     113       1.029604    2.23694E-06    9.08314E-06

 ***********************************************
Effective Factor Multiplication : Keff = 1.029604
 ***********************************************


     Radial Power Distribution
   ==============================
           1       2       3       4       5       6       7       8       9
     9   0.745   1.309   1.453   1.211   0.609   0.935   0.934   0.754   0.000
     8   1.309   1.435   1.479   1.315   1.070   1.036   0.950   0.735   0.000
     7   1.453   1.479   1.469   1.345   1.179   1.070   0.975   0.692   0.000
     6   1.210   1.315   1.345   1.193   0.967   0.906   0.846   0.000   0.000
     5   0.609   1.069   1.179   0.967   0.470   0.686   0.597   0.000   0.000
     4   0.935   1.036   1.070   0.906   0.686   0.585   0.000   0.000   0.000
     3   0.934   0.950   0.975   0.846   0.597   0.000   0.000   0.000   0.000
     2   0.754   0.735   0.692   0.000   0.000   0.000   0.000   0.000   0.000
     1   0.000   0.000   0.000   0.000   0.000   0.000   0.000   0.000   0.000

   MAX POS.       Maximum Value
  (  8,  3)          1.479


     Axial Power Density Distribution
   ====================================

     Plane Number        Power      Height
    -----------------------------------------
         1  (Top)        1.000       20.00

   MAX POS.       Maximum Value
    (  1)             1.000

     Radial Flux Distribution
   ==============================
    Group :   1
             1          2          3          4          5          6          7          8          9
     9   1.944E-02  2.509E-02  2.747E-02  2.317E-02  1.590E-02  1.793E-02  1.761E-02  1.217E-02  2.013E-03 
     8   2.509E-02  2.714E-02  2.796E-02  2.487E-02  2.049E-02  1.960E-02  1.787E-02  1.189E-02  1.923E-03 
     7   2.747E-02  2.796E-02  2.776E-02  2.542E-02  2.229E-02  2.018E-02  1.742E-02  9.978E-03  1.456E-03 
     6   2.317E-02  2.487E-02  2.542E-02  2.256E-02  1.851E-02  1.707E-02  1.353E-02  3.559E-03  4.288E-04 
     5   1.590E-02  2.049E-02  2.228E-02  1.851E-02  1.221E-02  1.245E-02  8.649E-03  1.450E-03  0.000E+00 
     4   1.793E-02  1.959E-02  2.018E-02  1.707E-02  1.245E-02  8.397E-03  2.389E-03  3.462E-04  0.000E+00 
     3   1.761E-02  1.786E-02  1.742E-02  1.353E-02  8.648E-03  2.389E-03  3.890E-04  0.000E+00  0.000E+00 
     2   1.216E-02  1.188E-02  9.975E-03  3.558E-03  1.450E-03  3.462E-04  0.000E+00  0.000E+00  0.000E+00 
     1   2.012E-03  1.922E-03  1.455E-03  4.287E-04  0.000E+00  0.000E+00  0.000E+00  0.000E+00  0.000E+00 

    Group :   2
             1          2          3          4          5          6          7          8          9
     9   1.116E-02  1.963E-02  2.178E-02  1.814E-02  9.133E-03  1.401E-02  1.400E-02  1.130E-02  1.610E-02 
     8   1.963E-02  2.150E-02  2.217E-02  1.971E-02  1.603E-02  1.553E-02  1.424E-02  1.102E-02  1.531E-02 
     7   2.178E-02  2.217E-02  2.201E-02  2.016E-02  1.767E-02  1.604E-02  1.461E-02  1.037E-02  1.178E-02 
     6   1.814E-02  1.970E-02  2.015E-02  1.788E-02  1.449E-02  1.359E-02  1.268E-02  2.520E-02  5.697E-03 
     5   9.132E-03  1.603E-02  1.767E-02  1.449E-02  7.047E-03  1.028E-02  8.952E-03  1.220E-02  0.000E+00 
     4   1.401E-02  1.553E-02  1.604E-02  1.359E-02  1.028E-02  8.773E-03  1.686E-02  4.547E-03  0.000E+00 
     3   1.400E-02  1.424E-02  1.461E-02  1.268E-02  8.951E-03  1.686E-02  5.201E-03  0.000E+00  0.000E+00 
     2   1.130E-02  1.102E-02  1.037E-02  2.519E-02  1.220E-02  4.546E-03  0.000E+00  0.000E+00  0.000E+00 
     1   1.610E-02  1.531E-02  1.177E-02  5.696E-03  0.000E+00  0.000E+00  0.000E+00  0.000E+00  0.000E+00 


 Total Time :    1.53125000     Seconds
