                                                                                
      /\               /\                                                       
     //\\             //\\                                                      
    //**\\           //**\\                                                     
   //****\\         //****\\                                                    
  //******\\       //******\\   ____                   _   _           _        
  ---------   /*\   ---------  / __ \                 | \ | |         | |       
             (***)            | |  | |_ __   ___ _ __ |  \| | ___   __| | ___   
              \*/             | |  | | "_ \ / _ \ "_ \| . ` |/ _"\ / _" |/ _ \  
                              | |__| | |_) |  __/ | | | |\  | |_) | (_| |  __/  
              //\\             \____/| .__/ \___)_| |_|_| \_|\___/ \___/ \___|  
             //**\\                  | |                                        
            //****\\                 |_|                                        
           //******\\                                                           
           ----------                                                           
                                                                                
 ____________________________________________________________
          | The OpenNode, Nodal Methods for Neutron Diffusion
 Version  | Version Number: 1.1                              
 Copyright| 2021 Radiation & Nuclear System Laboratory       
          | University Abdelmalk Essaadi                     
          | Faculty of Sciences, Tetouan, Morocco            
 Source   | FORTRAN90 version                                
 GUI      | PyQt5                                            
 Method   | The Nodal Expansion Method (NEM)                 
 Dimension| Three Dimensions (3D)                            
 Geometry | Cartesian                                        
 ____________________________________________________________
                        =====================
   Calculation Mode :    Forward Calculation 
   ----------------     =====================

            --------------------------------------------
            >>>> Writing Macroscopic Cross Sections <<<<
            --------------------------------------------
     Material  1
    Group   Transport    Diffusion  Absorption    Removal      Nu*Fiss      Kap*Fis    Fiss. Spctr
       1     0.222222    1.500002    0.010000    0.030000     0.000000     0.000000     1.000000
       2     0.833333    0.400000    0.080000    0.080000     0.135000     0.135000     0.000000
         --Scattering Matrix--
           G/G'          1          2
            1        0.000000    0.020000
            2        0.000000    0.000000
     Material  2
    Group   Transport    Diffusion  Absorption    Removal      Nu*Fiss      Kap*Fis    Fiss. Spctr
       1     0.222222    1.500002    0.010000    0.030000     0.000000     0.000000     1.000000
       2     0.833333    0.400000    0.085000    0.085000     0.135000     0.135000     0.000000
         --Scattering Matrix--
           G/G'          1          2
            1        0.000000    0.020000
            2        0.000000    0.000000
     Material  3
    Group   Transport    Diffusion  Absorption    Removal      Nu*Fiss      Kap*Fis    Fiss. Spctr
       1     0.222222    1.500002    0.010000    0.030000     0.000000     0.000000     1.000000
       2     0.833333    0.400000    0.130000    0.130000     0.135000     0.135000     0.000000
         --Scattering Matrix--
           G/G'          1          2
            1        0.000000    0.020000
            2        0.000000    0.000000
     Material  4
    Group   Transport    Diffusion  Absorption    Removal      Nu*Fiss      Kap*Fis    Fiss. Spctr
       1     0.166667    1.999996    0.000000    0.040000     0.000000     0.000000     0.000000
       2     1.111111    0.300000    0.010000    0.010000     0.000000     0.000000     0.000000
         --Scattering Matrix--
           G/G'          1          2
            1        0.000000    0.040000
            2        0.000000    0.000000

            -------------------------------
            >>>>>Wrting Core Geometry<<<<<
            -------------------------------
  Number of Assembly in x, y and z Directions Respectively :
           9           9           1
  Number of Nodes in x, y and z Directions Respectively :
           9           9           1

  x-Directed Nodes Divison (Delta-x)
    10.00  20.00  20.00  20.00  20.00  20.00  20.00  20.00  20.00
  y-Directed Nodes Divison (Delta-y)
    10.00  20.00  20.00  20.00  20.00  20.00  20.00  20.00  20.00
  Planar Region :  1
        1  2  3  4  5  6  7  8  9
     9  4  4  4  4                
     8  1  1  1  4  4  4          
     7  2  2  1  1  1  4  4       
     6  2  2  2  2  1  1  4  4    
     5  3  2  2  2  3  1  1  4    
     4  2  2  2  2  2  2  1  4  4 
     3  2  2  2  2  2  2  1  1  4 
     2  2  2  2  2  2  2  2  1  4 
     1  3  2  2  2  3  2  2  1  4 

  Planar Region Assignment to Planes.
 -------------------------------------
   Plane Number     Planar Region    Delta-z
        1 (Top)            1          20.00

   Boundary Conditions
   -------------------
  X-Directed West   : Reflective
  X-Directed East   : Zero Incoming Current
  Y-Directed North  : Zero Incoming Current
  Y-Directed South  : Reflective
  Z-Directed Bottom : Reflective
  Z-Directed Top    : Reflective

  ...Core Geometry is Sucessfully Read...
     ---------------------------------


  ================================================================================================
                                        Calculation Results
  ================================================================================================

   Iteration    Keff     FissSrc Error   Inner Error
  ----------------------------------------------------
       1       0.873392    3.75264E+00    3.75264E+00
       2       1.195951    1.00000E+00    1.00000E+00
       3       1.108891    1.84303E-01    9.87186E-01
       4       1.048563    1.49399E-01    2.90882E-01
     ...Fission Source Extrapolated...
       5       1.009025    2.29585E-01    1.90584E-01
       6       1.023876    5.59001E-02    1.74063E-01
       7       1.023800    9.22278E-02    1.37366E-01
       8       1.024333    7.37951E-02    1.05681E-01
       9       1.025096    6.24771E-02    8.36686E-02
     ...Fission Source Extrapolated...
      10       1.034024    7.18467E-01    6.71057E-02
      11       1.027519    2.02037E-01    4.26176E-01
      12       1.030620    4.42404E-02    1.23096E-01
      13       1.030758    2.27562E-02    6.95610E-02
      14       1.030716    1.96192E-02    5.10619E-02
     ...Fission Source Extrapolated...
      15       1.030991    5.73324E-01    3.80169E-02
      16       1.029717    1.63008E-01    3.81911E-01
      17       1.031924    3.27539E-02    9.31813E-02
      18       1.032238    1.40870E-02    4.73053E-02
      19       1.032324    1.16332E-02    3.27347E-02
     ...Fission Source Extrapolated...
      20       1.036788    7.03861E-01    2.26314E-02
      21       1.032012    2.67741E-01    4.03015E-01
      22       1.034753    3.13088E-02    8.52270E-02
      23       1.034741    1.56363E-02    3.71789E-02
      24       1.034543    9.75104E-03    1.46403E-02
     ...Fission Source Extrapolated...
      25       1.033961    2.64080E-02    9.33722E-03
      26       1.034291    5.49030E-03    1.90008E-02
      27       1.034153    2.53658E-03    5.08131E-03
      28       1.034117    2.00800E-03    3.00437E-03
      29       1.034100    1.85748E-03    2.23238E-03
     ...Fission Source Extrapolated...
      30       1.033991    1.64111E-02    1.77950E-03
      31       1.034147    5.86128E-03    9.42005E-03
      32       1.034055    2.07518E-03    2.11547E-03
      33       1.034039    1.21811E-03    1.21811E-03
      34       1.034036    1.03866E-03    1.03971E-03
     ...Fission Source Extrapolated...
      35       1.033964    5.18493E-02    9.43394E-04
      36       1.034239    2.55224E-02    2.65664E-02
      37       1.034023    2.20005E-03    3.15526E-03
      38       1.033983    4.57067E-04    1.58133E-03
      39       1.033974    3.80546E-04    1.17222E-03
     ...Fission Source Extrapolated...
      40       1.033931    3.33940E-03    8.65505E-04
      41       1.033935    1.12892E-03    2.29555E-03
      42       1.033943    3.19565E-04    9.11949E-04
      43       1.033947    2.32910E-04    5.27124E-04
      44       1.033948    2.13798E-04    3.89490E-04
     ...Fission Source Extrapolated...
      45       1.033945    3.39620E-03    3.09546E-04
      46       1.033924    1.35461E-03    2.19843E-03
      47       1.033934    1.03031E-04    7.22259E-04
      48       1.033938    7.18163E-05    3.44410E-04
      49       1.033939    6.73361E-05    2.18073E-04
     ...Fission Source Extrapolated...
      50       1.033951    3.92950E-03    1.49738E-04
      51       1.033928    1.84439E-03    2.45442E-03
      52       1.033931    1.11610E-04    6.49137E-04
      53       1.033933    5.01421E-05    2.30401E-04
      54       1.033934    3.87976E-05    1.03457E-04
     ...Fission Source Extrapolated...
      55       1.033936    3.00366E-04    4.00232E-05
      56       1.033936    9.14679E-05    2.09846E-04
      57       1.033935    2.39115E-05    6.23086E-05
      58       1.033934    2.04379E-05    3.42670E-05
      59       1.033934    1.90674E-05    2.95406E-05
     ...Fission Source Extrapolated...
      60       1.033933    3.14936E-04    2.53655E-05
      61       1.033935    1.11585E-04    2.31002E-04
      62       1.033934    1.01868E-05    6.14817E-05
      63       1.033934    6.08365E-06    3.05680E-05
      64       1.033934    5.32569E-06    2.07824E-05
     ...Fission Source Extrapolated...
      65       1.033933    1.10597E-04    1.42499E-05
      66       1.033934    4.88440E-05    6.81159E-05
      67       1.033934    2.90096E-06    2.16114E-05
      68       1.033934    1.17899E-06    9.21141E-06

 ***********************************************
Effective Factor Multiplication : Keff = 1.033934
 ***********************************************


     Radial Power Distribution
   ==============================
           1       2       3       4       5       6       7       8       9
     9   0.000   0.000   0.000   0.000   0.000   0.000   0.000   0.000   0.000
     8   0.438   0.851   0.800   0.000   0.000   0.000   0.000   0.000   0.000
     7   0.545   1.107   1.135   0.982   0.693   0.000   0.000   0.000   0.000
     6   0.550   1.217   1.256   1.060   0.802   0.676   0.000   0.000   0.000
     5   0.359   1.265   1.392   1.142   0.549   0.802   0.693   0.000   0.000
     4   0.717   1.557   1.593   1.410   1.142   1.060   0.982   0.000   0.000
     3   0.861   1.754   1.740   1.593   1.392   1.256   1.135   0.800   0.000
     2   0.777   1.701   1.754   1.557   1.265   1.217   1.107   0.851   0.000
     1   0.222   0.777   0.861   0.717   0.359   0.550   0.545   0.438   0.000

   MAX POS.       Maximum Value
  (  3,  2)          1.754


     Axial Power Density Distribution
   ====================================

     Plane Number        Power      Height
    -----------------------------------------
         1  (Top)        1.000       20.00

   MAX POS.       Maximum Value
    (  1)             1.000

     Radial Flux Distribution
   ==============================
    Group :   1
             1          2          3          4          5          6          7          8          9
     9   1.956E-03  1.863E-03  1.402E-03  4.404E-04  0.000E+00  0.000E+00  0.000E+00  0.000E+00  0.000E+00 
     8   1.201E-02  1.174E-02  9.793E-03  3.449E-03  1.419E-03  3.645E-04  0.000E+00  0.000E+00  0.000E+00 
     7   1.751E-02  1.776E-02  1.726E-02  1.338E-02  8.512E-03  2.314E-03  4.170E-04  0.000E+00  0.000E+00 
     6   1.793E-02  1.956E-02  2.013E-02  1.702E-02  1.242E-02  8.248E-03  2.314E-03  3.645E-04  0.000E+00 
     5   1.600E-02  2.059E-02  2.235E-02  1.855E-02  1.220E-02  1.242E-02  8.512E-03  1.419E-03  0.000E+00 
     4   2.332E-02  2.502E-02  2.558E-02  2.267E-02  1.855E-02  1.702E-02  1.338E-02  3.449E-03  4.404E-04 
     3   2.763E-02  2.817E-02  2.795E-02  2.558E-02  2.235E-02  2.013E-02  1.726E-02  9.793E-03  1.402E-03 
     2   2.529E-02  2.735E-02  2.817E-02  2.502E-02  2.059E-02  1.956E-02  1.776E-02  1.174E-02  1.863E-03 
     1   1.971E-02  2.529E-02  2.763E-02  2.332E-02  1.600E-02  1.793E-02  1.751E-02  1.201E-02  1.956E-03 

    Group :   2
             1          2          3          4          5          6          7          8          9
     9   1.591E-02  1.508E-02  1.166E-02  5.633E-03  0.000E+00  0.000E+00  0.000E+00  0.000E+00  0.000E+00 
     8   1.118E-02  1.087E-02  1.022E-02  2.503E-02  1.210E-02  4.468E-03  0.000E+00  0.000E+00  0.000E+00 
     7   1.393E-02  1.415E-02  1.450E-02  1.255E-02  8.853E-03  1.677E-02  5.181E-03  0.000E+00  0.000E+00 
     6   1.407E-02  1.555E-02  1.605E-02  1.355E-02  1.025E-02  8.638E-03  1.677E-02  4.468E-03  0.000E+00 
     5   9.183E-03  1.616E-02  1.779E-02  1.459E-02  7.015E-03  1.025E-02  8.853E-03  1.210E-02  0.000E+00 
     4   1.833E-02  1.989E-02  2.035E-02  1.802E-02  1.459E-02  1.355E-02  1.255E-02  2.503E-02  5.633E-03 
     3   2.199E-02  2.242E-02  2.224E-02  2.035E-02  1.779E-02  1.605E-02  1.450E-02  1.022E-02  1.166E-02 
     2   1.985E-02  2.174E-02  2.242E-02  1.989E-02  1.616E-02  1.555E-02  1.415E-02  1.087E-02  1.508E-02 
     1   1.132E-02  1.985E-02  2.199E-02  1.833E-02  9.183E-03  1.407E-02  1.393E-02  1.118E-02  1.591E-02 


 Total Time :   0.203125000     Seconds
