                                                                                
      /\               /\                                                       
     //\\             //\\                                                      
    //**\\           //**\\                                                     
   //****\\         //****\\                                                    
  //******\\       //******\\   ____                   _   _           _        
  ---------   /*\   ---------  / __ \                 | \ | |         | |       
             (***)            | |  | |_ __   ___ _ __ |  \| | ___   __| | ___   
              \*/             | |  | | "_ \ / _ \ "_ \| . ` |/ _"\ / _" |/ _ \  
                              | |__| | |_) |  __/ | | | |\  | |_) | (_| |  __/  
              //\\             \____/| .__/ \___)_| |_|_| \_|\___/ \___/ \___|  
             //**\\                  | |                                        
            //****\\                 |_|                                        
           //******\\                                                           
           ----------                                                           
                                                                                
 ____________________________________________________________
          | The OpenNode, Nodal Methods for Neutron Diffusion
 Version  | Version Number: 1.1                              
 Copyright| 2021 Radiation & Nuclear System Laboratory       
          | University Abdelmalk Essaadi                     
          | Faculty of Sciences, Tetouan, Morocco            
 Source   | FORTRAN90 version                                
 GUI      | PyQt5                                            
 Method   | The Nodal Expansion Method (NEM)                 
 Dimension| Three Dimensions (3D)                            
 Geometry | Cartesian                                        
 ____________________________________________________________
                        =====================
   Calculation Mode :    Forward Calculation 
   ----------------     =====================

            --------------------------------------------
            >>>> Writing Macroscopic Cross Sections <<<<
            --------------------------------------------
     Material  1
    Group   Transport    Diffusion  Absorption    Removal      Nu*Fiss      Kap*Fis    Fiss. Spctr
       1     0.232126    1.436000    0.009504    0.027258     0.005871     0.005871     1.000000
       2     0.917010    0.363500    0.075058    0.075058     0.096067     0.096067     0.000000
         --Scattering Matrix--
           G/G'          1          2
            1        0.000000    0.017754
            2        0.000000    0.000000
     Material  2
    Group   Transport    Diffusion  Absorption    Removal      Nu*Fiss      Kap*Fis    Fiss. Spctr
       1     0.232029    1.436600    0.009678    0.027300     0.006191     0.006191     1.000000
       2     0.916758    0.363600    0.078436    0.078436     0.103580     0.103580     0.000000
         --Scattering Matrix--
           G/G'          1          2
            1        0.000000    0.017621
            2        0.000000    0.000000
     Material  3
    Group   Transport    Diffusion  Absorption    Removal      Nu*Fiss      Kap*Fis    Fiss. Spctr
       1     0.252525    1.320000    0.002656    0.025762     0.000000     0.000000     0.000000
       2     1.202501    0.277200    0.071596    0.071596     0.000000     0.000000     0.000000
         --Scattering Matrix--
           G/G'          1          2
            1        0.000000    0.023106
            2        0.000000    0.000000
     Material  4
    Group   Transport    Diffusion  Absorption    Removal      Nu*Fiss      Kap*Fis    Fiss. Spctr
       1     0.231658    1.438900    0.010363    0.027464     0.007453     0.007453     1.000000
       2     0.916254    0.363800    0.091408    0.091408     0.132360     0.132360     0.000000
         --Scattering Matrix--
           G/G'          1          2
            1        0.000000    0.017101
            2        0.000000    0.000000
     Material  5
    Group   Transport    Diffusion  Absorption    Removal      Nu*Fiss      Kap*Fis    Fiss. Spctr
       1     0.231787    1.438100    0.010003    0.027293     0.006191     0.006191     1.000000
       2     0.909504    0.366500    0.084828    0.084828     0.103580     0.103580     0.000000
         --Scattering Matrix--
           G/G'          1          2
            1        0.000000    0.017290
            2        0.000000    0.000000
     Material  6
    Group   Transport    Diffusion  Absorption    Removal      Nu*Fiss      Kap*Fis    Fiss. Spctr
       1     0.231723    1.438500    0.010132    0.027324     0.006429     0.006429     1.000000
       2     0.909504    0.366500    0.087314    0.087314     0.109110     0.109110     0.000000
         --Scattering Matrix--
           G/G'          1          2
            1        0.000000    0.017192
            2        0.000000    0.000000
     Material  7
    Group   Transport    Diffusion  Absorption    Removal      Nu*Fiss      Kap*Fis    Fiss. Spctr
       1     0.231658    1.438900    0.010165    0.027290     0.006191     0.006191     1.000000
       2     0.906043    0.367900    0.088024    0.088024     0.103580     0.103580     0.000000
         --Scattering Matrix--
           G/G'          1          2
            1        0.000000    0.017125
            2        0.000000    0.000000
     Material  8
    Group   Transport    Diffusion  Absorption    Removal      Nu*Fiss      Kap*Fis    Fiss. Spctr
       1     0.231594    1.439300    0.010294    0.027321     0.006429     0.006429     1.000000
       2     0.905797    0.368000    0.090510    0.090510     0.109110     0.109110     0.000000
         --Scattering Matrix--
           G/G'          1          2
            1        0.000000    0.017027
            2        0.000000    0.000000

            -------------------------------
            >>>>>Wrting Core Geometry<<<<<
            -------------------------------
  Number of Assembly in x, y and z Directions Respectively :
           9           9           2
  Number of Nodes in x, y and z Directions Respectively :
          34          34           2

  x-Directed Nodes Divison (Delta-x)
     5.78   5.78   5.78   5.78   5.78   5.78   5.78   5.78   5.78   5.78
     5.78   5.78   5.78   5.78   5.78   5.78   5.78   5.78   5.78   5.78
     5.78   5.78   5.78   5.78   5.78   5.78   5.78   5.78   5.78   5.78
     5.78   5.78   5.78   5.78
  y-Directed Nodes Divison (Delta-y)
     5.78   5.78   5.78   5.78   5.78   5.78   5.78   5.78   5.78   5.78
     5.78   5.78   5.78   5.78   5.78   5.78   5.78   5.78   5.78   5.78
     5.78   5.78   5.78   5.78   5.78   5.78   5.78   5.78   5.78   5.78
     5.78   5.78   5.78   5.78
  Planar Region :  1
        1  2  3  4  5  6  7  8  9 10 11 12 13 14 15 16 17 18 19 20 21 22 23 24 25 26 27 28 29 30 31 32 33 34
    34  1  1  8  8  8  8  2  2  2  2  6  6  6  6  1  1  1  1  7  7  7  7  1  1  1  1  4  4  4  4  3  3  3  3 
    33  1  1  8  8  8  8  2  2  2  2  6  6  6  6  1  1  1  1  7  7  7  7  1  1  1  1  4  4  4  4  3  3  3  3 
    32  8  8  1  1  1  1  8  8  8  8  2  2  2  2  8  8  8  8  1  1  1  1  1  1  1  1  4  4  4  4  3  3  3  3 
    31  8  8  1  1  1  1  8  8  8  8  2  2  2  2  8  8  8  8  1  1  1  1  1  1  1  1  4  4  4  4  3  3  3  3 
    30  8  8  1  1  1  1  8  8  8  8  2  2  2  2  8  8  8  8  1  1  1  1  1  1  1  1  4  4  4  4  3  3  3  3 
    29  8  8  1  1  1  1  8  8  8  8  2  2  2  2  8  8  8  8  1  1  1  1  1  1  1  1  4  4  4  4  3  3  3  3 
    28  2  2  8  8  8  8  1  1  1  1  8  8  8  8  2  2  2  2  7  7  7  7  1  1  1  1  4  4  4  4  3  3  3  3 
    27  2  2  8  8  8  8  1  1  1  1  8  8  8  8  2  2  2  2  7  7  7  7  1  1  1  1  4  4  4  4  3  3  3  3 
    26  2  2  8  8  8  8  1  1  1  1  8  8  8  8  2  2  2  2  7  7  7  7  1  1  1  1  4  4  4  4  3  3  3  3 
    25  2  2  8  8  8  8  1  1  1  1  8  8  8  8  2  2  2  2  7  7  7  7  1  1  1  1  4  4  4  4  3  3  3  3 
    24  6  6  2  2  2  2  8  8  8  8  2  2  2  2  8  8  8  8  1  1  1  1  8  8  8  8  4  4  4  4  3  3  3  3 
    23  6  6  2  2  2  2  8  8  8  8  2  2  2  2  8  8  8  8  1  1  1  1  8  8  8  8  4  4  4  4  3  3  3  3 
    22  6  6  2  2  2  2  8  8  8  8  2  2  2  2  8  8  8  8  1  1  1  1  8  8  8  8  4  4  4  4  3  3  3  3 
    21  6  6  2  2  2  2  8  8  8  8  2  2  2  2  8  8  8  8  1  1  1  1  8  8  8  8  4  4  4  4  3  3  3  3 
    20  1  1  8  8  8  8  2  2  2  2  8  8  8  8  2  2  2  2  5  5  5  5  4  4  4  4  3  3  3  3  3  3  3  3 
    19  1  1  8  8  8  8  2  2  2  2  8  8  8  8  2  2  2  2  5  5  5  5  4  4  4  4  3  3  3  3  3  3  3  3 
    18  1  1  8  8  8  8  2  2  2  2  8  8  8  8  2  2  2  2  5  5  5  5  4  4  4  4  3  3  3  3  3  3  3  3 
    17  1  1  8  8  8  8  2  2  2  2  8  8  8  8  2  2  2  2  5  5  5  5  4  4  4  4  3  3  3  3  3  3  3  3 
    16  7  7  1  1  1  1  7  7  7  7  1  1  1  1  5  5  5  5  4  4  4  4  4  4  4  4  3  3  3  3             
    15  7  7  1  1  1  1  7  7  7  7  1  1  1  1  5  5  5  5  4  4  4  4  4  4  4  4  3  3  3  3             
    14  7  7  1  1  1  1  7  7  7  7  1  1  1  1  5  5  5  5  4  4  4  4  4  4  4  4  3  3  3  3             
    13  7  7  1  1  1  1  7  7  7  7  1  1  1  1  5  5  5  5  4  4  4  4  4  4  4  4  3  3  3  3             
    12  1  1  1  1  1  1  1  1  1  1  8  8  8  8  4  4  4  4  4  4  4  4  3  3  3  3  3  3  3  3             
    11  1  1  1  1  1  1  1  1  1  1  8  8  8  8  4  4  4  4  4  4  4  4  3  3  3  3  3  3  3  3             
    10  1  1  1  1  1  1  1  1  1  1  8  8  8  8  4  4  4  4  4  4  4  4  3  3  3  3  3  3  3  3             
     9  1  1  1  1  1  1  1  1  1  1  8  8  8  8  4  4  4  4  4  4  4  4  3  3  3  3  3  3  3  3             
     8  4  4  4  4  4  4  4  4  4  4  4  4  4  4  3  3  3  3  3  3  3  3  3  3  3  3                         
     7  4  4  4  4  4  4  4  4  4  4  4  4  4  4  3  3  3  3  3  3  3  3  3  3  3  3                         
     6  4  4  4  4  4  4  4  4  4  4  4  4  4  4  3  3  3  3  3  3  3  3  3  3  3  3                         
     5  4  4  4  4  4  4  4  4  4  4  4  4  4  4  3  3  3  3  3  3  3  3  3  3  3  3                         
     4  3  3  3  3  3  3  3  3  3  3  3  3  3  3  3  3  3  3                                                 
     3  3  3  3  3  3  3  3  3  3  3  3  3  3  3  3  3  3  3                                                 
     2  3  3  3  3  3  3  3  3  3  3  3  3  3  3  3  3  3  3                                                 
     1  3  3  3  3  3  3  3  3  3  3  3  3  3  3  3  3  3  3                                                 

  Planar Region Assignment to Planes.
 -------------------------------------
   Plane Number     Planar Region    Delta-z
        2 (Top)            1          11.56
        1 (Bottom)         1          11.56

   Boundary Conditions
   -------------------
  X-Directed West   : Reflective
  X-Directed East   : Zero Incoming Current
  Y-Directed North  : Reflective
  Y-Directed South  : Zero Incoming Current
  Z-Directed Bottom : Reflective
  Z-Directed Top    : Reflective

  ...Core Geometry is Sucessfully Read...
     ---------------------------------


  ================================================================================================
                                        Calculation Results
  ================================================================================================

   Iteration    Keff     FissSrc Error   Inner Error
  ----------------------------------------------------
       1       1.716916    5.76732E-01    1.81449E+00
       2       1.270715    5.69064E-01    2.16922E+00
       3       1.108644    3.86651E-01    1.65497E+00
       4       1.054360    2.66839E-01    1.31235E+00
     ...Fission Source Extrapolated...
       5       1.002618    7.46841E-01    1.04417E+00
       6       1.026550    1.63390E-01    8.08080E-01
       7       1.023331    1.08071E-01    5.99249E-01
       8       1.021822    8.48739E-02    4.33198E-01
       9       1.021202    6.82911E-02    3.10009E-01
     ...Fission Source Extrapolated...
      10       1.020450    3.70610E-01    2.14682E-01
      11       1.021155    1.51716E-01    1.47662E-01
      12       1.021721    3.63916E-02    1.05527E-01
      13       1.022085    2.87425E-02    8.41579E-02
      14       1.022361    2.45533E-02    7.12806E-02
     ...Fission Source Extrapolated...
      15       1.025399    3.80910E-01    5.61424E-02
      16       1.022559    1.97953E-01    1.09490E-01
      17       1.023190    1.83607E-02    6.12811E-02
      18       1.023530    1.24633E-02    4.69716E-02
      19       1.023723    1.04319E-02    3.90443E-02
     ...Fission Source Extrapolated...
      20       1.025706    1.67979E-01    3.17383E-02
      21       1.023721    1.00292E-01    5.37957E-02
      22       1.024014    9.12442E-03    3.09656E-02
      23       1.024178    6.41086E-03    2.35502E-02
      24       1.024272    5.50514E-03    1.91360E-02
     ...Fission Source Extrapolated...
      25       1.025485    1.09143E-01    1.56789E-02
      26       1.024180    6.92507E-02    3.60235E-02
      27       1.024375    5.49693E-03    2.03205E-02
      28       1.024484    3.66005E-03    1.51286E-02
      29       1.024544    3.10207E-03    1.19524E-02
     ...Fission Source Extrapolated...
      30       1.025392    6.69925E-02    9.82440E-03
      31       1.024446    4.43620E-02    2.19809E-02
      32       1.024580    3.25548E-03    1.23493E-02
      33       1.024655    2.13289E-03    9.16824E-03
      34       1.024696    1.83946E-03    7.42826E-03
     ...Fission Source Extrapolated...
      35       1.025297    4.17202E-02    6.13867E-03
      36       1.024606    2.82215E-02    1.38679E-02
      37       1.024703    2.49224E-03    7.82652E-03
      38       1.024758    1.50153E-03    5.77665E-03
      39       1.024788    1.32234E-03    4.76653E-03
     ...Fission Source Extrapolated...
      40       1.025235    3.14343E-02    3.98783E-03
      41       1.024710    2.12394E-02    1.11458E-02
      42       1.024784    2.12492E-03    6.66945E-03
      43       1.024826    1.23435E-03    4.56820E-03
      44       1.024849    1.08694E-03    3.82134E-03
     ...Fission Source Extrapolated...
      45       1.025198    2.63665E-02    3.19151E-03
      46       1.024782    1.79285E-02    9.58148E-03
      47       1.024842    1.90598E-03    5.66018E-03
      48       1.024876    1.07539E-03    3.80883E-03
      49       1.024894    9.26644E-04    3.19850E-03
     ...Fission Source Extrapolated...
      50       1.025174    2.25313E-02    2.67313E-03
      51       1.024837    1.51293E-02    8.73522E-03
      52       1.024886    1.81642E-03    4.74601E-03
      53       1.024913    1.02961E-03    3.21914E-03
      54       1.024928    8.81002E-04    2.69526E-03
     ...Fission Source Extrapolated...
      55       1.025158    2.16552E-02    2.25142E-03
      56       1.024879    1.45329E-02    8.38285E-03
      57       1.024919    1.70620E-03    4.03455E-03
      58       1.024942    9.54020E-04    2.75723E-03
      59       1.024955    8.11464E-04    2.29555E-03
     ...Fission Source Extrapolated...
      60       1.025147    1.99696E-02    1.91724E-03
      61       1.024913    1.33924E-02    7.71939E-03
      62       1.024947    1.55364E-03    3.42163E-03
      63       1.024966    8.62994E-04    2.35562E-03
      64       1.024977    7.31859E-04    1.95421E-03
     ...Fission Source Extrapolated...
      65       1.025139    1.81131E-02    1.63206E-03
      66       1.024941    1.21398E-02    6.99103E-03
      67       1.024970    1.39512E-03    2.92958E-03
      68       1.024986    7.70312E-04    2.02883E-03
      69       1.024995    6.51579E-04    1.67602E-03
     ...Fission Source Extrapolated...
      70       1.025133    1.61631E-02    1.40007E-03
      71       1.024964    1.08215E-02    6.22974E-03
      72       1.024989    1.23758E-03    2.51409E-03
      73       1.025003    6.80853E-04    1.75054E-03
      74       1.025010    5.75109E-04    1.44189E-03
     ...Fission Source Extrapolated...
      75       1.025129    1.42852E-02    1.20452E-03
      76       1.024984    9.55298E-03    5.49946E-03
      77       1.025005    1.08965E-03    2.16360E-03
      78       1.025017    5.98224E-04    1.51486E-03
      79       1.025024    5.04903E-04    1.24362E-03
     ...Fission Source Extrapolated...
      80       1.025126    1.25679E-02    1.03911E-03
      81       1.025000    8.39593E-03    4.83297E-03
      82       1.025019    9.55634E-04    1.86932E-03
      83       1.025029    5.23776E-04    1.33174E-03
      84       1.025035    4.41780E-04    1.07653E-03
     ...Fission Source Extrapolated...
      85       1.025123    1.10108E-02    8.99571E-04
      86       1.025015    7.34835E-03    4.23009E-03
      87       1.025031    8.35410E-04    1.61764E-03
      88       1.025040    4.57454E-04    1.17996E-03
      89       1.025044    3.85701E-04    9.33549E-04
     ...Fission Source Extrapolated...
      90       1.025121    9.62349E-03    7.90637E-04
      91       1.025027    6.41667E-03    3.69404E-03
      92       1.025041    7.28994E-04    1.41048E-03
      93       1.025049    3.98955E-04    1.04625E-03
      94       1.025053    3.36302E-04    8.10771E-04
     ...Fission Source Extrapolated...
      95       1.025119    8.40350E-03    6.97035E-04
      96       1.025038    5.59900E-03    3.22328E-03
      97       1.025050    6.35639E-04    1.24329E-03
      98       1.025056    3.47664E-04    9.28533E-04
      99       1.025060    2.93000E-04    7.12803E-04
     ...Fission Source Extrapolated...
     100       1.025117    7.31456E-03    6.15151E-04
     101       1.025047    4.86912E-03    2.80406E-03
     102       1.025057    5.53171E-04    1.10020E-03
     103       1.025063    3.02704E-04    8.22793E-04
     104       1.025066    2.55157E-04    6.28731E-04
     ...Fission Source Extrapolated...
     105       1.025116    6.37748E-03    5.42328E-04
     106       1.025055    4.24279E-03    2.44347E-03
     107       1.025064    4.81888E-04    9.75731E-04
     108       1.025069    2.63625E-04    7.30557E-04
     109       1.025072    2.22191E-04    5.55518E-04
     ...Fission Source Extrapolated...
     110       1.025115    5.54405E-03    4.79003E-04
     111       1.025062    3.68546E-03    2.12338E-03
     112       1.025070    4.19088E-04    8.63595E-04
     113       1.025074    2.29466E-04    6.47454E-04
     114       1.025077    1.93466E-04    4.90246E-04
     ...Fission Source Extrapolated...
     115       1.025114    4.83435E-03    4.22519E-04
     116       1.025068    3.21235E-03    1.85076E-03
     117       1.025075    3.65165E-04    7.66645E-04
     118       1.025079    1.99875E-04    5.75374E-04
     119       1.025081    1.68493E-04    4.33601E-04
     ...Fission Source Extrapolated...
     120       1.025113    4.20713E-03    3.73584E-04
     121       1.025073    2.79409E-03    1.61014E-03
     122       1.025079    3.17815E-04    6.79630E-04
     123       1.025082    1.74038E-04    5.10671E-04
     124       1.025084    1.46741E-04    3.83257E-04
     ...Fission Source Extrapolated...
     125       1.025113    3.65528E-03    3.30042E-04
     126       1.025078    2.42599E-03    1.39875E-03
     127       1.025083    2.76413E-04    6.01759E-04
     128       1.025086    1.51543E-04    4.52726E-04
     129       1.025087    1.27830E-04    3.38402E-04
     ...Fission Source Extrapolated...
     130       1.025112    3.18751E-03    2.91323E-04
     131       1.025082    2.11495E-03    1.21942E-03
     132       1.025086    2.40937E-04    5.35178E-04
     133       1.025089    1.32069E-04    4.04055E-04
     134       1.025090    1.11394E-04    2.99600E-04
     ...Fission Source Extrapolated...
     135       1.025112    2.76053E-03    2.57848E-04
     136       1.025085    1.82997E-03    1.05621E-03
     137       1.025089    2.09226E-04    4.75538E-04
     138       1.025091    1.14986E-04    3.59174E-04
     139       1.025092    9.70838E-05    2.64184E-04
     ...Fission Source Extrapolated...
     140       1.025111    2.41077E-03    2.27279E-04
     141       1.025088    1.59790E-03    9.22196E-04
     142       1.025092    1.82609E-04    4.25602E-04
     143       1.025093    1.00306E-04    3.21384E-04
     144       1.025095    8.46698E-05    2.34180E-04
     ...Fission Source Extrapolated...
     145       1.025111    2.09601E-03    2.01462E-04
     146       1.025091    1.38855E-03    8.01776E-04
     147       1.025094    1.58959E-04    3.79554E-04
     148       1.025095    8.74294E-05    2.86669E-04
     149       1.025096    7.38389E-05    2.07211E-04
     ...Fission Source Extrapolated...
     150       1.025110    1.83156E-03    1.78170E-04
     151       1.025093    1.21331E-03    7.00473E-04
     152       1.025096    1.38801E-04    3.39990E-04
     153       1.025097    7.62958E-05    2.56735E-04
     154       1.025098    6.44194E-05    1.83925E-04
     ...Fission Source Extrapolated...
     155       1.025110    1.59341E-03    1.58117E-04
     156       1.025095    1.05509E-03    6.09400E-04
     157       1.025097    1.20888E-04    3.03476E-04
     158       1.025099    6.65271E-05    2.29204E-04
     159       1.025099    5.61975E-05    1.62920E-04
     ...Fission Source Extrapolated...
     160       1.025110    1.39267E-03    1.39990E-04
     161       1.025097    9.22169E-04    5.32535E-04
     162       1.025099    1.05584E-04    2.72005E-04
     163       1.025100    5.80709E-05    2.05394E-04
     164       1.025100    4.90421E-05    1.44737E-04
     ...Fission Source Extrapolated...
     165       1.025110    1.21338E-03    1.24339E-04
     166       1.025098    8.03236E-04    4.63965E-04
     167       1.025100    9.20455E-05    2.43215E-04
     168       1.025101    5.06584E-05    1.83671E-04
     169       1.025101    4.27937E-05    1.28425E-04
     ...Fission Source Extrapolated...
     170       1.025110    1.05896E-03    1.10271E-04
     171       1.025100    7.00923E-04    4.04892E-04
     172       1.025101    8.03334E-05    2.17831E-04
     173       1.025102    4.42145E-05    1.64491E-04
     174       1.025102    3.73504E-05    1.14076E-04
     ...Fission Source Extrapolated...
     175       1.025110    9.23852E-04    9.79245E-05
     176       1.025101    6.11411E-04    3.53217E-04
     177       1.025102    7.00965E-05    1.95099E-04
     178       1.025103    3.85883E-05    1.47323E-04
     179       1.025103    3.26007E-05    1.01369E-04
     ...Fission Source Extrapolated...
     180       1.025109    8.07019E-04    8.69818E-05
     181       1.025102    5.34083E-04    3.08517E-04
     182       1.025103    6.12184E-05    1.74983E-04
     183       1.025104    3.36878E-05    1.32119E-04
     184       1.025104    2.84576E-05    9.07384E-05
     ...Fission Source Extrapolated...
     185       1.025109    7.04301E-04    7.73551E-05
     186       1.025103    4.74367E-04    2.70303E-04
     187       1.025104    5.34362E-05    1.56867E-04
     188       1.025104    2.94044E-05    1.18439E-04
     189       1.025104    2.51849E-05    8.13486E-05
     ...Fission Source Extrapolated...
     190       1.025109    6.15314E-04    6.87830E-05
     191       1.025103    4.22917E-04    2.42680E-04
     192       1.025104    4.66731E-05    1.40800E-04
     193       1.025105    2.56714E-05    1.06296E-04
     194       1.025105    2.24518E-05    7.30085E-05
     ...Fission Source Extrapolated...
     195       1.025109    5.50947E-04    6.12263E-05
     196       1.025104    3.77513E-04    2.18061E-04
     197       1.025105    4.07771E-05    1.26486E-04
     198       1.025105    2.29780E-05    9.54778E-05
     199       1.025105    2.00226E-05    6.55719E-05
     ...Fission Source Extrapolated...
     200       1.025109    4.94454E-04    5.45454E-05
     201       1.025105    3.36513E-04    1.95692E-04
     202       1.025105    3.55916E-05    1.13501E-04
     203       1.025106    2.06359E-05    8.56750E-05
     204       1.025106    1.79518E-05    5.88437E-05
     ...Fission Source Extrapolated...
     205       1.025109    4.44216E-04    4.85594E-05
     206       1.025105    3.00274E-04    1.75812E-04
     207       1.025106    3.12645E-05    1.01947E-04
     208       1.025106    1.85431E-05    7.69472E-05
     209       1.025106    1.61289E-05    5.28507E-05
     ...Fission Source Extrapolated...
     210       1.025109    3.99184E-04    4.32674E-05
     211       1.025106    2.68050E-04    1.57982E-04
     212       1.025106    2.81310E-05    9.15928E-05
     213       1.025106    1.66668E-05    6.91277E-05
     214       1.025107    1.44954E-05    4.74808E-05
     ...Fission Source Extrapolated...
     215       1.025109    3.58968E-04    3.85667E-05
     216       1.025106    2.39467E-04    1.42060E-04
     217       1.025106    2.53252E-05    8.23441E-05
     218       1.025107    1.49868E-05    6.21418E-05
     219       1.025107    1.30322E-05    4.26821E-05
     ...Fission Source Extrapolated...
     220       1.025109    3.22953E-04    3.43993E-05
     221       1.025106    2.14062E-04    1.27797E-04
     222       1.025107    2.28075E-05    7.40619E-05
     223       1.025107    1.34803E-05    5.58864E-05
     224       1.025107    1.17204E-05    3.83843E-05
     ...Fission Source Extrapolated...
     225       1.025109    2.90765E-04    3.06978E-05
     226       1.025107    1.91514E-04    1.15047E-04
     227       1.025107    2.05509E-05    6.66579E-05
     228       1.025107    1.21298E-05    5.02935E-05
     229       1.025107    1.05441E-05    3.45404E-05
     ...Fission Source Extrapolated...
     230       1.025109    2.62472E-04    2.74131E-05
     231       1.025107    1.71849E-04    1.03827E-04
     232       1.025107    1.85464E-05    6.01323E-05
     233       1.025107    1.09214E-05    4.53576E-05
     234       1.025107    9.48913E-06    3.11408E-05
     ...Fission Source Extrapolated...
     235       1.025109    2.35569E-04    2.45271E-05
     236       1.025107    1.53621E-04    9.31764E-05
     237       1.025107    1.66826E-05    5.39759E-05
     238       1.025108    9.82424E-06    4.07208E-05
     239       1.025108    8.53840E-06    2.79642E-05
     ...Fission Source Extrapolated...
     240       1.025109    2.12626E-04    2.18653E-05
     241       1.025107    1.38704E-04    8.41063E-05
     242       1.025108    1.50608E-05    4.86942E-05
     243       1.025108    8.85229E-06    3.67257E-05
     244       1.025108    7.68986E-06    2.52162E-05
     ...Fission Source Extrapolated...
     245       1.025109    1.91149E-04    1.95683E-05
     246       1.025107    1.24690E-04    7.55979E-05
     247       1.025108    1.35631E-05    4.37753E-05
     248       1.025108    7.96930E-06    3.30193E-05
     249       1.025108    6.92423E-06    2.26745E-05
     ...Fission Source Extrapolated...
     250       1.025109    1.72563E-04    1.74709E-05
     251       1.025108    1.12597E-04    6.82495E-05
     252       1.025108    1.22482E-05    3.95011E-05
     253       1.025108    7.18456E-06    2.97882E-05
     254       1.025108    6.23977E-06    2.04528E-05
     ...Fission Source Extrapolated...
     255       1.025109    1.55499E-04    1.56440E-05
     256       1.025108    1.01476E-04    6.14868E-05
     257       1.025108    1.10477E-05    3.55867E-05
     258       1.025108    6.47400E-06    2.68358E-05
     259       1.025108    5.62256E-06    1.84252E-05
     ...Fission Source Extrapolated...
     260       1.025109    1.40533E-04    1.39949E-05
     261       1.025108    9.17411E-05    5.55629E-05
     262       1.025108    9.98389E-06    3.21444E-05
     263       1.025108    5.83941E-06    2.42341E-05
     264       1.025108    5.06921E-06    1.66351E-05
     ...Fission Source Extrapolated...
     265       1.025109    1.27005E-04    1.25459E-05
     266       1.025108    8.29393E-05    5.01963E-05
     267       1.025108    9.02139E-06    2.90338E-05
     268       1.025108    5.26638E-06    2.18851E-05
     269       1.025108    4.57035E-06    1.50186E-05
     ...Fission Source Extrapolated...
     270       1.025109    1.14291E-04    1.12492E-05
     271       1.025108    7.46303E-05    4.51697E-05
     272       1.025108    8.13295E-06    2.61290E-05
     273       1.025108    4.74736E-06    1.96977E-05
     274       1.025108    4.12070E-06    1.35202E-05
     ...Fission Source Extrapolated...
     275       1.025109    1.03274E-04    1.00596E-05
     276       1.025108    6.74522E-05    4.08165E-05
     277       1.025108    7.35147E-06    2.36010E-05
     278       1.025108    4.28480E-06    1.77882E-05
     279       1.025108    3.71787E-06    1.22081E-05
     ...Fission Source Extrapolated...
     280       1.025109    9.30293E-05    9.02202E-06
     281       1.025108    6.07587E-05    3.67638E-05
     282       1.025108    6.63263E-06    2.12600E-05
     283       1.025108    3.86493E-06    1.60252E-05
     284       1.025108    3.35414E-06    1.09997E-05
     ...Fission Source Extrapolated...
     285       1.025109    8.40877E-05    8.07684E-06
     286       1.025108    5.49298E-05    3.32315E-05
     287       1.025108    5.99761E-06    1.92099E-05
     288       1.025108    3.49028E-06    1.44773E-05
     289       1.025108    3.02804E-06    9.93635E-06

 ***********************************************
Effective Factor Multiplication : Keff = 1.025108
 ***********************************************


     Radial Power Distribution
   ==============================
           1       2       3       4       5       6       7       8       9
     9   1.075   1.086   1.225   1.203   1.073   0.968   1.079   1.000   0.000
     8   1.086   1.101   1.118   1.206   1.053   1.017   1.057   0.957   0.000
     7   1.225   1.118   1.106   1.089   1.104   0.911   0.918   0.813   0.000
     6   1.203   1.206   1.089   1.144   1.024   0.937   0.754   0.538   0.000
     5   1.073   1.052   1.104   1.024   1.107   0.979   0.862   0.000   0.000
     4   0.968   1.017   0.910   0.936   0.979   1.182   0.675   0.000   0.000
     3   1.079   1.056   0.917   0.754   0.862   0.675   0.000   0.000   0.000
     2   1.000   0.956   0.812   0.538   0.000   0.000   0.000   0.000   0.000
     1   0.000   0.000   0.000   0.000   0.000   0.000   0.000   0.000   0.000

   MAX POS.       Maximum Value
  (  9,  3)          1.225


     Axial Power Density Distribution
   ====================================

     Plane Number        Power      Height
    -----------------------------------------
         2  (Top)        1.000       23.12
         1  (Bottom)     1.000       11.56

   MAX POS.       Maximum Value
    (  1)             1.000

     Radial Flux Distribution
   ==============================
    Group :   1
             1          2          3          4          5          6          7          8          9
     9   1.937E-02  1.959E-02  2.126E-02  2.120E-02  1.929E-02  1.788E-02  1.918E-02  1.535E-02  2.182E-03 
     8   1.959E-02  1.984E-02  2.021E-02  2.094E-02  1.902E-02  1.816E-02  1.868E-02  1.468E-02  2.080E-03 
     7   2.126E-02  2.020E-02  1.993E-02  1.972E-02  1.917E-02  1.686E-02  1.641E-02  1.248E-02  1.745E-03 
     6   2.119E-02  2.093E-02  1.972E-02  1.989E-02  1.854E-02  1.682E-02  1.376E-02  8.245E-03  1.068E-03 
     5   1.928E-02  1.902E-02  1.917E-02  1.854E-02  1.915E-02  1.789E-02  1.330E-02  2.677E-03  2.351E-04 
     4   1.787E-02  1.815E-02  1.685E-02  1.682E-02  1.789E-02  1.838E-02  1.036E-02  1.298E-03  0.000E+00 
     3   1.917E-02  1.867E-02  1.640E-02  1.375E-02  1.329E-02  1.036E-02  2.532E-03  2.706E-04  0.000E+00 
     2   1.534E-02  1.467E-02  1.247E-02  8.241E-03  2.676E-03  1.297E-03  2.706E-04  0.000E+00  0.000E+00 
     1   2.180E-03  2.078E-03  1.744E-03  1.068E-03  2.350E-04  0.000E+00  0.000E+00  0.000E+00  0.000E+00 

    Group :   2
             1          2          3          4          5          6          7          8          9
     9   2.087E-02  1.807E-02  2.196E-02  2.017E-02  2.085E-02  1.705E-02  2.103E-02  1.378E-02  3.260E-03 
     8   1.807E-02  2.138E-02  1.860E-02  2.162E-02  1.751E-02  1.980E-02  2.061E-02  1.319E-02  3.107E-03 
     7   2.195E-02  1.860E-02  2.147E-02  1.811E-02  1.979E-02  1.602E-02  1.785E-02  1.120E-02  2.606E-03 
     6   2.017E-02  2.161E-02  1.811E-02  2.050E-02  1.703E-02  1.820E-02  1.252E-02  7.414E-03  1.598E-03 
     5   2.084E-02  1.751E-02  1.978E-02  1.703E-02  1.985E-02  1.729E-02  1.186E-02  3.935E-03  3.774E-04 
     4   1.704E-02  1.979E-02  1.602E-02  1.819E-02  1.729E-02  1.623E-02  9.294E-03  1.942E-03  0.000E+00 
     3   2.101E-02  2.060E-02  1.784E-02  1.251E-02  1.186E-02  9.294E-03  3.703E-03  4.346E-04  0.000E+00 
     2   1.378E-02  1.318E-02  1.119E-02  7.411E-03  3.934E-03  1.941E-03  4.346E-04  0.000E+00  0.000E+00 
     1   3.258E-03  3.105E-03  2.604E-03  1.597E-03  3.772E-04  0.000E+00  0.000E+00  0.000E+00  0.000E+00 


 Total Time :    6.87500000     Seconds
