                                                                                
      /\               /\                                                       
     //\\             //\\                                                      
    //**\\           //**\\                                                     
   //****\\         //****\\                                                    
  //******\\       //******\\   ____                   _   _           _        
  ---------   /*\   ---------  / __ \                 | \ | |         | |       
             (***)            | |  | |_ __   ___ _ __ |  \| | ___   __| | ___   
              \*/             | |  | | "_ \ / _ \ "_ \| . ` |/ _"\ / _" |/ _ \  
                              | |__| | |_) |  __/ | | | |\  | |_) | (_| |  __/  
              //\\             \____/| .__/ \___)_| |_|_| \_|\___/ \___/ \___|  
             //**\\                  | |                                        
            //****\\                 |_|                                        
           //******\\                                                           
           ----------                                                           
                                                                                
 ____________________________________________________________
          | The OpenNode, Nodal Methods for Neutron Diffusion
 Version  | Version Number: 1.1                              
 Copyright| 2021 Radiation & Nuclear System Laboratory       
          | University Abdelmalk Essaadi                     
          | Faculty of Sciences, Tetouan, Morocco            
 Source   | FORTRAN90 version                                
 GUI      | PyQt5                                            
 Method   | The Nodal Expansion Method (NEM)                 
 Dimension| Three Dimensions (3D)                            
 Geometry | Cartesian                                        
 ____________________________________________________________
                        ==========================
   Calculation Mode :    Critical Boron Concentration Search Calculation with TH feedbacks 
   ----------------     ==========================

            --------------------------------------------
            >>>> Writing Macroscopic Cross Sections <<<<
            --------------------------------------------
     Material  1
    Group   Transport    Diffusion  Absorption    Removal      Nu*Fiss      Kap*Fis    Fiss. Spctr
       1     0.053206    6.264981    0.000373    0.026829     0.000000     0.000000     1.000000
       2     0.386406    0.862651    0.017722    0.017722     0.000000     0.000000     0.000000
         --Scattering Matrix--
           G/G'          1          2
            1        0.000000    0.026455
            2        0.000000    0.000000
     Material  2
    Group   Transport    Diffusion  Absorption    Removal      Nu*Fiss      Kap*Fis    Fiss. Spctr
       1     0.295609    1.127616    0.001188    0.024349     0.000000     0.000000     1.000000
       2     2.459310    0.135539    0.252618    0.252618     0.000000     0.000000     0.000000
         --Scattering Matrix--
           G/G'          1          2
            1        0.000000    0.023161
            2        0.000000    0.000000
     Material  3
    Group   Transport    Diffusion  Absorption    Removal      Nu*Fiss      Kap*Fis    Fiss. Spctr
       1     0.295609    1.127616    0.001188    0.021269     0.000000     0.000000     1.000000
       2     2.459310    0.135539    0.252618    0.252618     0.000000     0.000000     0.000000
         --Scattering Matrix--
           G/G'          1          2
            1        0.000000    0.020081
            2        0.000000    0.000000
     Material  4
    Group   Transport    Diffusion  Absorption    Removal      Nu*Fiss      Kap*Fis    Fiss. Spctr
       1     0.222117    1.500711    0.008718    0.026968     0.004983     0.000000     1.000000
       2     0.803140    0.415038    0.065255    0.065255     0.083903     0.000000     0.000000
         --Scattering Matrix--
           G/G'          1          2
            1        0.000000    0.018250
            2        0.000000    0.000000
     Material  5
    Group   Transport    Diffusion  Absorption    Removal      Nu*Fiss      Kap*Fis    Fiss. Spctr
       1     0.221914    1.502083    0.009061    0.027065     0.005577     0.000000     1.000000
       2     0.795538    0.419004    0.072335    0.072335     0.099863     0.000000     0.000000
         --Scattering Matrix--
           G/G'          1          2
            1        0.000000    0.018004
            2        0.000000    0.000000
     Material  6
    Group   Transport    Diffusion  Absorption    Removal      Nu*Fiss      Kap*Fis    Fiss. Spctr
       1     0.221715    1.503432    0.009385    0.027152     0.006150     0.000000     1.000000
       2     0.789253    0.422340    0.078920    0.078920     0.114667     0.000000     0.000000
         --Scattering Matrix--
           G/G'          1          2
            1        0.000000    0.017767
            2        0.000000    0.000000
     Material  7
    Group   Transport    Diffusion  Absorption    Removal      Nu*Fiss      Kap*Fis    Fiss. Spctr
       1     0.222039    1.501238    0.009317    0.026455     0.005550     0.000000     1.000000
       2     0.776230    0.429426    0.079633    0.079633     0.098558     0.000000     0.000000
         --Scattering Matrix--
           G/G'          1          2
            1        0.000000    0.017138
            2        0.000000    0.000000
     Material  8
    Group   Transport    Diffusion  Absorption    Removal      Nu*Fiss      Kap*Fis    Fiss. Spctr
       1     0.222083    1.500940    0.009400    0.026250     0.005541     0.000000     1.000000
       2     0.769969    0.432918    0.082109    0.082109     0.098006     0.000000     0.000000
         --Scattering Matrix--
           G/G'          1          2
            1        0.000000    0.016850
            2        0.000000    0.000000
     Material  9
    Group   Transport    Diffusion  Absorption    Removal      Nu*Fiss      Kap*Fis    Fiss. Spctr
       1     0.222127    1.500643    0.009483    0.026045     0.005531     0.000000     1.000000
       2     0.763813    0.436407    0.084591    0.084591     0.097411     0.000000     0.000000
         --Scattering Matrix--
           G/G'          1          2
            1        0.000000    0.016563
            2        0.000000    0.000000
     Material 10
    Group   Transport    Diffusion  Absorption    Removal      Nu*Fiss      Kap*Fis    Fiss. Spctr
       1     0.221836    1.502612    0.009637    0.026542     0.006124     0.000000     1.000000
       2     0.770705    0.432504    0.086119    0.086119     0.113241     0.000000     0.000000
         --Scattering Matrix--
           G/G'          1          2
            1        0.000000    0.016904
            2        0.000000    0.000000
     Material 11
    Group   Transport    Diffusion  Absorption    Removal      Nu*Fiss      Kap*Fis    Fiss. Spctr
       1     0.221878    1.502327    0.009719    0.026337     0.006114     0.000000     1.000000
       2     0.764704    0.435899    0.088549    0.088549     0.112635     0.000000     0.000000
         --Scattering Matrix--
           G/G'          1          2
            1        0.000000    0.016618
            2        0.000000    0.000000

            -------------------------------
            >>>>>Wrting Core Geometry<<<<<
            -------------------------------
  Number of Assembly in x, y and z Directions Respectively :
           9           9          18
  Number of Nodes in x, y and z Directions Respectively :
          17          17          18

  x-Directed Nodes Divison (Delta-x)
    10.80  10.80  10.80  10.80  10.80  10.80  10.80  10.80  10.80  10.80
    10.80  10.80  10.80  10.80  10.80  10.80  10.80
  y-Directed Nodes Divison (Delta-y)
    10.80  10.80  10.80  10.80  10.80  10.80  10.80  10.80  10.80  10.80
    10.80  10.80  10.80  10.80  10.80  10.80  10.80
  Planar Region :  1
        1  2  3  4  5  6  7  8  9 10 11 12 13 14 15 16 17
    17  1  1  1  1  1  1  1  1  1  1  1  1  1  1  1  2  2 
    16  1  1  1  1  1  1  1  1  1  1  1  1  1  1  1  2  2 
    15  1  1  1  1  1  1  1  1  1  1  1  1  1  1  1  2  2 
    14  1  1  1  1  1  1  1  1  1  1  1  1  1  3  3  2  2 
    13  1  1  1  1  1  1  1  1  1  1  1  1  1  3  3  2  2 
    12  1  1  1  1  1  1  1  1  1  1  1  1  1  2  2       
    11  1  1  1  1  1  1  1  1  1  1  1  1  1  2  2       
    10  1  1  1  1  1  1  1  1  1  1  1  3  3  2  2       
     9  1  1  1  1  1  1  1  1  1  1  1  3  3  2  2       
     8  1  1  1  1  1  1  1  1  1  3  3  2  2             
     7  1  1  1  1  1  1  1  1  1  3  3  2  2             
     6  1  1  1  1  1  1  1  3  3  2  2                   
     5  1  1  1  1  1  1  1  3  3  2  2                   
     4  1  1  1  3  3  2  2  2  2                         
     3  1  1  1  3  3  2  2  2  2                         
     2  2  2  2  2  2                                     
     1  2  2  2  2  2                                     
  Planar Region :  2
        1  2  3  4  5  6  7  8  9 10 11 12 13 14 15 16 17
    17  4  5  5  4  4  5  5  4  4  5  5  4  4  6  6  2  2 
    16  5  4  4  5  5  4  4  5  5  4  4  6  6  6  6  2  2 
    15  5  4  4  5  5  4  4  5  5  4  4  6  6  6  6  2  2 
    14  4  5  5  4  4  5  5  4  4  5  5  6  6  3  3  2  2 
    13  4  5  5  4  4  5  5  4  4  5  5  6  6  3  3  2  2 
    12  5  4  4  5  5  4  4  5  5  6  6  6  6  2  2       
    11  5  4  4  5  5  4  4  5  5  6  6  6  6  2  2       
    10  4  5  5  4  4  5  5  4  4  6  6  3  3  2  2       
     9  4  5  5  4  4  5  5  4  4  6  6  3  3  2  2       
     8  5  4  4  5  5  6  6  6  6  3  3  2  2             
     7  5  4  4  5  5  6  6  6  6  3  3  2  2             
     6  4  6  6  6  6  6  6  3  3  2  2                   
     5  4  6  6  6  6  6  6  3  3  2  2                   
     4  6  6  6  3  3  2  2  2  2                         
     3  6  6  6  3  3  2  2  2  2                         
     2  2  2  2  2  2                                     
     1  2  2  2  2  2                                     
  Planar Region :  3
        1  2  3  4  5  6  7  8  9 10 11 12 13 14 15 16 17
    17  4  9  9  4  4  9  9  4  4  7  7  4  4  6  6  2  2 
    16  9  4  4  8  8  4  4  8  8  4  4  11 11 6  6  2  2 
    15  9  4  4  8  8  4  4  8  8  4  4  11 11 6  6  2  2 
    14  4  8  8  4  4  8  8  4  4  8  8  6  6  3  3  2  2 
    13  4  8  8  4  4  8  8  4  4  8  8  6  6  3  3  2  2 
    12  9  4  4  8  8  4  4  8  8  10 10 6  6  2  2       
    11  9  4  4  8  8  4  4  8  8  10 10 6  6  2  2       
    10  4  8  8  4  4  8  8  4  4  6  6  3  3  2  2       
     9  4  8  8  4  4  8  8  4  4  6  6  3  3  2  2       
     8  7  4  4  8  8  10 10 6  6  3  3  2  2             
     7  7  4  4  8  8  10 10 6  6  3  3  2  2             
     6  4  11 11 6  6  6  6  3  3  2  2                   
     5  4  11 11 6  6  6  6  3  3  2  2                   
     4  6  6  6  3  3  2  2  2  2                         
     3  6  6  6  3  3  2  2  2  2                         
     2  2  2  2  2  2                                     
     1  2  2  2  2  2                                     

  Planar Region Assignment to Planes.
 -------------------------------------
   Plane Number     Planar Region    Delta-z
       18 (Top)            1          30.00
       17                  3           8.00
       16                  3          12.80
       15                  3          12.80
       14                  3          30.00
       13                  3          30.00
       12                  3          30.00
       11                  3          30.00
       10                  3          30.00
        9                  3          30.00
        8                  3          30.00
        7                  3          30.00
        6                  3          30.00
        5                  3          30.00
        4                  3          15.00
        3                  3          11.00
        2                  2           7.70
        1 (Bottom)         1          30.00

   Boundary Conditions
   -------------------
  X-Directed West   : Reflective
  X-Directed East   : Zero Flux
  Y-Directed North  : Reflective
  Y-Directed South  : Zero Flux
  Z-Directed Bottom : Zero Flux
  Z-Directed Top    : Zero Flux

  ...Core Geometry is Sucessfully Read...
     ---------------------------------


            >>>> READING BORON CONCENTRATION FOR BC SEARCH <<<<
            --------------------------------------------------
  BORON CONCENTRATION REFERENCE : 1200.20

  MATERIAL CX CHANGES PER PPM BORON CHANGES : 
    MATERIAL  1
     GROUP   TRANSPORT   ABSORPTION   NU*FISS       FISSION
       1   0.611833E-07   0.187731E-06   0.000000E+00   0.000000E+00
       2   0.517535E-05   0.102635E-04   0.000000E+00   0.000000E+00
   --SCATTERING MATRIX--
     G/G'          1          2
      1      0.00000E+00  0.79146E-09
      2      0.00000E+00  0.00000E+00
    MATERIAL  2
     GROUP   TRANSPORT   ABSORPTION   NU*FISS       FISSION
       1   0.000000E+00   0.000000E+00   0.000000E+00   0.000000E+00
       2   0.776184E-03   0.844695E-04   0.000000E+00   0.000000E+00
   --SCATTERING MATRIX--
     G/G'          1          2
      1      0.00000E+00  0.00000E+00
      2      0.00000E+00  0.00000E+00
    MATERIAL  3
     GROUP   TRANSPORT   ABSORPTION   NU*FISS       FISSION
       1   0.000000E+00   0.000000E+00   0.000000E+00   0.000000E+00
       2   0.776184E-03   0.844695E-04   0.000000E+00   0.000000E+00
   --SCATTERING MATRIX--
     G/G'          1          2
      1      0.00000E+00  0.00000E+00
      2      0.00000E+00  0.00000E+00
    MATERIAL  4
     GROUP   TRANSPORT   ABSORPTION   NU*FISS       FISSION
       1   0.347809E-07   0.128505E-06  -0.112099E-08  -0.176188E-19
       2  -0.976510E-05   0.708807E-05  -0.243045E-05  -0.319085E-16
   --SCATTERING MATRIX--
     G/G'          1          2
      1      0.00000E+00 -0.10859E-06
      2      0.00000E+00  0.00000E+00
    MATERIAL  5
     GROUP   TRANSPORT   ABSORPTION   NU*FISS       FISSION
       1   0.353826E-07   0.126709E-06  -0.167880E-08  -0.249965E-19
       2  -0.850169E-05   0.682311E-05  -0.272445E-05  -0.357680E-16
   --SCATTERING MATRIX--
     G/G'          1          2
      1      0.00000E+00 -0.10695E-06
      2      0.00000E+00  0.00000E+00
    MATERIAL  6
     GROUP   TRANSPORT   ABSORPTION   NU*FISS       FISSION
       1   0.359838E-07   0.124986E-06  -0.221038E-08  -0.320225E-19
       2  -0.746251E-05   0.659798E-05  -0.295883E-05  -0.388451E-16
   --SCATTERING MATRIX--
     G/G'          1          2
      1      0.00000E+00 -0.10537E-06
      2      0.00000E+00  0.00000E+00
    MATERIAL  7
     GROUP   TRANSPORT   ABSORPTION   NU*FISS       FISSION
       1   0.337806E-07   0.119869E-06  -0.171323E-08  -0.249965E-19
       2  -0.673744E-05   0.629310E-05  -0.255359E-05  -0.335223E-16
   --SCATTERING MATRIX--
     G/G'          1          2
      1      0.00000E+00 -0.10087E-06
      2      0.00000E+00  0.00000E+00
    MATERIAL  8
     GROUP   TRANSPORT   ABSORPTION   NU*FISS       FISSION
       1   0.332495E-07   0.117585E-06  -0.172421E-08  -0.254896E-19
       2  -0.619725E-05   0.611904E-05  -0.248880E-05  -0.326704E-16
   --SCATTERING MATRIX--
     G/G'          1          2
      1      0.00000E+00 -0.98858E-07
      2      0.00000E+00  0.00000E+00
    MATERIAL  9
     GROUP   TRANSPORT   ABSORPTION   NU*FISS       FISSION
       1   0.327201E-07   0.115319E-06  -0.173502E-08  -0.256049E-19
       2  -0.568220E-05   0.594711E-05  -0.242240E-05  -0.317976E-16
   --SCATTERING MATRIX--
     G/G'          1          2
      1      0.00000E+00 -0.96849E-07
      2      0.00000E+00  0.00000E+00
    MATERIAL 10
     GROUP   TRANSPORT   ABSORPTION   NU*FISS       FISSION
       1   0.343859E-07   0.118186E-06  -0.224335E-08  -0.320225E-19
       2  -0.586898E-05   0.608443E-05  -0.277657E-05  -0.364509E-16
   --SCATTERING MATRIX--
     G/G'          1          2
      1      0.00000E+00 -0.99331E-07
      2      0.00000E+00  0.00000E+00
    MATERIAL 11
     GROUP   TRANSPORT   ABSORPTION   NU*FISS       FISSION
       1   0.338559E-07   0.115917E-06  -0.225369E-08  -0.324873E-19
       2  -0.538345E-05   0.591697E-05  -0.270780E-05  -0.355476E-16
   --SCATTERING MATRIX--
     G/G'          1          2
      1      0.00000E+00 -0.97329E-07
      2      0.00000E+00  0.00000E+00

  ...Critical Boron Search card is sucessfully read...


            >>>> READING CONTROL RODS INSERTION <<<<
            --------------------------------------------
  NUMBER OF CONTROL ROD BANK  :  7
  MAX. NUMBER OF STEPS        : 228
  FULLY INSERTED POSITION (cm): 37.7 (FROM BOTTOM OF THE CORE)
  STEP SIZE (cm)              :   1.5942
  CR CUSPING CORRECTION       : NOT ACTIVE
  INITIAL CONTROL ROD BANK POSITION (STEPS) : 
  (0 means fully inserted) 
    Bank  1  Bank  2  Bank  3  Bank  4  Bank  5  Bank  6  Bank  7
      0.0    228.0      0.0    228.0      0.0    228.0    228.0

  CONTROL ROD BANK MAP : 
  1  0  2  0  0  0  3  0  0
  0  4  0  0  0  6  0  0  0
  2  0  5  0  6  0  6  0  0
  0  0  0  4  0  0  0  0  0
  0  0  6  0  7  0  0  0  0
  0  6  0  0  0  0  0  0  0
  3  0  6  0  0  0  0  0  0
  0  0  0  0  0  0  0  0  0
  0  0  0  0  0  0  0  0  0

  MATERIAL CX INCREMENT OR DECREMENT DUE TO CR INSERTION : 
    MATERIAL  1
    GROUP   TRANSPORT  ABSORPTION      NU*FISS      FISSION
       1     0.003732    0.002478    -0.000103    -0.000000
       2    -0.021993    0.025587    -0.002823    -0.000000
   --SCATTERING MATRIX--
     G/G'        1        2
      1      0.000000 -0.003193
      2      0.000000  0.000000
    MATERIAL  2
    GROUP   TRANSPORT  ABSORPTION      NU*FISS      FISSION
       1     0.003732    0.002478    -0.000103    -0.000000
       2    -0.021993    0.025587    -0.002823    -0.000000
   --SCATTERING MATRIX--
     G/G'        1        2
      1      0.000000 -0.003193
      2      0.000000  0.000000
    MATERIAL  3
    GROUP   TRANSPORT  ABSORPTION      NU*FISS      FISSION
       1     0.003732    0.002478    -0.000103    -0.000000
       2    -0.021993    0.025587    -0.002823    -0.000000
   --SCATTERING MATRIX--
     G/G'        1        2
      1      0.000000 -0.003193
      2      0.000000  0.000000
    MATERIAL  4
    GROUP   TRANSPORT  ABSORPTION      NU*FISS      FISSION
       1     0.003732    0.002478    -0.000103    -0.000000
       2    -0.021993    0.025587    -0.002823    -0.000000
   --SCATTERING MATRIX--
     G/G'        1        2
      1      0.000000 -0.003193
      2      0.000000  0.000000
    MATERIAL  5
    GROUP   TRANSPORT  ABSORPTION      NU*FISS      FISSION
       1     0.003732    0.002478    -0.000103    -0.000000
       2    -0.021993    0.025587    -0.002823    -0.000000
   --SCATTERING MATRIX--
     G/G'        1        2
      1      0.000000 -0.003193
      2      0.000000  0.000000
    MATERIAL  6
    GROUP   TRANSPORT  ABSORPTION      NU*FISS      FISSION
       1     0.003741    0.002429    -0.000123    -0.000000
       2    -0.016750    0.025648    -0.003281    -0.000000
   --SCATTERING MATRIX--
     G/G'        1        2
      1      0.000000 -0.003142
      2      0.000000  0.000000
    MATERIAL  7
    GROUP   TRANSPORT  ABSORPTION      NU*FISS      FISSION
       1     0.003732    0.002478    -0.000103    -0.000000
       2    -0.021993    0.025587    -0.002823    -0.000000
   --SCATTERING MATRIX--
     G/G'        1        2
      1      0.000000 -0.003193
      2      0.000000  0.000000
    MATERIAL  8
    GROUP   TRANSPORT  ABSORPTION      NU*FISS      FISSION
       1     0.003732    0.002478    -0.000103    -0.000000
       2    -0.021993    0.025587    -0.002823    -0.000000
   --SCATTERING MATRIX--
     G/G'        1        2
      1      0.000000 -0.003193
      2      0.000000  0.000000
    MATERIAL  9
    GROUP   TRANSPORT  ABSORPTION      NU*FISS      FISSION
       1     0.003732    0.002478    -0.000103    -0.000000
       2    -0.021993    0.025587    -0.002823    -0.000000
   --SCATTERING MATRIX--
     G/G'        1        2
      1      0.000000 -0.003193
      2      0.000000  0.000000
    MATERIAL 10
    GROUP   TRANSPORT  ABSORPTION      NU*FISS      FISSION
       1     0.003732    0.002478    -0.000103    -0.000000
       2    -0.021993    0.025587    -0.002823    -0.000000
   --SCATTERING MATRIX--
     G/G'        1        2
      1      0.000000 -0.003193
      2      0.000000  0.000000
    MATERIAL 11
    GROUP   TRANSPORT  ABSORPTION      NU*FISS      FISSION
       1     0.003732    0.002478    -0.000103    -0.000000
       2    -0.021993    0.025587    -0.002823    -0.000000
   --SCATTERING MATRIX--
     G/G'        1        2
      1      0.000000 -0.003193
      2      0.000000  0.000000

  ...Control Rods Insertion card is sucessfully read...


            >>>>   READING THERMAL-HYDRAULIC DATA   <<<<
            --------------------------------------------
  REACTOR PERCENT POWER (%)                :      0.00010
  REACTOR POWER (Watt)                     :   6.9375E+08
  COOLANT INLET TEMPERATURE (Kelvin)       :   5.5915E+02
  FUEL ASSEMBLY MASS FLOW RATE (Kg/s)      :   8.2121E+01
  FUEL MEAT RADIUS (m)                     :   4.1195E-03
  GAP THICKNESS (m)                        :   6.8000E-05
  CLAD THICKNESS (m)                       :   5.7100E-04
  PIN PITCH(m)                             :   1.2655E-02
  FRACTION OF HEAT DEPOSITED IN COOL.      :   1.9000E-02

  ...Thermal-hydraulic Card is sucessfully read...


            >>>>      READING FUEL TEMPERATURE      <<<<
            --------------------------------------------
  AVERAGE FUEL TEMPERATURE   :891.19  (NOT USED)
  FUEL TEMPERATURE REFERENCE :891.45

  MATERIAL CX CHANGES PER FUEL TEMPERATURE CHANGES : 
    MATERIAL  1
     GROUP   TRANSPORT   ABSORPTION   NU*FISS       FISSION
       1   0.00000E+00  0.00000E+00   0.00000E+00   0.00000E+00
       2   0.00000E+00  0.00000E+00   0.00000E+00   0.00000E+00
   --SCATTERING MATRIX--
     G/G'          1          2
      1      0.00000E+00  0.00000E+00
      2      0.00000E+00  0.00000E+00
    MATERIAL  2
     GROUP   TRANSPORT   ABSORPTION   NU*FISS       FISSION
       1   0.00000E+00  0.00000E+00   0.00000E+00   0.00000E+00
       2   0.00000E+00  0.00000E+00   0.00000E+00   0.00000E+00
   --SCATTERING MATRIX--
     G/G'          1          2
      1      0.00000E+00  0.00000E+00
      2      0.00000E+00  0.00000E+00
    MATERIAL  3
     GROUP   TRANSPORT   ABSORPTION   NU*FISS       FISSION
       1   0.00000E+00  0.00000E+00   0.00000E+00   0.00000E+00
       2   0.00000E+00  0.00000E+00   0.00000E+00   0.00000E+00
   --SCATTERING MATRIX--
     G/G'          1          2
      1      0.00000E+00  0.00000E+00
      2      0.00000E+00  0.00000E+00
    MATERIAL  4
     GROUP   TRANSPORT   ABSORPTION   NU*FISS       FISSION
       1  -0.30920E-04  0.34971E-04   0.64013E-06   0.71541E-17
       2  -0.13729E-03 -0.37181E-04  -0.56304E-04  -0.73919E-15
   --SCATTERING MATRIX--
     G/G'          1          2
      1      0.00000E+00 -0.27554E-04
      2      0.00000E+00  0.00000E+00
    MATERIAL  5
     GROUP   TRANSPORT   ABSORPTION   NU*FISS       FISSION
       1  -0.30861E-04  0.35180E-04   0.99743E-06   0.11868E-16
       2  -0.11748E-03 -0.37704E-04  -0.60415E-04  -0.79317E-15
   --SCATTERING MATRIX--
     G/G'          1          2
      1      0.00000E+00 -0.27677E-04
      2      0.00000E+00  0.00000E+00
    MATERIAL  6
     GROUP   TRANSPORT   ABSORPTION   NU*FISS       FISSION
       1  -0.30917E-04  0.35384E-04   0.14185E-05   0.17427E-16
       2  -0.10134E-03 -0.37756E-04  -0.63096E-04  -0.82836E-15
   --SCATTERING MATRIX--
     G/G'          1          2
      1      0.00000E+00 -0.27839E-04
      2      0.00000E+00  0.00000E+00
    MATERIAL  7
     GROUP   TRANSPORT   ABSORPTION   NU*FISS       FISSION
       1  -0.31375E-04  0.34870E-04   0.94543E-06   0.11868E-16
       2  -0.10827E-03 -0.37275E-04  -0.57966E-04  -0.76085E-15
   --SCATTERING MATRIX--
     G/G'          1          2
      1      0.00000E+00 -0.27355E-04
      2      0.00000E+00  0.00000E+00
    MATERIAL  8
     GROUP   TRANSPORT   ABSORPTION   NU*FISS       FISSION
       1  -0.31550E-04  0.34727E-04   0.92608E-06   0.10893E-16
       2  -0.10552E-03 -0.37181E-04  -0.57111E-04  -0.74957E-15
   --SCATTERING MATRIX--
     G/G'          1          2
      1      0.00000E+00 -0.27238E-04
      2      0.00000E+00  0.00000E+00
    MATERIAL  9
     GROUP   TRANSPORT   ABSORPTION   NU*FISS       FISSION
       1  -0.31728E-04  0.34603E-04   0.90580E-06   0.10617E-16
       2  -0.10252E-03 -0.37020E-04  -0.56154E-04  -0.73697E-15
   --SCATTERING MATRIX--
     G/G'          1          2
      1      0.00000E+00 -0.27117E-04
      2      0.00000E+00  0.00000E+00
    MATERIAL 10
     GROUP   TRANSPORT   ABSORPTION   NU*FISS       FISSION
       1  -0.31419E-04  0.35064E-04   0.13564E-05   0.17427E-16
       2  -0.93889E-04 -0.37140E-04  -0.60505E-04  -0.79425E-15
   --SCATTERING MATRIX--
     G/G'          1          2
      1      0.00000E+00 -0.27505E-04
      2      0.00000E+00  0.00000E+00
    MATERIAL 11
     GROUP   TRANSPORT   ABSORPTION   NU*FISS       FISSION
       1  -0.31591E-04  0.34912E-04   0.13334E-05   0.16277E-16
       2  -0.91713E-04 -0.36991E-04  -0.59628E-04  -0.78272E-15
   --SCATTERING MATRIX--
     G/G'          1          2
      1      0.00000E+00 -0.27383E-04
      2      0.00000E+00  0.00000E+00

  ...Fuel Temperature is card sucessfully read...


            >>>>   READING MODERATOR TEMPERATURE    <<<<
            --------------------------------------------
  AVERAGE MODERATOR TEMPERATURE   :559.19  (NOT USED)
  MODERATOR TEMPERATURE REFERENCE :579.75

  MATERIAL CX CHANGES PER MODERATOR TEMPERATURE CHANGES : 
    MATERIAL  1
     GROUP   TRANSPORT   ABSORPTION   NU*FISS       FISSION
       1   0.00000E+00  0.00000E+00   0.00000E+00   0.00000E+00
       2   0.00000E+00  0.00000E+00   0.00000E+00   0.00000E+00
   --SCATTERING MATRIX--
     G/G'          1          2
      1      0.00000E+00  0.00000E+00
      2      0.00000E+00  0.00000E+00
    MATERIAL  2
     GROUP   TRANSPORT   ABSORPTION   NU*FISS       FISSION
       1   0.00000E+00  0.00000E+00   0.00000E+00   0.00000E+00
       2   0.00000E+00  0.00000E+00   0.00000E+00   0.00000E+00
   --SCATTERING MATRIX--
     G/G'          1          2
      1      0.00000E+00  0.00000E+00
      2      0.00000E+00  0.00000E+00
    MATERIAL  3
     GROUP   TRANSPORT   ABSORPTION   NU*FISS       FISSION
       1   0.00000E+00  0.00000E+00   0.00000E+00   0.00000E+00
       2   0.00000E+00  0.00000E+00   0.00000E+00   0.00000E+00
   --SCATTERING MATRIX--
     G/G'          1          2
      1      0.00000E+00  0.00000E+00
      2      0.00000E+00  0.00000E+00
    MATERIAL  4
     GROUP   TRANSPORT   ABSORPTION   NU*FISS       FISSION
       1  -0.20331E-05  0.21219E-06   0.12471E-06   0.14304E-17
       2  -0.10867E-03 -0.31560E-04  -0.41644E-04  -0.54672E-15
   --SCATTERING MATRIX--
     G/G'          1          2
      1      0.00000E+00  0.80968E-06
      2      0.00000E+00  0.00000E+00
    MATERIAL  5
     GROUP   TRANSPORT   ABSORPTION   NU*FISS       FISSION
       1  -0.19808E-05  0.22600E-06   0.13515E-06   0.15690E-17
       2  -0.90615E-04 -0.32144E-04  -0.45310E-04  -0.59486E-15
   --SCATTERING MATRIX--
     G/G'          1          2
      1      0.00000E+00  0.85847E-06
      2      0.00000E+00  0.00000E+00
    MATERIAL  6
     GROUP   TRANSPORT   ABSORPTION   NU*FISS       FISSION
       1  -0.19243E-05  0.23994E-06   0.14908E-06   0.17542E-17
       2  -0.76279E-04 -0.32378E-04  -0.47847E-04  -0.62817E-15
   --SCATTERING MATRIX--
     G/G'          1          2
      1      0.00000E+00  0.90349E-06
      2      0.00000E+00  0.00000E+00
    MATERIAL  7
     GROUP   TRANSPORT   ABSORPTION   NU*FISS       FISSION
       1  -0.26963E-05  0.24853E-06   0.14077E-06   0.15690E-17
       2  -0.76244E-04 -0.30012E-04  -0.42020E-04  -0.55167E-15
   --SCATTERING MATRIX--
     G/G'          1          2
      1      0.00000E+00  0.70131E-06
      2      0.00000E+00  0.00000E+00
    MATERIAL  8
     GROUP   TRANSPORT   ABSORPTION   NU*FISS       FISSION
       1  -0.30791E-05  0.26185E-06   0.14323E-06   0.16790E-17
       2  -0.73340E-04 -0.29193E-04  -0.40770E-04  -0.53526E-15
   --SCATTERING MATRIX--
     G/G'          1          2
      1      0.00000E+00  0.61738E-06
      2      0.00000E+00  0.00000E+00
    MATERIAL  9
     GROUP   TRANSPORT   ABSORPTION   NU*FISS       FISSION
       1  -0.35388E-05  0.27431E-06   0.14602E-06   0.17167E-17
       2  -0.71371E-04 -0.28304E-04  -0.39432E-04  -0.51769E-15
   --SCATTERING MATRIX--
     G/G'          1          2
      1      0.00000E+00  0.51655E-06
      2      0.00000E+00  0.00000E+00
    MATERIAL 10
     GROUP   TRANSPORT   ABSORPTION   NU*FISS       FISSION
       1  -0.26391E-05  0.26429E-06   0.15586E-06   0.17542E-17
       2  -0.63955E-04 -0.30351E-04  -0.44443E-04  -0.58348E-15
   --SCATTERING MATRIX--
     G/G'          1          2
      1      0.00000E+00  0.74432E-06
      2      0.00000E+00  0.00000E+00
    MATERIAL 11
     GROUP   TRANSPORT   ABSORPTION   NU*FISS       FISSION
       1  -0.30215E-05  0.27906E-06   0.15881E-06   0.18853E-17
       2  -0.61698E-04 -0.29563E-04  -0.43159E-04  -0.56662E-15
   --SCATTERING MATRIX--
     G/G'          1          2
      1      0.00000E+00  0.65952E-06
      2      0.00000E+00  0.00000E+00

  ...Moderator Temperature Card is sucessfully read...


            >>>>       READING COOLANT DENSITY      <<<<
            --------------------------------------------
  AVERAGE COOLANT DENSITY   :  0.7464  (USED AS GUESS)
  COOLANT DENSITY REFERENCE :  0.7125

  MATERIAL CX CHANGES PER COOLANT DENSITY CHANGES : 
    MATERIAL  1
     GROUP   TRANSPORT   ABSORPTION   NU*FISS       FISSION
       1   0.74576E-01  0.20769E-03   0.00000E+00   0.00000E+00
       2   0.53363E+00  0.75842E-02   0.00000E+00   0.00000E+00
   --SCATTERING MATRIX--
     G/G'          1          2
      1      0.00000E+00  0.37131E-01
      2      0.00000E+00  0.00000E+00
    MATERIAL  2
     GROUP   TRANSPORT   ABSORPTION   NU*FISS       FISSION
       1   0.00000E+00  0.00000E+00   0.00000E+00   0.00000E+00
       2   0.00000E+00  0.00000E+00   0.00000E+00   0.00000E+00
   --SCATTERING MATRIX--
     G/G'          1          2
      1      0.00000E+00  0.00000E+00
      2      0.00000E+00  0.00000E+00
    MATERIAL  3
     GROUP   TRANSPORT   ABSORPTION   NU*FISS       FISSION
       1   0.00000E+00  0.00000E+00   0.00000E+00   0.00000E+00
       2   0.00000E+00  0.00000E+00   0.00000E+00   0.00000E+00
   --SCATTERING MATRIX--
     G/G'          1          2
      1      0.00000E+00  0.00000E+00
      2      0.00000E+00  0.00000E+00
    MATERIAL  4
     GROUP   TRANSPORT   ABSORPTION   NU*FISS       FISSION
       1   0.13567E+00  0.15519E-02   0.92069E-03   0.10239E-13
       2   0.99263E+00  0.25266E-01   0.24775E-01   0.32526E-12
   --SCATTERING MATRIX--
     G/G'          1          2
      1      0.00000E+00  0.29319E-01
      2      0.00000E+00  0.00000E+00
    MATERIAL  5
     GROUP   TRANSPORT   ABSORPTION   NU*FISS       FISSION
       1   0.13575E+00  0.16149E-02   0.96416E-03   0.10814E-13
       2   0.98198E+00  0.28667E-01   0.31499E-01   0.41354E-12
   --SCATTERING MATRIX--
     G/G'          1          2
      1      0.00000E+00  0.29270E-01
      2      0.00000E+00  0.00000E+00
    MATERIAL  6
     GROUP   TRANSPORT   ABSORPTION   NU*FISS       FISSION
       1   0.13583E+00  0.16802E-02   0.10141E-02   0.11477E-13
       2   0.97227E+00  0.31957E-01   0.38110E-01   0.50033E-12
   --SCATTERING MATRIX--
     G/G'          1          2
      1      0.00000E+00  0.29215E-01
      2      0.00000E+00  0.00000E+00
    MATERIAL  7
     GROUP   TRANSPORT   ABSORPTION   NU*FISS       FISSION
       1   0.13103E+00  0.16840E-02   0.98195E-03   0.10814E-13
       2   0.93470E+00  0.31424E-01   0.35159E-01   0.46172E-12
   --SCATTERING MATRIX--
     G/G'          1          2
      1      0.00000E+00  0.28249E-01
      2      0.00000E+00  0.00000E+00
    MATERIAL  8
     GROUP   TRANSPORT   ABSORPTION   NU*FISS       FISSION
       1   0.12938E+00  0.17197E-02   0.98844E-03   0.11132E-13
       2   0.91817E+00  0.32472E-01   0.36325E-01   0.47708E-12
   --SCATTERING MATRIX--
     G/G'          1          2
      1      0.00000E+00  0.27890E-01
      2      0.00000E+00  0.00000E+00
    MATERIAL  9
     GROUP   TRANSPORT   ABSORPTION   NU*FISS       FISSION
       1   0.12768E+00  0.17499E-02   0.99518E-03   0.11221E-13
       2   0.90129E+00  0.33594E-01   0.37450E-01   0.49190E-12
   --SCATTERING MATRIX--
     G/G'          1          2
      1      0.00000E+00  0.27520E-01
      2      0.00000E+00  0.00000E+00
    MATERIAL 10
     GROUP   TRANSPORT   ABSORPTION   NU*FISS       FISSION
       1   0.13112E+00  0.17553E-02   0.10352E-02   0.11477E-13
       2   0.92492E+00  0.34985E-01   0.42069E-01   0.58348E-12
   --SCATTERING MATRIX--
     G/G'          1          2
      1      0.00000E+00  0.28188E-01
      2      0.00000E+00  0.00000E+00
    MATERIAL 11
     GROUP   TRANSPORT   ABSORPTION   NU*FISS       FISSION
       1   0.12946E+00  0.17950E-02   0.10429E-02   0.11853E-13
       2   0.90846E+00  0.36103E-01   0.43321E-01   0.56886E-12
   --SCATTERING MATRIX--
     G/G'          1          2
      1      0.00000E+00  0.27826E-01
      2      0.00000E+00  0.00000E+00

  ...Coolant Density Card is sucessfully read...


  ================================================================================================
                        CRITICAL BORON CONCENTRATION SEARCH
  ================================================================================================

   Itr  Boron Concentration          K-EFF    FLUX REL. ERROR   FISS. SOURCE REL. ERROR    DOPPLER ERROR
  ------------------------------------------------------------------------------------------------------
    1     0.926963    6.52640E+01    3.47497E+02
    2     1.010092    1.00000E+00    6.77049E+01
    3     0.983599    1.00000E+00    3.08029E+00
    4     0.979162    1.00000E+00    1.00000E+00
    5     0.982838    6.35188E+00    3.75412E-01
    6     0.988205    1.04001E+00    1.89441E+00
    7     0.987634    1.70056E-01    6.41998E-01
    8     0.987973    9.02577E-02    1.08495E-01
    9     0.988397    7.26561E-02    7.46469E-02
   10     0.993398    2.72606E+00    6.44389E-02
   11     0.993662    3.53709E-01    1.68923E+00
   12     0.992854    5.87704E-02    7.35260E-01
   13     0.992762    3.35692E-02    7.04080E-02
   14     0.992738    2.16903E-02    2.77627E-02
   15     0.992478    5.16858E-01    1.70144E-02
   16     0.993106    1.33021E-01    3.86668E-01
   17     0.992845    6.58468E-02    1.63775E-01
   18     0.992948    5.49447E-02    5.92754E-02
   19     0.993050    4.65065E-02    5.08409E-02
   20     0.993898    6.44951E-01    4.36027E-02
    1     1.004059    2.69167E-02    4.30261E-02
    2     1.004100    3.07581E-02    3.51292E-02
    3     1.004144    2.62523E-02    2.88689E-02
    4     1.004189    2.26101E-02    2.45456E-02
    5     1.005103    8.35504E-01    2.11945E-02
    6     1.005081    1.59965E-01    5.64998E-01
    7     1.004878    4.15980E-02    2.12755E-01
    8     1.004830    3.32402E-02    3.94064E-02
    9     1.004802    2.62580E-02    3.11763E-02
   10     1.004553    1.99300E-01    2.36725E-02
   11     1.004634    4.94926E-02    1.52081E-01
   12     1.004638    1.57935E-02    5.55480E-02
   13     1.004657    1.37447E-02    1.54483E-02
   14     1.004673    1.15842E-02    1.30903E-02
   15     1.004966    2.62923E-01    1.07060E-02
   16     1.004950    6.07016E-02    1.89237E-01
   17     1.004886    1.54119E-02    7.49015E-02
   18     1.004869    1.30704E-02    1.56959E-02
   19     1.004858    1.00219E-02    1.19480E-02
   20     1.004764    8.88869E-02    8.86865E-03
    1        1200.20                1.00476     8.88869E-02          8.86865E-03           8.79232E-05
    1     1.004313    5.16799E-03    6.44812E-03
    2     1.004300    4.35416E-03    5.18883E-03
    3     1.004297    3.36529E-03    3.92210E-03
    4     1.004294    2.56210E-03    2.99833E-03
    5     1.004235    6.14701E-02    2.26839E-03
    6     1.004279    2.19333E-02    4.29102E-02
    7     1.004268    1.06367E-02    1.44124E-02
    8     1.004277    9.00569E-03    1.00073E-02
    9     1.004285    7.46786E-03    8.42328E-03
   10     1.004354    6.94904E-02    6.87161E-03
   11     1.004344    1.38253E-02    5.19511E-02
   12     1.004339    3.02992E-03    2.03313E-02
   13     1.004336    2.42179E-03    2.89907E-03
   14     1.004334    1.83861E-03    2.24485E-03
   15     1.004272    5.25182E-02    1.61755E-03
   16     1.004294    1.90768E-02    3.61691E-02
   17     1.004301    8.06833E-03    1.20336E-02
   18     1.004307    6.60444E-03    7.58184E-03
   19     1.004312    5.25150E-03    6.03591E-03
   20     1.004343    3.33185E-02    4.73771E-03
    2        1205.92                1.00434     3.33185E-02          4.73771E-03           1.05440E-05
    1     0.998948    1.07671E-02    3.28611E-02
    2     0.998779    3.71823E-03    4.86495E-03
    3     0.998767    2.42261E-03    2.74144E-03
    4     0.998765    1.75340E-03    2.02648E-03
    5     0.998756    1.33646E-02    1.52160E-03
    6     0.998762    3.19647E-03    9.47686E-03
    7     0.998753    8.13440E-04    3.24512E-03
    8     0.998752    6.59423E-04    7.92435E-04
    9     0.998752    5.36701E-04    6.10086E-04
   10     0.998744    1.11753E-02    4.94055E-04
   11     0.998750    3.06811E-03    8.54094E-03
   12     0.998749    1.30151E-03    3.76929E-03
   13     0.998750    1.02092E-03    1.18949E-03
   14     0.998751    7.97521E-04    9.22044E-04
   15     0.998758    1.18745E-02    7.16828E-04
   16     0.998756    3.05926E-03    8.74505E-03
   17     0.998754    8.22078E-04    3.34763E-03
   18     0.998754    6.51986E-04    7.92358E-04
   19     0.998754    4.79196E-04    5.84371E-04
   20     0.998750    5.60905E-03    4.17393E-04
    3        1264.92                0.99875     5.60905E-03          4.17393E-04           3.39734E-06
    1     0.999949    2.19286E-03    7.21845E-03
    2     0.999987    6.13844E-04    1.08126E-03
    3     0.999990    3.70282E-04    4.68788E-04
    4     0.999990    2.70821E-04    3.03299E-04
    5     0.999997    3.07962E-03    2.32387E-04
    6     0.999994    7.00862E-04    2.31873E-03
    7     0.999997    3.20073E-04    1.11846E-03
    8     0.999996    2.50070E-04    3.18002E-04
    9     0.999996    2.02154E-04    2.27849E-04
   10     0.999993    5.12016E-03    1.84075E-04
   11     0.999993    1.30435E-03    3.88069E-03
   12     0.999993    3.54745E-04    1.65016E-03
   13     0.999993    2.65417E-04    3.40877E-04
   14     0.999993    2.06346E-04    2.32029E-04
   15     0.999995    1.55140E-03    1.81445E-04
   16     0.999994    3.23836E-04    1.14152E-03
   17     0.999995    1.31108E-04    4.64942E-04
   18     0.999995    1.08473E-04    1.24003E-04
   19     0.999995    9.02538E-05    1.00866E-04
   20     0.999994    3.47540E-03    8.33651E-05
    4        1251.73                0.99999     3.47540E-03          8.33651E-05           9.74331E-07
    1     1.000000    6.02492E-05    7.81800E-05
    2     1.000000    5.80873E-05    6.21934E-05
    3     1.000001    5.33728E-05    5.57385E-05
    4     1.000001    4.94167E-05    5.11897E-05
    5     1.000001    4.26237E-03    4.76450E-05
    6     1.000001    7.88891E-04    3.60583E-03
    7     1.000001    2.32243E-04    1.98363E-03
    8     1.000001    1.44290E-04    3.60943E-04
    9     1.000001    1.04694E-04    1.11941E-04
   10     1.000001    4.16928E-04    8.67729E-05
   11     1.000001    6.92858E-05    2.98631E-04
   12     1.000001    1.30022E-05    1.19103E-04
   13     1.000001    9.84061E-06    1.34255E-05
   14     1.000001    8.90347E-06    9.02541E-06
    5        1251.67                1.00000     8.90347E-06          9.02541E-06           6.05336E-07


     Radial Power Distribution
   ==============================
           1       2       3       4       5       6       7       8       9
     9   0.412   0.732   0.990   1.103   1.286   1.153   0.504   0.584   0.000
     8   0.732   0.835   0.897   1.141   1.275   1.214   0.937   0.529   0.000
     7   0.990   0.897   0.557   1.081   1.308   1.233   1.114   0.000   0.000
     6   1.103   1.141   1.081   1.234   1.265   1.275   0.831   0.000   0.000
     5   1.286   1.275   1.308   1.265   1.180   0.941   0.000   0.000   0.000
     4   1.153   1.214   1.233   1.275   0.941   0.000   0.000   0.000   0.000
     3   0.504   0.937   1.114   0.831   0.000   0.000   0.000   0.000   0.000
     2   0.584   0.529   0.000   0.000   0.000   0.000   0.000   0.000   0.000
     1   0.000   0.000   0.000   0.000   0.000   0.000   0.000   0.000   0.000

   MAX POS.       Maximum Value
  (  5,  3)          1.308


     Axial Power Density Distribution
   ====================================

     Plane Number        Power      Height
    -----------------------------------------
        18  (Top)        0.000      427.30
        17               0.147      397.30
        16               0.291      389.30
        15               0.484      376.50
        14               0.793      363.70
        13               1.182      333.70
        12               1.498      303.70
        11               1.722      273.70
        10               1.838      243.70
         9               1.840      213.70
         8               1.729      183.70
         7               1.510      153.70
         6               1.197      123.70
         5               0.810       93.70
         4               0.487       63.70
         3               0.293       48.70
         2               0.179       37.70
         1  (Bottom)     0.000       30.00

   MAX POS.       Maximum Value
    (  9)             1.840

     Radial Flux Distribution
   ==============================
    Group :   1
             1          2          3          4          5          6          7          8          9
     9   1.194E-02  1.590E-02  2.044E-02  2.364E-02  2.647E-02  2.344E-02  1.454E-02  1.047E-02  1.546E-03 
     8   1.590E-02  1.727E-02  1.888E-02  2.354E-02  2.646E-02  2.505E-02  1.866E-02  9.573E-03  1.214E-03 
     7   2.044E-02  1.888E-02  1.603E-02  2.270E-02  2.693E-02  2.610E-02  1.997E-02  4.219E-03  3.222E-04 
     6   2.364E-02  2.354E-02  2.270E-02  2.541E-02  2.655E-02  2.478E-02  1.496E-02  2.061E-03  0.000E+00 
     5   2.647E-02  2.646E-02  2.693E-02  2.655E-02  2.423E-02  1.679E-02  4.175E-03  4.411E-04  0.000E+00 
     4   2.344E-02  2.505E-02  2.610E-02  2.478E-02  1.679E-02  4.371E-03  5.579E-04  0.000E+00  0.000E+00 
     3   1.454E-02  1.866E-02  1.997E-02  1.496E-02  4.175E-03  5.579E-04  0.000E+00  0.000E+00  0.000E+00 
     2   1.047E-02  9.574E-03  4.220E-03  2.061E-03  4.411E-04  0.000E+00  0.000E+00  0.000E+00  0.000E+00 
     1   1.546E-03  1.214E-03  3.222E-04  0.000E+00  0.000E+00  0.000E+00  0.000E+00  0.000E+00  0.000E+00 

    Group :   2
             1          2          3          4          5          6          7          8          9
     9   9.701E-03  1.487E-02  2.406E-02  2.245E-02  3.133E-02  2.343E-02  1.183E-02  1.025E-02  6.649E-04 
     8   1.487E-02  2.030E-02  1.823E-02  2.780E-02  2.595E-02  2.948E-02  1.636E-02  9.261E-03  5.227E-04 
     7   2.406E-02  1.823E-02  1.313E-02  2.195E-02  3.177E-02  2.495E-02  1.948E-02  1.631E-03  1.256E-04 
     6   2.245E-02  2.780E-02  2.195E-02  2.997E-02  2.565E-02  2.224E-02  1.455E-02  8.823E-04  0.000E+00 
     5   3.133E-02  2.595E-02  3.177E-02  2.565E-02  2.867E-02  1.651E-02  1.623E-03  1.718E-04  0.000E+00 
     4   2.343E-02  2.948E-02  2.495E-02  2.224E-02  1.651E-02  1.703E-03  2.167E-04  0.000E+00  0.000E+00 
     3   1.183E-02  1.636E-02  1.948E-02  1.455E-02  1.623E-03  2.167E-04  0.000E+00  0.000E+00  0.000E+00 
     2   1.025E-02  9.262E-03  1.631E-03  8.823E-04  1.718E-04  0.000E+00  0.000E+00  0.000E+00  0.000E+00 
     1   6.649E-04  5.227E-04  1.256E-04  0.000E+00  0.000E+00  0.000E+00  0.000E+00  0.000E+00  0.000E+00 


   HEAT FLUX HOT CHANNEL FACTOR :  2.027

  AVERAGE DOPPLER TEMPERATURE     :   559.2 K (  286.0 C)
  MAX FUEL CENTERLINE TEMPERATURE :   559.2 K (  286.0 C)
  AVERAGE MODERATOR TEMPERATURE   :   559.2 K (  286.0 C)
  MAXIMUM MODERATOR TEMPERATURE   :   559.2 K (  286.0 C)
