                                                                                
      /\               /\                                                       
     //\\             //\\                                                      
    //**\\           //**\\                                                     
   //****\\         //****\\                                                    
  //******\\       //******\\   ____                   _   _           _        
  ---------   /*\   ---------  / __ \                 | \ | |         | |       
             (***)            | |  | |_ __   ___ _ __ |  \| | ___   __| | ___   
              \*/             | |  | | "_ \ / _ \ "_ \| . ` |/ _"\ / _" |/ _ \  
                              | |__| | |_) |  __/ | | | |\  | |_) | (_| |  __/  
              //\\             \____/| .__/ \___)_| |_|_| \_|\___/ \___/ \___|  
             //**\\                  | |                                        
            //****\\                 |_|                                        
           //******\\                                                           
           ----------                                                           
                                                                                
 ____________________________________________________________
          | The OpenNode, Nodal Methods for Neutron Diffusion
 Version  | Version Number: 1.1                              
 Copyright| 2021 Radiation & Nuclear System Laboratory       
          | University Abdelmalk Essaadi                     
          | Faculty of Sciences, Tetouan, Morocco            
 Source   | FORTRAN90 version                                
 GUI      | PyQt5                                            
 Method   | The Nodal Expansion Method (NEM)                 
 Dimension| Three Dimensions (3D)                            
 Geometry | Cartesian                                        
 ____________________________________________________________
                        =====================
   Calculation Mode :    Forward Calculation 
   ----------------     =====================

            --------------------------------------------
            >>>> Writing Macroscopic Cross Sections <<<<
            --------------------------------------------
     Material  1
    Group   Transport    Diffusion  Absorption    Removal      Nu*Fiss      Kap*Fis    Fiss. Spctr
       1     0.115860    2.877036    0.004602    0.028203     0.011878     0.003912     0.768000
       2     0.212200    1.570845    0.003659    0.005275     0.005325     0.001829     0.232000
       3     0.461370    0.722486    0.012928    0.017612     0.010471     0.003633     0.000000
       4     0.345700    0.964227    0.026546    0.026546     0.026611     0.009241     0.000000
         --Scattering Matrix--
           G/G'          1          2          3          4
            1        0.000000    0.023597    0.000004    0.000000
            2        0.000000    0.000000    0.001615    0.000000
            3        0.000000    0.000000    0.000000    0.004684
            4        0.000000    0.000000    0.000000    0.000000
     Material  2
    Group   Transport    Diffusion  Absorption    Removal      Nu*Fiss      Kap*Fis    Fiss. Spctr
       1     0.115880    2.876539    0.005420    0.028687     0.014943     0.004853     0.768000
       2     0.212120    1.571438    0.004477    0.006049     0.007689     0.002638     0.232000
       3     0.467690    0.712723    0.015168    0.019509     0.014809     0.005133     0.000000
       4     0.353480    0.943005    0.033714    0.033714     0.038159     0.013238     0.000000
         --Scattering Matrix--
           G/G'          1          2          3          4
            1        0.000000    0.023262    0.000005    0.000000
            2        0.000000    0.000000    0.001572    0.000000
            3        0.000000    0.000000    0.000000    0.004341
            4        0.000000    0.000000    0.000000    0.000000
     Material  3
    Group   Transport    Diffusion  Absorption    Removal      Nu*Fiss      Kap*Fis    Fiss. Spctr
       1     0.145840    2.285610    0.003884    0.035959     0.007743     0.002769     0.768000
       2     0.284430    1.171935    0.003107    0.005885     0.000108     0.000044     0.232000
       3     0.527020    0.632487    0.010143    0.016040     0.000297     0.000123     0.000000
       4     0.407310    0.818377    0.013349    0.013349     0.000847     0.000350     0.000000
         --Scattering Matrix--
           G/G'          1          2          3          4
            1        0.000000    0.032071    0.000004    0.000000
            2        0.000000    0.000000    0.002778    0.000000
            3        0.000000    0.000000    0.000000    0.005897
            4        0.000000    0.000000    0.000000    0.000000
     Material  4
    Group   Transport    Diffusion  Absorption    Removal      Nu*Fiss      Kap*Fis    Fiss. Spctr
       1     0.122690    2.716875    0.002768    0.029093     0.005429     0.001945     0.768000
       2     0.231330    1.440943    0.002201    0.004490     0.000076     0.000031     0.232000
       3     0.462730    0.720362    0.007728    0.013082     0.000212     0.000088     0.000000
       4     0.337490    0.987684    0.009956    0.009956     0.000576     0.000238     0.000000
         --Scattering Matrix--
           G/G'          1          2          3          4
            1        0.000000    0.026322    0.000003    0.000000
            2        0.000000    0.000000    0.002289    0.000000
            3        0.000000    0.000000    0.000000    0.005354
            4        0.000000    0.000000    0.000000    0.000000
     Material  5
    Group   Transport    Diffusion  Absorption    Removal      Nu*Fiss      Kap*Fis    Fiss. Spctr
       1     0.133160    2.503254    0.001866    0.024813     0.000000     0.000000     0.768000
       2     0.253540    1.314717    0.012643    0.016412     0.000000     0.000000     0.232000
       3     0.580430    0.574287    0.063440    0.072121     0.000000     0.000000     0.000000
       4     0.541670    0.615381    0.168680    0.168680     0.000000     0.000000     0.000000
         --Scattering Matrix--
           G/G'          1          2          3          4
            1        0.000000    0.022946    0.000001    0.000000
            2        0.000000    0.000000    0.003769    0.000000
            3        0.000000    0.000000    0.000000    0.008681
            4        0.000000    0.000000    0.000000    0.000000
     Material  6
    Group   Transport    Diffusion  Absorption    Removal      Nu*Fiss      Kap*Fis    Fiss. Spctr
       1     0.072200    4.616805    0.000216    0.013159     0.000000     0.000000     0.768000
       2     0.114870    2.901831    0.000168    0.001455     0.000000     0.000000     0.232000
       3     0.326410    1.021211    0.001144    0.004597     0.000000     0.000000     0.000000
       4     0.192720    1.729625    0.000787    0.000787     0.000000     0.000000     0.000000
         --Scattering Matrix--
           G/G'          1          2          3          4
            1        0.000000    0.012942    0.000001    0.000000
            2        0.000000    0.000000    0.001287    0.000000
            3        0.000000    0.000000    0.000000    0.003453
            4        0.000000    0.000000    0.000000    0.000000

            -------------------------------
            >>>>>Wrting Core Geometry<<<<<
            -------------------------------
  Number of Assembly in x, y and z Directions Respectively :
          19          19           1
  Number of Nodes in x, y and z Directions Respectively :
          19          19           1

  x-Directed Nodes Divison (Delta-x)
     5.40   5.40   5.40   5.40   5.40   5.40   5.40   5.40   5.40   5.40
     5.40   5.40   5.40   5.40   5.40   5.40   5.40   5.40   8.10
  y-Directed Nodes Divison (Delta-y)
     8.10   5.40   5.40   5.40   5.40   5.40   5.40   5.40   5.40   5.40
     5.40   5.40   5.40   5.40   5.40   5.40   5.40   5.40   5.40
  Planar Region :  1
        1  2  3  4  5  6  7  8  9 10 11 12 13 14 15 16 17 18 19
    19  1  1  1  1  1  6  6  1  1  6  6  2  2  2  3  3  3  3  3 
    18  1  1  1  1  1  1  1  1  1  2  2  2  2  2  3  3  3  3  3 
    17  1  1  1  1  1  1  1  1  1  2  2  2  2  2  3  3  3  3  3 
    16  1  1  1  1  1  1  1  1  1  2  2  2  2  2  3  3  3  3  3 
    15  1  1  6  6  1  1  1  1  6  6  2  2  2  2  3  3  3  3  3 
    14  1  1  6  6  1  1  1  1  6  6  2  2  2  2  3  3  3  3  3 
    13  1  1  1  1  1  1  1  2  2  2  2  2  2  3  3  3  3  3  3 
    12  1  1  1  1  1  1  2  2  2  2  2  2  2  3  3  3  3  3  3 
    11  1  1  1  1  6  6  2  2  2  2  2  2  3  3  3  3  3  3  3 
    10  6  2  2  2  6  6  2  2  2  2  2  3  3  3  3  3  3  3  3 
     9  6  2  2  2  2  2  2  2  2  2  3  3  3  3  3  3  3  3  3 
     8  2  2  2  2  2  2  2  2  2  3  3  3  3  3  3  3  3  3  3 
     7  2  2  2  2  2  2  2  2  3  3  3  3  3  3  3  3  3  3  3 
     6  2  2  2  2  2  2  3  3  3  3  3  3  3  3  3  3  3  3  3 
     5  3  3  3  3  3  3  3  3  3  3  3  3  3  3  3  3  3  3  3 
     4  3  3  3  3  3  3  3  3  3  3  3  3  3  3  3  3  3  3  3 
     3  3  3  3  3  3  3  3  3  3  3  3  3  3  3  3  3  3  3  3 
     2  3  3  3  3  3  3  3  3  3  3  3  3  3  3  3  3  3  3  3 
     1  3  3  3  3  3  3  3  3  3  3  3  3  3  3  3  3  3  3  3 

  Planar Region Assignment to Planes.
 -------------------------------------
   Plane Number     Planar Region    Delta-z
        1 (Top)            1          10.00

   Boundary Conditions
   -------------------
  X-Directed West   : Reflective
  X-Directed East   : Zero Incoming Current
  Y-Directed North  : Reflective
  Y-Directed South  : Zero Incoming Current
  Z-Directed Bottom : Reflective
  Z-Directed Top    : Reflective

  ...Core Geometry is Sucessfully Read...
     ---------------------------------


  ================================================================================================
                                        Calculation Results
  ================================================================================================

   Iteration    Keff     FissSrc Error   Inner Error
  ----------------------------------------------------
       1       2.961756    7.03990E-01    8.09208E-01
       2       2.363652    1.39390E+00    1.64198E+00
       3       1.970465    9.73553E-01    1.24290E+00
       4       1.715559    7.44398E-01    1.02142E+00
     ...Fission Source Extrapolated...
       5       1.209635    1.62316E+02    8.58898E-01
       6       1.433335    1.28258E+00    1.19447E+00
       7       1.354805    3.60358E-01    5.22754E-01
       8       1.300498    3.14038E-01    4.08144E-01
       9       1.262873    2.81522E-01    3.42620E-01
     ...Fission Source Extrapolated...
      10       1.179384    1.89230E+00    2.87057E-01
      11       1.219524    4.39069E-01    4.94594E-01
      12       1.207895    2.01557E-01    2.39755E-01
      13       1.200376    1.88229E-01    2.29870E-01
      14       1.195812    1.80779E-01    2.20501E-01
     ...Fission Source Extrapolated...
      15       1.155028    2.46401E+02    2.11420E-01
      16       1.192241    3.62610E+00    5.15017E+00
      17       1.193594    9.17071E-02    4.95054E-01
      18       1.195146    8.56036E-02    2.77059E-01
      19       1.196897    9.66118E-02    1.75776E-01
     ...Fission Source Extrapolated...
      20       1.067579    3.02258E+00    1.66290E-01
      21       1.203908    4.84696E+00    6.52898E-01
      22       1.202716    2.06500E-01    3.39504E-01
      23       1.203061    2.24205E-01    3.55251E-01
      24       1.204257    1.84726E-01    2.98860E-01
     ...Fission Source Extrapolated...
      25       1.213152    2.21276E+00    2.19705E-01
      26       1.207465    5.88158E-01    2.92353E-01
      27       1.209589    6.04610E-02    9.44240E-02
      28       1.211621    5.39672E-02    8.51366E-02
      29       1.213560    4.99165E-02    7.62797E-02
     ...Fission Source Extrapolated...
      30       1.244791    2.64976E+00    6.79471E-02
      31       1.216612    6.85411E-01    1.94579E-01
      32       1.218777    2.05728E-02    5.33332E-02
      33       1.220677    1.83641E-02    4.69851E-02
      34       1.222388    1.80778E-02    4.13162E-02
     ...Fission Source Extrapolated...
      35       1.306962    2.25633E+01    3.63067E-02
      36       1.224164    9.53462E-01    2.16262E-01
      37       1.226444    2.69153E-02    4.39363E-02
      38       1.228279    1.32114E-02    3.67697E-02
      39       1.229825    9.56625E-03    2.75136E-02
     ...Fission Source Extrapolated...
      40       1.244644    9.74396E-02    1.96924E-02
      41       1.232263    6.98078E-02    1.75397E-02
      42       1.233446    9.84166E-03    1.56952E-02
      43       1.234504    6.84789E-03    1.40927E-02
      44       1.235466    5.41872E-03    1.26964E-02
     ...Fission Source Extrapolated...
      45       1.253065    1.20802E-01    1.14657E-02
      46       1.236997    9.20639E-02    2.06454E-02
      47       1.237877    3.92145E-03    9.41163E-03
      48       1.238651    3.47896E-03    8.50981E-03
      49       1.239345    3.40538E-03    7.68246E-03
     ...Fission Source Extrapolated...
      50       1.248919    5.73595E-02    6.92254E-03
      51       1.240474    4.42344E-02    1.12768E-02
      52       1.241063    2.72874E-03    5.60853E-03
      53       1.241588    2.23800E-03    5.03082E-03
      54       1.242063    2.01207E-03    4.50535E-03
     ...Fission Source Extrapolated...
      55       1.249104    3.44406E-02    4.02892E-03
      56       1.242837    2.72900E-02    6.96867E-03
      57       1.243245    1.46033E-03    3.22276E-03
      58       1.243608    1.26954E-03    2.87509E-03
      59       1.243936    1.15255E-03    2.56282E-03
     ...Fission Source Extrapolated...
      60       1.248410    1.80655E-02    2.28301E-03
      61       1.244476    1.42737E-02    3.88041E-03
      62       1.244753    8.79519E-04    1.81681E-03
      63       1.245001    7.60213E-04    1.61869E-03
      64       1.245225    6.66467E-04    1.44212E-03
     ...Fission Source Extrapolated...
      65       1.248215    1.01004E-02    1.28487E-03
      66       1.245595    7.97550E-03    2.27128E-03
      67       1.245784    5.09920E-04    1.02467E-03
      68       1.245952    4.52421E-04    9.14323E-04
      69       1.246105    3.90687E-04    8.16045E-04
     ...Fission Source Extrapolated...
      70       1.248071    5.70332E-03    7.28520E-04
      71       1.246359    4.47543E-03    1.35313E-03
      72       1.246486    3.17072E-04    5.83718E-04
      73       1.246601    2.73843E-04    5.22124E-04
      74       1.246705    2.31525E-04    4.67179E-04
     ...Fission Source Extrapolated...
      75       1.248019    3.32577E-03    4.18154E-04
      76       1.246877    2.59760E-03    8.26808E-04
      77       1.246964    2.05542E-04    3.36916E-04
      78       1.247041    1.66768E-04    3.02172E-04
      79       1.247112    1.40357E-04    2.71099E-04
     ...Fission Source Extrapolated...
      80       1.247983    1.95583E-03    2.43298E-04
      81       1.247229    1.51731E-03    5.08980E-04
      82       1.247287    1.33025E-04    2.04545E-04
      83       1.247340    1.02896E-04    1.88550E-04
      84       1.247387    9.38812E-05    1.73025E-04
     ...Fission Source Extrapolated...
      85       1.247969    1.19741E-03    1.58130E-04
      86       1.247467    9.45725E-04    3.18404E-04
      87       1.247506    8.72724E-05    1.36310E-04
      88       1.247542    6.40147E-05    1.25674E-04
      89       1.247574    6.27625E-05    1.15355E-04
     ...Fission Source Extrapolated...
      90       1.247962    7.91640E-04    1.05457E-04
      91       1.247627    6.24199E-04    2.01463E-04
      92       1.247654    5.76492E-05    9.09108E-05
      93       1.247678    4.27136E-05    8.38262E-05
      94       1.247699    4.19529E-05    7.69571E-05
     ...Fission Source Extrapolated...
      95       1.247959    5.25221E-04    7.03694E-05
      96       1.247735    4.13717E-04    1.28670E-04
      97       1.247753    3.82925E-05    6.06656E-05
      98       1.247769    2.85683E-05    5.59426E-05
      99       1.247784    2.80340E-05    5.13650E-05
     ...Fission Source Extrapolated...
     100       1.247958    3.49106E-04    4.69755E-05
     101       1.247808    2.74821E-04    8.28004E-05
     102       1.247820    2.55307E-05    4.04974E-05
     103       1.247831    1.90989E-05    3.73461E-05
     104       1.247841    1.87284E-05    3.42930E-05
     ...Fission Source Extrapolated...
     105       1.247957    2.32238E-04    3.13656E-05
     106       1.247857    1.82742E-04    5.35786E-05
     107       1.247865    1.70684E-05    2.70384E-05
     108       1.247873    1.27644E-05    2.49347E-05
     109       1.247879    1.25093E-05    2.28974E-05
     ...Fission Source Extrapolated...
     110       1.247957    1.54771E-04    2.09442E-05
     111       1.247890    1.21774E-04    3.50199E-05
     112       1.247896    1.14487E-05    1.80538E-05
     113       1.247900    8.52697E-06    1.66492E-05
     114       1.247905    8.35292E-06    1.52894E-05
     ...Fission Source Extrapolated...
     115       1.247957    1.03258E-04    1.39857E-05
     116       1.247912    8.12547E-05    2.32844E-05
     117       1.247916    7.69840E-06    1.20550E-05
     118       1.247919    5.69399E-06    1.11170E-05
     119       1.247922    5.57598E-06    1.02092E-05
     ...Fission Source Extrapolated...
     120       1.247957    6.89754E-05    9.33885E-06
     121       1.247927    5.42989E-05    1.55026E-05
     122       1.247929    5.18943E-06    8.04923E-06

 ***********************************************
Effective Factor Multiplication : Keff = 1.247929
 ***********************************************


     Radial Power Distribution
   ==============================
           1       2       3       4       5       6       7       8       9      10      11      12
    19   2.671   2.654   2.622   2.578   2.527   0.000   0.000   2.309   2.178   0.000   0.000   2.466
    18   2.654   2.638   2.608   2.564   2.511   2.454   2.381   2.280   2.169   2.854   2.668   2.420
    17   2.623   2.608   2.580   2.537   2.483   2.417   2.338   2.245   2.142   2.811   2.612   2.367
    16   2.580   2.567   2.544   2.506   2.449   2.377   2.294   2.200   2.100   2.762   2.560   2.307
    15   2.525   2.519   0.000   0.000   2.411   2.329   2.244   2.147   0.000   0.000   2.506   2.229
    14   2.457   2.457   0.000   0.000   2.352   2.267   2.183   2.091   0.000   0.000   2.411   2.124
    13   2.375   2.371   2.363   2.327   2.260   2.188   2.111   2.807   2.670   2.496   2.259   1.989
    12   2.279   2.272   2.251   2.211   2.155   2.095   2.808   2.676   2.514   2.318   2.087   1.830
    11   2.170   2.165   2.144   2.104   0.000   0.000   2.672   2.515   2.337   2.132   1.903   1.662
    10   0.000   2.853   2.813   2.765   0.000   0.000   2.498   2.319   2.132   1.926   1.709   0.162
     9   0.000   2.668   2.614   2.563   2.508   2.413   2.260   2.087   1.903   1.709   0.165   0.111
     8   2.467   2.421   2.369   2.309   2.231   2.125   1.990   1.831   1.662   0.162   0.111   0.076
     7   2.151   2.126   2.081   2.019   1.937   1.835   1.714   1.566   0.152   0.107   0.074   0.052
     6   1.834   1.814   1.775   1.716   1.637   1.540   0.161   0.128   0.096   0.069   0.049   0.035
     5   0.159   0.157   0.153   0.147   0.137   0.121   0.098   0.077   0.059   0.044   0.033   0.024
     4   0.091   0.090   0.088   0.084   0.078   0.069   0.058   0.047   0.037   0.028   0.021   0.016
     3   0.053   0.052   0.051   0.048   0.044   0.040   0.034   0.028   0.023   0.018   0.014   0.010
     2   0.030   0.029   0.029   0.027   0.025   0.022   0.020   0.016   0.013   0.011   0.008   0.006
     1   0.019   0.019   0.018   0.018   0.016   0.015   0.013   0.011   0.009   0.007   0.006   0.004

          13      14      15      16      17      18      19
    19   2.149   1.833   0.159   0.091   0.053   0.030   0.019
    18   2.124   1.812   0.157   0.090   0.052   0.029   0.019
    17   2.079   1.773   0.153   0.088   0.050   0.029   0.018
    16   2.018   1.715   0.147   0.084   0.048   0.027   0.018
    15   1.936   1.636   0.137   0.078   0.044   0.025   0.016
    14   1.834   1.539   0.121   0.069   0.040   0.022   0.015
    13   1.713   0.161   0.098   0.058   0.034   0.019   0.013
    12   1.566   0.128   0.077   0.047   0.028   0.016   0.011
    11   0.152   0.096   0.059   0.037   0.023   0.013   0.009
    10   0.107   0.069   0.044   0.028   0.018   0.011   0.007
     9   0.074   0.049   0.033   0.021   0.014   0.008   0.006
     8   0.052   0.035   0.024   0.016   0.010   0.006   0.004
     7   0.036   0.025   0.017   0.012   0.008   0.005   0.003
     6   0.025   0.018   0.012   0.009   0.006   0.004   0.003
     5   0.017   0.012   0.009   0.006   0.004   0.003   0.002
     4   0.012   0.009   0.006   0.004   0.003   0.002   0.001
     3   0.008   0.006   0.004   0.003   0.002   0.001   0.001
     2   0.005   0.004   0.003   0.002   0.001   0.001   0.001
     1   0.003   0.003   0.002   0.001   0.001   0.001   0.000

   MAX POS.       Maximum Value
  ( 18, 10)          2.854


     Axial Power Density Distribution
   ====================================

     Plane Number        Power      Height
    -----------------------------------------
         1  (Top)        1.000       10.00

   MAX POS.       Maximum Value
    (  1)             1.000

     Radial Flux Distribution
   ==============================
    Group :   1
            1          2          3          4          5          6          7          8          9         10         11         12
    19   7.252E-03  7.192E-03  7.070E-03  6.868E-03  6.523E-03  6.111E-03  5.960E-03  5.988E-03  5.850E-03  5.581E-03  5.425E-03  5.254E-03 
    18   7.191E-03  7.130E-03  7.012E-03  6.840E-03  6.601E-03  6.332E-03  6.166E-03  6.085E-03  5.987E-03  5.888E-03  5.686E-03  5.319E-03 
    17   7.069E-03  6.993E-03  6.868E-03  6.731E-03  6.588E-03  6.428E-03  6.265E-03  6.116E-03  6.021E-03  5.999E-03  5.783E-03  5.314E-03 
    16   6.894E-03  6.767E-03  6.567E-03  6.461E-03  6.443E-03  6.370E-03  6.221E-03  6.018E-03  5.837E-03  5.798E-03  5.646E-03  5.191E-03 
    15   6.700E-03  6.499E-03  6.179E-03  6.101E-03  6.236E-03  6.254E-03  6.125E-03  5.860E-03  5.545E-03  5.438E-03  5.395E-03  4.973E-03 
    14   6.529E-03  6.343E-03  6.052E-03  5.979E-03  6.105E-03  6.142E-03  6.059E-03  5.837E-03  5.505E-03  5.323E-03  5.181E-03  4.689E-03 
    13   6.378E-03  6.282E-03  6.126E-03  6.033E-03  6.021E-03  6.028E-03  6.036E-03  5.971E-03  5.704E-03  5.379E-03  4.966E-03  4.326E-03 
    12   6.200E-03  6.177E-03  6.099E-03  5.960E-03  5.815E-03  5.815E-03  5.964E-03  5.924E-03  5.647E-03  5.200E-03  4.606E-03  3.834E-03 
    11   5.935E-03  6.037E-03  6.030E-03  5.823E-03  5.527E-03  5.493E-03  5.698E-03  5.645E-03  5.301E-03  4.760E-03  4.044E-03  3.159E-03 
    10   5.623E-03  5.917E-03  6.011E-03  5.798E-03  5.431E-03  5.317E-03  5.376E-03  5.199E-03  4.760E-03  4.112E-03  3.280E-03  2.248E-03 
     9   5.450E-03  5.704E-03  5.793E-03  5.649E-03  5.394E-03  5.180E-03  4.966E-03  4.605E-03  4.044E-03  3.280E-03  2.293E-03  1.466E-03 
     8   5.269E-03  5.331E-03  5.322E-03  5.195E-03  4.975E-03  4.690E-03  4.327E-03  3.834E-03  3.159E-03  2.248E-03  1.466E-03  9.414E-04 
     7   4.649E-03  4.635E-03  4.572E-03  4.434E-03  4.209E-03  3.878E-03  3.432E-03  2.871E-03  2.095E-03  1.400E-03  9.192E-04  5.989E-04 
     6   3.605E-03  3.576E-03  3.506E-03  3.378E-03  3.168E-03  2.822E-03  2.248E-03  1.740E-03  1.241E-03  8.460E-04  5.679E-04  3.767E-04 
     5   2.184E-03  2.162E-03  2.111E-03  2.021E-03  1.874E-03  1.631E-03  1.277E-03  9.661E-04  7.106E-04  5.018E-04  3.454E-04  2.341E-04 
     4   1.164E-03  1.149E-03  1.118E-03  1.064E-03  9.775E-04  8.506E-04  6.944E-04  5.394E-04  4.039E-04  2.932E-04  2.072E-04  1.436E-04 
     3   6.194E-04  6.107E-04  5.920E-04  5.605E-04  5.134E-04  4.497E-04  3.741E-04  2.976E-04  2.280E-04  1.692E-04  1.223E-04  8.663E-05 
     2   3.262E-04  3.211E-04  3.104E-04  2.931E-04  2.683E-04  2.363E-04  1.993E-04  1.614E-04  1.260E-04  9.539E-05  7.034E-05  5.076E-05 
     1   1.378E-04  1.355E-04  1.308E-04  1.233E-04  1.129E-04  9.989E-05  8.510E-05  6.985E-05  5.540E-05  4.262E-05  3.194E-05  2.341E-05 

            13         14         15         16         17         18         19
    19   4.640E-03  3.600E-03  2.181E-03  1.162E-03  6.186E-04  3.258E-04  1.376E-04 
    18   4.627E-03  3.571E-03  2.159E-03  1.148E-03  6.100E-04  3.207E-04  1.354E-04 
    17   4.566E-03  3.502E-03  2.108E-03  1.117E-03  5.913E-04  3.101E-04  1.306E-04 
    16   4.430E-03  3.375E-03  2.019E-03  1.063E-03  5.600E-04  2.928E-04  1.232E-04 
    15   4.206E-03  3.166E-03  1.873E-03  9.768E-04  5.130E-04  2.681E-04  1.128E-04 
    14   3.876E-03  2.820E-03  1.630E-03  8.501E-04  4.494E-04  2.361E-04  9.982E-05 
    13   3.431E-03  2.248E-03  1.277E-03  6.940E-04  3.739E-04  1.992E-04  8.505E-05 
    12   2.871E-03  1.739E-03  9.657E-04  5.392E-04  2.974E-04  1.613E-04  6.981E-05 
    11   2.095E-03  1.241E-03  7.105E-04  4.038E-04  2.279E-04  1.260E-04  5.537E-05 
    10   1.400E-03  8.459E-04  5.017E-04  2.931E-04  1.691E-04  9.536E-05  4.260E-05 
     9   9.192E-04  5.679E-04  3.454E-04  2.071E-04  1.223E-04  7.032E-05  3.193E-05 
     8   5.989E-04  3.767E-04  2.341E-04  1.436E-04  8.661E-05  5.075E-05  2.341E-05 
     7   3.868E-04  2.475E-04  1.568E-04  9.808E-05  6.036E-05  3.599E-05  1.685E-05 
     6   2.475E-04  1.612E-04  1.039E-04  6.625E-05  4.151E-05  2.516E-05  1.194E-05 
     5   1.568E-04  1.039E-04  6.823E-05  4.427E-05  2.821E-05  1.736E-05  8.334E-06 
     4   9.809E-05  6.625E-05  4.427E-05  2.922E-05  1.891E-05  1.179E-05  5.725E-06 
     3   6.036E-05  4.152E-05  2.822E-05  1.891E-05  1.242E-05  7.835E-06  3.840E-06 
     2   3.600E-05  2.516E-05  1.736E-05  1.179E-05  7.835E-06  4.992E-06  2.466E-06 
     1   1.685E-05  1.194E-05  8.335E-06  5.725E-06  3.840E-06  2.466E-06  1.226E-06 

    Group :   2
            1          2          3          4          5          6          7          8          9         10         11         12
    19   6.916E-03  6.871E-03  6.781E-03  6.648E-03  6.468E-03  6.288E-03  6.123E-03  5.871E-03  5.520E-03  5.192E-03  4.905E-03  4.479E-03 
    18   6.871E-03  6.826E-03  6.739E-03  6.614E-03  6.453E-03  6.275E-03  6.076E-03  5.823E-03  5.519E-03  5.195E-03  4.847E-03  4.406E-03 
    17   6.783E-03  6.737E-03  6.652E-03  6.536E-03  6.391E-03  6.214E-03  6.000E-03  5.746E-03  5.459E-03  5.137E-03  4.765E-03  4.317E-03 
    16   6.658E-03  6.606E-03  6.514E-03  6.412E-03  6.287E-03  6.113E-03  5.891E-03  5.622E-03  5.325E-03  5.025E-03  4.666E-03  4.208E-03 
    15   6.503E-03  6.448E-03  6.362E-03  6.282E-03  6.162E-03  5.978E-03  5.750E-03  5.457E-03  5.160E-03  4.910E-03  4.553E-03  4.064E-03 
    14   6.322E-03  6.282E-03  6.227E-03  6.148E-03  6.000E-03  5.807E-03  5.583E-03  5.302E-03  5.030E-03  4.773E-03  4.379E-03  3.871E-03 
    13   6.106E-03  6.079E-03  6.028E-03  5.928E-03  5.769E-03  5.588E-03  5.380E-03  5.131E-03  4.856E-03  4.534E-03  4.113E-03  3.624E-03 
    12   5.844E-03  5.820E-03  5.757E-03  5.635E-03  5.467E-03  5.307E-03  5.133E-03  4.891E-03  4.588E-03  4.226E-03  3.804E-03  3.329E-03 
    11   5.515E-03  5.519E-03  5.464E-03  5.332E-03  5.166E-03  5.034E-03  4.859E-03  4.589E-03  4.265E-03  3.888E-03  3.462E-03  3.002E-03 
    10   5.194E-03  5.197E-03  5.141E-03  5.030E-03  4.914E-03  4.777E-03  4.536E-03  4.228E-03  3.888E-03  3.505E-03  3.089E-03  2.590E-03 
     9   4.908E-03  4.850E-03  4.769E-03  4.669E-03  4.556E-03  4.381E-03  4.115E-03  3.805E-03  3.463E-03  3.089E-03  2.631E-03  2.125E-03 
     8   4.482E-03  4.410E-03  4.321E-03  4.211E-03  4.066E-03  3.873E-03  3.625E-03  3.331E-03  3.003E-03  2.591E-03  2.126E-03  1.702E-03 
     7   3.918E-03  3.874E-03  3.794E-03  3.681E-03  3.530E-03  3.340E-03  3.110E-03  2.824E-03  2.465E-03  2.053E-03  1.671E-03  1.333E-03 
     6   3.324E-03  3.287E-03  3.216E-03  3.109E-03  2.964E-03  2.777E-03  2.529E-03  2.234E-03  1.901E-03  1.576E-03  1.281E-03  1.022E-03 
     5   2.626E-03  2.597E-03  2.536E-03  2.444E-03  2.315E-03  2.140E-03  1.906E-03  1.660E-03  1.414E-03  1.175E-03  9.574E-04  7.658E-04 
     4   1.911E-03  1.888E-03  1.840E-03  1.767E-03  1.665E-03  1.531E-03  1.370E-03  1.195E-03  1.019E-03  8.501E-04  6.952E-04  5.584E-04 
     3   1.323E-03  1.306E-03  1.271E-03  1.218E-03  1.144E-03  1.052E-03  9.425E-04  8.247E-04  7.055E-04  5.910E-04  4.855E-04  3.917E-04 
     2   8.528E-04  8.413E-04  8.180E-04  7.825E-04  7.345E-04  6.748E-04  6.059E-04  5.317E-04  4.564E-04  3.838E-04  3.166E-04  2.565E-04 
     1   3.861E-04  3.807E-04  3.699E-04  3.535E-04  3.316E-04  3.048E-04  2.740E-04  2.410E-04  2.074E-04  1.749E-04  1.448E-04  1.176E-04 

            13         14         15         16         17         18         19
    19   3.915E-03  3.320E-03  2.624E-03  1.909E-03  1.322E-03  8.520E-04  3.857E-04 
    18   3.871E-03  3.284E-03  2.594E-03  1.886E-03  1.305E-03  8.406E-04  3.803E-04 
    17   3.791E-03  3.213E-03  2.534E-03  1.839E-03  1.270E-03  8.173E-04  3.696E-04 
    16   3.679E-03  3.107E-03  2.442E-03  1.766E-03  1.217E-03  7.818E-04  3.532E-04 
    15   3.528E-03  2.961E-03  2.313E-03  1.664E-03  1.144E-03  7.339E-04  3.314E-04 
    14   3.338E-03  2.776E-03  2.138E-03  1.530E-03  1.051E-03  6.744E-04  3.046E-04 
    13   3.109E-03  2.528E-03  1.905E-03  1.369E-03  9.420E-04  6.056E-04  2.739E-04 
    12   2.823E-03  2.233E-03  1.659E-03  1.195E-03  8.243E-04  5.314E-04  2.409E-04 
    11   2.464E-03  1.900E-03  1.414E-03  1.018E-03  7.052E-04  4.562E-04  2.073E-04 
    10   2.053E-03  1.576E-03  1.175E-03  8.498E-04  5.907E-04  3.836E-04  1.749E-04 
     9   1.671E-03  1.281E-03  9.572E-04  6.951E-04  4.854E-04  3.165E-04  1.447E-04 
     8   1.333E-03  1.022E-03  7.657E-04  5.583E-04  3.916E-04  2.564E-04  1.176E-04 
     7   1.043E-03  8.011E-04  6.021E-04  4.409E-04  3.106E-04  2.042E-04  9.394E-05 
     6   8.011E-04  6.167E-04  4.653E-04  3.422E-04  2.421E-04  1.597E-04  7.369E-05 
     5   6.022E-04  4.653E-04  3.525E-04  2.604E-04  1.850E-04  1.224E-04  5.664E-05 
     4   4.410E-04  3.422E-04  2.604E-04  1.931E-04  1.377E-04  9.143E-05  4.240E-05 
     3   3.107E-04  2.421E-04  1.850E-04  1.377E-04  9.853E-05  6.561E-05  3.048E-05 
     2   2.042E-04  1.597E-04  1.224E-04  9.144E-05  6.561E-05  4.378E-05  2.038E-05 
     1   9.396E-05  7.370E-05  5.665E-05  4.240E-05  3.049E-05  2.038E-05  9.496E-06 

    Group :   3
            1          2          3          4          5          6          7          8          9         10         11         12
    19   5.912E-03  5.892E-03  5.864E-03  5.869E-03  6.048E-03  6.417E-03  6.265E-03  5.583E-03  5.171E-03  5.103E-03  4.708E-03  3.887E-03 
    18   5.895E-03  5.880E-03  5.851E-03  5.821E-03  5.840E-03  5.888E-03  5.713E-03  5.309E-03  4.942E-03  4.616E-03  4.202E-03  3.658E-03 
    17   5.870E-03  5.880E-03  5.875E-03  5.812E-03  5.694E-03  5.547E-03  5.348E-03  5.090E-03  4.769E-03  4.337E-03  3.900E-03  3.475E-03 
    16   5.842E-03  5.942E-03  6.082E-03  6.004E-03  5.699E-03  5.412E-03  5.189E-03  5.010E-03  4.818E-03  4.401E-03  3.855E-03  3.377E-03 
    15   5.783E-03  6.031E-03  6.480E-03  6.403E-03  5.777E-03  5.316E-03  5.067E-03  4.984E-03  5.044E-03  4.698E-03  3.908E-03  3.301E-03 
    14   5.635E-03  5.888E-03  6.350E-03  6.274E-03  5.636E-03  5.157E-03  4.882E-03  4.777E-03  4.853E-03  4.538E-03  3.766E-03  3.183E-03 
    13   5.401E-03  5.507E-03  5.667E-03  5.601E-03  5.282E-03  4.939E-03  4.614E-03  4.343E-03  4.187E-03  3.889E-03  3.416E-03  3.025E-03 
    12   5.161E-03  5.150E-03  5.144E-03  5.133E-03  5.075E-03  4.819E-03  4.355E-03  3.972E-03  3.688E-03  3.411E-03  3.124E-03  2.899E-03 
    11   5.033E-03  4.870E-03  4.770E-03  4.855E-03  5.082E-03  4.879E-03  4.199E-03  3.692E-03  3.384E-03  3.146E-03  2.969E-03  2.899E-03 
    10   5.049E-03  4.585E-03  4.333E-03  4.414E-03  4.717E-03  4.553E-03  3.897E-03  3.415E-03  3.147E-03  2.992E-03  2.961E-03  3.013E-03 
     9   4.684E-03  4.189E-03  3.897E-03  3.860E-03  3.917E-03  3.774E-03  3.420E-03  3.127E-03  2.970E-03  2.962E-03  3.053E-03  2.885E-03 
     8   3.879E-03  3.654E-03  3.475E-03  3.380E-03  3.305E-03  3.187E-03  3.027E-03  2.900E-03  2.900E-03  3.014E-03  2.885E-03  2.558E-03 
     7   3.301E-03  3.226E-03  3.129E-03  3.035E-03  2.946E-03  2.878E-03  2.844E-03  2.817E-03  2.905E-03  2.800E-03  2.516E-03  2.148E-03 
     6   3.105E-03  3.062E-03  2.989E-03  2.898E-03  2.804E-03  2.771E-03  2.876E-03  2.802E-03  2.646E-03  2.393E-03  2.071E-03  1.731E-03 
     5   3.160E-03  3.122E-03  3.049E-03  2.947E-03  2.828E-03  2.717E-03  2.617E-03  2.439E-03  2.196E-03  1.919E-03  1.628E-03  1.345E-03 
     4   2.759E-03  2.725E-03  2.659E-03  2.562E-03  2.438E-03  2.291E-03  2.121E-03  1.920E-03  1.694E-03  1.458E-03  1.225E-03  1.007E-03 
     3   2.102E-03  2.076E-03  2.023E-03  1.944E-03  1.840E-03  1.712E-03  1.564E-03  1.399E-03  1.224E-03  1.047E-03  8.762E-04  7.187E-04 
     2   1.421E-03  1.403E-03  1.366E-03  1.310E-03  1.236E-03  1.145E-03  1.041E-03  9.266E-04  8.075E-04  6.891E-04  5.763E-04  4.727E-04 
     1   6.205E-04  6.121E-04  5.954E-04  5.704E-04  5.373E-04  4.970E-04  4.507E-04  4.005E-04  3.485E-04  2.972E-04  2.486E-04  2.040E-04 

            13         14         15         16         17         18         19
    19   3.302E-03  3.104E-03  3.157E-03  2.756E-03  2.101E-03  1.420E-03  6.199E-04 
    18   3.227E-03  3.061E-03  3.119E-03  2.723E-03  2.074E-03  1.402E-03  6.116E-04 
    17   3.128E-03  2.987E-03  3.047E-03  2.657E-03  2.021E-03  1.364E-03  5.949E-04 
    16   3.033E-03  2.895E-03  2.945E-03  2.560E-03  1.942E-03  1.309E-03  5.700E-04 
    15   2.944E-03  2.802E-03  2.826E-03  2.436E-03  1.838E-03  1.235E-03  5.369E-04 
    14   2.876E-03  2.770E-03  2.716E-03  2.289E-03  1.711E-03  1.145E-03  4.967E-04 
    13   2.842E-03  2.874E-03  2.616E-03  2.119E-03  1.563E-03  1.040E-03  4.504E-04 
    12   2.815E-03  2.800E-03  2.438E-03  1.919E-03  1.398E-03  9.261E-04  4.002E-04 
    11   2.904E-03  2.645E-03  2.195E-03  1.694E-03  1.223E-03  8.071E-04  3.484E-04 
    10   2.800E-03  2.392E-03  1.918E-03  1.458E-03  1.046E-03  6.888E-04  2.971E-04 
     9   2.516E-03  2.071E-03  1.628E-03  1.225E-03  8.759E-04  5.761E-04  2.485E-04 
     8   2.148E-03  1.731E-03  1.345E-03  1.007E-03  7.185E-04  4.726E-04  2.039E-04 
     7   1.765E-03  1.405E-03  1.085E-03  8.099E-04  5.779E-04  3.804E-04  1.643E-04 
     6   1.405E-03  1.110E-03  8.548E-04  6.380E-04  4.556E-04  3.003E-04  1.298E-04 
     5   1.085E-03  8.549E-04  6.577E-04  4.912E-04  3.512E-04  2.319E-04  1.004E-04 
     4   8.101E-04  6.381E-04  4.912E-04  3.675E-04  2.632E-04  1.741E-04  7.548E-05 
     3   5.780E-04  4.556E-04  3.513E-04  2.632E-04  1.890E-04  1.252E-04  5.435E-05 
     2   3.804E-04  3.003E-04  2.319E-04  1.741E-04  1.252E-04  8.304E-05  3.610E-05 
     1   1.643E-04  1.299E-04  1.004E-04  7.549E-05  5.435E-05  3.610E-05  1.571E-05 

    Group :   4
            1          2          3          4          5          6          7          8          9         10         11         12
    19   4.627E-03  4.640E-03  4.682E-03  4.820E-03  5.257E-03  5.892E-03  5.784E-03  4.927E-03  4.366E-03  4.262E-03  3.830E-03  2.909E-03 
    18   4.644E-03  4.665E-03  4.702E-03  4.771E-03  4.940E-03  5.152E-03  5.007E-03  4.495E-03  4.013E-03  3.579E-03  3.122E-03  2.580E-03 
    17   4.691E-03  4.755E-03  4.828E-03  4.826E-03  4.748E-03  4.633E-03  4.443E-03  4.159E-03  3.759E-03  3.171E-03  2.690E-03  2.343E-03 
    16   4.766E-03  4.977E-03  5.275E-03  5.232E-03  4.833E-03  4.471E-03  4.231E-03  4.069E-03  3.864E-03  3.320E-03  2.687E-03  2.269E-03 
    15   4.804E-03  5.246E-03  5.929E-03  5.875E-03  5.050E-03  4.401E-03  4.106E-03  4.070E-03  4.169E-03  3.783E-03  2.863E-03  2.262E-03 
    14   4.696E-03  5.141E-03  5.836E-03  5.780E-03  4.932E-03  4.243E-03  3.888E-03  3.804E-03  3.947E-03  3.636E-03  2.772E-03  2.233E-03 
    13   4.448E-03  4.655E-03  4.963E-03  4.924E-03  4.485E-03  3.995E-03  3.537E-03  3.186E-03  3.087E-03  2.843E-03  2.413E-03  2.192E-03 
    12   4.198E-03  4.206E-03  4.250E-03  4.290E-03  4.240E-03  3.887E-03  3.210E-03  2.725E-03  2.476E-03  2.309E-03  2.199E-03  2.264E-03 
    11   4.098E-03  3.869E-03  3.755E-03  3.933E-03  4.247E-03  4.002E-03  3.113E-03  2.483E-03  2.233E-03  2.162E-03  2.260E-03  2.614E-03 
    10   4.139E-03  3.507E-03  3.157E-03  3.343E-03  3.824E-03  3.671E-03  2.862E-03  2.316E-03  2.164E-03  2.260E-03  2.636E-03  3.308E-03 
     9   3.761E-03  3.084E-03  2.680E-03  2.695E-03  2.880E-03  2.789E-03  2.423E-03  2.203E-03  2.262E-03  2.636E-03  3.336E-03  3.738E-03 
     8   2.880E-03  2.563E-03  2.338E-03  2.271E-03  2.268E-03  2.239E-03  2.196E-03  2.267E-03  2.616E-03  3.308E-03  3.738E-03  3.759E-03 
     7   2.410E-03  2.320E-03  2.222E-03  2.161E-03  2.146E-03  2.208E-03  2.381E-03  2.658E-03  3.257E-03  3.662E-03  3.710E-03  3.489E-03 
     6   2.658E-03  2.615E-03  2.551E-03  2.493E-03  2.476E-03  2.615E-03  3.073E-03  3.354E-03  3.560E-03  3.576E-03  3.384E-03  3.050E-03 
     5   3.541E-03  3.500E-03  3.427E-03  3.341E-03  3.277E-03  3.305E-03  3.443E-03  3.477E-03  3.383E-03  3.184E-03  2.890E-03  2.534E-03 
     4   3.770E-03  3.728E-03  3.649E-03  3.545E-03  3.434E-03  3.334E-03  3.234E-03  3.091E-03  2.887E-03  2.625E-03  2.324E-03  2.002E-03 
     3   3.271E-03  3.233E-03  3.162E-03  3.061E-03  2.939E-03  2.801E-03  2.644E-03  2.460E-03  2.244E-03  2.002E-03  1.747E-03  1.488E-03 
     2   2.405E-03  2.377E-03  2.322E-03  2.242E-03  2.141E-03  2.022E-03  1.884E-03  1.729E-03  1.557E-03  1.375E-03  1.189E-03  1.007E-03 
     1   1.122E-03  1.108E-03  1.082E-03  1.043E-03  9.928E-04  9.326E-04  8.635E-04  7.866E-04  7.039E-04  6.179E-04  5.319E-04  4.488E-04 

            13         14         15         16         17         18         19
    19   2.418E-03  2.660E-03  3.540E-03  3.768E-03  3.268E-03  2.403E-03  1.121E-03 
    18   2.326E-03  2.616E-03  3.498E-03  3.726E-03  3.231E-03  2.375E-03  1.107E-03 
    17   2.224E-03  2.551E-03  3.425E-03  3.647E-03  3.160E-03  2.320E-03  1.081E-03 
    16   2.160E-03  2.492E-03  3.339E-03  3.543E-03  3.059E-03  2.241E-03  1.042E-03 
    15   2.143E-03  2.474E-03  3.275E-03  3.432E-03  2.937E-03  2.140E-03  9.921E-04 
    14   2.205E-03  2.613E-03  3.302E-03  3.332E-03  2.799E-03  2.020E-03  9.320E-04 
    13   2.378E-03  3.070E-03  3.441E-03  3.232E-03  2.643E-03  1.883E-03  8.630E-04 
    12   2.656E-03  3.352E-03  3.475E-03  3.090E-03  2.458E-03  1.728E-03  7.862E-04 
    11   3.256E-03  3.559E-03  3.382E-03  2.885E-03  2.243E-03  1.556E-03  7.035E-04 
    10   3.661E-03  3.575E-03  3.183E-03  2.624E-03  2.002E-03  1.375E-03  6.177E-04 
     9   3.710E-03  3.384E-03  2.890E-03  2.323E-03  1.746E-03  1.189E-03  5.317E-04 
     8   3.489E-03  3.050E-03  2.534E-03  2.001E-03  1.488E-03  1.007E-03  4.487E-04 
     7   3.104E-03  2.639E-03  2.152E-03  1.679E-03  1.239E-03  8.342E-04  3.708E-04 
     6   2.639E-03  2.201E-03  1.772E-03  1.372E-03  1.007E-03  6.758E-04  2.999E-04 
     5   2.152E-03  1.772E-03  1.415E-03  1.089E-03  7.963E-04  5.337E-04  2.366E-04 
     4   1.679E-03  1.372E-03  1.089E-03  8.350E-04  6.094E-04  4.080E-04  1.808E-04 
     3   1.239E-03  1.007E-03  7.964E-04  6.095E-04  4.443E-04  2.973E-04  1.317E-04 
     2   8.344E-04  6.759E-04  5.337E-04  4.080E-04  2.973E-04  1.989E-04  8.810E-05 
     1   3.709E-04  3.000E-04  2.366E-04  1.808E-04  1.317E-04  8.811E-05  3.904E-05 


 Total Time :   0.937500000     Seconds
