                                                                                
      /\               /\                                                       
     //\\             //\\                                                      
    //**\\           //**\\                                                     
   //****\\         //****\\                                                    
  //******\\       //******\\   ____                   _   _           _        
  ---------   /*\   ---------  / __ \                 | \ | |         | |       
             (***)            | |  | |_ __   ___ _ __ |  \| | ___   __| | ___   
              \*/             | |  | | "_ \ / _ \ "_ \| . ` |/ _"\ / _" |/ _ \  
                              | |__| | |_) |  __/ | | | |\  | |_) | (_| |  __/  
              //\\             \____/| .__/ \___)_| |_|_| \_|\___/ \___/ \___|  
             //**\\                  | |                                        
            //****\\                 |_|                                        
           //******\\                                                           
           ----------                                                           
                                                                                
 ____________________________________________________________
          | The OpenNode, Nodal Methods for Neutron Diffusion
 Version  | Version Number: 1.1                              
 Copyright| 2021 Radiation & Nuclear System Laboratory       
          | University Abdelmalk Essaadi                     
          | Faculty of Sciences, Tetouan, Morocco            
 Source   | FORTRAN90 version                                
 GUI      | PyQt5                                            
 Method   | The Nodal Expansion Method (NEM)                 
 Dimension| Three Dimensions (3D)                            
 Geometry | Cartesian                                        
 ____________________________________________________________
                        ==========================
   Calculation Mode :    Critical Boron Concentration Search Calculation with TH feedbacks 
   ----------------     ==========================

            --------------------------------------------
            >>>> Writing Macroscopic Cross Sections <<<<
            --------------------------------------------
     Material  1
    Group   Transport    Diffusion  Absorption    Removal      Nu*Fiss      Kap*Fis    Fiss. Spctr
       1     0.053206    6.264981    0.000373    0.026829     0.000000     0.000000     1.000000
       2     0.386406    0.862651    0.017722    0.017722     0.000000     0.000000     0.000000
         --Scattering Matrix--
           G/G'          1          2
            1        0.000000    0.026455
            2        0.000000    0.000000
     Material  2
    Group   Transport    Diffusion  Absorption    Removal      Nu*Fiss      Kap*Fis    Fiss. Spctr
       1     0.295609    1.127616    0.001188    0.024349     0.000000     0.000000     1.000000
       2     2.459310    0.135539    0.252618    0.252618     0.000000     0.000000     0.000000
         --Scattering Matrix--
           G/G'          1          2
            1        0.000000    0.023161
            2        0.000000    0.000000
     Material  3
    Group   Transport    Diffusion  Absorption    Removal      Nu*Fiss      Kap*Fis    Fiss. Spctr
       1     0.295609    1.127616    0.001188    0.021269     0.000000     0.000000     1.000000
       2     2.459310    0.135539    0.252618    0.252618     0.000000     0.000000     0.000000
         --Scattering Matrix--
           G/G'          1          2
            1        0.000000    0.020081
            2        0.000000    0.000000
     Material  4
    Group   Transport    Diffusion  Absorption    Removal      Nu*Fiss      Kap*Fis    Fiss. Spctr
       1     0.222117    1.500711    0.008718    0.026968     0.004983     0.000000     1.000000
       2     0.803140    0.415038    0.065255    0.065255     0.083903     0.000000     0.000000
         --Scattering Matrix--
           G/G'          1          2
            1        0.000000    0.018250
            2        0.000000    0.000000
     Material  5
    Group   Transport    Diffusion  Absorption    Removal      Nu*Fiss      Kap*Fis    Fiss. Spctr
       1     0.221914    1.502083    0.009061    0.027065     0.005577     0.000000     1.000000
       2     0.795538    0.419004    0.072335    0.072335     0.099863     0.000000     0.000000
         --Scattering Matrix--
           G/G'          1          2
            1        0.000000    0.018004
            2        0.000000    0.000000
     Material  6
    Group   Transport    Diffusion  Absorption    Removal      Nu*Fiss      Kap*Fis    Fiss. Spctr
       1     0.221715    1.503432    0.009385    0.027152     0.006150     0.000000     1.000000
       2     0.789253    0.422340    0.078920    0.078920     0.114667     0.000000     0.000000
         --Scattering Matrix--
           G/G'          1          2
            1        0.000000    0.017767
            2        0.000000    0.000000
     Material  7
    Group   Transport    Diffusion  Absorption    Removal      Nu*Fiss      Kap*Fis    Fiss. Spctr
       1     0.222039    1.501238    0.009317    0.026455     0.005550     0.000000     1.000000
       2     0.776230    0.429426    0.079633    0.079633     0.098558     0.000000     0.000000
         --Scattering Matrix--
           G/G'          1          2
            1        0.000000    0.017138
            2        0.000000    0.000000
     Material  8
    Group   Transport    Diffusion  Absorption    Removal      Nu*Fiss      Kap*Fis    Fiss. Spctr
       1     0.222083    1.500940    0.009400    0.026250     0.005541     0.000000     1.000000
       2     0.769969    0.432918    0.082109    0.082109     0.098006     0.000000     0.000000
         --Scattering Matrix--
           G/G'          1          2
            1        0.000000    0.016850
            2        0.000000    0.000000
     Material  9
    Group   Transport    Diffusion  Absorption    Removal      Nu*Fiss      Kap*Fis    Fiss. Spctr
       1     0.222127    1.500643    0.009483    0.026045     0.005531     0.000000     1.000000
       2     0.763813    0.436407    0.084591    0.084591     0.097411     0.000000     0.000000
         --Scattering Matrix--
           G/G'          1          2
            1        0.000000    0.016563
            2        0.000000    0.000000
     Material 10
    Group   Transport    Diffusion  Absorption    Removal      Nu*Fiss      Kap*Fis    Fiss. Spctr
       1     0.221836    1.502612    0.009637    0.026542     0.006124     0.000000     1.000000
       2     0.770705    0.432504    0.086119    0.086119     0.113241     0.000000     0.000000
         --Scattering Matrix--
           G/G'          1          2
            1        0.000000    0.016904
            2        0.000000    0.000000
     Material 11
    Group   Transport    Diffusion  Absorption    Removal      Nu*Fiss      Kap*Fis    Fiss. Spctr
       1     0.221878    1.502327    0.009719    0.026337     0.006114     0.000000     1.000000
       2     0.764704    0.435899    0.088549    0.088549     0.112635     0.000000     0.000000
         --Scattering Matrix--
           G/G'          1          2
            1        0.000000    0.016618
            2        0.000000    0.000000

            -------------------------------
            >>>>>Wrting Core Geometry<<<<<
            -------------------------------
  Number of Assembly in x, y and z Directions Respectively :
           9           9          18
  Number of Nodes in x, y and z Directions Respectively :
          17          17          18

  x-Directed Nodes Divison (Delta-x)
    10.80  10.80  10.80  10.80  10.80  10.80  10.80  10.80  10.80  10.80
    10.80  10.80  10.80  10.80  10.80  10.80  10.80
  y-Directed Nodes Divison (Delta-y)
    10.80  10.80  10.80  10.80  10.80  10.80  10.80  10.80  10.80  10.80
    10.80  10.80  10.80  10.80  10.80  10.80  10.80
  Planar Region :  1
        1  2  3  4  5  6  7  8  9 10 11 12 13 14 15 16 17
    17  1  1  1  1  1  1  1  1  1  1  1  1  1  1  1  2  2 
    16  1  1  1  1  1  1  1  1  1  1  1  1  1  1  1  2  2 
    15  1  1  1  1  1  1  1  1  1  1  1  1  1  1  1  2  2 
    14  1  1  1  1  1  1  1  1  1  1  1  1  1  3  3  2  2 
    13  1  1  1  1  1  1  1  1  1  1  1  1  1  3  3  2  2 
    12  1  1  1  1  1  1  1  1  1  1  1  1  1  2  2       
    11  1  1  1  1  1  1  1  1  1  1  1  1  1  2  2       
    10  1  1  1  1  1  1  1  1  1  1  1  3  3  2  2       
     9  1  1  1  1  1  1  1  1  1  1  1  3  3  2  2       
     8  1  1  1  1  1  1  1  1  1  3  3  2  2             
     7  1  1  1  1  1  1  1  1  1  3  3  2  2             
     6  1  1  1  1  1  1  1  3  3  2  2                   
     5  1  1  1  1  1  1  1  3  3  2  2                   
     4  1  1  1  3  3  2  2  2  2                         
     3  1  1  1  3  3  2  2  2  2                         
     2  2  2  2  2  2                                     
     1  2  2  2  2  2                                     
  Planar Region :  2
        1  2  3  4  5  6  7  8  9 10 11 12 13 14 15 16 17
    17  4  5  5  4  4  5  5  4  4  5  5  4  4  6  6  2  2 
    16  5  4  4  5  5  4  4  5  5  4  4  6  6  6  6  2  2 
    15  5  4  4  5  5  4  4  5  5  4  4  6  6  6  6  2  2 
    14  4  5  5  4  4  5  5  4  4  5  5  6  6  3  3  2  2 
    13  4  5  5  4  4  5  5  4  4  5  5  6  6  3  3  2  2 
    12  5  4  4  5  5  4  4  5  5  6  6  6  6  2  2       
    11  5  4  4  5  5  4  4  5  5  6  6  6  6  2  2       
    10  4  5  5  4  4  5  5  4  4  6  6  3  3  2  2       
     9  4  5  5  4  4  5  5  4  4  6  6  3  3  2  2       
     8  5  4  4  5  5  6  6  6  6  3  3  2  2             
     7  5  4  4  5  5  6  6  6  6  3  3  2  2             
     6  4  6  6  6  6  6  6  3  3  2  2                   
     5  4  6  6  6  6  6  6  3  3  2  2                   
     4  6  6  6  3  3  2  2  2  2                         
     3  6  6  6  3  3  2  2  2  2                         
     2  2  2  2  2  2                                     
     1  2  2  2  2  2                                     
  Planar Region :  3
        1  2  3  4  5  6  7  8  9 10 11 12 13 14 15 16 17
    17  4  9  9  4  4  9  9  4  4  7  7  4  4  6  6  2  2 
    16  9  4  4  8  8  4  4  8  8  4  4  11 11 6  6  2  2 
    15  9  4  4  8  8  4  4  8  8  4  4  11 11 6  6  2  2 
    14  4  8  8  4  4  8  8  4  4  8  8  6  6  3  3  2  2 
    13  4  8  8  4  4  8  8  4  4  8  8  6  6  3  3  2  2 
    12  9  4  4  8  8  4  4  8  8  10 10 6  6  2  2       
    11  9  4  4  8  8  4  4  8  8  10 10 6  6  2  2       
    10  4  8  8  4  4  8  8  4  4  6  6  3  3  2  2       
     9  4  8  8  4  4  8  8  4  4  6  6  3  3  2  2       
     8  7  4  4  8  8  10 10 6  6  3  3  2  2             
     7  7  4  4  8  8  10 10 6  6  3  3  2  2             
     6  4  11 11 6  6  6  6  3  3  2  2                   
     5  4  11 11 6  6  6  6  3  3  2  2                   
     4  6  6  6  3  3  2  2  2  2                         
     3  6  6  6  3  3  2  2  2  2                         
     2  2  2  2  2  2                                     
     1  2  2  2  2  2                                     

  Planar Region Assignment to Planes.
 -------------------------------------
   Plane Number     Planar Region    Delta-z
       18 (Top)            1          30.00
       17                  3           8.00
       16                  3          12.80
       15                  3          12.80
       14                  3          30.00
       13                  3          30.00
       12                  3          30.00
       11                  3          30.00
       10                  3          30.00
        9                  3          30.00
        8                  3          30.00
        7                  3          30.00
        6                  3          30.00
        5                  3          30.00
        4                  3          15.00
        3                  3          11.00
        2                  2           7.70
        1 (Bottom)         1          30.00

   Boundary Conditions
   -------------------
  X-Directed West   : Reflective
  X-Directed East   : Zero Flux
  Y-Directed North  : Reflective
  Y-Directed South  : Zero Flux
  Z-Directed Bottom : Zero Flux
  Z-Directed Top    : Zero Flux

  ...Core Geometry is Sucessfully Read...
     ---------------------------------


            >>>> READING BORON CONCENTRATION FOR BC SEARCH <<<<
            --------------------------------------------------
  BORON CONCENTRATION REFERENCE : 1200.20

  MATERIAL CX CHANGES PER PPM BORON CHANGES : 
    MATERIAL  1
     GROUP   TRANSPORT   ABSORPTION   NU*FISS       FISSION
       1   0.611833E-07   0.187731E-06   0.000000E+00   0.000000E+00
       2   0.517535E-05   0.102635E-04   0.000000E+00   0.000000E+00
   --SCATTERING MATRIX--
     G/G'          1          2
      1      0.00000E+00  0.79146E-09
      2      0.00000E+00  0.00000E+00
    MATERIAL  2
     GROUP   TRANSPORT   ABSORPTION   NU*FISS       FISSION
       1   0.000000E+00   0.000000E+00   0.000000E+00   0.000000E+00
       2   0.776184E-03   0.844695E-04   0.000000E+00   0.000000E+00
   --SCATTERING MATRIX--
     G/G'          1          2
      1      0.00000E+00  0.00000E+00
      2      0.00000E+00  0.00000E+00
    MATERIAL  3
     GROUP   TRANSPORT   ABSORPTION   NU*FISS       FISSION
       1   0.000000E+00   0.000000E+00   0.000000E+00   0.000000E+00
       2   0.776184E-03   0.844695E-04   0.000000E+00   0.000000E+00
   --SCATTERING MATRIX--
     G/G'          1          2
      1      0.00000E+00  0.00000E+00
      2      0.00000E+00  0.00000E+00
    MATERIAL  4
     GROUP   TRANSPORT   ABSORPTION   NU*FISS       FISSION
       1   0.347809E-07   0.128505E-06  -0.112099E-08  -0.176188E-19
       2  -0.976510E-05   0.708807E-05  -0.243045E-05  -0.319085E-16
   --SCATTERING MATRIX--
     G/G'          1          2
      1      0.00000E+00 -0.10859E-06
      2      0.00000E+00  0.00000E+00
    MATERIAL  5
     GROUP   TRANSPORT   ABSORPTION   NU*FISS       FISSION
       1   0.353826E-07   0.126709E-06  -0.167880E-08  -0.249965E-19
       2  -0.850169E-05   0.682311E-05  -0.272445E-05  -0.357680E-16
   --SCATTERING MATRIX--
     G/G'          1          2
      1      0.00000E+00 -0.10695E-06
      2      0.00000E+00  0.00000E+00
    MATERIAL  6
     GROUP   TRANSPORT   ABSORPTION   NU*FISS       FISSION
       1   0.359838E-07   0.124986E-06  -0.221038E-08  -0.320225E-19
       2  -0.746251E-05   0.659798E-05  -0.295883E-05  -0.388451E-16
   --SCATTERING MATRIX--
     G/G'          1          2
      1      0.00000E+00 -0.10537E-06
      2      0.00000E+00  0.00000E+00
    MATERIAL  7
     GROUP   TRANSPORT   ABSORPTION   NU*FISS       FISSION
       1   0.337806E-07   0.119869E-06  -0.171323E-08  -0.249965E-19
       2  -0.673744E-05   0.629310E-05  -0.255359E-05  -0.335223E-16
   --SCATTERING MATRIX--
     G/G'          1          2
      1      0.00000E+00 -0.10087E-06
      2      0.00000E+00  0.00000E+00
    MATERIAL  8
     GROUP   TRANSPORT   ABSORPTION   NU*FISS       FISSION
       1   0.332495E-07   0.117585E-06  -0.172421E-08  -0.254896E-19
       2  -0.619725E-05   0.611904E-05  -0.248880E-05  -0.326704E-16
   --SCATTERING MATRIX--
     G/G'          1          2
      1      0.00000E+00 -0.98858E-07
      2      0.00000E+00  0.00000E+00
    MATERIAL  9
     GROUP   TRANSPORT   ABSORPTION   NU*FISS       FISSION
       1   0.327201E-07   0.115319E-06  -0.173502E-08  -0.256049E-19
       2  -0.568220E-05   0.594711E-05  -0.242240E-05  -0.317976E-16
   --SCATTERING MATRIX--
     G/G'          1          2
      1      0.00000E+00 -0.96849E-07
      2      0.00000E+00  0.00000E+00
    MATERIAL 10
     GROUP   TRANSPORT   ABSORPTION   NU*FISS       FISSION
       1   0.343859E-07   0.118186E-06  -0.224335E-08  -0.320225E-19
       2  -0.586898E-05   0.608443E-05  -0.277657E-05  -0.364509E-16
   --SCATTERING MATRIX--
     G/G'          1          2
      1      0.00000E+00 -0.99331E-07
      2      0.00000E+00  0.00000E+00
    MATERIAL 11
     GROUP   TRANSPORT   ABSORPTION   NU*FISS       FISSION
       1   0.338559E-07   0.115917E-06  -0.225369E-08  -0.324873E-19
       2  -0.538345E-05   0.591697E-05  -0.270780E-05  -0.355476E-16
   --SCATTERING MATRIX--
     G/G'          1          2
      1      0.00000E+00 -0.97329E-07
      2      0.00000E+00  0.00000E+00

  ...Critical Boron Search card is sucessfully read...


            >>>> READING CONTROL RODS INSERTION <<<<
            --------------------------------------------
  NUMBER OF CONTROL ROD BANK  :  7
  MAX. NUMBER OF STEPS        : 228
  FULLY INSERTED POSITION (cm): 37.7 (FROM BOTTOM OF THE CORE)
  STEP SIZE (cm)              :   1.5942
  CR CUSPING CORRECTION       : NOT ACTIVE
  INITIAL CONTROL ROD BANK POSITION (STEPS) : 
  (0 means fully inserted) 
    Bank  1  Bank  2  Bank  3  Bank  4  Bank  5  Bank  6  Bank  7
    100.0    200.0    100.0    200.0    200.0    200.0    200.0

  CONTROL ROD BANK MAP : 
  1  0  2  0  0  0  3  0  0
  0  4  0  0  0  6  0  0  0
  2  0  5  0  6  0  6  0  0
  0  0  0  4  0  0  0  0  0
  0  0  6  0  7  0  0  0  0
  0  6  0  0  0  0  0  0  0
  3  0  6  0  0  0  0  0  0
  0  0  0  0  0  0  0  0  0
  0  0  0  0  0  0  0  0  0

  MATERIAL CX INCREMENT OR DECREMENT DUE TO CR INSERTION : 
    MATERIAL  1
    GROUP   TRANSPORT  ABSORPTION      NU*FISS      FISSION
       1     0.003732    0.002478    -0.000103    -0.000000
       2    -0.021993    0.025587    -0.002823    -0.000000
   --SCATTERING MATRIX--
     G/G'        1        2
      1      0.000000 -0.003193
      2      0.000000  0.000000
    MATERIAL  2
    GROUP   TRANSPORT  ABSORPTION      NU*FISS      FISSION
       1     0.003732    0.002478    -0.000103    -0.000000
       2    -0.021993    0.025587    -0.002823    -0.000000
   --SCATTERING MATRIX--
     G/G'        1        2
      1      0.000000 -0.003193
      2      0.000000  0.000000
    MATERIAL  3
    GROUP   TRANSPORT  ABSORPTION      NU*FISS      FISSION
       1     0.003732    0.002478    -0.000103    -0.000000
       2    -0.021993    0.025587    -0.002823    -0.000000
   --SCATTERING MATRIX--
     G/G'        1        2
      1      0.000000 -0.003193
      2      0.000000  0.000000
    MATERIAL  4
    GROUP   TRANSPORT  ABSORPTION      NU*FISS      FISSION
       1     0.003732    0.002478    -0.000103    -0.000000
       2    -0.021993    0.025587    -0.002823    -0.000000
   --SCATTERING MATRIX--
     G/G'        1        2
      1      0.000000 -0.003193
      2      0.000000  0.000000
    MATERIAL  5
    GROUP   TRANSPORT  ABSORPTION      NU*FISS      FISSION
       1     0.003732    0.002478    -0.000103    -0.000000
       2    -0.021993    0.025587    -0.002823    -0.000000
   --SCATTERING MATRIX--
     G/G'        1        2
      1      0.000000 -0.003193
      2      0.000000  0.000000
    MATERIAL  6
    GROUP   TRANSPORT  ABSORPTION      NU*FISS      FISSION
       1     0.003741    0.002429    -0.000123    -0.000000
       2    -0.016750    0.025648    -0.003281    -0.000000
   --SCATTERING MATRIX--
     G/G'        1        2
      1      0.000000 -0.003142
      2      0.000000  0.000000
    MATERIAL  7
    GROUP   TRANSPORT  ABSORPTION      NU*FISS      FISSION
       1     0.003732    0.002478    -0.000103    -0.000000
       2    -0.021993    0.025587    -0.002823    -0.000000
   --SCATTERING MATRIX--
     G/G'        1        2
      1      0.000000 -0.003193
      2      0.000000  0.000000
    MATERIAL  8
    GROUP   TRANSPORT  ABSORPTION      NU*FISS      FISSION
       1     0.003732    0.002478    -0.000103    -0.000000
       2    -0.021993    0.025587    -0.002823    -0.000000
   --SCATTERING MATRIX--
     G/G'        1        2
      1      0.000000 -0.003193
      2      0.000000  0.000000
    MATERIAL  9
    GROUP   TRANSPORT  ABSORPTION      NU*FISS      FISSION
       1     0.003732    0.002478    -0.000103    -0.000000
       2    -0.021993    0.025587    -0.002823    -0.000000
   --SCATTERING MATRIX--
     G/G'        1        2
      1      0.000000 -0.003193
      2      0.000000  0.000000
    MATERIAL 10
    GROUP   TRANSPORT  ABSORPTION      NU*FISS      FISSION
       1     0.003732    0.002478    -0.000103    -0.000000
       2    -0.021993    0.025587    -0.002823    -0.000000
   --SCATTERING MATRIX--
     G/G'        1        2
      1      0.000000 -0.003193
      2      0.000000  0.000000
    MATERIAL 11
    GROUP   TRANSPORT  ABSORPTION      NU*FISS      FISSION
       1     0.003732    0.002478    -0.000103    -0.000000
       2    -0.021993    0.025587    -0.002823    -0.000000
   --SCATTERING MATRIX--
     G/G'        1        2
      1      0.000000 -0.003193
      2      0.000000  0.000000

  ...Control Rods Insertion card is sucessfully read...


            >>>>   READING THERMAL-HYDRAULIC DATA   <<<<
            --------------------------------------------
  REACTOR PERCENT POWER (%)                :    100.00000
  REACTOR POWER (Watt)                     :   6.9375E+08
  COOLANT INLET TEMPERATURE (Kelvin)       :   5.5915E+02
  FUEL ASSEMBLY MASS FLOW RATE (Kg/s)      :   8.2121E+01
  FUEL MEAT RADIUS (m)                     :   4.1195E-03
  GAP THICKNESS (m)                        :   6.8000E-05
  CLAD THICKNESS (m)                       :   5.7100E-04
  PIN PITCH(m)                             :   1.2655E-02
  FRACTION OF HEAT DEPOSITED IN COOL.      :   1.9000E-02

  ...Thermal-hydraulic Card is sucessfully read...


            >>>>      READING FUEL TEMPERATURE      <<<<
            --------------------------------------------
  AVERAGE FUEL TEMPERATURE   :891.19  (NOT USED)
  FUEL TEMPERATURE REFERENCE :891.45

  MATERIAL CX CHANGES PER FUEL TEMPERATURE CHANGES : 
    MATERIAL  1
     GROUP   TRANSPORT   ABSORPTION   NU*FISS       FISSION
       1   0.00000E+00  0.00000E+00   0.00000E+00   0.00000E+00
       2   0.00000E+00  0.00000E+00   0.00000E+00   0.00000E+00
   --SCATTERING MATRIX--
     G/G'          1          2
      1      0.00000E+00  0.00000E+00
      2      0.00000E+00  0.00000E+00
    MATERIAL  2
     GROUP   TRANSPORT   ABSORPTION   NU*FISS       FISSION
       1   0.00000E+00  0.00000E+00   0.00000E+00   0.00000E+00
       2   0.00000E+00  0.00000E+00   0.00000E+00   0.00000E+00
   --SCATTERING MATRIX--
     G/G'          1          2
      1      0.00000E+00  0.00000E+00
      2      0.00000E+00  0.00000E+00
    MATERIAL  3
     GROUP   TRANSPORT   ABSORPTION   NU*FISS       FISSION
       1   0.00000E+00  0.00000E+00   0.00000E+00   0.00000E+00
       2   0.00000E+00  0.00000E+00   0.00000E+00   0.00000E+00
   --SCATTERING MATRIX--
     G/G'          1          2
      1      0.00000E+00  0.00000E+00
      2      0.00000E+00  0.00000E+00
    MATERIAL  4
     GROUP   TRANSPORT   ABSORPTION   NU*FISS       FISSION
       1  -0.30920E-04  0.34971E-04   0.64013E-06   0.71541E-17
       2  -0.13729E-03 -0.37181E-04  -0.56304E-04  -0.73919E-15
   --SCATTERING MATRIX--
     G/G'          1          2
      1      0.00000E+00 -0.27554E-04
      2      0.00000E+00  0.00000E+00
    MATERIAL  5
     GROUP   TRANSPORT   ABSORPTION   NU*FISS       FISSION
       1  -0.30861E-04  0.35180E-04   0.99743E-06   0.11868E-16
       2  -0.11748E-03 -0.37704E-04  -0.60415E-04  -0.79317E-15
   --SCATTERING MATRIX--
     G/G'          1          2
      1      0.00000E+00 -0.27677E-04
      2      0.00000E+00  0.00000E+00
    MATERIAL  6
     GROUP   TRANSPORT   ABSORPTION   NU*FISS       FISSION
       1  -0.30917E-04  0.35384E-04   0.14185E-05   0.17427E-16
       2  -0.10134E-03 -0.37756E-04  -0.63096E-04  -0.82836E-15
   --SCATTERING MATRIX--
     G/G'          1          2
      1      0.00000E+00 -0.27839E-04
      2      0.00000E+00  0.00000E+00
    MATERIAL  7
     GROUP   TRANSPORT   ABSORPTION   NU*FISS       FISSION
       1  -0.31375E-04  0.34870E-04   0.94543E-06   0.11868E-16
       2  -0.10827E-03 -0.37275E-04  -0.57966E-04  -0.76085E-15
   --SCATTERING MATRIX--
     G/G'          1          2
      1      0.00000E+00 -0.27355E-04
      2      0.00000E+00  0.00000E+00
    MATERIAL  8
     GROUP   TRANSPORT   ABSORPTION   NU*FISS       FISSION
       1  -0.31550E-04  0.34727E-04   0.92608E-06   0.10893E-16
       2  -0.10552E-03 -0.37181E-04  -0.57111E-04  -0.74957E-15
   --SCATTERING MATRIX--
     G/G'          1          2
      1      0.00000E+00 -0.27238E-04
      2      0.00000E+00  0.00000E+00
    MATERIAL  9
     GROUP   TRANSPORT   ABSORPTION   NU*FISS       FISSION
       1  -0.31728E-04  0.34603E-04   0.90580E-06   0.10617E-16
       2  -0.10252E-03 -0.37020E-04  -0.56154E-04  -0.73697E-15
   --SCATTERING MATRIX--
     G/G'          1          2
      1      0.00000E+00 -0.27117E-04
      2      0.00000E+00  0.00000E+00
    MATERIAL 10
     GROUP   TRANSPORT   ABSORPTION   NU*FISS       FISSION
       1  -0.31419E-04  0.35064E-04   0.13564E-05   0.17427E-16
       2  -0.93889E-04 -0.37140E-04  -0.60505E-04  -0.79425E-15
   --SCATTERING MATRIX--
     G/G'          1          2
      1      0.00000E+00 -0.27505E-04
      2      0.00000E+00  0.00000E+00
    MATERIAL 11
     GROUP   TRANSPORT   ABSORPTION   NU*FISS       FISSION
       1  -0.31591E-04  0.34912E-04   0.13334E-05   0.16277E-16
       2  -0.91713E-04 -0.36991E-04  -0.59628E-04  -0.78272E-15
   --SCATTERING MATRIX--
     G/G'          1          2
      1      0.00000E+00 -0.27383E-04
      2      0.00000E+00  0.00000E+00

  ...Fuel Temperature is card sucessfully read...


            >>>>   READING MODERATOR TEMPERATURE    <<<<
            --------------------------------------------
  AVERAGE MODERATOR TEMPERATURE   :559.19  (NOT USED)
  MODERATOR TEMPERATURE REFERENCE :579.75

  MATERIAL CX CHANGES PER MODERATOR TEMPERATURE CHANGES : 
    MATERIAL  1
     GROUP   TRANSPORT   ABSORPTION   NU*FISS       FISSION
       1   0.00000E+00  0.00000E+00   0.00000E+00   0.00000E+00
       2   0.00000E+00  0.00000E+00   0.00000E+00   0.00000E+00
   --SCATTERING MATRIX--
     G/G'          1          2
      1      0.00000E+00  0.00000E+00
      2      0.00000E+00  0.00000E+00
    MATERIAL  2
     GROUP   TRANSPORT   ABSORPTION   NU*FISS       FISSION
       1   0.00000E+00  0.00000E+00   0.00000E+00   0.00000E+00
       2   0.00000E+00  0.00000E+00   0.00000E+00   0.00000E+00
   --SCATTERING MATRIX--
     G/G'          1          2
      1      0.00000E+00  0.00000E+00
      2      0.00000E+00  0.00000E+00
    MATERIAL  3
     GROUP   TRANSPORT   ABSORPTION   NU*FISS       FISSION
       1   0.00000E+00  0.00000E+00   0.00000E+00   0.00000E+00
       2   0.00000E+00  0.00000E+00   0.00000E+00   0.00000E+00
   --SCATTERING MATRIX--
     G/G'          1          2
      1      0.00000E+00  0.00000E+00
      2      0.00000E+00  0.00000E+00
    MATERIAL  4
     GROUP   TRANSPORT   ABSORPTION   NU*FISS       FISSION
       1  -0.20331E-05  0.21219E-06   0.12471E-06   0.14304E-17
       2  -0.10867E-03 -0.31560E-04  -0.41644E-04  -0.54672E-15
   --SCATTERING MATRIX--
     G/G'          1          2
      1      0.00000E+00  0.80968E-06
      2      0.00000E+00  0.00000E+00
    MATERIAL  5
     GROUP   TRANSPORT   ABSORPTION   NU*FISS       FISSION
       1  -0.19808E-05  0.22600E-06   0.13515E-06   0.15690E-17
       2  -0.90615E-04 -0.32144E-04  -0.45310E-04  -0.59486E-15
   --SCATTERING MATRIX--
     G/G'          1          2
      1      0.00000E+00  0.85847E-06
      2      0.00000E+00  0.00000E+00
    MATERIAL  6
     GROUP   TRANSPORT   ABSORPTION   NU*FISS       FISSION
       1  -0.19243E-05  0.23994E-06   0.14908E-06   0.17542E-17
       2  -0.76279E-04 -0.32378E-04  -0.47847E-04  -0.62817E-15
   --SCATTERING MATRIX--
     G/G'          1          2
      1      0.00000E+00  0.90349E-06
      2      0.00000E+00  0.00000E+00
    MATERIAL  7
     GROUP   TRANSPORT   ABSORPTION   NU*FISS       FISSION
       1  -0.26963E-05  0.24853E-06   0.14077E-06   0.15690E-17
       2  -0.76244E-04 -0.30012E-04  -0.42020E-04  -0.55167E-15
   --SCATTERING MATRIX--
     G/G'          1          2
      1      0.00000E+00  0.70131E-06
      2      0.00000E+00  0.00000E+00
    MATERIAL  8
     GROUP   TRANSPORT   ABSORPTION   NU*FISS       FISSION
       1  -0.30791E-05  0.26185E-06   0.14323E-06   0.16790E-17
       2  -0.73340E-04 -0.29193E-04  -0.40770E-04  -0.53526E-15
   --SCATTERING MATRIX--
     G/G'          1          2
      1      0.00000E+00  0.61738E-06
      2      0.00000E+00  0.00000E+00
    MATERIAL  9
     GROUP   TRANSPORT   ABSORPTION   NU*FISS       FISSION
       1  -0.35388E-05  0.27431E-06   0.14602E-06   0.17167E-17
       2  -0.71371E-04 -0.28304E-04  -0.39432E-04  -0.51769E-15
   --SCATTERING MATRIX--
     G/G'          1          2
      1      0.00000E+00  0.51655E-06
      2      0.00000E+00  0.00000E+00
    MATERIAL 10
     GROUP   TRANSPORT   ABSORPTION   NU*FISS       FISSION
       1  -0.26391E-05  0.26429E-06   0.15586E-06   0.17542E-17
       2  -0.63955E-04 -0.30351E-04  -0.44443E-04  -0.58348E-15
   --SCATTERING MATRIX--
     G/G'          1          2
      1      0.00000E+00  0.74432E-06
      2      0.00000E+00  0.00000E+00
    MATERIAL 11
     GROUP   TRANSPORT   ABSORPTION   NU*FISS       FISSION
       1  -0.30215E-05  0.27906E-06   0.15881E-06   0.18853E-17
       2  -0.61698E-04 -0.29563E-04  -0.43159E-04  -0.56662E-15
   --SCATTERING MATRIX--
     G/G'          1          2
      1      0.00000E+00  0.65952E-06
      2      0.00000E+00  0.00000E+00

  ...Moderator Temperature Card is sucessfully read...


            >>>>       READING COOLANT DENSITY      <<<<
            --------------------------------------------
  AVERAGE COOLANT DENSITY   :  0.7464  (USED AS GUESS)
  COOLANT DENSITY REFERENCE :  0.7125

  MATERIAL CX CHANGES PER COOLANT DENSITY CHANGES : 
    MATERIAL  1
     GROUP   TRANSPORT   ABSORPTION   NU*FISS       FISSION
       1   0.74576E-01  0.20769E-03   0.00000E+00   0.00000E+00
       2   0.53363E+00  0.75842E-02   0.00000E+00   0.00000E+00
   --SCATTERING MATRIX--
     G/G'          1          2
      1      0.00000E+00  0.37131E-01
      2      0.00000E+00  0.00000E+00
    MATERIAL  2
     GROUP   TRANSPORT   ABSORPTION   NU*FISS       FISSION
       1   0.00000E+00  0.00000E+00   0.00000E+00   0.00000E+00
       2   0.00000E+00  0.00000E+00   0.00000E+00   0.00000E+00
   --SCATTERING MATRIX--
     G/G'          1          2
      1      0.00000E+00  0.00000E+00
      2      0.00000E+00  0.00000E+00
    MATERIAL  3
     GROUP   TRANSPORT   ABSORPTION   NU*FISS       FISSION
       1   0.00000E+00  0.00000E+00   0.00000E+00   0.00000E+00
       2   0.00000E+00  0.00000E+00   0.00000E+00   0.00000E+00
   --SCATTERING MATRIX--
     G/G'          1          2
      1      0.00000E+00  0.00000E+00
      2      0.00000E+00  0.00000E+00
    MATERIAL  4
     GROUP   TRANSPORT   ABSORPTION   NU*FISS       FISSION
       1   0.13567E+00  0.15519E-02   0.92069E-03   0.10239E-13
       2   0.99263E+00  0.25266E-01   0.24775E-01   0.32526E-12
   --SCATTERING MATRIX--
     G/G'          1          2
      1      0.00000E+00  0.29319E-01
      2      0.00000E+00  0.00000E+00
    MATERIAL  5
     GROUP   TRANSPORT   ABSORPTION   NU*FISS       FISSION
       1   0.13575E+00  0.16149E-02   0.96416E-03   0.10814E-13
       2   0.98198E+00  0.28667E-01   0.31499E-01   0.41354E-12
   --SCATTERING MATRIX--
     G/G'          1          2
      1      0.00000E+00  0.29270E-01
      2      0.00000E+00  0.00000E+00
    MATERIAL  6
     GROUP   TRANSPORT   ABSORPTION   NU*FISS       FISSION
       1   0.13583E+00  0.16802E-02   0.10141E-02   0.11477E-13
       2   0.97227E+00  0.31957E-01   0.38110E-01   0.50033E-12
   --SCATTERING MATRIX--
     G/G'          1          2
      1      0.00000E+00  0.29215E-01
      2      0.00000E+00  0.00000E+00
    MATERIAL  7
     GROUP   TRANSPORT   ABSORPTION   NU*FISS       FISSION
       1   0.13103E+00  0.16840E-02   0.98195E-03   0.10814E-13
       2   0.93470E+00  0.31424E-01   0.35159E-01   0.46172E-12
   --SCATTERING MATRIX--
     G/G'          1          2
      1      0.00000E+00  0.28249E-01
      2      0.00000E+00  0.00000E+00
    MATERIAL  8
     GROUP   TRANSPORT   ABSORPTION   NU*FISS       FISSION
       1   0.12938E+00  0.17197E-02   0.98844E-03   0.11132E-13
       2   0.91817E+00  0.32472E-01   0.36325E-01   0.47708E-12
   --SCATTERING MATRIX--
     G/G'          1          2
      1      0.00000E+00  0.27890E-01
      2      0.00000E+00  0.00000E+00
    MATERIAL  9
     GROUP   TRANSPORT   ABSORPTION   NU*FISS       FISSION
       1   0.12768E+00  0.17499E-02   0.99518E-03   0.11221E-13
       2   0.90129E+00  0.33594E-01   0.37450E-01   0.49190E-12
   --SCATTERING MATRIX--
     G/G'          1          2
      1      0.00000E+00  0.27520E-01
      2      0.00000E+00  0.00000E+00
    MATERIAL 10
     GROUP   TRANSPORT   ABSORPTION   NU*FISS       FISSION
       1   0.13112E+00  0.17553E-02   0.10352E-02   0.11477E-13
       2   0.92492E+00  0.34985E-01   0.42069E-01   0.58348E-12
   --SCATTERING MATRIX--
     G/G'          1          2
      1      0.00000E+00  0.28188E-01
      2      0.00000E+00  0.00000E+00
    MATERIAL 11
     GROUP   TRANSPORT   ABSORPTION   NU*FISS       FISSION
       1   0.12946E+00  0.17950E-02   0.10429E-02   0.11853E-13
       2   0.90846E+00  0.36103E-01   0.43321E-01   0.56886E-12
   --SCATTERING MATRIX--
     G/G'          1          2
      1      0.00000E+00  0.27826E-01
      2      0.00000E+00  0.00000E+00

  ...Coolant Density Card is sucessfully read...


  ================================================================================================
                        CRITICAL BORON CONCENTRATION SEARCH
  ================================================================================================

   Itr  Boron Concentration          K-EFF    FLUX REL. ERROR   FISS. SOURCE REL. ERROR    DOPPLER ERROR
  ------------------------------------------------------------------------------------------------------
    1     0.925752    6.56213E+01    3.47673E+02
    2     1.010565    1.00000E+00    6.69966E+01
    3     0.985695    1.00000E+00    3.07219E+00
    4     0.982533    1.00000E+00    1.00000E+00
    5     0.992500    1.58871E+02    3.66259E-01
    6     0.998689    1.98729E+00    6.71766E+00
    7     0.997407    2.18991E-01    1.21100E+00
    8     0.997631    1.50577E-01    1.80138E-01
    9     0.998060    1.15357E-01    1.19237E-01
   10     1.004476    6.10865E+02    9.93549E-02
   11     1.004449    4.41974E+00    2.22174E+01
   12     1.004127    1.00000E+00    6.29791E+00
   13     1.004118    3.93704E-01    5.05097E-01
   14     1.004137    1.99016E-01    2.43822E-01
   15     1.004284    2.20911E+00    1.47658E-01
   16     1.004230    5.34481E-01    6.11927E-01
   17     1.004260    1.41771E-01    3.40849E-01
   18     1.004302    8.54734E-02    9.05939E-02
   19     1.004356    6.57429E-02    7.07970E-02
   20     1.005503    1.61612E+03    5.72632E-02
    1     1.006663    4.10174E-02    5.49637E-02
    2     1.006173    4.07740E-02    4.78755E-02
    3     1.006117    3.75691E-02    4.03097E-02
    4     1.006111    3.45833E-02    3.66348E-02
    5     1.006114    7.00980E+01    3.34464E-02
    6     1.006118    9.37893E-01    4.28072E+00
    7     1.006179    2.21485E-01    1.25235E+00
    8     1.006195    1.68937E-01    2.03365E-01
    9     1.006203    1.28926E-01    1.55773E-01
   10     1.006286    6.17940E-01    1.15555E-01
   11     1.006235    1.43625E-01    5.32976E-01
   12     1.006274    4.67538E-02    2.60207E-01
   13     1.006275    3.95479E-02    4.36152E-02
   14     1.006277    3.58510E-02    3.98025E-02
   15     1.006365    8.26720E+00    3.42455E-02
   16     1.006372    6.68699E-01    2.39066E+00
   17     1.006383    1.66860E-01    7.06011E-01
   18     1.006388    1.33266E-01    1.61219E-01
   19     1.006390    9.99718E-02    1.20259E-01
   20     1.006394    4.93126E-01    8.87554E-02
    1     0.995564    5.92745E-02    1.35272E-01
    2     0.997605    5.34751E-02    7.90242E-02
    3     0.997811    3.91430E-02    4.86592E-02
    4     0.997822    2.98241E-02    3.52504E-02
    5     0.998025    3.14731E+03    2.66382E-02
    6     1.000518    1.81694E+00    1.23126E+01
    7     0.999254    3.35745E-01    1.78829E+00
    8     0.999332    2.51579E-01    3.18115E-01
    9     0.999488    1.96885E-01    2.19321E-01
   10     1.000256    1.85120E+01    1.88551E-01
   11     1.000075    7.39215E-01    4.43664E+00
   12     1.000093    1.26584E-01    1.68571E+00
   13     1.000077    8.37374E-02    1.58836E-01
   14     1.000067    5.72939E-02    6.42828E-02
   15     0.999896    5.50144E-01    4.55240E-02
   16     0.999825    1.73420E-01    3.73516E-01
   17     0.999917    5.92337E-02    1.93272E-01
   18     0.999923    4.58440E-02    5.45746E-02
   19     0.999916    3.93947E-02    4.32240E-02
   20     0.999743    4.16003E-01    3.67524E-02
    1     0.998006    2.91214E-02    3.16893E-02
    2     0.998078    2.63844E-02    2.68047E-02
    3     0.998068    2.35112E-02    2.46577E-02
    4     0.998050    2.10912E-02    2.22657E-02
    5     0.996918    5.86966E-01    2.01130E-02
    6     0.996428    1.40350E-01    5.35448E-01
    7     0.997159    4.80321E-02    3.11356E-01
    8     0.997301    3.27438E-02    4.93911E-02
    9     0.997364    2.18964E-02    2.33767E-02
   10     0.997803    1.99519E-01    1.95910E-02
   11     0.997729    4.50937E-02    1.51662E-01
   12     0.997683    1.17625E-02    7.00695E-02
   13     0.997665    9.95869E-03    1.02948E-02
   14     0.997653    8.88911E-03    9.19508E-03
   15     0.997490    1.26143E-01    8.58314E-03
   16     0.997503    2.09176E-02    1.07653E-01
   17     0.997545    9.80440E-03    6.14534E-02
   18     0.997558    6.60536E-03    1.04674E-02
   19     0.997564    5.02501E-03    5.97517E-03
   20     0.997614    5.21628E-02    4.44500E-03
    1     0.994707    7.95773E-03    1.29418E-02
    2     0.995245    4.88306E-03    5.03669E-03
    3     0.995294    4.14706E-03    4.16909E-03
    4     0.995288    3.87978E-03    3.92923E-03
    5     0.994930    1.21244E-01    3.73914E-03
    6     0.994989    2.47480E-02    1.01055E-01
    7     0.995032    6.14741E-03    5.93623E-02
    8     0.995041    4.51805E-03    1.00606E-02
    9     0.995047    3.85407E-03    4.31385E-03
   10     0.995134    5.72732E-02    3.47250E-03
   11     0.995135    1.67329E-02    4.13071E-02
   12     0.995114    8.09017E-03    1.98861E-02
   13     0.995108    5.68295E-03    7.51169E-03
   14     0.995107    4.65430E-03    5.00925E-03
   15     0.995100    5.97748E-02    4.29197E-03
   16     0.995140    1.28057E-02    4.60658E-02
   17     0.995115    2.47824E-03    2.39169E-02
   18     0.995116    1.87596E-03    3.30459E-03
   19     0.995119    1.48648E-03    1.67027E-03
   20     0.995163    2.76362E-02    1.35926E-03
    1     0.996362    4.84584E-03    1.15421E-02
    2     0.996138    2.95916E-03    3.03271E-03
    3     0.996122    2.63517E-03    2.63860E-03
    4     0.996129    2.54317E-03    2.54800E-03
    5     0.996365    8.02717E-02    2.48664E-03
    6     0.996380    1.24406E-02    7.27213E-02
    7     0.996319    7.68341E-03    4.07532E-02
    8     0.996311    5.69415E-03    1.00377E-02
    9     0.996308    4.81758E-03    5.59508E-03
   10     0.996295    3.76009E-02    4.45177E-03
   11     0.996306    7.12838E-03    2.84173E-02
   12     0.996301    1.26820E-03    1.39000E-02
   13     0.996302    9.63001E-04    1.82668E-03
   14     0.996304    8.20610E-04    9.19637E-04
   15     0.996324    1.65624E-02    7.85850E-04
   16     0.996317    3.59002E-03    1.31342E-02
   17     0.996318    1.31955E-03    6.52399E-03
   18     0.996317    7.89565E-04    1.23604E-03
   19     0.996316    5.37112E-04    6.44848E-04
   20     0.996311    5.25409E-03    4.81302E-04
    1     0.995965    1.54510E-03    3.19768E-03
    2     0.996018    1.18397E-03    1.20327E-03
    3     0.996021    1.01965E-03    1.02707E-03
    4     0.996019    9.73270E-04    9.76039E-04
    5     0.995940    3.01529E-02    9.48263E-04
    6     0.995922    3.93301E-03    2.63391E-02
    7     0.995952    2.97641E-03    1.19880E-02
    8     0.995956    2.37393E-03    4.06648E-03
    9     0.995957    1.96862E-03    2.30935E-03
   10     0.995962    1.97064E-02    1.81140E-03
   11     0.995956    4.34018E-03    1.49677E-02
   12     0.995958    7.01697E-04    7.34143E-03
   13     0.995958    5.85615E-04    8.79434E-04
   14     0.995957    5.08343E-04    5.62953E-04
   15     0.995948    9.44545E-03    4.87106E-04
   16     0.995947    2.01894E-03    7.53858E-03
   17     0.995950    6.34832E-04    3.87734E-03
   18     0.995951    4.73960E-04    7.85039E-04
   19     0.995951    4.21087E-04    4.49453E-04
   20     0.995953    5.25776E-03    3.96523E-04
    1     0.996002    8.76132E-04    2.53276E-03
    2     0.995999    5.07882E-04    6.00849E-04
    3     0.995999    4.22919E-04    4.28336E-04
    4     0.995999    3.89909E-04    3.91455E-04
    5     0.996014    1.05785E-02    3.74626E-04
    6     0.996022    1.42239E-03    9.06850E-03
    7     0.996013    9.49593E-04    3.97665E-03
    8     0.996012    7.56056E-04    1.30511E-03
    9     0.996012    6.17048E-04    7.29994E-04
   10     0.996011    9.80804E-03    5.61115E-04
   11     0.996014    2.57923E-03    7.35287E-03
   12     0.996013    6.97259E-04    3.42673E-03
   13     0.996013    4.74290E-04    7.33323E-04
   14     0.996014    3.53002E-04    4.04271E-04
   15     0.996017    5.16736E-03    2.97210E-04
   16     0.996019    1.46785E-03    3.64800E-03
   17     0.996016    4.31280E-04    1.86754E-03
   18     0.996016    3.81788E-04    3.95097E-04
   19     0.996016    3.28899E-04    3.47496E-04
   20     0.996017    6.35549E-03    3.07206E-04
    1     0.996043    6.24348E-04    1.83207E-03
    2     0.996036    3.50652E-04    5.95912E-04
    3     0.996035    3.03679E-04    3.06393E-04
    4     0.996035    2.82137E-04    2.83659E-04
    5     0.996040    1.10015E-02    2.71532E-04
    6     0.996037    1.54993E-03    9.95828E-03
    7     0.996039    1.04968E-03    5.01168E-03
    8     0.996039    8.65144E-04    1.52433E-03
    9     0.996039    7.41988E-04    8.27112E-04
   10     0.996038    6.46077E-03    6.93241E-04
   11     0.996038    1.41276E-03    4.84598E-03
   12     0.996038    4.91270E-04    2.11565E-03
   13     0.996038    3.28208E-04    4.08244E-04
   14     0.996038    2.35505E-04    2.71711E-04
   15     0.996038    3.39849E-03    2.08248E-04
   16     0.996037    9.31772E-04    2.58627E-03
   17     0.996038    2.20158E-04    1.30005E-03
   18     0.996038    1.94668E-04    2.04922E-04
   19     0.996038    1.58192E-04    1.68130E-04
   20     0.996037    1.70692E-03    1.36263E-04
    1     0.996016    1.56191E-04    3.03178E-04
    2     0.996020    1.27434E-04    1.27940E-04
    3     0.996020    1.10068E-04    1.11686E-04
    4     0.996020    9.78265E-05    1.02127E-04
    5     0.996015    2.93577E-03    9.33540E-05
    6     0.996015    5.30825E-04    2.46763E-03
    7     0.996016    1.64487E-04    1.27573E-03
    8     0.996016    1.23988E-04    2.07332E-04
    9     0.996016    1.01371E-04    1.12875E-04
   10     0.996017    7.57331E-04    9.22514E-05
   11     0.996016    1.47017E-04    5.95785E-04
   12     0.996016    5.81409E-05    1.93360E-04
   13     0.996016    3.95022E-05    4.43938E-05
   14     0.996016    2.78433E-05    2.90998E-05
   15     0.996016    4.70765E-04    2.10212E-05
   16     0.996016    1.48089E-04    3.18724E-04
   17     0.996016    4.20905E-05    1.43177E-04
   18     0.996016    2.77346E-05    3.40170E-05
   19     0.996016    2.03609E-05    2.43404E-05
   20     0.996017    1.98266E-04    1.84209E-05
    1     0.996023    2.26247E-04    6.30711E-04
    2     0.996022    1.36434E-04    1.61285E-04
    3     0.996022    1.16596E-04    1.17850E-04
    4     0.996022    1.07794E-04    1.08193E-04
    5     0.996024    3.91164E-03    1.03516E-04
    6     0.996024    5.50213E-04    3.36558E-03
    7     0.996024    3.60199E-04    1.63692E-03
    8     0.996024    2.77432E-04    5.16559E-04
    9     0.996024    2.17350E-04    2.66191E-04
   10     0.996023    2.09769E-03    1.93527E-04
   11     0.996024    5.77318E-04    1.49027E-03
   12     0.996024    1.45656E-04    6.26022E-04
   13     0.996024    1.11209E-04    1.23352E-04
   14     0.996024    8.73284E-05    9.75323E-05
   15     0.996024    1.20958E-03    7.90560E-05
   16     0.996024    2.85862E-04    9.15946E-04
   17     0.996024    6.15858E-05    4.21044E-04
   18     0.996024    3.83207E-05    4.21866E-05
   19     0.996024    3.25966E-05    3.54899E-05
   20     0.996024    2.82181E-04    2.98299E-05
    1     0.996022    4.37522E-05    8.88656E-05
    2     0.996022    3.21605E-05    3.55540E-05
    3     0.996022    2.98884E-05    3.00577E-05
    4     0.996022    2.81793E-05    2.83230E-05
    5     0.996021    1.19200E-03    2.69313E-05
    6     0.996021    1.75754E-04    1.01785E-03
    7     0.996022    1.17429E-04    3.62958E-04
    8     0.996022    1.03259E-04    1.32253E-04
    9     0.996022    8.97133E-05    9.88257E-05
   10     0.996022    7.27043E-04    8.39038E-05
   11     0.996022    1.33244E-04    5.53392E-04
   12     0.996022    3.01815E-05    2.54144E-04
   13     0.996022    2.12504E-05    2.49913E-05
   14     0.996022    1.79286E-05    1.99218E-05
   15     0.996022    2.63086E-04    1.68462E-05
   16     0.996022    5.63110E-05    2.11087E-04
   17     0.996022    1.38555E-05    1.03147E-04
   18     0.996022    1.17230E-05    1.38937E-05
   19     0.996022    8.90556E-06    9.59655E-06
    1     0.996021    6.41963E-05    1.97684E-04
    2     0.996021    3.54805E-05    5.04420E-05
    3     0.996021    2.98757E-05    3.02426E-05
    4     0.996021    2.71449E-05    2.73406E-05
    5     0.996021    9.16738E-04    2.58710E-05
    6     0.996022    1.31764E-04    8.10232E-04
    7     0.996021    8.39097E-05    4.24497E-04
    8     0.996021    6.31723E-05    1.24210E-04
    9     0.996021    4.89344E-05    6.03755E-05
   10     0.996021    5.14236E-04    4.29682E-05
   11     0.996021    1.53635E-04    3.62857E-04
   12     0.996021    4.82360E-05    1.49212E-04
   13     0.996021    3.59760E-05    3.97545E-05
   14     0.996021    2.75307E-05    3.07381E-05
   15     0.996022    3.62389E-04    2.45216E-05
   16     0.996022    8.85695E-05    2.71999E-04
   17     0.996022    1.64943E-05    1.25249E-04
   18     0.996021    1.11883E-05    1.19032E-05
   19     0.996021    9.51329E-06    1.04797E-05
   20     0.996022    1.13076E-04    8.89929E-06
    1     0.996022    3.10550E-05    8.48827E-05
    2     0.996022    1.88558E-05    2.43875E-05
    3     0.996022    1.63626E-05    1.65234E-05
    4     0.996022    1.53501E-05    1.53939E-05
    5     0.996022    6.44823E-04    1.47913E-05
    6     0.996022    9.35694E-05    5.53004E-04
    7     0.996022    6.56182E-05    2.23806E-04
    8     0.996022    5.23474E-05    8.50695E-05
    9     0.996022    4.27818E-05    4.94164E-05
   10     0.996022    3.92876E-04    3.92388E-05
   11     0.996022    9.60586E-05    2.84180E-04
   12     0.996022    2.31250E-05    1.17477E-04
   13     0.996022    1.84616E-05    2.01085E-05
   14     0.996022    1.51317E-05    1.67936E-05
   15     0.996022    2.10494E-04    1.39047E-05
   16     0.996022    4.52601E-05    1.63247E-04
   17     0.996022    9.66766E-06    7.77121E-05
   18     0.996022    7.90600E-06    8.68067E-06
    1     0.996022    1.63617E-05    4.05122E-05
    2     0.996022    8.87190E-06    9.51716E-06
    1     0.996022    9.56316E-06    4.13994E-05
    2     0.996022    5.82077E-06    1.39034E-05
    3     0.996022    3.94700E-06    6.38652E-06
    1        1200.20                0.99602     3.94700E-06          6.38652E-06           3.43218E-03
    1     0.996469    7.34105E-04    2.63028E-03
    2     0.996484    1.67613E-04    3.47017E-04
    3     0.996485    8.44502E-05    1.24143E-04
    4     0.996485    5.36544E-05    6.74453E-05
    5     0.996487    4.04188E-04    4.48535E-05
    6     0.996486    1.13241E-04    3.52850E-04
    7     0.996487    4.97964E-05    2.01746E-04
    8     0.996488    3.47056E-05    5.89632E-05
    9     0.996488    2.69614E-05    3.01172E-05
   10     0.996488    4.24124E-04    2.40313E-05
   11     0.996488    1.07620E-04    3.19653E-04
   12     0.996488    3.37093E-05    1.01816E-04
   13     0.996488    2.27811E-05    2.86038E-05
   14     0.996488    1.56143E-05    1.90452E-05
   15     0.996488    1.15004E-04    1.31257E-05
   16     0.996488    3.06568E-05    7.84537E-05
   17     0.996488    9.74394E-06    3.50139E-05
   18     0.996488    8.35748E-06    8.96085E-06
    1     0.996488    7.25914E-06    8.08225E-06
    1     0.996488    2.90895E-05    7.16718E-05
    2     0.996488    1.95821E-05    1.98828E-05
    3     0.996488    1.65943E-05    1.67901E-05
    4     0.996488    1.51676E-05    1.52230E-05
    5     0.996487    2.45288E-04    1.44415E-05
    6     0.996488    2.98014E-05    2.18771E-04
    7     0.996487    2.12644E-05    1.20052E-04
    8     0.996487    1.70759E-05    2.99626E-05
    9     0.996487    1.30076E-05    1.37423E-05
   10     0.996487    9.21790E-05    1.01130E-05
   11     0.996487    2.48293E-05    6.04945E-05
   12     0.996487    4.12249E-06    2.56804E-05
   13     0.996487    3.11785E-06    3.16133E-06
    1     0.996488    2.41603E-06    3.07066E-06
    1     0.996488    7.00408E-06    2.50038E-05
    2     0.996488    3.88031E-06    6.21545E-06
    2        1195.43                0.99649     3.88031E-06          6.21545E-06           2.52457E-03
    1     0.999873    5.54442E-03    1.97805E-02
    2     0.999986    1.27754E-03    2.65710E-03
    3     0.999995    6.44469E-04    9.52213E-04
    4     0.999996    4.08830E-04    5.15986E-04
    5     1.000009    3.06069E-03    3.42093E-04
    6     1.000003    8.62350E-04    2.60782E-03
    7     1.000012    3.61659E-04    1.49944E-03
    8     1.000013    2.47105E-04    4.29094E-04
    9     1.000013    2.03508E-04    2.12198E-04
   10     1.000017    3.15409E-03    1.81314E-04
   11     1.000013    7.68239E-04    2.38161E-03
   12     1.000015    2.43232E-04    7.59184E-04
   13     1.000015    1.62408E-04    2.05999E-04
   14     1.000015    1.08961E-04    1.34598E-04
   15     1.000016    8.07531E-04    9.07911E-05
   16     1.000015    2.26568E-04    5.60929E-04
   17     1.000016    7.56023E-05    2.51786E-04
   18     1.000017    6.48945E-05    6.54705E-05
   19     1.000017    5.68397E-05    5.73614E-05
   20     1.000016    1.29440E-03    5.16595E-05
    1     1.000015    4.57843E-05    5.41663E-05
    2     1.000015    4.36696E-05    4.40095E-05
    3     1.000015    3.96447E-05    3.98958E-05
    4     1.000015    3.63955E-05    3.66051E-05
    5     1.000013    5.93793E-04    3.38798E-05
    6     1.000013    1.20832E-04    5.06037E-04
    7     1.000013    5.32853E-05    2.89471E-04
    8     1.000013    4.11938E-05    7.52135E-05
    9     1.000013    3.49445E-05    4.04267E-05
   10     1.000013    3.94900E-04    3.24904E-05
   11     1.000012    8.17704E-05    3.07999E-04
   12     1.000013    2.37842E-05    1.59412E-04
   13     1.000013    1.82429E-05    3.06795E-05
   14     1.000013    1.63254E-05    1.68746E-05
   15     1.000012    3.06782E-04    1.54121E-05
   16     1.000012    6.09803E-05    2.68209E-04
   17     1.000012    2.30947E-05    1.54761E-04
   18     1.000012    1.82138E-05    3.69269E-05
   19     1.000012    1.53424E-05    1.84705E-05
   20     1.000012    2.13283E-04    1.44062E-05
    1     1.000015    1.70480E-04    5.06475E-04
    2     1.000016    1.07448E-04    1.10555E-04
    3     1.000016    8.83078E-05    8.95413E-05
    4     1.000016    7.89981E-05    7.93067E-05
    5     1.000013    1.29248E-03    7.45440E-05
    6     1.000015    1.77445E-04    1.14591E-03
    7     1.000013    1.86086E-04    6.31569E-04
    8     1.000012    1.45520E-04    1.47018E-04
    9     1.000012    1.10624E-04    1.12263E-04
   10     1.000013    8.87485E-04    8.49141E-05
   11     1.000013    2.47204E-04    5.82218E-04
   12     1.000013    4.68751E-05    8.80486E-05
   13     1.000013    2.88421E-05    4.05031E-05
   14     1.000013    2.03026E-05    2.44202E-05
   15     1.000013    3.42094E-04    1.77765E-05
   16     1.000013    1.06023E-04    2.45632E-04
   17     1.000013    4.79090E-05    9.61364E-05
   18     1.000013    3.95765E-05    4.01061E-05
   19     1.000013    3.17539E-05    3.22281E-05
   20     1.000013    3.63896E-04    2.52787E-05
    1     1.000015    2.95546E-05    9.58663E-05
    2     1.000014    2.28542E-05    2.76021E-05
    3     1.000014    1.95142E-05    1.96757E-05
    4     1.000014    1.83683E-05    1.84227E-05
    5     1.000016    3.66741E-04    1.75572E-05
    6     1.000015    6.60603E-05    3.30392E-04
    7     1.000016    3.28665E-05    1.80630E-04
    8     1.000016    2.64781E-05    4.09520E-05
    9     1.000016    1.98789E-05    2.03035E-05
   10     1.000016    1.21713E-04    1.64410E-05
   11     1.000016    3.23815E-05    8.92442E-05
   12     1.000016    5.41642E-06    3.70331E-05
   13     1.000016    3.83336E-06    3.96188E-06
    1     1.000015    3.99983E-05    1.52071E-04
    2     1.000015    2.29089E-05    2.67321E-05
    3     1.000015    2.00748E-05    2.02369E-05
    4     1.000015    1.86945E-05    1.87964E-05
    5     1.000015    3.54648E-04    1.77140E-05
    6     1.000015    4.55724E-05    2.97773E-04
    7     1.000016    6.06306E-05    1.48627E-04
    8     1.000016    4.50303E-05    4.56330E-05
    9     1.000016    3.21523E-05    3.27542E-05
   10     1.000016    2.45841E-04    2.29292E-05
   11     1.000016    8.21673E-05    1.48835E-04
   12     1.000016    1.70580E-05    2.28700E-05
   13     1.000016    1.15398E-05    1.23876E-05
   14     1.000016    7.58112E-06    8.67586E-06
    1     1.000015    1.16102E-05    3.86329E-05
    2     1.000015    7.47424E-06    7.56637E-06
    1     1.000015    1.32242E-05    2.86807E-05
    2     1.000015    9.64128E-06    9.64768E-06
    3        1159.43                1.00002     9.64128E-06          9.64768E-06           5.30893E-03
    1     1.000001    2.54372E-05    8.84845E-05
    2     1.000000    9.51549E-06    1.19731E-05
    3     1.000000    8.44133E-06    8.45914E-06
    4        1159.59                1.00000     8.44133E-06          8.45914E-06           8.65393E-03


     Radial Power Distribution
   ==============================
           1       2       3       4       5       6       7       8       9
     9   0.894   1.012   1.148   1.113   1.172   1.121   0.835   0.731   0.000
     8   1.012   1.116   1.162   1.185   1.149   1.088   0.944   0.585   0.000
     7   1.148   1.162   1.196   1.167   1.130   1.010   0.922   0.000   0.000
     6   1.113   1.185   1.167   1.138   1.033   0.984   0.654   0.000   0.000
     5   1.172   1.149   1.130   1.033   0.918   0.722   0.000   0.000   0.000
     4   1.121   1.088   1.010   0.984   0.722   0.000   0.000   0.000   0.000
     3   0.835   0.944   0.922   0.654   0.000   0.000   0.000   0.000   0.000
     2   0.731   0.585   0.000   0.000   0.000   0.000   0.000   0.000   0.000
     1   0.000   0.000   0.000   0.000   0.000   0.000   0.000   0.000   0.000

   MAX POS.       Maximum Value
  (  7,  3)          1.196


     Axial Power Density Distribution
   ====================================

     Plane Number        Power      Height
    -----------------------------------------
        18  (Top)        0.000      427.30
        17               0.020      397.30
        16               0.041      389.30
        15               0.080      376.50
        14               0.198      363.70
        13               0.430      333.70
        12               0.684      303.70
        11               0.958      273.70
        10               1.267      243.70
         9               1.629      213.70
         8               2.005      183.70
         7               2.231      153.70
         6               2.202      123.70
         5               1.801       93.70
         4               1.215       63.70
         3               0.763       48.70
         2               0.475       37.70
         1  (Bottom)     0.000       30.00

   MAX POS.       Maximum Value
    (  7)             2.231

     Radial Flux Distribution
   ==============================
    Group :   1
             1          2          3          4          5          6          7          8          9
     9   2.042E-02  2.212E-02  2.424E-02  2.431E-02  2.471E-02  2.312E-02  1.880E-02  1.295E-02  1.840E-03 
     8   2.212E-02  2.352E-02  2.464E-02  2.500E-02  2.436E-02  2.291E-02  1.888E-02  1.050E-02  1.372E-03 
     7   2.424E-02  2.464E-02  2.524E-02  2.475E-02  2.375E-02  2.168E-02  1.671E-02  3.852E-03  3.330E-04 
     6   2.431E-02  2.500E-02  2.475E-02  2.391E-02  2.197E-02  1.935E-02  1.170E-02  1.654E-03  0.000E+00 
     5   2.471E-02  2.436E-02  2.375E-02  2.197E-02  1.895E-02  1.282E-02  3.223E-03  3.456E-04  0.000E+00 
     4   2.312E-02  2.291E-02  2.168E-02  1.935E-02  1.282E-02  3.347E-03  4.279E-04  0.000E+00  0.000E+00 
     3   1.880E-02  1.888E-02  1.671E-02  1.170E-02  3.223E-03  4.279E-04  0.000E+00  0.000E+00  0.000E+00 
     2   1.295E-02  1.050E-02  3.852E-03  1.654E-03  3.456E-04  0.000E+00  0.000E+00  0.000E+00  0.000E+00 
     1   1.840E-03  1.372E-03  3.330E-04  0.000E+00  0.000E+00  0.000E+00  0.000E+00  0.000E+00  0.000E+00 

    Group :   2
             1          2          3          4          5          6          7          8          9
     9   2.151E-02  2.042E-02  2.763E-02  2.245E-02  2.832E-02  2.271E-02  2.014E-02  1.277E-02  8.211E-04 
     8   2.042E-02  2.686E-02  2.344E-02  2.857E-02  2.321E-02  2.621E-02  1.644E-02  1.013E-02  6.123E-04 
     7   2.763E-02  2.344E-02  2.877E-02  2.353E-02  2.716E-02  2.025E-02  1.594E-02  1.543E-03  1.347E-04 
     6   2.245E-02  2.857E-02  2.353E-02  2.734E-02  2.071E-02  1.696E-02  1.125E-02  7.333E-04  0.000E+00 
     5   2.832E-02  2.321E-02  2.716E-02  2.071E-02  2.194E-02  1.243E-02  1.297E-03  1.397E-04  0.000E+00 
     4   2.271E-02  2.621E-02  2.025E-02  1.696E-02  1.243E-02  1.351E-03  1.724E-04  0.000E+00  0.000E+00 
     3   2.014E-02  1.644E-02  1.594E-02  1.125E-02  1.297E-03  1.724E-04  0.000E+00  0.000E+00  0.000E+00 
     2   1.277E-02  1.013E-02  1.543E-03  7.333E-04  1.397E-04  0.000E+00  0.000E+00  0.000E+00  0.000E+00 
     1   8.211E-04  6.123E-04  1.347E-04  0.000E+00  0.000E+00  0.000E+00  0.000E+00  0.000E+00  0.000E+00 


   HEAT FLUX HOT CHANNEL FACTOR :  2.250

  AVERAGE DOPPLER TEMPERATURE     :   812.9 K (  539.8 C)
  MAX FUEL CENTERLINE TEMPERATURE :  1946.1 K ( 1672.9 C)
  AVERAGE MODERATOR TEMPERATURE   :   576.1 K (  302.9 C)
  MAXIMUM MODERATOR TEMPERATURE   :   603.7 K (  330.5 C)
