                                                                                
      /\               /\                                                       
     //\\             //\\                                                      
    //**\\           //**\\                                                     
   //****\\         //****\\                                                    
  //******\\       //******\\   ____                   _   _           _        
  ---------   /*\   ---------  / __ \                 | \ | |         | |       
             (***)            | |  | |_ __   ___ _ __ |  \| | ___   __| | ___   
              \*/             | |  | | "_ \ / _ \ "_ \| . ` |/ _"\ / _" |/ _ \  
                              | |__| | |_) |  __/ | | | |\  | |_) | (_| |  __/  
              //\\             \____/| .__/ \___)_| |_|_| \_|\___/ \___/ \___|  
             //**\\                  | |                                        
            //****\\                 |_|                                        
           //******\\                                                           
           ----------                                                           
                                                                                
 ____________________________________________________________
          | The OpenNode, Nodal Methods for Neutron Diffusion
 Version  | Version Number: 1.1                              
 Copyright| 2021 Radiation & Nuclear System Laboratory       
          | University Abdelmalk Essaadi                     
          | Faculty of Sciences, Tetouan, Morocco            
 Source   | FORTRAN90 version                                
 GUI      | PyQt5                                            
 Method   | The Nodal Expansion Method (NEM)                 
 Dimension| Three Dimensions (3D)                            
 Geometry | Cartesian                                        
 ____________________________________________________________
                        =====================
   Calculation Mode :    Forward Calculation 
   ----------------     =====================

            --------------------------------------------
            >>>> Writing Macroscopic Cross Sections <<<<
            --------------------------------------------
     Material  1
    Group   Transport    Diffusion  Absorption    Removal      Nu*Fiss      Kap*Fis    Fiss. Spctr
       1     0.222222    1.500002    0.010000    0.030000     0.000000     0.000000     1.000000
       2     0.833333    0.400000    0.080000    0.080000     0.135000     0.135000     0.000000
         --Scattering Matrix--
           G/G'          1          2
            1        0.000000    0.020000
            2        0.000000    0.000000
     Material  2
    Group   Transport    Diffusion  Absorption    Removal      Nu*Fiss      Kap*Fis    Fiss. Spctr
       1     0.222222    1.500002    0.010000    0.030000     0.000000     0.000000     1.000000
       2     0.833333    0.400000    0.085000    0.085000     0.135000     0.135000     0.000000
         --Scattering Matrix--
           G/G'          1          2
            1        0.000000    0.020000
            2        0.000000    0.000000
     Material  3
    Group   Transport    Diffusion  Absorption    Removal      Nu*Fiss      Kap*Fis    Fiss. Spctr
       1     0.222222    1.500002    0.010000    0.030000     0.000000     0.000000     1.000000
       2     0.833333    0.400000    0.130000    0.130000     0.135000     0.135000     0.000000
         --Scattering Matrix--
           G/G'          1          2
            1        0.000000    0.020000
            2        0.000000    0.000000
     Material  4
    Group   Transport    Diffusion  Absorption    Removal      Nu*Fiss      Kap*Fis    Fiss. Spctr
       1     0.166667    1.999996    0.000000    0.040000     0.000000     0.000000     0.000000
       2     1.111111    0.300000    0.010000    0.010000     0.000000     0.000000     0.000000
         --Scattering Matrix--
           G/G'          1          2
            1        0.000000    0.040000
            2        0.000000    0.000000
     Material  5
    Group   Transport    Diffusion  Absorption    Removal      Nu*Fiss      Kap*Fis    Fiss. Spctr
       1     0.166667    1.999996    0.000000    0.040000     0.000000     0.000000     0.000000
       2     1.111111    0.300000    0.055000    0.055000     0.000000     0.000000     0.000000
         --Scattering Matrix--
           G/G'          1          2
            1        0.000000    0.040000
            2        0.000000    0.000000

            -------------------------------
            >>>>>Wrting Core Geometry<<<<<
            -------------------------------
  Number of Assembly in x, y and z Directions Respectively :
           9           9          19
  Number of Nodes in x, y and z Directions Respectively :
          17          17          19

  x-Directed Nodes Divison (Delta-x)
    10.00  10.00  10.00  10.00  10.00  10.00  10.00  10.00  10.00  10.00
    10.00  10.00  10.00  10.00  10.00  10.00  10.00
  y-Directed Nodes Divison (Delta-y)
    10.00  10.00  10.00  10.00  10.00  10.00  10.00  10.00  10.00  10.00
    10.00  10.00  10.00  10.00  10.00  10.00  10.00
  Planar Region :  1
        1  2  3  4  5  6  7  8  9 10 11 12 13 14 15 16 17
    17  4  4  4  4  4  4  4  4  4  4  4  4  4  4  4  4  4 
    16  4  4  4  4  4  4  4  4  4  4  4  4  4  4  4  4  4 
    15  4  4  4  4  4  4  4  4  4  4  4  4  4  4  4  4  4 
    14  4  4  4  4  4  4  4  4  4  4  4  4  4  4  4  4  4 
    13  4  4  4  4  4  4  4  4  4  4  4  4  4  4  4  4  4 
    12  4  4  4  4  4  4  4  4  4  4  4  4  4  4  4  4  4 
    11  4  4  4  4  4  4  4  4  4  4  4  4  4  4  4  4  4 
    10  4  4  4  4  4  4  4  4  4  4  4  4  4  4  4       
     9  4  4  4  4  4  4  4  4  4  4  4  4  4  4  4       
     8  4  4  4  4  4  4  4  4  4  4  4  4  4  4  4       
     7  4  4  4  4  4  4  4  4  4  4  4  4  4  4  4       
     6  4  4  4  4  4  4  4  4  4  4  4  4  4             
     5  4  4  4  4  4  4  4  4  4  4  4  4  4             
     4  4  4  4  4  4  4  4  4  4  4  4                   
     3  4  4  4  4  4  4  4  4  4  4  4                   
     2  4  4  4  4  4  4  4                               
     1  4  4  4  4  4  4  4                               
  Planar Region :  2
        1  2  3  4  5  6  7  8  9 10 11 12 13 14 15 16 17
    17  3  2  2  2  2  2  2  3  3  2  2  2  2  1  1  4  4 
    16  2  2  2  2  2  2  2  2  2  2  2  2  2  1  1  4  4 
    15  2  2  2  2  2  2  2  2  2  2  2  2  2  1  1  4  4 
    14  2  2  2  2  2  2  2  2  2  2  2  1  1  1  1  4  4 
    13  2  2  2  2  2  2  2  2  2  2  2  1  1  1  1  4  4 
    12  2  2  2  2  2  2  2  2  2  2  2  1  1  4  4  4  4 
    11  2  2  2  2  2  2  2  2  2  2  2  1  1  4  4  4  4 
    10  3  2  2  2  2  2  2  3  3  1  1  1  1  4  4       
     9  3  2  2  2  2  2  2  3  3  1  1  1  1  4  4       
     8  2  2  2  2  2  2  2  1  1  1  1  4  4  4  4       
     7  2  2  2  2  2  2  2  1  1  1  1  4  4  4  4       
     6  2  2  2  1  1  1  1  1  1  4  4  4  4             
     5  2  2  2  1  1  1  1  1  1  4  4  4  4             
     4  1  1  1  1  1  4  4  4  4  4  4                   
     3  1  1  1  1  1  4  4  4  4  4  4                   
     2  4  4  4  4  4  4  4                               
     1  4  4  4  4  4  4  4                               
  Planar Region :  3
        1  2  3  4  5  6  7  8  9 10 11 12 13 14 15 16 17
    17  3  2  2  2  2  2  2  3  3  2  2  2  2  1  1  4  4 
    16  2  2  2  2  2  2  2  2  2  2  2  2  2  1  1  4  4 
    15  2  2  2  2  2  2  2  2  2  2  2  2  2  1  1  4  4 
    14  2  2  2  2  2  2  2  2  2  2  2  1  1  1  1  4  4 
    13  2  2  2  2  2  2  2  2  2  2  2  1  1  1  1  4  4 
    12  2  2  2  2  2  2  2  2  2  2  2  1  1  4  4  4  4 
    11  2  2  2  2  2  2  2  2  2  2  2  1  1  4  4  4  4 
    10  3  2  2  2  2  2  2  3  3  1  1  1  1  4  4       
     9  3  2  2  2  2  2  2  3  3  1  1  1  1  4  4       
     8  2  2  2  2  2  2  2  1  1  1  1  4  4  4  4       
     7  2  2  2  2  2  2  2  1  1  1  1  4  4  4  4       
     6  2  2  2  1  1  1  1  1  1  4  4  4  4             
     5  2  2  2  1  1  1  1  1  1  4  4  4  4             
     4  1  1  1  1  1  4  4  4  4  4  4                   
     3  1  1  1  1  1  4  4  4  4  4  4                   
     2  4  4  4  4  4  4  4                               
     1  4  4  4  4  4  4  4                               
  Planar Region :  4
        1  2  3  4  5  6  7  8  9 10 11 12 13 14 15 16 17
    17  3  2  2  2  2  2  2  3  3  2  2  2  2  1  1  4  4 
    16  2  2  2  2  2  2  2  2  2  2  2  2  2  1  1  4  4 
    15  2  2  2  2  2  2  2  2  2  2  2  2  2  1  1  4  4 
    14  2  2  2  2  2  2  2  2  2  2  2  1  1  1  1  4  4 
    13  2  2  2  2  2  2  2  2  2  2  2  1  1  1  1  4  4 
    12  2  2  2  2  2  2  2  2  2  2  2  1  1  4  4  4  4 
    11  2  2  2  2  2  2  2  2  2  2  2  1  1  4  4  4  4 
    10  3  2  2  2  2  2  2  3  3  1  1  1  1  4  4       
     9  3  2  2  2  2  2  2  3  3  1  1  1  1  4  4       
     8  2  2  2  2  2  2  2  1  1  1  1  4  4  4  4       
     7  2  2  2  2  2  2  2  1  1  1  1  4  4  4  4       
     6  2  2  2  1  1  1  1  1  1  4  4  4  4             
     5  2  2  2  1  1  1  1  1  1  4  4  4  4             
     4  1  1  1  1  1  4  4  4  4  4  4                   
     3  1  1  1  1  1  4  4  4  4  4  4                   
     2  4  4  4  4  4  4  4                               
     1  4  4  4  4  4  4  4                               

  Planar Region Assignment to Planes.
 -------------------------------------
   Plane Number     Planar Region    Delta-z
       19 (Top)            4          20.00
       18                  3          20.00
       17                  3          20.00
       16                  3          20.00
       15                  3          20.00
       14                  2          20.00
       13                  2          20.00
       12                  2          20.00
       11                  2          20.00
       10                  2          20.00
        9                  2          20.00
        8                  2          20.00
        7                  2          20.00
        6                  2          20.00
        5                  2          20.00
        4                  2          20.00
        3                  2          20.00
        2                  2          20.00
        1 (Bottom)         1          20.00

   Boundary Conditions
   -------------------
  X-Directed West   : Reflective
  X-Directed East   : Zero Incoming Current
  Y-Directed North  : Reflective
  Y-Directed South  : Zero Incoming Current
  Z-Directed Bottom : Zero Incoming Current
  Z-Directed Top    : Zero Incoming Current

  ...Core Geometry is Sucessfully Read...
     ---------------------------------


  ================================================================================================
                                        Calculation Results
  ================================================================================================

   Iteration    Keff     FissSrc Error   Inner Error
  ----------------------------------------------------
       1       1.224235    2.23057E+00    5.12181E+00
       2       1.197868    1.00000E+00    1.16900E+01
       3       1.098047    2.83488E-01    2.14364E+00
       4       1.048855    1.82296E-01    6.28251E-01
     ...Fission Source Extrapolated...
       5       1.007230    2.96430E-01    5.26572E-01
       6       1.020057    2.74718E-02    4.40400E-01
       7       1.017242    9.39876E-02    3.70244E-01
       8       1.016423    8.71170E-02    3.02638E-01
       9       1.016531    7.97972E-02    2.44831E-01
     ...Fission Source Extrapolated...
      10       1.023763    4.30753E+02    1.97515E-01
      11       1.022027    1.06178E+00    1.91560E+00
      12       1.023733    4.36384E-02    1.00092E+00
      13       1.023530    3.52277E-02    1.95267E-01
      14       1.023348    3.65021E-02    1.43596E-01
     ...Fission Source Extrapolated...
      15       1.021345    3.92861E+01    1.14434E-01
      16       1.025281    1.13688E+00    1.57044E+00
      17       1.026033    6.49889E-02    7.68796E-01
      18       1.025929    2.25112E-02    1.41498E-01
      19       1.025887    1.89879E-02    9.82609E-02
     ...Fission Source Extrapolated...
      20       1.026512    1.26068E+00    7.62185E-02
      21       1.027168    4.38058E-01    4.95764E-01
      22       1.027537    2.45629E-02    3.38102E-01
      23       1.027411    1.49757E-02    7.91011E-02
      24       1.027308    1.19390E-02    5.18133E-02
     ...Fission Source Extrapolated...
      25       1.025684    3.77535E-01    3.81025E-02
      26       1.027326    1.74184E-01    1.72944E-01
      27       1.027425    2.54122E-02    1.06870E-01
      28       1.027456    1.61905E-02    3.29161E-02
      29       1.027502    1.24499E-02    2.47633E-02
     ...Fission Source Extrapolated...
      30       1.028536    2.74366E-01    2.05668E-02
      31       1.028002    1.37853E-01    1.52861E-01
      32       1.028157    1.09867E-02    1.13579E-01
      33       1.028136    7.37225E-03    2.92470E-02
      34       1.028115    6.15681E-03    1.96570E-02
     ...Fission Source Extrapolated...
      35       1.027710    2.64998E-01    1.51705E-02
      36       1.028247    1.38538E-01    1.40422E-01
      37       1.028337    1.81518E-02    9.18092E-02
      38       1.028346    1.04230E-02    2.46726E-02
      39       1.028364    7.86007E-03    1.73533E-02
     ...Fission Source Extrapolated...
      40       1.028690    1.07842E-01    1.40828E-02
      41       1.028554    5.71951E-02    6.19655E-02
      42       1.028612    4.83366E-03    4.76034E-02
      43       1.028608    3.63153E-03    1.51366E-02
      44       1.028604    3.44960E-03    1.04612E-02
     ...Fission Source Extrapolated...
      45       1.028578    1.82546E-01    8.16737E-03
      46       1.028724    1.01079E-01    1.04977E-01
      47       1.028785    1.03133E-02    7.54733E-02
      48       1.028784    5.12527E-03    1.76098E-02
      49       1.028787    3.83081E-03    1.17124E-02
     ...Fission Source Extrapolated...
      50       1.028883    5.57167E-02    9.19382E-03
      51       1.028862    3.09508E-02    3.14017E-02
      52       1.028885    2.38989E-03    2.41052E-02
      53       1.028882    1.86260E-03    8.37902E-03
      54       1.028880    1.83266E-03    5.79814E-03
     ...Fission Source Extrapolated...
      55       1.028863    9.04608E-02    4.49948E-03
      56       1.028930    5.19699E-02    5.45297E-02
      57       1.028956    5.08918E-03    3.97384E-02
      58       1.028955    2.49056E-03    9.31604E-03
      59       1.028956    1.87847E-03    6.12362E-03
     ...Fission Source Extrapolated...
      60       1.029003    3.31025E-02    4.75460E-03
      61       1.028993    1.91819E-02    1.87231E-02
      62       1.029003    1.41673E-03    1.42318E-02
      63       1.029002    1.02848E-03    4.58384E-03
      64       1.029000    9.54263E-04    3.09628E-03
     ...Fission Source Extrapolated...
      65       1.028963    4.79696E-02    2.37345E-03
      66       1.029014    2.82058E-02    2.95117E-02
      67       1.029023    3.05534E-03    2.15419E-02
      68       1.029024    1.60830E-03    4.98606E-03
      69       1.029026    1.20151E-03    3.26397E-03
     ...Fission Source Extrapolated...
      70       1.029056    1.54389E-02    2.54533E-03
      71       1.029044    8.84199E-03    8.76345E-03
      72       1.029048    7.33412E-04    6.70519E-03
      73       1.029048    5.52756E-04    2.29956E-03
      74       1.029047    5.18263E-04    1.57520E-03
     ...Fission Source Extrapolated...
      75       1.029017    4.22730E-02    1.21499E-03
      76       1.029054    2.52040E-02    2.63710E-02
      77       1.029060    2.61805E-03    1.91276E-02
      78       1.029061    1.28328E-03    4.04887E-03
      79       1.029062    9.12077E-04    2.50631E-03
     ...Fission Source Extrapolated...
      80       1.029072    4.96823E-03    1.91701E-03
      81       1.029069    2.13455E-03    2.55572E-03
      82       1.029070    2.92201E-04    1.90245E-03
      83       1.029071    2.82875E-04    1.17105E-03
      84       1.029071    2.70086E-04    8.66060E-04
     ...Fission Source Extrapolated...
      85       1.029094    3.38571E-02    6.80045E-04
      86       1.029085    2.13040E-02    2.00319E-02
      87       1.029088    1.03192E-03    1.47173E-02
      88       1.029087    3.38850E-04    2.88085E-03
      89       1.029085    2.89037E-04    1.64350E-03
     ...Fission Source Extrapolated...
      90       1.029072    2.80351E-03    1.17111E-03
      91       1.029082    1.62709E-03    1.42593E-03
      92       1.029081    1.71419E-04    1.10101E-03
      93       1.029081    1.17710E-04    5.44538E-04
      94       1.029081    1.15792E-04    4.01167E-04
     ...Fission Source Extrapolated...
      95       1.029093    1.53476E-02    3.10174E-04
      96       1.029084    9.85363E-03    9.05076E-03
      97       1.029084    5.13842E-04    6.70837E-03
      98       1.029084    2.59743E-04    1.23622E-03
      99       1.029084    1.83012E-04    7.15298E-04
     ...Fission Source Extrapolated...
     100       1.029082    6.31509E-04    4.40068E-04
     101       1.029083    3.02967E-04    3.36719E-04
     102       1.029082    4.21915E-05    2.41841E-04
     103       1.029082    3.64255E-05    1.73599E-04
     104       1.029082    3.42011E-05    1.29098E-04
     ...Fission Source Extrapolated...
     105       1.029075    6.52205E-03    9.91083E-05
     106       1.029080    4.33254E-03    3.78013E-03
     107       1.029080    2.85651E-04    2.77264E-03
     108       1.029081    1.80441E-04    5.83033E-04
     109       1.029081    1.56599E-04    3.16509E-04
     ...Fission Source Extrapolated...
     110       1.029084    8.10185E-04    2.49106E-04
     111       1.029083    3.40580E-04    4.75982E-04
     112       1.029083    6.99334E-05    3.87195E-04
     113       1.029083    6.35193E-05    1.92874E-04
     114       1.029083    5.64539E-05    1.46263E-04
     ...Fission Source Extrapolated...
     115       1.029084    6.79644E-04    1.17603E-04
     116       1.029084    3.83526E-04    3.92551E-04
     117       1.029084    1.28481E-05    3.08311E-04
     118       1.029084    1.29666E-05    1.02608E-04
     119       1.029084    1.31875E-05    6.86444E-05
     ...Fission Source Extrapolated...
     120       1.029081    1.99281E-03    5.10737E-05
     121       1.029084    1.37443E-03    1.05682E-03
     122       1.029084    6.81202E-05    7.96631E-04
     123       1.029084    3.25052E-05    1.63100E-04
     124       1.029084    2.18160E-05    1.03136E-04
     ...Fission Source Extrapolated...
     125       1.029083    1.44554E-04    4.91108E-05
     126       1.029084    6.90619E-05    8.48689E-05
     127       1.029084    1.01182E-05    6.36611E-05
     128       1.029084    7.38376E-06    2.25069E-05
     129       1.029084    6.47998E-06    1.09948E-05
     ...Fission Source Extrapolated...
     130       1.029083    1.12859E-04    8.67803E-06
     131       1.029084    6.31070E-05    7.25084E-05
     132       1.029084    5.44682E-06    5.30024E-05
     133       1.029084    2.27399E-06    1.26377E-05
     134       1.029084    2.05751E-06    8.46941E-06

 ***********************************************
Effective Factor Multiplication : Keff = 1.029084
 ***********************************************


     Radial Power Distribution
   ==============================
           1       2       3       4       5       6       7       8       9
     9   0.727   1.277   1.418   1.191   0.610   0.953   0.960   0.779   0.000
     8   1.277   1.392   1.427   1.287   1.070   1.055   0.976   0.759   0.000
     7   1.418   1.427   1.365   1.308   1.179   1.089   1.001   0.713   0.000
     6   1.191   1.287   1.308   1.176   0.971   0.924   0.868   0.000   0.000
     5   0.610   1.070   1.179   0.971   0.476   0.701   0.613   0.000   0.000
     4   0.953   1.055   1.089   0.924   0.701   0.600   0.000   0.000   0.000
     3   0.960   0.976   1.001   0.868   0.613   0.000   0.000   0.000   0.000
     2   0.779   0.759   0.713   0.000   0.000   0.000   0.000   0.000   0.000
     1   0.000   0.000   0.000   0.000   0.000   0.000   0.000   0.000   0.000

   MAX POS.       Maximum Value
  (  8,  3)          1.427


     Axial Power Density Distribution
   ====================================

     Plane Number        Power      Height
    -----------------------------------------
        19  (Top)        0.000      380.00
        18               0.194      360.00
        17               0.352      340.00
        16               0.539      320.00
        15               0.744      300.00
        14               0.976      280.00
        13               1.183      260.00
        12               1.350      240.00
        11               1.471      220.00
        10               1.540      200.00
         9               1.555      180.00
         8               1.515      160.00
         7               1.421      140.00
         6               1.276      120.00
         5               1.086      100.00
         4               0.857       80.00
         3               0.597       60.00
         2               0.346       40.00
         1  (Bottom)     0.000       20.00

   MAX POS.       Maximum Value
    (  9)             1.555

     Radial Flux Distribution
   ==============================
    Group :   1
             1          2          3          4          5          6          7          8          9
     9   1.897E-02  2.445E-02  2.679E-02  2.278E-02  1.592E-02  1.827E-02  1.810E-02  1.256E-02  2.085E-03 
     8   2.445E-02  2.633E-02  2.699E-02  2.434E-02  2.049E-02  1.994E-02  1.836E-02  1.226E-02  1.991E-03 
     7   2.679E-02  2.699E-02  2.631E-02  2.474E-02  2.228E-02  2.052E-02  1.788E-02  1.028E-02  1.506E-03 
     6   2.278E-02  2.434E-02  2.474E-02  2.224E-02  1.858E-02  1.738E-02  1.388E-02  3.669E-03  4.439E-04 
     5   1.592E-02  2.049E-02  2.228E-02  1.858E-02  1.237E-02  1.272E-02  8.876E-03  1.494E-03  0.000E+00 
     4   1.827E-02  1.994E-02  2.052E-02  1.738E-02  1.272E-02  8.607E-03  2.457E-03  3.572E-04  0.000E+00 
     3   1.810E-02  1.836E-02  1.788E-02  1.388E-02  8.876E-03  2.457E-03  4.011E-04  0.000E+00  0.000E+00 
     2   1.256E-02  1.226E-02  1.028E-02  3.669E-03  1.494E-03  3.572E-04  0.000E+00  0.000E+00  0.000E+00 
     1   2.085E-03  1.991E-03  1.506E-03  4.439E-04  0.000E+00  0.000E+00  0.000E+00  0.000E+00  0.000E+00 

    Group :   2
             1          2          3          4          5          6          7          8          9
     9   1.102E-02  1.915E-02  2.125E-02  1.786E-02  9.242E-03  1.434E-02  1.445E-02  1.164E-02  1.612E-02 
     8   1.915E-02  2.086E-02  2.136E-02  1.930E-02  1.607E-02  1.586E-02  1.468E-02  1.134E-02  1.533E-02 
     7   2.125E-02  2.136E-02  2.031E-02  1.959E-02  1.771E-02  1.637E-02  1.500E-02  1.063E-02  1.178E-02 
     6   1.786E-02  1.930E-02  1.959E-02  1.764E-02  1.459E-02  1.388E-02  1.297E-02  2.513E-02  5.687E-03 
     5   9.242E-03  1.607E-02  1.771E-02  1.459E-02  7.212E-03  1.051E-02  9.134E-03  1.215E-02  0.000E+00 
     4   1.434E-02  1.586E-02  1.637E-02  1.388E-02  1.051E-02  8.937E-03  1.678E-02  4.524E-03  0.000E+00 
     3   1.445E-02  1.468E-02  1.500E-02  1.297E-02  9.134E-03  1.678E-02  5.171E-03  0.000E+00  0.000E+00 
     2   1.164E-02  1.134E-02  1.063E-02  2.513E-02  1.215E-02  4.524E-03  0.000E+00  0.000E+00  0.000E+00 
     1   1.612E-02  1.533E-02  1.178E-02  5.687E-03  0.000E+00  0.000E+00  0.000E+00  0.000E+00  0.000E+00 


 Total Time :    36.0937500     Seconds
