           0         100
        380.00     0.000
        360.00     0.193
        340.00     0.352
        320.00     0.539
        300.00     0.744
        280.00     0.976
        260.00     1.183
        240.00     1.350
        220.00     1.471
        200.00     1.540
        180.00     1.555
        160.00     1.515
        140.00     1.421
        120.00     1.276
        100.00     1.086
         80.00     0.857
         60.00     0.597
         40.00     0.346
         20.00     0.000
