                                                                                
      /\               /\                                                       
     //\\             //\\                                                      
    //**\\           //**\\                                                     
   //****\\         //****\\                                                    
  //******\\       //******\\   ____                   _   _           _        
  ---------   /*\   ---------  / __ \                 | \ | |         | |       
             (***)            | |  | |_ __   ___ _ __ |  \| | ___   __| | ___   
              \*/             | |  | | "_ \ / _ \ "_ \| . ` |/ _"\ / _" |/ _ \  
                              | |__| | |_) |  __/ | | | |\  | |_) | (_| |  __/  
              //\\             \____/| .__/ \___)_| |_|_| \_|\___/ \___/ \___|  
             //**\\                  | |                                        
            //****\\                 |_|                                        
           //******\\                                                           
           ----------                                                           
                                                                                
 ____________________________________________________________
          | The OpenNode, Nodal Methods for Neutron Diffusion
 Version  | Version Number: 1.1                              
 Copyright| 2021 Radiation & Nuclear System Laboratory       
          | University Abdelmalk Essaadi                     
          | Faculty of Sciences, Tetouan, Morocco            
 Source   | FORTRAN90 version                                
 GUI      | PyQt5                                            
 Method   | The Nodal Expansion Method (NEM)                 
 Dimension| Three Dimensions (3D)                            
 Geometry | Cartesian                                        
 ____________________________________________________________
                        =====================
   Calculation Mode :    Forward Calculation 
   ----------------     =====================

            --------------------------------------------
            >>>> Writing Macroscopic Cross Sections <<<<
            --------------------------------------------
     Material  1
    Group   Transport    Diffusion  Absorption    Removal      Nu*Fiss      Kap*Fis    Fiss. Spctr
       1     0.222222    1.500002    0.010000    0.030000     0.000000     0.000000     1.000000
       2     0.833333    0.400000    0.080000    0.080000     0.135000     0.135000     0.000000
         --Scattering Matrix--
           G/G'          1          2
            1        0.000000    0.020000
            2        0.000000    0.000000
     Material  2
    Group   Transport    Diffusion  Absorption    Removal      Nu*Fiss      Kap*Fis    Fiss. Spctr
       1     0.222222    1.500002    0.010000    0.030000     0.000000     0.000000     1.000000
       2     0.833333    0.400000    0.085000    0.085000     0.135000     0.135000     0.000000
         --Scattering Matrix--
           G/G'          1          2
            1        0.000000    0.020000
            2        0.000000    0.000000
     Material  3
    Group   Transport    Diffusion  Absorption    Removal      Nu*Fiss      Kap*Fis    Fiss. Spctr
       1     0.222222    1.500002    0.010000    0.030000     0.000000     0.000000     1.000000
       2     0.833333    0.400000    0.130000    0.130000     0.135000     0.135000     0.000000
         --Scattering Matrix--
           G/G'          1          2
            1        0.000000    0.020000
            2        0.000000    0.000000
     Material  4
    Group   Transport    Diffusion  Absorption    Removal      Nu*Fiss      Kap*Fis    Fiss. Spctr
       1     0.166667    1.999996    0.000000    0.040000     0.000000     0.000000     0.000000
       2     1.111111    0.300000    0.010000    0.010000     0.000000     0.000000     0.000000
         --Scattering Matrix--
           G/G'          1          2
            1        0.000000    0.040000
            2        0.000000    0.000000
     Material  5
    Group   Transport    Diffusion  Absorption    Removal      Nu*Fiss      Kap*Fis    Fiss. Spctr
       1     0.166667    1.999996    0.000000    0.040000     0.000000     0.000000     0.000000
       2     1.111111    0.300000    0.055000    0.055000     0.000000     0.000000     0.000000
         --Scattering Matrix--
           G/G'          1          2
            1        0.000000    0.040000
            2        0.000000    0.000000

            -------------------------------
            >>>>>Wrting Core Geometry<<<<<
            -------------------------------
  Number of Assembly in x, y and z Directions Respectively :
           9           9          19
  Number of Nodes in x, y and z Directions Respectively :
          34          34          19

  x-Directed Nodes Divison (Delta-x)
     5.00   5.00   5.00   5.00   5.00   5.00   5.00   5.00   5.00   5.00
     5.00   5.00   5.00   5.00   5.00   5.00   5.00   5.00   5.00   5.00
     5.00   5.00   5.00   5.00   5.00   5.00   5.00   5.00   5.00   5.00
     5.00   5.00   5.00   5.00
  y-Directed Nodes Divison (Delta-y)
     5.00   5.00   5.00   5.00   5.00   5.00   5.00   5.00   5.00   5.00
     5.00   5.00   5.00   5.00   5.00   5.00   5.00   5.00   5.00   5.00
     5.00   5.00   5.00   5.00   5.00   5.00   5.00   5.00   5.00   5.00
     5.00   5.00   5.00   5.00
  Planar Region :  1
        1  2  3  4  5  6  7  8  9 10 11 12 13 14 15 16 17 18 19 20 21 22 23 24 25 26 27 28 29 30 31 32 33 34
    34  4  4  4  4  4  4  4  4  4  4  4  4  4  4  4  4  4  4  4  4  4  4  4  4  4  4  4  4  4  4  4  4  4  4 
    33  4  4  4  4  4  4  4  4  4  4  4  4  4  4  4  4  4  4  4  4  4  4  4  4  4  4  4  4  4  4  4  4  4  4 
    32  4  4  4  4  4  4  4  4  4  4  4  4  4  4  4  4  4  4  4  4  4  4  4  4  4  4  4  4  4  4  4  4  4  4 
    31  4  4  4  4  4  4  4  4  4  4  4  4  4  4  4  4  4  4  4  4  4  4  4  4  4  4  4  4  4  4  4  4  4  4 
    30  4  4  4  4  4  4  4  4  4  4  4  4  4  4  4  4  4  4  4  4  4  4  4  4  4  4  4  4  4  4  4  4  4  4 
    29  4  4  4  4  4  4  4  4  4  4  4  4  4  4  4  4  4  4  4  4  4  4  4  4  4  4  4  4  4  4  4  4  4  4 
    28  4  4  4  4  4  4  4  4  4  4  4  4  4  4  4  4  4  4  4  4  4  4  4  4  4  4  4  4  4  4  4  4  4  4 
    27  4  4  4  4  4  4  4  4  4  4  4  4  4  4  4  4  4  4  4  4  4  4  4  4  4  4  4  4  4  4  4  4  4  4 
    26  4  4  4  4  4  4  4  4  4  4  4  4  4  4  4  4  4  4  4  4  4  4  4  4  4  4  4  4  4  4  4  4  4  4 
    25  4  4  4  4  4  4  4  4  4  4  4  4  4  4  4  4  4  4  4  4  4  4  4  4  4  4  4  4  4  4  4  4  4  4 
    24  4  4  4  4  4  4  4  4  4  4  4  4  4  4  4  4  4  4  4  4  4  4  4  4  4  4  4  4  4  4  4  4  4  4 
    23  4  4  4  4  4  4  4  4  4  4  4  4  4  4  4  4  4  4  4  4  4  4  4  4  4  4  4  4  4  4  4  4  4  4 
    22  4  4  4  4  4  4  4  4  4  4  4  4  4  4  4  4  4  4  4  4  4  4  4  4  4  4  4  4  4  4  4  4  4  4 
    21  4  4  4  4  4  4  4  4  4  4  4  4  4  4  4  4  4  4  4  4  4  4  4  4  4  4  4  4  4  4  4  4  4  4 
    20  4  4  4  4  4  4  4  4  4  4  4  4  4  4  4  4  4  4  4  4  4  4  4  4  4  4  4  4  4  4             
    19  4  4  4  4  4  4  4  4  4  4  4  4  4  4  4  4  4  4  4  4  4  4  4  4  4  4  4  4  4  4             
    18  4  4  4  4  4  4  4  4  4  4  4  4  4  4  4  4  4  4  4  4  4  4  4  4  4  4  4  4  4  4             
    17  4  4  4  4  4  4  4  4  4  4  4  4  4  4  4  4  4  4  4  4  4  4  4  4  4  4  4  4  4  4             
    16  4  4  4  4  4  4  4  4  4  4  4  4  4  4  4  4  4  4  4  4  4  4  4  4  4  4  4  4  4  4             
    15  4  4  4  4  4  4  4  4  4  4  4  4  4  4  4  4  4  4  4  4  4  4  4  4  4  4  4  4  4  4             
    14  4  4  4  4  4  4  4  4  4  4  4  4  4  4  4  4  4  4  4  4  4  4  4  4  4  4  4  4  4  4             
    13  4  4  4  4  4  4  4  4  4  4  4  4  4  4  4  4  4  4  4  4  4  4  4  4  4  4  4  4  4  4             
    12  4  4  4  4  4  4  4  4  4  4  4  4  4  4  4  4  4  4  4  4  4  4  4  4  4  4                         
    11  4  4  4  4  4  4  4  4  4  4  4  4  4  4  4  4  4  4  4  4  4  4  4  4  4  4                         
    10  4  4  4  4  4  4  4  4  4  4  4  4  4  4  4  4  4  4  4  4  4  4  4  4  4  4                         
     9  4  4  4  4  4  4  4  4  4  4  4  4  4  4  4  4  4  4  4  4  4  4  4  4  4  4                         
     8  4  4  4  4  4  4  4  4  4  4  4  4  4  4  4  4  4  4  4  4  4  4                                     
     7  4  4  4  4  4  4  4  4  4  4  4  4  4  4  4  4  4  4  4  4  4  4                                     
     6  4  4  4  4  4  4  4  4  4  4  4  4  4  4  4  4  4  4  4  4  4  4                                     
     5  4  4  4  4  4  4  4  4  4  4  4  4  4  4  4  4  4  4  4  4  4  4                                     
     4  4  4  4  4  4  4  4  4  4  4  4  4  4  4                                                             
     3  4  4  4  4  4  4  4  4  4  4  4  4  4  4                                                             
     2  4  4  4  4  4  4  4  4  4  4  4  4  4  4                                                             
     1  4  4  4  4  4  4  4  4  4  4  4  4  4  4                                                             
  Planar Region :  2
        1  2  3  4  5  6  7  8  9 10 11 12 13 14 15 16 17 18 19 20 21 22 23 24 25 26 27 28 29 30 31 32 33 34
    34  3  3  2  2  2  2  2  2  2  2  2  2  2  2  3  3  3  3  2  2  2  2  2  2  2  2  1  1  1  1  4  4  4  4 
    33  3  3  2  2  2  2  2  2  2  2  2  2  2  2  3  3  3  3  2  2  2  2  2  2  2  2  1  1  1  1  4  4  4  4 
    32  2  2  2  2  2  2  2  2  2  2  2  2  2  2  2  2  2  2  2  2  2  2  2  2  2  2  1  1  1  1  4  4  4  4 
    31  2  2  2  2  2  2  2  2  2  2  2  2  2  2  2  2  2  2  2  2  2  2  2  2  2  2  1  1  1  1  4  4  4  4 
    30  2  2  2  2  2  2  2  2  2  2  2  2  2  2  2  2  2  2  2  2  2  2  2  2  2  2  1  1  1  1  4  4  4  4 
    29  2  2  2  2  2  2  2  2  2  2  2  2  2  2  2  2  2  2  2  2  2  2  2  2  2  2  1  1  1  1  4  4  4  4 
    28  2  2  2  2  2  2  2  2  2  2  2  2  2  2  2  2  2  2  2  2  2  2  1  1  1  1  1  1  1  1  4  4  4  4 
    27  2  2  2  2  2  2  2  2  2  2  2  2  2  2  2  2  2  2  2  2  2  2  1  1  1  1  1  1  1  1  4  4  4  4 
    26  2  2  2  2  2  2  2  2  2  2  2  2  2  2  2  2  2  2  2  2  2  2  1  1  1  1  1  1  1  1  4  4  4  4 
    25  2  2  2  2  2  2  2  2  2  2  2  2  2  2  2  2  2  2  2  2  2  2  1  1  1  1  1  1  1  1  4  4  4  4 
    24  2  2  2  2  2  2  2  2  2  2  2  2  2  2  2  2  2  2  2  2  2  2  1  1  1  1  4  4  4  4  4  4  4  4 
    23  2  2  2  2  2  2  2  2  2  2  2  2  2  2  2  2  2  2  2  2  2  2  1  1  1  1  4  4  4  4  4  4  4  4 
    22  2  2  2  2  2  2  2  2  2  2  2  2  2  2  2  2  2  2  2  2  2  2  1  1  1  1  4  4  4  4  4  4  4  4 
    21  2  2  2  2  2  2  2  2  2  2  2  2  2  2  2  2  2  2  2  2  2  2  1  1  1  1  4  4  4  4  4  4  4  4 
    20  3  3  2  2  2  2  2  2  2  2  2  2  2  2  3  3  3  3  1  1  1  1  1  1  1  1  4  4  4  4             
    19  3  3  2  2  2  2  2  2  2  2  2  2  2  2  3  3  3  3  1  1  1  1  1  1  1  1  4  4  4  4             
    18  3  3  2  2  2  2  2  2  2  2  2  2  2  2  3  3  3  3  1  1  1  1  1  1  1  1  4  4  4  4             
    17  3  3  2  2  2  2  2  2  2  2  2  2  2  2  3  3  3  3  1  1  1  1  1  1  1  1  4  4  4  4             
    16  2  2  2  2  2  2  2  2  2  2  2  2  2  2  1  1  1  1  1  1  1  1  4  4  4  4  4  4  4  4             
    15  2  2  2  2  2  2  2  2  2  2  2  2  2  2  1  1  1  1  1  1  1  1  4  4  4  4  4  4  4  4             
    14  2  2  2  2  2  2  2  2  2  2  2  2  2  2  1  1  1  1  1  1  1  1  4  4  4  4  4  4  4  4             
    13  2  2  2  2  2  2  2  2  2  2  2  2  2  2  1  1  1  1  1  1  1  1  4  4  4  4  4  4  4  4             
    12  2  2  2  2  2  2  1  1  1  1  1  1  1  1  1  1  1  1  4  4  4  4  4  4  4  4                         
    11  2  2  2  2  2  2  1  1  1  1  1  1  1  1  1  1  1  1  4  4  4  4  4  4  4  4                         
    10  2  2  2  2  2  2  1  1  1  1  1  1  1  1  1  1  1  1  4  4  4  4  4  4  4  4                         
     9  2  2  2  2  2  2  1  1  1  1  1  1  1  1  1  1  1  1  4  4  4  4  4  4  4  4                         
     8  1  1  1  1  1  1  1  1  1  1  4  4  4  4  4  4  4  4  4  4  4  4                                     
     7  1  1  1  1  1  1  1  1  1  1  4  4  4  4  4  4  4  4  4  4  4  4                                     
     6  1  1  1  1  1  1  1  1  1  1  4  4  4  4  4  4  4  4  4  4  4  4                                     
     5  1  1  1  1  1  1  1  1  1  1  4  4  4  4  4  4  4  4  4  4  4  4                                     
     4  4  4  4  4  4  4  4  4  4  4  4  4  4  4                                                             
     3  4  4  4  4  4  4  4  4  4  4  4  4  4  4                                                             
     2  4  4  4  4  4  4  4  4  4  4  4  4  4  4                                                             
     1  4  4  4  4  4  4  4  4  4  4  4  4  4  4                                                             
  Planar Region :  3
        1  2  3  4  5  6  7  8  9 10 11 12 13 14 15 16 17 18 19 20 21 22 23 24 25 26 27 28 29 30 31 32 33 34
    34  3  3  2  2  2  2  2  2  2  2  2  2  2  2  3  3  3  3  2  2  2  2  2  2  2  2  1  1  1  1  4  4  4  4 
    33  3  3  2  2  2  2  2  2  2  2  2  2  2  2  3  3  3  3  2  2  2  2  2  2  2  2  1  1  1  1  4  4  4  4 
    32  2  2  2  2  2  2  2  2  2  2  2  2  2  2  2  2  2  2  2  2  2  2  2  2  2  2  1  1  1  1  4  4  4  4 
    31  2  2  2  2  2  2  2  2  2  2  2  2  2  2  2  2  2  2  2  2  2  2  2  2  2  2  1  1  1  1  4  4  4  4 
    30  2  2  2  2  2  2  2  2  2  2  2  2  2  2  2  2  2  2  2  2  2  2  2  2  2  2  1  1  1  1  4  4  4  4 
    29  2  2  2  2  2  2  2  2  2  2  2  2  2  2  2  2  2  2  2  2  2  2  2  2  2  2  1  1  1  1  4  4  4  4 
    28  2  2  2  2  2  2  2  2  2  2  2  2  2  2  2  2  2  2  2  2  2  2  1  1  1  1  1  1  1  1  4  4  4  4 
    27  2  2  2  2  2  2  2  2  2  2  2  2  2  2  2  2  2  2  2  2  2  2  1  1  1  1  1  1  1  1  4  4  4  4 
    26  2  2  2  2  2  2  2  2  2  2  2  2  2  2  2  2  2  2  2  2  2  2  1  1  1  1  1  1  1  1  4  4  4  4 
    25  2  2  2  2  2  2  2  2  2  2  2  2  2  2  2  2  2  2  2  2  2  2  1  1  1  1  1  1  1  1  4  4  4  4 
    24  2  2  2  2  2  2  2  2  2  2  2  2  2  2  2  2  2  2  2  2  2  2  1  1  1  1  4  4  4  4  4  4  4  4 
    23  2  2  2  2  2  2  2  2  2  2  2  2  2  2  2  2  2  2  2  2  2  2  1  1  1  1  4  4  4  4  4  4  4  4 
    22  2  2  2  2  2  2  2  2  2  2  2  2  2  2  2  2  2  2  2  2  2  2  1  1  1  1  4  4  4  4  4  4  4  4 
    21  2  2  2  2  2  2  2  2  2  2  2  2  2  2  2  2  2  2  2  2  2  2  1  1  1  1  4  4  4  4  4  4  4  4 
    20  3  3  2  2  2  2  2  2  2  2  2  2  2  2  3  3  3  3  1  1  1  1  1  1  1  1  4  4  4  4             
    19  3  3  2  2  2  2  2  2  2  2  2  2  2  2  3  3  3  3  1  1  1  1  1  1  1  1  4  4  4  4             
    18  3  3  2  2  2  2  2  2  2  2  2  2  2  2  3  3  3  3  1  1  1  1  1  1  1  1  4  4  4  4             
    17  3  3  2  2  2  2  2  2  2  2  2  2  2  2  3  3  3  3  1  1  1  1  1  1  1  1  4  4  4  4             
    16  2  2  2  2  2  2  2  2  2  2  2  2  2  2  1  1  1  1  1  1  1  1  4  4  4  4  4  4  4  4             
    15  2  2  2  2  2  2  2  2  2  2  2  2  2  2  1  1  1  1  1  1  1  1  4  4  4  4  4  4  4  4             
    14  2  2  2  2  2  2  2  2  2  2  2  2  2  2  1  1  1  1  1  1  1  1  4  4  4  4  4  4  4  4             
    13  2  2  2  2  2  2  2  2  2  2  2  2  2  2  1  1  1  1  1  1  1  1  4  4  4  4  4  4  4  4             
    12  2  2  2  2  2  2  1  1  1  1  1  1  1  1  1  1  1  1  4  4  4  4  4  4  4  4                         
    11  2  2  2  2  2  2  1  1  1  1  1  1  1  1  1  1  1  1  4  4  4  4  4  4  4  4                         
    10  2  2  2  2  2  2  1  1  1  1  1  1  1  1  1  1  1  1  4  4  4  4  4  4  4  4                         
     9  2  2  2  2  2  2  1  1  1  1  1  1  1  1  1  1  1  1  4  4  4  4  4  4  4  4                         
     8  1  1  1  1  1  1  1  1  1  1  4  4  4  4  4  4  4  4  4  4  4  4                                     
     7  1  1  1  1  1  1  1  1  1  1  4  4  4  4  4  4  4  4  4  4  4  4                                     
     6  1  1  1  1  1  1  1  1  1  1  4  4  4  4  4  4  4  4  4  4  4  4                                     
     5  1  1  1  1  1  1  1  1  1  1  4  4  4  4  4  4  4  4  4  4  4  4                                     
     4  4  4  4  4  4  4  4  4  4  4  4  4  4  4                                                             
     3  4  4  4  4  4  4  4  4  4  4  4  4  4  4                                                             
     2  4  4  4  4  4  4  4  4  4  4  4  4  4  4                                                             
     1  4  4  4  4  4  4  4  4  4  4  4  4  4  4                                                             
  Planar Region :  4
        1  2  3  4  5  6  7  8  9 10 11 12 13 14 15 16 17 18 19 20 21 22 23 24 25 26 27 28 29 30 31 32 33 34
    34  3  3  2  2  2  2  2  2  2  2  2  2  2  2  3  3  3  3  2  2  2  2  2  2  2  2  1  1  1  1  4  4  4  4 
    33  3  3  2  2  2  2  2  2  2  2  2  2  2  2  3  3  3  3  2  2  2  2  2  2  2  2  1  1  1  1  4  4  4  4 
    32  2  2  2  2  2  2  2  2  2  2  2  2  2  2  2  2  2  2  2  2  2  2  2  2  2  2  1  1  1  1  4  4  4  4 
    31  2  2  2  2  2  2  2  2  2  2  2  2  2  2  2  2  2  2  2  2  2  2  2  2  2  2  1  1  1  1  4  4  4  4 
    30  2  2  2  2  2  2  2  2  2  2  2  2  2  2  2  2  2  2  2  2  2  2  2  2  2  2  1  1  1  1  4  4  4  4 
    29  2  2  2  2  2  2  2  2  2  2  2  2  2  2  2  2  2  2  2  2  2  2  2  2  2  2  1  1  1  1  4  4  4  4 
    28  2  2  2  2  2  2  2  2  2  2  2  2  2  2  2  2  2  2  2  2  2  2  1  1  1  1  1  1  1  1  4  4  4  4 
    27  2  2  2  2  2  2  2  2  2  2  2  2  2  2  2  2  2  2  2  2  2  2  1  1  1  1  1  1  1  1  4  4  4  4 
    26  2  2  2  2  2  2  2  2  2  2  2  2  2  2  2  2  2  2  2  2  2  2  1  1  1  1  1  1  1  1  4  4  4  4 
    25  2  2  2  2  2  2  2  2  2  2  2  2  2  2  2  2  2  2  2  2  2  2  1  1  1  1  1  1  1  1  4  4  4  4 
    24  2  2  2  2  2  2  2  2  2  2  2  2  2  2  2  2  2  2  2  2  2  2  1  1  1  1  4  4  4  4  4  4  4  4 
    23  2  2  2  2  2  2  2  2  2  2  2  2  2  2  2  2  2  2  2  2  2  2  1  1  1  1  4  4  4  4  4  4  4  4 
    22  2  2  2  2  2  2  2  2  2  2  2  2  2  2  2  2  2  2  2  2  2  2  1  1  1  1  4  4  4  4  4  4  4  4 
    21  2  2  2  2  2  2  2  2  2  2  2  2  2  2  2  2  2  2  2  2  2  2  1  1  1  1  4  4  4  4  4  4  4  4 
    20  3  3  2  2  2  2  2  2  2  2  2  2  2  2  3  3  3  3  1  1  1  1  1  1  1  1  4  4  4  4             
    19  3  3  2  2  2  2  2  2  2  2  2  2  2  2  3  3  3  3  1  1  1  1  1  1  1  1  4  4  4  4             
    18  3  3  2  2  2  2  2  2  2  2  2  2  2  2  3  3  3  3  1  1  1  1  1  1  1  1  4  4  4  4             
    17  3  3  2  2  2  2  2  2  2  2  2  2  2  2  3  3  3  3  1  1  1  1  1  1  1  1  4  4  4  4             
    16  2  2  2  2  2  2  2  2  2  2  2  2  2  2  1  1  1  1  1  1  1  1  4  4  4  4  4  4  4  4             
    15  2  2  2  2  2  2  2  2  2  2  2  2  2  2  1  1  1  1  1  1  1  1  4  4  4  4  4  4  4  4             
    14  2  2  2  2  2  2  2  2  2  2  2  2  2  2  1  1  1  1  1  1  1  1  4  4  4  4  4  4  4  4             
    13  2  2  2  2  2  2  2  2  2  2  2  2  2  2  1  1  1  1  1  1  1  1  4  4  4  4  4  4  4  4             
    12  2  2  2  2  2  2  1  1  1  1  1  1  1  1  1  1  1  1  4  4  4  4  4  4  4  4                         
    11  2  2  2  2  2  2  1  1  1  1  1  1  1  1  1  1  1  1  4  4  4  4  4  4  4  4                         
    10  2  2  2  2  2  2  1  1  1  1  1  1  1  1  1  1  1  1  4  4  4  4  4  4  4  4                         
     9  2  2  2  2  2  2  1  1  1  1  1  1  1  1  1  1  1  1  4  4  4  4  4  4  4  4                         
     8  1  1  1  1  1  1  1  1  1  1  4  4  4  4  4  4  4  4  4  4  4  4                                     
     7  1  1  1  1  1  1  1  1  1  1  4  4  4  4  4  4  4  4  4  4  4  4                                     
     6  1  1  1  1  1  1  1  1  1  1  4  4  4  4  4  4  4  4  4  4  4  4                                     
     5  1  1  1  1  1  1  1  1  1  1  4  4  4  4  4  4  4  4  4  4  4  4                                     
     4  4  4  4  4  4  4  4  4  4  4  4  4  4  4                                                             
     3  4  4  4  4  4  4  4  4  4  4  4  4  4  4                                                             
     2  4  4  4  4  4  4  4  4  4  4  4  4  4  4                                                             
     1  4  4  4  4  4  4  4  4  4  4  4  4  4  4                                                             

  Planar Region Assignment to Planes.
 -------------------------------------
   Plane Number     Planar Region    Delta-z
       19 (Top)            4          20.00
       18                  3          20.00
       17                  3          20.00
       16                  3          20.00
       15                  3          20.00
       14                  2          20.00
       13                  2          20.00
       12                  2          20.00
       11                  2          20.00
       10                  2          20.00
        9                  2          20.00
        8                  2          20.00
        7                  2          20.00
        6                  2          20.00
        5                  2          20.00
        4                  2          20.00
        3                  2          20.00
        2                  2          20.00
        1 (Bottom)         1          20.00

   Boundary Conditions
   -------------------
  X-Directed West   : Reflective
  X-Directed East   : Zero Incoming Current
  Y-Directed North  : Reflective
  Y-Directed South  : Zero Incoming Current
  Z-Directed Bottom : Zero Incoming Current
  Z-Directed Top    : Zero Incoming Current

  ...Core Geometry is Sucessfully Read...
     ---------------------------------


  ================================================================================================
                                        Calculation Results
  ================================================================================================

   Iteration    Keff     FissSrc Error   Inner Error
  ----------------------------------------------------
       1       1.723056    6.22069E-01    1.19875E+00
       2       1.301754    6.49312E-01    3.09294E+00
       3       1.137563    3.07604E-01    2.12198E+00
       4       1.073214    1.74397E-01    1.55563E+00
     ...Fission Source Extrapolated...
       5       1.021150    2.24539E-01    8.66000E-01
       6       1.030238    1.72287E-02    4.05394E-01
       7       1.022682    9.16363E-02    3.61418E-01
       8       1.018496    8.57621E-02    3.24672E-01
       9       1.016271    8.03809E-02    2.92024E-01
     ...Fission Source Extrapolated...
      10       0.989132    2.05269E+03    2.62571E-01
      11       1.020025    2.18443E+00    6.26014E+00
      12       1.022939    8.85972E-02    9.88299E-01
      13       1.022773    5.71198E-02    7.19803E-01
      14       1.022210    5.43413E-02    2.78303E-01
     ...Fission Source Extrapolated...
      15       1.015386    2.60363E+00    1.80148E-01
      16       1.022192    6.65832E-01    4.43727E-01
      17       1.022395    4.02881E-02    2.05802E-01
      18       1.022275    3.70255E-02    1.60261E-01
      19       1.022196    3.58382E-02    1.22377E-01
     ...Fission Source Extrapolated...
      20       1.021967    2.64054E+01    1.06509E-01
      21       1.023392    9.55286E-01    7.26544E-01
      22       1.024189    4.30050E-02    3.24919E-01
      23       1.024238    2.73055E-02    2.52025E-01
      24       1.024199    2.58844E-02    1.04469E-01
     ...Fission Source Extrapolated...
      25       1.023755    9.35024E-01    7.69715E-02
      26       1.024609    4.23680E-01    2.51151E-01
      27       1.024885    2.58483E-02    1.28932E-01
      28       1.024908    1.91183E-02    9.86481E-02
      29       1.024914    1.82904E-02    5.74599E-02
     ...Fission Source Extrapolated...
      30       1.025511    9.69028E-01    4.84185E-02
      31       1.025422    4.37166E-01    2.70595E-01
      32       1.025759    2.45299E-02    1.45260E-01
      33       1.025798    1.54687E-02    1.12186E-01
      34       1.025803    1.44141E-02    5.18360E-02
     ...Fission Source Extrapolated...
      35       1.026060    4.41373E-01    3.68200E-02
      36       1.026083    2.57815E-01    1.49844E-01
      37       1.026268    1.73364E-02    8.38810E-02
      38       1.026294    1.17579E-02    6.39201E-02
      39       1.026305    1.10818E-02    3.08770E-02
     ...Fission Source Extrapolated...
      40       1.026762    4.11238E-01    2.57302E-02
      41       1.026583    2.46387E-01    1.45902E-01
      42       1.026769    1.63999E-02    8.44817E-02
      43       1.026796    1.00777E-02    6.50790E-02
      44       1.026804    9.34141E-03    3.17305E-02
     ...Fission Source Extrapolated...
      45       1.027080    2.65617E-01    2.10652E-02
      46       1.026992    1.72598E-01    1.00191E-01
      47       1.027117    1.26677E-02    5.91763E-02
      48       1.027136    8.19292E-03    4.54327E-02
      49       1.027145    7.65649E-03    2.24517E-02
     ...Fission Source Extrapolated...
      50       1.027457    2.44602E-01    1.63592E-02
      51       1.027320    1.62055E-01    9.47063E-02
      52       1.027438    1.17951E-02    5.69767E-02
      53       1.027456    7.20240E-03    4.39618E-02
      54       1.027462    6.66617E-03    2.19210E-02
     ...Fission Source Extrapolated...
      55       1.027677    1.82685E-01    1.40804E-02
      56       1.027594    1.25344E-01    7.26195E-02
      57       1.027680    9.66583E-03    4.40962E-02
      58       1.027694    6.09077E-03    3.40069E-02
      59       1.027700    5.67987E-03    1.70789E-02
     ...Fission Source Extrapolated...
      60       1.027914    1.67782E-01    1.16385E-02
      61       1.027819    1.16431E-01    6.80487E-02
      62       1.027898    8.97400E-03    4.13177E-02
      63       1.027911    5.47087E-03    3.20741E-02
      64       1.027916    5.07002E-03    1.62003E-02
     ...Fission Source Extrapolated...
      65       1.028075    1.36385E-01    1.03437E-02
      66       1.028009    9.63402E-02    5.59455E-02
      67       1.028071    7.61991E-03    3.37382E-02
      68       1.028081    4.76788E-03    2.64253E-02
      69       1.028085    4.43437E-03    1.34043E-02
     ...Fission Source Extrapolated...
      70       1.028234    1.24658E-01    8.93656E-03
      71       1.028168    8.90478E-02    5.16633E-02
      72       1.028223    6.95463E-03    3.09876E-02
      73       1.028232    4.26090E-03    2.44453E-02
      74       1.028236    3.94710E-03    1.24359E-02
     ...Fission Source Extrapolated...
      75       1.028352    1.04473E-01    7.98774E-03
      76       1.028303    7.55125E-02    4.36099E-02
      77       1.028348    5.98779E-03    2.60717E-02
      78       1.028355    3.73110E-03    2.06705E-02
      79       1.028358    3.46398E-03    1.05414E-02
     ...Fission Source Extrapolated...
      80       1.028464    9.41165E-02    6.96482E-03
      81       1.028417    6.86749E-02    3.95914E-02
      82       1.028456    5.39701E-03    2.36072E-02
      83       1.028462    3.31775E-03    1.87966E-02
      84       1.028465    3.07225E-03    9.60056E-03
     ...Fission Source Extrapolated...
      85       1.028550    8.02892E-02    6.20033E-03
      86       1.028513    5.90809E-02    3.39415E-02
      87       1.028545    4.68441E-03    2.02076E-02
      88       1.028551    2.91050E-03    1.61368E-02
      89       1.028553    2.69883E-03    8.25330E-03
     ...Fission Source Extrapolated...
      90       1.028629    7.17679E-02    5.42865E-03
      91       1.028595    5.32230E-02    3.05126E-02
      92       1.028623    4.19027E-03    1.81437E-02
      93       1.028628    2.57832E-03    1.45255E-02
      94       1.028630    2.38662E-03    7.43370E-03
     ...Fission Source Extrapolated...
      95       1.028692    6.18994E-02    4.81719E-03
      96       1.028665    4.61967E-02    2.64073E-02
      97       1.028688    3.65464E-03    1.56919E-02
      98       1.028692    2.26315E-03    1.25837E-02
      99       1.028694    2.09673E-03    6.44362E-03
     ...Fission Source Extrapolated...
     100       1.028749    5.50363E-02    4.22617E-03
     101       1.028724    4.13335E-02    2.35787E-02
     102       1.028744    3.25174E-03    1.40040E-02
     103       1.028747    1.99931E-03    1.12469E-02
     104       1.028749    1.85009E-03    5.75969E-03
     ...Fission Source Extrapolated...
     105       1.028795    4.78014E-02    3.74023E-03
     106       1.028774    3.60769E-02    2.05300E-02
     107       1.028791    2.84508E-03    1.21907E-02
     108       1.028794    1.75549E-03    9.79953E-03
     109       1.028795    1.62540E-03    5.01901E-03
     ...Fission Source Extrapolated...
     110       1.028835    4.23877E-02    3.28477E-03
     111       1.028817    3.21527E-02    1.82617E-02
     112       1.028831    2.52399E-03    1.08430E-02
     113       1.028834    1.54843E-03    8.72289E-03
     114       1.028835    1.43250E-03    4.46660E-03
     ...Fission Source Extrapolated...
     115       1.028869    3.70798E-02    2.90244E-03
     116       1.028853    2.82390E-02    1.60023E-02
     117       1.028866    2.21690E-03    9.50166E-03
     118       1.028868    1.36083E-03    7.64606E-03
     119       1.028869    1.25936E-03    3.91346E-03
     ...Fission Source Extrapolated...
     120       1.028898    3.29460E-02    2.55330E-03
     121       1.028884    2.51970E-02    1.42470E-02
     122       1.028895    1.96755E-03    8.45986E-03
     123       1.028897    1.20016E-03    6.80850E-03
     124       1.028897    1.10998E-03    3.48151E-03
     ...Fission Source Extrapolated...
     125       1.028922    2.89287E-02    2.25743E-03
     126       1.028911    2.21965E-02    1.25224E-02
     127       1.028920    1.73130E-03    7.43689E-03
     128       1.028921    1.05551E-03    5.98411E-03
     129       1.028922    9.76496E-04    3.05735E-03
     ...Fission Source Extrapolated...
     130       1.028943    2.57435E-02    1.98847E-03
     131       1.028933    1.98228E-02    1.11590E-02
     132       1.028941    1.53763E-03    6.62860E-03
     133       1.028942    9.31349E-04    5.33196E-03
     134       1.028943    8.61198E-04    2.72081E-03
     ...Fission Source Extrapolated...
     135       1.028961    2.27434E-02    1.75944E-03
     136       1.028953    1.75627E-02    9.86276E-03
     137       1.028959    1.35829E-03    5.85998E-03
     138       1.028960    8.20439E-04    4.71058E-03
     139       1.028961    7.58799E-04    2.40025E-03
     ...Fission Source Extrapolated...
     140       1.028976    2.02593E-02    1.55367E-03
     141       1.028969    1.56912E-02    8.79210E-03
     142       1.028974    1.20694E-03    5.22561E-03
     143       1.028975    7.24526E-04    4.19754E-03
     144       1.028976    6.69878E-04    2.13557E-03
     ...Fission Source Extrapolated...
     145       1.028988    1.78918E-02    1.37625E-03
     146       1.028983    1.38880E-02    7.76676E-03
     147       1.028987    1.06617E-03    4.61860E-03
     148       1.028988    6.38956E-04    3.70673E-03
     149       1.028989    5.90929E-04    1.88371E-03
     ...Fission Source Extrapolated...
     150       1.028999    1.58897E-02    1.21598E-03
     151       1.028995    1.23610E-02    6.90341E-03
     152       1.028999    9.46182E-04    4.10851E-03
     153       1.028999    5.64862E-04    3.29455E-03
     154       1.029000    5.22311E-04    1.67295E-03
     ...Fission Source Extrapolated...
     155       1.029009    1.40308E-02    1.07670E-03
     156       1.029005    1.09320E-02    6.09915E-03
     157       1.029008    8.36756E-04    3.63361E-03
     158       1.029009    4.99220E-04    2.91093E-03
     159       1.029009    4.61730E-04    1.47755E-03
     ...Fission Source Extrapolated...
     160       1.029017    1.24584E-02    9.51940E-04
     161       1.029013    9.72231E-03    5.42093E-03
     162       1.029016    7.43458E-04    3.23366E-03
     163       1.029016    4.42414E-04    2.58801E-03
     164       1.029017    4.09138E-04    1.31343E-03
     ...Fission Source Extrapolated...
     165       1.029023    1.10364E-02    8.43754E-04
     166       1.029020    8.62279E-03    4.80542E-03
     167       1.029023    6.59827E-04    2.87052E-03
     168       1.029023    3.92359E-04    2.29482E-03
     169       1.029023    3.62913E-04    1.16455E-03
     ...Fission Source Extrapolated...
     170       1.029029    9.82951E-03    7.47931E-04
     171       1.029026    7.68938E-03    4.28377E-03
     172       1.029028    5.88214E-04    2.56281E-03
     173       1.029029    3.48951E-04    2.04646E-03
     174       1.029029    3.22733E-04    1.03849E-03
     ...Fission Source Extrapolated...
     175       1.029034    8.72503E-03    6.64924E-04
     176       1.029032    6.83056E-03    3.80500E-03
     177       1.029033    5.23426E-04    2.28016E-03
     178       1.029034    3.10595E-04    1.81855E-03
     179       1.029034    2.87323E-04    9.23073E-04
     ...Fission Source Extrapolated...
     180       1.029038    7.79654E-03    5.91112E-04
     181       1.029036    6.10940E-03    3.40338E-03
     182       1.029037    4.68347E-04    2.04310E-03
     183       1.029038    2.77358E-04    1.62745E-03
     184       1.029038    2.56548E-04    8.26279E-04
     ...Fission Source Extrapolated...
     185       1.029041    6.95337E-03    5.27331E-04
     186       1.029040    5.45180E-03    3.03724E-03
     187       1.029041    4.18696E-04    1.82662E-03
     188       1.029041    2.47954E-04    1.45306E-03
     189       1.029041    2.29395E-04    7.37957E-04
     ...Fission Source Extrapolated...
     190       1.029044    6.23850E-03    4.70747E-04
     191       1.029043    4.89489E-03    2.72734E-03
     192       1.029044    3.76154E-04    1.64333E-03
     193       1.029044    2.22368E-04    1.30549E-03
     194       1.029044    2.05706E-04    6.63189E-04
     ...Fission Source Extrapolated...
     195       1.029047    5.59214E-03    4.21681E-04
     196       1.029046    4.38976E-03    2.44615E-03
     197       1.029047    3.37884E-04    1.47668E-03
     198       1.029047    1.99690E-04    1.17142E-03
     199       1.029047    1.84758E-04    5.95236E-04
     ...Fission Source Extrapolated...
     200       1.029049    5.03830E-03    3.78147E-04
     201       1.029048    3.95732E-03    2.20550E-03
     202       1.029049    3.04794E-04    1.33397E-03
     203       1.029049    1.79848E-04    1.05669E-03
     204       1.029049    1.66390E-04    5.37062E-04
     ...Fission Source Extrapolated...
     205       1.029051    4.53018E-03    3.40185E-04
     206       1.029050    3.55909E-03    1.98413E-03
     207       1.029051    2.74699E-04    1.20242E-03
     208       1.029051    1.62162E-04    9.51118E-04
     209       1.029051    1.50056E-04    4.83602E-04
     ...Fission Source Extrapolated...
     210       1.029052    4.09377E-03    3.06228E-04
     211       1.029052    3.21746E-03    1.79439E-03
     212       1.029052    2.48636E-04    1.08961E-03
     213       1.029052    1.46636E-04    8.60678E-04
     214       1.029052    1.35684E-04    4.37812E-04
     ...Fission Source Extrapolated...
     215       1.029054    3.69728E-03    2.76495E-04
     216       1.029053    2.90633E-03    1.62150E-03
     217       1.029054    2.25063E-04    9.86579E-04
     218       1.029054    1.32775E-04    7.78179E-04
     219       1.029054    1.22876E-04    3.96027E-04
     ...Fission Source Extrapolated...
     220       1.029055    3.35404E-03    2.49927E-04
     221       1.029054    2.63728E-03    1.47200E-03
     222       1.029055    2.04485E-04    8.97386E-04
     223       1.029055    1.20539E-04    7.06842E-04
     224       1.029055    1.11549E-04    3.59875E-04
     ...Fission Source Extrapolated...
     225       1.029056    3.04206E-03    2.26556E-04
     226       1.029055    2.39225E-03    1.33575E-03
     227       1.029056    1.85841E-04    8.15896E-04
     228       1.029056    1.09576E-04    6.41755E-04
     229       1.029056    1.01416E-04    3.26875E-04
     ...Fission Source Extrapolated...
     230       1.029057    2.76971E-03    2.05617E-04
     231       1.029056    2.17857E-03    1.21691E-03
     232       1.029057    1.69444E-04    7.44715E-04
     233       1.029057    9.98420E-05    5.84975E-04
     234       1.029057    9.24049E-05    2.98070E-04
     ...Fission Source Extrapolated...
     235       1.029058    2.52328E-03    1.87092E-04
     236       1.029057    1.98498E-03    1.10912E-03
     237       1.029057    1.54614E-04    6.79983E-04
     238       1.029057    9.10961E-05    5.33403E-04
     239       1.029058    8.43181E-05    2.71876E-04
     ...Fission Source Extrapolated...
     240       1.029058    2.30472E-03    1.70473E-04
     241       1.029058    1.81335E-03    1.01355E-03
     242       1.029058    1.41591E-04    6.22489E-04
     243       1.029058    8.32730E-05    4.87669E-04
     244       1.029058    7.70777E-05    2.48643E-04
     ...Fission Source Extrapolated...
     245       1.029059    2.10651E-03    1.55644E-04
     246       1.029058    1.65754E-03    9.26749E-04
     247       1.029059    1.29950E-04    5.70149E-04
     248       1.029059    7.62184E-05    4.46098E-04
     249       1.029059    7.05531E-05    2.27514E-04
     ...Fission Source Extrapolated...
     250       1.029059    1.92975E-03    1.42285E-04
     251       1.029059    1.51865E-03    8.49349E-04
     252       1.029059    1.19499E-04    5.23391E-04
     253       1.029059    6.98761E-05    4.09016E-04
     254       1.029059    6.46829E-05    2.08659E-04
     ...Fission Source Extrapolated...
     255       1.029060    1.76901E-03    1.30304E-04
     256       1.029059    1.39225E-03    7.78872E-04
     257       1.029060    1.09953E-04    4.80718E-04
     258       1.029060    6.41343E-05    3.75225E-04
     259       1.029060    5.93716E-05    1.91470E-04
     ...Fission Source Extrapolated...
     260       1.029060    1.62499E-03    1.19468E-04
     261       1.029060    1.27904E-03    7.15721E-04
     262       1.029060    1.01342E-04    4.42408E-04
     263       1.029060    5.89488E-05    3.44933E-04
     264       1.029060    5.45716E-05    1.76052E-04
     ...Fission Source Extrapolated...
     265       1.029060    1.49339E-03    1.09707E-04
     266       1.029060    1.17551E-03    6.57952E-04
     267       1.029060    9.34424E-05    4.07284E-04
     268       1.029060    5.42345E-05    3.17204E-04
     269       1.029060    5.02103E-05    1.61935E-04
     ...Fission Source Extrapolated...
     270       1.029061    1.37421E-03    1.00839E-04
     271       1.029061    1.08175E-03    6.05643E-04
     272       1.029061    8.62558E-05    3.75422E-04
     273       1.029061    4.99546E-05    2.92093E-04
     274       1.029061    4.62490E-05    1.49153E-04
     ...Fission Source Extrapolated...
     275       1.029061    1.26566E-03    9.27968E-05
     276       1.029061    9.96331E-04    5.57964E-04
     277       1.029061    7.96801E-05    3.46323E-04
     278       1.029061    4.60557E-05    2.69191E-04
     279       1.029061    4.26409E-05    1.37490E-04
     ...Fission Source Extrapolated...
     280       1.029061    1.16703E-03    8.54794E-05
     281       1.029061    9.18724E-04    5.14629E-04
     282       1.029061    7.36754E-05    3.19825E-04
     283       1.029061    4.25024E-05    2.48367E-04
     284       1.029061    3.93519E-05    1.26881E-04
     ...Fission Source Extrapolated...
     285       1.029061    1.07693E-03    7.88212E-05
     286       1.029061    8.47809E-04    4.75013E-04
     287       1.029061    6.81650E-05    2.95553E-04
     288       1.029061    3.92550E-05    2.29317E-04
     289       1.029061    3.63463E-05    1.17173E-04
     ...Fission Source Extrapolated...
     290       1.029062    9.94753E-04    7.27442E-05
     291       1.029062    7.83140E-04    4.38872E-04
     292       1.029062    6.31162E-05    2.73371E-04
     293       1.029062    3.62855E-05    2.11932E-04
     294       1.029062    3.35975E-05    1.08308E-04
     ...Fission Source Extrapolated...
     295       1.029062    9.19458E-04    6.71956E-05
     296       1.029062    7.23876E-04    4.05737E-04
     297       1.029062    5.84714E-05    2.52997E-04
     298       1.029062    3.35636E-05    1.95984E-04
     299       1.029062    3.10780E-05    1.00174E-04
     ...Fission Source Extrapolated...
     300       1.029062    8.50562E-04    6.21158E-05
     301       1.029062    6.69652E-04    3.75410E-04
     302       1.029062    5.42034E-05    2.34317E-04
     303       1.029062    3.10672E-05    1.81380E-04
     304       1.029062    2.87669E-05    9.27227E-05
     ...Fission Source Extrapolated...
     305       1.029062    7.87268E-04    5.74631E-05
     306       1.029062    6.19830E-04    3.47535E-04
     307       1.029062    5.02682E-05    2.17120E-04
     308       1.029062    2.87730E-05    1.67951E-04
     309       1.029062    2.66432E-05    8.58689E-05
     ...Fission Source Extrapolated...
     310       1.029062    7.29184E-04    5.31917E-05
     311       1.029062    5.74111E-04    3.21947E-04
     312       1.029062    4.66436E-05    2.01310E-04
     313       1.029062    2.66635E-05    1.55620E-04
     314       1.029062    2.46901E-05    7.95904E-05
     ...Fission Source Extrapolated...
     315       1.029062    6.75702E-04    4.92687E-05
     316       1.029062    5.32010E-04    2.98377E-04
     317       1.029062    4.32954E-05    1.86724E-04
     318       1.029062    2.47205E-05    1.44256E-04
     319       1.029062    2.28913E-05    7.38484E-05
     ...Fission Source Extrapolated...
     320       1.029062    6.26498E-04    4.56585E-05
     321       1.029062    4.93279E-04    2.76688E-04
     322       1.029062    4.02050E-05    1.73283E-04
     323       1.029062    2.29299E-05    1.33795E-04
     324       1.029062    2.12335E-05    6.85541E-05
     ...Fission Source Extrapolated...
     325       1.029062    5.81104E-04    4.23349E-05
     326       1.029062    4.57544E-04    2.56671E-04
     327       1.029062    3.73459E-05    1.60863E-04
     328       1.029062    2.12775E-05    1.24137E-04
     329       1.029062    1.97037E-05    6.36589E-05
     ...Fission Source Extrapolated...
     330       1.029063    5.39253E-04    3.92700E-05
     331       1.029063    4.24598E-04    2.38212E-04
     332       1.029063    3.47024E-05    1.49394E-04
     333       1.029063    1.97519E-05    1.15229E-04
     334       1.029063    1.82911E-05    5.91367E-05
     ...Fission Source Extrapolated...
     335       1.029063    5.00578E-04    3.64428E-05
     336       1.029063    3.94151E-04    2.21150E-04
     337       1.029063    3.22536E-05    1.38781E-04
     338       1.029063    1.83418E-05    1.06991E-04
     339       1.029063    1.69855E-05    5.49494E-05
     ...Fission Source Extrapolated...
     340       1.029063    4.64857E-04    3.38310E-05
     341       1.029063    3.66030E-04    2.05388E-04
     342       1.029063    2.99862E-05    1.28965E-04
     343       1.029063    1.70378E-05    9.93798E-05
     344       1.029063    1.57781E-05    5.10752E-05
     ...Fission Source Extrapolated...
     345       1.029063    4.31802E-04    3.14177E-05
     346       1.029063    3.40005E-04    1.90799E-04
     347       1.029063    2.78835E-05    1.19870E-04
     348       1.029063    1.58309E-05    9.23325E-05
     349       1.029063    1.46605E-05    4.74838E-05
     ...Fission Source Extrapolated...
     350       1.029063    4.01224E-04    2.91850E-05
     351       1.029063    3.15932E-04    1.77302E-04
     352       1.029063    2.59343E-05    1.11448E-04
     353       1.029063    1.47191E-05    8.58112E-05
     354       1.029063    1.36257E-05    4.41566E-05
     ...Fission Source Extrapolated...
     355       1.029063    3.72895E-04    2.71190E-05
     356       1.029063    2.93628E-04    1.64794E-04
     357       1.029063    2.41251E-05    1.03635E-04
     358       1.029063    1.36907E-05    7.97667E-05
     359       1.029063    1.26668E-05    4.10693E-05
     ...Fission Source Extrapolated...
     360       1.029063    3.46657E-04    2.52053E-05
     361       1.029063    2.72971E-04    1.53209E-04
     362       1.029063    2.24464E-05    9.63925E-05
     363       1.029063    1.27365E-05    7.41665E-05
     364       1.029063    1.17779E-05    3.82059E-05
     ...Fission Source Extrapolated...
     365       1.029063    3.22324E-04    2.34323E-05
     366       1.029063    2.53812E-04    1.42463E-04
     367       1.029063    2.08871E-05    8.96689E-05
     368       1.029063    1.18506E-05    6.89710E-05
     369       1.029063    1.09534E-05    3.55470E-05
     ...Fission Source Extrapolated...
     370       1.029063    2.99764E-04    2.17883E-05
     371       1.029063    2.36050E-04    1.32498E-04
     372       1.029063    1.94391E-05    8.34296E-05
     373       1.029063    1.10280E-05    6.41527E-05
     374       1.029063    1.01885E-05    3.30788E-05
     ...Fission Source Extrapolated...
     375       1.029063    2.78825E-04    2.02637E-05
     376       1.029063    2.19594E-04    1.23249E-04
     377       1.029063    1.80933E-05    7.76337E-05
     378       1.029063    1.02637E-05    5.96792E-05
     379       1.029063    9.48079E-06    3.07853E-05
     ...Fission Source Extrapolated...
     380       1.029063    2.59394E-04    1.88489E-05
     381       1.029063    2.04380E-04    1.14665E-04
     382       1.029063    1.68428E-05    7.22512E-05
     383       1.029063    9.55361E-06    5.55269E-05
     384       1.029063    8.82484E-06    2.86549E-05
     ...Fission Source Extrapolated...
     385       1.029063    2.41347E-04    1.75356E-05
     386       1.029063    1.90237E-04    1.06691E-04
     387       1.029063    1.56799E-05    6.72483E-05
     388       1.029063    8.89349E-06    5.16694E-05
     389       1.029063    8.21509E-06    2.66742E-05
     ...Fission Source Extrapolated...
     390       1.029063    2.24589E-04    1.63161E-05
     391       1.029063    1.77095E-04    9.92865E-05
     392       1.029063    1.45988E-05    6.25995E-05
     393       1.029063    8.27979E-06    4.80865E-05
     394       1.029063    7.64820E-06    2.48331E-05
     ...Fission Source Extrapolated...
     395       1.029063    2.09015E-04    1.51834E-05
     396       1.029063    1.64873E-04    9.24058E-05
     397       1.029063    1.35932E-05    5.82766E-05
     398       1.029063    7.70905E-06    4.47562E-05
     399       1.029063    7.12101E-06    2.31208E-05
     ...Fission Source Extrapolated...
     400       1.029063    1.94544E-04    1.41309E-05
     401       1.029063    1.53510E-04    8.60387E-05
     402       1.029063    1.26578E-05    5.42575E-05
     403       1.029063    7.17822E-06    4.16612E-05
     404       1.029063    6.63067E-06    2.15285E-05
     ...Fission Source Extrapolated...
     405       1.029063    1.81091E-04    1.31528E-05
     406       1.029063    1.42938E-04    8.01153E-05
     407       1.029063    1.17874E-05    5.05188E-05
     408       1.029063    6.68437E-06    3.87833E-05
     409       1.029063    6.17450E-06    2.00470E-05
     ...Fission Source Extrapolated...
     410       1.029063    1.68622E-04    1.22435E-05
     411       1.029063    1.33105E-04    7.46053E-05
     412       1.029063    1.09776E-05    4.70415E-05
     413       1.029063    6.22489E-06    3.61074E-05
     414       1.029063    5.75007E-06    1.86688E-05
     ...Fission Source Extrapolated...
     415       1.029063    1.57029E-04    1.13981E-05
     416       1.029063    1.23955E-04    6.94776E-05
     417       1.029063    1.02238E-05    4.38058E-05
     418       1.029063    5.79729E-06    3.36183E-05
     419       1.029063    5.35509E-06    1.73862E-05
     ...Fission Source Extrapolated...
     420       1.029063    1.46243E-04    1.06118E-05
     421       1.029063    1.15441E-04    6.47063E-05
     422       1.029063    9.52233E-06    4.07953E-05
     423       1.029063    5.39934E-06    3.13031E-05
     424       1.029063    4.98750E-06    1.61926E-05
     ...Fission Source Extrapolated...
     425       1.029063    1.36203E-04    9.88053E-06
     426       1.029063    1.07516E-04    6.02651E-05
     427       1.029063    8.86926E-06    3.79932E-05
     428       1.029063    5.02892E-06    2.91489E-05
     429       1.029063    4.64533E-06    1.50815E-05
     ...Fission Source Extrapolated...
     430       1.029063    1.26858E-04    9.20019E-06
     431       1.029063    1.00141E-04    5.61314E-05
     432       1.029063    8.26133E-06    3.53855E-05
     433       1.029063    4.68410E-06    2.71446E-05
     434       1.029063    4.32681E-06    1.40473E-05
     ...Fission Source Extrapolated...
     435       1.029063    1.18159E-04    8.56722E-06
     436       1.029063    9.32739E-05    5.22829E-05
     437       1.029063    7.69528E-06    3.29578E-05
     438       1.029063    4.36306E-06    2.52791E-05
     439       1.029063    4.03027E-06    1.30844E-05
     ...Fission Source Extrapolated...
     440       1.029063    1.10061E-04    7.97819E-06
     441       1.029063    8.68815E-05    4.87002E-05
     442       1.029063    7.16825E-06    3.06980E-05
     443       1.029063    4.06417E-06    2.35431E-05
     444       1.029063    3.75417E-06    1.21880E-05
     ...Fission Source Extrapolated...
     445       1.029063    1.02520E-04    7.43003E-06
     446       1.029063    8.09293E-05    4.53641E-05
     447       1.029063    6.67747E-06    2.85940E-05
     448       1.029063    3.78585E-06    2.19270E-05
     449       1.029063    3.49708E-06    1.13533E-05
     ...Fission Source Extrapolated...
     450       1.029063    9.54991E-05    6.91982E-06
     451       1.029063    7.53874E-05    4.22579E-05
     452       1.029063    6.22045E-06    2.66350E-05
     453       1.029063    3.52668E-06    2.04228E-05
     454       1.029063    3.25768E-06    1.05760E-05
     ...Fission Source Extrapolated...
     455       1.029063    8.89610E-05    6.44490E-06
     456       1.029063    7.02264E-05    3.93652E-05
     457       1.029063    5.79481E-06    2.48108E-05
     458       1.029063    3.28532E-06    1.90222E-05
     459       1.029063    3.03474E-06    9.85216E-06

 ***********************************************
Effective Factor Multiplication : Keff = 1.029063
 ***********************************************


     Radial Power Distribution
   ==============================
           1       2       3       4       5       6       7       8       9
     9   0.728   1.277   1.418   1.190   0.610   0.953   0.961   0.779   0.000
     8   1.277   1.392   1.427   1.287   1.070   1.055   0.977   0.759   0.000
     7   1.418   1.427   1.365   1.308   1.179   1.089   1.001   0.713   0.000
     6   1.190   1.287   1.308   1.176   0.971   0.923   0.868   0.000   0.000
     5   0.610   1.070   1.179   0.971   0.477   0.701   0.613   0.000   0.000
     4   0.953   1.055   1.089   0.923   0.701   0.600   0.000   0.000   0.000
     3   0.961   0.977   1.001   0.868   0.613   0.000   0.000   0.000   0.000
     2   0.779   0.759   0.713   0.000   0.000   0.000   0.000   0.000   0.000
     1   0.000   0.000   0.000   0.000   0.000   0.000   0.000   0.000   0.000

   MAX POS.       Maximum Value
  (  8,  3)          1.427


     Axial Power Density Distribution
   ====================================

     Plane Number        Power      Height
    -----------------------------------------
        19  (Top)        0.000      380.00
        18               0.193      360.00
        17               0.352      340.00
        16               0.539      320.00
        15               0.744      300.00
        14               0.976      280.00
        13               1.183      260.00
        12               1.350      240.00
        11               1.471      220.00
        10               1.540      200.00
         9               1.555      180.00
         8               1.515      160.00
         7               1.421      140.00
         6               1.276      120.00
         5               1.086      100.00
         4               0.857       80.00
         3               0.597       60.00
         2               0.346       40.00
         1  (Bottom)     0.000       20.00

   MAX POS.       Maximum Value
    (  9)             1.555

     Radial Flux Distribution
   ==============================
    Group :   1
             1          2          3          4          5          6          7          8          9
     9   1.898E-02  2.445E-02  2.679E-02  2.278E-02  1.592E-02  1.827E-02  1.810E-02  1.256E-02  2.090E-03 
     8   2.445E-02  2.633E-02  2.699E-02  2.434E-02  2.049E-02  1.994E-02  1.836E-02  1.227E-02  1.996E-03 
     7   2.679E-02  2.699E-02  2.631E-02  2.475E-02  2.228E-02  2.052E-02  1.788E-02  1.028E-02  1.510E-03 
     6   2.278E-02  2.434E-02  2.475E-02  2.224E-02  1.857E-02  1.738E-02  1.387E-02  3.673E-03  4.410E-04 
     5   1.592E-02  2.049E-02  2.228E-02  1.857E-02  1.237E-02  1.271E-02  8.872E-03  1.493E-03  0.000E+00 
     4   1.827E-02  1.994E-02  2.052E-02  1.738E-02  1.271E-02  8.600E-03  2.458E-03  3.537E-04  0.000E+00 
     3   1.810E-02  1.836E-02  1.788E-02  1.387E-02  8.872E-03  2.458E-03  3.963E-04  0.000E+00  0.000E+00 
     2   1.256E-02  1.227E-02  1.028E-02  3.673E-03  1.493E-03  3.537E-04  0.000E+00  0.000E+00  0.000E+00 
     1   2.090E-03  1.996E-03  1.510E-03  4.410E-04  0.000E+00  0.000E+00  0.000E+00  0.000E+00  0.000E+00 

    Group :   2
             1          2          3          4          5          6          7          8          9
     9   1.103E-02  1.915E-02  2.126E-02  1.786E-02  9.251E-03  1.434E-02  1.445E-02  1.165E-02  1.614E-02 
     8   1.915E-02  2.086E-02  2.136E-02  1.930E-02  1.607E-02  1.586E-02  1.468E-02  1.135E-02  1.534E-02 
     7   2.126E-02  2.136E-02  2.032E-02  1.959E-02  1.771E-02  1.637E-02  1.501E-02  1.063E-02  1.181E-02 
     6   1.786E-02  1.930E-02  1.959E-02  1.764E-02  1.459E-02  1.388E-02  1.297E-02  2.510E-02  5.674E-03 
     5   9.251E-03  1.607E-02  1.771E-02  1.459E-02  7.216E-03  1.050E-02  9.129E-03  1.215E-02  0.000E+00 
     4   1.434E-02  1.586E-02  1.637E-02  1.388E-02  1.050E-02  8.925E-03  1.677E-02  4.502E-03  0.000E+00 
     3   1.445E-02  1.468E-02  1.501E-02  1.297E-02  9.129E-03  1.677E-02  5.152E-03  0.000E+00  0.000E+00 
     2   1.165E-02  1.135E-02  1.063E-02  2.510E-02  1.215E-02  4.502E-03  0.000E+00  0.000E+00  0.000E+00 
     1   1.614E-02  1.534E-02  1.181E-02  5.674E-03  0.000E+00  0.000E+00  0.000E+00  0.000E+00  0.000E+00 


 Total Time :    99.0625000     Seconds
