                                                                                
      /\               /\                                                       
     //\\             //\\                                                      
    //**\\           //**\\                                                     
   //****\\         //****\\                                                    
  //******\\       //******\\   ____                   _   _           _        
  ---------   /*\   ---------  / __ \                 | \ | |         | |       
             (***)            | |  | |_ __   ___ _ __ |  \| | ___   __| | ___   
              \*/             | |  | | "_ \ / _ \ "_ \| . ` |/ _"\ / _" |/ _ \  
                              | |__| | |_) |  __/ | | | |\  | |_) | (_| |  __/  
              //\\             \____/| .__/ \___)_| |_|_| \_|\___/ \___/ \___|  
             //**\\                  | |                                        
            //****\\                 |_|                                        
           //******\\                                                           
           ----------                                                           
                                                                                
 ____________________________________________________________
          | The OpenNode, Nodal Methods for Neutron Diffusion
 Version  | Version Number: 1.1                              
 Copyright| 2021 Radiation & Nuclear System Laboratory       
          | University Abdelmalk Essaadi                     
          | Faculty of Sciences, Tetouan, Morocco            
 Source   | FORTRAN90 version                                
 GUI      | PyQt5                                            
 Method   | The Nodal Expansion Method (NEM)                 
 Dimension| Three Dimensions (3D)                            
 Geometry | Cartesian                                        
 ____________________________________________________________
                        =====================
   Calculation Mode :    Adjoint Calculation 
   ----------------     =====================

            --------------------------------------------
            >>>> Writing Macroscopic Cross Sections <<<<
            --------------------------------------------
     Material  1
    Group   Transport    Diffusion  Absorption    Removal      Nu*Fiss      Kap*Fis    Fiss. Spctr
       1     0.115860    2.877036    0.004602    0.028203     0.011878     0.003912     0.768000
       2     0.212200    1.570845    0.003659    0.005275     0.005325     0.001829     0.232000
       3     0.461370    0.722486    0.012928    0.017612     0.010471     0.003633     0.000000
       4     0.345700    0.964227    0.026546    0.026546     0.026611     0.009241     0.000000
         --Scattering Matrix--
           G/G'          1          2          3          4
            1        0.000000    0.023597    0.000004    0.000000
            2        0.000000    0.000000    0.001615    0.000000
            3        0.000000    0.000000    0.000000    0.004684
            4        0.000000    0.000000    0.000000    0.000000
     Material  2
    Group   Transport    Diffusion  Absorption    Removal      Nu*Fiss      Kap*Fis    Fiss. Spctr
       1     0.115880    2.876539    0.005420    0.028687     0.014943     0.004853     0.768000
       2     0.212120    1.571438    0.004477    0.006049     0.007689     0.002638     0.232000
       3     0.467690    0.712723    0.015168    0.019509     0.014809     0.005133     0.000000
       4     0.353480    0.943005    0.033714    0.033714     0.038159     0.013238     0.000000
         --Scattering Matrix--
           G/G'          1          2          3          4
            1        0.000000    0.023262    0.000005    0.000000
            2        0.000000    0.000000    0.001572    0.000000
            3        0.000000    0.000000    0.000000    0.004341
            4        0.000000    0.000000    0.000000    0.000000
     Material  3
    Group   Transport    Diffusion  Absorption    Removal      Nu*Fiss      Kap*Fis    Fiss. Spctr
       1     0.145840    2.285610    0.003884    0.035959     0.007743     0.002769     0.768000
       2     0.284430    1.171935    0.003107    0.005885     0.000108     0.000044     0.232000
       3     0.527020    0.632487    0.010143    0.016040     0.000297     0.000123     0.000000
       4     0.407310    0.818377    0.013349    0.013349     0.000847     0.000350     0.000000
         --Scattering Matrix--
           G/G'          1          2          3          4
            1        0.000000    0.032071    0.000004    0.000000
            2        0.000000    0.000000    0.002778    0.000000
            3        0.000000    0.000000    0.000000    0.005897
            4        0.000000    0.000000    0.000000    0.000000
     Material  4
    Group   Transport    Diffusion  Absorption    Removal      Nu*Fiss      Kap*Fis    Fiss. Spctr
       1     0.122690    2.716875    0.002768    0.029093     0.005429     0.001945     0.768000
       2     0.231330    1.440943    0.002201    0.004490     0.000076     0.000031     0.232000
       3     0.462730    0.720362    0.007728    0.013082     0.000212     0.000088     0.000000
       4     0.337490    0.987684    0.009956    0.009956     0.000576     0.000238     0.000000
         --Scattering Matrix--
           G/G'          1          2          3          4
            1        0.000000    0.026322    0.000003    0.000000
            2        0.000000    0.000000    0.002289    0.000000
            3        0.000000    0.000000    0.000000    0.005354
            4        0.000000    0.000000    0.000000    0.000000
     Material  5
    Group   Transport    Diffusion  Absorption    Removal      Nu*Fiss      Kap*Fis    Fiss. Spctr
       1     0.133160    2.503254    0.001866    0.024813     0.000000     0.000000     0.768000
       2     0.253540    1.314717    0.012643    0.016412     0.000000     0.000000     0.232000
       3     0.580430    0.574287    0.063440    0.072121     0.000000     0.000000     0.000000
       4     0.541670    0.615381    0.168680    0.168680     0.000000     0.000000     0.000000
         --Scattering Matrix--
           G/G'          1          2          3          4
            1        0.000000    0.022946    0.000001    0.000000
            2        0.000000    0.000000    0.003769    0.000000
            3        0.000000    0.000000    0.000000    0.008681
            4        0.000000    0.000000    0.000000    0.000000
     Material  6
    Group   Transport    Diffusion  Absorption    Removal      Nu*Fiss      Kap*Fis    Fiss. Spctr
       1     0.072200    4.616805    0.000216    0.013159     0.000000     0.000000     0.768000
       2     0.114870    2.901831    0.000168    0.001455     0.000000     0.000000     0.232000
       3     0.326410    1.021211    0.001144    0.004597     0.000000     0.000000     0.000000
       4     0.192720    1.729625    0.000787    0.000787     0.000000     0.000000     0.000000
         --Scattering Matrix--
           G/G'          1          2          3          4
            1        0.000000    0.012942    0.000001    0.000000
            2        0.000000    0.000000    0.001287    0.000000
            3        0.000000    0.000000    0.000000    0.003453
            4        0.000000    0.000000    0.000000    0.000000

            -------------------------------
            >>>>>Wrting Core Geometry<<<<<
            -------------------------------
  Number of Assembly in x, y and z Directions Respectively :
          19          19          18
  Number of Nodes in x, y and z Directions Respectively :
          38          38          36

  x-Directed Nodes Divison (Delta-x)
     2.70   2.70   2.70   2.70   2.70   2.70   2.70   2.70   2.70   2.70
     2.70   2.70   2.70   2.70   2.70   2.70   2.70   2.70   2.70   2.70
     2.70   2.70   2.70   2.70   2.70   2.70   2.70   2.70   2.70   2.70
     2.70   2.70   2.70   2.70   2.70   2.70   4.05   4.05
  y-Directed Nodes Divison (Delta-y)
     4.05   4.05   2.70   2.70   2.70   2.70   2.70   2.70   2.70   2.70
     2.70   2.70   2.70   2.70   2.70   2.70   2.70   2.70   2.70   2.70
     2.70   2.70   2.70   2.70   2.70   2.70   2.70   2.70   2.70   2.70
     2.70   2.70   2.70   2.70   2.70   2.70   2.70   2.70
  Planar Region :  1
        1  2  3  4  5  6  7  8  9 10 11 12 13 14 15 16 17 18 19 20 21 22 23 24 25 26 27 28 29 30 31 32 33 34 35 36
    38  4  4  4  4  4  4  4  4  4  4  6  6  6  6  4  4  4  4  6  6  6  6  4  4  4  4  4  4  3  3  3  3  3  3  3  3 
    37  4  4  4  4  4  4  4  4  4  4  6  6  6  6  4  4  4  4  6  6  6  6  4  4  4  4  4  4  3  3  3  3  3  3  3  3 
    36  4  4  4  4  4  4  4  4  4  4  4  4  4  4  4  4  4  4  4  4  4  4  4  4  4  4  4  4  3  3  3  3  3  3  3  3 
    35  4  4  4  4  4  4  4  4  4  4  4  4  4  4  4  4  4  4  4  4  4  4  4  4  4  4  4  4  3  3  3  3  3  3  3  3 
    34  4  4  4  4  4  4  4  4  4  4  4  4  4  4  4  4  4  4  4  4  4  4  4  4  4  4  4  4  3  3  3  3  3  3  3  3 
    33  4  4  4  4  4  4  4  4  4  4  4  4  4  4  4  4  4  4  4  4  4  4  4  4  4  4  4  4  3  3  3  3  3  3  3  3 
    32  4  4  4  4  4  4  4  4  4  4  4  4  4  4  4  4  4  4  4  4  4  4  4  4  4  4  4  4  3  3  3  3  3  3  3  3 
    31  4  4  4  4  4  4  4  4  4  4  4  4  4  4  4  4  4  4  4  4  4  4  4  4  4  4  4  4  3  3  3  3  3  3  3  3 
    30  4  4  4  4  6  6  6  6  4  4  4  4  4  4  4  4  6  6  6  6  4  4  4  4  4  4  4  4  3  3  3  3  3  3  3  3 
    29  4  4  4  4  6  6  6  6  4  4  4  4  4  4  4  4  6  6  6  6  4  4  4  4  4  4  4  4  3  3  3  3  3  3  3  3 
    28  4  4  4  4  6  6  6  6  4  4  4  4  4  4  4  4  6  6  6  6  4  4  4  4  4  4  4  4  3  3  3  3  3  3  3  3 
    27  4  4  4  4  6  6  6  6  4  4  4  4  4  4  4  4  6  6  6  6  4  4  4  4  4  4  4  4  3  3  3  3  3  3  3  3 
    26  4  4  4  4  4  4  4  4  4  4  4  4  4  4  4  4  4  4  4  4  4  4  4  4  4  4  3  3  3  3  3  3  3  3  3  3 
    25  4  4  4  4  4  4  4  4  4  4  4  4  4  4  4  4  4  4  4  4  4  4  4  4  4  4  3  3  3  3  3  3  3  3  3  3 
    24  4  4  4  4  4  4  4  4  4  4  4  4  4  4  4  4  4  4  4  4  4  4  4  4  4  4  3  3  3  3  3  3  3  3  3  3 
    23  4  4  4  4  4  4  4  4  4  4  4  4  4  4  4  4  4  4  4  4  4  4  4  4  4  4  3  3  3  3  3  3  3  3  3  3 
    22  4  4  4  4  4  4  4  4  6  6  6  6  4  4  4  4  4  4  4  4  4  4  4  4  3  3  3  3  3  3  3  3  3  3  3  3 
    21  4  4  4  4  4  4  4  4  6  6  6  6  4  4  4  4  4  4  4  4  4  4  4  4  3  3  3  3  3  3  3  3  3  3  3  3 
    20  6  6  4  4  4  4  4  4  6  6  6  6  4  4  4  4  4  4  4  4  4  4  3  3  3  3  3  3  3  3  3  3  3  3  3  3 
    19  6  6  4  4  4  4  4  4  6  6  6  6  4  4  4  4  4  4  4  4  4  4  3  3  3  3  3  3  3  3  3  3  3  3  3  3 
    18  6  6  4  4  4  4  4  4  4  4  4  4  4  4  4  4  4  4  4  4  3  3  3  3  3  3  3  3  3  3  3  3  3  3  3  3 
    17  6  6  4  4  4  4  4  4  4  4  4  4  4  4  4  4  4  4  4  4  3  3  3  3  3  3  3  3  3  3  3  3  3  3  3  3 
    16  4  4  4  4  4  4  4  4  4  4  4  4  4  4  4  4  4  4  3  3  3  3  3  3  3  3  3  3  3  3  3  3  3  3  3  3 
    15  4  4  4  4  4  4  4  4  4  4  4  4  4  4  4  4  4  4  3  3  3  3  3  3  3  3  3  3  3  3  3  3  3  3  3  3 
    14  4  4  4  4  4  4  4  4  4  4  4  4  4  4  4  4  3  3  3  3  3  3  3  3  3  3  3  3  3  3  3  3  3  3  3  3 
    13  4  4  4  4  4  4  4  4  4  4  4  4  4  4  4  4  3  3  3  3  3  3  3  3  3  3  3  3  3  3  3  3  3  3  3  3 
    12  4  4  4  4  4  4  4  4  4  4  4  4  3  3  3  3  3  3  3  3  3  3  3  3  3  3  3  3  3  3  3  3  3  3  3  3 
    11  4  4  4  4  4  4  4  4  4  4  4  4  3  3  3  3  3  3  3  3  3  3  3  3  3  3  3  3  3  3  3  3  3  3  3  3 
    10  3  3  3  3  3  3  3  3  3  3  3  3  3  3  3  3  3  3  3  3  3  3  3  3  3  3  3  3  3  3  3  3  3  3  3  3 
     9  3  3  3  3  3  3  3  3  3  3  3  3  3  3  3  3  3  3  3  3  3  3  3  3  3  3  3  3  3  3  3  3  3  3  3  3 
     8  3  3  3  3  3  3  3  3  3  3  3  3  3  3  3  3  3  3  3  3  3  3  3  3  3  3  3  3  3  3  3  3  3  3  3  3 
     7  3  3  3  3  3  3  3  3  3  3  3  3  3  3  3  3  3  3  3  3  3  3  3  3  3  3  3  3  3  3  3  3  3  3  3  3 
     6  3  3  3  3  3  3  3  3  3  3  3  3  3  3  3  3  3  3  3  3  3  3  3  3  3  3  3  3  3  3  3  3  3  3  3  3 
     5  3  3  3  3  3  3  3  3  3  3  3  3  3  3  3  3  3  3  3  3  3  3  3  3  3  3  3  3  3  3  3  3  3  3  3  3 
     4  3  3  3  3  3  3  3  3  3  3  3  3  3  3  3  3  3  3  3  3  3  3  3  3  3  3  3  3  3  3  3  3  3  3  3  3 
     3  3  3  3  3  3  3  3  3  3  3  3  3  3  3  3  3  3  3  3  3  3  3  3  3  3  3  3  3  3  3  3  3  3  3  3  3 
     2  3  3  3  3  3  3  3  3  3  3  3  3  3  3  3  3  3  3  3  3  3  3  3  3  3  3  3  3  3  3  3  3  3  3  3  3 
     1  3  3  3  3  3  3  3  3  3  3  3  3  3  3  3  3  3  3  3  3  3  3  3  3  3  3  3  3  3  3  3  3  3  3  3  3 
       37 38
    38  3  3 
    37  3  3 
    36  3  3 
    35  3  3 
    34  3  3 
    33  3  3 
    32  3  3 
    31  3  3 
    30  3  3 
    29  3  3 
    28  3  3 
    27  3  3 
    26  3  3 
    25  3  3 
    24  3  3 
    23  3  3 
    22  3  3 
    21  3  3 
    20  3  3 
    19  3  3 
    18  3  3 
    17  3  3 
    16  3  3 
    15  3  3 
    14  3  3 
    13  3  3 
    12  3  3 
    11  3  3 
    10  3  3 
     9  3  3 
     8  3  3 
     7  3  3 
     6  3  3 
     5  3  3 
     4  3  3 
     3  3  3 
     2  3  3 
     1  3  3 
  Planar Region :  2
        1  2  3  4  5  6  7  8  9 10 11 12 13 14 15 16 17 18 19 20 21 22 23 24 25 26 27 28 29 30 31 32 33 34 35 36
    38  4  4  4  4  4  4  4  4  4  4  6  6  6  6  4  4  4  4  6  6  6  6  4  4  4  4  4  4  3  3  3  3  3  3  3  3 
    37  4  4  4  4  4  4  4  4  4  4  6  6  6  6  4  4  4  4  6  6  6  6  4  4  4  4  4  4  3  3  3  3  3  3  3  3 
    36  4  4  4  4  4  4  4  4  4  4  4  4  4  4  4  4  4  4  4  4  4  4  4  4  4  4  4  4  3  3  3  3  3  3  3  3 
    35  4  4  4  4  4  4  4  4  4  4  4  4  4  4  4  4  4  4  4  4  4  4  4  4  4  4  4  4  3  3  3  3  3  3  3  3 
    34  4  4  4  4  4  4  4  4  4  4  4  4  4  4  4  4  4  4  4  4  4  4  4  4  4  4  4  4  3  3  3  3  3  3  3  3 
    33  4  4  4  4  4  4  4  4  4  4  4  4  4  4  4  4  4  4  4  4  4  4  4  4  4  4  4  4  3  3  3  3  3  3  3  3 
    32  4  4  4  4  4  4  4  4  4  4  4  4  4  4  4  4  4  4  4  4  4  4  4  4  4  4  4  4  3  3  3  3  3  3  3  3 
    31  4  4  4  4  4  4  4  4  4  4  4  4  4  4  4  4  4  4  4  4  4  4  4  4  4  4  4  4  3  3  3  3  3  3  3  3 
    30  4  4  4  4  6  6  6  6  4  4  4  4  4  4  4  4  6  6  6  6  4  4  4  4  4  4  4  4  3  3  3  3  3  3  3  3 
    29  4  4  4  4  6  6  6  6  4  4  4  4  4  4  4  4  6  6  6  6  4  4  4  4  4  4  4  4  3  3  3  3  3  3  3  3 
    28  4  4  4  4  6  6  6  6  4  4  4  4  4  4  4  4  6  6  6  6  4  4  4  4  4  4  4  4  3  3  3  3  3  3  3  3 
    27  4  4  4  4  6  6  6  6  4  4  4  4  4  4  4  4  6  6  6  6  4  4  4  4  4  4  4  4  3  3  3  3  3  3  3  3 
    26  4  4  4  4  4  4  4  4  4  4  4  4  4  4  4  4  4  4  4  4  4  4  4  4  4  4  3  3  3  3  3  3  3  3  3  3 
    25  4  4  4  4  4  4  4  4  4  4  4  4  4  4  4  4  4  4  4  4  4  4  4  4  4  4  3  3  3  3  3  3  3  3  3  3 
    24  4  4  4  4  4  4  4  4  4  4  4  4  4  4  4  4  4  4  4  4  4  4  4  4  4  4  3  3  3  3  3  3  3  3  3  3 
    23  4  4  4  4  4  4  4  4  4  4  4  4  4  4  4  4  4  4  4  4  4  4  4  4  4  4  3  3  3  3  3  3  3  3  3  3 
    22  4  4  4  4  4  4  4  4  6  6  6  6  4  4  4  4  4  4  4  4  4  4  4  4  3  3  3  3  3  3  3  3  3  3  3  3 
    21  4  4  4  4  4  4  4  4  6  6  6  6  4  4  4  4  4  4  4  4  4  4  4  4  3  3  3  3  3  3  3  3  3  3  3  3 
    20  6  6  4  4  4  4  4  4  6  6  6  6  4  4  4  4  4  4  4  4  4  4  3  3  3  3  3  3  3  3  3  3  3  3  3  3 
    19  6  6  4  4  4  4  4  4  6  6  6  6  4  4  4  4  4  4  4  4  4  4  3  3  3  3  3  3  3  3  3  3  3  3  3  3 
    18  6  6  4  4  4  4  4  4  4  4  4  4  4  4  4  4  4  4  4  4  3  3  3  3  3  3  3  3  3  3  3  3  3  3  3  3 
    17  6  6  4  4  4  4  4  4  4  4  4  4  4  4  4  4  4  4  4  4  3  3  3  3  3  3  3  3  3  3  3  3  3  3  3  3 
    16  4  4  4  4  4  4  4  4  4  4  4  4  4  4  4  4  4  4  3  3  3  3  3  3  3  3  3  3  3  3  3  3  3  3  3  3 
    15  4  4  4  4  4  4  4  4  4  4  4  4  4  4  4  4  4  4  3  3  3  3  3  3  3  3  3  3  3  3  3  3  3  3  3  3 
    14  4  4  4  4  4  4  4  4  4  4  4  4  4  4  4  4  3  3  3  3  3  3  3  3  3  3  3  3  3  3  3  3  3  3  3  3 
    13  4  4  4  4  4  4  4  4  4  4  4  4  4  4  4  4  3  3  3  3  3  3  3  3  3  3  3  3  3  3  3  3  3  3  3  3 
    12  4  4  4  4  4  4  4  4  4  4  4  4  3  3  3  3  3  3  3  3  3  3  3  3  3  3  3  3  3  3  3  3  3  3  3  3 
    11  4  4  4  4  4  4  4  4  4  4  4  4  3  3  3  3  3  3  3  3  3  3  3  3  3  3  3  3  3  3  3  3  3  3  3  3 
    10  3  3  3  3  3  3  3  3  3  3  3  3  3  3  3  3  3  3  3  3  3  3  3  3  3  3  3  3  3  3  3  3  3  3  3  3 
     9  3  3  3  3  3  3  3  3  3  3  3  3  3  3  3  3  3  3  3  3  3  3  3  3  3  3  3  3  3  3  3  3  3  3  3  3 
     8  3  3  3  3  3  3  3  3  3  3  3  3  3  3  3  3  3  3  3  3  3  3  3  3  3  3  3  3  3  3  3  3  3  3  3  3 
     7  3  3  3  3  3  3  3  3  3  3  3  3  3  3  3  3  3  3  3  3  3  3  3  3  3  3  3  3  3  3  3  3  3  3  3  3 
     6  3  3  3  3  3  3  3  3  3  3  3  3  3  3  3  3  3  3  3  3  3  3  3  3  3  3  3  3  3  3  3  3  3  3  3  3 
     5  3  3  3  3  3  3  3  3  3  3  3  3  3  3  3  3  3  3  3  3  3  3  3  3  3  3  3  3  3  3  3  3  3  3  3  3 
     4  3  3  3  3  3  3  3  3  3  3  3  3  3  3  3  3  3  3  3  3  3  3  3  3  3  3  3  3  3  3  3  3  3  3  3  3 
     3  3  3  3  3  3  3  3  3  3  3  3  3  3  3  3  3  3  3  3  3  3  3  3  3  3  3  3  3  3  3  3  3  3  3  3  3 
     2  3  3  3  3  3  3  3  3  3  3  3  3  3  3  3  3  3  3  3  3  3  3  3  3  3  3  3  3  3  3  3  3  3  3  3  3 
     1  3  3  3  3  3  3  3  3  3  3  3  3  3  3  3  3  3  3  3  3  3  3  3  3  3  3  3  3  3  3  3  3  3  3  3  3 
       37 38
    38  3  3 
    37  3  3 
    36  3  3 
    35  3  3 
    34  3  3 
    33  3  3 
    32  3  3 
    31  3  3 
    30  3  3 
    29  3  3 
    28  3  3 
    27  3  3 
    26  3  3 
    25  3  3 
    24  3  3 
    23  3  3 
    22  3  3 
    21  3  3 
    20  3  3 
    19  3  3 
    18  3  3 
    17  3  3 
    16  3  3 
    15  3  3 
    14  3  3 
    13  3  3 
    12  3  3 
    11  3  3 
    10  3  3 
     9  3  3 
     8  3  3 
     7  3  3 
     6  3  3 
     5  3  3 
     4  3  3 
     3  3  3 
     2  3  3 
     1  3  3 
  Planar Region :  3
        1  2  3  4  5  6  7  8  9 10 11 12 13 14 15 16 17 18 19 20 21 22 23 24 25 26 27 28 29 30 31 32 33 34 35 36
    38  4  4  4  4  4  4  4  4  4  4  6  6  6  6  4  4  4  4  6  6  6  6  4  4  4  4  4  4  3  3  3  3  3  3  3  3 
    37  4  4  4  4  4  4  4  4  4  4  6  6  6  6  4  4  4  4  6  6  6  6  4  4  4  4  4  4  3  3  3  3  3  3  3  3 
    36  4  4  4  4  4  4  4  4  4  4  4  4  4  4  4  4  4  4  4  4  4  4  4  4  4  4  4  4  3  3  3  3  3  3  3  3 
    35  4  4  4  4  4  4  4  4  4  4  4  4  4  4  4  4  4  4  4  4  4  4  4  4  4  4  4  4  3  3  3  3  3  3  3  3 
    34  4  4  4  4  4  4  4  4  4  4  4  4  4  4  4  4  4  4  4  4  4  4  4  4  4  4  4  4  3  3  3  3  3  3  3  3 
    33  4  4  4  4  4  4  4  4  4  4  4  4  4  4  4  4  4  4  4  4  4  4  4  4  4  4  4  4  3  3  3  3  3  3  3  3 
    32  4  4  4  4  4  4  4  4  4  4  4  4  4  4  4  4  4  4  4  4  4  4  4  4  4  4  4  4  3  3  3  3  3  3  3  3 
    31  4  4  4  4  4  4  4  4  4  4  4  4  4  4  4  4  4  4  4  4  4  4  4  4  4  4  4  4  3  3  3  3  3  3  3  3 
    30  4  4  4  4  6  6  6  6  4  4  4  4  4  4  4  4  6  6  6  6  4  4  4  4  4  4  4  4  3  3  3  3  3  3  3  3 
    29  4  4  4  4  6  6  6  6  4  4  4  4  4  4  4  4  6  6  6  6  4  4  4  4  4  4  4  4  3  3  3  3  3  3  3  3 
    28  4  4  4  4  6  6  6  6  4  4  4  4  4  4  4  4  6  6  6  6  4  4  4  4  4  4  4  4  3  3  3  3  3  3  3  3 
    27  4  4  4  4  6  6  6  6  4  4  4  4  4  4  4  4  6  6  6  6  4  4  4  4  4  4  4  4  3  3  3  3  3  3  3  3 
    26  4  4  4  4  4  4  4  4  4  4  4  4  4  4  4  4  4  4  4  4  4  4  4  4  4  4  3  3  3  3  3  3  3  3  3  3 
    25  4  4  4  4  4  4  4  4  4  4  4  4  4  4  4  4  4  4  4  4  4  4  4  4  4  4  3  3  3  3  3  3  3  3  3  3 
    24  4  4  4  4  4  4  4  4  4  4  4  4  4  4  4  4  4  4  4  4  4  4  4  4  4  4  3  3  3  3  3  3  3  3  3  3 
    23  4  4  4  4  4  4  4  4  4  4  4  4  4  4  4  4  4  4  4  4  4  4  4  4  4  4  3  3  3  3  3  3  3  3  3  3 
    22  4  4  4  4  4  4  4  4  6  6  6  6  4  4  4  4  4  4  4  4  4  4  4  4  3  3  3  3  3  3  3  3  3  3  3  3 
    21  4  4  4  4  4  4  4  4  6  6  6  6  4  4  4  4  4  4  4  4  4  4  4  4  3  3  3  3  3  3  3  3  3  3  3  3 
    20  6  6  4  4  4  4  4  4  6  6  6  6  4  4  4  4  4  4  4  4  4  4  3  3  3  3  3  3  3  3  3  3  3  3  3  3 
    19  6  6  4  4  4  4  4  4  6  6  6  6  4  4  4  4  4  4  4  4  4  4  3  3  3  3  3  3  3  3  3  3  3  3  3  3 
    18  6  6  4  4  4  4  4  4  4  4  4  4  4  4  4  4  4  4  4  4  3  3  3  3  3  3  3  3  3  3  3  3  3  3  3  3 
    17  6  6  4  4  4  4  4  4  4  4  4  4  4  4  4  4  4  4  4  4  3  3  3  3  3  3  3  3  3  3  3  3  3  3  3  3 
    16  4  4  4  4  4  4  4  4  4  4  4  4  4  4  4  4  4  4  3  3  3  3  3  3  3  3  3  3  3  3  3  3  3  3  3  3 
    15  4  4  4  4  4  4  4  4  4  4  4  4  4  4  4  4  4  4  3  3  3  3  3  3  3  3  3  3  3  3  3  3  3  3  3  3 
    14  4  4  4  4  4  4  4  4  4  4  4  4  4  4  4  4  3  3  3  3  3  3  3  3  3  3  3  3  3  3  3  3  3  3  3  3 
    13  4  4  4  4  4  4  4  4  4  4  4  4  4  4  4  4  3  3  3  3  3  3  3  3  3  3  3  3  3  3  3  3  3  3  3  3 
    12  4  4  4  4  4  4  4  4  4  4  4  4  3  3  3  3  3  3  3  3  3  3  3  3  3  3  3  3  3  3  3  3  3  3  3  3 
    11  4  4  4  4  4  4  4  4  4  4  4  4  3  3  3  3  3  3  3  3  3  3  3  3  3  3  3  3  3  3  3  3  3  3  3  3 
    10  3  3  3  3  3  3  3  3  3  3  3  3  3  3  3  3  3  3  3  3  3  3  3  3  3  3  3  3  3  3  3  3  3  3  3  3 
     9  3  3  3  3  3  3  3  3  3  3  3  3  3  3  3  3  3  3  3  3  3  3  3  3  3  3  3  3  3  3  3  3  3  3  3  3 
     8  3  3  3  3  3  3  3  3  3  3  3  3  3  3  3  3  3  3  3  3  3  3  3  3  3  3  3  3  3  3  3  3  3  3  3  3 
     7  3  3  3  3  3  3  3  3  3  3  3  3  3  3  3  3  3  3  3  3  3  3  3  3  3  3  3  3  3  3  3  3  3  3  3  3 
     6  3  3  3  3  3  3  3  3  3  3  3  3  3  3  3  3  3  3  3  3  3  3  3  3  3  3  3  3  3  3  3  3  3  3  3  3 
     5  3  3  3  3  3  3  3  3  3  3  3  3  3  3  3  3  3  3  3  3  3  3  3  3  3  3  3  3  3  3  3  3  3  3  3  3 
     4  3  3  3  3  3  3  3  3  3  3  3  3  3  3  3  3  3  3  3  3  3  3  3  3  3  3  3  3  3  3  3  3  3  3  3  3 
     3  3  3  3  3  3  3  3  3  3  3  3  3  3  3  3  3  3  3  3  3  3  3  3  3  3  3  3  3  3  3  3  3  3  3  3  3 
     2  3  3  3  3  3  3  3  3  3  3  3  3  3  3  3  3  3  3  3  3  3  3  3  3  3  3  3  3  3  3  3  3  3  3  3  3 
     1  3  3  3  3  3  3  3  3  3  3  3  3  3  3  3  3  3  3  3  3  3  3  3  3  3  3  3  3  3  3  3  3  3  3  3  3 
       37 38
    38  3  3 
    37  3  3 
    36  3  3 
    35  3  3 
    34  3  3 
    33  3  3 
    32  3  3 
    31  3  3 
    30  3  3 
    29  3  3 
    28  3  3 
    27  3  3 
    26  3  3 
    25  3  3 
    24  3  3 
    23  3  3 
    22  3  3 
    21  3  3 
    20  3  3 
    19  3  3 
    18  3  3 
    17  3  3 
    16  3  3 
    15  3  3 
    14  3  3 
    13  3  3 
    12  3  3 
    11  3  3 
    10  3  3 
     9  3  3 
     8  3  3 
     7  3  3 
     6  3  3 
     5  3  3 
     4  3  3 
     3  3  3 
     2  3  3 
     1  3  3 
  Planar Region :  4
        1  2  3  4  5  6  7  8  9 10 11 12 13 14 15 16 17 18 19 20 21 22 23 24 25 26 27 28 29 30 31 32 33 34 35 36
    38  4  4  4  4  4  4  4  4  4  4  6  6  6  6  4  4  4  4  6  6  6  6  4  4  4  4  4  4  3  3  3  3  3  3  3  3 
    37  4  4  4  4  4  4  4  4  4  4  6  6  6  6  4  4  4  4  6  6  6  6  4  4  4  4  4  4  3  3  3  3  3  3  3  3 
    36  4  4  4  4  4  4  4  4  4  4  4  4  4  4  4  4  4  4  4  4  4  4  4  4  4  4  4  4  3  3  3  3  3  3  3  3 
    35  4  4  4  4  4  4  4  4  4  4  4  4  4  4  4  4  4  4  4  4  4  4  4  4  4  4  4  4  3  3  3  3  3  3  3  3 
    34  4  4  4  4  4  4  4  4  4  4  4  4  4  4  4  4  4  4  4  4  4  4  4  4  4  4  4  4  3  3  3  3  3  3  3  3 
    33  4  4  4  4  4  4  4  4  4  4  4  4  4  4  4  4  4  4  4  4  4  4  4  4  4  4  4  4  3  3  3  3  3  3  3  3 
    32  4  4  4  4  4  4  4  4  4  4  4  4  4  4  4  4  4  4  4  4  4  4  4  4  4  4  4  4  3  3  3  3  3  3  3  3 
    31  4  4  4  4  4  4  4  4  4  4  4  4  4  4  4  4  4  4  4  4  4  4  4  4  4  4  4  4  3  3  3  3  3  3  3  3 
    30  4  4  4  4  6  6  6  6  4  4  4  4  4  4  4  4  6  6  6  6  4  4  4  4  4  4  4  4  3  3  3  3  3  3  3  3 
    29  4  4  4  4  6  6  6  6  4  4  4  4  4  4  4  4  6  6  6  6  4  4  4  4  4  4  4  4  3  3  3  3  3  3  3  3 
    28  4  4  4  4  6  6  6  6  4  4  4  4  4  4  4  4  6  6  6  6  4  4  4  4  4  4  4  4  3  3  3  3  3  3  3  3 
    27  4  4  4  4  6  6  6  6  4  4  4  4  4  4  4  4  6  6  6  6  4  4  4  4  4  4  4  4  3  3  3  3  3  3  3  3 
    26  4  4  4  4  4  4  4  4  4  4  4  4  4  4  4  4  4  4  4  4  4  4  4  4  4  4  3  3  3  3  3  3  3  3  3  3 
    25  4  4  4  4  4  4  4  4  4  4  4  4  4  4  4  4  4  4  4  4  4  4  4  4  4  4  3  3  3  3  3  3  3  3  3  3 
    24  4  4  4  4  4  4  4  4  4  4  4  4  4  4  4  4  4  4  4  4  4  4  4  4  4  4  3  3  3  3  3  3  3  3  3  3 
    23  4  4  4  4  4  4  4  4  4  4  4  4  4  4  4  4  4  4  4  4  4  4  4  4  4  4  3  3  3  3  3  3  3  3  3  3 
    22  4  4  4  4  4  4  4  4  6  6  6  6  4  4  4  4  4  4  4  4  4  4  4  4  3  3  3  3  3  3  3  3  3  3  3  3 
    21  4  4  4  4  4  4  4  4  6  6  6  6  4  4  4  4  4  4  4  4  4  4  4  4  3  3  3  3  3  3  3  3  3  3  3  3 
    20  6  6  4  4  4  4  4  4  6  6  6  6  4  4  4  4  4  4  4  4  4  4  3  3  3  3  3  3  3  3  3  3  3  3  3  3 
    19  6  6  4  4  4  4  4  4  6  6  6  6  4  4  4  4  4  4  4  4  4  4  3  3  3  3  3  3  3  3  3  3  3  3  3  3 
    18  6  6  4  4  4  4  4  4  4  4  4  4  4  4  4  4  4  4  4  4  3  3  3  3  3  3  3  3  3  3  3  3  3  3  3  3 
    17  6  6  4  4  4  4  4  4  4  4  4  4  4  4  4  4  4  4  4  4  3  3  3  3  3  3  3  3  3  3  3  3  3  3  3  3 
    16  4  4  4  4  4  4  4  4  4  4  4  4  4  4  4  4  4  4  3  3  3  3  3  3  3  3  3  3  3  3  3  3  3  3  3  3 
    15  4  4  4  4  4  4  4  4  4  4  4  4  4  4  4  4  4  4  3  3  3  3  3  3  3  3  3  3  3  3  3  3  3  3  3  3 
    14  4  4  4  4  4  4  4  4  4  4  4  4  4  4  4  4  3  3  3  3  3  3  3  3  3  3  3  3  3  3  3  3  3  3  3  3 
    13  4  4  4  4  4  4  4  4  4  4  4  4  4  4  4  4  3  3  3  3  3  3  3  3  3  3  3  3  3  3  3  3  3  3  3  3 
    12  4  4  4  4  4  4  4  4  4  4  4  4  3  3  3  3  3  3  3  3  3  3  3  3  3  3  3  3  3  3  3  3  3  3  3  3 
    11  4  4  4  4  4  4  4  4  4  4  4  4  3  3  3  3  3  3  3  3  3  3  3  3  3  3  3  3  3  3  3  3  3  3  3  3 
    10  3  3  3  3  3  3  3  3  3  3  3  3  3  3  3  3  3  3  3  3  3  3  3  3  3  3  3  3  3  3  3  3  3  3  3  3 
     9  3  3  3  3  3  3  3  3  3  3  3  3  3  3  3  3  3  3  3  3  3  3  3  3  3  3  3  3  3  3  3  3  3  3  3  3 
     8  3  3  3  3  3  3  3  3  3  3  3  3  3  3  3  3  3  3  3  3  3  3  3  3  3  3  3  3  3  3  3  3  3  3  3  3 
     7  3  3  3  3  3  3  3  3  3  3  3  3  3  3  3  3  3  3  3  3  3  3  3  3  3  3  3  3  3  3  3  3  3  3  3  3 
     6  3  3  3  3  3  3  3  3  3  3  3  3  3  3  3  3  3  3  3  3  3  3  3  3  3  3  3  3  3  3  3  3  3  3  3  3 
     5  3  3  3  3  3  3  3  3  3  3  3  3  3  3  3  3  3  3  3  3  3  3  3  3  3  3  3  3  3  3  3  3  3  3  3  3 
     4  3  3  3  3  3  3  3  3  3  3  3  3  3  3  3  3  3  3  3  3  3  3  3  3  3  3  3  3  3  3  3  3  3  3  3  3 
     3  3  3  3  3  3  3  3  3  3  3  3  3  3  3  3  3  3  3  3  3  3  3  3  3  3  3  3  3  3  3  3  3  3  3  3  3 
     2  3  3  3  3  3  3  3  3  3  3  3  3  3  3  3  3  3  3  3  3  3  3  3  3  3  3  3  3  3  3  3  3  3  3  3  3 
     1  3  3  3  3  3  3  3  3  3  3  3  3  3  3  3  3  3  3  3  3  3  3  3  3  3  3  3  3  3  3  3  3  3  3  3  3 
       37 38
    38  3  3 
    37  3  3 
    36  3  3 
    35  3  3 
    34  3  3 
    33  3  3 
    32  3  3 
    31  3  3 
    30  3  3 
    29  3  3 
    28  3  3 
    27  3  3 
    26  3  3 
    25  3  3 
    24  3  3 
    23  3  3 
    22  3  3 
    21  3  3 
    20  3  3 
    19  3  3 
    18  3  3 
    17  3  3 
    16  3  3 
    15  3  3 
    14  3  3 
    13  3  3 
    12  3  3 
    11  3  3 
    10  3  3 
     9  3  3 
     8  3  3 
     7  3  3 
     6  3  3 
     5  3  3 
     4  3  3 
     3  3  3 
     2  3  3 
     1  3  3 

  Planar Region Assignment to Planes.
 -------------------------------------
   Plane Number     Planar Region    Delta-z
       36 (Top)            3           5.00
       35                  3           5.00
       34                  3           5.00
       33                  3           5.00
       32                  3           5.00
       31                  3           5.00
       30                  3           5.00
       29                  3           5.00
       28                  2           4.75
       27                  2           4.75
       26                  2           4.75
       25                  2           4.75
       24                  2           4.75
       23                  2           4.75
       22                  2           4.75
       21                  2           4.75
       20                  2           4.75
       19                  2           4.75
       18                  1           4.75
       17                  1           4.75
       16                  1           4.75
       15                  1           4.75
       14                  1           4.75
       13                  1           4.75
       12                  1           4.75
       11                  1           4.75
       10                  1           4.75
        9                  1           4.75
        8                  4           5.00
        7                  4           5.00
        6                  4           5.00
        5                  4           5.00
        4                  4           5.00
        3                  4           5.00
        2                  4           5.00
        1 (Bottom)         4           5.00

   Boundary Conditions
   -------------------
  X-Directed West   : Reflective
  X-Directed East   : Zero Incoming Current
  Y-Directed North  : Reflective
  Y-Directed South  : Zero Incoming Current
  Z-Directed Bottom : Zero Incoming Current
  Z-Directed Top    : Zero Incoming Current

  ...Core Geometry is Sucessfully Read...
     ---------------------------------


  ================================================================================================
                                        Calculation Results
  ================================================================================================

   Iteration    Keff     FissSrc Error   Inner Error
  ----------------------------------------------------
    1     3.634754    7.49915E-01    7.50133E-01
    2     3.397027    1.01477E+00    1.43100E+00
    3     3.202370    5.08526E-01    7.78023E-01
    4     3.035654    3.74393E-01    5.71128E-01
     ...Fission Source Extrapolated...
    5     1.740836    7.61455E+03    4.63381E-01
    6     2.759512    2.70578E+00    4.24613E-01
    7     2.638771    1.90649E-01    3.42675E-01
    8     2.525559    1.71683E-01    3.16272E-01
    9     2.419583    1.61922E-01    2.92996E-01
     ...Fission Source Extrapolated...
   10     0.816206    6.39823E+05    2.73788E-01
   11     2.240448    2.67465E+00    3.36203E-01
   12     2.156648    1.10355E-01    2.34135E-01
   13     2.075104    1.03029E-01    2.24013E-01
   14     1.997525    1.06274E-01    2.18026E-01
     ...Fission Source Extrapolated...
   15     0.598251    1.12576E+05    2.10547E-01
   16     1.870467    2.14787E+00    3.23934E-01
   17     1.809227    8.91053E-02    1.96385E-01
   18     1.748784    8.11575E-02    1.87768E-01
   19     1.691161    8.52109E-02    1.84502E-01
     ...Fission Source Extrapolated...
   20     0.645149    3.70311E+05    1.80451E-01
   21     1.596527    1.69969E+00    2.91132E-01
   22     1.550942    8.13869E-02    1.71580E-01
   23     1.506241    7.53020E-02    1.67386E-01
   24     1.463839    7.80223E-02    1.64501E-01
     ...Fission Source Extrapolated...
   25     0.755886    2.59443E+05    1.61306E-01
   26     1.393895    1.38520E+00    2.61999E-01
   27     1.360562    7.70776E-02    1.56389E-01
   28     1.328192    7.23654E-02    1.51926E-01
   29     1.297681    7.41447E-02    1.48946E-01
     ...Fission Source Extrapolated...
   30     0.835896    1.98401E+05    1.45947E-01
   31     1.247723    1.16170E+00    2.42729E-01
   32     1.224118    7.36875E-02    1.42748E-01
   33     1.201344    6.95196E-02    1.37929E-01
   34     1.180009    7.07956E-02    1.34676E-01
     ...Fission Source Extrapolated...
   35     0.882830    4.99079E+03    1.31672E-01
   36     1.145628    1.00162E+00    2.28310E-01
   37     1.129484    7.04930E-02    1.29189E-01
   38     1.113978    6.65568E-02    1.24019E-01
   39     1.099547    6.75633E-02    1.20680E-01
     ...Fission Source Extrapolated...
   40     0.890419    3.41092E+03    1.17555E-01
   41     1.077265    1.00198E+00    2.37786E-01
   42     1.066762    6.70250E-02    1.16036E-01
   43     1.056644    6.25387E-02    1.10408E-01
   44     1.047284    6.34719E-02    1.06985E-01
     ...Fission Source Extrapolated...
   45     0.890147    1.03130E+06    1.03776E-01
   46     1.033966    1.12218E+00    2.69907E-01
   47     1.027561    6.27486E-02    1.03673E-01
   48     1.021305    5.72338E-02    9.71708E-02
   49     1.015552    5.82285E-02    9.36130E-02
     ...Fission Source Extrapolated...
   50     0.883289    2.30204E+04    9.03785E-02
   51     1.008910    1.48955E+00    3.64873E-01
   52     1.005445    5.71634E-02    9.33235E-02
   53     1.001884    4.93676E-02    8.48174E-02
   54     0.998617    5.06408E-02    8.09553E-02
     ...Fission Source Extrapolated...
   55     0.847455    1.34262E+05    7.75998E-02
   56     0.998108    2.93988E+00    9.24715E-01
   57     0.996991    4.83414E-02    1.90280E-01
   58     0.995332    3.20564E-02    7.53597E-02
   59     0.993747    3.46033E-02    6.98151E-02
     ...Fission Source Extrapolated...
   60     1.045515    5.61974E-01    6.52648E-02
   61     0.989255    1.33449E+00    1.53071E-01
   62     0.987704    5.09615E-02    9.57591E-02
   63     0.986603    5.19755E-02    6.40267E-02
   64     0.985734    5.18084E-02    5.80856E-02
     ...Fission Source Extrapolated...
   65     0.973042    1.22933E+01    5.67352E-02
   66     0.985542    9.13008E-01    2.23326E-01
   67     0.985443    4.54655E-02    5.43763E-02
   68     0.985317    4.01349E-02    5.25299E-02
   69     0.985267    3.97281E-02    5.12189E-02
     ...Fission Source Extrapolated...
   70     0.986486    1.60691E+04    4.98259E-02
   71     0.986823    1.75054E+00    4.08469E-01
   72     0.987358    3.33996E-02    8.69265E-02
   73     0.987717    2.43379E-02    4.53113E-02
   74     0.988074    2.52604E-02    4.40146E-02
     ...Fission Source Extrapolated...
   75     0.965563    6.07489E-01    4.25946E-02
   76     0.987621    1.49455E+00    2.00325E-01
   77     0.987715    3.92496E-02    1.06502E-01
   78     0.988039    3.95779E-02    5.56233E-02
   79     0.988441    3.79656E-02    4.11639E-02
     ...Fission Source Extrapolated...
   80     0.995317    1.08888E+00    3.60884E-02
   81     0.989678    4.74538E-01    1.19187E-01
   82     0.990289    2.84046E-02    3.21952E-02
   83     0.990876    2.54782E-02    3.09782E-02
   84     0.991466    2.42134E-02    2.96683E-02
     ...Fission Source Extrapolated...
   85     1.007757    1.62517E+00    2.83474E-02
   86     0.992947    5.89792E-01    1.28885E-01
   87     0.993629    1.79759E-02    2.54732E-02
   88     0.994256    1.49147E-02    2.44363E-02
   89     0.994866    1.47841E-02    2.32971E-02
     ...Fission Source Extrapolated...
   90     1.023130    2.14052E+00    2.21479E-02
   91     0.996335    6.61339E-01    1.36156E-01
   92     0.997004    1.15941E-02    2.90012E-02
   93     0.997608    8.33051E-03    1.87618E-02
   94     0.998186    8.69413E-03    1.78128E-02
     ...Fission Source Extrapolated...
   95     1.037836    1.70648E+00    1.68517E-02
   96     0.999512    6.12896E-01    1.21483E-01
   97     1.000124    7.37203E-03    3.20184E-02
   98     1.000675    4.48329E-03    1.40502E-02
   99     1.001195    4.95245E-03    1.32901E-02
     ...Fission Source Extrapolated...
  100     1.034326    5.55994E-01    1.25237E-02
  101     1.002276    3.39342E-01    6.55777E-02
  102     1.002788    5.02749E-03    1.82481E-02
  103     1.003258    3.47657E-03    1.03541E-02
  104     1.003704    3.81403E-03    9.75720E-03
     ...Fission Source Extrapolated...
  105     1.023798    2.38325E-01    9.17046E-03
  106     1.004574    1.78332E-01    3.51544E-02
  107     1.004992    3.86758E-03    9.68347E-03
  108     1.005385    3.06268E-03    7.55334E-03
  109     1.005759    3.25405E-03    7.10632E-03
     ...Fission Source Extrapolated...
  110     1.018880    1.40689E-01    6.67383E-03
  111     1.006469    1.12271E-01    2.29064E-02
  112     1.006814    3.06160E-03    5.88976E-03
  113     1.007140    2.53178E-03    5.49775E-03
  114     1.007451    2.62233E-03    5.17332E-03
     ...Fission Source Extrapolated...
  115     1.016711    9.03114E-02    4.86075E-03
  116     1.008032    7.43278E-02    1.57085E-02
  117     1.008315    2.36518E-03    4.24583E-03
  118     1.008585    2.00620E-03    4.01270E-03
  119     1.008841    2.04538E-03    3.77764E-03
     ...Fission Source Extrapolated...
  120     1.015762    6.13946E-02    3.55103E-03
  121     1.009313    5.14067E-02    1.12422E-02
  122     1.009544    1.78483E-03    3.10431E-03
  123     1.009765    1.53440E-03    2.93369E-03
  124     1.009974    1.54838E-03    2.76140E-03
     ...Fission Source Extrapolated...
  125     1.015333    4.30804E-02    2.59504E-03
  126     1.010355    3.64126E-02    8.21351E-03
  127     1.010543    1.32137E-03    2.26642E-03
  128     1.010721    1.14284E-03    2.14027E-03
  129     1.010892    1.14685E-03    2.01292E-03
     ...Fission Source Extrapolated...
  130     1.015141    3.08056E-02    1.88993E-03
  131     1.011197    2.62198E-02    6.06475E-03
  132     1.011348    9.64620E-04    1.64718E-03
  133     1.011493    8.35368E-04    1.55396E-03
  134     1.011630    8.36484E-04    1.46001E-03
     ...Fission Source Extrapolated...
  135     1.015060    2.23280E-02    1.36944E-03
  136     1.011874    1.91346E-02    4.51390E-03
  137     1.011995    6.98062E-04    1.19103E-03
  138     1.012111    6.02992E-04    1.12285E-03
  139     1.012221    6.04349E-04    1.05426E-03
     ...Fission Source Extrapolated...
  140     1.015033    1.63976E-02    9.88272E-04
  141     1.012415    1.41376E-02    3.38999E-03
  142     1.012512    5.06694E-04    8.58497E-04
  143     1.012605    4.32317E-04    8.09383E-04
  144     1.012693    4.34351E-04    7.59981E-04
     ...Fission Source Extrapolated...
  145     1.015026    1.22017E-02    7.12523E-04
  146     1.012847    1.05783E-02    2.57222E-03
  147     1.012925    4.28130E-04    6.19154E-04
  148     1.012999    3.16734E-04    5.84307E-04
  149     1.013069    3.12378E-04    5.49181E-04
     ...Fission Source Extrapolated...
  150     1.015023    9.21332E-03    5.15444E-04
  151     1.013191    8.11185E-03    1.97595E-03
  152     1.013253    3.61604E-04    4.48849E-04
  153     1.013313    2.60035E-04    4.24442E-04
  154     1.013369    2.55758E-04    3.99712E-04
     ...Fission Source Extrapolated...
  155     1.015015    7.67983E-03    3.75926E-04
  156     1.013465    7.06940E-03    1.53825E-03
  157     1.013515    3.05236E-04    3.38283E-04
  158     1.013562    2.13034E-04    3.11712E-04
  159     1.013607    2.09716E-04    2.94647E-04
     ...Fission Source Extrapolated...
  160     1.015002    6.70309E-03    2.83151E-04
  161     1.013683    6.18849E-03    1.21659E-03
  162     1.013723    2.57590E-04    2.66394E-04
  163     1.013761    1.73979E-04    2.52065E-04
  164     1.013796    1.71457E-04    2.42370E-04
     ...Fission Source Extrapolated...
  165     1.014980    5.84057E-03    2.33002E-04
  166     1.013857    5.40771E-03    9.76144E-04
  167     1.013889    2.17108E-04    2.25153E-04
  168     1.013919    1.41739E-04    2.08028E-04
  169     1.013948    1.39855E-04    2.00261E-04
     ...Fission Source Extrapolated...
  170     1.014954    5.07787E-03    1.92602E-04
  171     1.013996    4.71444E-03    7.95085E-04
  172     1.014021    1.82771E-04    1.90060E-04
  173     1.014045    1.15491E-04    1.71846E-04
  174     1.014068    1.13843E-04    1.65391E-04
     ...Fission Source Extrapolated...
  175     1.014922    4.39606E-03    1.59021E-04
  176     1.014106    4.09286E-03    6.55951E-04
  177     1.014127    1.53572E-04    1.60106E-04
  178     1.014146    9.46459E-05    1.41789E-04
  179     1.014165    9.25198E-05    1.36430E-04
     ...Fission Source Extrapolated...
  180     1.014888    3.78752E-03    1.31136E-04
  181     1.014195    3.53431E-03    5.46771E-04
  182     1.014211    1.28728E-04    1.34519E-04
  183     1.014227    7.74658E-05    1.16843E-04
  184     1.014242    7.50974E-05    1.12397E-04
     ...Fission Source Extrapolated...
  185     1.014852    3.24042E-03    1.08003E-04
  186     1.014266    3.02929E-03    4.58816E-04
  187     1.014279    1.07558E-04    1.12624E-04
  188     1.014292    6.33346E-05    9.61572E-05
  189     1.014304    6.09121E-05    9.24721E-05
     ...Fission Source Extrapolated...
  190     1.014816    2.74916E-03    8.88287E-05
  191     1.014323    2.57368E-03    3.86202E-04
  192     1.014334    8.95212E-05    9.38912E-05
  193     1.014344    5.17325E-05    7.90185E-05
  194     1.014354    4.93971E-05    7.59670E-05
     ...Fission Source Extrapolated...
  195     1.014780    2.31197E-03    7.29492E-05
  196     1.014369    2.16663E-03    3.25206E-04
  197     1.014378    7.41976E-05    7.79166E-05
  198     1.014386    4.22222E-05    6.48322E-05
  199     1.014394    4.00664E-05    6.23080E-05
     ...Fission Source Extrapolated...
  200     1.014746    1.92861E-03    5.98117E-05
  201     1.014406    1.80880E-03    2.73518E-04
  202     1.014413    6.12533E-05    6.43818E-05
  203     1.014420    3.44364E-05    5.31033E-05
  204     1.014426    3.25078E-05    5.10182E-05
     ...Fission Source Extrapolated...
  205     1.014716    1.59639E-03    4.89566E-05
  206     1.014436    1.49835E-03    2.29351E-04
  207     1.014442    5.03689E-05    5.41973E-05
  208     1.014447    2.80686E-05    4.34210E-05
  209     1.014452    2.63866E-05    4.17018E-05
     ...Fission Source Extrapolated...
  210     1.014689    1.31347E-03    4.00026E-05
  211     1.014460    1.23312E-03    1.91708E-04
  212     1.014465    4.12874E-05    4.61478E-05
  213     1.014469    2.28655E-05    3.54436E-05
  214     1.014473    2.14234E-05    3.40291E-05
     ...Fission Source Extrapolated...
  215     1.014666    1.07561E-03    3.26319E-05
  216     1.014480    1.00985E-03    1.59727E-04
  217     1.014484    3.37602E-05    3.90500E-05
  218     1.014487    1.86170E-05    2.88858E-05
  219     1.014490    1.73944E-05    2.77247E-05
     ...Fission Source Extrapolated...
  220     1.014646    8.77660E-04    2.65787E-05
  221     1.014496    8.23953E-04    1.32632E-04
  222     1.014499    2.75531E-05    3.28488E-05
  223     1.014501    1.51505E-05    2.35081E-05
  224     1.014504    1.41216E-05    2.25575E-05
     ...Fission Source Extrapolated...
  225     1.014630    7.14714E-04    2.16199E-05
  226     1.014508    6.70916E-04    1.09829E-04
  227     1.014511    2.24625E-05    2.75039E-05
  228     1.014513    1.23241E-05    1.91093E-05
  229     1.014515    1.14609E-05    1.83329E-05
     ...Fission Source Extrapolated...
  230     1.014617    5.82338E-04    1.75675E-05
  231     1.014519    5.46642E-04    9.08551E-05
  232     1.014520    1.83151E-05    2.29855E-05
  233     1.014522    1.00211E-05    1.55196E-05
  234     1.014524    9.29441E-06    1.48868E-05
     ...Fission Source Extrapolated...
  235     1.014607    4.75175E-04    1.42634E-05
  236     1.014527    4.46089E-04    7.51010E-05
  237     1.014528    1.49421E-05    1.91885E-05
  238     1.014530    8.14551E-06    1.25965E-05
  239     1.014531    7.53078E-06    1.20818E-05
     ...Fission Source Extrapolated...
  240     1.014598    3.88393E-04    1.15750E-05
  241     1.014533    3.64695E-04    6.20285E-05
  242     1.014535    1.21991E-05    1.60045E-05
  243     1.014536    6.61904E-06    1.02206E-05
  244     1.014537    6.09692E-06    9.80270E-06

 ***********************************************
Effective Factor Multiplication : Keff = 1.014537
 ***********************************************


     Radial Power Distribution
   ==============================
           1       2       3       4       5       6       7       8       9      10      11      12
    19   2.864   2.833   2.773   2.678   2.537   0.000   0.000   2.164   1.923   0.000   0.000   2.227
    18   2.833   2.803   2.744   2.659   2.547   2.421   2.306   2.182   2.021   2.557   2.428   2.354
    17   2.773   2.740   2.681   2.608   2.522   2.420   2.300   2.164   2.038   2.700   2.586   2.413
    16   2.687   2.642   2.566   2.506   2.454   2.371   2.245   2.066   1.878   2.498   2.495   2.365
    15   2.587   2.526   0.000   0.000   2.364   2.298   2.168   1.922   0.000   0.000   2.295   2.259
    14   2.482   2.429   0.000   0.000   2.273   2.214   2.107   1.887   0.000   0.000   2.205   2.144
    13   2.363   2.334   2.280   2.216   2.151   2.102   2.059   2.702   2.461   2.303   2.218   2.019
    12   2.203   2.203   2.165   2.058   1.915   1.883   2.701   2.703   2.567   2.375   2.144   1.838
    11   1.943   2.035   2.043   1.877   0.000   0.000   2.460   2.567   2.455   2.237   1.940   1.558
    10   0.000   2.569   2.708   2.501   0.000   0.000   2.303   2.375   2.237   1.978   1.617   0.221
     9   0.000   2.437   2.593   2.500   2.297   2.206   2.219   2.145   1.941   1.617   0.225   0.178
     8   2.236   2.362   2.419   2.370   2.262   2.146   2.020   1.839   1.558   0.221   0.178   0.140
     7   2.124   2.141   2.136   2.084   1.989   1.850   1.664   1.427   0.210   0.171   0.137   0.108
     6   1.726   1.720   1.697   1.645   1.556   1.404   0.216   0.188   0.158   0.129   0.104   0.083
     5   0.220   0.218   0.213   0.206   0.195   0.179   0.158   0.136   0.115   0.095   0.077   0.062
     4   0.156   0.154   0.150   0.145   0.136   0.125   0.112   0.097   0.082   0.069   0.056   0.045
     3   0.107   0.105   0.103   0.099   0.093   0.085   0.076   0.067   0.057   0.048   0.039   0.032
     2   0.069   0.069   0.067   0.064   0.060   0.055   0.050   0.044   0.037   0.032   0.026   0.021
     1   0.052   0.051   0.050   0.048   0.045   0.041   0.037   0.033   0.028   0.024   0.020   0.016

          13      14      15      16      17      18      19
    19   2.118   1.721   0.219   0.155   0.106   0.069   0.052
    18   2.135   1.715   0.217   0.154   0.105   0.068   0.051
    17   2.130   1.693   0.213   0.150   0.103   0.067   0.050
    16   2.080   1.642   0.206   0.144   0.098   0.064   0.047
    15   1.986   1.553   0.195   0.136   0.093   0.060   0.045
    14   1.848   1.402   0.179   0.125   0.085   0.055   0.041
    13   1.662   0.216   0.158   0.111   0.076   0.050   0.037
    12   1.426   0.188   0.136   0.097   0.067   0.044   0.033
    11   0.210   0.157   0.115   0.082   0.057   0.037   0.028
    10   0.171   0.129   0.095   0.069   0.048   0.032   0.024
     9   0.137   0.104   0.077   0.056   0.039   0.026   0.020
     8   0.108   0.083   0.062   0.045   0.032   0.021   0.016
     7   0.084   0.065   0.049   0.036   0.025   0.017   0.013
     6   0.065   0.050   0.038   0.028   0.020   0.013   0.010
     5   0.049   0.038   0.028   0.021   0.015   0.010   0.008
     4   0.036   0.028   0.021   0.016   0.011   0.008   0.006
     3   0.025   0.020   0.015   0.011   0.008   0.006   0.004
     2   0.017   0.013   0.010   0.008   0.006   0.004   0.003
     1   0.013   0.010   0.008   0.006   0.004   0.003   0.002

   MAX POS.       Maximum Value
  ( 19,  1)          2.864


     Axial Power Density Distribution
   ====================================

     Plane Number        Power      Height
    -----------------------------------------
        18  (Top)        0.011      175.00
        17               0.026      165.00
        16               0.050      155.00
        15               0.090      145.00
        14               0.880      135.00
        13               1.268      125.50
        12               1.583      116.00
        11               1.846      106.50
        10               2.070       97.00
         9               2.256       87.50
         8               2.285       78.00
         7               2.139       68.50
         6               1.838       59.00
         5               1.367       49.50
         4               0.138       40.00
         3               0.084       30.00
         2               0.047       20.00
         1  (Bottom)     0.021       10.00

   MAX POS.       Maximum Value
    (  8)             2.285

     Radial Flux Distribution
   ==============================
    Group :   1
            1          2          3          4          5          6          7          8          9         10         11         12
    19   7.336E-03  7.262E-03  7.116E-03  6.894E-03  6.582E-03  6.245E-03  6.000E-03  5.750E-03  5.387E-03  4.978E-03  4.655E-03  4.344E-03 
    18   7.262E-03  7.188E-03  7.047E-03  6.845E-03  6.584E-03  6.297E-03  6.027E-03  5.744E-03  5.415E-03  5.074E-03  4.733E-03  4.354E-03 
    17   7.117E-03  7.039E-03  6.899E-03  6.722E-03  6.512E-03  6.267E-03  5.993E-03  5.690E-03  5.375E-03  5.070E-03  4.731E-03  4.322E-03 
    16   6.912E-03  6.814E-03  6.649E-03  6.500E-03  6.353E-03  6.148E-03  5.880E-03  5.558E-03  5.220E-03  4.928E-03  4.623E-03  4.224E-03 
    15   6.671E-03  6.549E-03  6.357E-03  6.237E-03  6.150E-03  5.977E-03  5.719E-03  5.375E-03  4.987E-03  4.702E-03  4.454E-03  4.072E-03 
    14   6.416E-03  6.312E-03  6.154E-03  6.041E-03  5.940E-03  5.775E-03  5.541E-03  5.224E-03  4.850E-03  4.556E-03  4.283E-03  3.883E-03 
    13   6.139E-03  6.075E-03  5.967E-03  5.839E-03  5.694E-03  5.533E-03  5.346E-03  5.101E-03  4.789E-03  4.460E-03  4.098E-03  3.656E-03 
    12   5.817E-03  5.782E-03  5.695E-03  5.546E-03  5.363E-03  5.218E-03  5.099E-03  4.905E-03  4.620E-03  4.267E-03  3.853E-03  3.374E-03 
    11   5.426E-03  5.443E-03  5.388E-03  5.221E-03  4.985E-03  4.848E-03  4.788E-03  4.620E-03  4.337E-03  3.967E-03  3.527E-03  3.028E-03 
    10   5.004E-03  5.095E-03  5.083E-03  4.934E-03  4.705E-03  4.556E-03  4.461E-03  4.267E-03  3.968E-03  3.582E-03  3.126E-03  2.587E-03 
     9   4.674E-03  4.750E-03  4.743E-03  4.631E-03  4.459E-03  4.285E-03  4.100E-03  3.854E-03  3.528E-03  3.127E-03  2.631E-03  2.117E-03 
     8   4.359E-03  4.367E-03  4.333E-03  4.232E-03  4.078E-03  3.887E-03  3.658E-03  3.376E-03  3.029E-03  2.588E-03  2.118E-03  1.694E-03 
     7   3.897E-03  3.880E-03  3.827E-03  3.726E-03  3.575E-03  3.378E-03  3.136E-03  2.835E-03  2.456E-03  2.042E-03  1.662E-03  1.329E-03 
     6   3.309E-03  3.284E-03  3.227E-03  3.129E-03  2.984E-03  2.787E-03  2.517E-03  2.216E-03  1.886E-03  1.566E-03  1.276E-03  1.022E-03 
     5   2.581E-03  2.557E-03  2.505E-03  2.419E-03  2.293E-03  2.118E-03  1.887E-03  1.645E-03  1.403E-03  1.170E-03  9.569E-04  7.686E-04 
     4   1.873E-03  1.853E-03  1.811E-03  1.743E-03  1.645E-03  1.515E-03  1.358E-03  1.188E-03  1.016E-03  8.508E-04  6.987E-04  5.636E-04 
     3   1.306E-03  1.291E-03  1.259E-03  1.208E-03  1.138E-03  1.048E-03  9.419E-04  8.268E-04  7.099E-04  5.970E-04  4.926E-04  3.991E-04 
     2   8.595E-04  8.486E-04  8.264E-04  7.920E-04  7.451E-04  6.864E-04  6.182E-04  5.443E-04  4.690E-04  3.960E-04  3.280E-04  2.668E-04 
     1   4.323E-04  4.266E-04  4.150E-04  3.974E-04  3.737E-04  3.444E-04  3.107E-04  2.743E-04  2.371E-04  2.008E-04  1.669E-04  1.363E-04 

            13         14         15         16         17         18         19
    19   3.886E-03  3.300E-03  2.574E-03  1.869E-03  1.303E-03  8.574E-04  4.313E-04 
    18   3.869E-03  3.276E-03  2.550E-03  1.849E-03  1.288E-03  8.466E-04  4.256E-04 
    17   3.818E-03  3.219E-03  2.499E-03  1.807E-03  1.256E-03  8.246E-04  4.141E-04 
    16   3.719E-03  3.123E-03  2.414E-03  1.739E-03  1.206E-03  7.904E-04  3.966E-04 
    15   3.570E-03  2.979E-03  2.289E-03  1.642E-03  1.136E-03  7.438E-04  3.730E-04 
    14   3.374E-03  2.783E-03  2.115E-03  1.513E-03  1.046E-03  6.853E-04  3.438E-04 
    13   3.133E-03  2.514E-03  1.885E-03  1.356E-03  9.407E-04  6.173E-04  3.102E-04 
    12   2.833E-03  2.214E-03  1.643E-03  1.186E-03  8.258E-04  5.437E-04  2.739E-04 
    11   2.455E-03  1.885E-03  1.402E-03  1.015E-03  7.092E-04  4.686E-04  2.368E-04 
    10   2.042E-03  1.565E-03  1.169E-03  8.502E-04  5.966E-04  3.957E-04  2.006E-04 
     9   1.662E-03  1.276E-03  9.564E-04  6.984E-04  4.922E-04  3.278E-04  1.668E-04 
     8   1.328E-03  1.021E-03  7.684E-04  5.634E-04  3.989E-04  2.667E-04  1.362E-04 
     7   1.043E-03  8.038E-04  6.068E-04  4.468E-04  3.176E-04  2.132E-04  1.092E-04 
     6   8.039E-04  6.213E-04  4.708E-04  3.481E-04  2.485E-04  1.674E-04  8.604E-05 
     5   6.069E-04  4.709E-04  3.582E-04  2.659E-04  1.906E-04  1.288E-04  6.641E-05 
     4   4.469E-04  3.481E-04  2.659E-04  1.982E-04  1.426E-04  9.668E-05  4.998E-05 
     3   3.178E-04  2.486E-04  1.906E-04  1.426E-04  1.029E-04  6.999E-05  3.627E-05 
     2   2.133E-04  1.674E-04  1.289E-04  9.669E-05  6.999E-05  4.772E-05  2.478E-05 
     1   1.093E-04  8.607E-05  6.643E-05  4.999E-05  3.627E-05  2.479E-05  1.290E-05 

    Group :   2
            1          2          3          4          5          6          7          8          9         10         11         12
    19   7.606E-03  7.527E-03  7.372E-03  7.135E-03  6.798E-03  6.443E-03  6.191E-03  5.901E-03  5.451E-03  4.927E-03  4.623E-03  4.425E-03 
    18   7.527E-03  7.449E-03  7.299E-03  7.084E-03  6.805E-03  6.499E-03  6.211E-03  5.894E-03  5.520E-03  5.147E-03  4.819E-03  4.475E-03 
    17   7.373E-03  7.290E-03  7.141E-03  6.953E-03  6.730E-03  6.466E-03  6.166E-03  5.831E-03  5.492E-03  5.192E-03  4.871E-03  4.471E-03 
    16   7.155E-03  7.049E-03  6.872E-03  6.716E-03  6.562E-03  6.337E-03  6.036E-03  5.663E-03  5.279E-03  5.005E-03  4.752E-03  4.374E-03 
    15   6.899E-03  6.767E-03  6.564E-03  6.443E-03  6.349E-03  6.154E-03  5.858E-03  5.435E-03  4.932E-03  4.668E-03  4.545E-03  4.207E-03 
    14   6.625E-03  6.518E-03  6.358E-03  6.243E-03  6.126E-03  5.938E-03  5.675E-03  5.292E-03  4.810E-03  4.532E-03  4.371E-03  4.005E-03 
    13   6.322E-03  6.258E-03  6.149E-03  6.009E-03  5.840E-03  5.669E-03  5.485E-03  5.229E-03  4.885E-03  4.556E-03  4.217E-03  3.766E-03 
    12   5.955E-03  5.929E-03  5.838E-03  5.657E-03  5.427E-03  5.288E-03  5.228E-03  5.068E-03  4.783E-03  4.417E-03  3.982E-03  3.461E-03 
    11   5.485E-03  5.546E-03  5.504E-03  5.282E-03  4.931E-03  4.809E-03  4.884E-03  4.783E-03  4.509E-03  4.117E-03  3.632E-03  3.065E-03 
    10   4.950E-03  5.167E-03  5.205E-03  5.012E-03  4.671E-03  4.533E-03  4.557E-03  4.418E-03  4.117E-03  3.694E-03  3.172E-03  2.534E-03 
     9   4.641E-03  4.835E-03  4.883E-03  4.760E-03  4.550E-03  4.374E-03  4.219E-03  3.983E-03  3.632E-03  3.172E-03  2.580E-03  1.988E-03 
     8   4.440E-03  4.488E-03  4.482E-03  4.382E-03  4.213E-03  4.009E-03  3.769E-03  3.462E-03  3.066E-03  2.534E-03  1.988E-03  1.529E-03 
     7   4.002E-03  3.996E-03  3.953E-03  3.851E-03  3.688E-03  3.469E-03  3.196E-03  2.851E-03  2.394E-03  1.912E-03  1.499E-03  1.160E-03 
     6   3.359E-03  3.338E-03  3.284E-03  3.183E-03  3.027E-03  2.802E-03  2.473E-03  2.125E-03  1.752E-03  1.406E-03  1.111E-03  8.655E-04 
     5   2.502E-03  2.480E-03  2.431E-03  2.346E-03  2.215E-03  2.024E-03  1.760E-03  1.497E-03  1.245E-03  1.012E-03  8.075E-04  6.341E-04 
     4   1.714E-03  1.696E-03  1.657E-03  1.592E-03  1.497E-03  1.366E-03  1.205E-03  1.034E-03  8.674E-04  7.119E-04  5.732E-04  4.537E-04 
     3   1.138E-03  1.125E-03  1.096E-03  1.050E-03  9.850E-04  9.002E-04  7.999E-04  6.922E-04  5.851E-04  4.841E-04  3.929E-04  3.134E-04 
     2   7.122E-04  7.031E-04  6.841E-04  6.545E-04  6.134E-04  5.615E-04  5.011E-04  4.362E-04  3.711E-04  3.091E-04  2.525E-04  2.027E-04 
     1   3.154E-04  3.111E-04  3.024E-04  2.891E-04  2.709E-04  2.483E-04  2.222E-04  1.943E-04  1.661E-04  1.390E-04  1.141E-04  9.202E-05 

            13         14         15         16         17         18         19
    19   3.990E-03  3.350E-03  2.495E-03  1.710E-03  1.135E-03  7.105E-04  3.146E-04 
    18   3.985E-03  3.329E-03  2.474E-03  1.692E-03  1.122E-03  7.014E-04  3.104E-04 
    17   3.944E-03  3.276E-03  2.425E-03  1.653E-03  1.093E-03  6.826E-04  3.018E-04 
    16   3.844E-03  3.177E-03  2.341E-03  1.589E-03  1.048E-03  6.531E-04  2.885E-04 
    15   3.682E-03  3.022E-03  2.211E-03  1.494E-03  9.832E-04  6.123E-04  2.704E-04 
    14   3.465E-03  2.798E-03  2.021E-03  1.364E-03  8.988E-04  5.606E-04  2.479E-04 
    13   3.193E-03  2.470E-03  1.758E-03  1.204E-03  7.988E-04  5.004E-04  2.219E-04 
    12   2.849E-03  2.124E-03  1.495E-03  1.033E-03  6.914E-04  4.357E-04  1.940E-04 
    11   2.393E-03  1.751E-03  1.245E-03  8.667E-04  5.845E-04  3.707E-04  1.659E-04 
    10   1.912E-03  1.405E-03  1.012E-03  7.114E-04  4.837E-04  3.088E-04  1.389E-04 
     9   1.499E-03  1.111E-03  8.072E-04  5.728E-04  3.927E-04  2.523E-04  1.140E-04 
     8   1.160E-03  8.653E-04  6.339E-04  4.535E-04  3.132E-04  2.025E-04  9.196E-05 
     7   8.847E-04  6.645E-04  4.903E-04  3.535E-04  2.458E-04  1.598E-04  7.290E-05 
     6   6.646E-04  5.026E-04  3.735E-04  2.711E-04  1.897E-04  1.240E-04  5.678E-05 
     5   4.904E-04  3.735E-04  2.794E-04  2.041E-04  1.436E-04  9.432E-05  4.335E-05 
     4   3.536E-04  2.711E-04  2.041E-04  1.499E-04  1.061E-04  6.995E-05  3.225E-05 
     3   2.459E-04  1.897E-04  1.436E-04  1.061E-04  7.536E-05  4.988E-05  2.306E-05 
     2   1.599E-04  1.240E-04  9.434E-05  6.996E-05  4.988E-05  3.311E-05  1.534E-05 
     1   7.293E-05  5.680E-05  4.336E-05  3.225E-05  2.306E-05  1.534E-05  7.117E-06 

    Group :   3
            1          2          3          4          5          6          7          8          9         10         11         12
    19   8.377E-03  8.285E-03  8.101E-03  7.815E-03  7.387E-03  6.881E-03  6.537E-03  6.198E-03  5.465E-03  4.345E-03  4.146E-03  4.687E-03 
    18   8.285E-03  8.192E-03  8.015E-03  7.758E-03  7.416E-03  7.024E-03  6.662E-03  6.281E-03  5.801E-03  5.352E-03  5.116E-03  5.008E-03 
    17   8.102E-03  8.000E-03  7.821E-03  7.600E-03  7.340E-03  7.026E-03  6.657E-03  6.239E-03  5.872E-03  5.703E-03  5.512E-03  5.175E-03 
    16   7.842E-03  7.702E-03  7.474E-03  7.288E-03  7.130E-03  6.877E-03  6.485E-03  5.926E-03  5.358E-03  5.244E-03  5.312E-03  5.078E-03 
    15   7.535E-03  7.347E-03  7.031E-03  6.877E-03  6.843E-03  6.654E-03  6.249E-03  5.474E-03  4.325E-03  4.178E-03  4.847E-03  4.833E-03 
    14   7.213E-03  7.045E-03  6.762E-03  6.608E-03  6.558E-03  6.401E-03  6.081E-03  5.397E-03  4.275E-03  4.071E-03  4.652E-03  4.569E-03 
    13   6.847E-03  6.754E-03  6.575E-03  6.369E-03  6.181E-03  6.060E-03  5.971E-03  5.720E-03  5.198E-03  4.869E-03  4.718E-03  4.287E-03 
    12   6.348E-03  6.355E-03  6.235E-03  5.890E-03  5.444E-03  5.383E-03  5.716E-03  5.781E-03  5.511E-03  5.095E-03  4.579E-03  3.866E-03 
    11   5.534E-03  5.847E-03  5.887E-03  5.354E-03  4.319E-03  4.271E-03  5.196E-03  5.510E-03  5.295E-03  4.804E-03  4.105E-03  3.188E-03 
    10   4.375E-03  5.379E-03  5.719E-03  5.250E-03  4.180E-03  4.071E-03  4.869E-03  5.096E-03  4.804E-03  4.195E-03  3.324E-03  2.251E-03 
     9   4.164E-03  5.135E-03  5.527E-03  5.322E-03  4.852E-03  4.655E-03  4.720E-03  4.580E-03  4.106E-03  3.324E-03  2.300E-03  1.471E-03 
     8   4.704E-03  5.024E-03  5.189E-03  5.088E-03  4.840E-03  4.573E-03  4.290E-03  3.868E-03  3.189E-03  2.251E-03  1.471E-03  9.438E-04 
     7   4.493E-03  4.549E-03  4.556E-03  4.449E-03  4.231E-03  3.902E-03  3.453E-03  2.888E-03  2.093E-03  1.402E-03  9.210E-04  6.012E-04 
     6   3.558E-03  3.552E-03  3.511E-03  3.402E-03  3.201E-03  2.842E-03  2.243E-03  1.731E-03  1.239E-03  8.464E-04  5.696E-04  3.795E-04 
     5   2.134E-03  2.120E-03  2.082E-03  2.003E-03  1.862E-03  1.620E-03  1.272E-03  9.642E-04  7.091E-04  5.023E-04  3.476E-04  2.373E-04 
     4   1.136E-03  1.126E-03  1.099E-03  1.050E-03  9.681E-04  8.447E-04  6.900E-04  5.370E-04  4.038E-04  2.944E-04  2.096E-04  1.468E-04 
     3   6.022E-04  5.950E-04  5.787E-04  5.501E-04  5.056E-04  4.440E-04  3.705E-04  2.956E-04  2.275E-04  1.701E-04  1.242E-04  8.907E-05 
     2   3.108E-04  3.066E-04  2.973E-04  2.817E-04  2.588E-04  2.287E-04  1.936E-04  1.575E-04  1.237E-04  9.439E-05  7.039E-05  5.155E-05 
     1   1.115E-04  1.098E-04  1.063E-04  1.006E-04  9.247E-05  8.212E-05  7.024E-05  5.791E-05  4.620E-05  3.584E-05  2.717E-05  2.022E-05 

            13         14         15         16         17         18         19
    19   4.478E-03  3.547E-03  2.128E-03  1.133E-03  6.007E-04  3.100E-04  1.112E-04 
    18   4.536E-03  3.542E-03  2.114E-03  1.123E-03  5.935E-04  3.058E-04  1.096E-04 
    17   4.545E-03  3.502E-03  2.077E-03  1.097E-03  5.774E-04  2.966E-04  1.061E-04 
    16   4.440E-03  3.395E-03  1.999E-03  1.048E-03  5.489E-04  2.811E-04  1.004E-04 
    15   4.224E-03  3.195E-03  1.858E-03  9.664E-04  5.046E-04  2.583E-04  9.230E-05 
    14   3.897E-03  2.838E-03  1.618E-03  8.434E-04  4.433E-04  2.283E-04  8.199E-05 
    13   3.450E-03  2.240E-03  1.270E-03  6.891E-04  3.700E-04  1.934E-04  7.014E-05 
    12   2.886E-03  1.730E-03  9.633E-04  5.364E-04  2.953E-04  1.573E-04  5.784E-05 
    11   2.092E-03  1.238E-03  7.085E-04  4.035E-04  2.273E-04  1.235E-04  4.615E-05 
    10   1.402E-03  8.460E-04  5.020E-04  2.942E-04  1.699E-04  9.431E-05  3.581E-05 
     9   9.208E-04  5.694E-04  3.475E-04  2.095E-04  1.241E-04  7.034E-05  2.715E-05 
     8   6.011E-04  3.794E-04  2.372E-04  1.467E-04  8.903E-05  5.152E-05  2.021E-05 
     7   3.898E-04  2.511E-04  1.606E-04  1.016E-04  6.308E-05  3.722E-05  1.482E-05 
     6   2.511E-04  1.652E-04  1.080E-04  6.986E-05  4.427E-05  2.659E-05  1.074E-05 
     5   1.606E-04  1.080E-04  7.210E-05  4.764E-05  3.077E-05  1.878E-05  7.681E-06 
     4   1.017E-04  6.987E-05  4.764E-05  3.210E-05  2.109E-05  1.306E-05  5.400E-06 
     3   6.311E-05  4.428E-05  3.078E-05  2.110E-05  1.408E-05  8.822E-06  3.682E-06 
     2   3.724E-05  2.660E-05  1.879E-05  1.306E-05  8.822E-06  5.584E-06  2.348E-06 
     1   1.483E-05  1.074E-05  7.683E-06  5.401E-06  3.682E-06  2.348E-06  9.941E-07 

    Group :   4
            1          2          3          4          5          6          7          8          9         10         11         12
    19   8.412E-03  8.320E-03  8.135E-03  7.842E-03  7.387E-03  6.853E-03  6.547E-03  6.233E-03  5.400E-03  3.986E-03  3.818E-03  4.654E-03 
    18   8.320E-03  8.227E-03  8.048E-03  7.789E-03  7.438E-03  7.041E-03  6.695E-03  6.323E-03  5.812E-03  5.309E-03  5.074E-03  5.025E-03 
    17   8.136E-03  8.030E-03  7.849E-03  7.629E-03  7.374E-03  7.067E-03  6.703E-03  6.282E-03  5.906E-03  5.742E-03  5.547E-03  5.212E-03 
    16   7.873E-03  7.720E-03  7.473E-03  7.294E-03  7.161E-03  6.922E-03  6.529E-03  5.930E-03  5.293E-03  5.196E-03  5.323E-03  5.112E-03 
    15   7.567E-03  7.352E-03  6.997E-03  6.860E-03  6.872E-03  6.699E-03  6.283E-03  5.402E-03  3.957E-03  3.837E-03  4.798E-03  4.866E-03 
    14   7.251E-03  7.064E-03  6.758E-03  6.621E-03  6.597E-03  6.447E-03  6.112E-03  5.326E-03  3.915E-03  3.742E-03  4.608E-03  4.609E-03 
    13   6.894E-03  6.796E-03  6.615E-03  6.408E-03  6.214E-03  6.092E-03  6.005E-03  5.728E-03  5.141E-03  4.819E-03  4.732E-03  4.342E-03 
    12   6.385E-03  6.399E-03  6.278E-03  5.895E-03  5.373E-03  5.313E-03  5.725E-03  5.812E-03  5.533E-03  5.121E-03  4.624E-03  3.935E-03 
    11   5.466E-03  5.856E-03  5.920E-03  5.290E-03  3.952E-03  3.912E-03  5.140E-03  5.532E-03  5.322E-03  4.843E-03  4.166E-03  3.261E-03 
    10   4.011E-03  5.334E-03  5.758E-03  5.202E-03  3.839E-03  3.743E-03  4.819E-03  5.121E-03  4.843E-03  4.253E-03  3.392E-03  2.286E-03 
     9   3.834E-03  5.092E-03  5.562E-03  5.332E-03  4.804E-03  4.611E-03  4.734E-03  4.625E-03  4.167E-03  3.393E-03  2.333E-03  1.474E-03 
     8   4.670E-03  5.041E-03  5.226E-03  5.122E-03  4.873E-03  4.614E-03  4.345E-03  3.937E-03  3.262E-03  2.286E-03  1.474E-03  9.359E-04 
     7   4.551E-03  4.607E-03  4.610E-03  4.502E-03  4.288E-03  3.969E-03  3.527E-03  2.964E-03  2.131E-03  1.407E-03  9.139E-04  5.933E-04 
     6   3.638E-03  3.630E-03  3.585E-03  3.475E-03  3.277E-03  2.917E-03  2.285E-03  1.756E-03  1.244E-03  8.409E-04  5.627E-04  3.745E-04 
     5   2.161E-03  2.146E-03  2.107E-03  2.028E-03  1.889E-03  1.643E-03  1.278E-03  9.614E-04  7.037E-04  4.966E-04  3.435E-04  2.352E-04 
     4   1.129E-03  1.119E-03  1.093E-03  1.044E-03  9.639E-04  8.408E-04  6.848E-04  5.313E-04  3.991E-04  2.912E-04  2.080E-04  1.466E-04 
     3   5.934E-04  5.864E-04  5.704E-04  5.426E-04  4.991E-04  4.387E-04  3.661E-04  2.923E-04  2.255E-04  1.692E-04  1.243E-04  8.999E-05 
     2   3.067E-04  3.025E-04  2.934E-04  2.783E-04  2.560E-04  2.266E-04  1.922E-04  1.568E-04  1.237E-04  9.502E-05  7.146E-05  5.288E-05 
     1   1.133E-04  1.116E-04  1.081E-04  1.024E-04  9.428E-05  8.393E-05  7.203E-05  5.967E-05  4.791E-05  3.747E-05  2.869E-05  2.160E-05 

            13         14         15         16         17         18         19
    19   4.537E-03  3.628E-03  2.154E-03  1.126E-03  5.919E-04  3.059E-04  1.130E-04 
    18   4.594E-03  3.620E-03  2.140E-03  1.116E-03  5.849E-04  3.017E-04  1.114E-04 
    17   4.599E-03  3.576E-03  2.102E-03  1.090E-03  5.691E-04  2.928E-04  1.079E-04 
    16   4.493E-03  3.468E-03  2.024E-03  1.042E-03  5.414E-04  2.777E-04  1.022E-04 
    15   4.281E-03  3.271E-03  1.885E-03  9.621E-04  4.982E-04  2.555E-04  9.410E-05 
    14   3.964E-03  2.913E-03  1.641E-03  8.395E-04  4.380E-04  2.262E-04  8.379E-05 
    13   3.524E-03  2.282E-03  1.277E-03  6.839E-04  3.656E-04  1.919E-04  7.192E-05 
    12   2.963E-03  1.755E-03  9.605E-04  5.308E-04  2.919E-04  1.566E-04  5.959E-05 
    11   2.130E-03  1.243E-03  7.031E-04  3.987E-04  2.252E-04  1.236E-04  4.786E-05 
    10   1.406E-03  8.405E-04  4.963E-04  2.910E-04  1.691E-04  9.494E-05  3.744E-05 
     9   9.137E-04  5.625E-04  3.433E-04  2.079E-04  1.242E-04  7.141E-05  2.867E-05 
     8   5.933E-04  3.744E-04  2.351E-04  1.465E-04  8.994E-05  5.285E-05  2.159E-05 
     7   3.845E-04  2.486E-04  1.602E-04  1.025E-04  6.444E-05  3.865E-05  1.604E-05 
     6   2.486E-04  1.647E-04  1.087E-04  7.125E-05  4.580E-05  2.797E-05  1.177E-05 
     5   1.602E-04  1.088E-04  7.350E-05  4.923E-05  3.227E-05  2.003E-05  8.538E-06 
     4   1.025E-04  7.127E-05  4.924E-05  3.364E-05  2.244E-05  1.412E-05  6.084E-06 
     3   6.446E-05  4.581E-05  3.228E-05  2.244E-05  1.519E-05  9.670E-06  4.203E-06 
     2   3.866E-05  2.798E-05  2.004E-05  1.412E-05  9.670E-06  6.215E-06  2.721E-06 
     1   1.604E-05  1.178E-05  8.541E-06  6.085E-06  4.204E-06  2.721E-06  1.199E-06 

 Total Time :    393.65625000000000       Seconds
