    0.000    5.400   10.800   16.200   21.600   27.000   32.400   37.800   43.200   48.600   54.000   59.400   64.800
      0.000     2.864   2.833   2.773   2.678   2.537   0.000   0.000   2.164   1.923   0.000   0.000   2.227
      0.000     2.833   2.803   2.744   2.659   2.547   2.421   2.306   2.182   2.021   2.557   2.428   2.354
      0.000     2.773   2.740   2.681   2.608   2.522   2.420   2.300   2.164   2.038   2.700   2.586   2.413
      0.000     2.687   2.642   2.566   2.506   2.454   2.371   2.245   2.066   1.878   2.498   2.495   2.365
      0.000     2.587   2.526   0.000   0.000   2.364   2.298   2.168   1.922   0.000   0.000   2.295   2.259
     -0.000     2.482   2.429   0.000   0.000   2.273   2.214   2.107   1.887   0.000   0.000   2.205   2.144
      0.000     2.363   2.334   2.280   2.216   2.151   2.102   2.059   2.702   2.461   2.303   2.218   2.019
      5.400     2.203   2.203   2.165   2.058   1.915   1.883   2.701   2.703   2.567   2.375   2.144   1.838
     10.800     1.943   2.035   2.043   1.877   0.000   0.000   2.460   2.567   2.455   2.237   1.940   1.558
     16.200     0.000   2.569   2.708   2.501   0.000   0.000   2.303   2.375   2.237   1.978   1.617   0.221
     21.600     0.000   2.437   2.593   2.500   2.297   2.206   2.219   2.145   1.941   1.617   0.225   0.178
     27.000     2.236   2.362   2.419   2.370   2.262   2.146   2.020   1.839   1.558   0.221   0.178   0.140
     32.400     2.124   2.141   2.136   2.084   1.989   1.850   1.664   1.427   0.210   0.171   0.137   0.108
     37.800     1.726   1.720   1.697   1.645   1.556   1.404   0.216   0.188   0.158   0.129   0.104   0.083
     43.200     0.220   0.218   0.213   0.206   0.195   0.179   0.158   0.136   0.115   0.095   0.077   0.062
     48.600     0.156   0.154   0.150   0.145   0.136   0.125   0.112   0.097   0.082   0.069   0.056   0.045
     54.000     0.107   0.105   0.103   0.099   0.093   0.085   0.076   0.067   0.057   0.048   0.039   0.032
     62.100     0.069   0.069   0.067   0.064   0.060   0.055   0.050   0.044   0.037   0.032   0.026   0.021
     70.200     0.052   0.051   0.050   0.048   0.045   0.041   0.037   0.033   0.028   0.024   0.020   0.016
    0.000    0.000*********    0.000   -0.000    0.000   -0.000    0.000
      0.000     2.118   1.721   0.219   0.155   0.106   0.069   0.052
      0.000     2.135   1.715   0.217   0.154   0.105   0.068   0.051
      0.000     2.130   1.693   0.213   0.150   0.103   0.067   0.050
      0.000     2.080   1.642   0.206   0.144   0.098   0.064   0.047
      0.000     1.986   1.553   0.195   0.136   0.093   0.060   0.045
     -0.000     1.848   1.402   0.179   0.125   0.085   0.055   0.041
      0.000     1.662   0.216   0.158   0.111   0.076   0.050   0.037
      5.400     1.426   0.188   0.136   0.097   0.067   0.044   0.033
     10.800     0.210   0.157   0.115   0.082   0.057   0.037   0.028
     16.200     0.171   0.129   0.095   0.069   0.048   0.032   0.024
     21.600     0.137   0.104   0.077   0.056   0.039   0.026   0.020
     27.000     0.108   0.083   0.062   0.045   0.032   0.021   0.016
     32.400     0.084   0.065   0.049   0.036   0.025   0.017   0.013
     37.800     0.065   0.050   0.038   0.028   0.020   0.013   0.010
     43.200     0.049   0.038   0.028   0.021   0.015   0.010   0.008
     48.600     0.036   0.028   0.021   0.016   0.011   0.008   0.006
     54.000     0.025   0.020   0.015   0.011   0.008   0.006   0.004
     62.100     0.017   0.013   0.010   0.008   0.006   0.004   0.003
     70.200     0.013   0.010   0.008   0.006   0.004   0.003   0.002
