                                                                                
      /\               /\                                                       
     //\\             //\\                                                      
    //**\\           //**\\                                                     
   //****\\         //****\\                                                    
  //******\\       //******\\   ____                   _   _           _        
  ---------   /*\   ---------  / __ \                 | \ | |         | |       
             (***)            | |  | |_ __   ___ _ __ |  \| | ___   __| | ___   
              \*/             | |  | | "_ \ / _ \ "_ \| . ` |/ _"\ / _" |/ _ \  
                              | |__| | |_) |  __/ | | | |\  | |_) | (_| |  __/  
              //\\             \____/| .__/ \___)_| |_|_| \_|\___/ \___/ \___|  
             //**\\                  | |                                        
            //****\\                 |_|                                        
           //******\\                                                           
           ----------                                                           
                                                                                
 ____________________________________________________________
          | The OpenNode, Nodal Methods for Neutron Diffusion
 Version  | Version Number: 1.1                              
 Copyright| 2021 Radiation & Nuclear System Laboratory       
          | University Abdelmalk Essaadi                     
          | Faculty of Sciences, Tetouan, Morocco            
 Source   | FORTRAN90 version                                
 GUI      | PyQt5                                            
 Method   | The Nodal Expansion Method (NEM)                 
 Dimension| Three Dimensions (3D)                            
 Geometry | Cartesian                                        
 ____________________________________________________________
                        ==========================
   Calculation Mode :    Rod Ejection Calculation with TH feedbacks 
   ----------------     ==========================

            --------------------------------------------
            >>>> Writing Macroscopic Cross Sections <<<<
            --------------------------------------------
     Material  1
    Group   Transport    Diffusion  Absorption    Removal      Nu*Fiss      Kap*Fis    Fiss. Spctr
       1     0.053206    6.264981    0.000373    0.026829     0.000000     0.000000     1.000000
       2     0.386406    0.862651    0.017722    0.017722     0.000000     0.000000     0.000000
         --Scattering Matrix--
           G/G'          1          2
            1        0.000000    0.026455
            2        0.000000    0.000000
     Material  2
    Group   Transport    Diffusion  Absorption    Removal      Nu*Fiss      Kap*Fis    Fiss. Spctr
       1     0.295609    1.127616    0.001188    0.024349     0.000000     0.000000     1.000000
       2     2.459310    0.135539    0.252618    0.252618     0.000000     0.000000     0.000000
         --Scattering Matrix--
           G/G'          1          2
            1        0.000000    0.023161
            2        0.000000    0.000000
     Material  3
    Group   Transport    Diffusion  Absorption    Removal      Nu*Fiss      Kap*Fis    Fiss. Spctr
       1     0.295609    1.127616    0.001188    0.021269     0.000000     0.000000     1.000000
       2     2.459310    0.135539    0.252618    0.252618     0.000000     0.000000     0.000000
         --Scattering Matrix--
           G/G'          1          2
            1        0.000000    0.020081
            2        0.000000    0.000000
     Material  4
    Group   Transport    Diffusion  Absorption    Removal      Nu*Fiss      Kap*Fis    Fiss. Spctr
       1     0.222117    1.500711    0.008718    0.026968     0.004983     0.000000     1.000000
       2     0.803140    0.415038    0.065255    0.065255     0.083903     0.000000     0.000000
         --Scattering Matrix--
           G/G'          1          2
            1        0.000000    0.018250
            2        0.000000    0.000000
     Material  5
    Group   Transport    Diffusion  Absorption    Removal      Nu*Fiss      Kap*Fis    Fiss. Spctr
       1     0.221914    1.502083    0.009061    0.027065     0.005577     0.000000     1.000000
       2     0.795538    0.419004    0.072335    0.072335     0.099863     0.000000     0.000000
         --Scattering Matrix--
           G/G'          1          2
            1        0.000000    0.018004
            2        0.000000    0.000000
     Material  6
    Group   Transport    Diffusion  Absorption    Removal      Nu*Fiss      Kap*Fis    Fiss. Spctr
       1     0.221715    1.503432    0.009385    0.027152     0.006150     0.000000     1.000000
       2     0.789253    0.422340    0.078920    0.078920     0.114667     0.000000     0.000000
         --Scattering Matrix--
           G/G'          1          2
            1        0.000000    0.017767
            2        0.000000    0.000000
     Material  7
    Group   Transport    Diffusion  Absorption    Removal      Nu*Fiss      Kap*Fis    Fiss. Spctr
       1     0.222039    1.501238    0.009317    0.026455     0.005550     0.000000     1.000000
       2     0.776230    0.429426    0.079633    0.079633     0.098558     0.000000     0.000000
         --Scattering Matrix--
           G/G'          1          2
            1        0.000000    0.017138
            2        0.000000    0.000000
     Material  8
    Group   Transport    Diffusion  Absorption    Removal      Nu*Fiss      Kap*Fis    Fiss. Spctr
       1     0.222083    1.500940    0.009400    0.026250     0.005541     0.000000     1.000000
       2     0.769969    0.432918    0.082109    0.082109     0.098006     0.000000     0.000000
         --Scattering Matrix--
           G/G'          1          2
            1        0.000000    0.016850
            2        0.000000    0.000000
     Material  9
    Group   Transport    Diffusion  Absorption    Removal      Nu*Fiss      Kap*Fis    Fiss. Spctr
       1     0.222127    1.500643    0.009483    0.026045     0.005531     0.000000     1.000000
       2     0.763813    0.436407    0.084591    0.084591     0.097411     0.000000     0.000000
         --Scattering Matrix--
           G/G'          1          2
            1        0.000000    0.016563
            2        0.000000    0.000000
     Material 10
    Group   Transport    Diffusion  Absorption    Removal      Nu*Fiss      Kap*Fis    Fiss. Spctr
       1     0.221836    1.502612    0.009637    0.026542     0.006124     0.000000     1.000000
       2     0.770705    0.432504    0.086119    0.086119     0.113241     0.000000     0.000000
         --Scattering Matrix--
           G/G'          1          2
            1        0.000000    0.016904
            2        0.000000    0.000000
     Material 11
    Group   Transport    Diffusion  Absorption    Removal      Nu*Fiss      Kap*Fis    Fiss. Spctr
       1     0.221878    1.502327    0.009719    0.026337     0.006114     0.000000     1.000000
       2     0.764704    0.435899    0.088549    0.088549     0.112635     0.000000     0.000000
         --Scattering Matrix--
           G/G'          1          2
            1        0.000000    0.016618
            2        0.000000    0.000000

            -------------------------------
            >>>>>Wrting Core Geometry<<<<<
            -------------------------------
  Number of Assembly in x, y and z Directions Respectively :
           9           9          18
  Number of Nodes in x, y and z Directions Respectively :
          34          34          18

  x-Directed Nodes Divison (Delta-x)
     5.40   5.40   5.40   5.40   5.40   5.40   5.40   5.40   5.40   5.40
     5.40   5.40   5.40   5.40   5.40   5.40   5.40   5.40   5.40   5.40
     5.40   5.40   5.40   5.40   5.40   5.40   5.40   5.40   5.40   5.40
     5.40   5.40   5.40   5.40
  y-Directed Nodes Divison (Delta-y)
     5.40   5.40   5.40   5.40   5.40   5.40   5.40   5.40   5.40   5.40
     5.40   5.40   5.40   5.40   5.40   5.40   5.40   5.40   5.40   5.40
     5.40   5.40   5.40   5.40   5.40   5.40   5.40   5.40   5.40   5.40
     5.40   5.40   5.40   5.40
  Planar Region :  1
        1  2  3  4  5  6  7  8  9 10 11 12 13 14 15 16 17 18 19 20 21 22 23 24 25 26 27 28 29 30 31 32 33 34
    34  1  1  1  1  1  1  1  1  1  1  1  1  1  1  1  1  1  1  1  1  1  1  1  1  1  1  1  1  1  1  2  2  2  2 
    33  1  1  1  1  1  1  1  1  1  1  1  1  1  1  1  1  1  1  1  1  1  1  1  1  1  1  1  1  1  1  2  2  2  2 
    32  1  1  1  1  1  1  1  1  1  1  1  1  1  1  1  1  1  1  1  1  1  1  1  1  1  1  1  1  1  1  2  2  2  2 
    31  1  1  1  1  1  1  1  1  1  1  1  1  1  1  1  1  1  1  1  1  1  1  1  1  1  1  1  1  1  1  2  2  2  2 
    30  1  1  1  1  1  1  1  1  1  1  1  1  1  1  1  1  1  1  1  1  1  1  1  1  1  1  1  1  1  1  2  2  2  2 
    29  1  1  1  1  1  1  1  1  1  1  1  1  1  1  1  1  1  1  1  1  1  1  1  1  1  1  1  1  1  1  2  2  2  2 
    28  1  1  1  1  1  1  1  1  1  1  1  1  1  1  1  1  1  1  1  1  1  1  1  1  1  1  3  3  3  3  2  2  2  2 
    27  1  1  1  1  1  1  1  1  1  1  1  1  1  1  1  1  1  1  1  1  1  1  1  1  1  1  3  3  3  3  2  2  2  2 
    26  1  1  1  1  1  1  1  1  1  1  1  1  1  1  1  1  1  1  1  1  1  1  1  1  1  1  3  3  3  3  2  2  2  2 
    25  1  1  1  1  1  1  1  1  1  1  1  1  1  1  1  1  1  1  1  1  1  1  1  1  1  1  3  3  3  3  2  2  2  2 
    24  1  1  1  1  1  1  1  1  1  1  1  1  1  1  1  1  1  1  1  1  1  1  1  1  1  1  2  2  2  2             
    23  1  1  1  1  1  1  1  1  1  1  1  1  1  1  1  1  1  1  1  1  1  1  1  1  1  1  2  2  2  2             
    22  1  1  1  1  1  1  1  1  1  1  1  1  1  1  1  1  1  1  1  1  1  1  1  1  1  1  2  2  2  2             
    21  1  1  1  1  1  1  1  1  1  1  1  1  1  1  1  1  1  1  1  1  1  1  1  1  1  1  2  2  2  2             
    20  1  1  1  1  1  1  1  1  1  1  1  1  1  1  1  1  1  1  1  1  1  1  3  3  3  3  2  2  2  2             
    19  1  1  1  1  1  1  1  1  1  1  1  1  1  1  1  1  1  1  1  1  1  1  3  3  3  3  2  2  2  2             
    18  1  1  1  1  1  1  1  1  1  1  1  1  1  1  1  1  1  1  1  1  1  1  3  3  3  3  2  2  2  2             
    17  1  1  1  1  1  1  1  1  1  1  1  1  1  1  1  1  1  1  1  1  1  1  3  3  3  3  2  2  2  2             
    16  1  1  1  1  1  1  1  1  1  1  1  1  1  1  1  1  1  1  3  3  3  3  2  2  2  2                         
    15  1  1  1  1  1  1  1  1  1  1  1  1  1  1  1  1  1  1  3  3  3  3  2  2  2  2                         
    14  1  1  1  1  1  1  1  1  1  1  1  1  1  1  1  1  1  1  3  3  3  3  2  2  2  2                         
    13  1  1  1  1  1  1  1  1  1  1  1  1  1  1  1  1  1  1  3  3  3  3  2  2  2  2                         
    12  1  1  1  1  1  1  1  1  1  1  1  1  1  1  3  3  3  3  2  2  2  2                                     
    11  1  1  1  1  1  1  1  1  1  1  1  1  1  1  3  3  3  3  2  2  2  2                                     
    10  1  1  1  1  1  1  1  1  1  1  1  1  1  1  3  3  3  3  2  2  2  2                                     
     9  1  1  1  1  1  1  1  1  1  1  1  1  1  1  3  3  3  3  2  2  2  2                                     
     8  1  1  1  1  1  1  3  3  3  3  2  2  2  2  2  2  2  2                                                 
     7  1  1  1  1  1  1  3  3  3  3  2  2  2  2  2  2  2  2                                                 
     6  1  1  1  1  1  1  3  3  3  3  2  2  2  2  2  2  2  2                                                 
     5  1  1  1  1  1  1  3  3  3  3  2  2  2  2  2  2  2  2                                                 
     4  2  2  2  2  2  2  2  2  2  2                                                                         
     3  2  2  2  2  2  2  2  2  2  2                                                                         
     2  2  2  2  2  2  2  2  2  2  2                                                                         
     1  2  2  2  2  2  2  2  2  2  2                                                                         
  Planar Region :  2
        1  2  3  4  5  6  7  8  9 10 11 12 13 14 15 16 17 18 19 20 21 22 23 24 25 26 27 28 29 30 31 32 33 34
    34  4  4  5  5  5  5  4  4  4  4  5  5  5  5  4  4  4  4  5  5  5  5  4  4  4  4  6  6  6  6  2  2  2  2 
    33  4  4  5  5  5  5  4  4  4  4  5  5  5  5  4  4  4  4  5  5  5  5  4  4  4  4  6  6  6  6  2  2  2  2 
    32  5  5  4  4  4  4  5  5  5  5  4  4  4  4  5  5  5  5  4  4  4  4  6  6  6  6  6  6  6  6  2  2  2  2 
    31  5  5  4  4  4  4  5  5  5  5  4  4  4  4  5  5  5  5  4  4  4  4  6  6  6  6  6  6  6  6  2  2  2  2 
    30  5  5  4  4  4  4  5  5  5  5  4  4  4  4  5  5  5  5  4  4  4  4  6  6  6  6  6  6  6  6  2  2  2  2 
    29  5  5  4  4  4  4  5  5  5  5  4  4  4  4  5  5  5  5  4  4  4  4  6  6  6  6  6  6  6  6  2  2  2  2 
    28  4  4  5  5  5  5  4  4  4  4  5  5  5  5  4  4  4  4  5  5  5  5  6  6  6  6  3  3  3  3  2  2  2  2 
    27  4  4  5  5  5  5  4  4  4  4  5  5  5  5  4  4  4  4  5  5  5  5  6  6  6  6  3  3  3  3  2  2  2  2 
    26  4  4  5  5  5  5  4  4  4  4  5  5  5  5  4  4  4  4  5  5  5  5  6  6  6  6  3  3  3  3  2  2  2  2 
    25  4  4  5  5  5  5  4  4  4  4  5  5  5  5  4  4  4  4  5  5  5  5  6  6  6  6  3  3  3  3  2  2  2  2 
    24  5  5  4  4  4  4  5  5  5  5  4  4  4  4  5  5  5  5  6  6  6  6  6  6  6  6  2  2  2  2             
    23  5  5  4  4  4  4  5  5  5  5  4  4  4  4  5  5  5  5  6  6  6  6  6  6  6  6  2  2  2  2             
    22  5  5  4  4  4  4  5  5  5  5  4  4  4  4  5  5  5  5  6  6  6  6  6  6  6  6  2  2  2  2             
    21  5  5  4  4  4  4  5  5  5  5  4  4  4  4  5  5  5  5  6  6  6  6  6  6  6  6  2  2  2  2             
    20  4  4  5  5  5  5  4  4  4  4  5  5  5  5  4  4  4  4  6  6  6  6  3  3  3  3  2  2  2  2             
    19  4  4  5  5  5  5  4  4  4  4  5  5  5  5  4  4  4  4  6  6  6  6  3  3  3  3  2  2  2  2             
    18  4  4  5  5  5  5  4  4  4  4  5  5  5  5  4  4  4  4  6  6  6  6  3  3  3  3  2  2  2  2             
    17  4  4  5  5  5  5  4  4  4  4  5  5  5  5  4  4  4  4  6  6  6  6  3  3  3  3  2  2  2  2             
    16  5  5  4  4  4  4  5  5  5  5  6  6  6  6  6  6  6  6  3  3  3  3  2  2  2  2                         
    15  5  5  4  4  4  4  5  5  5  5  6  6  6  6  6  6  6  6  3  3  3  3  2  2  2  2                         
    14  5  5  4  4  4  4  5  5  5  5  6  6  6  6  6  6  6  6  3  3  3  3  2  2  2  2                         
    13  5  5  4  4  4  4  5  5  5  5  6  6  6  6  6  6  6  6  3  3  3  3  2  2  2  2                         
    12  4  4  6  6  6  6  6  6  6  6  6  6  6  6  3  3  3  3  2  2  2  2                                     
    11  4  4  6  6  6  6  6  6  6  6  6  6  6  6  3  3  3  3  2  2  2  2                                     
    10  4  4  6  6  6  6  6  6  6  6  6  6  6  6  3  3  3  3  2  2  2  2                                     
     9  4  4  6  6  6  6  6  6  6  6  6  6  6  6  3  3  3  3  2  2  2  2                                     
     8  6  6  6  6  6  6  3  3  3  3  2  2  2  2  2  2  2  2                                                 
     7  6  6  6  6  6  6  3  3  3  3  2  2  2  2  2  2  2  2                                                 
     6  6  6  6  6  6  6  3  3  3  3  2  2  2  2  2  2  2  2                                                 
     5  6  6  6  6  6  6  3  3  3  3  2  2  2  2  2  2  2  2                                                 
     4  2  2  2  2  2  2  2  2  2  2                                                                         
     3  2  2  2  2  2  2  2  2  2  2                                                                         
     2  2  2  2  2  2  2  2  2  2  2                                                                         
     1  2  2  2  2  2  2  2  2  2  2                                                                         
  Planar Region :  3
        1  2  3  4  5  6  7  8  9 10 11 12 13 14 15 16 17 18 19 20 21 22 23 24 25 26 27 28 29 30 31 32 33 34
    34  4  4  9  9  9  9  4  4  4  4  9  9  9  9  4  4  4  4  7  7  7  7  4  4  4  4  6  6  6  6  2  2  2  2 
    33  4  4  9  9  9  9  4  4  4  4  9  9  9  9  4  4  4  4  7  7  7  7  4  4  4  4  6  6  6  6  2  2  2  2 
    32  9  9  4  4  4  4  8  8  8  8  4  4  4  4  8  8  8  8  4  4  4  4  11 11 11 11 6  6  6  6  2  2  2  2 
    31  9  9  4  4  4  4  8  8  8  8  4  4  4  4  8  8  8  8  4  4  4  4  11 11 11 11 6  6  6  6  2  2  2  2 
    30  9  9  4  4  4  4  8  8  8  8  4  4  4  4  8  8  8  8  4  4  4  4  11 11 11 11 6  6  6  6  2  2  2  2 
    29  9  9  4  4  4  4  8  8  8  8  4  4  4  4  8  8  8  8  4  4  4  4  11 11 11 11 6  6  6  6  2  2  2  2 
    28  4  4  8  8  8  8  4  4  4  4  8  8  8  8  4  4  4  4  8  8  8  8  6  6  6  6  3  3  3  3  2  2  2  2 
    27  4  4  8  8  8  8  4  4  4  4  8  8  8  8  4  4  4  4  8  8  8  8  6  6  6  6  3  3  3  3  2  2  2  2 
    26  4  4  8  8  8  8  4  4  4  4  8  8  8  8  4  4  4  4  8  8  8  8  6  6  6  6  3  3  3  3  2  2  2  2 
    25  4  4  8  8  8  8  4  4  4  4  8  8  8  8  4  4  4  4  8  8  8  8  6  6  6  6  3  3  3  3  2  2  2  2 
    24  9  9  4  4  4  4  8  8  8  8  4  4  4  4  8  8  8  8  10 10 10 10 6  6  6  6  2  2  2  2             
    23  9  9  4  4  4  4  8  8  8  8  4  4  4  4  8  8  8  8  10 10 10 10 6  6  6  6  2  2  2  2             
    22  9  9  4  4  4  4  8  8  8  8  4  4  4  4  8  8  8  8  10 10 10 10 6  6  6  6  2  2  2  2             
    21  9  9  4  4  4  4  8  8  8  8  4  4  4  4  8  8  8  8  10 10 10 10 6  6  6  6  2  2  2  2             
    20  4  4  8  8  8  8  4  4  4  4  8  8  8  8  4  4  4  4  6  6  6  6  3  3  3  3  2  2  2  2             
    19  4  4  8  8  8  8  4  4  4  4  8  8  8  8  4  4  4  4  6  6  6  6  3  3  3  3  2  2  2  2             
    18  4  4  8  8  8  8  4  4  4  4  8  8  8  8  4  4  4  4  6  6  6  6  3  3  3  3  2  2  2  2             
    17  4  4  8  8  8  8  4  4  4  4  8  8  8  8  4  4  4  4  6  6  6  6  3  3  3  3  2  2  2  2             
    16  7  7  4  4  4  4  8  8  8  8  10 10 10 10 6  6  6  6  3  3  3  3  2  2  2  2                         
    15  7  7  4  4  4  4  8  8  8  8  10 10 10 10 6  6  6  6  3  3  3  3  2  2  2  2                         
    14  7  7  4  4  4  4  8  8  8  8  10 10 10 10 6  6  6  6  3  3  3  3  2  2  2  2                         
    13  7  7  4  4  4  4  8  8  8  8  10 10 10 10 6  6  6  6  3  3  3  3  2  2  2  2                         
    12  4  4  11 11 11 11 6  6  6  6  6  6  6  6  3  3  3  3  2  2  2  2                                     
    11  4  4  11 11 11 11 6  6  6  6  6  6  6  6  3  3  3  3  2  2  2  2                                     
    10  4  4  11 11 11 11 6  6  6  6  6  6  6  6  3  3  3  3  2  2  2  2                                     
     9  4  4  11 11 11 11 6  6  6  6  6  6  6  6  3  3  3  3  2  2  2  2                                     
     8  6  6  6  6  6  6  3  3  3  3  2  2  2  2  2  2  2  2                                                 
     7  6  6  6  6  6  6  3  3  3  3  2  2  2  2  2  2  2  2                                                 
     6  6  6  6  6  6  6  3  3  3  3  2  2  2  2  2  2  2  2                                                 
     5  6  6  6  6  6  6  3  3  3  3  2  2  2  2  2  2  2  2                                                 
     4  2  2  2  2  2  2  2  2  2  2                                                                         
     3  2  2  2  2  2  2  2  2  2  2                                                                         
     2  2  2  2  2  2  2  2  2  2  2                                                                         
     1  2  2  2  2  2  2  2  2  2  2                                                                         

  Planar Region Assignment to Planes.
 -------------------------------------
   Plane Number     Planar Region    Delta-z
       18 (Top)            1          30.00
       17                  3           8.00
       16                  3          12.80
       15                  3          12.80
       14                  3          30.00
       13                  3          30.00
       12                  3          30.00
       11                  3          30.00
       10                  3          30.00
        9                  3          30.00
        8                  3          30.00
        7                  3          30.00
        6                  3          30.00
        5                  3          30.00
        4                  3          15.00
        3                  3          11.00
        2                  2           7.70
        1 (Bottom)         1          30.00

   Boundary Conditions
   -------------------
  X-Directed West   : Reflective
  X-Directed East   : Zero Flux
  Y-Directed North  : Reflective
  Y-Directed South  : Zero Flux
  Z-Directed Bottom : Zero Flux
  Z-Directed Top    : Zero Flux

  ...Core Geometry is Sucessfully Read...
     ---------------------------------


            >>>> READING CONTROL RODS INSERTION <<<<
            --------------------------------------------
  NUMBER OF CONTROL ROD BANK  :  7
  MAX. NUMBER OF STEPS        : 228
  FULLY INSERTED POSITION (cm): 37.7 (FROM BOTTOM OF THE CORE)
  STEP SIZE (cm)              :   1.5942
  CR CUSPING CORRECTION       : NOT ACTIVE
  INITIAL CONTROL ROD BANK POSITION (STEPS) : 
  (0 means fully inserted) 
    Bank  1  Bank  2  Bank  3  Bank  4  Bank  5  Bank  6  Bank  7
      0.0    228.0      0.0    228.0      0.0    228.0    228.0

  CONTROL ROD BANK MAP : 
  1  0  2  0  0  0  3  0  0
  0  4  0  0  0  6  0  0  0
  2  0  5  0  6  0  6  0  0
  0  0  0  4  0  0  0  0  0
  0  0  6  0  7  0  0  0  0
  0  6  0  0  0  0  0  0  0
  3  0  6  0  0  0  0  0  0
  0  0  0  0  0  0  0  0  0
  0  0  0  0  0  0  0  0  0

  MATERIAL CX INCREMENT OR DECREMENT DUE TO CR INSERTION : 
    MATERIAL  1
    GROUP   TRANSPORT  ABSORPTION      NU*FISS      FISSION
       1     0.003732    0.002478    -0.000103    -0.000000
       2    -0.021993    0.025587    -0.002823    -0.000000
   --SCATTERING MATRIX--
     G/G'        1        2
      1      0.000000 -0.003193
      2      0.000000  0.000000
    MATERIAL  2
    GROUP   TRANSPORT  ABSORPTION      NU*FISS      FISSION
       1     0.003732    0.002478    -0.000103    -0.000000
       2    -0.021993    0.025587    -0.002823    -0.000000
   --SCATTERING MATRIX--
     G/G'        1        2
      1      0.000000 -0.003193
      2      0.000000  0.000000
    MATERIAL  3
    GROUP   TRANSPORT  ABSORPTION      NU*FISS      FISSION
       1     0.003732    0.002478    -0.000103    -0.000000
       2    -0.021993    0.025587    -0.002823    -0.000000
   --SCATTERING MATRIX--
     G/G'        1        2
      1      0.000000 -0.003193
      2      0.000000  0.000000
    MATERIAL  4
    GROUP   TRANSPORT  ABSORPTION      NU*FISS      FISSION
       1     0.003732    0.002478    -0.000103    -0.000000
       2    -0.021993    0.025587    -0.002823    -0.000000
   --SCATTERING MATRIX--
     G/G'        1        2
      1      0.000000 -0.003193
      2      0.000000  0.000000
    MATERIAL  5
    GROUP   TRANSPORT  ABSORPTION      NU*FISS      FISSION
       1     0.003732    0.002478    -0.000103    -0.000000
       2    -0.021993    0.025587    -0.002823    -0.000000
   --SCATTERING MATRIX--
     G/G'        1        2
      1      0.000000 -0.003193
      2      0.000000  0.000000
    MATERIAL  6
    GROUP   TRANSPORT  ABSORPTION      NU*FISS      FISSION
       1     0.003741    0.002429    -0.000123    -0.000000
       2    -0.016750    0.025648    -0.003281    -0.000000
   --SCATTERING MATRIX--
     G/G'        1        2
      1      0.000000 -0.003142
      2      0.000000  0.000000
    MATERIAL  7
    GROUP   TRANSPORT  ABSORPTION      NU*FISS      FISSION
       1     0.003732    0.002478    -0.000103    -0.000000
       2    -0.021993    0.025587    -0.002823    -0.000000
   --SCATTERING MATRIX--
     G/G'        1        2
      1      0.000000 -0.003193
      2      0.000000  0.000000
    MATERIAL  8
    GROUP   TRANSPORT  ABSORPTION      NU*FISS      FISSION
       1     0.003732    0.002478    -0.000103    -0.000000
       2    -0.021993    0.025587    -0.002823    -0.000000
   --SCATTERING MATRIX--
     G/G'        1        2
      1      0.000000 -0.003193
      2      0.000000  0.000000
    MATERIAL  9
    GROUP   TRANSPORT  ABSORPTION      NU*FISS      FISSION
       1     0.003732    0.002478    -0.000103    -0.000000
       2    -0.021993    0.025587    -0.002823    -0.000000
   --SCATTERING MATRIX--
     G/G'        1        2
      1      0.000000 -0.003193
      2      0.000000  0.000000
    MATERIAL 10
    GROUP   TRANSPORT  ABSORPTION      NU*FISS      FISSION
       1     0.003732    0.002478    -0.000103    -0.000000
       2    -0.021993    0.025587    -0.002823    -0.000000
   --SCATTERING MATRIX--
     G/G'        1        2
      1      0.000000 -0.003193
      2      0.000000  0.000000
    MATERIAL 11
    GROUP   TRANSPORT  ABSORPTION      NU*FISS      FISSION
       1     0.003732    0.002478    -0.000103    -0.000000
       2    -0.021993    0.025587    -0.002823    -0.000000
   --SCATTERING MATRIX--
     G/G'        1        2
      1      0.000000 -0.003193
      2      0.000000  0.000000

  ...Control Rods Insertion card is sucessfully read...


            >>>>     READING ROD EJECTION DATA      <<<<
            --------------------------------------------
                           Bank  1  Bank  2  Bank  3  Bank  4  Bank  5  Bank  6  Bank  7
  FINAL BANK POS. (STEP)      0.0    228.0    228.0    228.0      0.0    228.0    228.0
  STARTS MOVE (SECOND)        0.0      0.0      0.0      0.0      0.0      0.0      0.0
  SPEED (STEP/SECOND)         0.0      0.0   2280.0      0.0      0.0      0.0      0.0

  TIME PARAMETERS IN SECONDS : 
    TOTAL SIMULATION TIME         :   5.00
    FIRST TIME STEP               : 0.0050
    SECOND TIME STEP              : 0.0500
    WHEN SECOND TIME STEP APPLY?  :   1.00

  DELAYED NEUTRON FRACTION : 
    0.00026    0.00152    0.00139    0.00307    0.00110    0.00026

  PRECUSOR DECAY CONSTANT (1/s): 
    0.01280    0.03180    0.11900    0.31810    1.40270    3.92860

  NEUTRON VELOCITY (cm/s) : 
    2.80000E+07    4.40000E+05

  ...Rod Ejection Card is sucessfully read...


            >>>>       READING BORON CONCENTRATION        <<<<
            --------------------------------------------------
  BORON CONCENTRATION SET       : 1251.68
  BORON CONCENTRATION REFERENCE : 1200.20

  MATERIAL CX CHANGES PER PPM BORON CHANGES : 
    MATERIAL  1
     GROUP   TRANSPORT   ABSORPTION   NU*FISS       FISSION
       1     0.000000    0.000000   0.00000E+00   0.00000E+00
       2     0.000005    0.000010   0.00000E+00   0.00000E+00
   --SCATTERING MATRIX--
     G/G'          1          2
      1      0.00000E+00  0.79146E-09
      2      0.00000E+00  0.00000E+00
    MATERIAL  2
     GROUP   TRANSPORT   ABSORPTION   NU*FISS       FISSION
       1     0.000000    0.000000   0.00000E+00   0.00000E+00
       2     0.000776    0.000084   0.00000E+00   0.00000E+00
   --SCATTERING MATRIX--
     G/G'          1          2
      1      0.00000E+00  0.00000E+00
      2      0.00000E+00  0.00000E+00
    MATERIAL  3
     GROUP   TRANSPORT   ABSORPTION   NU*FISS       FISSION
       1     0.000000    0.000000   0.00000E+00   0.00000E+00
       2     0.000776    0.000084   0.00000E+00   0.00000E+00
   --SCATTERING MATRIX--
     G/G'          1          2
      1      0.00000E+00  0.00000E+00
      2      0.00000E+00  0.00000E+00
    MATERIAL  4
     GROUP   TRANSPORT   ABSORPTION   NU*FISS       FISSION
       1     0.000000    0.000000  -0.11210E-08  -0.17619E-19
       2    -0.000010    0.000007  -0.24305E-05  -0.31909E-16
   --SCATTERING MATRIX--
     G/G'          1          2
      1      0.00000E+00 -0.10859E-06
      2      0.00000E+00  0.00000E+00
    MATERIAL  5
     GROUP   TRANSPORT   ABSORPTION   NU*FISS       FISSION
       1     0.000000    0.000000  -0.16788E-08  -0.24996E-19
       2    -0.000009    0.000007  -0.27244E-05  -0.35768E-16
   --SCATTERING MATRIX--
     G/G'          1          2
      1      0.00000E+00 -0.10695E-06
      2      0.00000E+00  0.00000E+00
    MATERIAL  6
     GROUP   TRANSPORT   ABSORPTION   NU*FISS       FISSION
       1     0.000000    0.000000  -0.22104E-08  -0.32023E-19
       2    -0.000007    0.000007  -0.29588E-05  -0.38845E-16
   --SCATTERING MATRIX--
     G/G'          1          2
      1      0.00000E+00 -0.10537E-06
      2      0.00000E+00  0.00000E+00
    MATERIAL  7
     GROUP   TRANSPORT   ABSORPTION   NU*FISS       FISSION
       1     0.000000    0.000000  -0.17132E-08  -0.24996E-19
       2    -0.000007    0.000006  -0.25536E-05  -0.33522E-16
   --SCATTERING MATRIX--
     G/G'          1          2
      1      0.00000E+00 -0.10087E-06
      2      0.00000E+00  0.00000E+00
    MATERIAL  8
     GROUP   TRANSPORT   ABSORPTION   NU*FISS       FISSION
       1     0.000000    0.000000  -0.17242E-08  -0.25490E-19
       2    -0.000006    0.000006  -0.24888E-05  -0.32670E-16
   --SCATTERING MATRIX--
     G/G'          1          2
      1      0.00000E+00 -0.98858E-07
      2      0.00000E+00  0.00000E+00
    MATERIAL  9
     GROUP   TRANSPORT   ABSORPTION   NU*FISS       FISSION
       1     0.000000    0.000000  -0.17350E-08  -0.25605E-19
       2    -0.000006    0.000006  -0.24224E-05  -0.31798E-16
   --SCATTERING MATRIX--
     G/G'          1          2
      1      0.00000E+00 -0.96849E-07
      2      0.00000E+00  0.00000E+00
    MATERIAL 10
     GROUP   TRANSPORT   ABSORPTION   NU*FISS       FISSION
       1     0.000000    0.000000  -0.22434E-08  -0.32023E-19
       2    -0.000006    0.000006  -0.27766E-05  -0.36451E-16
   --SCATTERING MATRIX--
     G/G'          1          2
      1      0.00000E+00 -0.99331E-07
      2      0.00000E+00  0.00000E+00
    MATERIAL 11
     GROUP   TRANSPORT   ABSORPTION   NU*FISS       FISSION
       1     0.000000    0.000000  -0.22537E-08  -0.32487E-19
       2    -0.000005    0.000006  -0.27078E-05  -0.35548E-16
   --SCATTERING MATRIX--
     G/G'          1          2
      1      0.00000E+00 -0.97329E-07
      2      0.00000E+00  0.00000E+00

  ...Boron Concentration card is sucessfully read...


            >>>>   READING THERMAL-HYDRAULIC DATA   <<<<
            --------------------------------------------
  REACTOR PERCENT POWER (%)                :      0.00010
  REACTOR POWER (Watt)                     :   6.9375E+08
  COOLANT INLET TEMPERATURE (Kelvin)       :   5.5915E+02
  FUEL ASSEMBLY MASS FLOW RATE (Kg/s)      :   8.2121E+01
  FUEL MEAT RADIUS (m)                     :   4.1195E-03
  GAP THICKNESS (m)                        :   6.8000E-05
  CLAD THICKNESS (m)                       :   5.7100E-04
  PIN PITCH(m)                             :   1.2655E-02
  FRACTION OF HEAT DEPOSITED IN COOL.      :   1.9000E-02

  ...Thermal-hydraulic Card is sucessfully read...


            >>>>      READING FUEL TEMPERATURE      <<<<
            --------------------------------------------
  AVERAGE FUEL TEMPERATURE   :891.19  (NOT USED)
  FUEL TEMPERATURE REFERENCE :891.45

  MATERIAL CX CHANGES PER FUEL TEMPERATURE CHANGES : 
    MATERIAL  1
     GROUP   TRANSPORT   ABSORPTION   NU*FISS       FISSION
       1   0.00000E+00  0.00000E+00   0.00000E+00   0.00000E+00
       2   0.00000E+00  0.00000E+00   0.00000E+00   0.00000E+00
   --SCATTERING MATRIX--
     G/G'          1          2
      1      0.00000E+00  0.00000E+00
      2      0.00000E+00  0.00000E+00
    MATERIAL  2
     GROUP   TRANSPORT   ABSORPTION   NU*FISS       FISSION
       1   0.00000E+00  0.00000E+00   0.00000E+00   0.00000E+00
       2   0.00000E+00  0.00000E+00   0.00000E+00   0.00000E+00
   --SCATTERING MATRIX--
     G/G'          1          2
      1      0.00000E+00  0.00000E+00
      2      0.00000E+00  0.00000E+00
    MATERIAL  3
     GROUP   TRANSPORT   ABSORPTION   NU*FISS       FISSION
       1   0.00000E+00  0.00000E+00   0.00000E+00   0.00000E+00
       2   0.00000E+00  0.00000E+00   0.00000E+00   0.00000E+00
   --SCATTERING MATRIX--
     G/G'          1          2
      1      0.00000E+00  0.00000E+00
      2      0.00000E+00  0.00000E+00
    MATERIAL  4
     GROUP   TRANSPORT   ABSORPTION   NU*FISS       FISSION
       1  -0.30920E-04  0.34971E-04   0.64013E-06   0.71541E-17
       2  -0.13729E-03 -0.37181E-04  -0.56304E-04  -0.73919E-15
   --SCATTERING MATRIX--
     G/G'          1          2
      1      0.00000E+00 -0.27554E-04
      2      0.00000E+00  0.00000E+00
    MATERIAL  5
     GROUP   TRANSPORT   ABSORPTION   NU*FISS       FISSION
       1  -0.30861E-04  0.35180E-04   0.99743E-06   0.11868E-16
       2  -0.11748E-03 -0.37704E-04  -0.60415E-04  -0.79317E-15
   --SCATTERING MATRIX--
     G/G'          1          2
      1      0.00000E+00 -0.27677E-04
      2      0.00000E+00  0.00000E+00
    MATERIAL  6
     GROUP   TRANSPORT   ABSORPTION   NU*FISS       FISSION
       1  -0.30917E-04  0.35384E-04   0.14185E-05   0.17427E-16
       2  -0.10134E-03 -0.37756E-04  -0.63096E-04  -0.82836E-15
   --SCATTERING MATRIX--
     G/G'          1          2
      1      0.00000E+00 -0.27839E-04
      2      0.00000E+00  0.00000E+00
    MATERIAL  7
     GROUP   TRANSPORT   ABSORPTION   NU*FISS       FISSION
       1  -0.31375E-04  0.34870E-04   0.94543E-06   0.11868E-16
       2  -0.10827E-03 -0.37275E-04  -0.57966E-04  -0.76085E-15
   --SCATTERING MATRIX--
     G/G'          1          2
      1      0.00000E+00 -0.27355E-04
      2      0.00000E+00  0.00000E+00
    MATERIAL  8
     GROUP   TRANSPORT   ABSORPTION   NU*FISS       FISSION
       1  -0.31550E-04  0.34727E-04   0.92608E-06   0.10893E-16
       2  -0.10552E-03 -0.37181E-04  -0.57111E-04  -0.74957E-15
   --SCATTERING MATRIX--
     G/G'          1          2
      1      0.00000E+00 -0.27238E-04
      2      0.00000E+00  0.00000E+00
    MATERIAL  9
     GROUP   TRANSPORT   ABSORPTION   NU*FISS       FISSION
       1  -0.31728E-04  0.34603E-04   0.90580E-06   0.10617E-16
       2  -0.10252E-03 -0.37020E-04  -0.56154E-04  -0.73697E-15
   --SCATTERING MATRIX--
     G/G'          1          2
      1      0.00000E+00 -0.27117E-04
      2      0.00000E+00  0.00000E+00
    MATERIAL 10
     GROUP   TRANSPORT   ABSORPTION   NU*FISS       FISSION
       1  -0.31419E-04  0.35064E-04   0.13564E-05   0.17427E-16
       2  -0.93889E-04 -0.37140E-04  -0.60505E-04  -0.79425E-15
   --SCATTERING MATRIX--
     G/G'          1          2
      1      0.00000E+00 -0.27505E-04
      2      0.00000E+00  0.00000E+00
    MATERIAL 11
     GROUP   TRANSPORT   ABSORPTION   NU*FISS       FISSION
       1  -0.31591E-04  0.34912E-04   0.13334E-05   0.16277E-16
       2  -0.91713E-04 -0.36991E-04  -0.59628E-04  -0.78272E-15
   --SCATTERING MATRIX--
     G/G'          1          2
      1      0.00000E+00 -0.27383E-04
      2      0.00000E+00  0.00000E+00

  ...Fuel Temperature is card sucessfully read...


            >>>>   READING MODERATOR TEMPERATURE    <<<<
            --------------------------------------------
  AVERAGE MODERATOR TEMPERATURE   :559.19  (NOT USED)
  MODERATOR TEMPERATURE REFERENCE :579.75

  MATERIAL CX CHANGES PER MODERATOR TEMPERATURE CHANGES : 
    MATERIAL  1
     GROUP   TRANSPORT   ABSORPTION   NU*FISS       FISSION
       1   0.00000E+00  0.00000E+00   0.00000E+00   0.00000E+00
       2   0.00000E+00  0.00000E+00   0.00000E+00   0.00000E+00
   --SCATTERING MATRIX--
     G/G'          1          2
      1      0.00000E+00  0.00000E+00
      2      0.00000E+00  0.00000E+00
    MATERIAL  2
     GROUP   TRANSPORT   ABSORPTION   NU*FISS       FISSION
       1   0.00000E+00  0.00000E+00   0.00000E+00   0.00000E+00
       2   0.00000E+00  0.00000E+00   0.00000E+00   0.00000E+00
   --SCATTERING MATRIX--
     G/G'          1          2
      1      0.00000E+00  0.00000E+00
      2      0.00000E+00  0.00000E+00
    MATERIAL  3
     GROUP   TRANSPORT   ABSORPTION   NU*FISS       FISSION
       1   0.00000E+00  0.00000E+00   0.00000E+00   0.00000E+00
       2   0.00000E+00  0.00000E+00   0.00000E+00   0.00000E+00
   --SCATTERING MATRIX--
     G/G'          1          2
      1      0.00000E+00  0.00000E+00
      2      0.00000E+00  0.00000E+00
    MATERIAL  4
     GROUP   TRANSPORT   ABSORPTION   NU*FISS       FISSION
       1  -0.20331E-05  0.21219E-06   0.12471E-06   0.14304E-17
       2  -0.10867E-03 -0.31560E-04  -0.41644E-04  -0.54672E-15
   --SCATTERING MATRIX--
     G/G'          1          2
      1      0.00000E+00  0.80968E-06
      2      0.00000E+00  0.00000E+00
    MATERIAL  5
     GROUP   TRANSPORT   ABSORPTION   NU*FISS       FISSION
       1  -0.19808E-05  0.22600E-06   0.13515E-06   0.15690E-17
       2  -0.90615E-04 -0.32144E-04  -0.45310E-04  -0.59486E-15
   --SCATTERING MATRIX--
     G/G'          1          2
      1      0.00000E+00  0.85847E-06
      2      0.00000E+00  0.00000E+00
    MATERIAL  6
     GROUP   TRANSPORT   ABSORPTION   NU*FISS       FISSION
       1  -0.19243E-05  0.23994E-06   0.14908E-06   0.17542E-17
       2  -0.76279E-04 -0.32378E-04  -0.47847E-04  -0.62817E-15
   --SCATTERING MATRIX--
     G/G'          1          2
      1      0.00000E+00  0.90349E-06
      2      0.00000E+00  0.00000E+00
    MATERIAL  7
     GROUP   TRANSPORT   ABSORPTION   NU*FISS       FISSION
       1  -0.26963E-05  0.24853E-06   0.14077E-06   0.15690E-17
       2  -0.76244E-04 -0.30012E-04  -0.42020E-04  -0.55167E-15
   --SCATTERING MATRIX--
     G/G'          1          2
      1      0.00000E+00  0.70131E-06
      2      0.00000E+00  0.00000E+00
    MATERIAL  8
     GROUP   TRANSPORT   ABSORPTION   NU*FISS       FISSION
       1  -0.30791E-05  0.26185E-06   0.14323E-06   0.16790E-17
       2  -0.73340E-04 -0.29193E-04  -0.40770E-04  -0.53526E-15
   --SCATTERING MATRIX--
     G/G'          1          2
      1      0.00000E+00  0.61738E-06
      2      0.00000E+00  0.00000E+00
    MATERIAL  9
     GROUP   TRANSPORT   ABSORPTION   NU*FISS       FISSION
       1  -0.35388E-05  0.27431E-06   0.14602E-06   0.17167E-17
       2  -0.71371E-04 -0.28304E-04  -0.39432E-04  -0.51769E-15
   --SCATTERING MATRIX--
     G/G'          1          2
      1      0.00000E+00  0.51655E-06
      2      0.00000E+00  0.00000E+00
    MATERIAL 10
     GROUP   TRANSPORT   ABSORPTION   NU*FISS       FISSION
       1  -0.26391E-05  0.26429E-06   0.15586E-06   0.17542E-17
       2  -0.63955E-04 -0.30351E-04  -0.44443E-04  -0.58348E-15
   --SCATTERING MATRIX--
     G/G'          1          2
      1      0.00000E+00  0.74432E-06
      2      0.00000E+00  0.00000E+00
    MATERIAL 11
     GROUP   TRANSPORT   ABSORPTION   NU*FISS       FISSION
       1  -0.30215E-05  0.27906E-06   0.15881E-06   0.18853E-17
       2  -0.61698E-04 -0.29563E-04  -0.43159E-04  -0.56662E-15
   --SCATTERING MATRIX--
     G/G'          1          2
      1      0.00000E+00  0.65952E-06
      2      0.00000E+00  0.00000E+00

  ...Moderator Temperature Card is sucessfully read...


            >>>>       READING COOLANT DENSITY      <<<<
            --------------------------------------------
  AVERAGE COOLANT DENSITY   :  0.7464  (USED AS GUESS)
  COOLANT DENSITY REFERENCE :  0.7125

  MATERIAL CX CHANGES PER COOLANT DENSITY CHANGES : 
    MATERIAL  1
     GROUP   TRANSPORT   ABSORPTION   NU*FISS       FISSION
       1   0.74576E-01  0.20769E-03   0.00000E+00   0.00000E+00
       2   0.53363E+00  0.75842E-02   0.00000E+00   0.00000E+00
   --SCATTERING MATRIX--
     G/G'          1          2
      1      0.00000E+00  0.37131E-01
      2      0.00000E+00  0.00000E+00
    MATERIAL  2
     GROUP   TRANSPORT   ABSORPTION   NU*FISS       FISSION
       1   0.00000E+00  0.00000E+00   0.00000E+00   0.00000E+00
       2   0.00000E+00  0.00000E+00   0.00000E+00   0.00000E+00
   --SCATTERING MATRIX--
     G/G'          1          2
      1      0.00000E+00  0.00000E+00
      2      0.00000E+00  0.00000E+00
    MATERIAL  3
     GROUP   TRANSPORT   ABSORPTION   NU*FISS       FISSION
       1   0.00000E+00  0.00000E+00   0.00000E+00   0.00000E+00
       2   0.00000E+00  0.00000E+00   0.00000E+00   0.00000E+00
   --SCATTERING MATRIX--
     G/G'          1          2
      1      0.00000E+00  0.00000E+00
      2      0.00000E+00  0.00000E+00
    MATERIAL  4
     GROUP   TRANSPORT   ABSORPTION   NU*FISS       FISSION
       1   0.13567E+00  0.15519E-02   0.92069E-03   0.10239E-13
       2   0.99263E+00  0.25266E-01   0.24775E-01   0.32526E-12
   --SCATTERING MATRIX--
     G/G'          1          2
      1      0.00000E+00  0.29319E-01
      2      0.00000E+00  0.00000E+00
    MATERIAL  5
     GROUP   TRANSPORT   ABSORPTION   NU*FISS       FISSION
       1   0.13575E+00  0.16149E-02   0.96416E-03   0.10814E-13
       2   0.98198E+00  0.28667E-01   0.31499E-01   0.41354E-12
   --SCATTERING MATRIX--
     G/G'          1          2
      1      0.00000E+00  0.29270E-01
      2      0.00000E+00  0.00000E+00
    MATERIAL  6
     GROUP   TRANSPORT   ABSORPTION   NU*FISS       FISSION
       1   0.13583E+00  0.16802E-02   0.10141E-02   0.11477E-13
       2   0.97227E+00  0.31957E-01   0.38110E-01   0.50033E-12
   --SCATTERING MATRIX--
     G/G'          1          2
      1      0.00000E+00  0.29215E-01
      2      0.00000E+00  0.00000E+00
    MATERIAL  7
     GROUP   TRANSPORT   ABSORPTION   NU*FISS       FISSION
       1   0.13103E+00  0.16840E-02   0.98195E-03   0.10814E-13
       2   0.93470E+00  0.31424E-01   0.35159E-01   0.46172E-12
   --SCATTERING MATRIX--
     G/G'          1          2
      1      0.00000E+00  0.28249E-01
      2      0.00000E+00  0.00000E+00
    MATERIAL  8
     GROUP   TRANSPORT   ABSORPTION   NU*FISS       FISSION
       1   0.12938E+00  0.17197E-02   0.98844E-03   0.11132E-13
       2   0.91817E+00  0.32472E-01   0.36325E-01   0.47708E-12
   --SCATTERING MATRIX--
     G/G'          1          2
      1      0.00000E+00  0.27890E-01
      2      0.00000E+00  0.00000E+00
    MATERIAL  9
     GROUP   TRANSPORT   ABSORPTION   NU*FISS       FISSION
       1   0.12768E+00  0.17499E-02   0.99518E-03   0.11221E-13
       2   0.90129E+00  0.33594E-01   0.37450E-01   0.49190E-12
   --SCATTERING MATRIX--
     G/G'          1          2
      1      0.00000E+00  0.27520E-01
      2      0.00000E+00  0.00000E+00
    MATERIAL 10
     GROUP   TRANSPORT   ABSORPTION   NU*FISS       FISSION
       1   0.13112E+00  0.17553E-02   0.10352E-02   0.11477E-13
       2   0.92492E+00  0.34985E-01   0.42069E-01   0.58348E-12
   --SCATTERING MATRIX--
     G/G'          1          2
      1      0.00000E+00  0.28188E-01
      2      0.00000E+00  0.00000E+00
    MATERIAL 11
     GROUP   TRANSPORT   ABSORPTION   NU*FISS       FISSION
       1   0.12946E+00  0.17950E-02   0.10429E-02   0.11853E-13
       2   0.90846E+00  0.36103E-01   0.43321E-01   0.56886E-12
   --SCATTERING MATRIX--
     G/G'          1          2
      1      0.00000E+00  0.27826E-01
      2      0.00000E+00  0.00000E+00

  ...Coolant Density Card is sucessfully read...
    1     1.048268    3.25110E+00    9.06072E+01
    2     1.010968    1.00000E+00    1.29417E+01
    3     0.982850    5.70844E-01    4.13079E+00
    4     0.973637    3.63740E-01    1.51076E+00
    5     0.966791    5.97096E+02    6.29363E-01
    6     0.980698    1.21551E+00    1.69766E+00
    7     0.981122    1.23262E-01    8.32249E-01
    8     0.981362    8.60473E-02    4.06222E-01
    9     0.981757    7.07764E-02    1.32044E-01
   10     0.988190    7.90205E+00    7.22756E-02
   11     0.986592    7.46926E-01    1.56013E+00
   12     0.986740    1.27045E-01    6.93220E-01
   13     0.986780    5.20899E-02    3.74427E-01
   14     0.986837    2.06062E-02    1.27801E-01
   15     0.988044    8.16516E-01    3.82105E-02
   16     0.988071    2.60494E-01    4.29451E-01
   17     0.987628    5.97374E-02    1.83176E-01
   18     0.987585    4.53853E-02    1.04671E-01
   19     0.987632    3.75442E-02    4.26548E-02
   20     0.988424    6.35615E-01    3.33771E-02
    1     0.998501    1.90966E-02    3.31686E-02
    2     0.998679    2.40006E-02    2.84393E-02
    3     0.998666    2.12504E-02    2.44153E-02
    4     0.998691    1.87267E-02    2.09293E-02
    5     0.999794    1.08191E+00    1.82947E-02
    6     0.999640    3.07471E-01    5.09911E-01
    7     0.999480    3.23476E-02    2.69908E-01
    8     0.999420    2.50511E-02    1.16920E-01
    9     0.999392    2.00101E-02    2.33043E-02
   10     0.999069    2.25154E-01    1.81177E-02
   11     0.999296    9.68035E-02    1.49924E-01
   12     0.999243    1.58447E-02    9.43076E-02
   13     0.999253    1.30225E-02    2.96348E-02
   14     0.999272    1.13323E-02    1.15731E-02
   15     0.999673    2.87858E-01    1.04962E-02
   16     0.999562    1.01225E-01    1.69932E-01
   17     0.999540    1.07029E-02    9.87211E-02
   18     0.999527    7.94948E-03    4.25114E-02
   19     0.999519    6.33057E-03    8.67656E-03
   20     0.999416    8.77509E-02    5.59935E-03
       1       0.999481    4.44597E-03    4.93468E-03
       2       0.999498    3.50539E-03    4.11070E-03
       3       0.999502    2.72561E-03    3.27407E-03
       4       0.999502    2.08305E-03    2.55868E-03
       5       0.999491    6.35191E-02    1.95856E-03
       6       0.999568    3.06254E-02    4.39070E-02
       7       0.999524    8.78114E-03    1.89782E-02
       8       0.999525    7.53665E-03    1.11409E-02
       9       0.999533    6.80356E-03    6.99429E-03
      10       0.999624    6.87986E-02    6.44125E-03
      11       0.999593    2.30934E-02    4.27694E-02
      12       0.999599    2.74656E-03    2.67318E-02
      13       0.999599    8.75355E-04    1.10280E-02
      14       0.999598    8.02364E-04    2.75001E-03
      15       0.999580    4.55921E-02    7.32519E-04
      16       0.999622    1.78412E-02    2.70474E-02
      17       0.999602    4.33757E-03    1.09398E-02
      18       0.999603    3.85963E-03    6.06671E-03
      19       0.999606    3.39943E-03    3.52576E-03
      20       0.999635    2.19699E-02    3.22302E-03
      21       0.999624    6.53443E-03    1.37484E-02
      22       0.999628    1.25911E-03    8.94018E-03
      23       0.999629    5.00534E-04    3.82725E-03
      24       0.999629    2.64766E-04    1.12801E-03
      25       0.999648    2.57510E-02    3.88720E-04
      26       0.999639    1.23735E-02    1.68571E-02
      27       0.999638    2.56869E-03    1.03536E-02
      28       0.999637    1.76123E-03    5.41934E-03
      29       0.999636    1.25543E-03    2.37934E-03
      30       0.999634    4.07476E-03    1.42158E-03
      31       0.999635    1.23404E-03    2.22318E-03
      32       0.999635    3.12373E-04    1.46890E-03
      33       0.999635    1.60005E-04    8.29904E-04
      34       0.999635    1.03497E-04    2.71395E-04
      35       0.999634    3.38477E-03    1.26659E-04
      36       0.999632    1.59276E-03    2.44424E-03
      37       0.999633    2.52306E-04    1.48740E-03
      38       0.999633    1.97243E-04    6.55576E-04
      39       0.999633    1.51797E-04    2.41403E-04
      40       0.999632    1.37073E-03    1.59602E-04
      41       0.999633    5.64360E-04    8.05305E-04
      42       0.999633    1.17289E-04    4.79035E-04
      43       0.999633    7.15676E-05    2.98540E-04
      44       0.999633    5.03609E-05    8.57150E-05
      45       0.999635    3.68244E-03    5.02628E-05
      46       0.999632    1.79496E-03    2.19947E-03
      47       0.999634    3.39969E-04    1.30749E-03
      48       0.999633    2.06897E-04    7.65063E-04
      49       0.999633    1.63110E-04    3.05032E-04
      50       0.999632    7.99622E-04    1.57360E-04
      51       0.999633    2.45682E-04    4.59046E-04
      52       0.999632    6.26662E-05    2.33463E-04
      53       0.999632    5.08896E-05    1.43989E-04
      54       0.999632    4.20525E-05    4.70395E-05
      55       0.999633    2.44562E-03    3.91535E-05
      56       0.999633    1.10895E-03    1.48044E-03
      57       0.999633    1.50655E-04    8.57718E-04
      58       0.999633    1.09571E-04    3.10672E-04
      59       0.999633    8.96834E-05    9.39480E-05
      60       0.999633    6.12031E-04    7.89038E-05
      61       0.999633    2.12807E-04    3.71862E-04
      62       0.999633    2.41259E-05    2.31017E-04
      63       0.999633    1.38387E-05    7.15498E-05
      64       0.999633    1.04566E-05    2.14556E-05
      65       0.999633    9.33216E-04    9.08974E-06
      66       0.999633    4.16301E-04    5.81666E-04
      67       0.999633    6.97734E-05    3.32566E-04
      68       0.999633    4.63633E-05    1.49946E-04
      69       0.999633    3.21530E-05    6.27477E-05
      70       0.999633    9.69801E-05    3.33708E-05
      71       0.999633    2.53736E-05    5.62271E-05
      72       0.999633    5.64103E-06    3.44065E-05
      73       0.999633    3.62991E-06    1.33800E-05
      74       0.999633    3.14955E-06    4.26780E-06

 ***********************************************
Effective Factor Multiplication : Keff = 0.999633
 ***********************************************

   INITIAL MULTIPLICATION EFFECTIVE (K-EFF) =  0.999633
   WARNING: THE STEADY STATE K-EFF IS NOT EQUAL TO 1.0
   AND NOW IT IS FORCED TO 1.0 BY MODIFYING THE nu*sigf CROSS SECTIONS 

       1       0.999888    2.70917E-04    2.79208E-04
       2       0.999965    9.14129E-05    1.82694E-04
       3       0.999985    4.29379E-05    1.27959E-04
       4       0.999991    2.09897E-05    7.69064E-05
       5       0.999992    1.55585E-05    3.71967E-05
       6       0.999992    4.51421E-06    1.78650E-05
       7       0.999992    5.02179E-06    1.00128E-05
       8       0.999992    4.03665E-06    6.11000E-06

 ***********************************************
Effective Factor Multiplication : Keff = 0.999992
 ***********************************************
    1     0.982000    1.37272E-01    6.88021E+02
    2     0.994086    6.12694E-02    1.92989E+03
    3     0.998482    3.30493E-02    4.03192E+01
    4     0.999621    1.51002E-02    1.00000E+00
     ...Fission Source Extrapolated...
    5     1.000126    1.67765E-02    8.36319E-02
    6     0.999896    4.07542E-03    3.58968E-02
    7     0.999920    3.52927E-03    8.94971E-02
    8     0.999931    1.92983E-03    1.73317E-02
    9     0.999938    1.50523E-03    2.82286E-03
     ...Fission Source Extrapolated...
   10     1.000001    1.26844E-02    1.96271E-03
   11     0.999971    6.83604E-03    3.10092E-02
   12     0.999964    3.12440E-03    2.21655E-02
   13     0.999978    1.64203E-03    2.37730E-02
   14     0.999987    6.62285E-04    9.48040E-03
     ...Fission Source Extrapolated...
   15     1.000055    5.67154E-03    3.53391E-03
   16     1.000001    5.05615E-03    1.99374E-02
   17     0.999992    1.39412E-03    5.06513E-02
   18     0.999995    7.41098E-04    2.07798E-02
   19     0.999998    2.71701E-04    8.94956E-04
     ...Fission Source Extrapolated...
   20     1.000016    4.15458E-03    3.72229E-04
   21     0.999999    2.37974E-03    6.84209E-03
   22     0.999996    8.41330E-04    4.61538E-03
   23     0.999998    2.24085E-04    5.66997E-03
   24     0.999999    7.94367E-05    1.88362E-03
     ...Fission Source Extrapolated...
   25     1.000002    5.48444E-04    7.28390E-04
   26     0.999998    4.65015E-04    1.98497E-03
   27     0.999998    1.28365E-04    7.13249E-03
   28     0.999998    7.71495E-05    3.82345E-03
   29     0.999998    4.18396E-05    3.28129E-04
     ...Fission Source Extrapolated...
   30     1.000000    8.50741E-04    1.34254E-04
   31     0.999998    4.70747E-04    3.27405E-03
   32     0.999998    2.10984E-04    1.62578E-03
   33     0.999998    7.18784E-05    1.16413E-03
   34     0.999998    2.56938E-05    6.00117E-04
     ...Fission Source Extrapolated...
   35     0.999999    1.13051E-04    2.44481E-04
   36     0.999998    8.96622E-05    2.18702E-04
   37     0.999998    2.20432E-05    1.21506E-03
   38     0.999998    1.28280E-05    7.17608E-04
   39     0.999998    8.39994E-06    8.07326E-05
     ...Fission Source Extrapolated...
   40     0.999998    2.17967E-04    3.38635E-05
   41     0.999998    1.13804E-04    9.85112E-04
   42     0.999998    5.97488E-05    4.72254E-04
   43     0.999998    1.90279E-05    1.91660E-04
   44     0.999998    7.22000E-06    1.53226E-04
     ...Fission Source Extrapolated...
   45     0.999998    3.58602E-05    6.76532E-05
   46     0.999998    1.87138E-05    9.27692E-05
   47     0.999998    6.88126E-06    2.49697E-04
   48     0.999998    3.78134E-06    1.28348E-04
   49     0.999998    1.94849E-06    1.34288E-05
     ...Fission Source Extrapolated...
   50     0.999998    7.97549E-05    6.22183E-06
   51     0.999998    4.69449E-05    3.80023E-04
   52     0.999998    2.14171E-05    4.84473E-04
   53     0.999998    1.16320E-05    1.71350E-04
   54     0.999998    4.56693E-06    5.08404E-05
     ...Fission Source Extrapolated...
   55     0.999998    2.95002E-05    2.21812E-05
   56     0.999998    2.59653E-05    1.36661E-04
   57     0.999998    5.64848E-06    2.10140E-04
   58     0.999998    3.90201E-06    1.00499E-04
   59     0.999998    1.53507E-06    1.12530E-05
     ...Fission Source Extrapolated...
   60     0.999998    3.20077E-05    5.02564E-06
   61     0.999998    3.02584E-05    2.03768E-04
   62     0.999998    8.06555E-06    2.04177E-04
   63     0.999998    6.08890E-06    7.92158E-05
   64     0.999998    2.42376E-06    3.11244E-05
     ...Fission Source Extrapolated...
   65     0.999998    1.36262E-05    1.27841E-05
   66     0.999998    1.11474E-05    6.66339E-05
   67     0.999998    2.93858E-06    8.69678E-05
   68     0.999998    1.96853E-06    4.29922E-05
   69     0.999998    7.38017E-07    5.61900E-06

 ***********************************************
Effective Factor Multiplication : Keff = 0.999998
 ***********************************************
       1       0.806525    3.93184E-01    1.00000E+00
       2       0.942831    2.34608E-01    5.79451E-01
       3       0.984669    1.15919E-01    4.34387E-01
       4       0.995618    5.15803E-02    2.19327E-01
       5       1.000945    4.71998E-02    9.37291E-02
       6       0.999099    9.80813E-03    3.87559E-02
       7       0.999395    1.13415E-02    1.93004E-02
       8       0.999503    8.98820E-03    1.08063E-02
       9       0.999565    7.48376E-03    8.23663E-03
      10       1.000096    7.52110E-02    6.77107E-03
      11       0.999525    2.60699E-02    4.97643E-02
      12       0.999894    4.54539E-03    3.03550E-02
      13       0.999951    2.94278E-03    1.40477E-02
      14       0.999965    2.33584E-03    4.97017E-03
      15       1.000079    3.87444E-02    2.76609E-03
      16       0.999875    1.77142E-02    2.59394E-02
      17       0.999987    4.38076E-03    1.47298E-02
      18       1.000001    3.19949E-03    6.67912E-03
      19       1.000004    2.68140E-03    2.86189E-03
      20       1.000015    2.53061E-02    2.32158E-03
      21       0.999970    9.86704E-03    1.54295E-02
      22       1.000002    1.78627E-03    4.99377E-03
      23       1.000006    9.57117E-04    1.65139E-03
      24       1.000006    7.14746E-04    8.18169E-04
      25       0.999988    1.18832E-02    6.07061E-04
      26       0.999971    5.11491E-03    7.23538E-03
      27       0.999987    8.80162E-04    2.56459E-03
      28       0.999990    5.23143E-04    1.06416E-03
      29       0.999992    4.42302E-04    5.35337E-04
      30       1.000002    5.11987E-03    4.22707E-04
      31       0.999986    2.00836E-03    3.15622E-03
      32       0.999996    4.02260E-04    1.13201E-03
      33       0.999997    2.16503E-04    4.34447E-04
      34       0.999997    1.57214E-04    1.74045E-04
      35       0.999992    1.90332E-03    1.29375E-04
      36       0.999990    7.88360E-04    1.14835E-03
      37       0.999993    1.56597E-04    3.88520E-04
      38       0.999993    1.07553E-04    1.58766E-04
      39       0.999993    9.25492E-05    1.06328E-04
      40       0.999996    1.39102E-03    9.10398E-05
      41       0.999991    5.31805E-04    9.12103E-04
      42       0.999994    1.34616E-04    3.50265E-04
      43       0.999994    7.61954E-05    1.31913E-04
      44       0.999994    5.46931E-05    5.91515E-05
      45       0.999993    4.52289E-04    4.33517E-05
      46       0.999993    1.79123E-04    2.66788E-04
      47       0.999993    3.52910E-05    8.47922E-05
      48       0.999993    2.63082E-05    3.50633E-05
      49       0.999993    2.34677E-05    2.52787E-05
      50       0.999993    4.86155E-04    2.23848E-05
      51       0.999992    1.84158E-04    3.28804E-04
      52       0.999993    5.06042E-05    1.27186E-04
      53       0.999993    2.92595E-05    4.78544E-05
      54       0.999993    2.07360E-05    2.28322E-05
      55       0.999993    1.49427E-04    1.59492E-05
      56       0.999993    5.98708E-05    8.54232E-05
      57       0.999993    8.72703E-06    2.57859E-05
      58       0.999993    6.73793E-06    1.31094E-05
      59       0.999993    6.08556E-06    6.37883E-06

 ***********************************************
Effective Factor Multiplication : Keff = 0.999993
 ***********************************************

  TRANSIENT RESULTS :

  Step  Time(s)  React.($)   Rel. Power   Avg. Tm   Max. Tm   Avg. Tf   Max. Tf
 --------------------------------------------------------------------------------
   0     0.000    0.0000     1.0000E-06    286.00    286.00    286.00    286.00
   1     0.005    0.0014     1.0017E-06    286.00    286.00    286.00    286.00
   2     0.010    0.0101     1.0093E-06    286.00    286.00    286.00    286.00
   3     0.015    0.0303     1.0287E-06    286.00    286.00    286.00    286.00
   4     0.020    0.0619     1.0596E-06    286.00    286.00    286.00    286.00
   5     0.025    0.1194     1.1170E-06    286.00    286.00    286.00    286.00
   6     0.030    0.1904     1.1988E-06    286.00    286.00    286.00    286.00
   7     0.035    0.2809     1.3180E-06    286.00    286.00    286.00    286.00
   8     0.040    0.4056     1.5088E-06    286.00    286.00    286.00    286.00
   9     0.045    0.4935     1.7286E-06    286.00    286.00    286.00    286.00
  10     0.050    0.6137     2.0554E-06    286.00    286.00    286.00    286.00
  11     0.055    0.7058     2.4737E-06    286.00    286.00    286.00    286.00
  12     0.060    0.7909     3.0243E-06    286.00    286.00    286.00    286.00
  13     0.065    0.8838     3.8280E-06    286.00    286.00    286.00    286.00
  14     0.070    0.9260     4.7860E-06    286.00    286.00    286.00    286.00
  15     0.075    0.9828     6.0991E-06    286.00    286.00    286.00    286.00
  16     0.080    1.0178     7.7819E-06    286.00    286.00    286.00    286.00
  17     0.085    1.0449     9.9325E-06    286.00    286.00    286.00    286.00
  18     0.090    1.0689     1.2735E-05    286.00    286.00    286.00    286.00
  19     0.095    1.0771     1.6102E-05    286.00    286.00    286.00    286.00
  20     0.100    1.0800     2.0038E-05    286.00    286.00    286.00    286.00
  21     0.105    1.0807     2.4609E-05    286.00    286.00    286.00    286.00
  22     0.110    1.0809     2.9875E-05    286.00    286.00    286.00    286.00
  23     0.115    1.0811     3.5981E-05    286.00    286.00    286.00    286.00
  24     0.120    1.0815     4.3094E-05    286.00    286.00    286.00    286.00
  25     0.125    1.0817     5.1354E-05    286.00    286.00    286.00    286.00
  26     0.130    1.0819     6.0977E-05    286.00    286.00    286.00    286.00
  27     0.135    1.0820     7.2155E-05    286.00    286.00    286.00    286.00
  28     0.140    1.0822     8.5170E-05    286.00    286.00    286.00    286.00
  29     0.145    1.0825     1.0042E-04    286.00    286.00    286.00    286.00
  30     0.150    1.0823     1.1800E-04    286.00    286.00    286.00    286.00
  31     0.155    1.0824     1.3853E-04    286.00    286.00    286.00    286.00
  32     0.160    1.0825     1.6241E-04    286.00    286.00    286.00    286.00
  33     0.165    1.0827     1.9041E-04    286.00    286.00    286.00    286.00
  34     0.170    1.0826     2.2289E-04    286.00    286.00    286.00    286.00
  35     0.175    1.0826     2.6071E-04    286.00    286.00    286.00    286.00
  36     0.180    1.0828     3.0501E-04    286.00    286.00    286.00    286.00
  37     0.185    1.0827     3.5639E-04    286.00    286.00    286.00    286.00
  38     0.190    1.0827     4.1630E-04    286.00    286.00    286.00    286.00
  39     0.195    1.0829     4.8643E-04    286.00    286.00    286.00    286.01
  40     0.200    1.0828     5.6795E-04    286.00    286.00    286.00    286.01
  41     0.205    1.0828     6.6287E-04    286.00    286.00    286.00    286.01
  42     0.210    1.0829     7.7405E-04    286.00    286.00    286.00    286.01
  43     0.215    1.0826     9.0205E-04    286.00    286.00    286.00    286.01
  44     0.220    1.0829     1.0527E-03    286.00    286.00    286.00    286.01
  45     0.225    1.0828     1.2279E-03    286.00    286.00    286.00    286.01
  46     0.230    1.0826     1.4306E-03    286.00    286.00    286.01    286.01
  47     0.235    1.0827     1.6679E-03    286.00    286.00    286.01    286.02
  48     0.240    1.0827     1.9433E-03    286.00    286.00    286.01    286.02
  49     0.245    1.0827     2.2645E-03    286.00    286.00    286.01    286.02
  50     0.250    1.0829     2.6419E-03    286.00    286.00    286.01    286.03
  51     0.255    1.0827     3.0782E-03    286.00    286.00    286.01    286.03
  52     0.260    1.0827     3.5878E-03    286.00    286.00    286.01    286.04
  53     0.265    1.0829     4.1861E-03    286.00    286.00    286.01    286.04
  54     0.270    1.0827     4.8789E-03    286.00    286.00    286.02    286.05
  55     0.275    1.0828     5.6872E-03    286.00    286.00    286.02    286.06
  56     0.280    1.0826     6.6249E-03    286.00    286.00    286.02    286.07
  57     0.285    1.0826     7.7161E-03    286.00    286.00    286.03    286.08
  58     0.290    1.0828     8.9974E-03    286.00    286.00    286.03    286.09
  59     0.295    1.0826     1.0483E-02    286.00    286.00    286.04    286.11
  60     0.300    1.0825     1.2211E-02    286.00    286.00    286.04    286.12
  61     0.305    1.0824     1.4219E-02    286.00    286.00    286.05    286.14
  62     0.310    1.0826     1.6572E-02    286.00    286.00    286.06    286.17
  63     0.315    1.0823     1.9296E-02    286.00    286.00    286.07    286.19
  64     0.320    1.0825     2.2495E-02    286.00    286.00    286.08    286.23
  65     0.325    1.0824     2.6219E-02    286.00    286.00    286.09    286.26
  66     0.330    1.0822     3.0526E-02    286.00    286.00    286.11    286.31
  67     0.335    1.0822     3.5565E-02    286.00    286.00    286.13    286.36
  68     0.340    1.0821     4.1432E-02    286.00    286.01    286.15    286.42
  69     0.345    1.0817     4.8193E-02    286.00    286.01    286.17    286.49
  70     0.350    1.0817     5.6097E-02    286.00    286.01    286.20    286.57
  71     0.355    1.0815     6.5263E-02    286.00    286.01    286.23    286.66
  72     0.360    1.0811     7.5855E-02    286.00    286.01    286.27    286.77
  73     0.365    1.0809     8.8165E-02    286.00    286.01    286.31    286.89
  74     0.370    1.0807     1.0252E-01    286.00    286.01    286.36    287.04
  75     0.375    1.0801     1.1897E-01    286.00    286.02    286.42    287.21
  76     0.380    1.0797     1.3797E-01    286.00    286.02    286.49    287.40
  77     0.385    1.0795     1.6014E-01    286.01    286.02    286.57    287.63
  78     0.390    1.0787     1.8556E-01    286.01    286.03    286.66    287.90
  79     0.395    1.0780     2.1473E-01    286.01    286.03    286.77    288.20
  80     0.400    1.0772     2.4825E-01    286.01    286.03    286.89    288.56
  81     0.405    1.0765     2.8692E-01    286.01    286.04    287.04    288.97
  82     0.410    1.0753     3.3087E-01    286.01    286.05    287.20    289.44
  83     0.415    1.0743     3.8115E-01    286.01    286.05    287.39    289.98
  84     0.420    1.0729     4.3830E-01    286.02    286.06    287.61    290.60
  85     0.425    1.0713     5.0280E-01    286.02    286.07    287.86    291.32
  86     0.430    1.0695     5.7521E-01    286.02    286.08    288.14    292.14
  87     0.435    1.0672     6.5548E-01    286.02    286.10    288.47    293.07
  88     0.440    1.0648     7.4433E-01    286.03    286.11    288.83    294.12
  89     0.445    1.0622     8.4223E-01    286.03    286.13    289.25    295.32
  90     0.450    1.0592     9.4927E-01    286.04    286.15    289.71    296.66
  91     0.455    1.0559     1.0653E+00    286.04    286.17    290.24    298.17
  92     0.460    1.0521     1.1896E+00    286.05    286.19    290.82    299.86
  93     0.465    1.0479     1.3206E+00    286.06    286.22    291.46    301.73
  94     0.470    1.0430     1.4552E+00    286.06    286.25    292.17    303.78
  95     0.475    1.0378     1.5920E+00    286.07    286.28    292.94    306.03
  96     0.480    1.0320     1.7272E+00    286.08    286.32    293.77    308.46
  97     0.485    1.0260     1.8603E+00    286.09    286.36    294.65    311.08
  98     0.490    1.0196     1.9882E+00    286.11    286.41    295.60    313.87
  99     0.495    1.0124     2.1028E+00    286.12    286.46    296.59    316.82
 100     0.500    1.0051     2.2045E+00    286.13    286.51    297.62    319.91
 101     0.505    0.9970     2.2853E+00    286.15    286.57    298.68    323.11
 102     0.510    0.9889     2.3451E+00    286.16    286.63    299.76    326.38
 103     0.515    0.9806     2.3824E+00    286.18    286.70    300.84    329.70
 104     0.520    0.9722     2.3968E+00    286.20    286.77    301.91    333.03
 105     0.525    0.9639     2.3909E+00    286.22    286.84    302.97    336.35
 106     0.530    0.9554     2.3631E+00    286.24    286.92    304.00    339.62
 107     0.535    0.9467     2.3135E+00    286.26    287.00    304.99    342.82
 108     0.540    0.9386     2.2497E+00    286.28    287.09    305.94    345.92
 109     0.545    0.9304     2.1718E+00    286.31    287.18    306.83    348.92
 110     0.550    0.9223     2.0825E+00    286.33    287.27    307.67    351.78
 111     0.555    0.9146     1.9859E+00    286.35    287.36    308.46    354.51
 112     0.560    0.9071     1.8860E+00    286.38    287.46    309.19    357.09
 113     0.565    0.9002     1.7888E+00    286.41    287.56    309.86    359.54
 114     0.570    0.8932     1.6926E+00    286.43    287.66    310.49    361.86
 115     0.575    0.8864     1.5987E+00    286.46    287.77    311.06    364.04
 116     0.580    0.8801     1.5110E+00    286.49    287.87    311.59    366.10
 117     0.585    0.8738     1.4285E+00    286.52    287.98    312.08    368.05
 118     0.590    0.8678     1.3523E+00    286.55    288.09    312.53    369.89
 119     0.595    0.8617     1.2818E+00    286.58    288.20    312.95    371.63
 120     0.600    0.8559     1.2166E+00    286.61    288.31    313.34    373.29
 121     0.605    0.8505     1.1587E+00    286.64    288.42    313.70    374.86
 122     0.610    0.8448     1.1053E+00    286.67    288.54    314.03    376.36
 123     0.615    0.8395     1.0576E+00    286.70    288.66    314.35    377.79
 124     0.620    0.8344     1.0153E+00    286.73    288.78    314.65    379.16
 125     0.625    0.8291     9.7652E-01    286.76    288.90    314.93    380.48
 126     0.630    0.8240     9.4147E-01    286.79    289.02    315.20    381.75
 127     0.635    0.8191     9.1045E-01    286.83    289.15    315.45    382.98
 128     0.640    0.8140     8.8178E-01    286.86    289.27    315.70    384.17
 129     0.645    0.8093     8.5631E-01    286.89    289.40    315.93    385.33
 130     0.650    0.8044     8.3260E-01    286.92    289.52    316.15    386.45
 131     0.655    0.7997     8.1112E-01    286.96    289.64    316.37    387.54
 132     0.660    0.7950     7.9130E-01    286.99    289.77    316.58    388.61
 133     0.665    0.7903     7.7278E-01    287.02    289.89    316.78    389.64
 134     0.670    0.7859     7.5629E-01    287.05    290.02    316.98    390.66
 135     0.675    0.7811     7.4027E-01    287.09    290.14    317.17    391.65
 136     0.680    0.7767     7.2530E-01    287.12    290.26    317.36    392.63
 137     0.685    0.7724     7.1180E-01    287.15    290.38    317.54    393.58
 138     0.690    0.7679     6.9858E-01    287.18    290.50    317.72    394.52
 139     0.695    0.7635     6.8594E-01    287.22    290.61    317.89    395.44
 140     0.700    0.7594     6.7443E-01    287.25    290.73    318.06    396.34
 141     0.705    0.7551     6.6344E-01    287.28    290.85    318.22    397.23
 142     0.710    0.7509     6.5274E-01    287.31    290.97    318.39    398.10
 143     0.715    0.7468     6.4275E-01    287.34    291.08    318.55    398.96
 144     0.720    0.7428     6.3329E-01    287.38    291.20    318.70    399.81
 145     0.725    0.7388     6.2421E-01    287.41    291.32    318.85    400.64
 146     0.730    0.7349     6.1581E-01    287.44    291.43    319.00    401.46
 147     0.735    0.7309     6.0738E-01    287.47    291.54    319.15    402.27
 148     0.740    0.7272     5.9969E-01    287.50    291.66    319.30    403.07
 149     0.745    0.7231     5.9168E-01    287.53    291.77    319.44    403.86
 150     0.750    0.7194     5.8420E-01    287.56    291.88    319.58    404.64
 151     0.755    0.7156     5.7685E-01    287.59    291.99    319.72    405.40
 152     0.760    0.7121     5.7010E-01    287.62    292.10    319.85    406.16
 153     0.765    0.7084     5.6338E-01    287.65    292.21    319.98    406.91
 154     0.770    0.7048     5.5685E-01    287.68    292.31    320.12    407.65
 155     0.775    0.7013     5.5069E-01    287.71    292.42    320.25    408.38
 156     0.780    0.6979     5.4470E-01    287.74    292.54    320.37    409.10
 157     0.785    0.6945     5.3896E-01    287.77    292.65    320.50    409.82
 158     0.790    0.6911     5.3342E-01    287.80    292.77    320.62    410.53
 159     0.795    0.6879     5.2817E-01    287.83    292.88    320.75    411.23
 160     0.800    0.6846     5.2300E-01    287.86    293.00    320.87    411.92
 161     0.805    0.6814     5.1803E-01    287.89    293.11    320.99    412.60
 162     0.810    0.6785     5.1367E-01    287.92    293.22    321.11    413.28
 163     0.815    0.6753     5.0898E-01    287.94    293.33    321.22    413.96
 164     0.820    0.6723     5.0449E-01    287.97    293.44    321.34    414.62
 165     0.825    0.6693     5.0023E-01    288.00    293.55    321.45    415.28
 166     0.830    0.6665     4.9616E-01    288.03    293.66    321.57    415.94
 167     0.835    0.6635     4.9208E-01    288.05    293.76    321.68    416.59
 168     0.840    0.6609     4.8845E-01    288.08    293.87    321.79    417.23
 169     0.845    0.6580     4.8464E-01    288.11    293.97    321.90    417.87
 170     0.850    0.6552     4.8078E-01    288.13    294.08    322.01    418.50
 171     0.855    0.6526     4.7724E-01    288.16    294.18    322.12    419.13
 172     0.860    0.6499     4.7363E-01    288.18    294.28    322.22    419.76
 173     0.865    0.6474     4.7025E-01    288.21    294.37    322.33    420.37
 174     0.870    0.6449     4.6698E-01    288.23    294.47    322.43    420.99
 175     0.875    0.6424     4.6386E-01    288.26    294.57    322.54    421.60
 176     0.880    0.6400     4.6087E-01    288.28    294.66    322.64    422.20
 177     0.885    0.6377     4.5792E-01    288.31    294.75    322.74    422.80
 178     0.890    0.6354     4.5509E-01    288.33    294.84    322.84    423.40
 179     0.895    0.6331     4.5238E-01    288.36    294.93    322.95    423.99
 180     0.900    0.6309     4.4974E-01    288.38    295.02    323.04    424.58
 181     0.905    0.6288     4.4725E-01    288.40    295.11    323.14    425.16
 182     0.910    0.6266     4.4476E-01    288.42    295.19    323.24    425.74
 183     0.915    0.6245     4.4233E-01    288.45    295.27    323.34    426.32
 184     0.920    0.6225     4.3998E-01    288.47    295.35    323.44    426.89
 185     0.925    0.6205     4.3770E-01    288.49    295.44    323.53    427.46
 186     0.930    0.6185     4.3549E-01    288.51    295.54    323.63    428.03
 187     0.935    0.6166     4.3335E-01    288.53    295.64    323.72    428.59
 188     0.940    0.6147     4.3125E-01    288.56    295.73    323.82    429.15
 189     0.945    0.6129     4.2925E-01    288.58    295.82    323.91    429.70
 190     0.950    0.6111     4.2730E-01    288.60    295.92    324.01    430.26
 191     0.955    0.6093     4.2543E-01    288.62    296.01    324.10    430.81
 192     0.960    0.6076     4.2359E-01    288.64    296.09    324.19    431.36
 193     0.965    0.6059     4.2179E-01    288.66    296.18    324.28    431.90
 194     0.970    0.6043     4.2007E-01    288.68    296.27    324.37    432.44
 195     0.975    0.6026     4.1834E-01    288.70    296.35    324.46    432.98
 196     0.980    0.6011     4.1672E-01    288.72    296.43    324.55    433.52
 197     0.985    0.5995     4.1511E-01    288.73    296.51    324.64    434.05
 198     0.990    0.5980     4.1356E-01    288.75    296.59    324.73    434.58
 199     0.995    0.5965     4.1204E-01    288.77    296.67    324.82    435.11
 200     1.000    0.5951     4.1059E-01    288.79    296.74    324.91    435.63
 201     1.050    0.5939     4.0905E-01    288.94    297.33    325.79    440.78
 202     1.100    0.5820     3.9977E-01    289.06    297.88    326.63    445.73
 203     1.150    0.5719     3.9095E-01    289.17    298.39    327.42    450.47
 204     1.200    0.5633     3.8424E-01    289.25    298.79    328.18    455.03
 205     1.250    0.5556     3.7838E-01    289.32    299.16    328.90    459.42
 206     1.300    0.5487     3.7367E-01    289.38    299.48    329.60    463.64
 207     1.350    0.5422     3.6906E-01    289.43    299.74    330.26    467.70
 208     1.400    0.5361     3.6511E-01    289.47    299.94    330.89    471.61
 209     1.450    0.5306     3.6223E-01    289.51    300.10    331.50    475.39
 210     1.500    0.5252     3.5926E-01    289.54    300.24    332.09    479.03
 211     1.550    0.5197     3.5597E-01    289.57    300.37    332.65    482.53
 212     1.600    0.5150     3.5414E-01    289.59    300.48    333.20    485.92
 213     1.650    0.5100     3.5177E-01    289.62    300.58    333.73    489.18
 214     1.700    0.5051     3.4936E-01    289.64    300.67    334.23    492.33
 215     1.750    0.5005     3.4730E-01    289.66    300.75    334.72    495.36
 216     1.800    0.4959     3.4535E-01    289.69    300.83    335.20    498.29
 217     1.850    0.4916     3.4386E-01    289.71    300.91    335.65    501.13
 218     1.900    0.4874     3.4241E-01    289.73    300.99    336.10    503.87
 219     1.950    0.4830     3.4047E-01    289.75    301.06    336.52    506.51
 220     2.000    0.4791     3.3920E-01    289.77    301.14    336.94    509.07
 221     2.050    0.4749     3.3757E-01    289.79    301.21    337.34    511.53
 222     2.100    0.4713     3.3669E-01    289.81    301.28    337.73    513.93
 223     2.150    0.4674     3.3540E-01    289.83    301.35    338.11    516.24
 224     2.200    0.4637     3.3414E-01    289.85    301.42    338.47    518.48
 225     2.250    0.4602     3.3328E-01    289.86    301.49    338.83    520.66
 226     2.300    0.4564     3.3186E-01    289.88    301.56    339.17    522.76
 227     2.350    0.4533     3.3149E-01    289.90    301.62    339.50    524.80
 228     2.400    0.4499     3.3052E-01    289.92    301.69    339.83    526.78
 229     2.450    0.4467     3.2971E-01    289.93    301.75    340.14    528.70
 230     2.500    0.4436     3.2912E-01    289.95    301.81    340.45    530.56
 231     2.550    0.4404     3.2838E-01    289.97    301.88    340.75    532.38
 232     2.600    0.4374     3.2782E-01    289.98    301.94    341.04    534.14
 233     2.650    0.4345     3.2726E-01    290.00    301.99    341.33    535.85
 234     2.700    0.4316     3.2672E-01    290.02    302.05    341.60    537.52
 235     2.750    0.4288     3.2628E-01    290.03    302.11    341.87    539.14
 236     2.800    0.4260     3.2583E-01    290.05    302.17    342.13    540.72
 237     2.850    0.4233     3.2540E-01    290.06    302.22    342.39    542.26
 238     2.900    0.4207     3.2503E-01    290.07    302.27    342.64    543.76
 239     2.950    0.4181     3.2468E-01    290.09    302.33    342.88    545.22
 240     3.000    0.4156     3.2439E-01    290.10    302.38    343.12    546.64
 241     3.050    0.4131     3.2409E-01    290.12    302.43    343.36    548.03
 242     3.100    0.4106     3.2383E-01    290.13    302.48    343.58    549.39
 243     3.150    0.4082     3.2359E-01    290.14    302.53    343.81    550.71
 244     3.200    0.4059     3.2337E-01    290.16    302.58    344.02    552.01
 245     3.250    0.4036     3.2317E-01    290.17    302.63    344.24    553.27
 246     3.300    0.4013     3.2300E-01    290.18    302.67    344.44    554.51
 247     3.350    0.3991     3.2285E-01    290.19    302.72    344.65    555.72
 248     3.400    0.3969     3.2271E-01    290.21    302.76    344.85    556.90
 249     3.450    0.3948     3.2259E-01    290.22    302.81    345.04    558.06
 250     3.500    0.3927     3.2250E-01    290.23    302.85    345.24    559.19
 251     3.550    0.3906     3.2226E-01    290.24    302.90    345.42    560.29
 252     3.600    0.3886     3.2225E-01    290.25    302.94    345.61    561.38
 253     3.650    0.3866     3.2223E-01    290.26    302.98    345.79    562.44
 254     3.700    0.3846     3.2221E-01    290.27    303.02    345.97    563.48
 255     3.750    0.3827     3.2219E-01    290.29    303.06    346.14    564.51
 256     3.800    0.3808     3.2219E-01    290.30    303.10    346.31    565.51
 257     3.850    0.3790     3.2219E-01    290.31    303.14    346.48    566.49
 258     3.900    0.3771     3.2220E-01    290.32    303.18    346.65    567.46
 259     3.950    0.3753     3.2221E-01    290.33    303.22    346.81    568.40
 260     4.000    0.3735     3.2223E-01    290.34    303.26    346.97    569.33
 261     4.050    0.3718     3.2226E-01    290.35    303.30    347.12    570.25
 262     4.100    0.3700     3.2230E-01    290.36    303.33    347.28    571.15
 263     4.150    0.3684     3.2239E-01    290.37    303.37    347.43    572.03
 264     4.200    0.3667     3.2249E-01    290.38    303.41    347.58    572.90
 265     4.250    0.3651     3.2258E-01    290.39    303.44    347.73    573.75
 266     4.300    0.3634     3.2269E-01    290.39    303.48    347.87    574.59
 267     4.350    0.3618     3.2277E-01    290.40    303.51    348.01    575.42
 268     4.400    0.3603     3.2288E-01    290.41    303.55    348.16    576.23
 269     4.450    0.3587     3.2302E-01    290.42    303.58    348.29    577.03
 270     4.500    0.3572     3.2314E-01    290.43    303.61    348.43    577.82
 271     4.550    0.3557     3.2329E-01    290.44    303.64    348.57    578.60
 272     4.600    0.3541     3.2341E-01    290.45    303.68    348.70    579.37
 273     4.650    0.3527     3.2354E-01    290.46    303.71    348.83    580.12
 274     4.700    0.3512     3.2368E-01    290.47    303.74    348.96    580.87
 275     4.750    0.3497     3.2382E-01    290.47    303.77    349.09    581.60
 276     4.800    0.3483     3.2398E-01    290.48    303.80    349.21    582.32
 277     4.850    0.3469     3.2414E-01    290.49    303.83    349.34    583.04
 278     4.900    0.3455     3.2430E-01    290.50    303.86    349.46    583.74
 279     4.950    0.3441     3.2447E-01    290.51    303.89    349.58    584.44
 280     5.000    0.3428     3.2464E-01    290.51    303.92    349.70    585.13


     Radial Power Distribution
   ==============================
           1       2       3       4       5       6       7       8       9
     9   0.328   0.585   0.809   0.957   1.240   1.423   1.328   1.088   0.000
     8   0.585   0.669   0.736   0.978   1.192   1.328   1.295   0.820   0.000
     7   0.809   0.736   0.462   0.907   1.142   1.166   1.141   0.000   0.000
     6   0.957   0.978   0.907   1.013   1.048   1.091   0.748   0.000   0.000
     5   1.240   1.192   1.142   1.048   0.954   0.763   0.000   0.000   0.000
     4   1.423   1.328   1.166   1.091   0.763   0.000   0.000   0.000   0.000
     3   1.328   1.295   1.141   0.748   0.000   0.000   0.000   0.000   0.000
     2   1.088   0.820   0.000   0.000   0.000   0.000   0.000   0.000   0.000
     1   0.000   0.000   0.000   0.000   0.000   0.000   0.000   0.000   0.000

   MAX POS.       Maximum Value
  (  4,  1)          1.423


     Axial Power Density Distribution
   ====================================

     Plane Number        Power      Height
    -----------------------------------------
        18  (Top)        0.000      427.30
        17               0.122      397.30
        16               0.240      389.30
        15               0.400      376.50
        14               0.658      363.70
        13               0.996      333.70
        12               1.294      303.70
        11               1.542      273.70
        10               1.725      243.70
         9               1.827      213.70
         8               1.824      183.70
         7               1.697      153.70
         6               1.427      123.70
         5               1.014       93.70
         4               0.626       63.70
         3               0.379       48.70
         2               0.230       37.70
         1  (Bottom)     0.000       30.00

   MAX POS.       Maximum Value
    (  9)             1.827

     Radial Flux Distribution
   ==============================
    Group :   1
             1          2          3          4          5          6          7          8          9
     9   9.529E-03  1.277E-02  1.685E-02  2.075E-02  2.594E-02  2.912E-02  2.792E-02  1.940E-02  2.691E-03 
     8   1.277E-02  1.392E-02  1.560E-02  2.043E-02  2.510E-02  2.787E-02  2.585E-02  1.501E-02  1.961E-03 
     7   1.685E-02  1.560E-02  1.335E-02  1.925E-02  2.388E-02  2.505E-02  2.084E-02  5.002E-03  4.485E-04 
     6   2.075E-02  2.043E-02  1.925E-02  2.113E-02  2.230E-02  2.151E-02  1.364E-02  1.954E-03  0.000E+00 
     5   2.594E-02  2.510E-02  2.388E-02  2.230E-02  1.984E-02  1.379E-02  3.562E-03  3.855E-04  0.000E+00 
     4   2.912E-02  2.787E-02  2.505E-02  2.151E-02  1.379E-02  3.543E-03  4.473E-04  0.000E+00  0.000E+00 
     3   2.792E-02  2.585E-02  2.084E-02  1.364E-02  3.562E-03  4.473E-04  0.000E+00  0.000E+00  0.000E+00 
     2   1.940E-02  1.501E-02  5.002E-03  1.954E-03  3.855E-04  0.000E+00  0.000E+00  0.000E+00  0.000E+00 
     1   2.691E-03  1.961E-03  4.485E-04  0.000E+00  0.000E+00  0.000E+00  0.000E+00  0.000E+00  0.000E+00 

    Group :   2
             1          2          3          4          5          6          7          8          9
     9   7.728E-03  1.188E-02  1.967E-02  1.952E-02  3.029E-02  2.905E-02  3.231E-02  1.916E-02  1.172E-03 
     8   1.188E-02  1.625E-02  1.495E-02  2.386E-02  2.432E-02  3.233E-02  2.272E-02  1.436E-02  8.532E-04 
     7   1.967E-02  1.495E-02  1.089E-02  1.845E-02  2.782E-02  2.365E-02  1.999E-02  1.967E-03  1.741E-04 
     6   1.952E-02  2.386E-02  1.845E-02  2.466E-02  2.130E-02  1.908E-02  1.309E-02  8.438E-04  0.000E+00 
     5   3.029E-02  2.432E-02  2.782E-02  2.130E-02  2.321E-02  1.337E-02  1.407E-03  1.497E-04  0.000E+00 
     4   2.905E-02  3.233E-02  2.365E-02  1.908E-02  1.337E-02  1.404E-03  1.727E-04  0.000E+00  0.000E+00 
     3   3.231E-02  2.272E-02  1.999E-02  1.309E-02  1.407E-03  1.727E-04  0.000E+00  0.000E+00  0.000E+00 
     2   1.916E-02  1.436E-02  1.967E-03  8.438E-04  1.497E-04  0.000E+00  0.000E+00  0.000E+00  0.000E+00 
     1   1.172E-03  8.532E-04  1.741E-04  0.000E+00  0.000E+00  0.000E+00  0.000E+00  0.000E+00  0.000E+00 

