                                                                                
      /\               /\                                                       
     //\\             //\\                                                      
    //**\\           //**\\                                                     
   //****\\         //****\\                                                    
  //******\\       //******\\   ____                   _   _           _        
  ---------   /*\   ---------  / __ \                 | \ | |         | |       
             (***)            | |  | |_ __   ___ _ __ |  \| | ___   __| | ___   
              \*/             | |  | | "_ \ / _ \ "_ \| . ` |/ _"\ / _" |/ _ \  
                              | |__| | |_) |  __/ | | | |\  | |_) | (_| |  __/  
              //\\             \____/| .__/ \___)_| |_|_| \_|\___/ \___/ \___|  
             //**\\                  | |                                        
            //****\\                 |_|                                        
           //******\\                                                           
           ----------                                                           
                                                                                
 ____________________________________________________________
          | The OpenNode, Nodal Methods for Neutron Diffusion
 Version  | Version Number: 1.1                              
 Copyright| 2021 Radiation & Nuclear System Laboratory       
          | University Abdelmalk Essaadi                     
          | Faculty of Sciences, Tetouan, Morocco            
 Source   | FORTRAN90 version                                
 GUI      | PyQt5                                            
 Method   | The Nodal Expansion Method (NEM)                 
 Dimension| Three Dimensions (3D)                            
 Geometry | Cartesian                                        
 ____________________________________________________________
                        ==========================
   Calculation Mode :    Rod Ejection Calculation with TH feedbacks 
   ----------------     ==========================

            --------------------------------------------
            >>>> Writing Macroscopic Cross Sections <<<<
            --------------------------------------------
     Material  1
    Group   Transport    Diffusion  Absorption    Removal      Nu*Fiss      Kap*Fis    Fiss. Spctr
       1     0.053206    6.264981    0.000373    0.026829     0.000000     0.000000     1.000000
       2     0.386406    0.862651    0.017722    0.017722     0.000000     0.000000     0.000000
         --Scattering Matrix--
           G/G'          1          2
            1        0.000000    0.026455
            2        0.000000    0.000000
     Material  2
    Group   Transport    Diffusion  Absorption    Removal      Nu*Fiss      Kap*Fis    Fiss. Spctr
       1     0.295609    1.127616    0.001188    0.024349     0.000000     0.000000     1.000000
       2     2.459310    0.135539    0.252618    0.252618     0.000000     0.000000     0.000000
         --Scattering Matrix--
           G/G'          1          2
            1        0.000000    0.023161
            2        0.000000    0.000000
     Material  3
    Group   Transport    Diffusion  Absorption    Removal      Nu*Fiss      Kap*Fis    Fiss. Spctr
       1     0.295609    1.127616    0.001188    0.021269     0.000000     0.000000     1.000000
       2     2.459310    0.135539    0.252618    0.252618     0.000000     0.000000     0.000000
         --Scattering Matrix--
           G/G'          1          2
            1        0.000000    0.020081
            2        0.000000    0.000000
     Material  4
    Group   Transport    Diffusion  Absorption    Removal      Nu*Fiss      Kap*Fis    Fiss. Spctr
       1     0.222117    1.500711    0.008718    0.026968     0.004983     0.000000     1.000000
       2     0.803140    0.415038    0.065255    0.065255     0.083903     0.000000     0.000000
         --Scattering Matrix--
           G/G'          1          2
            1        0.000000    0.018250
            2        0.000000    0.000000
     Material  5
    Group   Transport    Diffusion  Absorption    Removal      Nu*Fiss      Kap*Fis    Fiss. Spctr
       1     0.221914    1.502083    0.009061    0.027065     0.005577     0.000000     1.000000
       2     0.795538    0.419004    0.072335    0.072335     0.099863     0.000000     0.000000
         --Scattering Matrix--
           G/G'          1          2
            1        0.000000    0.018004
            2        0.000000    0.000000
     Material  6
    Group   Transport    Diffusion  Absorption    Removal      Nu*Fiss      Kap*Fis    Fiss. Spctr
       1     0.221715    1.503432    0.009385    0.027152     0.006150     0.000000     1.000000
       2     0.789253    0.422340    0.078920    0.078920     0.114667     0.000000     0.000000
         --Scattering Matrix--
           G/G'          1          2
            1        0.000000    0.017767
            2        0.000000    0.000000
     Material  7
    Group   Transport    Diffusion  Absorption    Removal      Nu*Fiss      Kap*Fis    Fiss. Spctr
       1     0.222039    1.501238    0.009317    0.026455     0.005550     0.000000     1.000000
       2     0.776230    0.429426    0.079633    0.079633     0.098558     0.000000     0.000000
         --Scattering Matrix--
           G/G'          1          2
            1        0.000000    0.017138
            2        0.000000    0.000000
     Material  8
    Group   Transport    Diffusion  Absorption    Removal      Nu*Fiss      Kap*Fis    Fiss. Spctr
       1     0.222083    1.500940    0.009400    0.026250     0.005541     0.000000     1.000000
       2     0.769969    0.432918    0.082109    0.082109     0.098006     0.000000     0.000000
         --Scattering Matrix--
           G/G'          1          2
            1        0.000000    0.016850
            2        0.000000    0.000000
     Material  9
    Group   Transport    Diffusion  Absorption    Removal      Nu*Fiss      Kap*Fis    Fiss. Spctr
       1     0.222127    1.500643    0.009483    0.026045     0.005531     0.000000     1.000000
       2     0.763813    0.436407    0.084591    0.084591     0.097411     0.000000     0.000000
         --Scattering Matrix--
           G/G'          1          2
            1        0.000000    0.016563
            2        0.000000    0.000000
     Material 10
    Group   Transport    Diffusion  Absorption    Removal      Nu*Fiss      Kap*Fis    Fiss. Spctr
       1     0.221836    1.502612    0.009637    0.026542     0.006124     0.000000     1.000000
       2     0.770705    0.432504    0.086119    0.086119     0.113241     0.000000     0.000000
         --Scattering Matrix--
           G/G'          1          2
            1        0.000000    0.016904
            2        0.000000    0.000000
     Material 11
    Group   Transport    Diffusion  Absorption    Removal      Nu*Fiss      Kap*Fis    Fiss. Spctr
       1     0.221878    1.502327    0.009719    0.026337     0.006114     0.000000     1.000000
       2     0.764704    0.435899    0.088549    0.088549     0.112635     0.000000     0.000000
         --Scattering Matrix--
           G/G'          1          2
            1        0.000000    0.016618
            2        0.000000    0.000000

            -------------------------------
            >>>>>Wrting Core Geometry<<<<<
            -------------------------------
  Number of Assembly in x, y and z Directions Respectively :
           9           9          18
  Number of Nodes in x, y and z Directions Respectively :
          17          17          18

  x-Directed Nodes Divison (Delta-x)
    10.80  10.80  10.80  10.80  10.80  10.80  10.80  10.80  10.80  10.80
    10.80  10.80  10.80  10.80  10.80  10.80  10.80
  y-Directed Nodes Divison (Delta-y)
    10.80  10.80  10.80  10.80  10.80  10.80  10.80  10.80  10.80  10.80
    10.80  10.80  10.80  10.80  10.80  10.80  10.80
  Planar Region :  1
        1  2  3  4  5  6  7  8  9 10 11 12 13 14 15 16 17
    17  1  1  1  1  1  1  1  1  1  1  1  1  1  1  1  2  2 
    16  1  1  1  1  1  1  1  1  1  1  1  1  1  1  1  2  2 
    15  1  1  1  1  1  1  1  1  1  1  1  1  1  1  1  2  2 
    14  1  1  1  1  1  1  1  1  1  1  1  1  1  3  3  2  2 
    13  1  1  1  1  1  1  1  1  1  1  1  1  1  3  3  2  2 
    12  1  1  1  1  1  1  1  1  1  1  1  1  1  2  2       
    11  1  1  1  1  1  1  1  1  1  1  1  1  1  2  2       
    10  1  1  1  1  1  1  1  1  1  1  1  3  3  2  2       
     9  1  1  1  1  1  1  1  1  1  1  1  3  3  2  2       
     8  1  1  1  1  1  1  1  1  1  3  3  2  2             
     7  1  1  1  1  1  1  1  1  1  3  3  2  2             
     6  1  1  1  1  1  1  1  3  3  2  2                   
     5  1  1  1  1  1  1  1  3  3  2  2                   
     4  1  1  1  3  3  2  2  2  2                         
     3  1  1  1  3  3  2  2  2  2                         
     2  2  2  2  2  2                                     
     1  2  2  2  2  2                                     
  Planar Region :  2
        1  2  3  4  5  6  7  8  9 10 11 12 13 14 15 16 17
    17  4  5  5  4  4  5  5  4  4  5  5  4  4  6  6  2  2 
    16  5  4  4  5  5  4  4  5  5  4  4  6  6  6  6  2  2 
    15  5  4  4  5  5  4  4  5  5  4  4  6  6  6  6  2  2 
    14  4  5  5  4  4  5  5  4  4  5  5  6  6  3  3  2  2 
    13  4  5  5  4  4  5  5  4  4  5  5  6  6  3  3  2  2 
    12  5  4  4  5  5  4  4  5  5  6  6  6  6  2  2       
    11  5  4  4  5  5  4  4  5  5  6  6  6  6  2  2       
    10  4  5  5  4  4  5  5  4  4  6  6  3  3  2  2       
     9  4  5  5  4  4  5  5  4  4  6  6  3  3  2  2       
     8  5  4  4  5  5  6  6  6  6  3  3  2  2             
     7  5  4  4  5  5  6  6  6  6  3  3  2  2             
     6  4  6  6  6  6  6  6  3  3  2  2                   
     5  4  6  6  6  6  6  6  3  3  2  2                   
     4  6  6  6  3  3  2  2  2  2                         
     3  6  6  6  3  3  2  2  2  2                         
     2  2  2  2  2  2                                     
     1  2  2  2  2  2                                     
  Planar Region :  3
        1  2  3  4  5  6  7  8  9 10 11 12 13 14 15 16 17
    17  4  9  9  4  4  9  9  4  4  7  7  4  4  6  6  2  2 
    16  9  4  4  8  8  4  4  8  8  4  4  11 11 6  6  2  2 
    15  9  4  4  8  8  4  4  8  8  4  4  11 11 6  6  2  2 
    14  4  8  8  4  4  8  8  4  4  8  8  6  6  3  3  2  2 
    13  4  8  8  4  4  8  8  4  4  8  8  6  6  3  3  2  2 
    12  9  4  4  8  8  4  4  8  8  10 10 6  6  2  2       
    11  9  4  4  8  8  4  4  8  8  10 10 6  6  2  2       
    10  4  8  8  4  4  8  8  4  4  6  6  3  3  2  2       
     9  4  8  8  4  4  8  8  4  4  6  6  3  3  2  2       
     8  7  4  4  8  8  10 10 6  6  3  3  2  2             
     7  7  4  4  8  8  10 10 6  6  3  3  2  2             
     6  4  11 11 6  6  6  6  3  3  2  2                   
     5  4  11 11 6  6  6  6  3  3  2  2                   
     4  6  6  6  3  3  2  2  2  2                         
     3  6  6  6  3  3  2  2  2  2                         
     2  2  2  2  2  2                                     
     1  2  2  2  2  2                                     

  Planar Region Assignment to Planes.
 -------------------------------------
   Plane Number     Planar Region    Delta-z
       18 (Top)            1          30.00
       17                  3           8.00
       16                  3          12.80
       15                  3          12.80
       14                  3          30.00
       13                  3          30.00
       12                  3          30.00
       11                  3          30.00
       10                  3          30.00
        9                  3          30.00
        8                  3          30.00
        7                  3          30.00
        6                  3          30.00
        5                  3          30.00
        4                  3          15.00
        3                  3          11.00
        2                  2           7.70
        1 (Bottom)         1          30.00

   Boundary Conditions
   -------------------
  X-Directed West   : Reflective
  X-Directed East   : Zero Flux
  Y-Directed North  : Reflective
  Y-Directed South  : Zero Flux
  Z-Directed Bottom : Zero Flux
  Z-Directed Top    : Zero Flux

  ...Core Geometry is Sucessfully Read...
     ---------------------------------


            >>>> READING CONTROL RODS INSERTION <<<<
            --------------------------------------------
  NUMBER OF CONTROL ROD BANK  :  7
  MAX. NUMBER OF STEPS        : 228
  FULLY INSERTED POSITION (cm): 37.7 (FROM BOTTOM OF THE CORE)
  STEP SIZE (cm)              :   1.5942
  CR CUSPING CORRECTION       : NOT ACTIVE
  INITIAL CONTROL ROD BANK POSITION (STEPS) : 
  (0 means fully inserted) 
    Bank  1  Bank  2  Bank  3  Bank  4  Bank  5  Bank  6  Bank  7
      0.0    228.0      0.0    228.0      0.0    228.0    228.0

  CONTROL ROD BANK MAP : 
  1  0  2  0  0  0  3  0  0
  0  4  0  0  0  6  0  0  0
  2  0  5  0  6  0  6  0  0
  0  0  0  4  0  0  0  0  0
  0  0  6  0  7  0  0  0  0
  0  6  0  0  0  0  0  0  0
  3  0  6  0  0  0  0  0  0
  0  0  0  0  0  0  0  0  0
  0  0  0  0  0  0  0  0  0

  MATERIAL CX INCREMENT OR DECREMENT DUE TO CR INSERTION : 
    MATERIAL  1
    GROUP   TRANSPORT  ABSORPTION      NU*FISS      FISSION
       1     0.003732    0.002478    -0.000103    -0.000000
       2    -0.021993    0.025587    -0.002823    -0.000000
   --SCATTERING MATRIX--
     G/G'        1        2
      1      0.000000 -0.003193
      2      0.000000  0.000000
    MATERIAL  2
    GROUP   TRANSPORT  ABSORPTION      NU*FISS      FISSION
       1     0.003732    0.002478    -0.000103    -0.000000
       2    -0.021993    0.025587    -0.002823    -0.000000
   --SCATTERING MATRIX--
     G/G'        1        2
      1      0.000000 -0.003193
      2      0.000000  0.000000
    MATERIAL  3
    GROUP   TRANSPORT  ABSORPTION      NU*FISS      FISSION
       1     0.003732    0.002478    -0.000103    -0.000000
       2    -0.021993    0.025587    -0.002823    -0.000000
   --SCATTERING MATRIX--
     G/G'        1        2
      1      0.000000 -0.003193
      2      0.000000  0.000000
    MATERIAL  4
    GROUP   TRANSPORT  ABSORPTION      NU*FISS      FISSION
       1     0.003732    0.002478    -0.000103    -0.000000
       2    -0.021993    0.025587    -0.002823    -0.000000
   --SCATTERING MATRIX--
     G/G'        1        2
      1      0.000000 -0.003193
      2      0.000000  0.000000
    MATERIAL  5
    GROUP   TRANSPORT  ABSORPTION      NU*FISS      FISSION
       1     0.003732    0.002478    -0.000103    -0.000000
       2    -0.021993    0.025587    -0.002823    -0.000000
   --SCATTERING MATRIX--
     G/G'        1        2
      1      0.000000 -0.003193
      2      0.000000  0.000000
    MATERIAL  6
    GROUP   TRANSPORT  ABSORPTION      NU*FISS      FISSION
       1     0.003741    0.002429    -0.000123    -0.000000
       2    -0.016750    0.025648    -0.003281    -0.000000
   --SCATTERING MATRIX--
     G/G'        1        2
      1      0.000000 -0.003142
      2      0.000000  0.000000
    MATERIAL  7
    GROUP   TRANSPORT  ABSORPTION      NU*FISS      FISSION
       1     0.003732    0.002478    -0.000103    -0.000000
       2    -0.021993    0.025587    -0.002823    -0.000000
   --SCATTERING MATRIX--
     G/G'        1        2
      1      0.000000 -0.003193
      2      0.000000  0.000000
    MATERIAL  8
    GROUP   TRANSPORT  ABSORPTION      NU*FISS      FISSION
       1     0.003732    0.002478    -0.000103    -0.000000
       2    -0.021993    0.025587    -0.002823    -0.000000
   --SCATTERING MATRIX--
     G/G'        1        2
      1      0.000000 -0.003193
      2      0.000000  0.000000
    MATERIAL  9
    GROUP   TRANSPORT  ABSORPTION      NU*FISS      FISSION
       1     0.003732    0.002478    -0.000103    -0.000000
       2    -0.021993    0.025587    -0.002823    -0.000000
   --SCATTERING MATRIX--
     G/G'        1        2
      1      0.000000 -0.003193
      2      0.000000  0.000000
    MATERIAL 10
    GROUP   TRANSPORT  ABSORPTION      NU*FISS      FISSION
       1     0.003732    0.002478    -0.000103    -0.000000
       2    -0.021993    0.025587    -0.002823    -0.000000
   --SCATTERING MATRIX--
     G/G'        1        2
      1      0.000000 -0.003193
      2      0.000000  0.000000
    MATERIAL 11
    GROUP   TRANSPORT  ABSORPTION      NU*FISS      FISSION
       1     0.003732    0.002478    -0.000103    -0.000000
       2    -0.021993    0.025587    -0.002823    -0.000000
   --SCATTERING MATRIX--
     G/G'        1        2
      1      0.000000 -0.003193
      2      0.000000  0.000000

  ...Control Rods Insertion card is sucessfully read...


            >>>>     READING ROD EJECTION DATA      <<<<
            --------------------------------------------
                           Bank  1  Bank  2  Bank  3  Bank  4  Bank  5  Bank  6  Bank  7
  FINAL BANK POS. (STEP)      0.0    228.0    228.0    228.0      0.0    228.0    228.0
  STARTS MOVE (SECOND)        0.0      0.0      0.0      0.0      0.0      0.0      0.0
  SPEED (STEP/SECOND)         0.0      0.0   2280.0      0.0      0.0      0.0      0.0

  TIME PARAMETERS IN SECONDS : 
    TOTAL SIMULATION TIME         :   5.00
    FIRST TIME STEP               : 0.0050
    SECOND TIME STEP              : 0.0500
    WHEN SECOND TIME STEP APPLY?  :   1.00

  DELAYED NEUTRON FRACTION : 
    0.00026    0.00152    0.00139    0.00307    0.00110    0.00026

  PRECUSOR DECAY CONSTANT (1/s): 
    0.01280    0.03180    0.11900    0.31810    1.40270    3.92860

  NEUTRON VELOCITY (cm/s) : 
    2.80000E+07    4.40000E+05

  ...Rod Ejection Card is sucessfully read...


            >>>>       READING BORON CONCENTRATION        <<<<
            --------------------------------------------------
  BORON CONCENTRATION SET       : 1251.68
  BORON CONCENTRATION REFERENCE : 1200.20

  MATERIAL CX CHANGES PER PPM BORON CHANGES : 
    MATERIAL  1
     GROUP   TRANSPORT   ABSORPTION   NU*FISS       FISSION
       1     0.000000    0.000000   0.00000E+00   0.00000E+00
       2     0.000005    0.000010   0.00000E+00   0.00000E+00
   --SCATTERING MATRIX--
     G/G'          1          2
      1      0.00000E+00  0.79146E-09
      2      0.00000E+00  0.00000E+00
    MATERIAL  2
     GROUP   TRANSPORT   ABSORPTION   NU*FISS       FISSION
       1     0.000000    0.000000   0.00000E+00   0.00000E+00
       2     0.000776    0.000084   0.00000E+00   0.00000E+00
   --SCATTERING MATRIX--
     G/G'          1          2
      1      0.00000E+00  0.00000E+00
      2      0.00000E+00  0.00000E+00
    MATERIAL  3
     GROUP   TRANSPORT   ABSORPTION   NU*FISS       FISSION
       1     0.000000    0.000000   0.00000E+00   0.00000E+00
       2     0.000776    0.000084   0.00000E+00   0.00000E+00
   --SCATTERING MATRIX--
     G/G'          1          2
      1      0.00000E+00  0.00000E+00
      2      0.00000E+00  0.00000E+00
    MATERIAL  4
     GROUP   TRANSPORT   ABSORPTION   NU*FISS       FISSION
       1     0.000000    0.000000  -0.11210E-08  -0.17619E-19
       2    -0.000010    0.000007  -0.24305E-05  -0.31909E-16
   --SCATTERING MATRIX--
     G/G'          1          2
      1      0.00000E+00 -0.10859E-06
      2      0.00000E+00  0.00000E+00
    MATERIAL  5
     GROUP   TRANSPORT   ABSORPTION   NU*FISS       FISSION
       1     0.000000    0.000000  -0.16788E-08  -0.24996E-19
       2    -0.000009    0.000007  -0.27244E-05  -0.35768E-16
   --SCATTERING MATRIX--
     G/G'          1          2
      1      0.00000E+00 -0.10695E-06
      2      0.00000E+00  0.00000E+00
    MATERIAL  6
     GROUP   TRANSPORT   ABSORPTION   NU*FISS       FISSION
       1     0.000000    0.000000  -0.22104E-08  -0.32023E-19
       2    -0.000007    0.000007  -0.29588E-05  -0.38845E-16
   --SCATTERING MATRIX--
     G/G'          1          2
      1      0.00000E+00 -0.10537E-06
      2      0.00000E+00  0.00000E+00
    MATERIAL  7
     GROUP   TRANSPORT   ABSORPTION   NU*FISS       FISSION
       1     0.000000    0.000000  -0.17132E-08  -0.24996E-19
       2    -0.000007    0.000006  -0.25536E-05  -0.33522E-16
   --SCATTERING MATRIX--
     G/G'          1          2
      1      0.00000E+00 -0.10087E-06
      2      0.00000E+00  0.00000E+00
    MATERIAL  8
     GROUP   TRANSPORT   ABSORPTION   NU*FISS       FISSION
       1     0.000000    0.000000  -0.17242E-08  -0.25490E-19
       2    -0.000006    0.000006  -0.24888E-05  -0.32670E-16
   --SCATTERING MATRIX--
     G/G'          1          2
      1      0.00000E+00 -0.98858E-07
      2      0.00000E+00  0.00000E+00
    MATERIAL  9
     GROUP   TRANSPORT   ABSORPTION   NU*FISS       FISSION
       1     0.000000    0.000000  -0.17350E-08  -0.25605E-19
       2    -0.000006    0.000006  -0.24224E-05  -0.31798E-16
   --SCATTERING MATRIX--
     G/G'          1          2
      1      0.00000E+00 -0.96849E-07
      2      0.00000E+00  0.00000E+00
    MATERIAL 10
     GROUP   TRANSPORT   ABSORPTION   NU*FISS       FISSION
       1     0.000000    0.000000  -0.22434E-08  -0.32023E-19
       2    -0.000006    0.000006  -0.27766E-05  -0.36451E-16
   --SCATTERING MATRIX--
     G/G'          1          2
      1      0.00000E+00 -0.99331E-07
      2      0.00000E+00  0.00000E+00
    MATERIAL 11
     GROUP   TRANSPORT   ABSORPTION   NU*FISS       FISSION
       1     0.000000    0.000000  -0.22537E-08  -0.32487E-19
       2    -0.000005    0.000006  -0.27078E-05  -0.35548E-16
   --SCATTERING MATRIX--
     G/G'          1          2
      1      0.00000E+00 -0.97329E-07
      2      0.00000E+00  0.00000E+00

  ...Boron Concentration card is sucessfully read...


            >>>>   READING THERMAL-HYDRAULIC DATA   <<<<
            --------------------------------------------
  REACTOR PERCENT POWER (%)                :      0.00010
  REACTOR POWER (Watt)                     :   6.9375E+08
  COOLANT INLET TEMPERATURE (Kelvin)       :   5.5915E+02
  FUEL ASSEMBLY MASS FLOW RATE (Kg/s)      :   8.2121E+01
  FUEL MEAT RADIUS (m)                     :   4.1195E-03
  GAP THICKNESS (m)                        :   6.8000E-05
  CLAD THICKNESS (m)                       :   5.7100E-04
  PIN PITCH(m)                             :   1.2655E-02
  FRACTION OF HEAT DEPOSITED IN COOL.      :   1.9000E-02

  ...Thermal-hydraulic Card is sucessfully read...


            >>>>      READING FUEL TEMPERATURE      <<<<
            --------------------------------------------
  AVERAGE FUEL TEMPERATURE   :891.19  (NOT USED)
  FUEL TEMPERATURE REFERENCE :891.45

  MATERIAL CX CHANGES PER FUEL TEMPERATURE CHANGES : 
    MATERIAL  1
     GROUP   TRANSPORT   ABSORPTION   NU*FISS       FISSION
       1   0.00000E+00  0.00000E+00   0.00000E+00   0.00000E+00
       2   0.00000E+00  0.00000E+00   0.00000E+00   0.00000E+00
   --SCATTERING MATRIX--
     G/G'          1          2
      1      0.00000E+00  0.00000E+00
      2      0.00000E+00  0.00000E+00
    MATERIAL  2
     GROUP   TRANSPORT   ABSORPTION   NU*FISS       FISSION
       1   0.00000E+00  0.00000E+00   0.00000E+00   0.00000E+00
       2   0.00000E+00  0.00000E+00   0.00000E+00   0.00000E+00
   --SCATTERING MATRIX--
     G/G'          1          2
      1      0.00000E+00  0.00000E+00
      2      0.00000E+00  0.00000E+00
    MATERIAL  3
     GROUP   TRANSPORT   ABSORPTION   NU*FISS       FISSION
       1   0.00000E+00  0.00000E+00   0.00000E+00   0.00000E+00
       2   0.00000E+00  0.00000E+00   0.00000E+00   0.00000E+00
   --SCATTERING MATRIX--
     G/G'          1          2
      1      0.00000E+00  0.00000E+00
      2      0.00000E+00  0.00000E+00
    MATERIAL  4
     GROUP   TRANSPORT   ABSORPTION   NU*FISS       FISSION
       1  -0.30920E-04  0.34971E-04   0.64013E-06   0.71541E-17
       2  -0.13729E-03 -0.37181E-04  -0.56304E-04  -0.73919E-15
   --SCATTERING MATRIX--
     G/G'          1          2
      1      0.00000E+00 -0.27554E-04
      2      0.00000E+00  0.00000E+00
    MATERIAL  5
     GROUP   TRANSPORT   ABSORPTION   NU*FISS       FISSION
       1  -0.30861E-04  0.35180E-04   0.99743E-06   0.11868E-16
       2  -0.11748E-03 -0.37704E-04  -0.60415E-04  -0.79317E-15
   --SCATTERING MATRIX--
     G/G'          1          2
      1      0.00000E+00 -0.27677E-04
      2      0.00000E+00  0.00000E+00
    MATERIAL  6
     GROUP   TRANSPORT   ABSORPTION   NU*FISS       FISSION
       1  -0.30917E-04  0.35384E-04   0.14185E-05   0.17427E-16
       2  -0.10134E-03 -0.37756E-04  -0.63096E-04  -0.82836E-15
   --SCATTERING MATRIX--
     G/G'          1          2
      1      0.00000E+00 -0.27839E-04
      2      0.00000E+00  0.00000E+00
    MATERIAL  7
     GROUP   TRANSPORT   ABSORPTION   NU*FISS       FISSION
       1  -0.31375E-04  0.34870E-04   0.94543E-06   0.11868E-16
       2  -0.10827E-03 -0.37275E-04  -0.57966E-04  -0.76085E-15
   --SCATTERING MATRIX--
     G/G'          1          2
      1      0.00000E+00 -0.27355E-04
      2      0.00000E+00  0.00000E+00
    MATERIAL  8
     GROUP   TRANSPORT   ABSORPTION   NU*FISS       FISSION
       1  -0.31550E-04  0.34727E-04   0.92608E-06   0.10893E-16
       2  -0.10552E-03 -0.37181E-04  -0.57111E-04  -0.74957E-15
   --SCATTERING MATRIX--
     G/G'          1          2
      1      0.00000E+00 -0.27238E-04
      2      0.00000E+00  0.00000E+00
    MATERIAL  9
     GROUP   TRANSPORT   ABSORPTION   NU*FISS       FISSION
       1  -0.31728E-04  0.34603E-04   0.90580E-06   0.10617E-16
       2  -0.10252E-03 -0.37020E-04  -0.56154E-04  -0.73697E-15
   --SCATTERING MATRIX--
     G/G'          1          2
      1      0.00000E+00 -0.27117E-04
      2      0.00000E+00  0.00000E+00
    MATERIAL 10
     GROUP   TRANSPORT   ABSORPTION   NU*FISS       FISSION
       1  -0.31419E-04  0.35064E-04   0.13564E-05   0.17427E-16
       2  -0.93889E-04 -0.37140E-04  -0.60505E-04  -0.79425E-15
   --SCATTERING MATRIX--
     G/G'          1          2
      1      0.00000E+00 -0.27505E-04
      2      0.00000E+00  0.00000E+00
    MATERIAL 11
     GROUP   TRANSPORT   ABSORPTION   NU*FISS       FISSION
       1  -0.31591E-04  0.34912E-04   0.13334E-05   0.16277E-16
       2  -0.91713E-04 -0.36991E-04  -0.59628E-04  -0.78272E-15
   --SCATTERING MATRIX--
     G/G'          1          2
      1      0.00000E+00 -0.27383E-04
      2      0.00000E+00  0.00000E+00

  ...Fuel Temperature is card sucessfully read...


            >>>>   READING MODERATOR TEMPERATURE    <<<<
            --------------------------------------------
  AVERAGE MODERATOR TEMPERATURE   :559.19  (NOT USED)
  MODERATOR TEMPERATURE REFERENCE :579.75

  MATERIAL CX CHANGES PER MODERATOR TEMPERATURE CHANGES : 
    MATERIAL  1
     GROUP   TRANSPORT   ABSORPTION   NU*FISS       FISSION
       1   0.00000E+00  0.00000E+00   0.00000E+00   0.00000E+00
       2   0.00000E+00  0.00000E+00   0.00000E+00   0.00000E+00
   --SCATTERING MATRIX--
     G/G'          1          2
      1      0.00000E+00  0.00000E+00
      2      0.00000E+00  0.00000E+00
    MATERIAL  2
     GROUP   TRANSPORT   ABSORPTION   NU*FISS       FISSION
       1   0.00000E+00  0.00000E+00   0.00000E+00   0.00000E+00
       2   0.00000E+00  0.00000E+00   0.00000E+00   0.00000E+00
   --SCATTERING MATRIX--
     G/G'          1          2
      1      0.00000E+00  0.00000E+00
      2      0.00000E+00  0.00000E+00
    MATERIAL  3
     GROUP   TRANSPORT   ABSORPTION   NU*FISS       FISSION
       1   0.00000E+00  0.00000E+00   0.00000E+00   0.00000E+00
       2   0.00000E+00  0.00000E+00   0.00000E+00   0.00000E+00
   --SCATTERING MATRIX--
     G/G'          1          2
      1      0.00000E+00  0.00000E+00
      2      0.00000E+00  0.00000E+00
    MATERIAL  4
     GROUP   TRANSPORT   ABSORPTION   NU*FISS       FISSION
       1  -0.20331E-05  0.21219E-06   0.12471E-06   0.14304E-17
       2  -0.10867E-03 -0.31560E-04  -0.41644E-04  -0.54672E-15
   --SCATTERING MATRIX--
     G/G'          1          2
      1      0.00000E+00  0.80968E-06
      2      0.00000E+00  0.00000E+00
    MATERIAL  5
     GROUP   TRANSPORT   ABSORPTION   NU*FISS       FISSION
       1  -0.19808E-05  0.22600E-06   0.13515E-06   0.15690E-17
       2  -0.90615E-04 -0.32144E-04  -0.45310E-04  -0.59486E-15
   --SCATTERING MATRIX--
     G/G'          1          2
      1      0.00000E+00  0.85847E-06
      2      0.00000E+00  0.00000E+00
    MATERIAL  6
     GROUP   TRANSPORT   ABSORPTION   NU*FISS       FISSION
       1  -0.19243E-05  0.23994E-06   0.14908E-06   0.17542E-17
       2  -0.76279E-04 -0.32378E-04  -0.47847E-04  -0.62817E-15
   --SCATTERING MATRIX--
     G/G'          1          2
      1      0.00000E+00  0.90349E-06
      2      0.00000E+00  0.00000E+00
    MATERIAL  7
     GROUP   TRANSPORT   ABSORPTION   NU*FISS       FISSION
       1  -0.26963E-05  0.24853E-06   0.14077E-06   0.15690E-17
       2  -0.76244E-04 -0.30012E-04  -0.42020E-04  -0.55167E-15
   --SCATTERING MATRIX--
     G/G'          1          2
      1      0.00000E+00  0.70131E-06
      2      0.00000E+00  0.00000E+00
    MATERIAL  8
     GROUP   TRANSPORT   ABSORPTION   NU*FISS       FISSION
       1  -0.30791E-05  0.26185E-06   0.14323E-06   0.16790E-17
       2  -0.73340E-04 -0.29193E-04  -0.40770E-04  -0.53526E-15
   --SCATTERING MATRIX--
     G/G'          1          2
      1      0.00000E+00  0.61738E-06
      2      0.00000E+00  0.00000E+00
    MATERIAL  9
     GROUP   TRANSPORT   ABSORPTION   NU*FISS       FISSION
       1  -0.35388E-05  0.27431E-06   0.14602E-06   0.17167E-17
       2  -0.71371E-04 -0.28304E-04  -0.39432E-04  -0.51769E-15
   --SCATTERING MATRIX--
     G/G'          1          2
      1      0.00000E+00  0.51655E-06
      2      0.00000E+00  0.00000E+00
    MATERIAL 10
     GROUP   TRANSPORT   ABSORPTION   NU*FISS       FISSION
       1  -0.26391E-05  0.26429E-06   0.15586E-06   0.17542E-17
       2  -0.63955E-04 -0.30351E-04  -0.44443E-04  -0.58348E-15
   --SCATTERING MATRIX--
     G/G'          1          2
      1      0.00000E+00  0.74432E-06
      2      0.00000E+00  0.00000E+00
    MATERIAL 11
     GROUP   TRANSPORT   ABSORPTION   NU*FISS       FISSION
       1  -0.30215E-05  0.27906E-06   0.15881E-06   0.18853E-17
       2  -0.61698E-04 -0.29563E-04  -0.43159E-04  -0.56662E-15
   --SCATTERING MATRIX--
     G/G'          1          2
      1      0.00000E+00  0.65952E-06
      2      0.00000E+00  0.00000E+00

  ...Moderator Temperature Card is sucessfully read...


            >>>>       READING COOLANT DENSITY      <<<<
            --------------------------------------------
  AVERAGE COOLANT DENSITY   :  0.7464  (USED AS GUESS)
  COOLANT DENSITY REFERENCE :  0.7125

  MATERIAL CX CHANGES PER COOLANT DENSITY CHANGES : 
    MATERIAL  1
     GROUP   TRANSPORT   ABSORPTION   NU*FISS       FISSION
       1   0.74576E-01  0.20769E-03   0.00000E+00   0.00000E+00
       2   0.53363E+00  0.75842E-02   0.00000E+00   0.00000E+00
   --SCATTERING MATRIX--
     G/G'          1          2
      1      0.00000E+00  0.37131E-01
      2      0.00000E+00  0.00000E+00
    MATERIAL  2
     GROUP   TRANSPORT   ABSORPTION   NU*FISS       FISSION
       1   0.00000E+00  0.00000E+00   0.00000E+00   0.00000E+00
       2   0.00000E+00  0.00000E+00   0.00000E+00   0.00000E+00
   --SCATTERING MATRIX--
     G/G'          1          2
      1      0.00000E+00  0.00000E+00
      2      0.00000E+00  0.00000E+00
    MATERIAL  3
     GROUP   TRANSPORT   ABSORPTION   NU*FISS       FISSION
       1   0.00000E+00  0.00000E+00   0.00000E+00   0.00000E+00
       2   0.00000E+00  0.00000E+00   0.00000E+00   0.00000E+00
   --SCATTERING MATRIX--
     G/G'          1          2
      1      0.00000E+00  0.00000E+00
      2      0.00000E+00  0.00000E+00
    MATERIAL  4
     GROUP   TRANSPORT   ABSORPTION   NU*FISS       FISSION
       1   0.13567E+00  0.15519E-02   0.92069E-03   0.10239E-13
       2   0.99263E+00  0.25266E-01   0.24775E-01   0.32526E-12
   --SCATTERING MATRIX--
     G/G'          1          2
      1      0.00000E+00  0.29319E-01
      2      0.00000E+00  0.00000E+00
    MATERIAL  5
     GROUP   TRANSPORT   ABSORPTION   NU*FISS       FISSION
       1   0.13575E+00  0.16149E-02   0.96416E-03   0.10814E-13
       2   0.98198E+00  0.28667E-01   0.31499E-01   0.41354E-12
   --SCATTERING MATRIX--
     G/G'          1          2
      1      0.00000E+00  0.29270E-01
      2      0.00000E+00  0.00000E+00
    MATERIAL  6
     GROUP   TRANSPORT   ABSORPTION   NU*FISS       FISSION
       1   0.13583E+00  0.16802E-02   0.10141E-02   0.11477E-13
       2   0.97227E+00  0.31957E-01   0.38110E-01   0.50033E-12
   --SCATTERING MATRIX--
     G/G'          1          2
      1      0.00000E+00  0.29215E-01
      2      0.00000E+00  0.00000E+00
    MATERIAL  7
     GROUP   TRANSPORT   ABSORPTION   NU*FISS       FISSION
       1   0.13103E+00  0.16840E-02   0.98195E-03   0.10814E-13
       2   0.93470E+00  0.31424E-01   0.35159E-01   0.46172E-12
   --SCATTERING MATRIX--
     G/G'          1          2
      1      0.00000E+00  0.28249E-01
      2      0.00000E+00  0.00000E+00
    MATERIAL  8
     GROUP   TRANSPORT   ABSORPTION   NU*FISS       FISSION
       1   0.12938E+00  0.17197E-02   0.98844E-03   0.11132E-13
       2   0.91817E+00  0.32472E-01   0.36325E-01   0.47708E-12
   --SCATTERING MATRIX--
     G/G'          1          2
      1      0.00000E+00  0.27890E-01
      2      0.00000E+00  0.00000E+00
    MATERIAL  9
     GROUP   TRANSPORT   ABSORPTION   NU*FISS       FISSION
       1   0.12768E+00  0.17499E-02   0.99518E-03   0.11221E-13
       2   0.90129E+00  0.33594E-01   0.37450E-01   0.49190E-12
   --SCATTERING MATRIX--
     G/G'          1          2
      1      0.00000E+00  0.27520E-01
      2      0.00000E+00  0.00000E+00
    MATERIAL 10
     GROUP   TRANSPORT   ABSORPTION   NU*FISS       FISSION
       1   0.13112E+00  0.17553E-02   0.10352E-02   0.11477E-13
       2   0.92492E+00  0.34985E-01   0.42069E-01   0.58348E-12
   --SCATTERING MATRIX--
     G/G'          1          2
      1      0.00000E+00  0.28188E-01
      2      0.00000E+00  0.00000E+00
    MATERIAL 11
     GROUP   TRANSPORT   ABSORPTION   NU*FISS       FISSION
       1   0.12946E+00  0.17950E-02   0.10429E-02   0.11853E-13
       2   0.90846E+00  0.36103E-01   0.43321E-01   0.56886E-12
   --SCATTERING MATRIX--
     G/G'          1          2
      1      0.00000E+00  0.27826E-01
      2      0.00000E+00  0.00000E+00

  ...Coolant Density Card is sucessfully read...
    1     0.922292    6.63808E+01    3.10302E+02
    2     1.005200    1.00000E+00    7.24609E+01
    3     0.978869    1.00000E+00    3.13705E+00
    4     0.974451    1.00000E+00    1.00000E+00
    5     0.978075    6.29966E+00    3.80168E-01
    6     0.983407    1.05163E+00    1.88619E+00
    7     0.982843    1.70986E-01    6.40724E-01
    8     0.983178    9.01215E-02    1.08425E-01
    9     0.983598    7.25507E-02    7.45844E-02
   10     0.988566    2.73172E+00    6.43467E-02
   11     0.988831    3.53649E-01    1.69316E+00
   12     0.988026    5.89569E-02    7.38705E-01
   13     0.987933    3.37442E-02    7.03164E-02
   14     0.987909    2.20100E-02    2.80283E-02
   15     0.987641    5.09942E-01    1.72362E-02
   16     0.988263    1.33419E-01    3.82145E-01
   17     0.988009    6.59252E-02    1.62437E-01
   18     0.988113    5.49196E-02    5.92380E-02
   19     0.988214    4.64506E-02    5.07957E-02
   20     0.989064    6.51401E-01    4.35300E-02
    1     0.999184    2.67863E-02    4.29403E-02
    2     0.999224    3.06601E-02    3.50228E-02
    3     0.999268    2.61657E-02    2.87703E-02
    4     0.999312    2.25382E-02    2.44618E-02
    5     1.000226    8.38305E-01    2.11255E-02
    6     1.000205    1.59965E-01    5.66577E-01
    7     1.000002    4.15909E-02    2.13683E-01
    8     0.999953    3.33732E-02    3.92788E-02
    9     0.999925    2.63185E-02    3.12099E-02
   10     0.999678    1.98813E-01    2.36977E-02
   11     0.999758    4.92207E-02    1.51560E-01
   12     0.999762    1.56759E-02    5.53722E-02
   13     0.999781    1.36872E-02    1.53169E-02
   14     0.999797    1.15166E-02    1.30074E-02
   15     1.000089    2.63063E-01    1.06336E-02
   16     1.000073    6.07383E-02    1.89135E-01
   17     1.000009    1.55634E-02    7.48986E-02
   18     0.999992    1.31396E-02    1.56855E-02
   19     0.999981    1.00512E-02    1.19721E-02
   20     0.999888    8.81897E-02    8.88166E-03
       1       0.999959    5.88802E-03    6.76534E-03
       2       0.999964    4.45686E-03    5.19114E-03
       3       0.999961    3.38953E-03    3.94809E-03
       4       0.999959    2.55927E-03    3.00016E-03
       5       0.999906    6.28310E-02    2.25583E-03
       6       0.999947    2.27499E-02    4.35816E-02
       7       0.999939    1.10288E-02    1.52979E-02
       8       0.999947    9.35227E-03    1.03993E-02
       9       0.999955    7.72914E-03    8.72640E-03
      10       1.000018    6.76804E-02    7.09819E-03
      11       1.000010    1.31873E-02    5.04854E-02
      12       1.000005    2.76601E-03    1.97313E-02
      13       1.000002    2.21513E-03    2.64834E-03
      14       1.000000    1.66514E-03    2.04496E-03
      15       0.999939    5.25549E-02    1.45578E-03
      16       0.999962    1.97425E-02    3.56813E-02
      17       0.999969    8.48662E-03    1.24757E-02
      18       0.999975    6.87589E-03    7.90737E-03
      19       0.999980    5.43268E-03    6.25258E-03
      20       1.000009    3.21679E-02    4.88258E-03
      21       1.000004    5.70974E-03    2.35156E-02
      22       1.000003    7.86518E-04    9.12309E-03
      23       1.000002    6.43604E-04    8.19081E-04
      24       1.000001    4.42893E-04    5.82161E-04
      25       0.999964    2.53482E-02    3.64865E-04
      26       0.999976    1.24258E-02    1.85718E-02
      27       0.999983    5.61071E-03    8.96046E-03
      28       0.999987    4.17083E-03    4.99233E-03
      29       0.999990    3.09568E-03    3.63868E-03
      30       1.000000    1.11563E-02    2.68235E-03
      31       0.999999    1.56175E-03    7.77203E-03
      32       0.999999    1.65757E-04    3.10921E-03
      33       0.999999    1.40860E-04    2.61477E-04
      34       0.999999    1.13742E-04    1.15665E-04
      35       1.000000    3.08910E-03    9.41471E-05
      36       1.000000    8.20212E-04    2.23722E-03
      37       1.000000    2.63897E-04    7.95816E-04
      38       1.000000    2.00784E-04    2.19838E-04
      39       1.000000    1.62889E-04    1.85816E-04
      40       0.999999    1.08819E-03    1.51010E-04
      41       0.999999    2.00981E-04    8.12945E-04
      42       0.999999    5.64317E-05    3.34147E-04
      43       0.999999    4.56137E-05    5.05391E-05
      44       0.999999    3.91659E-05    4.14834E-05
      45       1.000000    3.13068E-03    3.54291E-05
      46       1.000000    6.85115E-04    2.46191E-03
      47       1.000000    2.58731E-04    9.76798E-04
      48       1.000000    2.05902E-04    2.32319E-04
      49       1.000000    1.64420E-04    1.90200E-04
      50       0.999999    6.94881E-04    1.51939E-04
      51       1.000000    7.71319E-05    5.13184E-04
      52       0.999999    3.12238E-05    2.13692E-04
      53       0.999999    2.05500E-05    2.85662E-05
      54       0.999999    1.49760E-05    1.73572E-05
      55       0.999999    2.16005E-04    1.29275E-05
      56       0.999999    7.12592E-05    1.46088E-04
      57       0.999999    2.85629E-05    4.15582E-05
      58       0.999999    2.29164E-05    2.64803E-05
      59       0.999999    1.79845E-05    2.07346E-05
      60       1.000000    2.30897E-04    1.61647E-05
      61       0.999999    5.86215E-05    1.69875E-04
      62       0.999999    1.59972E-05    6.49280E-05
      63       0.999999    1.29232E-05    1.54368E-05
      64       0.999999    9.69590E-06    1.16701E-05
      65       0.999999    1.51333E-04    8.54666E-06
      66       0.999999    4.83781E-05    1.04401E-04
      67       0.999999    1.88356E-05    3.74608E-05
      68       0.999999    1.54560E-05    1.77313E-05
      69       0.999999    1.23263E-05    1.42094E-05
      70       0.999999    1.32721E-04    1.12054E-05
      71       0.999999    3.10988E-05    9.86108E-05
      72       0.999999    7.89535E-06    3.79706E-05
      73       0.999999    6.50134E-06    7.75642E-06

 ***********************************************
Effective Factor Multiplication : Keff = 0.999999
 ***********************************************
    1     0.995375    1.62410E-01    1.74478E+03
    2     0.999539    5.23727E-02    8.21603E-01
    3     0.999945    1.47621E-02    6.37695E-02
    4     0.999948    5.94438E-03    1.40740E-02
     ...Fission Source Extrapolated...
    5     0.999931    1.57821E-02    5.33397E-03
    6     0.999954    4.98101E-03    1.09610E-02
    7     0.999969    2.22354E-03    1.45527E-02
    8     0.999981    7.62320E-04    2.66765E-03
    9     0.999986    5.09362E-04    1.98850E-03
     ...Fission Source Extrapolated...
   10     1.000025    5.27988E-03    1.63583E-03
   11     1.000017    2.88730E-03    8.82626E-03
   12     1.000007    1.77682E-03    3.94739E-03
   13     1.000012    3.22109E-04    2.26103E-03
   14     1.000012    2.15519E-04    7.06160E-04
     ...Fission Source Extrapolated...
   15     1.000003    3.69177E-03    3.07898E-04
   16     1.000005    9.21921E-04    3.65187E-03
   17     1.000005    3.07152E-04    9.95967E-04
   18     1.000006    7.71512E-05    5.21857E-04
   19     1.000007    4.94433E-05    2.86627E-04
     ...Fission Source Extrapolated...
   20     1.000007    2.42029E-04    1.76865E-04
   21     1.000007    1.06606E-04    5.60935E-04
   22     1.000007    8.46523E-05    3.10938E-04
   23     1.000007    2.05708E-05    6.55061E-05
   24     1.000008    1.19736E-05    1.93066E-05
     ...Fission Source Extrapolated...
   25     1.000008    1.51377E-04    2.05935E-05
   26     1.000008    7.46455E-05    1.68565E-04
   27     1.000008    4.89294E-05    4.89294E-05
   28     1.000008    1.50322E-05    4.22000E-05
   29     1.000008    1.18286E-05    1.62055E-05
     ...Fission Source Extrapolated...
   30     1.000008    7.54997E-05    1.16679E-05
   31     1.000008    1.34753E-05    7.34906E-05
   32     1.000008    6.31703E-06    1.24807E-05
   33     1.000008    3.21286E-06    5.82410E-06

 ***********************************************
Effective Factor Multiplication : Keff = 1.000008
 ***********************************************
       1       0.926463    1.99805E-01    1.00000E+00
       2       0.991944    1.39294E-01    5.37677E-01
       3       0.998664    4.56072E-02    1.66149E-01
       4       0.999302    2.33267E-02    4.23331E-02
       5       0.999873    8.09170E-02    1.70269E-02
       6       0.999621    1.91246E-02    5.44372E-02
       7       0.999793    8.87473E-03    2.44496E-02
       8       0.999833    5.33405E-03    8.76241E-03
       9       0.999859    3.82270E-03    4.69012E-03
      10       1.000131    4.52546E-02    3.57879E-03
      11       1.000008    9.78206E-03    3.76208E-02
      12       1.000065    3.96118E-03    1.60991E-02
      13       1.000055    3.10393E-03    3.33396E-03
      14       1.000048    2.71044E-03    2.71430E-03
      15       0.999981    3.67110E-02    2.45281E-03
      16       0.999986    6.95066E-03    2.94912E-02
      17       0.999998    1.11943E-03    3.90138E-03
      18       0.999998    5.99119E-04    6.83570E-04
      19       0.999998    4.45928E-04    4.53991E-04
      20       0.999996    3.85897E-03    3.54815E-04
      21       0.999994    7.07489E-04    2.87341E-03
      22       0.999999    3.76165E-04    1.04855E-03
      23       1.000000    2.98374E-04    3.01326E-04
      24       1.000001    2.52485E-04    2.55858E-04
      25       1.000006    1.99096E-03    2.31207E-04
      26       1.000003    2.79039E-04    1.68302E-03
      27       1.000004    2.48413E-04    3.80980E-04
      28       1.000003    1.67919E-04    1.68140E-04
      29       1.000003    1.31920E-04    1.34485E-04
      30       0.999998    1.62546E-03    1.12784E-04
      31       0.999998    3.46738E-04    1.25567E-03
      32       0.999999    8.31708E-05    1.82764E-04
      33       1.000000    6.03914E-05    6.29927E-05
      34       1.000000    4.95854E-05    5.02622E-05
      35       1.000001    4.22907E-04    4.24389E-05
      36       1.000001    7.73956E-05    3.39098E-04
      37       1.000001    3.84538E-05    7.10562E-05
      38       1.000001    2.64245E-05    2.64899E-05
      39       1.000000    2.15728E-05    2.20725E-05
      40       0.999999    2.41597E-04    1.90282E-05
      41       0.999999    4.47998E-05    1.92359E-04
      42       1.000000    1.81990E-05    3.36870E-05
      43       1.000000    1.35667E-05    1.39791E-05
      44       1.000000    1.12877E-05    1.14201E-05
      45       1.000000    1.29160E-04    9.82405E-06
      46       1.000000    2.51339E-05    1.04121E-04
      47       1.000000    9.21922E-06    2.19484E-05
      48       1.000000    6.07419E-06    6.89119E-06

 ***********************************************
Effective Factor Multiplication : Keff = 1.000000
 ***********************************************

  TRANSIENT RESULTS :

  Step  Time(s)  React.($)   Rel. Power   Avg. Tm   Max. Tm   Avg. Tf   Max. Tf
 --------------------------------------------------------------------------------
   0     0.000    0.0000     1.0000E-06    286.00    286.00    286.00    286.00
   1     0.005    0.0024     1.0023E-06    286.00    286.00    286.00    286.00
   2     0.010    0.0111     1.0102E-06    286.00    286.00    286.00    286.00
   3     0.015    0.0314     1.0297E-06    286.00    286.00    286.00    286.00
   4     0.020    0.0631     1.0609E-06    286.00    286.00    286.00    286.00
   5     0.025    0.1212     1.1188E-06    286.00    286.00    286.00    286.00
   6     0.030    0.1927     1.2016E-06    286.00    286.00    286.00    286.00
   7     0.035    0.2838     1.3221E-06    286.00    286.00    286.00    286.00
   8     0.040    0.4098     1.5165E-06    286.00    286.00    286.00    286.00
   9     0.045    0.4981     1.7392E-06    286.00    286.00    286.00    286.00
  10     0.050    0.6193     2.0727E-06    286.00    286.00    286.00    286.00
  11     0.055    0.7118     2.4991E-06    286.00    286.00    286.00    286.00
  12     0.060    0.7975     3.0650E-06    286.00    286.00    286.00    286.00
  13     0.065    0.8908     3.8955E-06    286.00    286.00    286.00    286.00
  14     0.070    0.9330     4.8881E-06    286.00    286.00    286.00    286.00
  15     0.075    0.9901     6.2577E-06    286.00    286.00    286.00    286.00
  16     0.080    1.0253     8.0303E-06    286.00    286.00    286.00    286.00
  17     0.085    1.0525     1.0311E-05    286.00    286.00    286.00    286.00
  18     0.090    1.0765     1.3306E-05    286.00    286.00    286.00    286.00
  19     0.095    1.0849     1.6943E-05    286.00    286.00    286.00    286.00
  20     0.100    1.0878     2.1242E-05    286.00    286.00    286.00    286.00
  21     0.105    1.0883     2.6262E-05    286.00    286.00    286.00    286.00
  22     0.110    1.0888     3.2186E-05    286.00    286.00    286.00    286.00
  23     0.115    1.0890     3.9117E-05    286.00    286.00    286.00    286.00
  24     0.120    1.0893     4.7292E-05    286.00    286.00    286.00    286.00
  25     0.125    1.0895     5.6885E-05    286.00    286.00    286.00    286.00
  26     0.130    1.0897     6.8174E-05    286.00    286.00    286.00    286.00
  27     0.135    1.0898     8.1448E-05    286.00    286.00    286.00    286.00
  28     0.140    1.0899     9.7074E-05    286.00    286.00    286.00    286.00
  29     0.145    1.0900     1.1546E-04    286.00    286.00    286.00    286.00
  30     0.150    1.0901     1.3704E-04    286.00    286.00    286.00    286.00
  31     0.155    1.0901     1.6237E-04    286.00    286.00    286.00    286.00
  32     0.160    1.0902     1.9235E-04    286.00    286.00    286.00    286.00
  33     0.165    1.0902     2.2754E-04    286.00    286.00    286.00    286.00
  34     0.170    1.0903     2.6902E-04    286.00    286.00    286.00    286.00
  35     0.175    1.0904     3.1807E-04    286.00    286.00    286.00    286.00
  36     0.180    1.0903     3.7553E-04    286.00    286.00    286.00    286.00
  37     0.185    1.0904     4.4333E-04    286.00    286.00    286.00    286.00
  38     0.190    1.0904     5.2337E-04    286.00    286.00    286.00    286.00
  39     0.195    1.0904     6.1726E-04    286.00    286.00    286.00    286.01
  40     0.200    1.0904     7.2808E-04    286.00    286.00    286.00    286.01
  41     0.205    1.0905     8.5904E-04    286.00    286.00    286.00    286.01
  42     0.210    1.0904     1.0131E-03    286.00    286.00    286.00    286.01
  43     0.215    1.0904     1.1944E-03    286.00    286.00    286.00    286.01
  44     0.220    1.0904     1.4075E-03    286.00    286.00    286.00    286.01
  45     0.225    1.0904     1.6587E-03    286.00    286.00    286.01    286.02
  46     0.230    1.0905     1.9558E-03    286.00    286.00    286.01    286.02
  47     0.235    1.0904     2.3055E-03    286.00    286.00    286.01    286.02
  48     0.240    1.0904     2.7156E-03    286.00    286.00    286.01    286.02
  49     0.245    1.0904     3.2002E-03    286.00    286.00    286.01    286.03
  50     0.250    1.0904     3.7694E-03    286.00    286.00    286.01    286.03
  51     0.255    1.0905     4.4455E-03    286.00    286.00    286.01    286.04
  52     0.260    1.0904     5.2388E-03    286.00    286.00    286.02    286.05
  53     0.265    1.0904     6.1717E-03    286.00    286.00    286.02    286.06
  54     0.270    1.0903     7.2708E-03    286.00    286.00    286.02    286.06
  55     0.275    1.0903     8.5647E-03    286.00    286.00    286.03    286.08
  56     0.280    1.0903     1.0085E-02    286.00    286.00    286.03    286.09
  57     0.285    1.0902     1.1875E-02    286.00    286.00    286.04    286.11
  58     0.290    1.0902     1.3981E-02    286.00    286.00    286.05    286.12
  59     0.295    1.0902     1.6464E-02    286.00    286.00    286.05    286.15
  60     0.300    1.0902     1.9398E-02    286.00    286.00    286.06    286.17
  61     0.305    1.0900     2.2828E-02    286.00    286.00    286.08    286.20
  62     0.310    1.0899     2.6877E-02    286.00    286.00    286.09    286.24
  63     0.315    1.0899     3.1649E-02    286.00    286.00    286.11    286.28
  64     0.320    1.0897     3.7231E-02    286.00    286.00    286.12    286.33
  65     0.325    1.0896     4.3812E-02    286.00    286.00    286.15    286.39
  66     0.330    1.0895     5.1551E-02    286.00    286.01    286.17    286.46
  67     0.335    1.0892     6.0597E-02    286.00    286.01    286.20    286.54
  68     0.340    1.0891     7.1263E-02    286.00    286.01    286.24    286.64
  69     0.345    1.0888     8.3742E-02    286.00    286.01    286.28    286.75
  70     0.350    1.0885     9.8379E-02    286.00    286.01    286.33    286.88
  71     0.355    1.0881     1.1548E-01    286.00    286.01    286.39    287.04
  72     0.360    1.0877     1.3555E-01    286.00    286.02    286.46    287.22
  73     0.365    1.0872     1.5896E-01    286.00    286.02    286.53    287.43
  74     0.370    1.0866     1.8616E-01    286.01    286.02    286.63    287.68
  75     0.375    1.0860     2.1802E-01    286.01    286.03    286.74    287.97
  76     0.380    1.0852     2.5496E-01    286.01    286.03    286.86    288.32
  77     0.385    1.0843     2.9757E-01    286.01    286.03    287.01    288.72
  78     0.390    1.0833     3.4737E-01    286.01    286.04    287.19    289.18
  79     0.395    1.0820     4.0403E-01    286.01    286.05    287.39    289.72
  80     0.400    1.0806     4.6949E-01    286.02    286.06    287.62    290.35
  81     0.405    1.0789     5.4435E-01    286.02    286.07    287.89    291.08
  82     0.410    1.0769     6.2922E-01    286.02    286.08    288.21    291.93
  83     0.415    1.0747     7.2495E-01    286.02    286.09    288.57    292.90
  84     0.420    1.0721     8.3205E-01    286.03    286.10    288.98    294.01
  85     0.425    1.0691     9.5061E-01    286.03    286.12    289.45    295.28
  86     0.430    1.0657     1.0805E+00    286.04    286.14    289.99    296.72
  87     0.435    1.0618     1.2209E+00    286.04    286.16    290.59    298.35
  88     0.440    1.0574     1.3708E+00    286.05    286.19    291.26    300.18
  89     0.445    1.0526     1.5294E+00    286.06    286.22    292.01    302.22
  90     0.450    1.0473     1.6957E+00    286.07    286.25    292.84    304.47
  91     0.455    1.0412     1.8622E+00    286.08    286.29    293.74    306.95
  92     0.460    1.0346     2.0260E+00    286.09    286.33    294.72    309.63
  93     0.465    1.0274     2.1819E+00    286.10    286.37    295.76    312.52
  94     0.470    1.0197     2.3264E+00    286.12    286.42    296.87    315.60
  95     0.475    1.0116     2.4547E+00    286.13    286.47    298.03    318.84
  96     0.480    1.0030     2.5634E+00    286.15    286.53    299.23    322.22
  97     0.485    0.9940     2.6447E+00    286.16    286.59    300.45    325.69
  98     0.490    0.9847     2.6952E+00    286.18    286.66    301.69    329.23
  99     0.495    0.9753     2.7151E+00    286.20    286.73    302.91    332.78
 100     0.500    0.9659     2.7092E+00    286.22    286.81    304.12    336.32
 101     0.505    0.9563     2.6724E+00    286.24    286.89    305.29    339.81
 102     0.510    0.9469     2.6096E+00    286.27    286.97    306.41    343.21
 103     0.515    0.9377     2.5267E+00    286.29    287.06    307.48    346.49
 104     0.520    0.9287     2.4250E+00    286.32    287.15    308.48    349.63
 105     0.525    0.9200     2.3141E+00    286.34    287.24    309.42    352.63
 106     0.530    0.9115     2.1926E+00    286.37    287.33    310.28    355.46
 107     0.535    0.9034     2.0681E+00    286.40    287.43    311.08    358.13
 108     0.540    0.8957     1.9454E+00    286.42    287.53    311.81    360.64
 109     0.545    0.8883     1.8265E+00    286.45    287.64    312.47    362.98
 110     0.550    0.8811     1.7140E+00    286.48    287.74    313.08    365.19
 111     0.555    0.8743     1.6093E+00    286.51    287.85    313.63    367.25
 112     0.560    0.8677     1.5119E+00    286.54    287.96    314.14    369.19
 113     0.565    0.8613     1.4226E+00    286.58    288.07    314.60    371.01
 114     0.570    0.8551     1.3416E+00    286.61    288.18    315.03    372.72
 115     0.575    0.8490     1.2687E+00    286.64    288.30    315.42    374.35
 116     0.580    0.8431     1.2019E+00    286.67    288.41    315.78    375.88
 117     0.585    0.8374     1.1436E+00    286.71    288.53    316.12    377.34
 118     0.590    0.8318     1.0913E+00    286.74    288.65    316.43    378.73
 119     0.595    0.8263     1.0447E+00    286.77    288.77    316.73    380.06
 120     0.600    0.8209     1.0026E+00    286.81    288.89    317.00    381.33
 121     0.605    0.8155     9.6433E-01    286.84    289.02    317.27    382.56
 122     0.610    0.8103     9.3060E-01    286.88    289.14    317.52    383.74
 123     0.615    0.8051     8.9997E-01    286.91    289.27    317.75    384.88
 124     0.620    0.8001     8.7253E-01    286.95    289.39    317.98    385.99
 125     0.625    0.7950     8.4770E-01    286.98    289.52    318.20    387.06
 126     0.630    0.7901     8.2548E-01    287.01    289.64    318.41    388.11
 127     0.635    0.7852     8.0467E-01    287.05    289.77    318.62    389.12
 128     0.640    0.7804     7.8575E-01    287.08    289.90    318.81    390.12
 129     0.645    0.7756     7.6817E-01    287.12    290.02    319.00    391.09
 130     0.650    0.7709     7.5190E-01    287.15    290.14    319.19    392.04
 131     0.655    0.7663     7.3671E-01    287.19    290.26    319.37    392.97
 132     0.660    0.7616     7.2249E-01    287.22    290.38    319.55    393.88
 133     0.665    0.7571     7.0911E-01    287.26    290.50    319.72    394.77
 134     0.670    0.7526     6.9649E-01    287.29    290.62    319.89    395.65
 135     0.675    0.7481     6.8452E-01    287.33    290.74    320.05    396.51
 136     0.680    0.7437     6.7314E-01    287.36    290.86    320.21    397.36
 137     0.685    0.7394     6.6230E-01    287.40    290.98    320.37    398.19
 138     0.690    0.7351     6.5198E-01    287.43    291.09    320.53    399.01
 139     0.695    0.7308     6.4212E-01    287.46    291.21    320.68    399.82
 140     0.700    0.7267     6.3271E-01    287.50    291.33    320.83    400.61
 141     0.705    0.7225     6.2371E-01    287.53    291.44    320.97    401.39
 142     0.710    0.7185     6.1508E-01    287.56    291.56    321.11    402.16
 143     0.715    0.7144     6.0679E-01    287.60    291.67    321.26    402.92
 144     0.720    0.7105     5.9884E-01    287.63    291.78    321.39    403.67
 145     0.725    0.7066     5.9120E-01    287.66    291.89    321.53    404.41
 146     0.730    0.7027     5.8386E-01    287.69    292.00    321.66    405.15
 147     0.735    0.6989     5.7679E-01    287.73    292.11    321.79    405.87
 148     0.740    0.6952     5.6999E-01    287.76    292.22    321.92    406.58
 149     0.745    0.6915     5.6345E-01    287.79    292.32    322.05    407.28
 150     0.750    0.6879     5.5714E-01    287.82    292.43    322.18    407.98
 151     0.755    0.6843     5.5107E-01    287.85    292.54    322.30    408.67
 152     0.760    0.6808     5.4511E-01    287.88    292.66    322.42    409.35
 153     0.765    0.6774     5.3938E-01    287.91    292.77    322.55    410.02
 154     0.770    0.6740     5.3389E-01    287.94    292.89    322.67    410.69
 155     0.775    0.6707     5.2860E-01    287.97    293.00    322.78    411.34
 156     0.780    0.6674     5.2351E-01    288.00    293.11    322.90    412.00
 157     0.785    0.6642     5.1860E-01    288.03    293.22    323.01    412.64
 158     0.790    0.6611     5.1387E-01    288.06    293.33    323.13    413.28
 159     0.795    0.6580     5.0930E-01    288.09    293.44    323.24    413.91
 160     0.800    0.6549     5.0489E-01    288.12    293.55    323.35    414.54
 161     0.805    0.6520     5.0063E-01    288.15    293.66    323.46    415.16
 162     0.810    0.6490     4.9652E-01    288.18    293.76    323.57    415.78
 163     0.815    0.6462     4.9254E-01    288.20    293.87    323.68    416.39
 164     0.820    0.6433     4.8858E-01    288.23    293.97    323.78    416.99
 165     0.825    0.6406     4.8479E-01    288.26    294.07    323.89    417.60
 166     0.830    0.6379     4.8115E-01    288.29    294.17    324.00    418.19
 167     0.835    0.6352     4.7763E-01    288.31    294.27    324.10    418.78
 168     0.840    0.6327     4.7424E-01    288.34    294.37    324.20    419.37
 169     0.845    0.6301     4.7096E-01    288.37    294.46    324.30    419.95
 170     0.850    0.6276     4.6779E-01    288.39    294.56    324.40    420.53
 171     0.855    0.6252     4.6472E-01    288.42    294.65    324.50    421.10
 172     0.860    0.6228     4.6176E-01    288.44    294.74    324.60    421.67
 173     0.865    0.6205     4.5889E-01    288.47    294.83    324.70    422.23
 174     0.870    0.6182     4.5612E-01    288.49    294.92    324.80    422.80
 175     0.875    0.6160     4.5344E-01    288.52    295.00    324.90    423.35
 176     0.880    0.6138     4.5085E-01    288.54    295.09    324.99    423.91
 177     0.885    0.6117     4.4833E-01    288.56    295.17    325.09    424.46
 178     0.890    0.6096     4.4590E-01    288.59    295.25    325.19    425.00
 179     0.895    0.6075     4.4353E-01    288.61    295.33    325.28    425.55
 180     0.900    0.6055     4.4125E-01    288.63    295.42    325.37    426.09
 181     0.905    0.6036     4.3903E-01    288.66    295.52    325.47    426.62
 182     0.910    0.6017     4.3688E-01    288.68    295.61    325.56    427.16
 183     0.915    0.5998     4.3480E-01    288.70    295.71    325.65    427.69
 184     0.920    0.5980     4.3277E-01    288.72    295.80    325.74    428.21
 185     0.925    0.5962     4.3080E-01    288.74    295.89    325.83    428.74
 186     0.930    0.5945     4.2889E-01    288.76    295.98    325.92    429.26
 187     0.935    0.5927     4.2704E-01    288.78    296.06    326.01    429.78
 188     0.940    0.5911     4.2524E-01    288.81    296.15    326.10    430.29
 189     0.945    0.5894     4.2344E-01    288.83    296.23    326.19    430.81
 190     0.950    0.5879     4.2177E-01    288.84    296.31    326.28    431.32
 191     0.955    0.5863     4.2009E-01    288.86    296.39    326.37    431.82
 192     0.960    0.5848     4.1850E-01    288.88    296.47    326.45    432.33
 193     0.965    0.5833     4.1693E-01    288.90    296.55    326.54    432.83
 194     0.970    0.5819     4.1546E-01    288.92    296.62    326.63    433.33
 195     0.975    0.5804     4.1399E-01    288.94    296.70    326.71    433.83
 196     0.980    0.5791     4.1258E-01    288.96    296.77    326.80    434.32
 197     0.985    0.5777     4.1119E-01    288.97    296.84    326.88    434.82
 198     0.990    0.5764     4.0987E-01    288.99    296.91    326.97    435.31
 199     0.995    0.5751     4.0858E-01    289.01    296.97    327.05    435.80
 200     1.000    0.5738     4.0730E-01    289.03    297.04    327.14    436.28
 201     1.050    0.5727     4.0534E-01    289.16    297.54    327.97    441.03
 202     1.100    0.5624     3.9676E-01    289.28    298.09    328.77    445.59
 203     1.150    0.5537     3.8933E-01    289.37    298.52    329.52    449.96
 204     1.200    0.5463     3.8335E-01    289.44    298.87    330.24    454.16
 205     1.250    0.5396     3.7845E-01    289.50    299.20    330.93    458.21
 206     1.300    0.5335     3.7393E-01    289.55    299.45    331.59    462.09
 207     1.350    0.5279     3.7024E-01    289.59    299.65    332.22    465.84
 208     1.400    0.5225     3.6677E-01    289.63    299.80    332.83    469.44
 209     1.450    0.5175     3.6390E-01    289.66    299.95    333.41    472.91
 210     1.500    0.5125     3.6101E-01    289.69    300.06    333.97    476.24
 211     1.550    0.5078     3.5854E-01    289.71    300.16    334.51    479.46
 212     1.600    0.5031     3.5611E-01    289.73    300.24    335.04    482.56
 213     1.650    0.4986     3.5385E-01    289.75    300.32    335.54    485.54
 214     1.700    0.4942     3.5202E-01    289.77    300.39    336.02    488.42
 215     1.750    0.4899     3.4990E-01    289.79    300.45    336.49    491.19
 216     1.800    0.4858     3.4861E-01    289.81    300.52    336.95    493.86
 217     1.850    0.4816     3.4699E-01    289.83    300.59    337.39    496.45
 218     1.900    0.4775     3.4486E-01    289.85    300.65    337.81    498.93
 219     1.950    0.4737     3.4393E-01    289.87    300.71    338.22    501.34
 220     2.000    0.4698     3.4201E-01    289.89    300.77    338.62    503.66
 221     2.050    0.4661     3.4122E-01    289.91    300.84    339.00    505.90
 222     2.100    0.4625     3.3984E-01    289.92    300.90    339.37    508.07
 223     2.150    0.4588     3.3832E-01    289.94    300.96    339.73    510.16
 224     2.200    0.4555     3.3785E-01    289.96    301.01    340.08    512.19
 225     2.250    0.4521     3.3671E-01    289.98    301.07    340.42    514.16
 226     2.300    0.4487     3.3563E-01    289.99    301.13    340.75    516.05
 227     2.350    0.4456     3.3512E-01    290.01    301.19    341.07    517.90
 228     2.400    0.4423     3.3392E-01    290.02    301.24    341.38    519.68
 229     2.450    0.4393     3.3353E-01    290.04    301.30    341.69    521.42
 230     2.500    0.4363     3.3285E-01    290.06    301.35    341.98    523.10
 231     2.550    0.4334     3.3205E-01    290.07    301.41    342.27    524.73
 232     2.600    0.4305     3.3165E-01    290.09    301.46    342.55    526.32
 233     2.650    0.4277     3.3101E-01    290.10    301.51    342.82    527.86
 234     2.700    0.4250     3.3057E-01    290.12    301.56    343.09    529.35
 235     2.750    0.4223     3.3017E-01    290.13    301.61    343.34    530.81
 236     2.800    0.4197     3.2967E-01    290.15    301.66    343.60    532.23
 237     2.850    0.4171     3.2936E-01    290.16    301.71    343.84    533.61
 238     2.900    0.4146     3.2889E-01    290.17    301.76    344.08    534.95
 239     2.950    0.4121     3.2867E-01    290.19    301.81    344.32    536.26
 240     3.000    0.4097     3.2834E-01    290.20    301.85    344.54    537.54
 241     3.050    0.4073     3.2806E-01    290.21    301.90    344.77    538.78
 242     3.100    0.4050     3.2781E-01    290.23    301.94    344.99    540.00
 243     3.150    0.4027     3.2759E-01    290.24    301.99    345.20    541.19
 244     3.200    0.4005     3.2743E-01    290.25    302.03    345.41    542.34
 245     3.250    0.3983     3.2723E-01    290.26    302.07    345.61    543.47
 246     3.300    0.3961     3.2711E-01    290.27    302.12    345.81    544.58
 247     3.350    0.3940     3.2698E-01    290.29    302.16    346.01    545.66
 248     3.400    0.3919     3.2687E-01    290.30    302.20    346.20    546.72
 249     3.450    0.3899     3.2679E-01    290.31    302.24    346.39    547.75
 250     3.500    0.3879     3.2672E-01    290.32    302.28    346.58    548.76
 251     3.550    0.3859     3.2665E-01    290.33    302.32    346.76    549.76
 252     3.600    0.3840     3.2661E-01    290.34    302.36    346.94    550.73
 253     3.650    0.3821     3.2657E-01    290.35    302.39    347.11    551.68
 254     3.700    0.3802     3.2654E-01    290.36    302.43    347.28    552.61
 255     3.750    0.3784     3.2653E-01    290.37    302.47    347.45    553.52
 256     3.800    0.3765     3.2653E-01    290.38    302.50    347.61    554.42
 257     3.850    0.3747     3.2654E-01    290.39    302.54    347.78    555.30
 258     3.900    0.3730     3.2657E-01    290.40    302.57    347.94    556.16
 259     3.950    0.3712     3.2659E-01    290.41    302.61    348.09    557.01
 260     4.000    0.3695     3.2662E-01    290.42    302.64    348.25    557.84
 261     4.050    0.3678     3.2667E-01    290.43    302.68    348.40    558.66
 262     4.100    0.3662     3.2675E-01    290.44    302.71    348.55    559.46
 263     4.150    0.3646     3.2683E-01    290.45    302.74    348.70    560.25
 264     4.200    0.3630     3.2693E-01    290.46    302.78    348.84    561.03
 265     4.250    0.3614     3.2704E-01    290.47    302.81    348.98    561.79
 266     4.300    0.3598     3.2716E-01    290.48    302.84    349.12    562.54
 267     4.350    0.3583     3.2727E-01    290.49    302.87    349.26    563.28
 268     4.400    0.3567     3.2740E-01    290.50    302.90    349.40    564.01
 269     4.450    0.3552     3.2754E-01    290.51    302.93    349.53    564.73
 270     4.500    0.3538     3.2769E-01    290.51    302.96    349.67    565.44
 271     4.550    0.3523     3.2784E-01    290.52    302.99    349.80    566.13
 272     4.600    0.3508     3.2799E-01    290.53    303.02    349.93    566.82
 273     4.650    0.3494     3.2812E-01    290.54    303.05    350.06    567.50
 274     4.700    0.3480     3.2828E-01    290.55    303.08    350.18    568.17
 275     4.750    0.3466     3.2845E-01    290.56    303.11    350.31    568.82
 276     4.800    0.3452     3.2857E-01    290.56    303.14    350.43    569.47
 277     4.850    0.3438     3.2876E-01    290.57    303.16    350.55    570.11
 278     4.900    0.3424     3.2895E-01    290.58    303.19    350.67    570.75
 279     4.950    0.3411     3.2913E-01    290.59    303.22    350.79    571.37
 280     5.000    0.3398     3.2928E-01    290.60    303.25    350.91    571.99


     Radial Power Distribution
   ==============================
           1       2       3       4       5       6       7       8       9
     9   0.324   0.578   0.800   0.949   1.233   1.419   1.332   1.101   0.000
     8   0.578   0.661   0.728   0.971   1.185   1.326   1.300   0.834   0.000
     7   0.800   0.728   0.458   0.901   1.139   1.166   1.153   0.000   0.000
     6   0.949   0.971   0.901   1.009   1.048   1.097   0.760   0.000   0.000
     5   1.233   1.185   1.139   1.048   0.960   0.775   0.000   0.000   0.000
     4   1.419   1.326   1.166   1.097   0.775   0.000   0.000   0.000   0.000
     3   1.332   1.300   1.153   0.760   0.000   0.000   0.000   0.000   0.000
     2   1.101   0.834   0.000   0.000   0.000   0.000   0.000   0.000   0.000
     1   0.000   0.000   0.000   0.000   0.000   0.000   0.000   0.000   0.000

   MAX POS.       Maximum Value
  (  4,  1)          1.419


     Axial Power Density Distribution
   ====================================

     Plane Number        Power      Height
    -----------------------------------------
        18  (Top)        0.000      427.30
        17               0.122      397.30
        16               0.239      389.30
        15               0.399      376.50
        14               0.656      363.70
        13               0.993      333.70
        12               1.291      303.70
        11               1.539      273.70
        10               1.724      243.70
         9               1.826      213.70
         8               1.826      183.70
         7               1.699      153.70
         6               1.430      123.70
         5               1.017       93.70
         4               0.628       63.70
         3               0.380       48.70
         2               0.231       37.70
         1  (Bottom)     0.000       30.00

   MAX POS.       Maximum Value
    (  9)             1.826

     Radial Flux Distribution
   ==============================
    Group :   1
             1          2          3          4          5          6          7          8          9
     9   9.406E-03  1.261E-02  1.668E-02  2.056E-02  2.580E-02  2.905E-02  2.800E-02  1.960E-02  2.736E-03 
     8   1.261E-02  1.375E-02  1.543E-02  2.027E-02  2.497E-02  2.785E-02  2.597E-02  1.521E-02  1.996E-03 
     7   1.668E-02  1.543E-02  1.324E-02  1.913E-02  2.381E-02  2.507E-02  2.102E-02  5.085E-03  4.663E-04 
     6   2.056E-02  2.027E-02  1.913E-02  2.106E-02  2.230E-02  2.163E-02  1.382E-02  1.992E-03  0.000E+00 
     5   2.580E-02  2.497E-02  2.381E-02  2.230E-02  1.994E-02  1.397E-02  3.628E-03  4.023E-04  0.000E+00 
     4   2.905E-02  2.785E-02  2.507E-02  2.163E-02  1.397E-02  3.610E-03  4.668E-04  0.000E+00  0.000E+00 
     3   2.800E-02  2.597E-02  2.102E-02  1.382E-02  3.628E-03  4.668E-04  0.000E+00  0.000E+00  0.000E+00 
     2   1.960E-02  1.521E-02  5.085E-03  1.992E-03  4.023E-04  0.000E+00  0.000E+00  0.000E+00  0.000E+00 
     1   2.736E-03  1.996E-03  4.663E-04  0.000E+00  0.000E+00  0.000E+00  0.000E+00  0.000E+00  0.000E+00 

    Group :   2
             1          2          3          4          5          6          7          8          9
     9   7.626E-03  1.173E-02  1.947E-02  1.935E-02  3.014E-02  2.900E-02  3.242E-02  1.940E-02  1.176E-03 
     8   1.173E-02  1.607E-02  1.480E-02  2.369E-02  2.419E-02  3.231E-02  2.282E-02  1.462E-02  8.575E-04 
     7   1.947E-02  1.480E-02  1.079E-02  1.834E-02  2.774E-02  2.368E-02  2.021E-02  1.964E-03  1.816E-04 
     6   1.935E-02  2.369E-02  1.834E-02  2.459E-02  2.130E-02  1.919E-02  1.332E-02  8.505E-04  0.000E+00 
     5   3.014E-02  2.419E-02  2.774E-02  2.130E-02  2.335E-02  1.361E-02  1.408E-03  1.566E-04  0.000E+00 
     4   2.900E-02  3.231E-02  2.368E-02  1.919E-02  1.361E-02  1.405E-03  1.812E-04  0.000E+00  0.000E+00 
     3   3.242E-02  2.282E-02  2.021E-02  1.332E-02  1.408E-03  1.812E-04  0.000E+00  0.000E+00  0.000E+00 
     2   1.940E-02  1.462E-02  1.964E-03  8.505E-04  1.566E-04  0.000E+00  0.000E+00  0.000E+00  0.000E+00 
     1   1.176E-03  8.575E-04  1.816E-04  0.000E+00  0.000E+00  0.000E+00  0.000E+00  0.000E+00  0.000E+00 

