                                                                                
      /\               /\                                                       
     //\\             //\\                                                      
    //**\\           //**\\                                                     
   //****\\         //****\\                                                    
  //******\\       //******\\   ____                   _   _           _        
  ---------   /*\   ---------  / __ \                 | \ | |         | |       
             (***)            | |  | |_ __   ___ _ __ |  \| | ___   __| | ___   
              \*/             | |  | | "_ \ / _ \ "_ \| . ` |/ _"\ / _" |/ _ \  
                              | |__| | |_) |  __/ | | | |\  | |_) | (_| |  __/  
              //\\             \____/| .__/ \___)_| |_|_| \_|\___/ \___/ \___|  
             //**\\                  | |                                        
            //****\\                 |_|                                        
           //******\\                                                           
           ----------                                                           
                                                                                
 ____________________________________________________________
          | The OpenNode, Nodal Methods for Neutron Diffusion
 Version  | Version Number: 1.1                              
 Copyright| 2021 Radiation & Nuclear System Laboratory       
          | University Abdelmalk Essaadi                     
          | Faculty of Sciences, Tetouan, Morocco            
 Source   | FORTRAN90 version                                
 GUI      | PyQt5                                            
 Method   | The Nodal Expansion Method (NEM)                 
 Dimension| Three Dimensions (3D)                            
 Geometry | Cartesian                                        
 ____________________________________________________________
                        =====================
   Calculation Mode :    Forward Calculation 
   ----------------     =====================

            --------------------------------------------
            >>>> Writing Macroscopic Cross Sections <<<<
            --------------------------------------------
     Material  1
    Group   Transport    Diffusion  Absorption    Removal      Nu*Fiss      Kap*Fis    Fiss. Spctr
       1     0.222222    1.500002    0.010000    0.030000     0.000000     0.000000     1.000000
       2     0.833333    0.400000    0.080000    0.080000     0.135000     0.135000     0.000000
         --Scattering Matrix--
           G/G'          1          2
            1        0.192200    0.020000
            2        0.000000    0.753300
     Material  2
    Group   Transport    Diffusion  Absorption    Removal      Nu*Fiss      Kap*Fis    Fiss. Spctr
       1     0.222222    1.500002    0.010000    0.030000     0.000000     0.000000     1.000000
       2     0.833333    0.400000    0.085000    0.085000     0.135000     0.135000     0.000000
         --Scattering Matrix--
           G/G'          1          2
            1        0.192200    0.020000
            2        0.000000    0.748300
     Material  3
    Group   Transport    Diffusion  Absorption    Removal      Nu*Fiss      Kap*Fis    Fiss. Spctr
       1     0.222222    1.500002    0.010000    0.030000     0.000000     0.000000     1.000000
       2     0.833333    0.400000    0.130000    0.130000     0.135000     0.135000     0.000000
         --Scattering Matrix--
           G/G'          1          2
            1        0.192200    0.020000
            2        0.000000    0.703300
     Material  4
    Group   Transport    Diffusion  Absorption    Removal      Nu*Fiss      Kap*Fis    Fiss. Spctr
       1     0.166667    1.999996    0.000000    0.040000     0.000000     0.000000     0.000000
       2     1.111111    0.300000    0.010000    0.010000     0.000000     0.000000     0.000000
         --Scattering Matrix--
           G/G'          1          2
            1        0.126700    0.040000
            2        0.000000    1.101100
     Material  5
    Group   Transport    Diffusion  Absorption    Removal      Nu*Fiss      Kap*Fis    Fiss. Spctr
       1     0.166667    1.999996    0.000000    0.040000     0.000000     0.000000     0.000000
       2     1.111111    0.300000    0.055000    0.055000     0.000000     0.000000     0.000000
         --Scattering Matrix--
           G/G'          1          2
            1        0.000000    0.040000
            2        0.000000    0.000000

            -------------------------------
            >>>>>Wrting Core Geometry<<<<<
            -------------------------------
  Number of Assembly in x, y and z Directions Respectively :
          17          17          19
  Number of Nodes in x, y and z Directions Respectively :
          17          17          19

  x-Directed Nodes Divison (Delta-x)
    20.00  20.00  20.00  20.00  20.00  20.00  20.00  20.00  20.00  20.00
    20.00  20.00  20.00  20.00  20.00  20.00  20.00
  y-Directed Nodes Divison (Delta-y)
    20.00  20.00  20.00  20.00  20.00  20.00  20.00  20.00  20.00  20.00
    20.00  20.00  20.00  20.00  20.00  20.00  20.00
  Planar Region :  1
        1  2  3  4  5  6  7  8  9 10 11 12 13 14 15 16 17
    17                 4  4  4  4  4  4  4                
    16           4  4  4  4  4  4  4  4  4  4  4          
    15        4  4  4  4  4  4  4  4  4  4  4  4  4       
    14     4  4  4  4  4  4  4  4  4  4  4  4  4  4  4    
    13     4  4  4  4  4  4  4  4  4  4  4  4  4  4  4    
    12  4  4  4  4  4  4  4  4  4  4  4  4  4  4  4  4  4 
    11  4  4  4  4  4  4  4  4  4  4  4  4  4  4  4  4  4 
    10  4  4  4  4  4  4  4  4  4  4  4  4  4  4  4  4  4 
     9  4  4  4  4  4  4  4  4  4  4  4  4  4  4  4  4  4 
     8  4  4  4  4  4  4  4  4  4  4  4  4  4  4  4  4  4 
     7  4  4  4  4  4  4  4  4  4  4  4  4  4  4  4  4  4 
     6  4  4  4  4  4  4  4  4  4  4  4  4  4  4  4  4  4 
     5     4  4  4  4  4  4  4  4  4  4  4  4  4  4  4    
     4     4  4  4  4  4  4  4  4  4  4  4  4  4  4  4    
     3        4  4  4  4  4  4  4  4  4  4  4  4  4       
     2           4  4  4  4  4  4  4  4  4  4  4          
     1                 4  4  4  4  4  4  4                
  Planar Region :  2
        1  2  3  4  5  6  7  8  9 10 11 12 13 14 15 16 17
    17                 4  4  4  4  4  4  4                
    16           4  4  4  1  1  1  1  1  4  4  4          
    15        4  4  1  1  1  2  2  2  1  1  1  4  4       
    14     4  4  1  1  2  2  2  2  2  2  2  1  1  4  4    
    13     4  1  1  3  2  2  2  3  2  2  2  3  1  1  4    
    12  4  1  1  2  2  2  2  2  2  2  2  2  2  2  1  1  4 
    11  4  1  1  2  2  2  2  2  2  2  2  2  2  2  1  1  4 
    10  4  1  2  2  2  2  2  2  2  2  2  2  2  2  2  1  4 
     9  4  1  2  2  3  2  2  2  3  2  2  2  3  2  2  1  4 
     8  4  1  2  2  2  2  2  2  2  2  2  2  2  2  2  1  4 
     7  4  1  1  2  2  2  2  2  2  2  2  2  2  2  1  1  4 
     6  4  1  1  2  2  2  2  2  2  2  2  2  2  2  1  1  4 
     5     4  1  1  3  2  2  2  3  2  2  2  3  1  1  4    
     4     4  4  1  1  2  2  2  2  2  2  2  1  1  4  4    
     3        4  4  1  1  1  2  2  2  1  1  1  4  4       
     2           4  4  4  1  1  1  1  1  4  4  4          
     1                 4  4  4  4  4  4  4                
  Planar Region :  3
        1  2  3  4  5  6  7  8  9 10 11 12 13 14 15 16 17
    17                 4  4  4  4  4  4  4                
    16           4  4  4  1  1  1  1  1  4  4  4          
    15        4  4  1  1  1  2  2  2  1  1  1  4  4       
    14     4  4  1  1  2  2  2  2  2  2  2  1  1  4  4    
    13     4  1  1  3  2  2  2  3  2  2  2  3  1  1  4    
    12  4  1  1  2  2  2  2  2  2  2  2  2  2  2  1  1  4 
    11  4  1  1  2  2  2  2  2  2  2  2  2  2  2  1  1  4 
    10  4  1  2  2  2  2  2  2  2  2  2  2  2  2  2  1  4 
     9  4  1  2  2  3  2  2  2  3  2  2  2  3  2  2  1  4 
     8  4  1  2  2  2  2  2  2  2  2  2  2  2  2  2  1  4 
     7  4  1  1  2  2  2  2  2  2  2  2  2  2  2  1  1  4 
     6  4  1  1  2  2  2  2  2  2  2  2  2  2  2  1  1  4 
     5     4  1  1  3  2  2  2  3  2  2  2  3  1  1  4    
     4     4  4  1  1  2  2  2  2  2  2  2  1  1  4  4    
     3        4  4  1  1  1  2  2  2  1  1  1  4  4       
     2           4  4  4  1  1  1  1  1  4  4  4          
     1                 4  4  4  4  4  4  4                
  Planar Region :  4
        1  2  3  4  5  6  7  8  9 10 11 12 13 14 15 16 17
    17                 4  4  4  4  4  4  4                
    16           4  4  4  1  1  1  1  1  4  4  4          
    15        4  4  1  1  1  2  2  2  1  1  1  4  4       
    14     4  4  1  1  2  2  2  2  2  2  2  1  1  4  4    
    13     4  1  1  3  2  2  2  3  2  2  2  3  1  1  4    
    12  4  1  1  2  2  2  2  2  2  2  2  2  2  2  1  1  4 
    11  4  1  1  2  2  2  2  2  2  2  2  2  2  2  1  1  4 
    10  4  1  2  2  2  2  2  2  2  2  2  2  2  2  2  1  4 
     9  4  1  2  2  3  2  2  2  3  2  2  2  3  2  2  1  4 
     8  4  1  2  2  2  2  2  2  2  2  2  2  2  2  2  1  4 
     7  4  1  1  2  2  2  2  2  2  2  2  2  2  2  1  1  4 
     6  4  1  1  2  2  2  2  2  2  2  2  2  2  2  1  1  4 
     5     4  1  1  3  2  2  2  3  2  2  2  3  1  1  4    
     4     4  4  1  1  2  2  2  2  2  2  2  1  1  4  4    
     3        4  4  1  1  1  2  2  2  1  1  1  4  4       
     2           4  4  4  1  1  1  1  1  4  4  4          
     1                 4  4  4  4  4  4  4                

  Planar Region Assignment to Planes.
 -------------------------------------
   Plane Number     Planar Region    Delta-z
       19 (Top)            4          20.00
       18                  3          20.00
       17                  3          20.00
       16                  3          20.00
       15                  3          20.00
       14                  2          20.00
       13                  2          20.00
       12                  2          20.00
       11                  2          20.00
       10                  2          20.00
        9                  2          20.00
        8                  2          20.00
        7                  2          20.00
        6                  2          20.00
        5                  2          20.00
        4                  2          20.00
        3                  2          20.00
        2                  2          20.00
        1 (Bottom)         1          20.00

   Boundary Conditions
   -------------------
  X-Directed West   : Zero Incoming Current
  X-Directed East   : Zero Incoming Current
  Y-Directed North  : Zero Incoming Current
  Y-Directed South  : Zero Incoming Current
  Z-Directed Bottom : Zero Incoming Current
  Z-Directed Top    : Zero Incoming Current

  ...Core Geometry is Sucessfully Read...
     ---------------------------------


  ================================================================================================
                                        Calculation Results
  ================================================================================================

   Iteration    Keff     FissSrc Error   Inner Error
  ----------------------------------------------------
       1       0.895909    1.78300E+01    3.52831E+02
       2       1.222151    1.00000E+00    1.27799E+02
       3       1.116121    1.00000E+00    1.00000E+00
       4       1.048376    2.29544E-01    9.99543E-01
     ...Fission Source Extrapolated...
       5       1.011624    3.00983E-01    5.20385E-01
       6       1.020360    6.26491E-02    3.53531E-01
       7       1.019386    1.03321E-01    2.28141E-01
       8       1.019706    9.50583E-02    1.84920E-01
       9       1.020378    8.69407E-02    1.56028E-01
     ...Fission Source Extrapolated...
      10       1.028965    9.05445E+00    1.32961E-01
      11       1.025644    7.74586E-01    2.00596E+00
      12       1.026411    3.87249E-02    4.26429E-01
      13       1.026269    2.66714E-02    1.78970E-01
      14       1.026234    2.20488E-02    1.22509E-01
     ...Fission Source Extrapolated...
      15       1.027892    6.71690E+00    8.38155E-02
      16       1.029196    7.02501E-01    1.82672E+00
      17       1.029718    1.09265E-01    3.45809E-01
      18       1.029603    4.52951E-02    1.56554E-01
      19       1.029597    3.17203E-02    1.09048E-01
     ...Fission Source Extrapolated...
      20       1.029877    2.20947E-01    8.09338E-02
      21       1.029833    8.29387E-02    1.32255E-01
      22       1.029862    1.32013E-02    6.17138E-02
      23       1.029849    9.13713E-03    2.95317E-02
      24       1.029839    7.55796E-03    1.65663E-02
     ...Fission Source Extrapolated...
      25       1.029639    1.75377E-01    9.11531E-03
      26       1.029788    6.02763E-02    1.25624E-01
      27       1.029804    1.13708E-02    2.68469E-02
      28       1.029819    8.34810E-03    1.23069E-02
      29       1.029836    6.85659E-03    8.53971E-03
     ...Fission Source Extrapolated...
      30       1.030690    4.28359E-01    6.22482E-03
      31       1.030360    1.33861E-01    2.70450E-01
      32       1.030432    9.01855E-03    7.95737E-02
      33       1.030390    8.31302E-03    2.99686E-02
      34       1.030366    5.70525E-03    1.74965E-02
     ...Fission Source Extrapolated...
      35       1.030170    5.66353E-02    1.06569E-02
      36       1.030304    2.70307E-02    3.11990E-02
      37       1.030298    4.66393E-03    8.20244E-03
      38       1.030301    2.80161E-03    3.73005E-03
      39       1.030304    1.96307E-03    2.22197E-03
     ...Fission Source Extrapolated...
      40       1.030423    8.36847E-02    1.68538E-03
      41       1.030354    3.47911E-02    4.91391E-02
      42       1.030359    4.53418E-03    1.18592E-02
      43       1.030354    2.66751E-03    5.09629E-03
      44       1.030351    1.59430E-03    3.59981E-03
     ...Fission Source Extrapolated...
      45       1.030321    1.84915E-02    2.79822E-03
      46       1.030344    7.67527E-03    1.37799E-02
      47       1.030345    2.40972E-03    5.04226E-03
      48       1.030347    1.38725E-03    2.73017E-03
      49       1.030348    1.04329E-03    1.82149E-03
     ...Fission Source Extrapolated...
      50       1.030428    4.93294E-02    1.35844E-03
      51       1.030385    1.87881E-02    3.39782E-02
      52       1.030387    2.42711E-03    9.16117E-03
      53       1.030382    1.76102E-03    3.86175E-03
      54       1.030378    1.18862E-03    2.15547E-03
     ...Fission Source Extrapolated...
      55       1.030343    1.05591E-02    1.39538E-03
      56       1.030364    4.97860E-03    5.77286E-03
      57       1.030363    1.17795E-03    1.60335E-03
      58       1.030364    7.17771E-04    9.68345E-04
      59       1.030365    5.31175E-04    6.76715E-04
     ...Fission Source Extrapolated...
      60       1.030400    2.23373E-02    5.10488E-04
      61       1.030377    8.79095E-03    1.52085E-02
      62       1.030377    1.26821E-03    3.99695E-03
      63       1.030375    8.92790E-04    1.69274E-03
      64       1.030373    5.76128E-04    9.91292E-04
     ...Fission Source Extrapolated...
      65       1.030353    6.06890E-03    7.00682E-04
      66       1.030366    3.19653E-03    3.64057E-03
      67       1.030366    8.38391E-04    1.09944E-03
      68       1.030366    5.03999E-04    6.92631E-04
      69       1.030367    3.74792E-04    4.61365E-04
     ...Fission Source Extrapolated...
      70       1.030391    1.17892E-02    3.76404E-04
      71       1.030376    4.64778E-03    8.14707E-03
      72       1.030376    7.91607E-04    2.24822E-03
      73       1.030375    5.70721E-04    9.45724E-04
      74       1.030374    3.76752E-04    5.31940E-04
     ...Fission Source Extrapolated...
      75       1.030358    5.06793E-03    3.69344E-04
      76       1.030368    2.62333E-03    2.74242E-03
      77       1.030368    6.26537E-04    8.93178E-04
      78       1.030368    4.06034E-04    5.79133E-04
      79       1.030369    2.86520E-04    3.77940E-04
     ...Fission Source Extrapolated...
      80       1.030384    6.50074E-03    2.84956E-04
      81       1.030375    2.90122E-03    4.41929E-03
      82       1.030375    5.17839E-04    1.24470E-03
      83       1.030374    3.61063E-04    5.88714E-04
      84       1.030373    2.37281E-04    3.35084E-04
     ...Fission Source Extrapolated...
      85       1.030361    3.98773E-03    2.31275E-04
      86       1.030369    2.11841E-03    2.17788E-03
      87       1.030369    5.22965E-04    7.34746E-04
      88       1.030370    3.39457E-04    4.86853E-04
      89       1.030370    2.38884E-04    3.19755E-04
     ...Fission Source Extrapolated...
      90       1.030380    4.27157E-03    2.40242E-04
      91       1.030374    1.89152E-03    2.61275E-03
      92       1.030374    3.40208E-04    7.54288E-04
      93       1.030373    2.33851E-04    3.78813E-04
      94       1.030373    1.53251E-04    2.15676E-04
     ...Fission Source Extrapolated...
      95       1.030364    3.20836E-03    1.49045E-04
      96       1.030370    1.73590E-03    1.83261E-03
      97       1.030370    4.35478E-04    6.06813E-04
      98       1.030370    2.82925E-04    4.07893E-04
      99       1.030371    1.98590E-04    2.68814E-04
     ...Fission Source Extrapolated...
     100       1.030377    2.87015E-03    2.01448E-04
     101       1.030373    1.25197E-03    1.68553E-03
     102       1.030373    2.22245E-04    4.73062E-04
     103       1.030373    1.50822E-04    2.43297E-04
     104       1.030373    9.82870E-05    1.37456E-04
     ...Fission Source Extrapolated...
     105       1.030366    2.49437E-03    9.48159E-05
     106       1.030371    1.37170E-03    1.50759E-03
     107       1.030371    3.46937E-04    4.80479E-04
     108       1.030371    2.24960E-04    3.25164E-04
     109       1.030371    1.57494E-04    2.14884E-04
     ...Fission Source Extrapolated...
     110       1.030376    1.93193E-03    1.60777E-04
     111       1.030373    8.28752E-04    1.14580E-03
     112       1.030373    1.43881E-04    3.02007E-04
     113       1.030373    9.65743E-05    1.55211E-04
     114       1.030373    6.25377E-05    8.66813E-05
     ...Fission Source Extrapolated...
     115       1.030368    1.88246E-03    5.96076E-05
     116       1.030371    1.04879E-03    1.19724E-03
     117       1.030371    2.65473E-04    3.66276E-04
     118       1.030371    1.71548E-04    2.48328E-04
     119       1.030372    1.19714E-04    1.64281E-04
     ...Fission Source Extrapolated...
     120       1.030375    1.30018E-03    1.22709E-04
     121       1.030373    5.50124E-04    7.77124E-04
     122       1.030373    9.36000E-05    1.92883E-04
     123       1.030373    6.22070E-05    9.94108E-05
     124       1.030373    4.00886E-05    5.49330E-05
     ...Fission Source Extrapolated...
     125       1.030369    1.36554E-03    3.77034E-05
     126       1.030372    7.65162E-04    8.83365E-04
     127       1.030372    1.91956E-04    2.64922E-04
     128       1.030372    1.23688E-04    1.79327E-04
     129       1.030372    8.59963E-05    1.18421E-04
     ...Fission Source Extrapolated...
     130       1.030374    8.76590E-04    8.82667E-05
     131       1.030373    3.69295E-04    5.25795E-04
     132       1.030373    6.25872E-05    1.22546E-04
     133       1.030373    4.13381E-05    6.55105E-05
     134       1.030373    2.66557E-05    3.61541E-05
     ...Fission Source Extrapolated...
     135       1.030371    9.44048E-04    2.48889E-05
     136       1.030372    5.25298E-04    5.82845E-04
     137       1.030372    1.29355E-04    1.79625E-04
     138       1.030372    8.34488E-05    1.21413E-04
     139       1.030372    5.78419E-05    7.97686E-05
     ...Fission Source Extrapolated...
     140       1.030374    5.85501E-04    5.93213E-05
     141       1.030373    2.48041E-04    3.51015E-04
     142       1.030373    4.26132E-05    7.70195E-05
     143       1.030373    2.81050E-05    4.41755E-05
     144       1.030373    1.82218E-05    2.46033E-05
     ...Fission Source Extrapolated...
     145       1.030371    6.42362E-04    1.70577E-05
     146       1.030372    3.52424E-04    3.66885E-04
     147       1.030372    8.51925E-05    1.19321E-04
     148       1.030372    5.52362E-05    8.08142E-05
     149       1.030372    3.82207E-05    5.27922E-05
     ...Fission Source Extrapolated...
     150       1.030373    3.95825E-04    3.91849E-05
     151       1.030373    1.69308E-04    2.36940E-04
     152       1.030373    2.97281E-05    5.00831E-05
     153       1.030373    1.96402E-05    3.06745E-05
     154       1.030373    1.28280E-05    1.73196E-05
     ...Fission Source Extrapolated...
     155       1.030372    4.38494E-04    1.21082E-05
     156       1.030372    2.36656E-04    2.34889E-04
     157       1.030372    5.62707E-05    7.95396E-05
     158       1.030372    3.67238E-05    5.40873E-05
     159       1.030373    2.53879E-05    3.51454E-05
     ...Fission Source Extrapolated...
     160       1.030373    2.73157E-04    2.60470E-05
     161       1.030373    1.18107E-04    1.63288E-04
     162       1.030373    2.12419E-05    3.53309E-05
     163       1.030373    1.40780E-05    2.18924E-05
     164       1.030373    9.26411E-06    1.25424E-05
     ...Fission Source Extrapolated...
     165       1.030372    2.99760E-04    8.83836E-06
     166       1.030373    1.59110E-04    1.62616E-04
     167       1.030373    3.72783E-05    5.31746E-05
     168       1.030373    2.44876E-05    3.63108E-05
     169       1.030373    1.69200E-05    2.34848E-05
     ...Fission Source Extrapolated...
     170       1.030373    1.93902E-04    1.73849E-05
     171       1.030373    8.49942E-05    1.15695E-04
     172       1.030373    1.57330E-05    2.57739E-05
     173       1.030373    1.04775E-05    1.62499E-05
     174       1.030373    6.95190E-06    9.46580E-06

 ***********************************************
Effective Factor Multiplication : Keff = 1.030373
 ***********************************************


     Radial Power Distribution
   ==============================
           1       2       3       4       5       6       7       8       9      10      11      12
    17   0.000   0.000   0.000   0.000   0.000   0.000   0.000   0.000   0.000   0.000   0.000   0.000
    16   0.000   0.000   0.000   0.000   0.000   0.000   0.646   0.683   0.702   0.683   0.646   0.000
    15   0.000   0.000   0.000   0.000   0.587   0.807   0.918   0.890   0.874   0.890   0.918   0.807
    14   0.000   0.000   0.000   0.630   0.692   0.875   1.015   0.974   0.880   0.974   1.015   0.875
    13   0.000   0.000   0.772   0.784   0.483   0.941   1.118   1.004   0.565   1.004   1.119   0.941
    12   0.000   0.699   1.023   1.046   1.012   1.157   1.252   1.215   1.121   1.215   1.252   1.157
    11   0.000   0.871   1.211   1.217   1.230   1.296   1.309   1.353   1.341   1.353   1.310   1.296
    10   0.000   0.913   1.130   1.162   1.113   1.274   1.376   1.324   1.212   1.324   1.377   1.274
     9   0.000   0.909   1.094   1.049   0.628   1.177   1.371   1.219   0.685   1.219   1.371   1.178
     8   0.000   0.913   1.130   1.162   1.113   1.274   1.376   1.324   1.212   1.324   1.377   1.274
     7   0.000   0.871   1.211   1.217   1.230   1.296   1.309   1.353   1.341   1.353   1.310   1.296
     6   0.000   0.699   1.023   1.046   1.012   1.157   1.252   1.215   1.121   1.215   1.252   1.157
     5   0.000   0.000   0.772   0.784   0.483   0.941   1.118   1.004   0.565   1.004   1.119   0.941
     4   0.000   0.000   0.000   0.630   0.692   0.875   1.015   0.974   0.880   0.974   1.015   0.875
     3   0.000   0.000   0.000   0.000   0.587   0.807   0.918   0.890   0.874   0.890   0.918   0.807
     2   0.000   0.000   0.000   0.000   0.000   0.000   0.646   0.683   0.702   0.683   0.646   0.000
     1   0.000   0.000   0.000   0.000   0.000   0.000   0.000   0.000   0.000   0.000   0.000   0.000

          13      14      15      16      17
    17   0.000   0.000   0.000   0.000   0.000
    16   0.000   0.000   0.000   0.000   0.000
    15   0.587   0.000   0.000   0.000   0.000
    14   0.692   0.631   0.000   0.000   0.000
    13   0.483   0.785   0.773   0.000   0.000
    12   1.012   1.047   1.023   0.700   0.000
    11   1.231   1.218   1.211   0.871   0.000
    10   1.113   1.162   1.130   0.913   0.000
     9   0.628   1.049   1.095   0.910   0.000
     8   1.113   1.162   1.130   0.913   0.000
     7   1.231   1.218   1.211   0.871   0.000
     6   1.012   1.047   1.023   0.700   0.000
     5   0.483   0.785   0.773   0.000   0.000
     4   0.692   0.631   0.000   0.000   0.000
     3   0.587   0.000   0.000   0.000   0.000
     2   0.000   0.000   0.000   0.000   0.000
     1   0.000   0.000   0.000   0.000   0.000

   MAX POS.       Maximum Value
  ( 10, 11)          1.377


     Axial Power Density Distribution
   ====================================

     Plane Number        Power      Height
    -----------------------------------------
        19  (Top)        0.000      380.00
        18               0.201      360.00
        17               0.363      340.00
        16               0.553      320.00
        15               0.759      300.00
        14               0.988      280.00
        13               1.191      260.00
        12               1.354      240.00
        11               1.470      220.00
        10               1.536      200.00
         9               1.548      180.00
         8               1.505      160.00
         7               1.410      140.00
         6               1.265      120.00
         5               1.076      100.00
         4               0.849       80.00
         3               0.591       60.00
         2               0.342       40.00
         1  (Bottom)     0.000       20.00

   MAX POS.       Maximum Value
    (  9)             1.548

     Radial Flux Distribution
   ==============================
    Group :   1
            1          2          3          4          5          6          7          8          9         10         11         12
    17   0.000E+00  0.000E+00  0.000E+00  0.000E+00  0.000E+00  1.219E-04  3.857E-04  5.108E-04  5.354E-04  5.108E-04  3.858E-04  1.219E-04 
    16   0.000E+00  0.000E+00  0.000E+00  1.070E-04  4.049E-04  9.612E-04  2.699E-03  3.217E-03  3.286E-03  3.217E-03  2.699E-03  9.614E-04 
    15   0.000E+00  0.000E+00  1.345E-04  6.991E-04  2.459E-03  3.753E-03  4.764E-03  4.866E-03  4.790E-03  4.866E-03  4.765E-03  3.754E-03 
    14   0.000E+00  1.475E-04  8.045E-04  2.618E-03  3.654E-03  4.792E-03  5.549E-03  5.342E-03  4.887E-03  5.342E-03  5.550E-03  4.793E-03 
    13   0.000E+00  8.188E-04  3.242E-03  4.136E-03  3.662E-03  5.217E-03  6.124E-03  5.569E-03  4.298E-03  5.570E-03  6.125E-03  5.219E-03 
    12   3.941E-04  3.006E-03  5.307E-03  5.715E-03  5.608E-03  6.345E-03  6.866E-03  6.663E-03  6.218E-03  6.664E-03  6.867E-03  6.347E-03 
    11   6.332E-04  4.093E-03  6.330E-03  6.650E-03  6.738E-03  7.108E-03  7.326E-03  7.421E-03  7.345E-03  7.422E-03  7.327E-03  7.110E-03 
    10   6.960E-04  4.275E-03  6.175E-03  6.370E-03  6.176E-03  6.986E-03  7.548E-03  7.261E-03  6.723E-03  7.262E-03  7.549E-03  6.988E-03 
     9   7.028E-04  4.252E-03  5.996E-03  5.824E-03  4.775E-03  6.530E-03  7.507E-03  6.765E-03  5.211E-03  6.766E-03  7.508E-03  6.532E-03 
     8   6.960E-04  4.275E-03  6.175E-03  6.369E-03  6.176E-03  6.986E-03  7.548E-03  7.261E-03  6.723E-03  7.262E-03  7.549E-03  6.988E-03 
     7   6.332E-04  4.092E-03  6.330E-03  6.650E-03  6.738E-03  7.107E-03  7.326E-03  7.421E-03  7.345E-03  7.422E-03  7.327E-03  7.110E-03 
     6   3.941E-04  3.006E-03  5.307E-03  5.715E-03  5.608E-03  6.345E-03  6.865E-03  6.663E-03  6.218E-03  6.664E-03  6.867E-03  6.347E-03 
     5   0.000E+00  8.188E-04  3.242E-03  4.136E-03  3.662E-03  5.217E-03  6.124E-03  5.569E-03  4.298E-03  5.570E-03  6.125E-03  5.218E-03 
     4   0.000E+00  1.475E-04  8.045E-04  2.618E-03  3.654E-03  4.792E-03  5.549E-03  5.341E-03  4.887E-03  5.342E-03  5.550E-03  4.793E-03 
     3   0.000E+00  0.000E+00  1.345E-04  6.991E-04  2.459E-03  3.752E-03  4.764E-03  4.865E-03  4.790E-03  4.866E-03  4.765E-03  3.753E-03 
     2   0.000E+00  0.000E+00  0.000E+00  1.069E-04  4.049E-04  9.612E-04  2.699E-03  3.217E-03  3.286E-03  3.217E-03  2.699E-03  9.613E-04 
     1   0.000E+00  0.000E+00  0.000E+00  0.000E+00  0.000E+00  1.219E-04  3.857E-04  5.107E-04  5.354E-04  5.108E-04  3.858E-04  1.219E-04 

            13         14         15         16         17
    17   0.000E+00  0.000E+00  0.000E+00  0.000E+00  0.000E+00 
    16   4.050E-04  1.070E-04  0.000E+00  0.000E+00  0.000E+00 
    15   2.460E-03  6.994E-04  1.346E-04  0.000E+00  0.000E+00 
    14   3.655E-03  2.619E-03  8.049E-04  1.476E-04  0.000E+00 
    13   3.664E-03  4.138E-03  3.244E-03  8.193E-04  0.000E+00 
    12   5.610E-03  5.718E-03  5.309E-03  3.008E-03  3.943E-04 
    11   6.741E-03  6.653E-03  6.333E-03  4.095E-03  6.335E-04 
    10   6.179E-03  6.373E-03  6.178E-03  4.277E-03  6.964E-04 
     9   4.777E-03  5.827E-03  5.999E-03  4.254E-03  7.032E-04 
     8   6.179E-03  6.373E-03  6.178E-03  4.277E-03  6.964E-04 
     7   6.741E-03  6.653E-03  6.333E-03  4.095E-03  6.335E-04 
     6   5.610E-03  5.717E-03  5.309E-03  3.008E-03  3.943E-04 
     5   3.664E-03  4.138E-03  3.244E-03  8.193E-04  0.000E+00 
     4   3.655E-03  2.619E-03  8.049E-04  1.476E-04  0.000E+00 
     3   2.459E-03  6.993E-04  1.346E-04  0.000E+00  0.000E+00 
     2   4.050E-04  1.070E-04  0.000E+00  0.000E+00  0.000E+00 
     1   0.000E+00  0.000E+00  0.000E+00  0.000E+00  0.000E+00 

    Group :   2
            1          2          3          4          5          6          7          8          9         10         11         12
    17   0.000E+00  0.000E+00  0.000E+00  0.000E+00  0.000E+00  1.476E-03  3.040E-03  3.919E-03  4.127E-03  3.919E-03  3.040E-03  1.476E-03 
    16   0.000E+00  0.000E+00  0.000E+00  1.240E-03  3.271E-03  6.622E-03  2.751E-03  2.919E-03  2.997E-03  2.919E-03  2.751E-03  6.623E-03 
    15   0.000E+00  0.000E+00  1.580E-03  4.816E-03  2.499E-03  3.442E-03  3.931E-03  3.821E-03  3.757E-03  3.821E-03  3.931E-03  3.443E-03 
    14   0.000E+00  1.665E-03  5.554E-03  2.681E-03  2.961E-03  3.756E-03  4.358E-03  4.185E-03  3.781E-03  4.185E-03  4.358E-03  3.757E-03 
    13   0.000E+00  5.118E-03  3.286E-03  3.358E-03  2.091E-03  4.039E-03  4.798E-03  4.308E-03  2.447E-03  4.308E-03  4.799E-03  4.040E-03 
    12   2.835E-03  2.978E-03  4.378E-03  4.493E-03  4.344E-03  4.958E-03  5.355E-03  5.204E-03  4.808E-03  5.204E-03  5.356E-03  4.960E-03 
    11   4.860E-03  3.717E-03  5.186E-03  5.227E-03  5.281E-03  5.545E-03  5.567E-03  5.786E-03  5.744E-03  5.787E-03  5.569E-03  5.547E-03 
    10   5.366E-03  3.899E-03  4.854E-03  4.992E-03  4.779E-03  5.457E-03  5.885E-03  5.668E-03  5.192E-03  5.668E-03  5.887E-03  5.459E-03 
     9   5.436E-03  3.884E-03  4.703E-03  4.510E-03  2.719E-03  5.048E-03  5.872E-03  5.225E-03  2.966E-03  5.226E-03  5.873E-03  5.050E-03 
     8   5.366E-03  3.899E-03  4.853E-03  4.992E-03  4.779E-03  5.457E-03  5.885E-03  5.667E-03  5.192E-03  5.668E-03  5.887E-03  5.459E-03 
     7   4.860E-03  3.717E-03  5.186E-03  5.227E-03  5.280E-03  5.545E-03  5.567E-03  5.786E-03  5.744E-03  5.787E-03  5.568E-03  5.547E-03 
     6   2.834E-03  2.978E-03  4.378E-03  4.493E-03  4.344E-03  4.958E-03  5.355E-03  5.204E-03  4.807E-03  5.204E-03  5.356E-03  4.960E-03 
     5   0.000E+00  5.118E-03  3.286E-03  3.358E-03  2.091E-03  4.039E-03  4.798E-03  4.308E-03  2.447E-03  4.308E-03  4.799E-03  4.040E-03 
     4   0.000E+00  1.665E-03  5.554E-03  2.681E-03  2.961E-03  3.756E-03  4.357E-03  4.184E-03  3.781E-03  4.185E-03  4.358E-03  3.757E-03 
     3   0.000E+00  0.000E+00  1.580E-03  4.816E-03  2.498E-03  3.442E-03  3.930E-03  3.821E-03  3.757E-03  3.821E-03  3.931E-03  3.443E-03 
     2   0.000E+00  0.000E+00  0.000E+00  1.240E-03  3.270E-03  6.621E-03  2.750E-03  2.919E-03  2.997E-03  2.919E-03  2.751E-03  6.623E-03 
     1   0.000E+00  0.000E+00  0.000E+00  0.000E+00  0.000E+00  1.476E-03  3.040E-03  3.919E-03  4.127E-03  3.919E-03  3.040E-03  1.476E-03 

            13         14         15         16         17
    17   0.000E+00  0.000E+00  0.000E+00  0.000E+00  0.000E+00 
    16   3.271E-03  1.241E-03  0.000E+00  0.000E+00  0.000E+00 
    15   2.499E-03  4.818E-03  1.580E-03  0.000E+00  0.000E+00 
    14   2.962E-03  2.682E-03  5.557E-03  1.666E-03  0.000E+00 
    13   2.092E-03  3.360E-03  3.288E-03  5.121E-03  0.000E+00 
    12   4.346E-03  4.495E-03  4.380E-03  2.980E-03  2.836E-03 
    11   5.283E-03  5.230E-03  5.189E-03  3.719E-03  4.862E-03 
    10   4.781E-03  4.995E-03  4.856E-03  3.902E-03  5.369E-03 
     9   2.720E-03  4.512E-03  4.706E-03  3.886E-03  5.439E-03 
     8   4.781E-03  4.995E-03  4.856E-03  3.902E-03  5.369E-03 
     7   5.283E-03  5.230E-03  5.189E-03  3.719E-03  4.862E-03 
     6   4.346E-03  4.495E-03  4.380E-03  2.980E-03  2.836E-03 
     5   2.092E-03  3.360E-03  3.288E-03  5.120E-03  0.000E+00 
     4   2.962E-03  2.682E-03  5.557E-03  1.666E-03  0.000E+00 
     3   2.499E-03  4.818E-03  1.580E-03  0.000E+00  0.000E+00 
     2   3.271E-03  1.241E-03  0.000E+00  0.000E+00  0.000E+00 
     1   0.000E+00  0.000E+00  0.000E+00  0.000E+00  0.000E+00 


 Total Time :    62.8437500     Seconds
