                                                                                
      /\               /\                                                       
     //\\             //\\                                                      
    //**\\           //**\\                                                     
   //****\\         //****\\                                                    
  //******\\       //******\\   ____                   _   _           _        
  ---------   /*\   ---------  / __ \                 | \ | |         | |       
             (***)            | |  | |_ __   ___ _ __ |  \| | ___   __| | ___   
              \*/             | |  | | "_ \ / _ \ "_ \| . ` |/ _"\ / _" |/ _ \  
                              | |__| | |_) |  __/ | | | |\  | |_) | (_| |  __/  
              //\\             \____/| .__/ \___)_| |_|_| \_|\___/ \___/ \___|  
             //**\\                  | |                                        
            //****\\                 |_|                                        
           //******\\                                                           
           ----------                                                           
                                                                                
 ____________________________________________________________
          | The OpenNode, Nodal Methods for Neutron Diffusion
 Version  | Version Number: 1.1                              
 Copyright| 2021 Radiation & Nuclear System Laboratory       
          | University Abdelmalk Essaadi                     
          | Faculty of Sciences, Tetouan, Morocco            
 Source   | FORTRAN90 version                                
 GUI      | PyQt5                                            
 Method   | The Nodal Expansion Method (NEM)                 
 Dimension| Three Dimensions (3D)                            
 Geometry | Cartesian                                        
 ____________________________________________________________
                        =====================
   Calculation Mode :    Forward Calculation 
   ----------------     =====================

            --------------------------------------------
            >>>> Writing Macroscopic Cross Sections <<<<
            --------------------------------------------
     Material  1
    Group   Transport    Diffusion  Absorption    Removal      Nu*Fiss      Kap*Fis    Fiss. Spctr
       1     0.115860    2.877036    0.004602    0.028203     0.011878     0.003912     0.768000
       2     0.212200    1.570845    0.003659    0.005275     0.005325     0.001829     0.232000
       3     0.461370    0.722486    0.012928    0.017612     0.010471     0.003633     0.000000
       4     0.345700    0.964227    0.026546    0.026546     0.026611     0.009241     0.000000
         --Scattering Matrix--
           G/G'          1          2          3          4
            1        0.000000    0.023597    0.000004    0.000000
            2        0.000000    0.000000    0.001615    0.000000
            3        0.000000    0.000000    0.000000    0.004684
            4        0.000000    0.000000    0.000000    0.000000
     Material  2
    Group   Transport    Diffusion  Absorption    Removal      Nu*Fiss      Kap*Fis    Fiss. Spctr
       1     0.115880    2.876539    0.005420    0.028687     0.014943     0.004853     0.768000
       2     0.212120    1.571438    0.004477    0.006049     0.007689     0.002638     0.232000
       3     0.467690    0.712723    0.015168    0.019509     0.014809     0.005133     0.000000
       4     0.353480    0.943005    0.033714    0.033714     0.038159     0.013238     0.000000
         --Scattering Matrix--
           G/G'          1          2          3          4
            1        0.000000    0.023262    0.000005    0.000000
            2        0.000000    0.000000    0.001572    0.000000
            3        0.000000    0.000000    0.000000    0.004341
            4        0.000000    0.000000    0.000000    0.000000
     Material  3
    Group   Transport    Diffusion  Absorption    Removal      Nu*Fiss      Kap*Fis    Fiss. Spctr
       1     0.145840    2.285610    0.003884    0.035959     0.007743     0.002769     0.768000
       2     0.284430    1.171935    0.003107    0.005885     0.000108     0.000044     0.232000
       3     0.527020    0.632487    0.010143    0.016040     0.000297     0.000123     0.000000
       4     0.407310    0.818377    0.013349    0.013349     0.000847     0.000350     0.000000
         --Scattering Matrix--
           G/G'          1          2          3          4
            1        0.000000    0.032071    0.000004    0.000000
            2        0.000000    0.000000    0.002778    0.000000
            3        0.000000    0.000000    0.000000    0.005897
            4        0.000000    0.000000    0.000000    0.000000
     Material  4
    Group   Transport    Diffusion  Absorption    Removal      Nu*Fiss      Kap*Fis    Fiss. Spctr
       1     0.122690    2.716875    0.002768    0.029093     0.005429     0.001945     0.768000
       2     0.231330    1.440943    0.002201    0.004490     0.000076     0.000031     0.232000
       3     0.462730    0.720362    0.007728    0.013082     0.000212     0.000088     0.000000
       4     0.337490    0.987684    0.009956    0.009956     0.000576     0.000238     0.000000
         --Scattering Matrix--
           G/G'          1          2          3          4
            1        0.000000    0.026322    0.000003    0.000000
            2        0.000000    0.000000    0.002289    0.000000
            3        0.000000    0.000000    0.000000    0.005354
            4        0.000000    0.000000    0.000000    0.000000
     Material  5
    Group   Transport    Diffusion  Absorption    Removal      Nu*Fiss      Kap*Fis    Fiss. Spctr
       1     0.133160    2.503254    0.001866    0.024813     0.000000     0.000000     0.768000
       2     0.253540    1.314717    0.012643    0.016412     0.000000     0.000000     0.232000
       3     0.580430    0.574287    0.063440    0.072121     0.000000     0.000000     0.000000
       4     0.541670    0.615381    0.168680    0.168680     0.000000     0.000000     0.000000
         --Scattering Matrix--
           G/G'          1          2          3          4
            1        0.000000    0.022946    0.000001    0.000000
            2        0.000000    0.000000    0.003769    0.000000
            3        0.000000    0.000000    0.000000    0.008681
            4        0.000000    0.000000    0.000000    0.000000
     Material  6
    Group   Transport    Diffusion  Absorption    Removal      Nu*Fiss      Kap*Fis    Fiss. Spctr
       1     0.072200    4.616805    0.000216    0.013159     0.000000     0.000000     0.768000
       2     0.114870    2.901831    0.000168    0.001455     0.000000     0.000000     0.232000
       3     0.326410    1.021211    0.001144    0.004597     0.000000     0.000000     0.000000
       4     0.192720    1.729625    0.000787    0.000787     0.000000     0.000000     0.000000
         --Scattering Matrix--
           G/G'          1          2          3          4
            1        0.000000    0.012942    0.000001    0.000000
            2        0.000000    0.000000    0.001287    0.000000
            3        0.000000    0.000000    0.000000    0.003453
            4        0.000000    0.000000    0.000000    0.000000

            -------------------------------
            >>>>>Wrting Core Geometry<<<<<
            -------------------------------
  Number of Assembly in x, y and z Directions Respectively :
          19          19          18
  Number of Nodes in x, y and z Directions Respectively :
          38          38          18

  x-Directed Nodes Divison (Delta-x)
     2.70   2.70   2.70   2.70   2.70   2.70   2.70   2.70   2.70   2.70
     2.70   2.70   2.70   2.70   2.70   2.70   2.70   2.70   2.70   2.70
     2.70   2.70   2.70   2.70   2.70   2.70   2.70   2.70   2.70   2.70
     2.70   2.70   2.70   2.70   2.70   2.70   4.05   4.05
  y-Directed Nodes Divison (Delta-y)
     4.05   4.05   2.70   2.70   2.70   2.70   2.70   2.70   2.70   2.70
     2.70   2.70   2.70   2.70   2.70   2.70   2.70   2.70   2.70   2.70
     2.70   2.70   2.70   2.70   2.70   2.70   2.70   2.70   2.70   2.70
     2.70   2.70   2.70   2.70   2.70   2.70   2.70   2.70
  Planar Region :  1
        1  2  3  4  5  6  7  8  9 10 11 12 13 14 15 16 17 18 19 20 21 22 23 24 25 26 27 28 29 30 31 32 33 34 35 36
    38  4  4  4  4  4  4  4  4  4  4  6  6  6  6  4  4  4  4  6  6  6  6  4  4  4  4  4  4  3  3  3  3  3  3  3  3 
    37  4  4  4  4  4  4  4  4  4  4  6  6  6  6  4  4  4  4  6  6  6  6  4  4  4  4  4  4  3  3  3  3  3  3  3  3 
    36  4  4  4  4  4  4  4  4  4  4  4  4  4  4  4  4  4  4  4  4  4  4  4  4  4  4  4  4  3  3  3  3  3  3  3  3 
    35  4  4  4  4  4  4  4  4  4  4  4  4  4  4  4  4  4  4  4  4  4  4  4  4  4  4  4  4  3  3  3  3  3  3  3  3 
    34  4  4  4  4  4  4  4  4  4  4  4  4  4  4  4  4  4  4  4  4  4  4  4  4  4  4  4  4  3  3  3  3  3  3  3  3 
    33  4  4  4  4  4  4  4  4  4  4  4  4  4  4  4  4  4  4  4  4  4  4  4  4  4  4  4  4  3  3  3  3  3  3  3  3 
    32  4  4  4  4  4  4  4  4  4  4  4  4  4  4  4  4  4  4  4  4  4  4  4  4  4  4  4  4  3  3  3  3  3  3  3  3 
    31  4  4  4  4  4  4  4  4  4  4  4  4  4  4  4  4  4  4  4  4  4  4  4  4  4  4  4  4  3  3  3  3  3  3  3  3 
    30  4  4  4  4  6  6  6  6  4  4  4  4  4  4  4  4  6  6  6  6  4  4  4  4  4  4  4  4  3  3  3  3  3  3  3  3 
    29  4  4  4  4  6  6  6  6  4  4  4  4  4  4  4  4  6  6  6  6  4  4  4  4  4  4  4  4  3  3  3  3  3  3  3  3 
    28  4  4  4  4  6  6  6  6  4  4  4  4  4  4  4  4  6  6  6  6  4  4  4  4  4  4  4  4  3  3  3  3  3  3  3  3 
    27  4  4  4  4  6  6  6  6  4  4  4  4  4  4  4  4  6  6  6  6  4  4  4  4  4  4  4  4  3  3  3  3  3  3  3  3 
    26  4  4  4  4  4  4  4  4  4  4  4  4  4  4  4  4  4  4  4  4  4  4  4  4  4  4  3  3  3  3  3  3  3  3  3  3 
    25  4  4  4  4  4  4  4  4  4  4  4  4  4  4  4  4  4  4  4  4  4  4  4  4  4  4  3  3  3  3  3  3  3  3  3  3 
    24  4  4  4  4  4  4  4  4  4  4  4  4  4  4  4  4  4  4  4  4  4  4  4  4  4  4  3  3  3  3  3  3  3  3  3  3 
    23  4  4  4  4  4  4  4  4  4  4  4  4  4  4  4  4  4  4  4  4  4  4  4  4  4  4  3  3  3  3  3  3  3  3  3  3 
    22  4  4  4  4  4  4  4  4  6  6  6  6  4  4  4  4  4  4  4  4  4  4  4  4  3  3  3  3  3  3  3  3  3  3  3  3 
    21  4  4  4  4  4  4  4  4  6  6  6  6  4  4  4  4  4  4  4  4  4  4  4  4  3  3  3  3  3  3  3  3  3  3  3  3 
    20  6  6  4  4  4  4  4  4  6  6  6  6  4  4  4  4  4  4  4  4  4  4  3  3  3  3  3  3  3  3  3  3  3  3  3  3 
    19  6  6  4  4  4  4  4  4  6  6  6  6  4  4  4  4  4  4  4  4  4  4  3  3  3  3  3  3  3  3  3  3  3  3  3  3 
    18  6  6  4  4  4  4  4  4  4  4  4  4  4  4  4  4  4  4  4  4  3  3  3  3  3  3  3  3  3  3  3  3  3  3  3  3 
    17  6  6  4  4  4  4  4  4  4  4  4  4  4  4  4  4  4  4  4  4  3  3  3  3  3  3  3  3  3  3  3  3  3  3  3  3 
    16  4  4  4  4  4  4  4  4  4  4  4  4  4  4  4  4  4  4  3  3  3  3  3  3  3  3  3  3  3  3  3  3  3  3  3  3 
    15  4  4  4  4  4  4  4  4  4  4  4  4  4  4  4  4  4  4  3  3  3  3  3  3  3  3  3  3  3  3  3  3  3  3  3  3 
    14  4  4  4  4  4  4  4  4  4  4  4  4  4  4  4  4  3  3  3  3  3  3  3  3  3  3  3  3  3  3  3  3  3  3  3  3 
    13  4  4  4  4  4  4  4  4  4  4  4  4  4  4  4  4  3  3  3  3  3  3  3  3  3  3  3  3  3  3  3  3  3  3  3  3 
    12  4  4  4  4  4  4  4  4  4  4  4  4  3  3  3  3  3  3  3  3  3  3  3  3  3  3  3  3  3  3  3  3  3  3  3  3 
    11  4  4  4  4  4  4  4  4  4  4  4  4  3  3  3  3  3  3  3  3  3  3  3  3  3  3  3  3  3  3  3  3  3  3  3  3 
    10  3  3  3  3  3  3  3  3  3  3  3  3  3  3  3  3  3  3  3  3  3  3  3  3  3  3  3  3  3  3  3  3  3  3  3  3 
     9  3  3  3  3  3  3  3  3  3  3  3  3  3  3  3  3  3  3  3  3  3  3  3  3  3  3  3  3  3  3  3  3  3  3  3  3 
     8  3  3  3  3  3  3  3  3  3  3  3  3  3  3  3  3  3  3  3  3  3  3  3  3  3  3  3  3  3  3  3  3  3  3  3  3 
     7  3  3  3  3  3  3  3  3  3  3  3  3  3  3  3  3  3  3  3  3  3  3  3  3  3  3  3  3  3  3  3  3  3  3  3  3 
     6  3  3  3  3  3  3  3  3  3  3  3  3  3  3  3  3  3  3  3  3  3  3  3  3  3  3  3  3  3  3  3  3  3  3  3  3 
     5  3  3  3  3  3  3  3  3  3  3  3  3  3  3  3  3  3  3  3  3  3  3  3  3  3  3  3  3  3  3  3  3  3  3  3  3 
     4  3  3  3  3  3  3  3  3  3  3  3  3  3  3  3  3  3  3  3  3  3  3  3  3  3  3  3  3  3  3  3  3  3  3  3  3 
     3  3  3  3  3  3  3  3  3  3  3  3  3  3  3  3  3  3  3  3  3  3  3  3  3  3  3  3  3  3  3  3  3  3  3  3  3 
     2  3  3  3  3  3  3  3  3  3  3  3  3  3  3  3  3  3  3  3  3  3  3  3  3  3  3  3  3  3  3  3  3  3  3  3  3 
     1  3  3  3  3  3  3  3  3  3  3  3  3  3  3  3  3  3  3  3  3  3  3  3  3  3  3  3  3  3  3  3  3  3  3  3  3 
       37 38
    38  3  3 
    37  3  3 
    36  3  3 
    35  3  3 
    34  3  3 
    33  3  3 
    32  3  3 
    31  3  3 
    30  3  3 
    29  3  3 
    28  3  3 
    27  3  3 
    26  3  3 
    25  3  3 
    24  3  3 
    23  3  3 
    22  3  3 
    21  3  3 
    20  3  3 
    19  3  3 
    18  3  3 
    17  3  3 
    16  3  3 
    15  3  3 
    14  3  3 
    13  3  3 
    12  3  3 
    11  3  3 
    10  3  3 
     9  3  3 
     8  3  3 
     7  3  3 
     6  3  3 
     5  3  3 
     4  3  3 
     3  3  3 
     2  3  3 
     1  3  3 
  Planar Region :  2
        1  2  3  4  5  6  7  8  9 10 11 12 13 14 15 16 17 18 19 20 21 22 23 24 25 26 27 28 29 30 31 32 33 34 35 36
    38  4  4  4  4  4  4  4  4  4  4  6  6  6  6  4  4  4  4  6  6  6  6  4  4  4  4  4  4  3  3  3  3  3  3  3  3 
    37  4  4  4  4  4  4  4  4  4  4  6  6  6  6  4  4  4  4  6  6  6  6  4  4  4  4  4  4  3  3  3  3  3  3  3  3 
    36  4  4  4  4  4  4  4  4  4  4  4  4  4  4  4  4  4  4  4  4  4  4  4  4  4  4  4  4  3  3  3  3  3  3  3  3 
    35  4  4  4  4  4  4  4  4  4  4  4  4  4  4  4  4  4  4  4  4  4  4  4  4  4  4  4  4  3  3  3  3  3  3  3  3 
    34  4  4  4  4  4  4  4  4  4  4  4  4  4  4  4  4  4  4  4  4  4  4  4  4  4  4  4  4  3  3  3  3  3  3  3  3 
    33  4  4  4  4  4  4  4  4  4  4  4  4  4  4  4  4  4  4  4  4  4  4  4  4  4  4  4  4  3  3  3  3  3  3  3  3 
    32  4  4  4  4  4  4  4  4  4  4  4  4  4  4  4  4  4  4  4  4  4  4  4  4  4  4  4  4  3  3  3  3  3  3  3  3 
    31  4  4  4  4  4  4  4  4  4  4  4  4  4  4  4  4  4  4  4  4  4  4  4  4  4  4  4  4  3  3  3  3  3  3  3  3 
    30  4  4  4  4  6  6  6  6  4  4  4  4  4  4  4  4  6  6  6  6  4  4  4  4  4  4  4  4  3  3  3  3  3  3  3  3 
    29  4  4  4  4  6  6  6  6  4  4  4  4  4  4  4  4  6  6  6  6  4  4  4  4  4  4  4  4  3  3  3  3  3  3  3  3 
    28  4  4  4  4  6  6  6  6  4  4  4  4  4  4  4  4  6  6  6  6  4  4  4  4  4  4  4  4  3  3  3  3  3  3  3  3 
    27  4  4  4  4  6  6  6  6  4  4  4  4  4  4  4  4  6  6  6  6  4  4  4  4  4  4  4  4  3  3  3  3  3  3  3  3 
    26  4  4  4  4  4  4  4  4  4  4  4  4  4  4  4  4  4  4  4  4  4  4  4  4  4  4  3  3  3  3  3  3  3  3  3  3 
    25  4  4  4  4  4  4  4  4  4  4  4  4  4  4  4  4  4  4  4  4  4  4  4  4  4  4  3  3  3  3  3  3  3  3  3  3 
    24  4  4  4  4  4  4  4  4  4  4  4  4  4  4  4  4  4  4  4  4  4  4  4  4  4  4  3  3  3  3  3  3  3  3  3  3 
    23  4  4  4  4  4  4  4  4  4  4  4  4  4  4  4  4  4  4  4  4  4  4  4  4  4  4  3  3  3  3  3  3  3  3  3  3 
    22  4  4  4  4  4  4  4  4  6  6  6  6  4  4  4  4  4  4  4  4  4  4  4  4  3  3  3  3  3  3  3  3  3  3  3  3 
    21  4  4  4  4  4  4  4  4  6  6  6  6  4  4  4  4  4  4  4  4  4  4  4  4  3  3  3  3  3  3  3  3  3  3  3  3 
    20  6  6  4  4  4  4  4  4  6  6  6  6  4  4  4  4  4  4  4  4  4  4  3  3  3  3  3  3  3  3  3  3  3  3  3  3 
    19  6  6  4  4  4  4  4  4  6  6  6  6  4  4  4  4  4  4  4  4  4  4  3  3  3  3  3  3  3  3  3  3  3  3  3  3 
    18  6  6  4  4  4  4  4  4  4  4  4  4  4  4  4  4  4  4  4  4  3  3  3  3  3  3  3  3  3  3  3  3  3  3  3  3 
    17  6  6  4  4  4  4  4  4  4  4  4  4  4  4  4  4  4  4  4  4  3  3  3  3  3  3  3  3  3  3  3  3  3  3  3  3 
    16  4  4  4  4  4  4  4  4  4  4  4  4  4  4  4  4  4  4  3  3  3  3  3  3  3  3  3  3  3  3  3  3  3  3  3  3 
    15  4  4  4  4  4  4  4  4  4  4  4  4  4  4  4  4  4  4  3  3  3  3  3  3  3  3  3  3  3  3  3  3  3  3  3  3 
    14  4  4  4  4  4  4  4  4  4  4  4  4  4  4  4  4  3  3  3  3  3  3  3  3  3  3  3  3  3  3  3  3  3  3  3  3 
    13  4  4  4  4  4  4  4  4  4  4  4  4  4  4  4  4  3  3  3  3  3  3  3  3  3  3  3  3  3  3  3  3  3  3  3  3 
    12  4  4  4  4  4  4  4  4  4  4  4  4  3  3  3  3  3  3  3  3  3  3  3  3  3  3  3  3  3  3  3  3  3  3  3  3 
    11  4  4  4  4  4  4  4  4  4  4  4  4  3  3  3  3  3  3  3  3  3  3  3  3  3  3  3  3  3  3  3  3  3  3  3  3 
    10  3  3  3  3  3  3  3  3  3  3  3  3  3  3  3  3  3  3  3  3  3  3  3  3  3  3  3  3  3  3  3  3  3  3  3  3 
     9  3  3  3  3  3  3  3  3  3  3  3  3  3  3  3  3  3  3  3  3  3  3  3  3  3  3  3  3  3  3  3  3  3  3  3  3 
     8  3  3  3  3  3  3  3  3  3  3  3  3  3  3  3  3  3  3  3  3  3  3  3  3  3  3  3  3  3  3  3  3  3  3  3  3 
     7  3  3  3  3  3  3  3  3  3  3  3  3  3  3  3  3  3  3  3  3  3  3  3  3  3  3  3  3  3  3  3  3  3  3  3  3 
     6  3  3  3  3  3  3  3  3  3  3  3  3  3  3  3  3  3  3  3  3  3  3  3  3  3  3  3  3  3  3  3  3  3  3  3  3 
     5  3  3  3  3  3  3  3  3  3  3  3  3  3  3  3  3  3  3  3  3  3  3  3  3  3  3  3  3  3  3  3  3  3  3  3  3 
     4  3  3  3  3  3  3  3  3  3  3  3  3  3  3  3  3  3  3  3  3  3  3  3  3  3  3  3  3  3  3  3  3  3  3  3  3 
     3  3  3  3  3  3  3  3  3  3  3  3  3  3  3  3  3  3  3  3  3  3  3  3  3  3  3  3  3  3  3  3  3  3  3  3  3 
     2  3  3  3  3  3  3  3  3  3  3  3  3  3  3  3  3  3  3  3  3  3  3  3  3  3  3  3  3  3  3  3  3  3  3  3  3 
     1  3  3  3  3  3  3  3  3  3  3  3  3  3  3  3  3  3  3  3  3  3  3  3  3  3  3  3  3  3  3  3  3  3  3  3  3 
       37 38
    38  3  3 
    37  3  3 
    36  3  3 
    35  3  3 
    34  3  3 
    33  3  3 
    32  3  3 
    31  3  3 
    30  3  3 
    29  3  3 
    28  3  3 
    27  3  3 
    26  3  3 
    25  3  3 
    24  3  3 
    23  3  3 
    22  3  3 
    21  3  3 
    20  3  3 
    19  3  3 
    18  3  3 
    17  3  3 
    16  3  3 
    15  3  3 
    14  3  3 
    13  3  3 
    12  3  3 
    11  3  3 
    10  3  3 
     9  3  3 
     8  3  3 
     7  3  3 
     6  3  3 
     5  3  3 
     4  3  3 
     3  3  3 
     2  3  3 
     1  3  3 
  Planar Region :  3
        1  2  3  4  5  6  7  8  9 10 11 12 13 14 15 16 17 18 19 20 21 22 23 24 25 26 27 28 29 30 31 32 33 34 35 36
    38  4  4  4  4  4  4  4  4  4  4  6  6  6  6  4  4  4  4  6  6  6  6  4  4  4  4  4  4  3  3  3  3  3  3  3  3 
    37  4  4  4  4  4  4  4  4  4  4  6  6  6  6  4  4  4  4  6  6  6  6  4  4  4  4  4  4  3  3  3  3  3  3  3  3 
    36  4  4  4  4  4  4  4  4  4  4  4  4  4  4  4  4  4  4  4  4  4  4  4  4  4  4  4  4  3  3  3  3  3  3  3  3 
    35  4  4  4  4  4  4  4  4  4  4  4  4  4  4  4  4  4  4  4  4  4  4  4  4  4  4  4  4  3  3  3  3  3  3  3  3 
    34  4  4  4  4  4  4  4  4  4  4  4  4  4  4  4  4  4  4  4  4  4  4  4  4  4  4  4  4  3  3  3  3  3  3  3  3 
    33  4  4  4  4  4  4  4  4  4  4  4  4  4  4  4  4  4  4  4  4  4  4  4  4  4  4  4  4  3  3  3  3  3  3  3  3 
    32  4  4  4  4  4  4  4  4  4  4  4  4  4  4  4  4  4  4  4  4  4  4  4  4  4  4  4  4  3  3  3  3  3  3  3  3 
    31  4  4  4  4  4  4  4  4  4  4  4  4  4  4  4  4  4  4  4  4  4  4  4  4  4  4  4  4  3  3  3  3  3  3  3  3 
    30  4  4  4  4  6  6  6  6  4  4  4  4  4  4  4  4  6  6  6  6  4  4  4  4  4  4  4  4  3  3  3  3  3  3  3  3 
    29  4  4  4  4  6  6  6  6  4  4  4  4  4  4  4  4  6  6  6  6  4  4  4  4  4  4  4  4  3  3  3  3  3  3  3  3 
    28  4  4  4  4  6  6  6  6  4  4  4  4  4  4  4  4  6  6  6  6  4  4  4  4  4  4  4  4  3  3  3  3  3  3  3  3 
    27  4  4  4  4  6  6  6  6  4  4  4  4  4  4  4  4  6  6  6  6  4  4  4  4  4  4  4  4  3  3  3  3  3  3  3  3 
    26  4  4  4  4  4  4  4  4  4  4  4  4  4  4  4  4  4  4  4  4  4  4  4  4  4  4  3  3  3  3  3  3  3  3  3  3 
    25  4  4  4  4  4  4  4  4  4  4  4  4  4  4  4  4  4  4  4  4  4  4  4  4  4  4  3  3  3  3  3  3  3  3  3  3 
    24  4  4  4  4  4  4  4  4  4  4  4  4  4  4  4  4  4  4  4  4  4  4  4  4  4  4  3  3  3  3  3  3  3  3  3  3 
    23  4  4  4  4  4  4  4  4  4  4  4  4  4  4  4  4  4  4  4  4  4  4  4  4  4  4  3  3  3  3  3  3  3  3  3  3 
    22  4  4  4  4  4  4  4  4  6  6  6  6  4  4  4  4  4  4  4  4  4  4  4  4  3  3  3  3  3  3  3  3  3  3  3  3 
    21  4  4  4  4  4  4  4  4  6  6  6  6  4  4  4  4  4  4  4  4  4  4  4  4  3  3  3  3  3  3  3  3  3  3  3  3 
    20  6  6  4  4  4  4  4  4  6  6  6  6  4  4  4  4  4  4  4  4  4  4  3  3  3  3  3  3  3  3  3  3  3  3  3  3 
    19  6  6  4  4  4  4  4  4  6  6  6  6  4  4  4  4  4  4  4  4  4  4  3  3  3  3  3  3  3  3  3  3  3  3  3  3 
    18  6  6  4  4  4  4  4  4  4  4  4  4  4  4  4  4  4  4  4  4  3  3  3  3  3  3  3  3  3  3  3  3  3  3  3  3 
    17  6  6  4  4  4  4  4  4  4  4  4  4  4  4  4  4  4  4  4  4  3  3  3  3  3  3  3  3  3  3  3  3  3  3  3  3 
    16  4  4  4  4  4  4  4  4  4  4  4  4  4  4  4  4  4  4  3  3  3  3  3  3  3  3  3  3  3  3  3  3  3  3  3  3 
    15  4  4  4  4  4  4  4  4  4  4  4  4  4  4  4  4  4  4  3  3  3  3  3  3  3  3  3  3  3  3  3  3  3  3  3  3 
    14  4  4  4  4  4  4  4  4  4  4  4  4  4  4  4  4  3  3  3  3  3  3  3  3  3  3  3  3  3  3  3  3  3  3  3  3 
    13  4  4  4  4  4  4  4  4  4  4  4  4  4  4  4  4  3  3  3  3  3  3  3  3  3  3  3  3  3  3  3  3  3  3  3  3 
    12  4  4  4  4  4  4  4  4  4  4  4  4  3  3  3  3  3  3  3  3  3  3  3  3  3  3  3  3  3  3  3  3  3  3  3  3 
    11  4  4  4  4  4  4  4  4  4  4  4  4  3  3  3  3  3  3  3  3  3  3  3  3  3  3  3  3  3  3  3  3  3  3  3  3 
    10  3  3  3  3  3  3  3  3  3  3  3  3  3  3  3  3  3  3  3  3  3  3  3  3  3  3  3  3  3  3  3  3  3  3  3  3 
     9  3  3  3  3  3  3  3  3  3  3  3  3  3  3  3  3  3  3  3  3  3  3  3  3  3  3  3  3  3  3  3  3  3  3  3  3 
     8  3  3  3  3  3  3  3  3  3  3  3  3  3  3  3  3  3  3  3  3  3  3  3  3  3  3  3  3  3  3  3  3  3  3  3  3 
     7  3  3  3  3  3  3  3  3  3  3  3  3  3  3  3  3  3  3  3  3  3  3  3  3  3  3  3  3  3  3  3  3  3  3  3  3 
     6  3  3  3  3  3  3  3  3  3  3  3  3  3  3  3  3  3  3  3  3  3  3  3  3  3  3  3  3  3  3  3  3  3  3  3  3 
     5  3  3  3  3  3  3  3  3  3  3  3  3  3  3  3  3  3  3  3  3  3  3  3  3  3  3  3  3  3  3  3  3  3  3  3  3 
     4  3  3  3  3  3  3  3  3  3  3  3  3  3  3  3  3  3  3  3  3  3  3  3  3  3  3  3  3  3  3  3  3  3  3  3  3 
     3  3  3  3  3  3  3  3  3  3  3  3  3  3  3  3  3  3  3  3  3  3  3  3  3  3  3  3  3  3  3  3  3  3  3  3  3 
     2  3  3  3  3  3  3  3  3  3  3  3  3  3  3  3  3  3  3  3  3  3  3  3  3  3  3  3  3  3  3  3  3  3  3  3  3 
     1  3  3  3  3  3  3  3  3  3  3  3  3  3  3  3  3  3  3  3  3  3  3  3  3  3  3  3  3  3  3  3  3  3  3  3  3 
       37 38
    38  3  3 
    37  3  3 
    36  3  3 
    35  3  3 
    34  3  3 
    33  3  3 
    32  3  3 
    31  3  3 
    30  3  3 
    29  3  3 
    28  3  3 
    27  3  3 
    26  3  3 
    25  3  3 
    24  3  3 
    23  3  3 
    22  3  3 
    21  3  3 
    20  3  3 
    19  3  3 
    18  3  3 
    17  3  3 
    16  3  3 
    15  3  3 
    14  3  3 
    13  3  3 
    12  3  3 
    11  3  3 
    10  3  3 
     9  3  3 
     8  3  3 
     7  3  3 
     6  3  3 
     5  3  3 
     4  3  3 
     3  3  3 
     2  3  3 
     1  3  3 
  Planar Region :  4
        1  2  3  4  5  6  7  8  9 10 11 12 13 14 15 16 17 18 19 20 21 22 23 24 25 26 27 28 29 30 31 32 33 34 35 36
    38  4  4  4  4  4  4  4  4  4  4  6  6  6  6  4  4  4  4  6  6  6  6  4  4  4  4  4  4  3  3  3  3  3  3  3  3 
    37  4  4  4  4  4  4  4  4  4  4  6  6  6  6  4  4  4  4  6  6  6  6  4  4  4  4  4  4  3  3  3  3  3  3  3  3 
    36  4  4  4  4  4  4  4  4  4  4  4  4  4  4  4  4  4  4  4  4  4  4  4  4  4  4  4  4  3  3  3  3  3  3  3  3 
    35  4  4  4  4  4  4  4  4  4  4  4  4  4  4  4  4  4  4  4  4  4  4  4  4  4  4  4  4  3  3  3  3  3  3  3  3 
    34  4  4  4  4  4  4  4  4  4  4  4  4  4  4  4  4  4  4  4  4  4  4  4  4  4  4  4  4  3  3  3  3  3  3  3  3 
    33  4  4  4  4  4  4  4  4  4  4  4  4  4  4  4  4  4  4  4  4  4  4  4  4  4  4  4  4  3  3  3  3  3  3  3  3 
    32  4  4  4  4  4  4  4  4  4  4  4  4  4  4  4  4  4  4  4  4  4  4  4  4  4  4  4  4  3  3  3  3  3  3  3  3 
    31  4  4  4  4  4  4  4  4  4  4  4  4  4  4  4  4  4  4  4  4  4  4  4  4  4  4  4  4  3  3  3  3  3  3  3  3 
    30  4  4  4  4  6  6  6  6  4  4  4  4  4  4  4  4  6  6  6  6  4  4  4  4  4  4  4  4  3  3  3  3  3  3  3  3 
    29  4  4  4  4  6  6  6  6  4  4  4  4  4  4  4  4  6  6  6  6  4  4  4  4  4  4  4  4  3  3  3  3  3  3  3  3 
    28  4  4  4  4  6  6  6  6  4  4  4  4  4  4  4  4  6  6  6  6  4  4  4  4  4  4  4  4  3  3  3  3  3  3  3  3 
    27  4  4  4  4  6  6  6  6  4  4  4  4  4  4  4  4  6  6  6  6  4  4  4  4  4  4  4  4  3  3  3  3  3  3  3  3 
    26  4  4  4  4  4  4  4  4  4  4  4  4  4  4  4  4  4  4  4  4  4  4  4  4  4  4  3  3  3  3  3  3  3  3  3  3 
    25  4  4  4  4  4  4  4  4  4  4  4  4  4  4  4  4  4  4  4  4  4  4  4  4  4  4  3  3  3  3  3  3  3  3  3  3 
    24  4  4  4  4  4  4  4  4  4  4  4  4  4  4  4  4  4  4  4  4  4  4  4  4  4  4  3  3  3  3  3  3  3  3  3  3 
    23  4  4  4  4  4  4  4  4  4  4  4  4  4  4  4  4  4  4  4  4  4  4  4  4  4  4  3  3  3  3  3  3  3  3  3  3 
    22  4  4  4  4  4  4  4  4  6  6  6  6  4  4  4  4  4  4  4  4  4  4  4  4  3  3  3  3  3  3  3  3  3  3  3  3 
    21  4  4  4  4  4  4  4  4  6  6  6  6  4  4  4  4  4  4  4  4  4  4  4  4  3  3  3  3  3  3  3  3  3  3  3  3 
    20  6  6  4  4  4  4  4  4  6  6  6  6  4  4  4  4  4  4  4  4  4  4  3  3  3  3  3  3  3  3  3  3  3  3  3  3 
    19  6  6  4  4  4  4  4  4  6  6  6  6  4  4  4  4  4  4  4  4  4  4  3  3  3  3  3  3  3  3  3  3  3  3  3  3 
    18  6  6  4  4  4  4  4  4  4  4  4  4  4  4  4  4  4  4  4  4  3  3  3  3  3  3  3  3  3  3  3  3  3  3  3  3 
    17  6  6  4  4  4  4  4  4  4  4  4  4  4  4  4  4  4  4  4  4  3  3  3  3  3  3  3  3  3  3  3  3  3  3  3  3 
    16  4  4  4  4  4  4  4  4  4  4  4  4  4  4  4  4  4  4  3  3  3  3  3  3  3  3  3  3  3  3  3  3  3  3  3  3 
    15  4  4  4  4  4  4  4  4  4  4  4  4  4  4  4  4  4  4  3  3  3  3  3  3  3  3  3  3  3  3  3  3  3  3  3  3 
    14  4  4  4  4  4  4  4  4  4  4  4  4  4  4  4  4  3  3  3  3  3  3  3  3  3  3  3  3  3  3  3  3  3  3  3  3 
    13  4  4  4  4  4  4  4  4  4  4  4  4  4  4  4  4  3  3  3  3  3  3  3  3  3  3  3  3  3  3  3  3  3  3  3  3 
    12  4  4  4  4  4  4  4  4  4  4  4  4  3  3  3  3  3  3  3  3  3  3  3  3  3  3  3  3  3  3  3  3  3  3  3  3 
    11  4  4  4  4  4  4  4  4  4  4  4  4  3  3  3  3  3  3  3  3  3  3  3  3  3  3  3  3  3  3  3  3  3  3  3  3 
    10  3  3  3  3  3  3  3  3  3  3  3  3  3  3  3  3  3  3  3  3  3  3  3  3  3  3  3  3  3  3  3  3  3  3  3  3 
     9  3  3  3  3  3  3  3  3  3  3  3  3  3  3  3  3  3  3  3  3  3  3  3  3  3  3  3  3  3  3  3  3  3  3  3  3 
     8  3  3  3  3  3  3  3  3  3  3  3  3  3  3  3  3  3  3  3  3  3  3  3  3  3  3  3  3  3  3  3  3  3  3  3  3 
     7  3  3  3  3  3  3  3  3  3  3  3  3  3  3  3  3  3  3  3  3  3  3  3  3  3  3  3  3  3  3  3  3  3  3  3  3 
     6  3  3  3  3  3  3  3  3  3  3  3  3  3  3  3  3  3  3  3  3  3  3  3  3  3  3  3  3  3  3  3  3  3  3  3  3 
     5  3  3  3  3  3  3  3  3  3  3  3  3  3  3  3  3  3  3  3  3  3  3  3  3  3  3  3  3  3  3  3  3  3  3  3  3 
     4  3  3  3  3  3  3  3  3  3  3  3  3  3  3  3  3  3  3  3  3  3  3  3  3  3  3  3  3  3  3  3  3  3  3  3  3 
     3  3  3  3  3  3  3  3  3  3  3  3  3  3  3  3  3  3  3  3  3  3  3  3  3  3  3  3  3  3  3  3  3  3  3  3  3 
     2  3  3  3  3  3  3  3  3  3  3  3  3  3  3  3  3  3  3  3  3  3  3  3  3  3  3  3  3  3  3  3  3  3  3  3  3 
     1  3  3  3  3  3  3  3  3  3  3  3  3  3  3  3  3  3  3  3  3  3  3  3  3  3  3  3  3  3  3  3  3  3  3  3  3 
       37 38
    38  3  3 
    37  3  3 
    36  3  3 
    35  3  3 
    34  3  3 
    33  3  3 
    32  3  3 
    31  3  3 
    30  3  3 
    29  3  3 
    28  3  3 
    27  3  3 
    26  3  3 
    25  3  3 
    24  3  3 
    23  3  3 
    22  3  3 
    21  3  3 
    20  3  3 
    19  3  3 
    18  3  3 
    17  3  3 
    16  3  3 
    15  3  3 
    14  3  3 
    13  3  3 
    12  3  3 
    11  3  3 
    10  3  3 
     9  3  3 
     8  3  3 
     7  3  3 
     6  3  3 
     5  3  3 
     4  3  3 
     3  3  3 
     2  3  3 
     1  3  3 

  Planar Region Assignment to Planes.
 -------------------------------------
   Plane Number     Planar Region    Delta-z
       18 (Top)            3          10.00
       17                  3          10.00
       16                  3          10.00
       15                  3          10.00
       14                  2           9.50
       13                  2           9.50
       12                  2           9.50
       11                  2           9.50
       10                  2           9.50
        9                  1           9.50
        8                  1           9.50
        7                  1           9.50
        6                  1           9.50
        5                  1           9.50
        4                  4          10.00
        3                  4          10.00
        2                  4          10.00
        1 (Bottom)         4          10.00

   Boundary Conditions
   -------------------
  X-Directed West   : Reflective
  X-Directed East   : Zero Incoming Current
  Y-Directed North  : Reflective
  Y-Directed South  : Zero Incoming Current
  Z-Directed Bottom : Zero Incoming Current
  Z-Directed Top    : Zero Incoming Current

  ...Core Geometry is Sucessfully Read...
     ---------------------------------


  ================================================================================================
                                        Calculation Results
  ================================================================================================

   Iteration    Keff     FissSrc Error   Inner Error
  ----------------------------------------------------
       1       3.241237    7.28170E-01    7.89357E-01
       2       2.696558    1.62123E+00    1.73972E+00
       3       2.299312    9.62304E-01    1.05208E+00
       4       2.007975    7.45552E-01    8.42056E-01
     ...Fission Source Extrapolated...
       5       1.145846    1.53367E+05    7.18733E-01
       6       1.629795    2.38384E+00    9.03210E-01
       7       1.502570    4.24678E-01    5.22426E-01
       8       1.403530    3.73515E-01    4.66539E-01
       9       1.325457    3.35446E-01    4.25472E-01
     ...Fission Source Extrapolated...
      10       1.021667    7.25537E+03    3.85330E-01
      11       1.215391    1.23967E+00    5.91524E-01
      12       1.175084    2.37730E-01    2.92919E-01
      13       1.142174    2.10616E-01    2.39863E-01
      14       1.115162    1.96051E-01    2.16412E-01
     ...Fission Source Extrapolated...
      15       0.987024    8.60719E+00    1.99617E-01
      16       1.075239    8.46212E-01    4.25232E-01
      17       1.059995    1.63358E-01    1.73345E-01
      18       1.047195    1.47314E-01    1.67954E-01
      19       1.036464    1.43229E-01    1.63017E-01
     ...Fission Source Extrapolated...
      20       0.939456    8.68778E+04    1.58458E-01
      21       1.020716    1.44540E+00    6.18447E-01
      22       1.014688    1.31213E-01    1.50300E-01
      23       1.009526    1.14402E-01    1.46581E-01
      24       1.005151    1.13696E-01    1.43054E-01
     ...Fission Source Extrapolated...
      25       0.910656    8.72138E+03    1.39693E-01
      26       0.999305    3.33457E+00    2.31186E+00
      27       0.997437    1.17649E-01    2.30327E-01
      28       0.995745    8.22970E-02    2.28229E-01
      29       0.994245    8.31893E-02    1.27779E-01
     ...Fission Source Extrapolated...
      30       1.142925    1.38182E+03    1.25024E-01
      31       0.990935    7.59516E+00    6.72147E-01
      32       0.988147    2.14324E-01    3.02618E-01
      33       0.986211    1.66246E-01    2.67858E-01
      34       0.985006    1.58060E-01    2.22985E-01
     ...Fission Source Extrapolated...
      35       0.979670    2.76470E+02    2.08760E-01
      36       0.983986    1.00515E+00    3.78495E-01
      37       0.983939    1.28323E-01    1.70411E-01
      38       0.984044    1.11766E-01    1.37625E-01
      39       0.984237    1.02441E-01    1.20003E-01
     ...Fission Source Extrapolated...
      40       0.989139    2.08828E+04    1.06659E-01
      41       0.984872    1.74902E+00    4.85335E-01
      42       0.985521    7.58077E-02    9.35719E-02
      43       0.986173    6.22389E-02    9.11064E-02
      44       0.986779    6.09058E-02    8.86351E-02
     ...Fission Source Extrapolated...
      45       1.026597    1.62044E+04    8.61550E-02
      46       0.987589    4.97992E+00    2.28162E+00
      47       0.988844    9.14199E-02    2.38445E-01
      48       0.989996    4.47332E-02    2.46908E-01
      49       0.990919    2.90373E-02    1.55442E-01
     ...Fission Source Extrapolated...
      50       0.957044    5.54481E-01    1.06299E-01
      51       0.992802    1.25329E+00    2.31654E-01
      52       0.993230    4.62084E-02    8.18884E-02
      53       0.993676    4.92741E-02    6.64361E-02
      54       0.994191    4.72529E-02    6.39275E-02
     ...Fission Source Extrapolated...
      55       1.002647    2.38338E+00    6.14393E-02
      56       0.995138    6.64481E-01    1.57712E-01
      57       0.995765    3.98375E-02    5.65877E-02
      58       0.996389    3.47464E-02    5.42137E-02
      59       0.996972    3.36861E-02    5.18862E-02
     ...Fission Source Extrapolated...
      60       1.026715    4.37368E+04    4.96116E-02
      61       0.997752    1.77523E+00    3.44832E-01
      62       0.998497    3.14460E-02    4.53279E-02
      63       0.999229    1.68548E-02    4.54785E-02
      64       0.999854    1.52816E-02    4.12548E-02
     ...Fission Source Extrapolated...
      65       0.401449    1.52891E+04    3.93069E-02
      66       1.014508    5.37210E+00    1.60689E+03
      67       1.007192    8.91796E-01    6.41809E+00
      68       1.000556    3.16688E-01    1.00000E+00
      69       0.996902    1.77057E-01    5.21718E-01
     ...Fission Source Extrapolated...
      70       0.987772    1.30497E+00    2.93301E-01
      71       0.992613    3.85188E-01    2.61429E-01
      72       0.991479    1.22740E-01    1.85353E-01
      73       0.990765    1.10605E-01    1.70496E-01
      74       0.990316    1.09283E-01    1.59747E-01
     ...Fission Source Extrapolated...
      75       0.988318    2.96247E+00    1.52238E-01
      76       0.989860    6.86593E-01    1.98011E-01
      77       0.989963    4.49688E-02    6.54267E-02
      78       0.990175    3.20774E-02    4.52234E-02
      79       0.990421    2.74891E-02    4.22293E-02
     ...Fission Source Extrapolated...
      80       0.995826    9.15486E-01    3.96713E-02
      81       0.990693    4.35180E-01    8.93443E-02
      82       0.991191    2.20750E-02    3.50962E-02
      83       0.991729    1.99483E-02    2.82845E-02
      84       0.992220    1.82260E-02    2.59605E-02
     ...Fission Source Extrapolated...
      85       0.157743    3.52966E+03    2.33113E-02
      86       1.759632    4.81426E+04    1.33898E+03
      87       1.598893    2.87335E+02    3.53351E+02
      88       1.427606    5.74867E+00    1.50591E+02
      89       1.328653    1.24818E+00    9.93091E+01
     ...Fission Source Extrapolated...
      90       1.240985    3.59344E+03    3.16744E+01
      91       1.480436    5.40041E+00    1.27163E+06
      92       1.585254    6.79375E-01    1.00000E+00
      93       1.597447    5.97957E-01    1.00000E+00
      94       1.522133    4.84093E-01    1.00000E+00
     ...Fission Source Extrapolated...
      95       1.231949    2.01153E+00    1.00000E+00
      96       1.406745    8.91851E-01    1.00000E+00
      97       1.361729    2.91510E-01    7.20464E-01
      98       1.323557    1.64291E-01    3.23234E-01
      99       1.290480    1.11814E-01    1.95935E-01
     ...Fission Source Extrapolated...
     100       1.071065    1.91858E+00    1.62470E-01
     101       1.236648    5.85679E-01    1.72403E-01
     102       1.214322    6.98186E-02    1.44898E-01
     103       1.194891    5.97462E-02    1.36105E-01
     104       1.177595    5.08976E-02    1.32769E-01
     ...Fission Source Extrapolated...
     105       1.034355    6.71703E-01    1.28298E-01
     106       1.148292    3.42939E-01    1.22925E-01
     107       1.135880    3.32265E-02    1.16747E-01
     108       1.124888    2.76321E-02    1.09897E-01
     109       1.114946    2.34077E-02    1.02533E-01
     ...Fission Source Extrapolated...
     110       1.019897    3.07946E-01    9.48253E-02
     111       1.097652    1.95595E-01    8.70041E-02
     112       1.090281    2.98912E-02    7.91872E-02
     113       1.083678    2.20428E-02    7.15054E-02
     114       1.077638    1.92752E-02    6.40835E-02
     ...Fission Source Extrapolated...
     115       1.013331    2.73610E-01    5.70272E-02
     116       1.066920    1.80198E-01    5.04428E-02
     117       1.062356    2.70442E-02    4.43597E-02
     118       1.058235    1.96186E-02    3.87995E-02
     119       1.054432    1.72508E-02    3.37706E-02
     ...Fission Source Extrapolated...
     120       1.010034    2.57173E-01    2.92654E-02
     121       1.047571    1.74419E-01    4.47962E-02
     122       1.044665    2.37375E-02    2.50616E-02
     123       1.042031    1.70199E-02    2.33225E-02
     124       1.039581    1.54198E-02    2.29563E-02
     ...Fission Source Extrapolated...
     125       1.006573    2.79392E-01    2.25931E-02
     126       1.035089    1.89159E-01    4.13676E-02
     127       1.033214    2.13105E-02    2.27671E-02
     128       1.031514    1.49687E-02    2.17361E-02
     129       1.029921    1.50381E-02    2.14805E-02
     ...Fission Source Extrapolated...
     130       0.999769    4.37138E-01    2.12556E-02
     131       1.026917    2.74068E-01    4.83472E-02
     132       1.025716    2.22212E-02    2.45577E-02
     133       1.024637    1.45126E-02    2.07062E-02
     134       1.023611    1.47388E-02    2.05227E-02
     ...Fission Source Extrapolated...
     135       0.986601    1.36165E+00    2.03956E-02
     136       1.021523    5.52649E-01    9.23486E-02
     137       1.020800    3.07479E-02    3.56751E-02
     138       1.020171    1.77751E-02    2.03263E-02
     139       1.019546    1.27029E-02    2.00720E-02
     ...Fission Source Extrapolated...
     140       0.971879    1.04959E+04    1.99136E-02
     141       1.018016    1.05531E+00    1.72892E-01
     142       1.017655    4.80466E-02    5.75964E-02
     143       1.017372    2.56269E-02    3.12952E-02
     144       1.017038    1.50461E-02    1.91863E-02
     ...Fission Source Extrapolated...
     145       1.028907    2.91548E-01    1.89985E-02
     146       1.016494    4.10464E-01    4.81509E-02
     147       1.016149    1.52315E-02    2.00782E-02
     148       1.015820    1.35128E-02    1.83532E-02
     149       1.015535    1.34027E-02    1.80577E-02
     ...Fission Source Extrapolated...
     150       1.010139    3.75490E-01    1.77303E-02
     151       1.014976    2.44152E-01    4.40403E-02
     152       1.014786    1.19460E-02    1.70080E-02
     153       1.014627    1.09095E-02    1.66103E-02
     154       1.014472    1.06636E-02    1.61952E-02
     ...Fission Source Extrapolated...
     155       0.983300    1.64163E+04    1.57665E-02
     156       1.013687    2.38374E+00    4.23016E-01
     157       1.013760    6.09364E-02    7.42592E-02
     158       1.013925    3.12324E-02    6.36230E-02
     159       1.013979    1.72950E-02    4.94772E-02
     ...Fission Source Extrapolated...
     160       1.014019    2.90645E-02    3.82544E-02
     161       1.014000    9.96697E-03    2.83527E-02
     162       1.013993    6.13115E-03    1.79552E-02
     163       1.013980    4.73288E-03    1.34420E-02
     164       1.013964    4.85610E-03    1.19126E-02
     ...Fission Source Extrapolated...
     165       1.014337    1.05177E-01    1.14565E-02
     166       1.013957    1.23576E-01    1.45081E-02
     167       1.013934    6.11567E-03    1.05511E-02
     168       1.013911    6.53161E-03    1.01113E-02
     169       1.013894    6.47622E-03    9.68418E-03
     ...Fission Source Extrapolated...
     170       1.013518    2.13886E-01    9.27150E-03
     171       1.013846    1.58898E-01    2.63038E-02
     172       1.013845    5.11010E-03    8.50336E-03
     173       1.013851    3.73647E-03    8.14007E-03
     174       1.013855    3.53188E-03    7.79017E-03
     ...Fission Source Extrapolated...
     175       1.013565    2.44076E-01    7.45261E-03
     176       1.013917    3.12086E-01    3.90377E-02
     177       1.013904    6.83973E-03    9.05420E-03
     178       1.013878    6.16327E-03    8.09374E-03
     179       1.013867    5.78713E-03    6.57928E-03
     ...Fission Source Extrapolated...
     180       1.013815    5.46938E-02    6.24693E-03
     181       1.013853    3.90748E-02    1.10725E-02
     182       1.013856    4.34874E-03    5.32179E-03
     183       1.013862    3.84796E-03    5.05600E-03
     184       1.013868    3.62349E-03    4.79916E-03
     ...Fission Source Extrapolated...
     185       1.014063    9.74698E-02    4.55134E-03
     186       1.013871    7.83365E-02    1.27073E-02
     187       1.013883    2.15800E-03    4.08705E-03
     188       1.013899    1.82813E-03    3.86654E-03
     189       1.013913    1.81221E-03    3.65420E-03
     ...Fission Source Extrapolated...
     190       1.009792    3.64579E-01    3.45013E-03
     191       1.014066    5.37024E-01    6.51882E-02
     192       1.014046    1.32687E-02    1.60747E-02
     193       1.013996    7.15988E-03    1.42966E-02
     194       1.013975    6.83110E-03    1.13403E-02
     ...Fission Source Extrapolated...
     195       1.013903    3.86208E-02    1.04142E-02
     196       1.013952    2.40626E-02    1.19370E-02
     197       1.013950    4.06516E-03    6.17469E-03
     198       1.013952    3.41552E-03    5.03048E-03
     199       1.013956    3.04282E-03    4.40385E-03
     ...Fission Source Extrapolated...
     200       1.014028    3.98440E-02    3.74792E-03
     201       1.013961    3.18843E-02    6.40081E-03
     202       1.013969    1.06645E-03    1.59651E-03
     203       1.013980    9.15179E-04    1.49960E-03
     204       1.013990    9.39230E-04    1.40811E-03
     ...Fission Source Extrapolated...
     205       1.014397    3.96638E-02    1.32160E-03
     206       1.013996    3.45877E-02    5.51936E-03
     207       1.014010    1.54419E-03    1.79951E-03
     208       1.014027    9.58129E-04    1.14187E-03
     209       1.014042    6.60980E-04    1.02455E-03
     ...Fission Source Extrapolated...
     210       1.013381    2.77747E-02    9.60451E-04
     211       1.014081    2.83023E-02    3.24215E-03
     212       1.014091    1.35557E-03    1.68839E-03
     213       1.014097    7.71385E-04    1.04075E-03
     214       1.014106    7.62550E-04    9.12225E-04
     ...Fission Source Extrapolated...
     215       1.014256    1.14506E-02    8.54188E-04
     216       1.014121    9.32977E-03    1.96736E-03
     217       1.014132    6.26546E-04    7.20904E-04
     218       1.014144    4.59370E-04    5.88711E-04
     219       1.014155    4.54705E-04    5.59146E-04
     ...Fission Source Extrapolated...
     220       1.014752    2.41110E-02    5.32624E-04
     221       1.014167    2.13320E-02    3.06748E-03
     222       1.014180    1.25307E-03    1.46852E-03
     223       1.014195    7.62659E-04    9.14676E-04
     224       1.014208    5.06343E-04    6.15475E-04
     ...Fission Source Extrapolated...
     225       1.013903    1.06045E-02    5.06550E-04
     226       1.014235    1.08716E-02    9.98448E-04
     227       1.014245    4.45539E-04    5.80367E-04
     228       1.014254    3.36622E-04    3.95607E-04
     229       1.014264    3.28182E-04    3.83812E-04
     ...Fission Source Extrapolated...
     230       1.014520    9.12376E-03    3.72727E-04
     231       1.014278    7.96667E-03    1.38779E-03
     232       1.014288    5.10624E-04    5.85230E-04
     233       1.014298    3.38782E-04    3.93586E-04
     234       1.014307    2.59005E-04    3.34792E-04
     ...Fission Source Extrapolated...
     235       1.011651    6.54203E-02    3.26356E-04
     236       1.014353    6.68358E-02    8.84832E-03
     237       1.014356    3.59294E-03    4.35960E-03
     238       1.014350    2.02588E-03    2.57752E-03
     239       1.014351    1.10758E-03    1.51218E-03
     ...Fission Source Extrapolated...
     240       1.014362    5.07219E-03    1.14428E-03
     241       1.014354    3.89166E-03    1.05910E-03
     242       1.014358    4.84172E-04    7.52259E-04
     243       1.014362    4.22421E-04    6.49222E-04
     244       1.014367    3.90741E-04    5.83004E-04
     ...Fission Source Extrapolated...
     245       1.014435    5.99780E-03    5.49280E-04
     246       1.014374    4.96437E-03    9.73755E-04
     247       1.014379    3.06563E-04    4.13667E-04
     248       1.014384    2.46415E-04    3.23773E-04
     249       1.014389    2.20341E-04    3.00804E-04
     ...Fission Source Extrapolated...
     250       1.014598    9.05393E-03    2.79933E-04
     251       1.014395    8.10631E-03    1.20724E-03
     252       1.014400    4.81577E-04    6.06728E-04
     253       1.014407    3.06697E-04    3.67568E-04
     254       1.014412    2.09748E-04    2.57120E-04
     ...Fission Source Extrapolated...
     255       1.014206    7.04770E-03    2.13400E-04
     256       1.014424    7.04178E-03    7.86923E-04
     257       1.014429    3.31827E-04    4.15409E-04
     258       1.014432    1.84943E-04    2.52739E-04
     259       1.014436    1.56585E-04    1.90796E-04
     ...Fission Source Extrapolated...
     260       1.014509    2.83367E-03    1.79908E-04
     261       1.014443    2.37496E-03    4.73028E-04
     262       1.014446    2.03075E-04    2.51945E-04
     263       1.014451    1.45160E-04    1.68216E-04
     264       1.014455    1.17507E-04    1.36817E-04
     ...Fission Source Extrapolated...
     265       1.014777    9.27492E-03    1.25830E-04
     266       1.014459    8.56570E-03    1.39173E-03
     267       1.014463    5.58793E-04    6.71512E-04
     268       1.014468    3.37884E-04    4.11616E-04
     269       1.014473    2.12773E-04    2.67247E-04
     ...Fission Source Extrapolated...
     270       1.014429    1.84442E-03    2.13428E-04
     271       1.014481    2.01840E-03    1.41532E-04
     272       1.014484    8.99690E-05    1.04628E-04
     273       1.014488    8.44765E-05    9.41249E-05
     274       1.014491    8.05230E-05    9.27776E-05
     ...Fission Source Extrapolated...
     275       1.014832    8.62604E-03    9.14633E-05
     276       1.014494    7.98673E-03    1.24678E-03
     277       1.014497    4.91770E-04    5.83778E-04
     278       1.014502    3.00266E-04    3.72711E-04
     279       1.014505    2.01075E-04    2.56781E-04
     ...Fission Source Extrapolated...
     280       1.014452    2.87626E-03    2.20243E-04
     281       1.014512    3.00839E-03    1.28639E-04
     282       1.014514    1.03272E-04    1.22118E-04
     283       1.014517    7.75075E-05    8.41706E-05
     284       1.014520    7.34990E-05    8.17056E-05
     ...Fission Source Extrapolated...
     285       1.014854    9.37307E-03    8.03725E-05
     286       1.014522    8.68070E-03    9.99875E-04
     287       1.014525    3.99429E-04    4.75383E-04
     288       1.014528    2.39940E-04    2.99515E-04
     289       1.014530    1.58229E-04    2.03542E-04
     ...Fission Source Extrapolated...
     290       1.014595    3.78041E-03    1.74899E-04
     291       1.014535    3.40739E-03    3.14378E-04
     292       1.014537    1.07254E-04    1.50194E-04
     293       1.014539    8.03916E-05    1.13849E-04
     294       1.014541    6.33829E-05    7.96474E-05
     ...Fission Source Extrapolated...
     295       1.014456    2.60254E-03    6.75676E-05
     296       1.014545    2.56882E-03    2.58927E-04
     297       1.014546    8.26436E-05    1.07283E-04
     298       1.014548    7.07677E-05    9.10930E-05
     299       1.014549    6.67021E-05    8.11718E-05
     ...Fission Source Extrapolated...
     300       1.014572    1.12690E-03    7.92601E-05
     301       1.014552    9.32837E-04    1.92275E-04
     302       1.014553    4.58378E-05    5.66721E-05
     303       1.014554    3.68295E-05    5.52128E-05
     304       1.014556    3.48046E-05    5.37488E-05
     ...Fission Source Extrapolated...
     305       1.014631    2.16110E-03    5.22720E-05
     306       1.014557    1.98374E-03    2.68572E-04
     307       1.014558    8.84542E-05    1.16604E-04
     308       1.014560    5.19110E-05    6.30278E-05
     309       1.014561    3.39240E-05    4.63248E-05
     ...Fission Source Extrapolated...
     310       1.014543    5.04691E-04    4.47644E-05
     311       1.014563    5.23517E-04    4.78309E-05
     312       1.014563    2.48260E-05    4.15747E-05
     313       1.014564    2.62281E-05    3.99811E-05
     314       1.014565    2.58667E-05    3.83976E-05
     ...Fission Source Extrapolated...
     315       1.014598    1.10993E-03    3.68322E-05
     316       1.014566    1.00552E-03    1.52485E-04
     317       1.014567    4.16720E-05    5.54589E-05
     318       1.014568    2.64495E-05    3.24229E-05
     319       1.014568    1.90616E-05    3.10292E-05
     ...Fission Source Extrapolated...
     320       1.014538    8.04888E-04    2.96843E-05
     321       1.014570    7.94159E-04    9.00670E-05
     322       1.014570    3.28360E-05    4.13117E-05
     323       1.014571    1.96579E-05    2.58933E-05
     324       1.014571    1.82704E-05    2.47402E-05
     ...Fission Source Extrapolated...
     325       1.014580    3.05575E-04    2.36383E-05
     326       1.014572    2.56822E-04    4.91571E-05
     327       1.014573    1.62826E-05    2.21537E-05
     328       1.014573    1.46188E-05    2.06513E-05
     329       1.014574    1.44709E-05    1.97495E-05
     ...Fission Source Extrapolated...
     330       1.014601    9.48823E-04    1.88940E-05
     331       1.014574    8.73470E-04    1.21778E-04
     332       1.014575    3.87779E-05    5.40300E-05
     333       1.014575    2.30428E-05    2.81610E-05
     334       1.014575    1.50816E-05    1.86809E-05
     ...Fission Source Extrapolated...
     335       1.014570    1.83873E-04    1.52864E-05
     336       1.014576    1.94004E-04    1.56543E-05
     337       1.014576    8.39018E-06    1.40358E-05
     338       1.014577    8.85047E-06    1.34515E-05
     339       1.014577    8.79019E-06    1.28931E-05
     ...Fission Source Extrapolated...
     340       1.014592    4.77300E-04    1.23597E-05
     341       1.014577    4.36664E-04    6.46080E-05
     342       1.014578    2.21033E-05    3.02687E-05
     343       1.014578    1.39217E-05    1.68197E-05
     344       1.014578    9.81207E-06    1.19817E-05
     ...Fission Source Extrapolated...
     345       1.014572    2.16097E-04    1.03560E-05
     346       1.014579    2.19327E-04    1.80230E-05
     347       1.014579    7.76576E-06    1.01255E-05
     348       1.014579    6.26368E-06    9.01567E-06

 ***********************************************
Effective Factor Multiplication : Keff = 1.014579
 ***********************************************


     Radial Power Distribution
   ==============================
           1       2       3       4       5       6       7       8       9      10      11      12
    19   2.909   2.880   2.824   2.741   2.634   0.000   0.000   2.286   2.089   0.000   0.000   2.291
    18   2.881   2.852   2.798   2.720   2.624   2.520   2.407   2.268   2.108   2.680   2.493   2.311
    17   2.825   2.796   2.744   2.674   2.589   2.487   2.369   2.233   2.091   2.693   2.511   2.306
    16   2.747   2.716   2.663   2.603   2.531   2.434   2.313   2.165   2.010   2.598   2.450   2.256
    15   2.653   2.623   0.000   0.000   2.461   2.364   2.241   2.075   0.000   0.000   2.348   2.174
    14   2.548   2.526   0.000   0.000   2.373   2.278   2.167   2.014   0.000   0.000   2.259   2.076
    13   2.427   2.411   2.383   2.328   2.248   2.168   2.084   2.714   2.527   2.354   2.180   1.964
    12   2.280   2.271   2.239   2.170   2.078   2.014   2.715   2.615   2.463   2.279   2.068   1.828
    11   2.094   2.113   2.096   2.013   0.000   0.000   2.527   2.463   2.324   2.135   1.911   1.665
    10   0.000   2.688   2.699   2.602   0.000   0.000   2.355   2.279   2.135   1.942   1.719   0.198
     9   0.000   2.501   2.517   2.454   2.350   2.261   2.181   2.069   1.912   1.719   0.203   0.138
     8   2.298   2.318   2.311   2.260   2.177   2.078   1.965   1.829   1.665   0.198   0.138   0.094
     7   2.086   2.081   2.058   2.007   1.927   1.828   1.710   1.563   0.185   0.131   0.092   0.064
     6   1.805   1.793   1.764   1.712   1.636   1.537   0.196   0.157   0.118   0.085   0.061   0.044
     5   0.192   0.190   0.186   0.179   0.167   0.148   0.120   0.095   0.073   0.055   0.040   0.030
     4   0.111   0.110   0.107   0.102   0.095   0.084   0.071   0.058   0.045   0.035   0.026   0.020
     3   0.065   0.064   0.062   0.059   0.055   0.049   0.042   0.035   0.028   0.022   0.017   0.013
     2   0.037   0.036   0.035   0.033   0.031   0.028   0.024   0.020   0.017   0.013   0.010   0.008
     1   0.024   0.024   0.023   0.022   0.020   0.018   0.016   0.013   0.011   0.009   0.007   0.006

          13      14      15      16      17      18      19
    19   2.080   1.799   0.191   0.111   0.064   0.037   0.024
    18   2.076   1.788   0.189   0.110   0.064   0.036   0.024
    17   2.053   1.760   0.186   0.107   0.062   0.035   0.023
    16   2.003   1.709   0.179   0.102   0.059   0.033   0.022
    15   1.924   1.633   0.167   0.095   0.055   0.031   0.020
    14   1.825   1.535   0.147   0.084   0.049   0.028   0.018
    13   1.708   0.196   0.120   0.071   0.042   0.024   0.016
    12   1.562   0.157   0.095   0.057   0.035   0.020   0.013
    11   0.185   0.118   0.073   0.045   0.028   0.017   0.011
    10   0.131   0.085   0.055   0.035   0.022   0.013   0.009
     9   0.092   0.061   0.040   0.026   0.017   0.010   0.007
     8   0.064   0.044   0.030   0.020   0.013   0.008   0.005
     7   0.045   0.031   0.021   0.015   0.010   0.006   0.004
     6   0.031   0.022   0.015   0.011   0.007   0.005   0.003
     5   0.021   0.015   0.011   0.008   0.005   0.003   0.002
     4   0.015   0.011   0.008   0.005   0.004   0.002   0.002
     3   0.010   0.007   0.005   0.004   0.003   0.002   0.001
     2   0.006   0.005   0.003   0.002   0.002   0.001   0.001
     1   0.004   0.003   0.002   0.002   0.001   0.001   0.001

   MAX POS.       Maximum Value
  ( 19,  1)          2.909


     Axial Power Density Distribution
   ====================================

     Plane Number        Power      Height
    -----------------------------------------
        18  (Top)        0.004      175.00
        17               0.012      165.00
        16               0.029      155.00
        15               0.067      145.00
        14               0.963      135.00
        13               1.300      125.50
        12               1.611      116.00
        11               1.878      106.50
        10               2.095       97.00
         9               2.238       87.50
         8               2.244       78.00
         7               2.100       68.50
         6               1.823       59.00
         5               1.453       49.50
         4               0.103       40.00
         3               0.048       30.00
         2               0.022       20.00
         1  (Bottom)     0.008       10.00

   MAX POS.       Maximum Value
    (  8)             2.244

     Radial Flux Distribution
   ==============================
    Group :   1
            1          2          3          4          5          6          7          8          9         10         11         12
    19   7.836E-03  7.746E-03  7.564E-03  7.272E-03  6.810E-03  6.276E-03  6.033E-03  5.964E-03  5.701E-03  5.280E-03  5.082E-03  5.013E-03 
    18   7.745E-03  7.653E-03  7.478E-03  7.226E-03  6.885E-03  6.511E-03  6.247E-03  6.064E-03  5.860E-03  5.674E-03  5.452E-03  5.138E-03 
    17   7.563E-03  7.456E-03  7.276E-03  7.070E-03  6.847E-03  6.597E-03  6.338E-03  6.088E-03  5.898E-03  5.816E-03  5.601E-03  5.182E-03 
    16   7.305E-03  7.141E-03  6.882E-03  6.720E-03  6.647E-03  6.502E-03  6.262E-03  5.954E-03  5.675E-03  5.591E-03  5.465E-03  5.076E-03 
    15   7.017E-03  6.774E-03  6.389E-03  6.268E-03  6.371E-03  6.333E-03  6.122E-03  5.748E-03  5.282E-03  5.134E-03  5.185E-03  4.863E-03 
    14   6.750E-03  6.530E-03  6.187E-03  6.076E-03  6.171E-03  6.163E-03  6.015E-03  5.703E-03  5.234E-03  5.017E-03  4.984E-03  4.597E-03 
    13   6.498E-03  6.380E-03  6.191E-03  6.058E-03  6.006E-03  5.980E-03  5.955E-03  5.845E-03  5.531E-03  5.201E-03  4.846E-03  4.273E-03 
    12   6.205E-03  6.175E-03  6.073E-03  5.890E-03  5.696E-03  5.677E-03  5.837E-03  5.814E-03  5.548E-03  5.122E-03  4.560E-03  3.821E-03 
    11   5.809E-03  5.926E-03  5.914E-03  5.662E-03  5.263E-03  5.220E-03  5.524E-03  5.546E-03  5.253E-03  4.742E-03  4.047E-03  3.168E-03 
    10   5.336E-03  5.715E-03  5.836E-03  5.594E-03  5.129E-03  5.011E-03  5.198E-03  5.121E-03  4.742E-03  4.126E-03  3.298E-03  2.274E-03 
     9   5.116E-03  5.480E-03  5.620E-03  5.474E-03  5.188E-03  4.985E-03  4.846E-03  4.560E-03  4.047E-03  3.298E-03  2.323E-03  1.501E-03 
     8   5.038E-03  5.159E-03  5.198E-03  5.086E-03  4.869E-03  4.601E-03  4.275E-03  3.822E-03  3.169E-03  2.275E-03  1.501E-03  9.715E-04 
     7   4.528E-03  4.539E-03  4.506E-03  4.386E-03  4.172E-03  3.853E-03  3.421E-03  2.876E-03  2.117E-03  1.431E-03  9.481E-04  6.236E-04 
     6   3.555E-03  3.538E-03  3.484E-03  3.368E-03  3.167E-03  2.825E-03  2.261E-03  1.760E-03  1.268E-03  8.721E-04  5.910E-04  3.959E-04 
     5   2.178E-03  2.160E-03  2.116E-03  2.033E-03  1.889E-03  1.649E-03  1.300E-03  9.906E-04  7.329E-04  5.221E-04  3.629E-04  2.483E-04 
     4   1.176E-03  1.163E-03  1.134E-03  1.082E-03  9.974E-04  8.716E-04  7.143E-04  5.583E-04  4.215E-04  3.083E-04  2.198E-04  1.538E-04 
     3   6.343E-04  6.261E-04  6.081E-04  5.772E-04  5.303E-04  4.660E-04  3.897E-04  3.116E-04  2.403E-04  1.798E-04  1.311E-04  9.363E-05 
     2   3.381E-04  3.332E-04  3.226E-04  3.053E-04  2.803E-04  2.477E-04  2.098E-04  1.708E-04  1.342E-04  1.023E-04  7.602E-05  5.531E-05 
     1   1.444E-04  1.421E-04  1.373E-04  1.298E-04  1.191E-04  1.058E-04  9.049E-05  7.465E-05  5.955E-05  4.611E-05  3.480E-05  2.571E-05 

            13         14         15         16         17         18         19
    19   4.511E-03  3.543E-03  2.171E-03  1.172E-03  6.324E-04  3.371E-04  1.440E-04 
    18   4.524E-03  3.527E-03  2.154E-03  1.160E-03  6.244E-04  3.323E-04  1.417E-04 
    17   4.493E-03  3.474E-03  2.111E-03  1.132E-03  6.066E-04  3.218E-04  1.370E-04 
    16   4.377E-03  3.361E-03  2.028E-03  1.080E-03  5.760E-04  3.047E-04  1.295E-04 
    15   4.165E-03  3.162E-03  1.886E-03  9.955E-04  5.292E-04  2.797E-04  1.189E-04 
    14   3.849E-03  2.822E-03  1.647E-03  8.703E-04  4.653E-04  2.472E-04  1.056E-04 
    13   3.419E-03  2.259E-03  1.298E-03  7.134E-04  3.891E-04  2.095E-04  9.035E-05 
    12   2.874E-03  1.759E-03  9.898E-04  5.577E-04  3.113E-04  1.706E-04  7.455E-05 
    11   2.116E-03  1.267E-03  7.324E-04  4.212E-04  2.401E-04  1.341E-04  5.948E-05 
    10   1.431E-03  8.718E-04  5.218E-04  3.081E-04  1.796E-04  1.022E-04  4.607E-05 
     9   9.479E-04  5.909E-04  3.628E-04  2.197E-04  1.310E-04  7.597E-05  3.478E-05 
     8   6.235E-04  3.958E-04  2.483E-04  1.537E-04  9.359E-05  5.528E-05  2.569E-05 
     7   4.065E-04  2.626E-04  1.679E-04  1.060E-04  6.581E-05  3.954E-05  1.864E-05 
     6   2.626E-04  1.726E-04  1.123E-04  7.227E-05  4.567E-05  2.787E-05  1.331E-05 
     5   1.679E-04  1.124E-04  7.445E-05  4.873E-05  3.130E-05  1.938E-05  9.365E-06 
     4   1.060E-04  7.228E-05  4.874E-05  3.243E-05  2.115E-05  1.327E-05  6.477E-06 
     3   6.583E-05  4.568E-05  3.131E-05  2.115E-05  1.399E-05  8.872E-06  4.371E-06 
     2   3.956E-05  2.788E-05  1.939E-05  1.327E-05  8.873E-06  5.682E-06  2.820E-06 
     1   1.865E-05  1.332E-05  9.367E-06  6.479E-06  4.371E-06  2.820E-06  1.408E-06 

    Group :   2
            1          2          3          4          5          6          7          8          9         10         11         12
    19   7.496E-03  7.422E-03  7.275E-03  7.054E-03  6.750E-03  6.433E-03  6.179E-03  5.851E-03  5.373E-03  4.845E-03  4.500E-03  4.228E-03 
    18   7.422E-03  7.348E-03  7.206E-03  7.002E-03  6.741E-03  6.453E-03  6.162E-03  5.819E-03  5.406E-03  4.980E-03  4.611E-03  4.244E-03 
    17   7.277E-03  7.200E-03  7.061E-03  6.879E-03  6.659E-03  6.396E-03  6.090E-03  5.737E-03  5.356E-03  4.982E-03  4.617E-03  4.217E-03 
    16   7.071E-03  6.979E-03  6.823E-03  6.669E-03  6.499E-03  6.260E-03  5.950E-03  5.569E-03  5.160E-03  4.818E-03  4.505E-03  4.122E-03 
    15   6.825E-03  6.719E-03  6.552E-03  6.431E-03  6.300E-03  6.074E-03  5.764E-03  5.344E-03  4.854E-03  4.545E-03  4.330E-03  3.973E-03 
    14   6.554E-03  6.471E-03  6.345E-03  6.229E-03  6.072E-03  5.846E-03  5.557E-03  5.166E-03  4.703E-03  4.398E-03  4.164E-03  3.794E-03 
    13   6.244E-03  6.191E-03  6.098E-03  5.958E-03  5.766E-03  5.557E-03  5.321E-03  5.020E-03  4.670E-03  4.338E-03  3.996E-03  3.583E-03 
    12   5.867E-03  5.837E-03  5.748E-03  5.574E-03  5.345E-03  5.166E-03  5.020E-03  4.805E-03  4.510E-03  4.164E-03  3.771E-03  3.327E-03 
    11   5.392E-03  5.423E-03  5.367E-03  5.166E-03  4.857E-03  4.704E-03  4.671E-03  4.510E-03  4.237E-03  3.886E-03  3.476E-03  3.019E-03 
    10   4.861E-03  4.995E-03  4.993E-03  4.825E-03  4.550E-03  4.401E-03  4.340E-03  4.164E-03  3.886E-03  3.530E-03  3.116E-03  2.617E-03 
     9   4.514E-03  4.624E-03  4.628E-03  4.513E-03  4.335E-03  4.167E-03  3.998E-03  3.773E-03  3.477E-03  3.116E-03  2.661E-03  2.159E-03 
     8   4.241E-03  4.255E-03  4.227E-03  4.129E-03  3.979E-03  3.798E-03  3.586E-03  3.329E-03  3.020E-03  2.618E-03  2.159E-03  1.731E-03 
     7   3.816E-03  3.801E-03  3.752E-03  3.655E-03  3.511E-03  3.328E-03  3.109E-03  2.834E-03  2.486E-03  2.082E-03  1.699E-03  1.357E-03 
     6   3.284E-03  3.260E-03  3.205E-03  3.109E-03  2.970E-03  2.786E-03  2.541E-03  2.251E-03  1.924E-03  1.600E-03  1.303E-03  1.040E-03 
     5   2.613E-03  2.589E-03  2.537E-03  2.451E-03  2.326E-03  2.153E-03  1.924E-03  1.680E-03  1.433E-03  1.193E-03  9.733E-04  7.790E-04 
     4   1.911E-03  1.890E-03  1.847E-03  1.778E-03  1.678E-03  1.546E-03  1.385E-03  1.210E-03  1.034E-03  8.632E-04  7.065E-04  5.676E-04 
     3   1.327E-03  1.311E-03  1.279E-03  1.227E-03  1.155E-03  1.063E-03  9.542E-04  8.358E-04  7.157E-04  6.000E-04  4.931E-04  3.978E-04 
     2   8.572E-04  8.463E-04  8.240E-04  7.894E-04  7.421E-04  6.827E-04  6.137E-04  5.390E-04  4.630E-04  3.895E-04  3.213E-04  2.602E-04 
     1   3.886E-04  3.834E-04  3.730E-04  3.569E-04  3.353E-04  3.085E-04  2.776E-04  2.443E-04  2.104E-04  1.775E-04  1.469E-04  1.193E-04 

            13         14         15         16         17         18         19
    19   3.805E-03  3.275E-03  2.606E-03  1.906E-03  1.324E-03  8.551E-04  3.877E-04 
    18   3.791E-03  3.252E-03  2.582E-03  1.886E-03  1.308E-03  8.443E-04  3.825E-04 
    17   3.743E-03  3.197E-03  2.531E-03  1.843E-03  1.276E-03  8.221E-04  3.721E-04 
    16   3.648E-03  3.103E-03  2.446E-03  1.774E-03  1.225E-03  7.878E-04  3.562E-04 
    15   3.505E-03  2.965E-03  2.322E-03  1.675E-03  1.153E-03  7.407E-04  3.347E-04 
    14   3.324E-03  2.783E-03  2.150E-03  1.544E-03  1.061E-03  6.816E-04  3.080E-04 
    13   3.106E-03  2.538E-03  1.922E-03  1.384E-03  9.529E-04  6.129E-04  2.772E-04 
    12   2.832E-03  2.249E-03  1.678E-03  1.209E-03  8.349E-04  5.384E-04  2.440E-04 
    11   2.485E-03  1.923E-03  1.432E-03  1.033E-03  7.150E-04  4.625E-04  2.102E-04 
    10   2.081E-03  1.599E-03  1.193E-03  8.626E-04  5.995E-04  3.892E-04  1.774E-04 
     9   1.698E-03  1.302E-03  9.728E-04  7.061E-04  4.928E-04  3.211E-04  1.468E-04 
     8   1.357E-03  1.040E-03  7.787E-04  5.674E-04  3.976E-04  2.601E-04  1.193E-04 
     7   1.062E-03  8.152E-04  6.123E-04  4.480E-04  3.153E-04  2.070E-04  9.519E-05 
     6   8.153E-04  6.274E-04  4.729E-04  3.474E-04  2.455E-04  1.618E-04  7.460E-05 
     5   6.125E-04  4.730E-04  3.580E-04  2.641E-04  1.874E-04  1.239E-04  5.728E-05 
     4   4.481E-04  3.475E-04  2.641E-04  1.956E-04  1.393E-04  9.241E-05  4.282E-05 
     3   3.154E-04  2.456E-04  1.874E-04  1.393E-04  9.957E-05  6.622E-05  3.075E-05 
     2   2.071E-04  1.618E-04  1.239E-04  9.242E-05  6.623E-05  4.414E-05  2.053E-05 
     1   9.523E-05  7.463E-05  5.729E-05  4.283E-05  3.075E-05  2.053E-05  9.562E-06 

    Group :   3
            1          2          3          4          5          6          7          8          9         10         11         12
    19   6.806E-03  6.751E-03  6.649E-03  6.526E-03  6.465E-03  6.481E-03  6.205E-03  5.555E-03  4.880E-03  4.241E-03  3.855E-03  3.590E-03 
    18   6.753E-03  6.702E-03  6.602E-03  6.466E-03  6.326E-03  6.179E-03  5.879E-03  5.392E-03  4.849E-03  4.310E-03  3.905E-03  3.577E-03 
    17   6.654E-03  6.617E-03  6.535E-03  6.390E-03  6.186E-03  5.933E-03  5.612E-03  5.211E-03  4.749E-03  4.262E-03  3.870E-03  3.536E-03 
    16   6.518E-03  6.530E-03  6.531E-03  6.390E-03  6.094E-03  5.767E-03  5.418E-03  5.011E-03  4.553E-03  4.119E-03  3.773E-03  3.456E-03 
    15   6.338E-03  6.434E-03  6.600E-03  6.472E-03  6.017E-03  5.591E-03  5.214E-03  4.774E-03  4.236E-03  3.886E-03  3.641E-03  3.348E-03 
    14   6.082E-03  6.190E-03  6.378E-03  6.252E-03  5.779E-03  5.349E-03  4.977E-03  4.551E-03  4.054E-03  3.739E-03  3.508E-03  3.231E-03 
    13   5.739E-03  5.773E-03  5.806E-03  5.663E-03  5.341E-03  5.010E-03  4.678E-03  4.301E-03  3.947E-03  3.648E-03  3.373E-03  3.116E-03 
    12   5.320E-03  5.310E-03  5.249E-03  5.083E-03  4.826E-03  4.574E-03  4.308E-03  4.035E-03  3.760E-03  3.491E-03  3.237E-03  3.020E-03 
    11   4.813E-03  4.819E-03  4.756E-03  4.577E-03  4.258E-03  4.068E-03  3.954E-03  3.762E-03  3.543E-03  3.318E-03  3.122E-03  2.995E-03 
    10   4.223E-03  4.302E-03  4.267E-03  4.130E-03  3.898E-03  3.748E-03  3.653E-03  3.494E-03  3.319E-03  3.163E-03  3.074E-03  3.028E-03 
     9   3.852E-03  3.906E-03  3.875E-03  3.780E-03  3.648E-03  3.513E-03  3.377E-03  3.239E-03  3.123E-03  3.075E-03  3.073E-03  2.849E-03 
     8   3.593E-03  3.582E-03  3.542E-03  3.462E-03  3.353E-03  3.236E-03  3.119E-03  3.022E-03  2.996E-03  3.028E-03  2.849E-03  2.501E-03 
     7   3.316E-03  3.296E-03  3.250E-03  3.173E-03  3.077E-03  2.994E-03  2.942E-03  2.887E-03  2.908E-03  2.760E-03  2.458E-03  2.087E-03 
     6   3.154E-03  3.128E-03  3.075E-03  2.993E-03  2.897E-03  2.840E-03  2.883E-03  2.777E-03  2.598E-03  2.332E-03  2.010E-03  1.674E-03 
     5   3.106E-03  3.076E-03  3.015E-03  2.923E-03  2.806E-03  2.686E-03  2.567E-03  2.377E-03  2.133E-03  1.858E-03  1.573E-03  1.297E-03 
     4   2.662E-03  2.633E-03  2.575E-03  2.486E-03  2.368E-03  2.224E-03  2.055E-03  1.857E-03  1.636E-03  1.407E-03  1.181E-03  9.694E-04 
     3   2.015E-03  1.991E-03  1.943E-03  1.871E-03  1.772E-03  1.651E-03  1.508E-03  1.348E-03  1.178E-03  1.007E-03  8.426E-04  6.907E-04 
     2   1.358E-03  1.341E-03  1.307E-03  1.256E-03  1.186E-03  1.100E-03  1.000E-03  8.906E-04  7.761E-04  6.621E-04  5.535E-04  4.537E-04 
     1   5.923E-04  5.847E-04  5.693E-04  5.461E-04  5.150E-04  4.768E-04  4.326E-04  3.845E-04  3.347E-04  2.854E-04  2.386E-04  1.957E-04 

            13         14         15         16         17         18         19
    19   3.310E-03  3.147E-03  3.098E-03  2.655E-03  2.010E-03  1.355E-03  5.909E-04 
    18   3.290E-03  3.121E-03  3.069E-03  2.627E-03  1.986E-03  1.338E-03  5.833E-04 
    17   3.243E-03  3.069E-03  3.009E-03  2.570E-03  1.939E-03  1.305E-03  5.681E-04 
    16   3.167E-03  2.988E-03  2.917E-03  2.481E-03  1.867E-03  1.253E-03  5.450E-04 
    15   3.072E-03  2.892E-03  2.801E-03  2.364E-03  1.769E-03  1.184E-03  5.141E-04 
    14   2.990E-03  2.836E-03  2.682E-03  2.221E-03  1.648E-03  1.099E-03  4.760E-04 
    13   2.939E-03  2.880E-03  2.564E-03  2.053E-03  1.506E-03  9.991E-04  4.320E-04 
    12   2.885E-03  2.775E-03  2.375E-03  1.855E-03  1.346E-03  8.896E-04  3.840E-04 
    11   2.906E-03  2.596E-03  2.131E-03  1.635E-03  1.177E-03  7.753E-04  3.343E-04 
    10   2.759E-03  2.331E-03  1.857E-03  1.406E-03  1.006E-03  6.616E-04  2.851E-04 
     9   2.457E-03  2.009E-03  1.572E-03  1.180E-03  8.421E-04  5.531E-04  2.384E-04 
     8   2.087E-03  1.674E-03  1.297E-03  9.690E-04  6.903E-04  4.535E-04  1.956E-04 
     7   1.708E-03  1.356E-03  1.045E-03  7.787E-04  5.548E-04  3.647E-04  1.574E-04 
     6   1.356E-03  1.070E-03  8.223E-04  6.128E-04  4.369E-04  2.876E-04  1.243E-04 
     5   1.045E-03  8.223E-04  6.317E-04  4.712E-04  3.365E-04  2.219E-04  9.601E-05 
     4   7.790E-04  6.129E-04  4.712E-04  3.520E-04  2.519E-04  1.664E-04  7.209E-05 
     3   5.550E-04  4.370E-04  3.365E-04  2.519E-04  1.806E-04  1.195E-04  5.184E-05 
     2   3.649E-04  2.877E-04  2.219E-04  1.664E-04  1.195E-04  7.919E-05  3.440E-05 
     1   1.575E-04  1.243E-04  9.603E-05  7.210E-05  5.185E-05  3.440E-05  1.496E-05 

    Group :   4
            1          2          3          4          5          6          7          8          9         10         11         12
    19   6.119E-03  6.075E-03  5.996E-03  5.912E-03  5.916E-03  5.940E-03  5.692E-03  5.001E-03  4.189E-03  3.411E-03  3.058E-03  2.891E-03 
    18   6.077E-03  6.038E-03  5.959E-03  5.853E-03  5.753E-03  5.644E-03  5.344E-03  4.791E-03  4.146E-03  3.510E-03  3.112E-03  2.863E-03 
    17   6.001E-03  5.979E-03  5.920E-03  5.794E-03  5.600E-03  5.348E-03  5.010E-03  4.562E-03  4.023E-03  3.448E-03  3.062E-03  2.820E-03 
    16   5.895E-03  5.936E-03  5.974E-03  5.846E-03  5.527E-03  5.166E-03  4.783E-03  4.323E-03  3.793E-03  3.305E-03  2.979E-03  2.759E-03 
    15   5.741E-03  5.883E-03  6.043E-03  5.933E-03  5.480E-03  4.984E-03  4.555E-03  4.044E-03  3.381E-03  3.051E-03  2.885E-03  2.690E-03 
    14   5.491E-03  5.650E-03  5.848E-03  5.734E-03  5.237E-03  4.721E-03  4.286E-03  3.788E-03  3.201E-03  2.930E-03  2.795E-03  2.635E-03 
    13   5.126E-03  5.190E-03  5.260E-03  5.114E-03  4.733E-03  4.335E-03  3.933E-03  3.488E-03  3.133E-03  2.892E-03  2.712E-03  2.611E-03 
    12   4.661E-03  4.661E-03  4.607E-03  4.424E-03  4.121E-03  3.825E-03  3.499E-03  3.206E-03  2.967E-03  2.786E-03  2.668E-03  2.656E-03 
    11   4.073E-03  4.087E-03  4.025E-03  3.827E-03  3.419E-03  3.228E-03  3.146E-03  2.971E-03  2.823E-03  2.721E-03  2.711E-03  2.856E-03 
    10   3.358E-03  3.482E-03  3.446E-03  3.319E-03  3.073E-03  2.949E-03  2.902E-03  2.790E-03  2.723E-03  2.739E-03  2.909E-03  3.240E-03 
     9   3.029E-03  3.098E-03  3.061E-03  2.986E-03  2.896E-03  2.805E-03  2.719E-03  2.672E-03  2.712E-03  2.910E-03  3.277E-03  3.421E-03 
     8   2.881E-03  2.858E-03  2.821E-03  2.763E-03  2.696E-03  2.640E-03  2.615E-03  2.659E-03  2.858E-03  3.241E-03  3.421E-03  3.316E-03 
     7   2.759E-03  2.742E-03  2.706E-03  2.655E-03  2.607E-03  2.608E-03  2.689E-03  2.830E-03  3.160E-03  3.340E-03  3.269E-03  3.010E-03 
     6   2.898E-03  2.876E-03  2.833E-03  2.777E-03  2.732E-03  2.782E-03  3.032E-03  3.155E-03  3.216E-03  3.138E-03  2.914E-03  2.593E-03 
     5   3.353E-03  3.323E-03  3.266E-03  3.190E-03  3.114E-03  3.087E-03  3.122E-03  3.078E-03  2.943E-03  2.730E-03  2.452E-03  2.132E-03 
     4   3.323E-03  3.291E-03  3.228E-03  3.139E-03  3.034E-03  2.927E-03  2.812E-03  2.659E-03  2.459E-03  2.219E-03  1.951E-03  1.672E-03 
     3   2.795E-03  2.766E-03  2.708E-03  2.624E-03  2.518E-03  2.394E-03  2.250E-03  2.081E-03  1.889E-03  1.677E-03  1.457E-03  1.237E-03 
     2   2.025E-03  2.002E-03  1.958E-03  1.892E-03  1.807E-03  1.704E-03  1.584E-03  1.449E-03  1.301E-03  1.145E-03  9.875E-04  8.337E-04 
     1   9.367E-04  9.259E-04  9.044E-04  8.726E-04  8.309E-04  7.801E-04  7.214E-04  6.559E-04  5.856E-04  5.129E-04  4.404E-04  3.707E-04 

            13         14         15         16         17         18         19
    19   2.760E-03  2.894E-03  3.346E-03  3.316E-03  2.789E-03  2.020E-03  9.346E-04 
    18   2.741E-03  2.872E-03  3.317E-03  3.284E-03  2.760E-03  1.998E-03  9.239E-04 
    17   2.703E-03  2.829E-03  3.260E-03  3.221E-03  2.703E-03  1.954E-03  9.025E-04 
    16   2.651E-03  2.772E-03  3.184E-03  3.133E-03  2.619E-03  1.888E-03  8.709E-04 
    15   2.603E-03  2.728E-03  3.109E-03  3.029E-03  2.514E-03  1.804E-03  8.294E-04 
    14   2.604E-03  2.778E-03  3.083E-03  2.923E-03  2.390E-03  1.701E-03  7.789E-04 
    13   2.685E-03  3.028E-03  3.118E-03  2.808E-03  2.246E-03  1.582E-03  7.203E-04 
    12   2.827E-03  3.152E-03  3.075E-03  2.656E-03  2.079E-03  1.447E-03  6.551E-04 
    11   3.158E-03  3.213E-03  2.940E-03  2.457E-03  1.887E-03  1.300E-03  5.850E-04 
    10   3.338E-03  3.136E-03  2.729E-03  2.218E-03  1.676E-03  1.144E-03  5.124E-04 
     9   3.268E-03  2.913E-03  2.450E-03  1.950E-03  1.456E-03  9.868E-04  4.401E-04 
     8   3.009E-03  2.592E-03  2.131E-03  1.671E-03  1.236E-03  8.332E-04  3.705E-04 
     7   2.640E-03  2.222E-03  1.798E-03  1.396E-03  1.025E-03  6.887E-04  3.055E-04 
     6   2.222E-03  1.841E-03  1.474E-03  1.136E-03  8.308E-04  5.565E-04  2.466E-04 
     5   1.799E-03  1.474E-03  1.172E-03  8.988E-04  6.556E-04  4.384E-04  1.941E-04 
     4   1.396E-03  1.136E-03  8.989E-04  6.874E-04  5.006E-04  3.345E-04  1.480E-04 
     3   1.026E-03  8.310E-04  6.557E-04  5.006E-04  3.642E-04  2.433E-04  1.077E-04 
     2   6.889E-04  5.567E-04  4.385E-04  3.345E-04  2.433E-04  1.625E-04  7.193E-05 
     1   3.057E-04  2.467E-04  1.942E-04  1.481E-04  1.077E-04  7.193E-05  3.184E-05 


 Total Time :    254.765625     Seconds
