    0.000    5.400   10.800   16.200   21.600   27.000   32.400   37.800   43.200   48.600   54.000   59.400   64.800
      0.000     2.909   2.880   2.824   2.741   2.634   0.000   0.000   2.286   2.089   0.000   0.000   2.291
      0.000     2.881   2.852   2.798   2.720   2.624   2.520   2.407   2.268   2.108   2.680   2.493   2.311
      0.000     2.825   2.796   2.744   2.674   2.589   2.487   2.369   2.233   2.091   2.693   2.511   2.306
      0.000     2.747   2.716   2.663   2.603   2.531   2.434   2.313   2.165   2.010   2.598   2.450   2.256
      0.000     2.653   2.623   0.000   0.000   2.461   2.364   2.241   2.075   0.000   0.000   2.348   2.174
     -0.000     2.548   2.526   0.000   0.000   2.373   2.278   2.167   2.014   0.000   0.000   2.259   2.076
      0.000     2.427   2.411   2.383   2.328   2.248   2.168   2.084   2.714   2.527   2.354   2.180   1.964
      5.400     2.280   2.271   2.239   2.170   2.078   2.014   2.715   2.615   2.463   2.279   2.068   1.828
     10.800     2.094   2.113   2.096   2.013   0.000   0.000   2.527   2.463   2.324   2.135   1.911   1.665
     16.200     0.000   2.688   2.699   2.602   0.000   0.000   2.355   2.279   2.135   1.942   1.719   0.198
     21.600     0.000   2.501   2.517   2.454   2.350   2.261   2.181   2.069   1.912   1.719   0.203   0.138
     27.000     2.298   2.318   2.311   2.260   2.177   2.078   1.965   1.829   1.665   0.198   0.138   0.094
     32.400     2.086   2.081   2.058   2.007   1.927   1.828   1.710   1.563   0.185   0.131   0.092   0.064
     37.800     1.805   1.793   1.764   1.712   1.636   1.537   0.196   0.157   0.118   0.085   0.061   0.044
     43.200     0.192   0.190   0.186   0.179   0.167   0.148   0.120   0.095   0.073   0.055   0.040   0.030
     48.600     0.111   0.110   0.107   0.102   0.095   0.084   0.071   0.058   0.045   0.035   0.026   0.020
     54.000     0.065   0.064   0.062   0.059   0.055   0.049   0.042   0.035   0.028   0.022   0.017   0.013
     62.100     0.037   0.036   0.035   0.033   0.031   0.028   0.024   0.020   0.017   0.013   0.010   0.008
     70.200     0.024   0.024   0.023   0.022   0.020   0.018   0.016   0.013   0.011   0.009   0.007   0.006
    0.000    0.000   -0.000    0.000    0.001    0.000    0.001    0.000
      0.000     2.080   1.799   0.191   0.111   0.064   0.037   0.024
      0.000     2.076   1.788   0.189   0.110   0.064   0.036   0.024
      0.000     2.053   1.760   0.186   0.107   0.062   0.035   0.023
      0.000     2.003   1.709   0.179   0.102   0.059   0.033   0.022
      0.000     1.924   1.633   0.167   0.095   0.055   0.031   0.020
     -0.000     1.825   1.535   0.147   0.084   0.049   0.028   0.018
      0.000     1.708   0.196   0.120   0.071   0.042   0.024   0.016
      5.400     1.562   0.157   0.095   0.057   0.035   0.020   0.013
     10.800     0.185   0.118   0.073   0.045   0.028   0.017   0.011
     16.200     0.131   0.085   0.055   0.035   0.022   0.013   0.009
     21.600     0.092   0.061   0.040   0.026   0.017   0.010   0.007
     27.000     0.064   0.044   0.030   0.020   0.013   0.008   0.005
     32.400     0.045   0.031   0.021   0.015   0.010   0.006   0.004
     37.800     0.031   0.022   0.015   0.011   0.007   0.005   0.003
     43.200     0.021   0.015   0.011   0.008   0.005   0.003   0.002
     48.600     0.015   0.011   0.008   0.005   0.004   0.002   0.002
     54.000     0.010   0.007   0.005   0.004   0.003   0.002   0.001
     62.100     0.006   0.005   0.003   0.002   0.002   0.001   0.001
     70.200     0.004   0.003   0.002   0.002   0.001   0.001   0.001
