                                                                                
      /\               /\                                                       
     //\\             //\\                                                      
    //**\\           //**\\                                                     
   //****\\         //****\\                                                    
  //******\\       //******\\   ____                   _   _           _        
  ---------   /*\   ---------  / __ \                 | \ | |         | |       
             (***)            | |  | |_ __   ___ _ __ |  \| | ___   __| | ___   
              \*/             | |  | | "_ \ / _ \ "_ \| . ` |/ _"\ / _" |/ _ \  
                              | |__| | |_) |  __/ | | | |\  | |_) | (_| |  __/  
              //\\             \____/| .__/ \___)_| |_|_| \_|\___/ \___/ \___|  
             //**\\                  | |                                        
            //****\\                 |_|                                        
           //******\\                                                           
           ----------                                                           
                                                                                
 ____________________________________________________________
          | The OpenNode, Nodal Methods for Neutron Diffusion
 Version  | Version Number: 1.1                              
 Copyright| 2021 Radiation & Nuclear System Laboratory       
          | University Abdelmalk Essaadi                     
          | Faculty of Sciences, Tetouan, Morocco            
 Source   | FORTRAN90 version                                
 GUI      | PyQt5                                            
 Method   | The Nodal Expansion Method (NEM)                 
 Dimension| Three Dimensions (3D)                            
 Geometry | Cartesian                                        
 ____________________________________________________________
                        ==========================
   Calculation Mode :    Rod Ejection Calculation with TH feedbacks 
   ----------------     ==========================

            --------------------------------------------
            >>>> Writing Macroscopic Cross Sections <<<<
            --------------------------------------------
     Material  1
    Group   Transport    Diffusion  Absorption    Removal      Nu*Fiss      Kap*Fis    Fiss. Spctr
       1     0.053206    6.264981    0.000373    0.026829     0.000000     0.000000     1.000000
       2     0.386406    0.862651    0.017722    0.017722     0.000000     0.000000     0.000000
         --Scattering Matrix--
           G/G'          1          2
            1        0.000000    0.026455
            2        0.000000    0.000000
     Material  2
    Group   Transport    Diffusion  Absorption    Removal      Nu*Fiss      Kap*Fis    Fiss. Spctr
       1     0.295609    1.127616    0.001188    0.024349     0.000000     0.000000     1.000000
       2     2.459310    0.135539    0.252618    0.252618     0.000000     0.000000     0.000000
         --Scattering Matrix--
           G/G'          1          2
            1        0.000000    0.023161
            2        0.000000    0.000000
     Material  3
    Group   Transport    Diffusion  Absorption    Removal      Nu*Fiss      Kap*Fis    Fiss. Spctr
       1     0.295609    1.127616    0.001188    0.021269     0.000000     0.000000     1.000000
       2     2.459310    0.135539    0.252618    0.252618     0.000000     0.000000     0.000000
         --Scattering Matrix--
           G/G'          1          2
            1        0.000000    0.020081
            2        0.000000    0.000000
     Material  4
    Group   Transport    Diffusion  Absorption    Removal      Nu*Fiss      Kap*Fis    Fiss. Spctr
       1     0.222117    1.500711    0.008718    0.026968     0.004983     0.000000     1.000000
       2     0.803140    0.415038    0.065255    0.065255     0.083903     0.000000     0.000000
         --Scattering Matrix--
           G/G'          1          2
            1        0.000000    0.018250
            2        0.000000    0.000000
     Material  5
    Group   Transport    Diffusion  Absorption    Removal      Nu*Fiss      Kap*Fis    Fiss. Spctr
       1     0.221914    1.502083    0.009061    0.027065     0.005577     0.000000     1.000000
       2     0.795538    0.419004    0.072335    0.072335     0.099863     0.000000     0.000000
         --Scattering Matrix--
           G/G'          1          2
            1        0.000000    0.018004
            2        0.000000    0.000000
     Material  6
    Group   Transport    Diffusion  Absorption    Removal      Nu*Fiss      Kap*Fis    Fiss. Spctr
       1     0.221715    1.503432    0.009385    0.027152     0.006150     0.000000     1.000000
       2     0.789253    0.422340    0.078920    0.078920     0.114667     0.000000     0.000000
         --Scattering Matrix--
           G/G'          1          2
            1        0.000000    0.017767
            2        0.000000    0.000000
     Material  7
    Group   Transport    Diffusion  Absorption    Removal      Nu*Fiss      Kap*Fis    Fiss. Spctr
       1     0.222039    1.501238    0.009317    0.026455     0.005550     0.000000     1.000000
       2     0.776230    0.429426    0.079633    0.079633     0.098558     0.000000     0.000000
         --Scattering Matrix--
           G/G'          1          2
            1        0.000000    0.017138
            2        0.000000    0.000000
     Material  8
    Group   Transport    Diffusion  Absorption    Removal      Nu*Fiss      Kap*Fis    Fiss. Spctr
       1     0.222083    1.500940    0.009400    0.026250     0.005541     0.000000     1.000000
       2     0.769969    0.432918    0.082109    0.082109     0.098006     0.000000     0.000000
         --Scattering Matrix--
           G/G'          1          2
            1        0.000000    0.016850
            2        0.000000    0.000000
     Material  9
    Group   Transport    Diffusion  Absorption    Removal      Nu*Fiss      Kap*Fis    Fiss. Spctr
       1     0.222127    1.500643    0.009483    0.026045     0.005531     0.000000     1.000000
       2     0.763813    0.436407    0.084591    0.084591     0.097411     0.000000     0.000000
         --Scattering Matrix--
           G/G'          1          2
            1        0.000000    0.016563
            2        0.000000    0.000000
     Material 10
    Group   Transport    Diffusion  Absorption    Removal      Nu*Fiss      Kap*Fis    Fiss. Spctr
       1     0.221836    1.502612    0.009637    0.026542     0.006124     0.000000     1.000000
       2     0.770705    0.432504    0.086119    0.086119     0.113241     0.000000     0.000000
         --Scattering Matrix--
           G/G'          1          2
            1        0.000000    0.016904
            2        0.000000    0.000000
     Material 11
    Group   Transport    Diffusion  Absorption    Removal      Nu*Fiss      Kap*Fis    Fiss. Spctr
       1     0.221878    1.502327    0.009719    0.026337     0.006114     0.000000     1.000000
       2     0.764704    0.435899    0.088549    0.088549     0.112635     0.000000     0.000000
         --Scattering Matrix--
           G/G'          1          2
            1        0.000000    0.016618
            2        0.000000    0.000000

            -------------------------------
            >>>>>Wrting Core Geometry<<<<<
            -------------------------------
  Number of Assembly in x, y and z Directions Respectively :
           9           9          18
  Number of Nodes in x, y and z Directions Respectively :
          34          34          18

  x-Directed Nodes Divison (Delta-x)
     5.40   5.40   5.40   5.40   5.40   5.40   5.40   5.40   5.40   5.40
     5.40   5.40   5.40   5.40   5.40   5.40   5.40   5.40   5.40   5.40
     5.40   5.40   5.40   5.40   5.40   5.40   5.40   5.40   5.40   5.40
     5.40   5.40   5.40   5.40
  y-Directed Nodes Divison (Delta-y)
     5.40   5.40   5.40   5.40   5.40   5.40   5.40   5.40   5.40   5.40
     5.40   5.40   5.40   5.40   5.40   5.40   5.40   5.40   5.40   5.40
     5.40   5.40   5.40   5.40   5.40   5.40   5.40   5.40   5.40   5.40
     5.40   5.40   5.40   5.40
  Planar Region :  1
        1  2  3  4  5  6  7  8  9 10 11 12 13 14 15 16 17 18 19 20 21 22 23 24 25 26 27 28 29 30 31 32 33 34
    34  1  1  1  1  1  1  1  1  1  1  1  1  1  1  1  1  1  1  1  1  1  1  1  1  1  1  1  1  1  1  2  2  2  2 
    33  1  1  1  1  1  1  1  1  1  1  1  1  1  1  1  1  1  1  1  1  1  1  1  1  1  1  1  1  1  1  2  2  2  2 
    32  1  1  1  1  1  1  1  1  1  1  1  1  1  1  1  1  1  1  1  1  1  1  1  1  1  1  1  1  1  1  2  2  2  2 
    31  1  1  1  1  1  1  1  1  1  1  1  1  1  1  1  1  1  1  1  1  1  1  1  1  1  1  1  1  1  1  2  2  2  2 
    30  1  1  1  1  1  1  1  1  1  1  1  1  1  1  1  1  1  1  1  1  1  1  1  1  1  1  1  1  1  1  2  2  2  2 
    29  1  1  1  1  1  1  1  1  1  1  1  1  1  1  1  1  1  1  1  1  1  1  1  1  1  1  1  1  1  1  2  2  2  2 
    28  1  1  1  1  1  1  1  1  1  1  1  1  1  1  1  1  1  1  1  1  1  1  1  1  1  1  3  3  3  3  2  2  2  2 
    27  1  1  1  1  1  1  1  1  1  1  1  1  1  1  1  1  1  1  1  1  1  1  1  1  1  1  3  3  3  3  2  2  2  2 
    26  1  1  1  1  1  1  1  1  1  1  1  1  1  1  1  1  1  1  1  1  1  1  1  1  1  1  3  3  3  3  2  2  2  2 
    25  1  1  1  1  1  1  1  1  1  1  1  1  1  1  1  1  1  1  1  1  1  1  1  1  1  1  3  3  3  3  2  2  2  2 
    24  1  1  1  1  1  1  1  1  1  1  1  1  1  1  1  1  1  1  1  1  1  1  1  1  1  1  2  2  2  2             
    23  1  1  1  1  1  1  1  1  1  1  1  1  1  1  1  1  1  1  1  1  1  1  1  1  1  1  2  2  2  2             
    22  1  1  1  1  1  1  1  1  1  1  1  1  1  1  1  1  1  1  1  1  1  1  1  1  1  1  2  2  2  2             
    21  1  1  1  1  1  1  1  1  1  1  1  1  1  1  1  1  1  1  1  1  1  1  1  1  1  1  2  2  2  2             
    20  1  1  1  1  1  1  1  1  1  1  1  1  1  1  1  1  1  1  1  1  1  1  3  3  3  3  2  2  2  2             
    19  1  1  1  1  1  1  1  1  1  1  1  1  1  1  1  1  1  1  1  1  1  1  3  3  3  3  2  2  2  2             
    18  1  1  1  1  1  1  1  1  1  1  1  1  1  1  1  1  1  1  1  1  1  1  3  3  3  3  2  2  2  2             
    17  1  1  1  1  1  1  1  1  1  1  1  1  1  1  1  1  1  1  1  1  1  1  3  3  3  3  2  2  2  2             
    16  1  1  1  1  1  1  1  1  1  1  1  1  1  1  1  1  1  1  3  3  3  3  2  2  2  2                         
    15  1  1  1  1  1  1  1  1  1  1  1  1  1  1  1  1  1  1  3  3  3  3  2  2  2  2                         
    14  1  1  1  1  1  1  1  1  1  1  1  1  1  1  1  1  1  1  3  3  3  3  2  2  2  2                         
    13  1  1  1  1  1  1  1  1  1  1  1  1  1  1  1  1  1  1  3  3  3  3  2  2  2  2                         
    12  1  1  1  1  1  1  1  1  1  1  1  1  1  1  3  3  3  3  2  2  2  2                                     
    11  1  1  1  1  1  1  1  1  1  1  1  1  1  1  3  3  3  3  2  2  2  2                                     
    10  1  1  1  1  1  1  1  1  1  1  1  1  1  1  3  3  3  3  2  2  2  2                                     
     9  1  1  1  1  1  1  1  1  1  1  1  1  1  1  3  3  3  3  2  2  2  2                                     
     8  1  1  1  1  1  1  3  3  3  3  2  2  2  2  2  2  2  2                                                 
     7  1  1  1  1  1  1  3  3  3  3  2  2  2  2  2  2  2  2                                                 
     6  1  1  1  1  1  1  3  3  3  3  2  2  2  2  2  2  2  2                                                 
     5  1  1  1  1  1  1  3  3  3  3  2  2  2  2  2  2  2  2                                                 
     4  2  2  2  2  2  2  2  2  2  2                                                                         
     3  2  2  2  2  2  2  2  2  2  2                                                                         
     2  2  2  2  2  2  2  2  2  2  2                                                                         
     1  2  2  2  2  2  2  2  2  2  2                                                                         
  Planar Region :  2
        1  2  3  4  5  6  7  8  9 10 11 12 13 14 15 16 17 18 19 20 21 22 23 24 25 26 27 28 29 30 31 32 33 34
    34  4  4  5  5  5  5  4  4  4  4  5  5  5  5  4  4  4  4  5  5  5  5  4  4  4  4  6  6  6  6  2  2  2  2 
    33  4  4  5  5  5  5  4  4  4  4  5  5  5  5  4  4  4  4  5  5  5  5  4  4  4  4  6  6  6  6  2  2  2  2 
    32  5  5  4  4  4  4  5  5  5  5  4  4  4  4  5  5  5  5  4  4  4  4  6  6  6  6  6  6  6  6  2  2  2  2 
    31  5  5  4  4  4  4  5  5  5  5  4  4  4  4  5  5  5  5  4  4  4  4  6  6  6  6  6  6  6  6  2  2  2  2 
    30  5  5  4  4  4  4  5  5  5  5  4  4  4  4  5  5  5  5  4  4  4  4  6  6  6  6  6  6  6  6  2  2  2  2 
    29  5  5  4  4  4  4  5  5  5  5  4  4  4  4  5  5  5  5  4  4  4  4  6  6  6  6  6  6  6  6  2  2  2  2 
    28  4  4  5  5  5  5  4  4  4  4  5  5  5  5  4  4  4  4  5  5  5  5  6  6  6  6  3  3  3  3  2  2  2  2 
    27  4  4  5  5  5  5  4  4  4  4  5  5  5  5  4  4  4  4  5  5  5  5  6  6  6  6  3  3  3  3  2  2  2  2 
    26  4  4  5  5  5  5  4  4  4  4  5  5  5  5  4  4  4  4  5  5  5  5  6  6  6  6  3  3  3  3  2  2  2  2 
    25  4  4  5  5  5  5  4  4  4  4  5  5  5  5  4  4  4  4  5  5  5  5  6  6  6  6  3  3  3  3  2  2  2  2 
    24  5  5  4  4  4  4  5  5  5  5  4  4  4  4  5  5  5  5  6  6  6  6  6  6  6  6  2  2  2  2             
    23  5  5  4  4  4  4  5  5  5  5  4  4  4  4  5  5  5  5  6  6  6  6  6  6  6  6  2  2  2  2             
    22  5  5  4  4  4  4  5  5  5  5  4  4  4  4  5  5  5  5  6  6  6  6  6  6  6  6  2  2  2  2             
    21  5  5  4  4  4  4  5  5  5  5  4  4  4  4  5  5  5  5  6  6  6  6  6  6  6  6  2  2  2  2             
    20  4  4  5  5  5  5  4  4  4  4  5  5  5  5  4  4  4  4  6  6  6  6  3  3  3  3  2  2  2  2             
    19  4  4  5  5  5  5  4  4  4  4  5  5  5  5  4  4  4  4  6  6  6  6  3  3  3  3  2  2  2  2             
    18  4  4  5  5  5  5  4  4  4  4  5  5  5  5  4  4  4  4  6  6  6  6  3  3  3  3  2  2  2  2             
    17  4  4  5  5  5  5  4  4  4  4  5  5  5  5  4  4  4  4  6  6  6  6  3  3  3  3  2  2  2  2             
    16  5  5  4  4  4  4  5  5  5  5  6  6  6  6  6  6  6  6  3  3  3  3  2  2  2  2                         
    15  5  5  4  4  4  4  5  5  5  5  6  6  6  6  6  6  6  6  3  3  3  3  2  2  2  2                         
    14  5  5  4  4  4  4  5  5  5  5  6  6  6  6  6  6  6  6  3  3  3  3  2  2  2  2                         
    13  5  5  4  4  4  4  5  5  5  5  6  6  6  6  6  6  6  6  3  3  3  3  2  2  2  2                         
    12  4  4  6  6  6  6  6  6  6  6  6  6  6  6  3  3  3  3  2  2  2  2                                     
    11  4  4  6  6  6  6  6  6  6  6  6  6  6  6  3  3  3  3  2  2  2  2                                     
    10  4  4  6  6  6  6  6  6  6  6  6  6  6  6  3  3  3  3  2  2  2  2                                     
     9  4  4  6  6  6  6  6  6  6  6  6  6  6  6  3  3  3  3  2  2  2  2                                     
     8  6  6  6  6  6  6  3  3  3  3  2  2  2  2  2  2  2  2                                                 
     7  6  6  6  6  6  6  3  3  3  3  2  2  2  2  2  2  2  2                                                 
     6  6  6  6  6  6  6  3  3  3  3  2  2  2  2  2  2  2  2                                                 
     5  6  6  6  6  6  6  3  3  3  3  2  2  2  2  2  2  2  2                                                 
     4  2  2  2  2  2  2  2  2  2  2                                                                         
     3  2  2  2  2  2  2  2  2  2  2                                                                         
     2  2  2  2  2  2  2  2  2  2  2                                                                         
     1  2  2  2  2  2  2  2  2  2  2                                                                         
  Planar Region :  3
        1  2  3  4  5  6  7  8  9 10 11 12 13 14 15 16 17 18 19 20 21 22 23 24 25 26 27 28 29 30 31 32 33 34
    34  4  4  9  9  9  9  4  4  4  4  9  9  9  9  4  4  4  4  7  7  7  7  4  4  4  4  6  6  6  6  2  2  2  2 
    33  4  4  9  9  9  9  4  4  4  4  9  9  9  9  4  4  4  4  7  7  7  7  4  4  4  4  6  6  6  6  2  2  2  2 
    32  9  9  4  4  4  4  8  8  8  8  4  4  4  4  8  8  8  8  4  4  4  4  11 11 11 11 6  6  6  6  2  2  2  2 
    31  9  9  4  4  4  4  8  8  8  8  4  4  4  4  8  8  8  8  4  4  4  4  11 11 11 11 6  6  6  6  2  2  2  2 
    30  9  9  4  4  4  4  8  8  8  8  4  4  4  4  8  8  8  8  4  4  4  4  11 11 11 11 6  6  6  6  2  2  2  2 
    29  9  9  4  4  4  4  8  8  8  8  4  4  4  4  8  8  8  8  4  4  4  4  11 11 11 11 6  6  6  6  2  2  2  2 
    28  4  4  8  8  8  8  4  4  4  4  8  8  8  8  4  4  4  4  8  8  8  8  6  6  6  6  3  3  3  3  2  2  2  2 
    27  4  4  8  8  8  8  4  4  4  4  8  8  8  8  4  4  4  4  8  8  8  8  6  6  6  6  3  3  3  3  2  2  2  2 
    26  4  4  8  8  8  8  4  4  4  4  8  8  8  8  4  4  4  4  8  8  8  8  6  6  6  6  3  3  3  3  2  2  2  2 
    25  4  4  8  8  8  8  4  4  4  4  8  8  8  8  4  4  4  4  8  8  8  8  6  6  6  6  3  3  3  3  2  2  2  2 
    24  9  9  4  4  4  4  8  8  8  8  4  4  4  4  8  8  8  8  10 10 10 10 6  6  6  6  2  2  2  2             
    23  9  9  4  4  4  4  8  8  8  8  4  4  4  4  8  8  8  8  10 10 10 10 6  6  6  6  2  2  2  2             
    22  9  9  4  4  4  4  8  8  8  8  4  4  4  4  8  8  8  8  10 10 10 10 6  6  6  6  2  2  2  2             
    21  9  9  4  4  4  4  8  8  8  8  4  4  4  4  8  8  8  8  10 10 10 10 6  6  6  6  2  2  2  2             
    20  4  4  8  8  8  8  4  4  4  4  8  8  8  8  4  4  4  4  6  6  6  6  3  3  3  3  2  2  2  2             
    19  4  4  8  8  8  8  4  4  4  4  8  8  8  8  4  4  4  4  6  6  6  6  3  3  3  3  2  2  2  2             
    18  4  4  8  8  8  8  4  4  4  4  8  8  8  8  4  4  4  4  6  6  6  6  3  3  3  3  2  2  2  2             
    17  4  4  8  8  8  8  4  4  4  4  8  8  8  8  4  4  4  4  6  6  6  6  3  3  3  3  2  2  2  2             
    16  7  7  4  4  4  4  8  8  8  8  10 10 10 10 6  6  6  6  3  3  3  3  2  2  2  2                         
    15  7  7  4  4  4  4  8  8  8  8  10 10 10 10 6  6  6  6  3  3  3  3  2  2  2  2                         
    14  7  7  4  4  4  4  8  8  8  8  10 10 10 10 6  6  6  6  3  3  3  3  2  2  2  2                         
    13  7  7  4  4  4  4  8  8  8  8  10 10 10 10 6  6  6  6  3  3  3  3  2  2  2  2                         
    12  4  4  11 11 11 11 6  6  6  6  6  6  6  6  3  3  3  3  2  2  2  2                                     
    11  4  4  11 11 11 11 6  6  6  6  6  6  6  6  3  3  3  3  2  2  2  2                                     
    10  4  4  11 11 11 11 6  6  6  6  6  6  6  6  3  3  3  3  2  2  2  2                                     
     9  4  4  11 11 11 11 6  6  6  6  6  6  6  6  3  3  3  3  2  2  2  2                                     
     8  6  6  6  6  6  6  3  3  3  3  2  2  2  2  2  2  2  2                                                 
     7  6  6  6  6  6  6  3  3  3  3  2  2  2  2  2  2  2  2                                                 
     6  6  6  6  6  6  6  3  3  3  3  2  2  2  2  2  2  2  2                                                 
     5  6  6  6  6  6  6  3  3  3  3  2  2  2  2  2  2  2  2                                                 
     4  2  2  2  2  2  2  2  2  2  2                                                                         
     3  2  2  2  2  2  2  2  2  2  2                                                                         
     2  2  2  2  2  2  2  2  2  2  2                                                                         
     1  2  2  2  2  2  2  2  2  2  2                                                                         

  Planar Region Assignment to Planes.
 -------------------------------------
   Plane Number     Planar Region    Delta-z
       18 (Top)            1          30.00
       17                  3           8.00
       16                  3          12.80
       15                  3          12.80
       14                  3          30.00
       13                  3          30.00
       12                  3          30.00
       11                  3          30.00
       10                  3          30.00
        9                  3          30.00
        8                  3          30.00
        7                  3          30.00
        6                  3          30.00
        5                  3          30.00
        4                  3          15.00
        3                  3          11.00
        2                  2           7.70
        1 (Bottom)         1          30.00

   Boundary Conditions
   -------------------
  X-Directed West   : Reflective
  X-Directed East   : Zero Flux
  Y-Directed North  : Reflective
  Y-Directed South  : Zero Flux
  Z-Directed Bottom : Zero Flux
  Z-Directed Top    : Zero Flux

  ...Core Geometry is Sucessfully Read...
     ---------------------------------


            >>>> READING CONTROL RODS INSERTION <<<<
            --------------------------------------------
  NUMBER OF CONTROL ROD BANK  :  7
  MAX. NUMBER OF STEPS        : 228
  FULLY INSERTED POSITION (cm): 37.7 (FROM BOTTOM OF THE CORE)
  STEP SIZE (cm)              :   1.5942
  CR CUSPING CORRECTION       : NOT ACTIVE
  INITIAL CONTROL ROD BANK POSITION (STEPS) : 
  (0 means fully inserted) 
    Bank  1  Bank  2  Bank  3  Bank  4  Bank  5  Bank  6  Bank  7
    100.0    200.0    100.0    200.0    200.0    200.0    200.0

  CONTROL ROD BANK MAP : 
  1  0  2  0  0  0  3  0  0
  0  4  0  0  0  6  0  0  0
  2  0  5  0  6  0  6  0  0
  0  0  0  4  0  0  0  0  0
  0  0  6  0  7  0  0  0  0
  0  6  0  0  0  0  0  0  0
  3  0  6  0  0  0  0  0  0
  0  0  0  0  0  0  0  0  0
  0  0  0  0  0  0  0  0  0

  MATERIAL CX INCREMENT OR DECREMENT DUE TO CR INSERTION : 
    MATERIAL  1
    GROUP   TRANSPORT  ABSORPTION      NU*FISS      FISSION
       1     0.003732    0.002478    -0.000103    -0.000000
       2    -0.021993    0.025587    -0.002823    -0.000000
   --SCATTERING MATRIX--
     G/G'        1        2
      1      0.000000 -0.003193
      2      0.000000  0.000000
    MATERIAL  2
    GROUP   TRANSPORT  ABSORPTION      NU*FISS      FISSION
       1     0.003732    0.002478    -0.000103    -0.000000
       2    -0.021993    0.025587    -0.002823    -0.000000
   --SCATTERING MATRIX--
     G/G'        1        2
      1      0.000000 -0.003193
      2      0.000000  0.000000
    MATERIAL  3
    GROUP   TRANSPORT  ABSORPTION      NU*FISS      FISSION
       1     0.003732    0.002478    -0.000103    -0.000000
       2    -0.021993    0.025587    -0.002823    -0.000000
   --SCATTERING MATRIX--
     G/G'        1        2
      1      0.000000 -0.003193
      2      0.000000  0.000000
    MATERIAL  4
    GROUP   TRANSPORT  ABSORPTION      NU*FISS      FISSION
       1     0.003732    0.002478    -0.000103    -0.000000
       2    -0.021993    0.025587    -0.002823    -0.000000
   --SCATTERING MATRIX--
     G/G'        1        2
      1      0.000000 -0.003193
      2      0.000000  0.000000
    MATERIAL  5
    GROUP   TRANSPORT  ABSORPTION      NU*FISS      FISSION
       1     0.003732    0.002478    -0.000103    -0.000000
       2    -0.021993    0.025587    -0.002823    -0.000000
   --SCATTERING MATRIX--
     G/G'        1        2
      1      0.000000 -0.003193
      2      0.000000  0.000000
    MATERIAL  6
    GROUP   TRANSPORT  ABSORPTION      NU*FISS      FISSION
       1     0.003741    0.002429    -0.000123    -0.000000
       2    -0.016750    0.025648    -0.003281    -0.000000
   --SCATTERING MATRIX--
     G/G'        1        2
      1      0.000000 -0.003142
      2      0.000000  0.000000
    MATERIAL  7
    GROUP   TRANSPORT  ABSORPTION      NU*FISS      FISSION
       1     0.003732    0.002478    -0.000103    -0.000000
       2    -0.021993    0.025587    -0.002823    -0.000000
   --SCATTERING MATRIX--
     G/G'        1        2
      1      0.000000 -0.003193
      2      0.000000  0.000000
    MATERIAL  8
    GROUP   TRANSPORT  ABSORPTION      NU*FISS      FISSION
       1     0.003732    0.002478    -0.000103    -0.000000
       2    -0.021993    0.025587    -0.002823    -0.000000
   --SCATTERING MATRIX--
     G/G'        1        2
      1      0.000000 -0.003193
      2      0.000000  0.000000
    MATERIAL  9
    GROUP   TRANSPORT  ABSORPTION      NU*FISS      FISSION
       1     0.003732    0.002478    -0.000103    -0.000000
       2    -0.021993    0.025587    -0.002823    -0.000000
   --SCATTERING MATRIX--
     G/G'        1        2
      1      0.000000 -0.003193
      2      0.000000  0.000000
    MATERIAL 10
    GROUP   TRANSPORT  ABSORPTION      NU*FISS      FISSION
       1     0.003732    0.002478    -0.000103    -0.000000
       2    -0.021993    0.025587    -0.002823    -0.000000
   --SCATTERING MATRIX--
     G/G'        1        2
      1      0.000000 -0.003193
      2      0.000000  0.000000
    MATERIAL 11
    GROUP   TRANSPORT  ABSORPTION      NU*FISS      FISSION
       1     0.003732    0.002478    -0.000103    -0.000000
       2    -0.021993    0.025587    -0.002823    -0.000000
   --SCATTERING MATRIX--
     G/G'        1        2
      1      0.000000 -0.003193
      2      0.000000  0.000000

  ...Control Rods Insertion card is sucessfully read...


            >>>>     READING ROD EJECTION DATA      <<<<
            --------------------------------------------
                           Bank  1  Bank  2  Bank  3  Bank  4  Bank  5  Bank  6  Bank  7
  FINAL BANK POS. (STEP)    228.0    200.0    100.0    200.0    200.0    200.0    200.0
  STARTS MOVE (SECOND)        0.0      0.0      0.0      0.0      0.0      0.0      0.0
  SPEED (STEP/SECOND)      1280.0      0.0      0.0      0.0      0.0      0.0      0.0

  TIME PARAMETERS IN SECONDS : 
    TOTAL SIMULATION TIME         :   5.00
    FIRST TIME STEP               : 0.0100
    SECOND TIME STEP              : 0.1000
    WHEN SECOND TIME STEP APPLY?  :   1.00

  DELAYED NEUTRON FRACTION : 
    0.00026    0.00152    0.00139    0.00307    0.00110    0.00026

  PRECUSOR DECAY CONSTANT (1/s): 
    0.01280    0.03180    0.11900    0.31810    1.40270    3.92860

  NEUTRON VELOCITY (cm/s) : 
    2.80000E+07    4.40000E+05

  ...Rod Ejection Card is sucessfully read...


            >>>>       READING BORON CONCENTRATION        <<<<
            --------------------------------------------------
  BORON CONCENTRATION SET       : 1159.59
  BORON CONCENTRATION REFERENCE : 1200.20

  MATERIAL CX CHANGES PER PPM BORON CHANGES : 
    MATERIAL  1
     GROUP   TRANSPORT   ABSORPTION   NU*FISS       FISSION
       1     0.000000    0.000000   0.00000E+00   0.00000E+00
       2     0.000005    0.000010   0.00000E+00   0.00000E+00
   --SCATTERING MATRIX--
     G/G'          1          2
      1      0.00000E+00  0.79146E-09
      2      0.00000E+00  0.00000E+00
    MATERIAL  2
     GROUP   TRANSPORT   ABSORPTION   NU*FISS       FISSION
       1     0.000000    0.000000   0.00000E+00   0.00000E+00
       2     0.000776    0.000084   0.00000E+00   0.00000E+00
   --SCATTERING MATRIX--
     G/G'          1          2
      1      0.00000E+00  0.00000E+00
      2      0.00000E+00  0.00000E+00
    MATERIAL  3
     GROUP   TRANSPORT   ABSORPTION   NU*FISS       FISSION
       1     0.000000    0.000000   0.00000E+00   0.00000E+00
       2     0.000776    0.000084   0.00000E+00   0.00000E+00
   --SCATTERING MATRIX--
     G/G'          1          2
      1      0.00000E+00  0.00000E+00
      2      0.00000E+00  0.00000E+00
    MATERIAL  4
     GROUP   TRANSPORT   ABSORPTION   NU*FISS       FISSION
       1     0.000000    0.000000  -0.11210E-08  -0.17619E-19
       2    -0.000010    0.000007  -0.24305E-05  -0.31909E-16
   --SCATTERING MATRIX--
     G/G'          1          2
      1      0.00000E+00 -0.10859E-06
      2      0.00000E+00  0.00000E+00
    MATERIAL  5
     GROUP   TRANSPORT   ABSORPTION   NU*FISS       FISSION
       1     0.000000    0.000000  -0.16788E-08  -0.24996E-19
       2    -0.000009    0.000007  -0.27244E-05  -0.35768E-16
   --SCATTERING MATRIX--
     G/G'          1          2
      1      0.00000E+00 -0.10695E-06
      2      0.00000E+00  0.00000E+00
    MATERIAL  6
     GROUP   TRANSPORT   ABSORPTION   NU*FISS       FISSION
       1     0.000000    0.000000  -0.22104E-08  -0.32023E-19
       2    -0.000007    0.000007  -0.29588E-05  -0.38845E-16
   --SCATTERING MATRIX--
     G/G'          1          2
      1      0.00000E+00 -0.10537E-06
      2      0.00000E+00  0.00000E+00
    MATERIAL  7
     GROUP   TRANSPORT   ABSORPTION   NU*FISS       FISSION
       1     0.000000    0.000000  -0.17132E-08  -0.24996E-19
       2    -0.000007    0.000006  -0.25536E-05  -0.33522E-16
   --SCATTERING MATRIX--
     G/G'          1          2
      1      0.00000E+00 -0.10087E-06
      2      0.00000E+00  0.00000E+00
    MATERIAL  8
     GROUP   TRANSPORT   ABSORPTION   NU*FISS       FISSION
       1     0.000000    0.000000  -0.17242E-08  -0.25490E-19
       2    -0.000006    0.000006  -0.24888E-05  -0.32670E-16
   --SCATTERING MATRIX--
     G/G'          1          2
      1      0.00000E+00 -0.98858E-07
      2      0.00000E+00  0.00000E+00
    MATERIAL  9
     GROUP   TRANSPORT   ABSORPTION   NU*FISS       FISSION
       1     0.000000    0.000000  -0.17350E-08  -0.25605E-19
       2    -0.000006    0.000006  -0.24224E-05  -0.31798E-16
   --SCATTERING MATRIX--
     G/G'          1          2
      1      0.00000E+00 -0.96849E-07
      2      0.00000E+00  0.00000E+00
    MATERIAL 10
     GROUP   TRANSPORT   ABSORPTION   NU*FISS       FISSION
       1     0.000000    0.000000  -0.22434E-08  -0.32023E-19
       2    -0.000006    0.000006  -0.27766E-05  -0.36451E-16
   --SCATTERING MATRIX--
     G/G'          1          2
      1      0.00000E+00 -0.99331E-07
      2      0.00000E+00  0.00000E+00
    MATERIAL 11
     GROUP   TRANSPORT   ABSORPTION   NU*FISS       FISSION
       1     0.000000    0.000000  -0.22537E-08  -0.32487E-19
       2    -0.000005    0.000006  -0.27078E-05  -0.35548E-16
   --SCATTERING MATRIX--
     G/G'          1          2
      1      0.00000E+00 -0.97329E-07
      2      0.00000E+00  0.00000E+00

  ...Boron Concentration card is sucessfully read...


            >>>>   READING THERMAL-HYDRAULIC DATA   <<<<
            --------------------------------------------
  REACTOR PERCENT POWER (%)                :    100.00000
  REACTOR POWER (Watt)                     :   6.9375E+08
  COOLANT INLET TEMPERATURE (Kelvin)       :   5.5915E+02
  FUEL ASSEMBLY MASS FLOW RATE (Kg/s)      :   8.2121E+01
  FUEL MEAT RADIUS (m)                     :   4.1195E-03
  GAP THICKNESS (m)                        :   6.8000E-05
  CLAD THICKNESS (m)                       :   5.7100E-04
  PIN PITCH(m)                             :   1.2655E-02
  FRACTION OF HEAT DEPOSITED IN COOL.      :   1.9000E-02

  ...Thermal-hydraulic Card is sucessfully read...


            >>>>      READING FUEL TEMPERATURE      <<<<
            --------------------------------------------
  AVERAGE FUEL TEMPERATURE   :891.19  (NOT USED)
  FUEL TEMPERATURE REFERENCE :891.45

  MATERIAL CX CHANGES PER FUEL TEMPERATURE CHANGES : 
    MATERIAL  1
     GROUP   TRANSPORT   ABSORPTION   NU*FISS       FISSION
       1   0.00000E+00  0.00000E+00   0.00000E+00   0.00000E+00
       2   0.00000E+00  0.00000E+00   0.00000E+00   0.00000E+00
   --SCATTERING MATRIX--
     G/G'          1          2
      1      0.00000E+00  0.00000E+00
      2      0.00000E+00  0.00000E+00
    MATERIAL  2
     GROUP   TRANSPORT   ABSORPTION   NU*FISS       FISSION
       1   0.00000E+00  0.00000E+00   0.00000E+00   0.00000E+00
       2   0.00000E+00  0.00000E+00   0.00000E+00   0.00000E+00
   --SCATTERING MATRIX--
     G/G'          1          2
      1      0.00000E+00  0.00000E+00
      2      0.00000E+00  0.00000E+00
    MATERIAL  3
     GROUP   TRANSPORT   ABSORPTION   NU*FISS       FISSION
       1   0.00000E+00  0.00000E+00   0.00000E+00   0.00000E+00
       2   0.00000E+00  0.00000E+00   0.00000E+00   0.00000E+00
   --SCATTERING MATRIX--
     G/G'          1          2
      1      0.00000E+00  0.00000E+00
      2      0.00000E+00  0.00000E+00
    MATERIAL  4
     GROUP   TRANSPORT   ABSORPTION   NU*FISS       FISSION
       1  -0.30920E-04  0.34971E-04   0.64013E-06   0.71541E-17
       2  -0.13729E-03 -0.37181E-04  -0.56304E-04  -0.73919E-15
   --SCATTERING MATRIX--
     G/G'          1          2
      1      0.00000E+00 -0.27554E-04
      2      0.00000E+00  0.00000E+00
    MATERIAL  5
     GROUP   TRANSPORT   ABSORPTION   NU*FISS       FISSION
       1  -0.30861E-04  0.35180E-04   0.99743E-06   0.11868E-16
       2  -0.11748E-03 -0.37704E-04  -0.60415E-04  -0.79317E-15
   --SCATTERING MATRIX--
     G/G'          1          2
      1      0.00000E+00 -0.27677E-04
      2      0.00000E+00  0.00000E+00
    MATERIAL  6
     GROUP   TRANSPORT   ABSORPTION   NU*FISS       FISSION
       1  -0.30917E-04  0.35384E-04   0.14185E-05   0.17427E-16
       2  -0.10134E-03 -0.37756E-04  -0.63096E-04  -0.82836E-15
   --SCATTERING MATRIX--
     G/G'          1          2
      1      0.00000E+00 -0.27839E-04
      2      0.00000E+00  0.00000E+00
    MATERIAL  7
     GROUP   TRANSPORT   ABSORPTION   NU*FISS       FISSION
       1  -0.31375E-04  0.34870E-04   0.94543E-06   0.11868E-16
       2  -0.10827E-03 -0.37275E-04  -0.57966E-04  -0.76085E-15
   --SCATTERING MATRIX--
     G/G'          1          2
      1      0.00000E+00 -0.27355E-04
      2      0.00000E+00  0.00000E+00
    MATERIAL  8
     GROUP   TRANSPORT   ABSORPTION   NU*FISS       FISSION
       1  -0.31550E-04  0.34727E-04   0.92608E-06   0.10893E-16
       2  -0.10552E-03 -0.37181E-04  -0.57111E-04  -0.74957E-15
   --SCATTERING MATRIX--
     G/G'          1          2
      1      0.00000E+00 -0.27238E-04
      2      0.00000E+00  0.00000E+00
    MATERIAL  9
     GROUP   TRANSPORT   ABSORPTION   NU*FISS       FISSION
       1  -0.31728E-04  0.34603E-04   0.90580E-06   0.10617E-16
       2  -0.10252E-03 -0.37020E-04  -0.56154E-04  -0.73697E-15
   --SCATTERING MATRIX--
     G/G'          1          2
      1      0.00000E+00 -0.27117E-04
      2      0.00000E+00  0.00000E+00
    MATERIAL 10
     GROUP   TRANSPORT   ABSORPTION   NU*FISS       FISSION
       1  -0.31419E-04  0.35064E-04   0.13564E-05   0.17427E-16
       2  -0.93889E-04 -0.37140E-04  -0.60505E-04  -0.79425E-15
   --SCATTERING MATRIX--
     G/G'          1          2
      1      0.00000E+00 -0.27505E-04
      2      0.00000E+00  0.00000E+00
    MATERIAL 11
     GROUP   TRANSPORT   ABSORPTION   NU*FISS       FISSION
       1  -0.31591E-04  0.34912E-04   0.13334E-05   0.16277E-16
       2  -0.91713E-04 -0.36991E-04  -0.59628E-04  -0.78272E-15
   --SCATTERING MATRIX--
     G/G'          1          2
      1      0.00000E+00 -0.27383E-04
      2      0.00000E+00  0.00000E+00

  ...Fuel Temperature is card sucessfully read...


            >>>>   READING MODERATOR TEMPERATURE    <<<<
            --------------------------------------------
  AVERAGE MODERATOR TEMPERATURE   :559.19  (NOT USED)
  MODERATOR TEMPERATURE REFERENCE :579.75

  MATERIAL CX CHANGES PER MODERATOR TEMPERATURE CHANGES : 
    MATERIAL  1
     GROUP   TRANSPORT   ABSORPTION   NU*FISS       FISSION
       1   0.00000E+00  0.00000E+00   0.00000E+00   0.00000E+00
       2   0.00000E+00  0.00000E+00   0.00000E+00   0.00000E+00
   --SCATTERING MATRIX--
     G/G'          1          2
      1      0.00000E+00  0.00000E+00
      2      0.00000E+00  0.00000E+00
    MATERIAL  2
     GROUP   TRANSPORT   ABSORPTION   NU*FISS       FISSION
       1   0.00000E+00  0.00000E+00   0.00000E+00   0.00000E+00
       2   0.00000E+00  0.00000E+00   0.00000E+00   0.00000E+00
   --SCATTERING MATRIX--
     G/G'          1          2
      1      0.00000E+00  0.00000E+00
      2      0.00000E+00  0.00000E+00
    MATERIAL  3
     GROUP   TRANSPORT   ABSORPTION   NU*FISS       FISSION
       1   0.00000E+00  0.00000E+00   0.00000E+00   0.00000E+00
       2   0.00000E+00  0.00000E+00   0.00000E+00   0.00000E+00
   --SCATTERING MATRIX--
     G/G'          1          2
      1      0.00000E+00  0.00000E+00
      2      0.00000E+00  0.00000E+00
    MATERIAL  4
     GROUP   TRANSPORT   ABSORPTION   NU*FISS       FISSION
       1  -0.20331E-05  0.21219E-06   0.12471E-06   0.14304E-17
       2  -0.10867E-03 -0.31560E-04  -0.41644E-04  -0.54672E-15
   --SCATTERING MATRIX--
     G/G'          1          2
      1      0.00000E+00  0.80968E-06
      2      0.00000E+00  0.00000E+00
    MATERIAL  5
     GROUP   TRANSPORT   ABSORPTION   NU*FISS       FISSION
       1  -0.19808E-05  0.22600E-06   0.13515E-06   0.15690E-17
       2  -0.90615E-04 -0.32144E-04  -0.45310E-04  -0.59486E-15
   --SCATTERING MATRIX--
     G/G'          1          2
      1      0.00000E+00  0.85847E-06
      2      0.00000E+00  0.00000E+00
    MATERIAL  6
     GROUP   TRANSPORT   ABSORPTION   NU*FISS       FISSION
       1  -0.19243E-05  0.23994E-06   0.14908E-06   0.17542E-17
       2  -0.76279E-04 -0.32378E-04  -0.47847E-04  -0.62817E-15
   --SCATTERING MATRIX--
     G/G'          1          2
      1      0.00000E+00  0.90349E-06
      2      0.00000E+00  0.00000E+00
    MATERIAL  7
     GROUP   TRANSPORT   ABSORPTION   NU*FISS       FISSION
       1  -0.26963E-05  0.24853E-06   0.14077E-06   0.15690E-17
       2  -0.76244E-04 -0.30012E-04  -0.42020E-04  -0.55167E-15
   --SCATTERING MATRIX--
     G/G'          1          2
      1      0.00000E+00  0.70131E-06
      2      0.00000E+00  0.00000E+00
    MATERIAL  8
     GROUP   TRANSPORT   ABSORPTION   NU*FISS       FISSION
       1  -0.30791E-05  0.26185E-06   0.14323E-06   0.16790E-17
       2  -0.73340E-04 -0.29193E-04  -0.40770E-04  -0.53526E-15
   --SCATTERING MATRIX--
     G/G'          1          2
      1      0.00000E+00  0.61738E-06
      2      0.00000E+00  0.00000E+00
    MATERIAL  9
     GROUP   TRANSPORT   ABSORPTION   NU*FISS       FISSION
       1  -0.35388E-05  0.27431E-06   0.14602E-06   0.17167E-17
       2  -0.71371E-04 -0.28304E-04  -0.39432E-04  -0.51769E-15
   --SCATTERING MATRIX--
     G/G'          1          2
      1      0.00000E+00  0.51655E-06
      2      0.00000E+00  0.00000E+00
    MATERIAL 10
     GROUP   TRANSPORT   ABSORPTION   NU*FISS       FISSION
       1  -0.26391E-05  0.26429E-06   0.15586E-06   0.17542E-17
       2  -0.63955E-04 -0.30351E-04  -0.44443E-04  -0.58348E-15
   --SCATTERING MATRIX--
     G/G'          1          2
      1      0.00000E+00  0.74432E-06
      2      0.00000E+00  0.00000E+00
    MATERIAL 11
     GROUP   TRANSPORT   ABSORPTION   NU*FISS       FISSION
       1  -0.30215E-05  0.27906E-06   0.15881E-06   0.18853E-17
       2  -0.61698E-04 -0.29563E-04  -0.43159E-04  -0.56662E-15
   --SCATTERING MATRIX--
     G/G'          1          2
      1      0.00000E+00  0.65952E-06
      2      0.00000E+00  0.00000E+00

  ...Moderator Temperature Card is sucessfully read...


            >>>>       READING COOLANT DENSITY      <<<<
            --------------------------------------------
  AVERAGE COOLANT DENSITY   :  0.7464  (USED AS GUESS)
  COOLANT DENSITY REFERENCE :  0.7125

  MATERIAL CX CHANGES PER COOLANT DENSITY CHANGES : 
    MATERIAL  1
     GROUP   TRANSPORT   ABSORPTION   NU*FISS       FISSION
       1   0.74576E-01  0.20769E-03   0.00000E+00   0.00000E+00
       2   0.53363E+00  0.75842E-02   0.00000E+00   0.00000E+00
   --SCATTERING MATRIX--
     G/G'          1          2
      1      0.00000E+00  0.37131E-01
      2      0.00000E+00  0.00000E+00
    MATERIAL  2
     GROUP   TRANSPORT   ABSORPTION   NU*FISS       FISSION
       1   0.00000E+00  0.00000E+00   0.00000E+00   0.00000E+00
       2   0.00000E+00  0.00000E+00   0.00000E+00   0.00000E+00
   --SCATTERING MATRIX--
     G/G'          1          2
      1      0.00000E+00  0.00000E+00
      2      0.00000E+00  0.00000E+00
    MATERIAL  3
     GROUP   TRANSPORT   ABSORPTION   NU*FISS       FISSION
       1   0.00000E+00  0.00000E+00   0.00000E+00   0.00000E+00
       2   0.00000E+00  0.00000E+00   0.00000E+00   0.00000E+00
   --SCATTERING MATRIX--
     G/G'          1          2
      1      0.00000E+00  0.00000E+00
      2      0.00000E+00  0.00000E+00
    MATERIAL  4
     GROUP   TRANSPORT   ABSORPTION   NU*FISS       FISSION
       1   0.13567E+00  0.15519E-02   0.92069E-03   0.10239E-13
       2   0.99263E+00  0.25266E-01   0.24775E-01   0.32526E-12
   --SCATTERING MATRIX--
     G/G'          1          2
      1      0.00000E+00  0.29319E-01
      2      0.00000E+00  0.00000E+00
    MATERIAL  5
     GROUP   TRANSPORT   ABSORPTION   NU*FISS       FISSION
       1   0.13575E+00  0.16149E-02   0.96416E-03   0.10814E-13
       2   0.98198E+00  0.28667E-01   0.31499E-01   0.41354E-12
   --SCATTERING MATRIX--
     G/G'          1          2
      1      0.00000E+00  0.29270E-01
      2      0.00000E+00  0.00000E+00
    MATERIAL  6
     GROUP   TRANSPORT   ABSORPTION   NU*FISS       FISSION
       1   0.13583E+00  0.16802E-02   0.10141E-02   0.11477E-13
       2   0.97227E+00  0.31957E-01   0.38110E-01   0.50033E-12
   --SCATTERING MATRIX--
     G/G'          1          2
      1      0.00000E+00  0.29215E-01
      2      0.00000E+00  0.00000E+00
    MATERIAL  7
     GROUP   TRANSPORT   ABSORPTION   NU*FISS       FISSION
       1   0.13103E+00  0.16840E-02   0.98195E-03   0.10814E-13
       2   0.93470E+00  0.31424E-01   0.35159E-01   0.46172E-12
   --SCATTERING MATRIX--
     G/G'          1          2
      1      0.00000E+00  0.28249E-01
      2      0.00000E+00  0.00000E+00
    MATERIAL  8
     GROUP   TRANSPORT   ABSORPTION   NU*FISS       FISSION
       1   0.12938E+00  0.17197E-02   0.98844E-03   0.11132E-13
       2   0.91817E+00  0.32472E-01   0.36325E-01   0.47708E-12
   --SCATTERING MATRIX--
     G/G'          1          2
      1      0.00000E+00  0.27890E-01
      2      0.00000E+00  0.00000E+00
    MATERIAL  9
     GROUP   TRANSPORT   ABSORPTION   NU*FISS       FISSION
       1   0.12768E+00  0.17499E-02   0.99518E-03   0.11221E-13
       2   0.90129E+00  0.33594E-01   0.37450E-01   0.49190E-12
   --SCATTERING MATRIX--
     G/G'          1          2
      1      0.00000E+00  0.27520E-01
      2      0.00000E+00  0.00000E+00
    MATERIAL 10
     GROUP   TRANSPORT   ABSORPTION   NU*FISS       FISSION
       1   0.13112E+00  0.17553E-02   0.10352E-02   0.11477E-13
       2   0.92492E+00  0.34985E-01   0.42069E-01   0.58348E-12
   --SCATTERING MATRIX--
     G/G'          1          2
      1      0.00000E+00  0.28188E-01
      2      0.00000E+00  0.00000E+00
    MATERIAL 11
     GROUP   TRANSPORT   ABSORPTION   NU*FISS       FISSION
       1   0.12946E+00  0.17950E-02   0.10429E-02   0.11853E-13
       2   0.90846E+00  0.36103E-01   0.43321E-01   0.56886E-12
   --SCATTERING MATRIX--
     G/G'          1          2
      1      0.00000E+00  0.27826E-01
      2      0.00000E+00  0.00000E+00

  ...Coolant Density Card is sucessfully read...
    1     1.057563    3.19318E+00    8.80303E+01
    2     1.020448    1.00000E+00    1.30036E+01
    3     0.993408    5.81935E-01    4.06777E+00
    4     0.985198    3.58003E-01    1.46808E+00
    5     0.982505    6.40106E+03    6.19996E-01
    6     0.999852    3.30498E+00    7.51200E+00
    7     1.000135    1.99584E-01    1.35875E+00
    8     1.000036    1.21711E-01    8.13038E-01
    9     1.000272    9.33237E-02    2.48473E-01
   10     1.006131    3.51052E+02    9.42832E-02
   11     1.004848    2.55275E+00    6.85598E+00
   12     1.005699    3.13163E-01    1.53480E+00
   13     1.006006    1.91391E-01    6.37106E-01
   14     1.006232    1.13197E-01    3.20666E-01
   15     1.009101    7.63326E+01    1.55804E-01
   16     1.007627    1.13591E+00    1.11830E+00
   17     1.007720    1.34168E-01    4.31587E-01
   18     1.007665    7.34286E-02    1.70936E-01
   19     1.007643    4.64060E-02    4.90835E-02
   20     1.007791    2.49414E+02    3.88008E-02
    1     1.010609    2.24154E-02    3.37988E-02
    2     1.009828    2.21874E-02    2.82052E-02
    3     1.009554    1.80700E-02    2.06019E-02
    4     1.009477    1.55655E-02    1.63407E-02
    5     1.008152    9.09668E+00    1.47389E-02
    6     1.009647    7.57091E-01    1.62761E+00
    7     1.009669    1.12046E-01    7.20910E-01
    8     1.009734    6.45563E-02    3.17731E-01
    9     1.009796    5.54195E-02    1.20377E-01
   10     1.010243    2.91364E-01    4.71662E-02
   11     1.010022    9.87644E-02    1.96873E-01
   12     1.010101    3.63838E-02    1.26884E-01
   13     1.010109    2.04757E-02    5.26637E-02
   14     1.010110    1.29127E-02    2.70884E-02
   15     1.010186    3.21007E-01    1.49712E-02
   16     1.010170    2.39049E-01    1.86442E-01
   17     1.010244    3.84173E-02    1.17271E-01
   18     1.010270    3.36299E-02    3.65345E-02
   19     1.010284    2.79757E-02    3.19507E-02
   20     1.010359    2.82054E-01    2.73816E-02
    1     0.996105    5.51254E-02    1.01987E-01
    2     0.999902    1.24567E-02    2.77237E-02
    3     1.001239    1.00498E-02    1.44460E-02
    4     1.001602    8.65222E-03    8.88731E-03
    5     1.006428    7.79723E-01    8.38334E-03
    6     1.003430    2.24643E-01    4.45065E-01
    7     1.002179    6.19035E-02    2.04089E-01
    8     1.001943    4.42868E-02    1.33393E-01
    9     1.001933    3.96168E-02    5.99998E-02
   10     1.003059    1.17658E+01    3.63868E-02
   11     1.003030    8.51109E-01    9.98768E-01
   12     1.003016    6.62483E-02    2.88345E-01
   13     1.002920    4.13790E-02    1.13456E-01
   14     1.002858    3.81608E-02    4.56823E-02
   15     1.002233    3.50574E-01    3.35348E-02
   16     1.002909    1.80378E-01    2.20893E-01
   17     1.002645    4.16140E-02    8.02154E-02
   18     1.002610    2.73719E-02    3.15928E-02
   19     1.002617    1.65857E-02    2.46938E-02
   20     1.003109    1.01477E+00    1.52606E-02
    1     1.001180    1.67077E-02    1.92806E-02
    2     1.001354    1.14819E-02    1.15347E-02
    3     1.001432    1.00782E-02    1.01566E-02
    4     1.001454    8.82200E-03    8.89092E-03
    5     1.001613    2.03868E-01    7.75479E-03
    6     1.001547    8.68007E-02    9.91731E-02
    7     1.001510    1.20093E-02    5.88742E-02
    8     1.001498    7.31226E-03    2.56314E-02
    9     1.001493    5.02930E-03    1.20120E-02
   10     1.001461    9.19369E-02    6.48932E-03
   11     1.001567    4.63437E-02    4.95583E-02
   12     1.001509    5.51833E-03    2.78057E-02
   13     1.001496    4.37297E-03    1.41206E-02
   14     1.001493    3.90385E-03    3.92932E-03
   15     1.001497    7.78751E-02    3.44996E-03
   16     1.001548    3.27907E-02    4.30256E-02
   17     1.001525    6.61074E-03    2.45492E-02
   18     1.001519    4.02812E-03    9.90210E-03
   19     1.001517    2.89686E-03    4.42247E-03
   20     1.001509    5.04162E-02    3.10835E-03
    1     0.998962    5.20101E-03    8.53678E-03
    2     0.999569    2.17976E-03    3.32504E-03
    3     0.999783    1.45721E-03    2.32343E-03
    4     0.999837    1.23233E-03    1.39206E-03
    5     1.000242    4.45245E-02    1.30730E-03
    6     0.999631    2.14598E-02    3.10794E-02
    7     0.999687    4.19667E-03    1.87500E-02
    8     0.999709    3.25041E-03    1.13943E-02
    9     0.999719    2.58595E-03    4.14277E-03
   10     0.999758    1.36670E-02    2.82306E-03
   11     0.999737    4.51364E-03    8.28498E-03
   12     0.999741    1.54068E-03    5.26828E-03
   13     0.999740    1.20871E-03    3.11173E-03
   14     0.999740    1.02966E-03    1.66861E-03
   15     0.999724    2.07645E-02    1.14048E-03
   16     0.999732    9.22633E-03    1.39017E-02
   17     0.999730    1.30488E-03    8.83803E-03
   18     0.999731    5.98072E-04    4.93170E-03
   19     0.999731    4.42658E-04    1.68997E-03
   20     0.999733    9.03238E-03    6.49596E-04
    1     0.999528    1.42682E-03    2.71073E-03
    2     0.999572    6.87149E-04    1.09398E-03
    3     0.999587    5.63004E-04    6.53456E-04
    4     0.999591    5.09407E-04    5.10601E-04
    5     0.999621    2.07166E-02    4.82248E-04
    6     0.999548    8.67467E-03    1.44968E-02
    7     0.999575    1.86658E-03    7.15929E-03
    8     0.999583    1.07912E-03    4.31450E-03
    9     0.999586    7.93189E-04    2.00818E-03
   10     0.999607    6.63741E-03    1.06903E-03
   11     0.999595    3.00567E-03    3.73215E-03
   12     0.999596    3.17869E-04    2.43515E-03
   13     0.999596    2.30714E-04    1.23705E-03
   14     0.999595    1.68628E-04    3.41151E-04
   15     0.999584    6.94981E-03    1.28123E-04
   16     0.999579    4.05594E-03    4.40782E-03
   17     0.999586    5.88514E-04    2.63395E-03
   18     0.999589    5.45931E-04    1.24130E-03
   19     0.999591    4.36648E-04    5.60860E-04
   20     0.999597    3.04758E-03    4.07727E-04
    1     0.999571    4.67093E-04    6.54910E-04
    2     0.999576    2.58230E-04    2.99670E-04
    3     0.999578    2.04542E-04    2.16070E-04
    4     0.999578    1.80153E-04    1.81520E-04
    5     0.999586    1.23177E-02    1.65205E-04
    6     0.999550    5.39514E-03    8.75368E-03
    7     0.999565    1.06248E-03    4.58811E-03
    8     0.999568    8.53933E-04    2.29210E-03
    9     0.999569    7.24513E-04    1.20891E-03
   10     0.999567    4.68982E-03    7.13797E-04
   11     0.999568    1.16260E-03    3.05816E-03
   12     0.999567    1.70648E-04    1.88208E-03
   13     0.999567    9.29715E-05    5.98776E-04
   14     0.999567    8.43721E-05    1.93079E-04
   15     0.999572    2.09144E-03    8.45840E-05
   16     0.999566    7.88891E-04    1.38404E-03
   17     0.999569    1.93846E-04    7.19053E-04
   18     0.999569    1.39911E-04    4.43744E-04
   19     0.999570    1.05208E-04    1.64137E-04
   20     0.999568    3.80572E-03    1.17202E-04
    1     0.999606    4.79094E-04    8.42134E-04
    2     0.999600    1.69617E-04    2.23660E-04
    3     0.999598    1.40349E-04    1.41980E-04
    4     0.999597    1.28356E-04    1.29206E-04
    5     0.999595    4.47476E-03    1.22207E-04
    6     0.999601    1.41479E-03    3.31297E-03
    7     0.999599    5.17373E-04    2.04388E-03
    8     0.999599    3.48909E-04    1.17852E-03
    9     0.999599    2.61904E-04    5.89272E-04
   10     0.999596    3.46452E-03    3.31967E-04
   11     0.999598    1.73675E-03    1.86171E-03
   12     0.999598    1.58516E-04    1.13963E-03
   13     0.999597    1.16779E-04    5.29808E-04
   14     0.999598    7.97862E-05    1.51645E-04
   15     0.999599    1.51851E-03    7.43444E-05
   16     0.999599    8.83982E-04    8.11568E-04
   17     0.999599    1.19909E-04    4.53360E-04
   18     0.999599    8.29163E-05    2.34938E-04
   19     0.999598    5.53284E-05    8.02004E-05
   20     0.999597    7.16699E-04    5.97326E-05
    1     0.999627    1.26685E-04    2.10643E-04
    2     0.999620    7.89107E-05    8.39501E-05
    3     0.999617    6.34029E-05    6.38405E-05
    4     0.999616    5.59925E-05    5.62817E-05
    5     0.999612    2.10472E-03    5.20859E-05
    6     0.999619    6.75811E-04    1.48011E-03
    7     0.999619    2.16332E-04    8.13550E-04
    8     0.999619    1.58493E-04    4.49076E-04
    9     0.999619    1.37108E-04    2.18683E-04
   10     0.999619    1.40520E-03    1.54371E-04
   11     0.999619    5.83681E-04    9.19254E-04
   12     0.999619    8.09319E-05    5.95529E-04
   13     0.999619    3.49426E-05    2.95126E-04
   14     0.999619    2.23156E-05    8.85912E-05
   15     0.999619    6.29114E-04    3.21121E-05
   16     0.999619    3.01939E-04    3.77635E-04
   17     0.999619    6.86893E-05    1.80417E-04
   18     0.999619    4.98313E-05    9.47596E-05
   19     0.999619    3.58342E-05    5.70188E-05
   20     0.999619    2.79254E-04    4.00677E-05
    1     0.999616    1.02200E-04    1.83600E-04
    2     0.999617    4.04978E-05    5.56558E-05
    3     0.999617    3.32130E-05    3.36400E-05
    4     0.999617    3.03424E-05    3.05073E-05
    5     0.999617    1.08846E-03    2.89565E-05
    6     0.999617    3.26880E-04    7.96151E-04
    7     0.999617    1.08822E-04    4.92658E-04
    8     0.999617    7.10622E-05    2.58610E-04
    9     0.999617    5.25729E-05    1.24182E-04
   10     0.999616    8.46673E-04    6.80110E-05
   11     0.999616    4.19844E-04    4.94562E-04
   12     0.999616    3.81011E-05    3.05141E-04
   13     0.999616    3.11028E-05    1.51412E-04
   14     0.999616    2.13965E-05    3.36080E-05
   15     0.999616    3.24059E-04    1.70107E-05
   16     0.999617    1.73751E-04    1.59134E-04
   17     0.999616    2.32193E-05    7.38589E-05
   18     0.999616    1.94040E-05    3.76349E-05
   19     0.999616    1.44337E-05    1.49465E-05
   20     0.999616    1.94699E-04    1.19538E-05
    1     0.999615    4.21875E-05    8.95332E-05
    2     0.999616    1.86890E-05    3.41626E-05
    3     0.999616    1.51820E-05    1.97999E-05
    4     0.999616    1.35845E-05    1.36688E-05
    5     0.999616    5.95126E-04    1.26980E-05
    6     0.999616    1.90175E-04    4.18645E-04
    7     0.999616    6.00005E-05    2.22818E-04
    8     0.999616    4.44983E-05    1.19838E-04
    9     0.999616    3.74492E-05    6.18014E-05
   10     0.999616    3.62033E-04    4.27841E-05
   11     0.999616    1.56526E-04    2.16229E-04
   12     0.999616    2.08462E-05    1.39902E-04
   13     0.999616    1.16058E-05    6.90216E-05
   14     0.999616    8.61245E-06    2.10800E-05
   15     0.999616    2.39568E-04    8.59616E-06
   16     0.999616    1.38387E-04    1.27279E-04
   17     0.999616    1.66278E-05    7.59773E-05
   18     0.999616    1.15189E-05    3.37497E-05
   19     0.999616    7.94953E-06    1.31195E-05
   20     0.999616    5.73927E-05    8.52163E-06
    1     0.999615    2.15003E-05    3.89561E-05
    2     0.999615    7.94856E-06    1.24315E-05
    3     0.999615    6.37773E-06    7.11059E-06
    1     0.999615    1.29129E-05    3.11677E-05
    2     0.999615    5.08864E-06    1.15104E-05
    3     0.999615    3.43600E-06    7.19192E-06
       1       0.999615    2.65815E-06    4.47341E-06

 ***********************************************
Effective Factor Multiplication : Keff = 0.999615
 ***********************************************

   INITIAL MULTIPLICATION EFFECTIVE (K-EFF) =  0.999615
   WARNING: THE STEADY STATE K-EFF IS NOT EQUAL TO 1.0
   AND NOW IT IS FORCED TO 1.0 BY MODIFYING THE nu*sigf CROSS SECTIONS 

       1       0.999881    2.84171E-04    2.93608E-04
       2       0.999967    9.71482E-05    1.93185E-04
       3       0.999991    4.49436E-05    1.35336E-04
       4       0.999998    2.35368E-05    7.99546E-05
       5       1.000001    2.99101E-05    4.02738E-05
       6       1.000000    5.53935E-06    2.05804E-05
       7       1.000000    1.12902E-05    1.43573E-05
       8       1.000000    9.98705E-06    1.08972E-05
       9       1.000000    9.14704E-06    9.61254E-06

 ***********************************************
Effective Factor Multiplication : Keff = 1.000000
 ***********************************************
    1     0.980265    1.30939E-01    7.22363E+02
    2     0.993232    6.42562E-02    4.43513E+03
    3     0.998236    3.45900E-02    1.81014E+01
    4     0.999584    1.56776E-02    1.49052E+00
     ...Fission Source Extrapolated...
    5     1.000126    1.60013E-02    1.02604E-01
    6     0.999910    2.47852E-03    7.60035E-02
    7     0.999933    3.68982E-03    1.00000E+00
    8     0.999937    2.16174E-03    1.70856E-02
    9     0.999940    1.67354E-03    5.04311E-02
     ...Fission Source Extrapolated...
   10     0.999972    1.33476E-02    3.35647E-02
   11     0.999945    7.21351E-03    3.29718E-01
   12     0.999955    3.28340E-03    9.64782E-01
   13     0.999967    1.87910E-03    2.86915E-01
   14     0.999975    1.01089E-03    2.03642E-02
     ...Fission Source Extrapolated...
   15     1.000047    1.09994E-02    2.61772E-02
   16     0.999992    9.77404E-03    4.98204E-01
   17     0.999986    2.81503E-03    2.14430E+00
   18     0.999989    1.56396E-03    2.84546E-01
   19     0.999991    4.76542E-04    3.59485E-02
     ...Fission Source Extrapolated...
   20     1.000013    4.68126E-03    5.74454E-03
   21     0.999991    2.80847E-03    1.86540E-01
   22     0.999992    9.86897E-04    3.83866E-01
   23     0.999993    3.65398E-04    1.12056E-01
   24     0.999995    1.74744E-04    1.97125E-03
     ...Fission Source Extrapolated...
   25     1.000003    1.45180E-03    7.08787E-03
   26     0.999997    1.24206E-03    1.04578E-01
   27     0.999996    3.73563E-04    1.66761E-01
   28     0.999996    2.18966E-04    2.41125E-02
   29     0.999996    5.99811E-05    5.15956E-03
     ...Fission Source Extrapolated...
   30     1.000000    1.16605E-03    1.38295E-03
   31     0.999998    6.87593E-04    5.81062E-02
   32     0.999997    2.91238E-04    9.42044E-02
   33     0.999998    1.47427E-04    2.80795E-02
   34     0.999998    6.94766E-05    1.26666E-03
     ...Fission Source Extrapolated...
   35     1.000000    6.39544E-04    2.28765E-03
   36     0.999999    5.59177E-04    2.67060E-02
   37     0.999998    1.40616E-04    3.92671E-02
   38     0.999998    8.93179E-05    9.56111E-03
   39     0.999998    2.51464E-05    1.01060E-03
     ...Fission Source Extrapolated...
   40     0.999999    4.12610E-04    9.96268E-04
   41     0.999999    3.70848E-04    5.27767E-02
   42     0.999999    1.42569E-04    6.34769E-02
   43     0.999999    8.02657E-05    1.34403E-02
   44     0.999999    3.69284E-05    1.76218E-03
     ...Fission Source Extrapolated...
   45     0.999999    4.56757E-04    3.63569E-04
   46     0.999999    4.12239E-04    6.73461E-02
   47     0.999999    1.04210E-04    8.33784E-02
   48     0.999999    6.80526E-05    2.17960E-02
   49     0.999999    2.15349E-05    6.11275E-04
     ...Fission Source Extrapolated...
   50     0.999999    3.11137E-04    7.04934E-04
   51     1.000000    2.78466E-04    4.82110E-02
   52     0.999999    9.66067E-05    5.93799E-02
   53     0.999999    5.66942E-05    1.39493E-02
   54     0.999999    2.40998E-05    1.18970E-03
     ...Fission Source Extrapolated...
   55     0.999999    3.08742E-04    1.72283E-04
   56     0.999999    2.80536E-04    6.68804E-02
   57     0.999999    7.31823E-05    8.33745E-02
   58     0.999999    4.86110E-05    2.04780E-02
   59     0.999999    1.69552E-05    9.50704E-04
     ...Fission Source Extrapolated...
   60     0.999999    2.16602E-04    4.14826E-04
   61     1.000000    1.92646E-04    2.70575E-02
   62     1.000000    6.29927E-05    3.41173E-02
   63     1.000000    3.89530E-05    8.43748E-03
   64     1.000000    1.55313E-05    6.11330E-04
     ...Fission Source Extrapolated...
   65     0.999999    2.21871E-04    1.52656E-04
   66     1.000000    2.04217E-04    5.73006E-02
   67     1.000000    5.42015E-05    7.22886E-02
   68     0.999999    3.66637E-05    1.72605E-02
   69     0.999999    1.40093E-05    9.41042E-04
     ...Fission Source Extrapolated...
   70     1.000000    1.33431E-04    2.48535E-04
   71     1.000000    1.15573E-04    1.09536E-02
   72     1.000000    3.53733E-05    1.39340E-02
   73     1.000000    2.27641E-05    3.70386E-03
   74     1.000000    8.79479E-06    2.49041E-04
     ...Fission Source Extrapolated...
   75     0.999999    1.83534E-04    9.72647E-05
   76     1.000000    1.73180E-04    5.59174E-02
   77     1.000000    4.81441E-05    7.02681E-02
   78     1.000000    3.37445E-05    1.66682E-02
   79     1.000000    1.38342E-05    9.64778E-04
     ...Fission Source Extrapolated...
   80     1.000000    8.04883E-05    2.06944E-04
   81     1.000000    6.53314E-05    4.64037E-03
   82     1.000000    1.81981E-05    6.54666E-03
   83     1.000000    1.20196E-05    1.39032E-03
   84     1.000000    4.39162E-06    9.99514E-05
     ...Fission Source Extrapolated...
   85     1.000000    1.36674E-04    2.52041E-05
   86     1.000000    1.30934E-04    4.69723E-02
   87     1.000000    4.18595E-05    5.91811E-02
   88     1.000000    2.94188E-05    1.40977E-02
   89     1.000000    1.26919E-05    7.72136E-04
     ...Fission Source Extrapolated...
   90     1.000000    5.29519E-05    2.24769E-04
   91     1.000000    4.12133E-05    2.51464E-03
   92     1.000000    1.00589E-05    3.67179E-03
   93     1.000000    6.53606E-06    7.59745E-04
   94     1.000000    2.13997E-06    6.56294E-05
     ...Fission Source Extrapolated...
   95     1.000000    8.86602E-05    5.66665E-06
   96     1.000000    8.58103E-05    3.10640E-02
   97     1.000000    2.93110E-05    3.96718E-02
   98     1.000000    2.00320E-05    9.46090E-03
   99     1.000000    9.15092E-06    4.78183E-04
     ...Fission Source Extrapolated...
  100     1.000000    2.85902E-05    1.88902E-04
  101     1.000000    2.05465E-05    1.15097E-03
  102     1.000000    5.14835E-06    1.76143E-03
  103     1.000000    3.21184E-06    3.48251E-04
  104     1.000000    9.65229E-07    3.50427E-05
     ...Fission Source Extrapolated...
  105     1.000000    4.58922E-05    5.96001E-06
  106     1.000000    4.46336E-05    1.46660E-02
  107     1.000000    1.48810E-05    1.89585E-02
  108     1.000000    1.02735E-05    4.52956E-03
  109     1.000000    4.70418E-06    1.97613E-04
     ...Fission Source Extrapolated...
  110     1.000000    1.26314E-05    1.19448E-04
  111     1.000000    8.65646E-06    4.31016E-04
  112     1.000000    2.07620E-06    6.85375E-04
  113     1.000000    1.26057E-06    1.49636E-04
  114     1.000000    3.52591E-07    1.61115E-05
     ...Fission Source Extrapolated...
  115     1.000000    1.67302E-05    2.29823E-06
  116     1.000000    1.63253E-05    5.22719E-03
  117     1.000000    5.59240E-06    6.80228E-03
  118     1.000000    3.79184E-06    1.62554E-03
  119     1.000000    1.75734E-06    6.53407E-05
     ...Fission Source Extrapolated...
  120     1.000000    3.78531E-06    4.93501E-05
  121     1.000000    2.30449E-06    1.19908E-04
  122     1.000000    6.40752E-07    2.30141E-04
  123     1.000000    3.88665E-07    4.44778E-05
  124     1.000000    1.20417E-07    3.43536E-06

 ***********************************************
Effective Factor Multiplication : Keff = 1.000000
 ***********************************************
       1       0.793927    5.36017E-01    1.04424E+00
       2       0.934701    2.42187E-01    5.82488E-01
       3       0.981367    1.20592E-01    4.34246E-01
       4       0.994388    5.33508E-02    2.19460E-01
       5       1.000478    5.14434E-02    9.61249E-02
       6       0.998872    9.57145E-03    4.26329E-02
       7       0.999233    1.38031E-02    2.14935E-02
       8       0.999364    1.04447E-02    1.20878E-02
       9       0.999433    8.26298E-03    9.18366E-03
      10       0.999970    7.29134E-02    7.30015E-03
      11       0.999382    2.98264E-02    4.73288E-02
      12       0.999754    4.19845E-03    2.90215E-02
      13       0.999823    3.01482E-03    1.35209E-02
      14       0.999844    2.64202E-03    4.84063E-03
      15       1.000053    4.90441E-02    3.05430E-03
      16       0.999759    2.35837E-02    2.79667E-02
      17       0.999909    3.41157E-03    1.72468E-02
      18       0.999936    2.61524E-03    8.36091E-03
      19       0.999944    2.16227E-03    2.36727E-03
      20       1.000000    2.40622E-02    1.91103E-03
      21       0.999918    1.07657E-02    1.58159E-02
      22       0.999967    1.52957E-03    5.03435E-03
      23       0.999974    7.91671E-04    2.39173E-03
      24       0.999976    6.12450E-04    8.42866E-04
      25       0.999978    9.09416E-03    5.44207E-04
      26       0.999956    3.38149E-03    6.17593E-03
      27       0.999972    7.57912E-04    2.19900E-03
      28       0.999976    5.07319E-04    1.18231E-03
      29       0.999978    4.30322E-04    5.20195E-04
      30       1.000007    6.87375E-03    4.27485E-04
      31       0.999969    2.94889E-03    4.57161E-03
      32       0.999991    5.28743E-04    1.99245E-03
      33       0.999995    2.83106E-04    9.34085E-04
      34       0.999995    2.29933E-04    3.36508E-04
      35       0.999992    2.05490E-03    1.80347E-04
      36       0.999990    7.80729E-04    1.35512E-03
      37       0.999992    1.80057E-04    6.26415E-04
      38       0.999993    1.36418E-04    2.54009E-04
      39       0.999993    1.20129E-04    1.31197E-04
      40       1.000004    2.87151E-03    1.14249E-04
      41       0.999989    1.12746E-03    1.92678E-03
      42       0.999998    2.33245E-04    8.10188E-04
      43       0.999999    1.38421E-04    3.76038E-04
      44       0.999999    1.09033E-04    1.36644E-04
      45       0.999998    6.16376E-04    8.67842E-05
      46       0.999998    2.00827E-04    3.55514E-04
      47       0.999998    3.46648E-05    2.00970E-04
      48       0.999998    2.94918E-05    9.67082E-05
      49       0.999998    2.74857E-05    2.81094E-05
      50       1.000000    8.18659E-04    2.61671E-05
      51       0.999997    3.17550E-04    5.66528E-04
      52       0.999999    7.24118E-05    2.17745E-04
      53       0.999999    3.98494E-05    9.23352E-05
      54       0.999999    2.84141E-05    3.48507E-05
      55       0.999999    1.64542E-04    2.25732E-05
      56       0.999999    5.62987E-05    1.00801E-04
      57       0.999999    7.79550E-06    2.86549E-05
      58       0.999999    6.49268E-06    1.16633E-05
      59       0.999999    5.94593E-06    6.00846E-06

 ***********************************************
Effective Factor Multiplication : Keff = 0.999999
 ***********************************************

  TRANSIENT RESULTS :

  Step  Time(s)  React.($)   Rel. Power   Avg. Tm   Max. Tm   Avg. Tf   Max. Tf
 --------------------------------------------------------------------------------
   0     0.000    0.0000     1.0000E+00    302.91    332.14    539.99   1721.54
   1     0.010    0.0226     1.0169E+00    302.91    332.14    540.00   1721.57
   2     0.020    0.0364     1.0332E+00    302.91    332.14    540.04   1721.62
   3     0.030    0.0478     1.0478E+00    302.91    332.14    540.08   1721.70
   4     0.040    0.0580     1.0620E+00    302.91    332.14    540.14   1721.79
   5     0.050    0.0632     1.0718E+00    302.91    332.14    540.21   1721.90
   6     0.060    0.0664     1.0783E+00    302.91    332.14    540.27   1722.02
   7     0.070    0.0684     1.0830E+00    302.91    332.14    540.34   1722.14
   8     0.080    0.0687     1.0851E+00    302.91    332.14    540.42   1722.26
   9     0.090    0.0685     1.0859E+00    302.91    332.14    540.48   1722.38
  10     0.100    0.0681     1.0860E+00    302.91    332.14    540.55   1722.50
  11     0.110    0.0676     1.0859E+00    302.92    332.14    540.62   1722.63
  12     0.120    0.0672     1.0858E+00    302.92    332.14    540.68   1722.75
  13     0.130    0.0667     1.0855E+00    302.92    332.14    540.75   1722.87
  14     0.140    0.0662     1.0855E+00    302.92    332.14    540.81   1722.99
  15     0.150    0.0656     1.0851E+00    302.92    332.15    540.87   1723.11
  16     0.160    0.0651     1.0846E+00    302.92    332.15    540.93   1723.24
  17     0.170    0.0646     1.0843E+00    302.93    332.15    540.99   1723.36
  18     0.180    0.0641     1.0841E+00    302.93    332.15    541.05   1723.48
  19     0.190    0.0635     1.0837E+00    302.93    332.15    541.10   1723.60
  20     0.200    0.0630     1.0834E+00    302.93    332.16    541.16   1723.72
  21     0.210    0.0624     1.0829E+00    302.94    332.16    541.22   1723.83
  22     0.220    0.0619     1.0828E+00    302.94    332.16    541.27   1723.95
  23     0.230    0.0613     1.0823E+00    302.94    332.17    541.33   1724.07
  24     0.240    0.0608     1.0820E+00    302.94    332.17    541.38   1724.19
  25     0.250    0.0602     1.0815E+00    302.95    332.18    541.43   1724.30
  26     0.260    0.0597     1.0812E+00    302.95    332.18    541.49   1724.42
  27     0.270    0.0591     1.0807E+00    302.95    332.19    541.54   1724.53
  28     0.280    0.0586     1.0805E+00    302.96    332.19    541.59   1724.65
  29     0.290    0.0581     1.0800E+00    302.96    332.20    541.64   1724.76
  30     0.300    0.0576     1.0797E+00    302.96    332.21    541.69   1724.87
  31     0.310    0.0570     1.0792E+00    302.97    332.22    541.74   1724.99
  32     0.320    0.0565     1.0789E+00    302.97    332.22    541.79   1725.10
  33     0.330    0.0560     1.0785E+00    302.97    332.23    541.84   1725.21
  34     0.340    0.0555     1.0781E+00    302.98    332.24    541.88   1725.32
  35     0.350    0.0550     1.0777E+00    302.98    332.25    541.93   1725.43
  36     0.360    0.0544     1.0773E+00    302.98    332.26    541.98   1725.54
  37     0.370    0.0540     1.0770E+00    302.99    332.27    542.03   1725.65
  38     0.380    0.0534     1.0765E+00    302.99    332.28    542.07   1725.76
  39     0.390    0.0530     1.0762E+00    302.99    332.30    542.12   1725.86
  40     0.400    0.0525     1.0758E+00    303.00    332.31    542.16   1725.97
  41     0.410    0.0520     1.0754E+00    303.00    332.32    542.21   1726.08
  42     0.420    0.0516     1.0751E+00    303.01    332.33    542.25   1726.18
  43     0.430    0.0511     1.0747E+00    303.01    332.34    542.29   1726.29
  44     0.440    0.0506     1.0743E+00    303.01    332.36    542.34   1726.39
  45     0.450    0.0502     1.0740E+00    303.02    332.37    542.38   1726.50
  46     0.460    0.0497     1.0736E+00    303.02    332.38    542.42   1726.60
  47     0.470    0.0493     1.0733E+00    303.02    332.39    542.47   1726.71
  48     0.480    0.0489     1.0730E+00    303.03    332.41    542.51   1726.81
  49     0.490    0.0484     1.0726E+00    303.03    332.42    542.55   1726.91
  50     0.500    0.0480     1.0723E+00    303.03    332.43    542.59   1727.01
  51     0.510    0.0476     1.0719E+00    303.04    332.44    542.63   1727.12
  52     0.520    0.0472     1.0716E+00    303.04    332.46    542.67   1727.22
  53     0.530    0.0468     1.0713E+00    303.05    332.47    542.71   1727.32
  54     0.540    0.0464     1.0710E+00    303.05    332.48    542.75   1727.42
  55     0.550    0.0460     1.0707E+00    303.05    332.50    542.79   1727.52
  56     0.560    0.0457     1.0704E+00    303.06    332.51    542.83   1727.62
  57     0.570    0.0453     1.0701E+00    303.06    332.52    542.87   1727.71
  58     0.580    0.0449     1.0698E+00    303.06    332.54    542.91   1727.81
  59     0.590    0.0446     1.0695E+00    303.07    332.55    542.95   1727.91
  60     0.600    0.0442     1.0692E+00    303.07    332.56    542.99   1728.01
  61     0.610    0.0438     1.0689E+00    303.07    332.57    543.02   1728.11
  62     0.620    0.0435     1.0686E+00    303.08    332.59    543.06   1728.20
  63     0.630    0.0431     1.0683E+00    303.08    332.60    543.10   1728.30
  64     0.640    0.0428     1.0681E+00    303.08    332.61    543.14   1728.39
  65     0.650    0.0425     1.0678E+00    303.08    332.63    543.17   1728.49
  66     0.660    0.0421     1.0676E+00    303.09    332.64    543.21   1728.59
  67     0.670    0.0418     1.0673E+00    303.09    332.65    543.25   1728.68
  68     0.680    0.0415     1.0670E+00    303.09    332.66    543.28   1728.77
  69     0.690    0.0412     1.0668E+00    303.10    332.67    543.32   1728.87
  70     0.700    0.0409     1.0665E+00    303.10    332.69    543.35   1728.96
  71     0.710    0.0406     1.0663E+00    303.10    332.70    543.39   1729.06
  72     0.720    0.0402     1.0660E+00    303.10    332.71    543.42   1729.15
  73     0.730    0.0400     1.0658E+00    303.11    332.72    543.46   1729.24
  74     0.740    0.0397     1.0656E+00    303.11    332.73    543.49   1729.33
  75     0.750    0.0395     1.0655E+00    303.11    332.74    543.53   1729.43
  76     0.760    0.0391     1.0652E+00    303.12    332.75    543.56   1729.52
  77     0.770    0.0388     1.0649E+00    303.12    332.76    543.60   1729.61
  78     0.780    0.0385     1.0646E+00    303.12    332.77    543.63   1729.70
  79     0.790    0.0383     1.0644E+00    303.12    332.78    543.66   1729.79
  80     0.800    0.0381     1.0644E+00    303.13    332.79    543.70   1729.88
  81     0.810    0.0377     1.0641E+00    303.13    332.80    543.73   1729.97
  82     0.820    0.0374     1.0638E+00    303.13    332.81    543.76   1730.06
  83     0.830    0.0372     1.0638E+00    303.13    332.82    543.80   1730.15
  84     0.840    0.0369     1.0634E+00    303.13    332.83    543.83   1730.24
  85     0.850    0.0366     1.0631E+00    303.14    332.84    543.86   1730.33
  86     0.860    0.0364     1.0629E+00    303.14    332.85    543.89   1730.42
  87     0.870    0.0361     1.0627E+00    303.14    332.86    543.92   1730.51
  88     0.880    0.0360     1.0627E+00    303.14    332.87    543.96   1730.60
  89     0.890    0.0357     1.0624E+00    303.15    332.88    543.99   1730.68
  90     0.900    0.0354     1.0621E+00    303.15    332.89    544.02   1730.77
  91     0.910    0.0352     1.0621E+00    303.15    332.90    544.05   1730.86
  92     0.920    0.0349     1.0618E+00    303.15    332.91    544.08   1730.95
  93     0.930    0.0347     1.0615E+00    303.15    332.91    544.11   1731.03
  94     0.940    0.0345     1.0615E+00    303.16    332.92    544.14   1731.12
  95     0.950    0.0342     1.0612E+00    303.16    332.93    544.17   1731.20
  96     0.960    0.0340     1.0609E+00    303.16    332.94    544.20   1731.29
  97     0.970    0.0338     1.0609E+00    303.16    332.95    544.23   1731.38
  98     0.980    0.0335     1.0606E+00    303.16    332.96    544.26   1731.46
  99     0.990    0.0334     1.0606E+00    303.16    332.96    544.29   1731.55
 100     1.000    0.0331     1.0602E+00    303.17    332.97    544.32   1731.63
 101     1.100    0.0329     1.0605E+00    303.18    333.04    544.62   1732.48
 102     1.200    0.0310     1.0590E+00    303.19    333.09    544.90   1733.30
 103     1.300    0.0292     1.0575E+00    303.20    333.14    545.16   1734.09
 104     1.400    0.0274     1.0561E+00    303.21    333.19    545.41   1734.85
 105     1.500    0.0258     1.0545E+00    303.22    333.23    545.64   1735.58
 106     1.600    0.0242     1.0532E+00    303.23    333.27    545.86   1736.27
 107     1.700    0.0228     1.0518E+00    303.24    333.31    546.06   1736.93
 108     1.800    0.0215     1.0505E+00    303.24    333.34    546.25   1737.56
 109     1.900    0.0203     1.0493E+00    303.25    333.38    546.43   1738.15
 110     2.000    0.0192     1.0483E+00    303.26    333.41    546.61   1738.72
 111     2.100    0.0183     1.0477E+00    303.26    333.43    546.77   1739.26
 112     2.200    0.0173     1.0464E+00    303.26    333.46    546.92   1739.77
 113     2.300    0.0166     1.0460E+00    303.27    333.48    547.07   1740.25
 114     2.400    0.0157     1.0449E+00    303.27    333.50    547.20   1740.70
 115     2.500    0.0151     1.0446E+00    303.27    333.52    547.33   1741.14
 116     2.600    0.0143     1.0436E+00    303.28    333.54    547.45   1741.54
 117     2.700    0.0138     1.0433E+00    303.28    333.55    547.57   1741.92
 118     2.800    0.0132     1.0425E+00    303.28    333.57    547.67   1742.27
 119     2.900    0.0128     1.0423E+00    303.28    333.58    547.77   1742.61
 120     3.000    0.0122     1.0415E+00    303.28    333.59    547.87   1742.92
 121     3.100    0.0118     1.0413E+00    303.29    333.60    547.96   1743.21
 122     3.200    0.0113     1.0406E+00    303.29    333.62    548.04   1743.48
 123     3.300    0.0111     1.0406E+00    303.29    333.63    548.13   1743.74
 124     3.400    0.0106     1.0400E+00    303.29    333.64    548.20   1743.97
 125     3.500    0.0104     1.0399E+00    303.29    333.64    548.27   1744.19
 126     3.600    0.0100     1.0394E+00    303.29    333.65    548.34   1744.39
 127     3.700    0.0098     1.0393E+00    303.29    333.66    548.40   1744.58
 128     3.800    0.0095     1.0388E+00    303.29    333.67    548.46   1744.75
 129     3.900    0.0093     1.0387E+00    303.29    333.68    548.52   1744.91
 130     4.000    0.0090     1.0384E+00    303.29    333.68    548.57   1745.06
 131     4.100    0.0088     1.0383E+00    303.29    333.69    548.63   1745.19
 132     4.200    0.0086     1.0380E+00    303.29    333.70    548.67   1745.31
 133     4.300    0.0085     1.0379E+00    303.29    333.70    548.72   1745.43
 134     4.400    0.0083     1.0376E+00    303.29    333.71    548.76   1745.53
 135     4.500    0.0081     1.0375E+00    303.29    333.71    548.80   1745.62
 136     4.600    0.0080     1.0373E+00    303.29    333.72    548.84   1745.70
 137     4.700    0.0079     1.0372E+00    303.29    333.72    548.87   1745.78
 138     4.800    0.0077     1.0370E+00    303.29    333.73    548.91   1745.85
 139     4.900    0.0076     1.0370E+00    303.29    333.73    548.94   1745.91
 140     5.000    0.0075     1.0368E+00    303.29    333.74    548.97   1745.96


     Radial Power Distribution
   ==============================
           1       2       3       4       5       6       7       8       9
     9   1.157   1.118   1.186   1.121   1.161   1.099   0.809   0.702   0.000
     8   1.118   1.186   1.193   1.189   1.138   1.065   0.917   0.560   0.000
     7   1.186   1.193   1.207   1.165   1.114   0.988   0.891   0.000   0.000
     6   1.121   1.189   1.165   1.125   1.015   0.958   0.629   0.000   0.000
     5   1.161   1.138   1.114   1.015   0.895   0.696   0.000   0.000   0.000
     4   1.099   1.065   0.988   0.958   0.696   0.000   0.000   0.000   0.000
     3   0.809   0.917   0.891   0.629   0.000   0.000   0.000   0.000   0.000
     2   0.702   0.560   0.000   0.000   0.000   0.000   0.000   0.000   0.000
     1   0.000   0.000   0.000   0.000   0.000   0.000   0.000   0.000   0.000

   MAX POS.       Maximum Value
  (  7,  3)          1.207


     Axial Power Density Distribution
   ====================================

     Plane Number        Power      Height
    -----------------------------------------
        18  (Top)        0.000      427.30
        17               0.021      397.30
        16               0.045      389.30
        15               0.087      376.50
        14               0.215      363.70
        13               0.463      333.70
        12               0.729      303.70
        11               1.007      273.70
        10               1.309      243.70
         9               1.648      213.70
         8               1.988      183.70
         7               2.189      153.70
         6               2.151      123.70
         5               1.757       93.70
         4               1.185       63.70
         3               0.745       48.70
         2               0.463       37.70
         1  (Bottom)     0.000       30.00

   MAX POS.       Maximum Value
    (  7)             2.189

     Radial Flux Distribution
   ==============================
    Group :   1
             1          2          3          4          5          6          7          8          9
     9   2.443E-02  2.440E-02  2.514E-02  2.455E-02  2.452E-02  2.270E-02  1.825E-02  1.246E-02  1.760E-03 
     8   2.440E-02  2.510E-02  2.536E-02  2.514E-02  2.416E-02  2.245E-02  1.833E-02  1.010E-02  1.312E-03 
     7   2.514E-02  2.536E-02  2.555E-02  2.473E-02  2.345E-02  2.121E-02  1.619E-02  3.698E-03  3.125E-04 
     6   2.455E-02  2.514E-02  2.473E-02  2.368E-02  2.159E-02  1.885E-02  1.129E-02  1.586E-03  0.000E+00 
     5   2.452E-02  2.416E-02  2.345E-02  2.159E-02  1.849E-02  1.240E-02  3.098E-03  3.242E-04  0.000E+00 
     4   2.270E-02  2.245E-02  2.121E-02  1.885E-02  1.240E-02  3.219E-03  4.019E-04  0.000E+00  0.000E+00 
     3   1.825E-02  1.833E-02  1.619E-02  1.129E-02  3.098E-03  4.019E-04  0.000E+00  0.000E+00  0.000E+00 
     2   1.246E-02  1.010E-02  3.698E-03  1.587E-03  3.242E-04  0.000E+00  0.000E+00  0.000E+00  0.000E+00 
     1   1.760E-03  1.312E-03  3.125E-04  0.000E+00  0.000E+00  0.000E+00  0.000E+00  0.000E+00  0.000E+00 

    Group :   2
             1          2          3          4          5          6          7          8          9
     9   2.775E-02  2.244E-02  2.847E-02  2.259E-02  2.802E-02  2.225E-02  1.949E-02  1.225E-02  7.959E-04 
     8   2.244E-02  2.843E-02  2.401E-02  2.862E-02  2.296E-02  2.564E-02  1.594E-02  9.682E-03  5.931E-04 
     7   2.847E-02  2.401E-02  2.899E-02  2.344E-02  2.674E-02  1.979E-02  1.538E-02  1.506E-03  1.261E-04 
     6   2.259E-02  2.862E-02  2.344E-02  2.700E-02  2.032E-02  1.650E-02  1.080E-02  7.115E-04  0.000E+00 
     5   2.802E-02  2.296E-02  2.674E-02  2.032E-02  2.136E-02  1.195E-02  1.268E-03  1.309E-04  0.000E+00 
     4   2.225E-02  2.564E-02  1.979E-02  1.650E-02  1.195E-02  1.322E-03  1.612E-04  0.000E+00  0.000E+00 
     3   1.949E-02  1.594E-02  1.538E-02  1.080E-02  1.268E-03  1.612E-04  0.000E+00  0.000E+00  0.000E+00 
     2   1.225E-02  9.682E-03  1.506E-03  7.115E-04  1.309E-04  0.000E+00  0.000E+00  0.000E+00  0.000E+00 
     1   7.959E-04  5.931E-04  1.261E-04  0.000E+00  0.000E+00  0.000E+00  0.000E+00  0.000E+00  0.000E+00 

