           0         100
        380.00     0.000
        360.00     0.000
        340.00     0.000
        320.00     0.000
        300.00     0.002
        280.00     0.011
        260.00     0.072
        240.00     0.494
        220.00     3.324
        200.00     9.195
        180.00     3.324
        160.00     0.494
        140.00     0.072
        120.00     0.011
        100.00     0.002
         80.00     0.000
         60.00     0.000
         40.00     0.000
         20.00     0.000
