                                                                                
      /\               /\                                                       
     //\\             //\\                                                      
    //**\\           //**\\                                                     
   //****\\         //****\\                                                    
  //******\\       //******\\   ____                   _   _           _        
  ---------   /*\   ---------  / __ \                 | \ | |         | |       
             (***)            | |  | |_ __   ___ _ __ |  \| | ___   __| | ___   
              \*/             | |  | | "_ \ / _ \ "_ \| . ` |/ _"\ / _" |/ _ \  
                              | |__| | |_) |  __/ | | | |\  | |_) | (_| |  __/  
              //\\             \____/| .__/ \___)_| |_|_| \_|\___/ \___/ \___|  
             //**\\                  | |                                        
            //****\\                 |_|                                        
           //******\\                                                           
           ----------                                                           
                                                                                
 ____________________________________________________________
          | The OpenNode, Nodal Methods for Neutron Diffusion
 Version  | Version Number: 1.1                              
 Copyright| 2021 Radiation & Nuclear System Laboratory       
          | University Abdelmalk Essaadi                     
          | Faculty of Sciences, Tetouan, Morocco            
 Source   | FORTRAN90 version                                
 GUI      | PyQt5                                            
 Method   | The Nodal Expansion Method (NEM)                 
 Dimension| Three Dimensions (3D)                            
 Geometry | Cartesian                                        
 ____________________________________________________________
                        ==========================
   Calculation Mode :    Critical Boron Concentration Search Calculation 
   ----------------     ==========================

            --------------------------------------------
            >>>> Writing Macroscopic Cross Sections <<<<
            --------------------------------------------
     Material  1
    Group   Transport    Diffusion  Absorption    Removal      Nu*Fiss      Kap*Fis    Fiss. Spctr
       1     0.053206    6.264981    0.000373    0.026829     0.000000     0.000000     1.000000
       2     0.386406    0.862651    0.017722    0.017722     0.000000     0.000000     0.000000
         --Scattering Matrix--
           G/G'          1          2
            1        0.000000    0.026455
            2        0.000000    0.000000
     Material  2
    Group   Transport    Diffusion  Absorption    Removal      Nu*Fiss      Kap*Fis    Fiss. Spctr
       1     0.295609    1.127616    0.001188    0.024349     0.000000     0.000000     1.000000
       2     2.459310    0.135539    0.252618    0.252618     0.000000     0.000000     0.000000
         --Scattering Matrix--
           G/G'          1          2
            1        0.000000    0.023161
            2        0.000000    0.000000
     Material  3
    Group   Transport    Diffusion  Absorption    Removal      Nu*Fiss      Kap*Fis    Fiss. Spctr
       1     0.295609    1.127616    0.001188    0.021269     0.000000     0.000000     1.000000
       2     2.459310    0.135539    0.252618    0.252618     0.000000     0.000000     0.000000
         --Scattering Matrix--
           G/G'          1          2
            1        0.000000    0.020081
            2        0.000000    0.000000
     Material  4
    Group   Transport    Diffusion  Absorption    Removal      Nu*Fiss      Kap*Fis    Fiss. Spctr
       1     0.222117    1.500711    0.008718    0.026968     0.004983     0.000000     1.000000
       2     0.803140    0.415038    0.065255    0.065255     0.083903     0.000000     0.000000
         --Scattering Matrix--
           G/G'          1          2
            1        0.000000    0.018250
            2        0.000000    0.000000
     Material  5
    Group   Transport    Diffusion  Absorption    Removal      Nu*Fiss      Kap*Fis    Fiss. Spctr
       1     0.221914    1.502083    0.009061    0.027065     0.005577     0.000000     1.000000
       2     0.795538    0.419004    0.072335    0.072335     0.099863     0.000000     0.000000
         --Scattering Matrix--
           G/G'          1          2
            1        0.000000    0.018004
            2        0.000000    0.000000
     Material  6
    Group   Transport    Diffusion  Absorption    Removal      Nu*Fiss      Kap*Fis    Fiss. Spctr
       1     0.221715    1.503432    0.009385    0.027152     0.006150     0.000000     1.000000
       2     0.789253    0.422340    0.078920    0.078920     0.114667     0.000000     0.000000
         --Scattering Matrix--
           G/G'          1          2
            1        0.000000    0.017767
            2        0.000000    0.000000
     Material  7
    Group   Transport    Diffusion  Absorption    Removal      Nu*Fiss      Kap*Fis    Fiss. Spctr
       1     0.222039    1.501238    0.009317    0.026455     0.005550     0.000000     1.000000
       2     0.776230    0.429426    0.079633    0.079633     0.098558     0.000000     0.000000
         --Scattering Matrix--
           G/G'          1          2
            1        0.000000    0.017138
            2        0.000000    0.000000
     Material  8
    Group   Transport    Diffusion  Absorption    Removal      Nu*Fiss      Kap*Fis    Fiss. Spctr
       1     0.222083    1.500940    0.009400    0.026250     0.005541     0.000000     1.000000
       2     0.769969    0.432918    0.082109    0.082109     0.098006     0.000000     0.000000
         --Scattering Matrix--
           G/G'          1          2
            1        0.000000    0.016850
            2        0.000000    0.000000
     Material  9
    Group   Transport    Diffusion  Absorption    Removal      Nu*Fiss      Kap*Fis    Fiss. Spctr
       1     0.222127    1.500643    0.009483    0.026045     0.005531     0.000000     1.000000
       2     0.763813    0.436407    0.084591    0.084591     0.097411     0.000000     0.000000
         --Scattering Matrix--
           G/G'          1          2
            1        0.000000    0.016563
            2        0.000000    0.000000
     Material 10
    Group   Transport    Diffusion  Absorption    Removal      Nu*Fiss      Kap*Fis    Fiss. Spctr
       1     0.221836    1.502612    0.009637    0.026542     0.006124     0.000000     1.000000
       2     0.770705    0.432504    0.086119    0.086119     0.113241     0.000000     0.000000
         --Scattering Matrix--
           G/G'          1          2
            1        0.000000    0.016904
            2        0.000000    0.000000
     Material 11
    Group   Transport    Diffusion  Absorption    Removal      Nu*Fiss      Kap*Fis    Fiss. Spctr
       1     0.221878    1.502327    0.009719    0.026337     0.006114     0.000000     1.000000
       2     0.764704    0.435899    0.088549    0.088549     0.112635     0.000000     0.000000
         --Scattering Matrix--
           G/G'          1          2
            1        0.000000    0.016618
            2        0.000000    0.000000

            -------------------------------
            >>>>>Wrting Core Geometry<<<<<
            -------------------------------
  Number of Assembly in x, y and z Directions Respectively :
           9           9          18
  Number of Nodes in x, y and z Directions Respectively :
          17          17          18

  x-Directed Nodes Divison (Delta-x)
    10.80  10.80  10.80  10.80  10.80  10.80  10.80  10.80  10.80  10.80
    10.80  10.80  10.80  10.80  10.80  10.80  10.80
  y-Directed Nodes Divison (Delta-y)
    10.80  10.80  10.80  10.80  10.80  10.80  10.80  10.80  10.80  10.80
    10.80  10.80  10.80  10.80  10.80  10.80  10.80
  Planar Region :  1
        1  2  3  4  5  6  7  8  9 10 11 12 13 14 15 16 17
    17  1  1  1  1  1  1  1  1  1  1  1  1  1  1  1  2  2 
    16  1  1  1  1  1  1  1  1  1  1  1  1  1  1  1  2  2 
    15  1  1  1  1  1  1  1  1  1  1  1  1  1  1  1  2  2 
    14  1  1  1  1  1  1  1  1  1  1  1  1  1  3  3  2  2 
    13  1  1  1  1  1  1  1  1  1  1  1  1  1  3  3  2  2 
    12  1  1  1  1  1  1  1  1  1  1  1  1  1  2  2       
    11  1  1  1  1  1  1  1  1  1  1  1  1  1  2  2       
    10  1  1  1  1  1  1  1  1  1  1  1  3  3  2  2       
     9  1  1  1  1  1  1  1  1  1  1  1  3  3  2  2       
     8  1  1  1  1  1  1  1  1  1  3  3  2  2             
     7  1  1  1  1  1  1  1  1  1  3  3  2  2             
     6  1  1  1  1  1  1  1  3  3  2  2                   
     5  1  1  1  1  1  1  1  3  3  2  2                   
     4  1  1  1  3  3  2  2  2  2                         
     3  1  1  1  3  3  2  2  2  2                         
     2  2  2  2  2  2                                     
     1  2  2  2  2  2                                     
  Planar Region :  2
        1  2  3  4  5  6  7  8  9 10 11 12 13 14 15 16 17
    17  4  5  5  4  4  5  5  4  4  5  5  4  4  6  6  2  2 
    16  5  4  4  5  5  4  4  5  5  4  4  6  6  6  6  2  2 
    15  5  4  4  5  5  4  4  5  5  4  4  6  6  6  6  2  2 
    14  4  5  5  4  4  5  5  4  4  5  5  6  6  3  3  2  2 
    13  4  5  5  4  4  5  5  4  4  5  5  6  6  3  3  2  2 
    12  5  4  4  5  5  4  4  5  5  6  6  6  6  2  2       
    11  5  4  4  5  5  4  4  5  5  6  6  6  6  2  2       
    10  4  5  5  4  4  5  5  4  4  6  6  3  3  2  2       
     9  4  5  5  4  4  5  5  4  4  6  6  3  3  2  2       
     8  5  4  4  5  5  6  6  6  6  3  3  2  2             
     7  5  4  4  5  5  6  6  6  6  3  3  2  2             
     6  4  6  6  6  6  6  6  3  3  2  2                   
     5  4  6  6  6  6  6  6  3  3  2  2                   
     4  6  6  6  3  3  2  2  2  2                         
     3  6  6  6  3  3  2  2  2  2                         
     2  2  2  2  2  2                                     
     1  2  2  2  2  2                                     
  Planar Region :  3
        1  2  3  4  5  6  7  8  9 10 11 12 13 14 15 16 17
    17  4  9  9  4  4  9  9  4  4  7  7  4  4  6  6  2  2 
    16  9  4  4  8  8  4  4  8  8  4  4  11 11 6  6  2  2 
    15  9  4  4  8  8  4  4  8  8  4  4  11 11 6  6  2  2 
    14  4  8  8  4  4  8  8  4  4  8  8  6  6  3  3  2  2 
    13  4  8  8  4  4  8  8  4  4  8  8  6  6  3  3  2  2 
    12  9  4  4  8  8  4  4  8  8  10 10 6  6  2  2       
    11  9  4  4  8  8  4  4  8  8  10 10 6  6  2  2       
    10  4  8  8  4  4  8  8  4  4  6  6  3  3  2  2       
     9  4  8  8  4  4  8  8  4  4  6  6  3  3  2  2       
     8  7  4  4  8  8  10 10 6  6  3  3  2  2             
     7  7  4  4  8  8  10 10 6  6  3  3  2  2             
     6  4  11 11 6  6  6  6  3  3  2  2                   
     5  4  11 11 6  6  6  6  3  3  2  2                   
     4  6  6  6  3  3  2  2  2  2                         
     3  6  6  6  3  3  2  2  2  2                         
     2  2  2  2  2  2                                     
     1  2  2  2  2  2                                     

  Planar Region Assignment to Planes.
 -------------------------------------
   Plane Number     Planar Region    Delta-z
       18 (Top)            1          30.00
       17                  3           8.00
       16                  3          12.80
       15                  3          12.80
       14                  3          30.00
       13                  3          30.00
       12                  3          30.00
       11                  3          30.00
       10                  3          30.00
        9                  3          30.00
        8                  3          30.00
        7                  3          30.00
        6                  3          30.00
        5                  3          30.00
        4                  3          15.00
        3                  3          11.00
        2                  2           7.70
        1 (Bottom)         1          30.00

   Boundary Conditions
   -------------------
  X-Directed West   : Reflective
  X-Directed East   : Zero Flux
  Y-Directed North  : Reflective
  Y-Directed South  : Zero Flux
  Z-Directed Bottom : Zero Flux
  Z-Directed Top    : Zero Flux

  ...Core Geometry is Sucessfully Read...
     ---------------------------------


  ================================================================================================
                        CRITICAL BORON CONCENTRATION SEARCH
  ================================================================================================

   Itr  Boron Concentration          K-EFF    FLUX REL. ERROR   FISS. SOURCE REL. ERROR    DOPPLER ERROR
  ------------------------------------------------------------------------------------------------------


            >>>> READING CONTROL RODS INSERTION <<<<
            --------------------------------------------
  NUMBER OF CONTROL ROD BANK  :  7
  MAX. NUMBER OF STEPS        : 228
  FULLY INSERTED POSITION (cm): 37.7 (FROM BOTTOM OF THE CORE)
  STEP SIZE (cm)              :   1.5942
  CR CUSPING CORRECTION       : NOT ACTIVE
  INITIAL CONTROL ROD BANK POSITION (STEPS) : 
  (0 means fully inserted) 
    Bank  1  Bank  2  Bank  3  Bank  4  Bank  5  Bank  6  Bank  7
    150.0    200.0    150.0    200.0    200.0    200.0    200.0

  CONTROL ROD BANK MAP : 
  1  0  2  0  0  0  3  0  0
  0  4  0  0  0  6  0  0  0
  2  0  5  0  6  0  6  0  0
  0  0  0  4  0  0  0  0  0
  0  0  6  0  7  0  0  0  0
  0  6  0  0  0  0  0  0  0
  3  0  6  0  0  0  0  0  0
  0  0  0  0  0  0  0  0  0
  0  0  0  0  0  0  0  0  0

  MATERIAL CX INCREMENT OR DECREMENT DUE TO CR INSERTION : 
    MATERIAL  1
    GROUP   TRANSPORT  ABSORPTION      NU*FISS      FISSION
       1     0.003732    0.002478    -0.000103    -0.000000
       2    -0.021993    0.025587    -0.002823    -0.000000
   --SCATTERING MATRIX--
     G/G'        1        2
      1      0.000000 -0.003193
      2      0.000000  0.000000
    MATERIAL  2
    GROUP   TRANSPORT  ABSORPTION      NU*FISS      FISSION
       1     0.003732    0.002478    -0.000103    -0.000000
       2    -0.021993    0.025587    -0.002823    -0.000000
   --SCATTERING MATRIX--
     G/G'        1        2
      1      0.000000 -0.003193
      2      0.000000  0.000000
    MATERIAL  3
    GROUP   TRANSPORT  ABSORPTION      NU*FISS      FISSION
       1     0.003732    0.002478    -0.000103    -0.000000
       2    -0.021993    0.025587    -0.002823    -0.000000
   --SCATTERING MATRIX--
     G/G'        1        2
      1      0.000000 -0.003193
      2      0.000000  0.000000
    MATERIAL  4
    GROUP   TRANSPORT  ABSORPTION      NU*FISS      FISSION
       1     0.003732    0.002478    -0.000103    -0.000000
       2    -0.021993    0.025587    -0.002823    -0.000000
   --SCATTERING MATRIX--
     G/G'        1        2
      1      0.000000 -0.003193
      2      0.000000  0.000000
    MATERIAL  5
    GROUP   TRANSPORT  ABSORPTION      NU*FISS      FISSION
       1     0.003732    0.002478    -0.000103    -0.000000
       2    -0.021993    0.025587    -0.002823    -0.000000
   --SCATTERING MATRIX--
     G/G'        1        2
      1      0.000000 -0.003193
      2      0.000000  0.000000
    MATERIAL  6
    GROUP   TRANSPORT  ABSORPTION      NU*FISS      FISSION
       1     0.003741    0.002429    -0.000123    -0.000000
       2    -0.016750    0.025648    -0.003281    -0.000000
   --SCATTERING MATRIX--
     G/G'        1        2
      1      0.000000 -0.003142
      2      0.000000  0.000000
    MATERIAL  7
    GROUP   TRANSPORT  ABSORPTION      NU*FISS      FISSION
       1     0.003732    0.002478    -0.000103    -0.000000
       2    -0.021993    0.025587    -0.002823    -0.000000
   --SCATTERING MATRIX--
     G/G'        1        2
      1      0.000000 -0.003193
      2      0.000000  0.000000
    MATERIAL  8
    GROUP   TRANSPORT  ABSORPTION      NU*FISS      FISSION
       1     0.003732    0.002478    -0.000103    -0.000000
       2    -0.021993    0.025587    -0.002823    -0.000000
   --SCATTERING MATRIX--
     G/G'        1        2
      1      0.000000 -0.003193
      2      0.000000  0.000000
    MATERIAL  9
    GROUP   TRANSPORT  ABSORPTION      NU*FISS      FISSION
       1     0.003732    0.002478    -0.000103    -0.000000
       2    -0.021993    0.025587    -0.002823    -0.000000
   --SCATTERING MATRIX--
     G/G'        1        2
      1      0.000000 -0.003193
      2      0.000000  0.000000
    MATERIAL 10
    GROUP   TRANSPORT  ABSORPTION      NU*FISS      FISSION
       1     0.003732    0.002478    -0.000103    -0.000000
       2    -0.021993    0.025587    -0.002823    -0.000000
   --SCATTERING MATRIX--
     G/G'        1        2
      1      0.000000 -0.003193
      2      0.000000  0.000000
    MATERIAL 11
    GROUP   TRANSPORT  ABSORPTION      NU*FISS      FISSION
       1     0.003732    0.002478    -0.000103    -0.000000
       2    -0.021993    0.025587    -0.002823    -0.000000
   --SCATTERING MATRIX--
     G/G'        1        2
      1      0.000000 -0.003193
      2      0.000000  0.000000

  ...Control Rods Insertion card is sucessfully read...


            >>>>      READING FUEL TEMPERATURE      <<<<
            --------------------------------------------
  AVERAGE FUEL TEMPERATURE   :891.19  (NOT USED)
  FUEL TEMPERATURE REFERENCE :891.45

  MATERIAL CX CHANGES PER FUEL TEMPERATURE CHANGES : 
    MATERIAL  1
     GROUP   TRANSPORT   ABSORPTION   NU*FISS       FISSION
       1   0.00000E+00  0.00000E+00   0.00000E+00   0.00000E+00
       2   0.00000E+00  0.00000E+00   0.00000E+00   0.00000E+00
   --SCATTERING MATRIX--
     G/G'          1          2
      1      0.00000E+00  0.00000E+00
      2      0.00000E+00  0.00000E+00
    MATERIAL  2
     GROUP   TRANSPORT   ABSORPTION   NU*FISS       FISSION
       1   0.00000E+00  0.00000E+00   0.00000E+00   0.00000E+00
       2   0.00000E+00  0.00000E+00   0.00000E+00   0.00000E+00
   --SCATTERING MATRIX--
     G/G'          1          2
      1      0.00000E+00  0.00000E+00
      2      0.00000E+00  0.00000E+00
    MATERIAL  3
     GROUP   TRANSPORT   ABSORPTION   NU*FISS       FISSION
       1   0.00000E+00  0.00000E+00   0.00000E+00   0.00000E+00
       2   0.00000E+00  0.00000E+00   0.00000E+00   0.00000E+00
   --SCATTERING MATRIX--
     G/G'          1          2
      1      0.00000E+00  0.00000E+00
      2      0.00000E+00  0.00000E+00
    MATERIAL  4
     GROUP   TRANSPORT   ABSORPTION   NU*FISS       FISSION
       1  -0.30920E-04  0.34971E-04   0.64013E-06   0.71541E-17
       2  -0.13729E-03 -0.37181E-04  -0.56304E-04  -0.73919E-15
   --SCATTERING MATRIX--
     G/G'          1          2
      1      0.00000E+00 -0.27554E-04
      2      0.00000E+00  0.00000E+00
    MATERIAL  5
     GROUP   TRANSPORT   ABSORPTION   NU*FISS       FISSION
       1  -0.30861E-04  0.35180E-04   0.99743E-06   0.11868E-16
       2  -0.11748E-03 -0.37704E-04  -0.60415E-04  -0.79317E-15
   --SCATTERING MATRIX--
     G/G'          1          2
      1      0.00000E+00 -0.27677E-04
      2      0.00000E+00  0.00000E+00
    MATERIAL  6
     GROUP   TRANSPORT   ABSORPTION   NU*FISS       FISSION
       1  -0.30917E-04  0.35384E-04   0.14185E-05   0.17427E-16
       2  -0.10134E-03 -0.37756E-04  -0.63096E-04  -0.82836E-15
   --SCATTERING MATRIX--
     G/G'          1          2
      1      0.00000E+00 -0.27839E-04
      2      0.00000E+00  0.00000E+00
    MATERIAL  7
     GROUP   TRANSPORT   ABSORPTION   NU*FISS       FISSION
       1  -0.31375E-04  0.34870E-04   0.94543E-06   0.11868E-16
       2  -0.10827E-03 -0.37275E-04  -0.57966E-04  -0.76085E-15
   --SCATTERING MATRIX--
     G/G'          1          2
      1      0.00000E+00 -0.27355E-04
      2      0.00000E+00  0.00000E+00
    MATERIAL  8
     GROUP   TRANSPORT   ABSORPTION   NU*FISS       FISSION
       1  -0.31550E-04  0.34727E-04   0.92608E-06   0.10893E-16
       2  -0.10552E-03 -0.37181E-04  -0.57111E-04  -0.74957E-15
   --SCATTERING MATRIX--
     G/G'          1          2
      1      0.00000E+00 -0.27238E-04
      2      0.00000E+00  0.00000E+00
    MATERIAL  9
     GROUP   TRANSPORT   ABSORPTION   NU*FISS       FISSION
       1  -0.31728E-04  0.34603E-04   0.90580E-06   0.10617E-16
       2  -0.10252E-03 -0.37020E-04  -0.56154E-04  -0.73697E-15
   --SCATTERING MATRIX--
     G/G'          1          2
      1      0.00000E+00 -0.27117E-04
      2      0.00000E+00  0.00000E+00
    MATERIAL 10
     GROUP   TRANSPORT   ABSORPTION   NU*FISS       FISSION
       1  -0.31419E-04  0.35064E-04   0.13564E-05   0.17427E-16
       2  -0.93889E-04 -0.37140E-04  -0.60505E-04  -0.79425E-15
   --SCATTERING MATRIX--
     G/G'          1          2
      1      0.00000E+00 -0.27505E-04
      2      0.00000E+00  0.00000E+00
    MATERIAL 11
     GROUP   TRANSPORT   ABSORPTION   NU*FISS       FISSION
       1  -0.31591E-04  0.34912E-04   0.13334E-05   0.16277E-16
       2  -0.91713E-04 -0.36991E-04  -0.59628E-04  -0.78272E-15
   --SCATTERING MATRIX--
     G/G'          1          2
      1      0.00000E+00 -0.27383E-04
      2      0.00000E+00  0.00000E+00

  ...Fuel Temperature is card sucessfully read...


            >>>>   READING MODERATOR TEMPERATURE    <<<<
            --------------------------------------------
  AVERAGE MODERATOR TEMPERATURE   :559.19  (NOT USED)
  MODERATOR TEMPERATURE REFERENCE :579.75

  MATERIAL CX CHANGES PER MODERATOR TEMPERATURE CHANGES : 
    MATERIAL  1
     GROUP   TRANSPORT   ABSORPTION   NU*FISS       FISSION
       1   0.00000E+00  0.00000E+00   0.00000E+00   0.00000E+00
       2   0.00000E+00  0.00000E+00   0.00000E+00   0.00000E+00
   --SCATTERING MATRIX--
     G/G'          1          2
      1      0.00000E+00  0.00000E+00
      2      0.00000E+00  0.00000E+00
    MATERIAL  2
     GROUP   TRANSPORT   ABSORPTION   NU*FISS       FISSION
       1   0.00000E+00  0.00000E+00   0.00000E+00   0.00000E+00
       2   0.00000E+00  0.00000E+00   0.00000E+00   0.00000E+00
   --SCATTERING MATRIX--
     G/G'          1          2
      1      0.00000E+00  0.00000E+00
      2      0.00000E+00  0.00000E+00
    MATERIAL  3
     GROUP   TRANSPORT   ABSORPTION   NU*FISS       FISSION
       1   0.00000E+00  0.00000E+00   0.00000E+00   0.00000E+00
       2   0.00000E+00  0.00000E+00   0.00000E+00   0.00000E+00
   --SCATTERING MATRIX--
     G/G'          1          2
      1      0.00000E+00  0.00000E+00
      2      0.00000E+00  0.00000E+00
    MATERIAL  4
     GROUP   TRANSPORT   ABSORPTION   NU*FISS       FISSION
       1  -0.20331E-05  0.21219E-06   0.12471E-06   0.14304E-17
       2  -0.10867E-03 -0.31560E-04  -0.41644E-04  -0.54672E-15
   --SCATTERING MATRIX--
     G/G'          1          2
      1      0.00000E+00  0.80968E-06
      2      0.00000E+00  0.00000E+00
    MATERIAL  5
     GROUP   TRANSPORT   ABSORPTION   NU*FISS       FISSION
       1  -0.19808E-05  0.22600E-06   0.13515E-06   0.15690E-17
       2  -0.90615E-04 -0.32144E-04  -0.45310E-04  -0.59486E-15
   --SCATTERING MATRIX--
     G/G'          1          2
      1      0.00000E+00  0.85847E-06
      2      0.00000E+00  0.00000E+00
    MATERIAL  6
     GROUP   TRANSPORT   ABSORPTION   NU*FISS       FISSION
       1  -0.19243E-05  0.23994E-06   0.14908E-06   0.17542E-17
       2  -0.76279E-04 -0.32378E-04  -0.47847E-04  -0.62817E-15
   --SCATTERING MATRIX--
     G/G'          1          2
      1      0.00000E+00  0.90349E-06
      2      0.00000E+00  0.00000E+00
    MATERIAL  7
     GROUP   TRANSPORT   ABSORPTION   NU*FISS       FISSION
       1  -0.26963E-05  0.24853E-06   0.14077E-06   0.15690E-17
       2  -0.76244E-04 -0.30012E-04  -0.42020E-04  -0.55167E-15
   --SCATTERING MATRIX--
     G/G'          1          2
      1      0.00000E+00  0.70131E-06
      2      0.00000E+00  0.00000E+00
    MATERIAL  8
     GROUP   TRANSPORT   ABSORPTION   NU*FISS       FISSION
       1  -0.30791E-05  0.26185E-06   0.14323E-06   0.16790E-17
       2  -0.73340E-04 -0.29193E-04  -0.40770E-04  -0.53526E-15
   --SCATTERING MATRIX--
     G/G'          1          2
      1      0.00000E+00  0.61738E-06
      2      0.00000E+00  0.00000E+00
    MATERIAL  9
     GROUP   TRANSPORT   ABSORPTION   NU*FISS       FISSION
       1  -0.35388E-05  0.27431E-06   0.14602E-06   0.17167E-17
       2  -0.71371E-04 -0.28304E-04  -0.39432E-04  -0.51769E-15
   --SCATTERING MATRIX--
     G/G'          1          2
      1      0.00000E+00  0.51655E-06
      2      0.00000E+00  0.00000E+00
    MATERIAL 10
     GROUP   TRANSPORT   ABSORPTION   NU*FISS       FISSION
       1  -0.26391E-05  0.26429E-06   0.15586E-06   0.17542E-17
       2  -0.63955E-04 -0.30351E-04  -0.44443E-04  -0.58348E-15
   --SCATTERING MATRIX--
     G/G'          1          2
      1      0.00000E+00  0.74432E-06
      2      0.00000E+00  0.00000E+00
    MATERIAL 11
     GROUP   TRANSPORT   ABSORPTION   NU*FISS       FISSION
       1  -0.30215E-05  0.27906E-06   0.15881E-06   0.18853E-17
       2  -0.61698E-04 -0.29563E-04  -0.43159E-04  -0.56662E-15
   --SCATTERING MATRIX--
     G/G'          1          2
      1      0.00000E+00  0.65952E-06
      2      0.00000E+00  0.00000E+00

  ...Moderator Temperature Card is sucessfully read...


            >>>>       READING COOLANT DENSITY      <<<<
            --------------------------------------------
  AVERAGE COOLANT DENSITY   :  0.7464  (USED AS GUESS)
  COOLANT DENSITY REFERENCE :  0.7125

  MATERIAL CX CHANGES PER COOLANT DENSITY CHANGES : 
    MATERIAL  1
     GROUP   TRANSPORT   ABSORPTION   NU*FISS       FISSION
       1   0.74576E-01  0.20769E-03   0.00000E+00   0.00000E+00
       2   0.53363E+00  0.75842E-02   0.00000E+00   0.00000E+00
   --SCATTERING MATRIX--
     G/G'          1          2
      1      0.00000E+00  0.37131E-01
      2      0.00000E+00  0.00000E+00
    MATERIAL  2
     GROUP   TRANSPORT   ABSORPTION   NU*FISS       FISSION
       1   0.00000E+00  0.00000E+00   0.00000E+00   0.00000E+00
       2   0.00000E+00  0.00000E+00   0.00000E+00   0.00000E+00
   --SCATTERING MATRIX--
     G/G'          1          2
      1      0.00000E+00  0.00000E+00
      2      0.00000E+00  0.00000E+00
    MATERIAL  3
     GROUP   TRANSPORT   ABSORPTION   NU*FISS       FISSION
       1   0.00000E+00  0.00000E+00   0.00000E+00   0.00000E+00
       2   0.00000E+00  0.00000E+00   0.00000E+00   0.00000E+00
   --SCATTERING MATRIX--
     G/G'          1          2
      1      0.00000E+00  0.00000E+00
      2      0.00000E+00  0.00000E+00
    MATERIAL  4
     GROUP   TRANSPORT   ABSORPTION   NU*FISS       FISSION
       1   0.13567E+00  0.15519E-02   0.92069E-03   0.10239E-13
       2   0.99263E+00  0.25266E-01   0.24775E-01   0.32526E-12
   --SCATTERING MATRIX--
     G/G'          1          2
      1      0.00000E+00  0.29319E-01
      2      0.00000E+00  0.00000E+00
    MATERIAL  5
     GROUP   TRANSPORT   ABSORPTION   NU*FISS       FISSION
       1   0.13575E+00  0.16149E-02   0.96416E-03   0.10814E-13
       2   0.98198E+00  0.28667E-01   0.31499E-01   0.41354E-12
   --SCATTERING MATRIX--
     G/G'          1          2
      1      0.00000E+00  0.29270E-01
      2      0.00000E+00  0.00000E+00
    MATERIAL  6
     GROUP   TRANSPORT   ABSORPTION   NU*FISS       FISSION
       1   0.13583E+00  0.16802E-02   0.10141E-02   0.11477E-13
       2   0.97227E+00  0.31957E-01   0.38110E-01   0.50033E-12
   --SCATTERING MATRIX--
     G/G'          1          2
      1      0.00000E+00  0.29215E-01
      2      0.00000E+00  0.00000E+00
    MATERIAL  7
     GROUP   TRANSPORT   ABSORPTION   NU*FISS       FISSION
       1   0.13103E+00  0.16840E-02   0.98195E-03   0.10814E-13
       2   0.93470E+00  0.31424E-01   0.35159E-01   0.46172E-12
   --SCATTERING MATRIX--
     G/G'          1          2
      1      0.00000E+00  0.28249E-01
      2      0.00000E+00  0.00000E+00
    MATERIAL  8
     GROUP   TRANSPORT   ABSORPTION   NU*FISS       FISSION
       1   0.12938E+00  0.17197E-02   0.98844E-03   0.11132E-13
       2   0.91817E+00  0.32472E-01   0.36325E-01   0.47708E-12
   --SCATTERING MATRIX--
     G/G'          1          2
      1      0.00000E+00  0.27890E-01
      2      0.00000E+00  0.00000E+00
    MATERIAL  9
     GROUP   TRANSPORT   ABSORPTION   NU*FISS       FISSION
       1   0.12768E+00  0.17499E-02   0.99518E-03   0.11221E-13
       2   0.90129E+00  0.33594E-01   0.37450E-01   0.49190E-12
   --SCATTERING MATRIX--
     G/G'          1          2
      1      0.00000E+00  0.27520E-01
      2      0.00000E+00  0.00000E+00
    MATERIAL 10
     GROUP   TRANSPORT   ABSORPTION   NU*FISS       FISSION
       1   0.13112E+00  0.17553E-02   0.10352E-02   0.11477E-13
       2   0.92492E+00  0.34985E-01   0.42069E-01   0.58348E-12
   --SCATTERING MATRIX--
     G/G'          1          2
      1      0.00000E+00  0.28188E-01
      2      0.00000E+00  0.00000E+00
    MATERIAL 11
     GROUP   TRANSPORT   ABSORPTION   NU*FISS       FISSION
       1   0.12946E+00  0.17950E-02   0.10429E-02   0.11853E-13
       2   0.90846E+00  0.36103E-01   0.43321E-01   0.56886E-12
   --SCATTERING MATRIX--
     G/G'          1          2
      1      0.00000E+00  0.27826E-01
      2      0.00000E+00  0.00000E+00

  ...Coolant Density Card is sucessfully read...
       1       0.928252    6.56213E+01    3.47675E+02
       2       1.013231    1.00000E+00    6.68818E+01
       3       0.988335    1.00000E+00    3.07946E+00
       4       0.985201    1.00000E+00    1.00000E+00
     ...Fission Source Extrapolated...
       5       0.995417    2.93226E+02    3.63501E-01
       6       1.001645    2.28474E+00    7.93458E+00
       7       1.000233    2.25900E-01    1.29262E+00
       8       1.000405    1.53542E-01    1.86011E-01
       9       1.000800    1.16604E-01    1.20692E-01
     ...Fission Source Extrapolated...
      10       1.007120    8.10559E+02    1.00089E-01
      11       1.007254    8.83085E+01    2.67593E+02
      12       1.006856    1.00000E+00    8.47944E+00
      13       1.006861    6.72357E-01    7.94647E-01
      14       1.006888    2.75625E-01    2.95371E-01
     ...Fission Source Extrapolated...
      15       1.007079    2.65902E+00    2.04898E-01
      16       1.007014    5.81774E-01    6.93468E-01
      17       1.006999    1.56974E-01    3.99706E-01
      18       1.007027    7.33949E-02    7.87033E-02
      19       1.007070    5.62830E-02    5.88062E-02
     ...Fission Source Extrapolated...
      20       1.008082    1.37604E+01    4.93015E-02
      21       1.008139    7.38083E-01    3.16104E+00
      22       1.008093    1.76751E-01    1.24207E+00
      23       1.008097    1.25744E-01    1.41419E-01
      24       1.008101    9.82176E-02    1.06842E-01
     ...Fission Source Extrapolated...
      25       1.008097    4.80299E-01    8.88857E-02
      26       1.008081    1.35264E-01    4.15416E-01
      27       1.008070    4.66156E-02    2.22129E-01
      28       1.008070    2.40521E-02    2.49280E-02
      29       1.008073    1.83663E-02    1.98474E-02
     ...Fission Source Extrapolated...
      30       1.008242    7.78594E-01    1.67162E-02
      31       1.008273    1.35995E-01    5.45441E-01
      32       1.008290    5.21984E-02    2.39328E-01
      33       1.008300    3.55484E-02    3.92485E-02
      34       1.008306    2.97301E-02    3.12278E-02
     ...Fission Source Extrapolated...
      35       1.008330    1.83269E-01    2.57572E-02
      36       1.008314    4.18381E-02    1.39631E-01
      37       1.008308    1.46497E-02    6.79107E-02
      38       1.008304    8.02956E-03    1.03850E-02
      39       1.008303    5.03144E-03    5.51606E-03
     ...Fission Source Extrapolated...
      40       1.008278    1.67213E-01    4.55491E-03
      41       1.008288    4.44397E-02    1.30122E-01
      42       1.008318    2.08658E-02    5.31725E-02
      43       1.008327    1.35401E-02    1.64539E-02
      44       1.008331    9.36203E-03    1.14445E-02
     ...Fission Source Extrapolated...
      45       1.008354    5.46053E-02    7.71712E-03
      46       1.008345    1.66841E-02    3.75888E-02
      47       1.008342    5.49024E-03    1.40509E-02
      48       1.008340    3.29567E-03    4.13955E-03
      49       1.008339    2.09332E-03    2.47806E-03
     ...Fission Source Extrapolated...
      50       1.008309    5.64684E-02    1.51469E-03
      51       1.008313    2.38508E-02    4.41748E-02
      52       1.008332    1.09541E-02    1.75663E-02
      53       1.008337    7.97239E-03    8.63185E-03
      54       1.008340    5.59510E-03    6.07230E-03
     ...Fission Source Extrapolated...
      55       1.008350    2.48576E-02    4.12870E-03
      56       1.008347    6.20541E-03    1.55271E-02
      57       1.008346    1.79213E-03    6.06109E-03
      58       1.008345    1.02986E-03    1.49892E-03
      59       1.008345    6.46137E-04    7.14753E-04
     ...Fission Source Extrapolated...
      60       1.008331    2.06243E-02    4.01675E-04
      61       1.008331    1.06699E-02    1.58088E-02
      62       1.008341    5.04932E-03    6.90499E-03
      63       1.008344    3.64835E-03    3.74373E-03
      64       1.008345    2.54673E-03    2.60368E-03
     ...Fission Source Extrapolated...
      65       1.008348    8.37369E-03    1.79664E-03
      66       1.008348    1.64530E-03    5.25690E-03
      67       1.008347    3.31533E-04    1.98087E-03
      68       1.008347    1.99201E-04    3.19231E-04
      69       1.008347    1.11401E-04    1.44363E-04
     ...Fission Source Extrapolated...
      70       1.008344    6.43985E-03    9.36143E-05
      71       1.008343    2.98541E-03    5.03999E-03
      72       1.008347    1.41467E-03    2.29807E-03
      73       1.008348    9.22063E-04    1.14476E-03
      74       1.008348    6.06794E-04    7.11731E-04
     ...Fission Source Extrapolated...
      75       1.008349    1.48605E-03    4.60164E-04
      76       1.008349    2.73496E-04    8.78982E-04
      77       1.008349    3.38623E-05    3.92871E-04
      78       1.008349    2.38551E-05    4.06332E-05
      79       1.008349    1.52570E-05    2.03674E-05
     ...Fission Source Extrapolated...
      80       1.008348    7.38390E-04    1.16987E-05
      81       1.008348    3.93836E-04    6.04677E-04
      82       1.008349    1.84964E-04    2.67113E-04
      83       1.008349    1.39398E-04    1.63916E-04
      84       1.008349    1.04047E-04    1.19795E-04
     ...Fission Source Extrapolated...
      85       1.008349    3.22774E-04    8.81739E-05
      86       1.008349    3.47125E-05    2.23362E-04
      87       1.008349    1.04615E-05    9.51801E-05
      88       1.008349    8.97327E-06    1.57271E-05
      89       1.008349    8.36879E-06    8.64411E-06

 ***********************************************
Effective Factor Multiplication : Keff = 1.008349
 ***********************************************
    1        1200.20                1.00835     8.36879E-06          8.64411E-06
       1       1.007411    1.54412E-03    5.52919E-03
       2       1.007382    3.58078E-04    7.28277E-04
       3       1.007379    1.84556E-04    2.65712E-04
       4       1.007379    1.20185E-04    1.48383E-04
     ...Fission Source Extrapolated...
       5       1.007374    9.24422E-04    1.01506E-04
       6       1.007375    2.41201E-04    8.19143E-04
       7       1.007374    1.19200E-04    4.71004E-04
       8       1.007374    8.79096E-05    1.43542E-04
       9       1.007374    6.76732E-05    7.85295E-05
     ...Fission Source Extrapolated...
      10       1.007373    9.62908E-04    6.00929E-05
      11       1.007374    2.68766E-04    6.86807E-04
      12       1.007373    6.78985E-05    2.78775E-04
      13       1.007373    4.40426E-05    5.78916E-05
      14       1.007373    3.10191E-05    3.51843E-05
     ...Fission Source Extrapolated...
      15       1.007373    1.77562E-04    2.51399E-05
      16       1.007373    3.99744E-05    1.27521E-04
      17       1.007373    1.39052E-05    3.34812E-05
      18       1.007373    1.03444E-05    1.27053E-05
      19       1.007373    7.79444E-06    9.40187E-06

 ***********************************************
Effective Factor Multiplication : Keff = 1.007373
 ***********************************************
    2        1210.22                1.00737     7.79444E-06          9.40187E-06
       1       1.000345    1.16144E-02    4.19727E-02
       2       1.000124    2.64324E-03    5.32371E-03
       3       1.000106    1.35923E-03    1.93777E-03
       4       1.000101    8.87612E-04    1.08802E-03
     ...Fission Source Extrapolated...
       5       1.000068    6.95387E-03    7.48746E-04
       6       1.000077    1.78747E-03    6.27615E-03
       7       1.000067    8.93536E-04    3.62465E-03
       8       1.000066    6.57175E-04    1.09344E-03
       9       1.000066    5.06310E-04    5.87368E-04
     ...Fission Source Extrapolated...
      10       1.000060    7.15478E-03    4.49810E-04
      11       1.000064    1.98822E-03    5.11384E-03
      12       1.000061    5.02387E-04    2.08519E-03
      13       1.000061    3.21851E-04    4.21875E-04
      14       1.000061    2.34858E-04    2.54404E-04
     ...Fission Source Extrapolated...
      15       1.000059    1.37165E-03    1.90382E-04
      16       1.000059    3.02218E-04    9.87466E-04
      17       1.000058    1.10429E-04    2.52737E-04
      18       1.000058    8.23086E-05    1.00351E-04
      19       1.000058    6.23549E-05    7.47678E-05
     ...Fission Source Extrapolated...
      20       1.000057    1.07374E-03    5.60256E-05
      21       1.000058    2.87247E-04    8.54106E-04
      22       1.000057    8.82855E-05    3.35648E-04
      23       1.000057    6.13578E-05    7.22910E-05
      24       1.000057    4.78884E-05    5.10734E-05
     ...Fission Source Extrapolated...
      25       1.000056    2.72604E-04    3.96350E-05
      26       1.000056    4.73964E-05    1.98887E-04
      27       1.000056    1.87522E-05    4.82820E-05
      28       1.000056    1.47638E-05    1.61346E-05
      29       1.000056    1.20341E-05    1.41522E-05
     ...Fission Source Extrapolated...
      30       1.000056    3.15885E-04    1.16692E-05
      31       1.000056    8.30782E-05    2.68578E-04
      32       1.000056    2.31704E-05    1.23868E-04
      33       1.000056    1.46123E-05    1.86126E-05
      34       1.000056    1.05868E-05    1.21392E-05
     ...Fission Source Extrapolated...
      35       1.000056    7.15939E-05    8.93458E-06
      36       1.000056    2.02662E-05    4.90287E-05
      37       1.000056    8.26711E-06    2.29679E-05
      38       1.000056    6.57967E-06    7.19009E-06

 ***********************************************
Effective Factor Multiplication : Keff = 1.000056
 ***********************************************
    3        1285.92                1.00006     6.57967E-06          7.19009E-06
       1       1.000003    8.84346E-05    3.11180E-04
       2       1.000001    2.11943E-05    4.07000E-05
       3       1.000001    1.16692E-05    1.57921E-05
       4       1.000001    8.19673E-06    9.57648E-06

 ***********************************************
Effective Factor Multiplication : Keff = 1.000001
 ***********************************************
    4        1286.50                1.00000     8.19673E-06          9.57648E-06


     Radial Power Distribution
   ==============================
           1       2       3       4       5       6       7       8       9
     9   0.981   1.014   1.127   1.093   1.178   1.176   0.962   0.793   0.000
     8   1.014   1.103   1.141   1.164   1.144   1.111   1.001   0.611   0.000
     7   1.127   1.141   1.168   1.137   1.101   0.999   0.924   0.000   0.000
     6   1.093   1.164   1.137   1.093   0.986   0.948   0.623   0.000   0.000
     5   1.178   1.144   1.101   0.986   0.854   0.667   0.000   0.000   0.000
     4   1.176   1.111   0.999   0.948   0.667   0.000   0.000   0.000   0.000
     3   0.962   1.001   0.924   0.623   0.000   0.000   0.000   0.000   0.000
     2   0.793   0.611   0.000   0.000   0.000   0.000   0.000   0.000   0.000
     1   0.000   0.000   0.000   0.000   0.000   0.000   0.000   0.000   0.000

   MAX POS.       Maximum Value
  (  9,  5)          1.178


     Axial Power Density Distribution
   ====================================

     Plane Number        Power      Height
    -----------------------------------------
        18  (Top)        0.000      427.30
        17               0.028      397.30
        16               0.061      389.30
        15               0.122      376.50
        14               0.310      363.70
        13               0.694      333.70
        12               1.129      303.70
        11               1.593      273.70
        10               1.941      243.70
         9               2.120      213.70
         8               2.116      183.70
         7               1.929      153.70
         6               1.576      123.70
         5               1.088       93.70
         4               0.659       63.70
         3               0.395       48.70
         2               0.239       37.70
         1  (Bottom)     0.000       30.00

   MAX POS.       Maximum Value
    (  9)             2.120

     Radial Flux Distribution
   ==============================
    Group :   1
             1          2          3          4          5          6          7          8          9
     9   2.136E-02  2.218E-02  2.377E-02  2.388E-02  2.473E-02  2.412E-02  2.083E-02  1.421E-02  1.980E-03 
     8   2.218E-02  2.326E-02  2.413E-02  2.449E-02  2.419E-02  2.341E-02  2.004E-02  1.124E-02  1.458E-03 
     7   2.377E-02  2.413E-02  2.456E-02  2.403E-02  2.317E-02  2.154E-02  1.691E-02  3.936E-03  3.477E-04 
     6   2.388E-02  2.449E-02  2.403E-02  2.297E-02  2.108E-02  1.878E-02  1.142E-02  1.615E-03  0.000E+00 
     5   2.473E-02  2.419E-02  2.317E-02  2.108E-02  1.792E-02  1.212E-02  3.066E-03  3.321E-04  0.000E+00 
     4   2.412E-02  2.341E-02  2.154E-02  1.878E-02  1.212E-02  3.123E-03  4.007E-04  0.000E+00  0.000E+00 
     3   2.083E-02  2.004E-02  1.691E-02  1.142E-02  3.066E-03  4.007E-04  0.000E+00  0.000E+00  0.000E+00 
     2   1.421E-02  1.124E-02  3.936E-03  1.615E-03  3.321E-04  0.000E+00  0.000E+00  0.000E+00  0.000E+00 
     1   1.980E-03  1.458E-03  3.477E-04  0.000E+00  0.000E+00  0.000E+00  0.000E+00  0.000E+00  0.000E+00 

    Group :   2
             1          2          3          4          5          6          7          8          9
     9   2.358E-02  2.042E-02  2.713E-02  2.205E-02  2.846E-02  2.373E-02  2.312E-02  1.383E-02  8.321E-04 
     8   2.042E-02  2.657E-02  2.300E-02  2.813E-02  2.307E-02  2.675E-02  1.734E-02  1.060E-02  6.123E-04 
     7   2.713E-02  2.300E-02  2.812E-02  2.291E-02  2.651E-02  2.004E-02  1.600E-02  1.486E-03  1.326E-04 
     6   2.205E-02  2.813E-02  2.291E-02  2.631E-02  1.980E-02  1.638E-02  1.080E-02  6.744E-04  0.000E+00 
     5   2.846E-02  2.307E-02  2.651E-02  1.980E-02  2.056E-02  1.159E-02  1.162E-03  1.266E-04  0.000E+00 
     4   2.373E-02  2.675E-02  2.004E-02  1.638E-02  1.159E-02  1.188E-03  1.522E-04  0.000E+00  0.000E+00 
     3   2.312E-02  1.734E-02  1.600E-02  1.080E-02  1.162E-03  1.522E-04  0.000E+00  0.000E+00  0.000E+00 
     2   1.383E-02  1.060E-02  1.486E-03  6.744E-04  1.266E-04  0.000E+00  0.000E+00  0.000E+00  0.000E+00 
     1   8.321E-04  6.123E-04  1.326E-04  0.000E+00  0.000E+00  0.000E+00  0.000E+00  0.000E+00  0.000E+00 


 Total Time :    7.4316129999999996      Seconds
