                                                                                
      /\               /\                                                       
     //\\             //\\                                                      
    //**\\           //**\\                                                     
   //****\\         //****\\                                                    
  //******\\       //******\\   ____                   _   _           _        
  ---------   /*\   ---------  / __ \                 | \ | |         | |       
             (***)            | |  | |_ __   ___ _ __ |  \| | ___   __| | ___   
              \*/             | |  | | "_ \ / _ \ "_ \| . ` |/ _"\ / _" |/ _ \  
                              | |__| | |_) |  __/ | | | |\  | |_) | (_| |  __/  
              //\\             \____/| .__/ \___)_| |_|_| \_|\___/ \___/ \___|  
             //**\\                  | |                                        
            //****\\                 |_|                                        
           //******\\                                                           
           ----------                                                           
                                                                                
 ____________________________________________________________
          | The OpenNode, Nodal Methods for Neutron Diffusion
 Version  | Version Number: 1.1                              
 Copyright| 2021 Radiation & Nuclear System Laboratory       
          | University Abdelmalk Essaadi                     
          | Faculty of Sciences, Tetouan, Morocco            
 Source   | FORTRAN90 version                                
 GUI      | PyQt5                                            
 Method   | The Nodal Expansion Method (NEM)                 
 Dimension| Three Dimensions (3D)                            
 Geometry | Cartesian                                        
 ____________________________________________________________
                        ==========================
   Calculation Mode :    Rod Ejection Calculation 
   ----------------     ==========================

            --------------------------------------------
            >>>> Writing Macroscopic Cross Sections <<<<
            --------------------------------------------
     Material  1
    Group   Transport    Diffusion  Absorption    Removal      Nu*Fiss      Kap*Fis    Fiss. Spctr
       1     0.234097    1.423913    0.010402    0.027958     0.006478     0.006478     1.000000
       2     0.935526    0.356306    0.087662    0.087662     0.112733     0.112733     0.000000
         --Scattering Matrix--
           G/G'          1          2
            1        0.000000    0.017556
            2        0.000000    0.000000
     Material  2
    Group   Transport    Diffusion  Absorption    Removal      Nu*Fiss      Kap*Fis    Fiss. Spctr
       1     0.233818    1.425611    0.010993    0.028171     0.007503     0.007503     1.000000
       2     0.950822    0.350574    0.099256    0.099256     0.137800     0.137800     0.000000
         --Scattering Matrix--
           G/G'          1          2
            1        0.000000    0.017178
            2        0.000000    0.000000
     Material  3
    Group   Transport    Diffusion  Absorption    Removal      Nu*Fiss      Kap*Fis    Fiss. Spctr
       1     0.203970    1.634227    0.002661    0.030258     0.000000     0.000000     1.000000
       2     1.262617    0.264002    0.049364    0.049364     0.000000     0.000000     0.000000
         --Scattering Matrix--
           G/G'          1          2
            1        0.000000    0.027597
            2        0.000000    0.000000

            -------------------------------
            >>>>>Wrting Core Geometry<<<<<
            -------------------------------
  Number of Assembly in x, y and z Directions Respectively :
           6           6          10
  Number of Nodes in x, y and z Directions Respectively :
          11          11          40

  x-Directed Nodes Divison (Delta-x)
    10.00  10.00  10.00  10.00  10.00  10.00  10.00  10.00  10.00  10.00
    10.00
  y-Directed Nodes Divison (Delta-y)
    10.00  10.00  10.00  10.00  10.00  10.00  10.00  10.00  10.00  10.00
    10.00
  Planar Region :  1
        1  2  3  4  5  6  7  8  9 10 11
    11  3  3  3  3  3  3  3  3  3       
    10  3  3  3  3  3  3  3  3  3       
     9  3  3  3  3  3  3  3  3  3  3  3 
     8  3  3  3  3  3  3  3  3  3  3  3 
     7  3  3  3  3  3  3  3  3  3  3  3 
     6  3  3  3  3  3  3  3  3  3  3  3 
     5  3  3  3  3  3  3  3  3  3  3  3 
     4  3  3  3  3  3  3  3  3  3  3  3 
     3  3  3  3  3  3  3  3  3  3  3  3 
     2  3  3  3  3  3  3  3  3  3  3  3 
     1  3  3  3  3  3  3  3  3  3  3  3 
  Planar Region :  2
        1  2  3  4  5  6  7  8  9 10 11
    11  3  3  3  3  3  3  3  3  3       
    10  3  3  3  3  3  3  3  3  3       
     9  2  2  2  2  2  2  2  3  3  3  3 
     8  2  2  2  2  2  2  2  3  3  3  3 
     7  1  1  1  1  1  2  2  2  2  3  3 
     6  1  1  1  1  1  2  2  2  2  3  3 
     5  1  1  1  1  1  1  1  2  2  3  3 
     4  1  1  1  1  1  1  1  2  2  3  3 
     3  1  1  1  1  1  1  1  2  2  3  3 
     2  1  1  1  1  1  1  1  2  2  3  3 
     1  1  1  1  1  1  1  1  2  2  3  3 

  Planar Region Assignment to Planes.
 -------------------------------------
   Plane Number     Planar Region    Delta-z
       40 (Top)            1           5.00
       39                  1           5.00
       38                  1           5.00
       37                  1           5.00
       36                  2           5.00
       35                  2           5.00
       34                  2           5.00
       33                  2           5.00
       32                  2           5.00
       31                  2           5.00
       30                  2           5.00
       29                  2           5.00
       28                  2           5.00
       27                  2           5.00
       26                  2           5.00
       25                  2           5.00
       24                  2           5.00
       23                  2           5.00
       22                  2           5.00
       21                  2           5.00
       20                  2           5.00
       19                  2           5.00
       18                  2           5.00
       17                  2           5.00
       16                  2           5.00
       15                  2           5.00
       14                  2           5.00
       13                  2           5.00
       12                  2           5.00
       11                  2           5.00
       10                  2           5.00
        9                  2           5.00
        8                  2           5.00
        7                  2           5.00
        6                  2           5.00
        5                  2           5.00
        4                  1           5.00
        3                  1           5.00
        2                  1           5.00
        1 (Bottom)         1           5.00

   Boundary Conditions
   -------------------
  X-Directed West   : Reflective
  X-Directed East   : Zero Incoming Current
  Y-Directed North  : Zero Incoming Current
  Y-Directed South  : Reflective
  Z-Directed Bottom : Zero Incoming Current
  Z-Directed Top    : Zero Incoming Current

  ...Core Geometry is Sucessfully Read...
     ---------------------------------


            >>>> READING CONTROL RODS INSERTION <<<<
            --------------------------------------------
  NUMBER OF CONTROL ROD BANK  :  2
  MAX. NUMBER OF STEPS        : 180
  FULLY INSERTED POSITION (cm):  0.0 (FROM BOTTOM OF THE CORE)
  STEP SIZE (cm)              :   1.0000
  CR CUSPING CORRECTION       : NOT ACTIVE
  INITIAL CONTROL ROD BANK POSITION (STEPS) : 
  (0 means fully inserted) 
    Bank  1  Bank  2
    180.0    100.0

  CONTROL ROD BANK MAP : 
  0  0  0  0  0  0
  0  0  0  0  0  0
  2  0  0  0  0  0
  0  0  1  0  0  0
  0  0  0  0  0  0
  1  0  0  2  0  0

  MATERIAL CX INCREMENT OR DECREMENT DUE TO CR INSERTION : 
    MATERIAL  1
    GROUP   TRANSPORT  ABSORPTION      NU*FISS      FISSION
       1     0.000000    0.000550     0.000000     0.000000
       2     0.000000    0.003800     0.000000     0.000000
   --SCATTERING MATRIX--
     G/G'        1        2
      1      0.000000  0.000000
      2      0.000000  0.000000
    MATERIAL  2
    GROUP   TRANSPORT  ABSORPTION      NU*FISS      FISSION
       1     0.000280   -0.000040    -0.001030    -0.001030
       2    -0.015300   -0.007790    -0.025070    -0.025070
   --SCATTERING MATRIX--
     G/G'        1        2
      1      0.000000  0.000380
      2      0.000000  0.000000
    MATERIAL  3
    GROUP   TRANSPORT  ABSORPTION      NU*FISS      FISSION
       1     0.030130    0.008290     0.006480     0.006480
       2    -0.327090    0.042100     0.112730     0.112730
   --SCATTERING MATRIX--
     G/G'        1        2
      1      0.000000 -0.010040
      2      0.000000  0.000000

  ...Control Rods Insertion card is sucessfully read...


            >>>>     READING ROD EJECTION DATA      <<<<
            --------------------------------------------
                           Bank  1  Bank  2
  FINAL BANK POS. (STEP)     60.0    180.0
  STARTS MOVE (SECOND)        7.5      0.0
  SPEED (STEP/SECOND)         3.0      3.0

  TIME PARAMETERS IN SECONDS : 
    TOTAL SIMULATION TIME         :  60.00
    FIRST TIME STEP               : 0.2500
    SECOND TIME STEP              : 1.0000
    WHEN SECOND TIME STEP APPLY?  :  60.00

  DELAYED NEUTRON FRACTION : 
    0.00025    0.00138    0.00122    0.00265    0.00083    0.00017

  PRECUSOR DECAY CONSTANT (1/s): 
    0.01270    0.03170    0.11500    0.31100    1.40000    3.87000

  NEUTRON VELOCITY (cm/s) : 
    1.25000E+07    2.50000E+05

  ...Rod Ejection Card is sucessfully read...
       1       1.499010    4.76442E-01    1.47578E+00
       2       1.140399    1.00406E+00    2.72644E+00
       3       1.009202    6.80909E-01    1.76338E+00
       4       0.967613    4.38888E-01    1.47547E+00
       5       0.917706    1.14273E+01    1.22316E+00
       6       0.956033    8.34991E-01    9.74803E-01
       7       0.960551    1.36869E-01    7.38260E-01
       8       0.963676    1.25775E-01    5.80721E-01
       9       0.966592    1.05700E-01    4.26534E-01
      10       0.995734    6.77428E+00    2.91450E-01
      11       0.973504    8.08470E-01    5.41875E-01
      12       0.978754    5.41131E-02    2.49954E-01
      13       0.981313    4.45756E-02    2.10871E-01
      14       0.982944    3.84217E-02    1.58708E-01
      15       1.004279    1.35078E+00    1.11632E-01
      16       0.985523    4.69072E-01    2.94968E-01
      17       0.988388    3.67130E-02    1.53424E-01
      18       0.989777    2.71313E-02    1.21687E-01
      19       0.990627    2.29831E-02    8.91357E-02
      20       1.001513    5.33352E-01    6.32036E-02
      21       0.991804    2.58997E-01    1.56467E-01
      22       0.993251    2.19486E-02    8.37620E-02
      23       0.993963    1.50344E-02    6.82543E-02
      24       0.994405    1.30649E-02    4.97558E-02
      25       1.000410    2.71038E-01    3.50960E-02
      26       0.994983    1.49769E-01    9.28758E-02
      27       0.995860    1.34547E-02    5.15385E-02
      28       0.996292    1.00018E-02    4.18091E-02
      29       0.996559    8.56861E-03    3.09014E-02
      30       1.000114    1.58622E-01    2.19490E-02
      31       0.996887    9.35477E-02    5.68508E-02
      32       0.997413    8.01835E-03    3.16397E-02
      33       0.997671    6.04226E-03    2.60101E-02
      34       0.997829    5.20338E-03    1.91540E-02
      35       0.999970    9.34581E-02    1.35267E-02
      36       0.998008    5.72700E-02    3.50639E-02
      37       0.998332    5.06079E-03    1.95620E-02
      38       0.998490    3.82887E-03    1.61104E-02
      39       0.998586    3.28778E-03    1.19353E-02
      40       0.999870    5.66433E-02    8.44946E-03
      41       0.998687    3.55072E-02    2.16439E-02
      42       0.998883    3.11268E-03    1.20641E-02
      43       0.998979    2.36426E-03    9.99152E-03
      44       0.999036    2.03413E-03    7.40828E-03
      45       0.999803    3.44090E-02    5.23911E-03
      46       0.999093    2.18472E-02    1.33812E-02
      47       0.999212    1.95121E-03    7.45710E-03
      48       0.999270    1.48876E-03    6.18756E-03
      49       0.999304    1.28181E-03    4.60659E-03
      50       0.999767    2.14878E-02    3.26568E-03
      51       0.999337    1.37561E-02    8.42922E-03
      52       0.999409    1.23201E-03    4.71263E-03
      53       0.999444    9.41261E-04    3.90010E-03
      54       0.999466    8.11135E-04    2.90796E-03
      55       0.999747    1.36222E-02    2.06173E-03
      56       0.999484    8.77014E-03    5.37625E-03
      57       0.999529    7.89329E-04    3.01835E-03
      58       0.999550    6.03006E-04    2.48642E-03
      59       0.999563    5.19979E-04    1.85659E-03
      60       0.999736    8.78054E-03    1.31708E-03
      61       0.999574    5.67679E-03    3.47510E-03
      62       0.999601    5.11437E-04    1.95365E-03
      63       0.999614    3.90070E-04    1.60676E-03
      64       0.999622    3.36606E-04    1.20012E-03
      65       0.999728    5.73146E-03    8.51371E-04
      66       0.999628    3.71706E-03    2.27194E-03
      67       0.999645    3.35995E-04    1.27783E-03
      68       0.999653    2.55659E-04    1.05047E-03
      69       0.999658    2.20793E-04    7.84695E-04
      70       0.999724    3.85137E-03    5.56838E-04
      71       0.999662    2.50850E-03    1.52586E-03
      72       0.999672    2.24965E-04    8.56171E-04
      73       0.999677    1.70027E-04    7.04324E-04
      74       0.999680    1.46747E-04    5.25260E-04
      75       0.999722    2.64101E-03    3.72090E-04
      76       0.999682    1.72916E-03    1.04287E-03
      77       0.999689    1.54647E-04    5.82930E-04
      78       0.999692    1.14247E-04    4.80400E-04
      79       0.999694    9.85148E-05    3.57178E-04
      80       0.999720    1.86438E-03    2.52342E-04
      81       0.999695    1.22954E-03    7.32103E-04
      82       0.999699    1.08549E-04    4.09431E-04
      83       0.999701    7.76295E-05    3.35881E-04
      84       0.999702    6.67608E-05    2.48476E-04
      85       0.999719    1.31791E-03    1.74656E-04
      86       0.999703    8.74978E-04    5.13493E-04
      87       0.999705    7.59158E-05    2.87646E-04
      88       0.999706    5.28913E-05    2.35065E-04
      89       0.999707    4.54256E-05    1.72966E-04
      90       0.999717    9.31401E-04    1.21068E-04
      91       0.999708    6.21738E-04    3.60500E-04
      92       0.999709    5.31731E-05    2.02517E-04
      93       0.999710    3.63361E-05    1.64845E-04
      94       0.999710    3.11714E-05    1.20738E-04
      95       0.999716    6.50512E-04    8.42416E-05
      96       0.999710    4.35526E-04    2.50441E-04
      97       0.999711    3.71173E-05    1.41330E-04
      98       0.999712    2.51264E-05    1.14712E-04
      99       0.999712    2.15724E-05    8.37688E-05
     100       0.999715    4.59901E-04    5.84089E-05
     101       0.999712    3.08623E-04    1.76558E-04
     102       0.999713    2.62549E-05    1.00071E-04
     103       0.999713    1.76606E-05    8.09507E-05
     104       0.999713    1.51565E-05    5.89835E-05
     105       0.999715    3.24256E-04    4.10957E-05
     106       0.999713    2.17770E-04    1.24136E-04
     107       0.999713    1.86132E-05    7.13331E-05
     108       0.999713    1.25042E-05    5.70789E-05
     109       0.999713    1.11672E-05    4.15372E-05
     110       0.999715    2.38677E-04    2.89655E-05
     111       0.999714    1.63370E-04    8.87925E-05
     112       0.999714    1.36425E-05    5.19588E-05
     113       0.999714    9.30864E-06    4.08950E-05
     114       0.999714    8.48015E-06    2.97395E-05
     115       0.999714    1.80321E-04    2.07483E-05
     116       0.999714    1.24190E-04    6.52481E-05
     117       0.999714    1.00203E-05    3.81824E-05
     118       0.999714    7.02550E-06    2.96736E-05
     119       0.999714    6.39738E-06    2.14395E-05
     120       0.999714    1.36178E-04    1.49674E-05
     121       0.999714    9.38867E-05    4.87118E-05
     122       0.999714    7.40458E-06    2.82133E-05
     123       0.999714    5.30279E-06    2.17341E-05
     124       0.999714    4.82655E-06    1.56014E-05
     125       0.999714    1.02740E-04    1.08991E-05
     126       0.999714    7.08902E-05    3.64352E-05
     127       0.999714    5.50962E-06    2.09236E-05
     128       0.999714    3.99163E-06    1.60110E-05
     129       0.999714    3.63215E-06    1.14353E-05
     130       0.999714    7.73775E-05    7.99222E-06
     131       0.999714    5.34230E-05    2.72690E-05
     132       0.999714    4.11087E-06    1.55671E-05
     133       0.999714    3.00325E-06    1.18518E-05
     134       0.999714    2.73211E-06    8.43215E-06

 ***********************************************
Effective Factor Multiplication : Keff = 0.999714
 ***********************************************

   INITIAL MULTIPLICATION EFFECTIVE (K-EFF) =  0.999714
   WARNING: THE STEADY STATE K-EFF IS NOT EQUAL TO 1.0
   AND NOW IT IS FORCED TO 1.0 BY MODIFYING THE nu*sigf CROSS SECTIONS 

       1       0.999811    1.06051E-04    1.25094E-04
       2       0.999886    7.96954E-05    8.32363E-05
       3       0.999934    4.99421E-05    7.51433E-05
       4       0.999962    3.40468E-05    6.47023E-05
       5       1.000001    5.71627E-05    5.67501E-05
       6       0.999988    1.43099E-05    4.73348E-05
       7       0.999993    1.12164E-05    3.80189E-05
       8       0.999996    8.03038E-06    2.91997E-05
       9       0.999998    5.78944E-06    2.10505E-05
      10       1.000000    1.04993E-05    1.46572E-05
      11       0.999999    2.12195E-06    1.01573E-05
      12       1.000000    2.34762E-06    7.14517E-06

 ***********************************************
Effective Factor Multiplication : Keff = 1.000000
 ***********************************************
    1     0.944098    1.22455E-01    1.86746E+00
    2     0.949131    7.15293E-02    1.47758E+00
    3     0.965896    2.49713E-02    2.24586E+00
    4     0.979289    2.42156E-02    1.12668E+01
     ...Fission Source Extrapolated...
    5     1.003961    5.18241E-02    7.62236E+00
    6     0.993105    2.80348E-02    2.64647E+01
    7     0.996113    8.52294E-03    2.45107E+02
    8     0.997810    6.92387E-03    1.48787E+00
    9     0.998751    5.41502E-03    1.96498E+00
     ...Fission Source Extrapolated...
   10     0.999891    8.66903E-03    6.12863E+00
   11     0.999534    2.16400E-03    4.52707E-01
   12     0.999688    1.61139E-03    2.50324E-01
   13     0.999775    9.43774E-04    1.22609E-01
   14     0.999823    6.62121E-04    5.52817E-02
     ...Fission Source Extrapolated...
   15     1.000131    5.68280E-03    2.34004E-02
   16     0.999871    4.22902E-03    9.27257E-03
   17     0.999883    8.86805E-04    6.18957E-03
   18     0.999894    7.87209E-04    2.13858E-03
   19     0.999905    5.62869E-04    1.82959E-03
     ...Fission Source Extrapolated...
   20     1.000016    4.86766E-03    1.30683E-03
   21     0.999930    4.18720E-03    3.20153E-03
   22     0.999934    6.04301E-04    4.40695E-03
   23     0.999939    5.56550E-04    1.63083E-03
   24     0.999944    3.88533E-04    1.65314E-03
     ...Fission Source Extrapolated...
   25     1.000006    4.06376E-03    1.60292E-03
   26     0.999957    3.58153E-03    2.11636E-03
   27     0.999959    3.90722E-04    2.94111E-03
   28     0.999962    3.51900E-04    1.08684E-03
   29     0.999964    2.47805E-04    1.05295E-03
     ...Fission Source Extrapolated...
   30     1.000003    2.72303E-03    1.01370E-03
   31     0.999973    2.41461E-03    1.35201E-03
   32     0.999974    2.51143E-04    1.90759E-03
   33     0.999975    2.25089E-04    7.73913E-04
   34     0.999977    1.67461E-04    6.87477E-04
     ...Fission Source Extrapolated...
   35     1.000002    1.86544E-03    6.69030E-04
   36     0.999982    1.65974E-03    8.79848E-04
   37     0.999983    1.63373E-04    1.24604E-03
   38     0.999984    1.46092E-04    5.29907E-04
   39     0.999985    1.12731E-04    4.60925E-04
     ...Fission Source Extrapolated...
   40     1.000001    1.25797E-03    4.49578E-04
   41     0.999989    1.12028E-03    5.73199E-04
   42     0.999989    1.06539E-04    8.13588E-04
   43     0.999990    9.52971E-05    3.57900E-04
   44     0.999990    7.56372E-05    3.08552E-04
     ...Fission Source Extrapolated...
   45     1.000001    8.45628E-04    3.01370E-04
   46     0.999993    7.53620E-04    3.77326E-04
   47     0.999993    7.00820E-05    5.35619E-04
   48     0.999993    6.27035E-05    2.41327E-04
   49     0.999994    5.08053E-05    2.06984E-04
     ...Fission Source Extrapolated...
   50     1.000001    5.67268E-04    2.02317E-04
   51     0.999996    5.05631E-04    2.48953E-04
   52     0.999996    4.62413E-05    3.53492E-04
   53     0.999996    4.13964E-05    1.62038E-04
   54     0.999996    3.40676E-05    1.38579E-04
     ...Fission Source Extrapolated...
   55     1.000001    3.80561E-04    1.35526E-04
   56     0.999997    3.39289E-04    1.65597E-04
   57     0.999998    3.07429E-05    2.36134E-04
   58     0.999998    2.75286E-05    1.09038E-04
   59     0.999998    2.28875E-05    9.29804E-05
     ...Fission Source Extrapolated...
   60     1.000001    2.55520E-04    9.09760E-05
   61     0.999999    2.27817E-04    1.10979E-04
   62     0.999999    2.05544E-05    1.58626E-04
   63     0.999999    1.83680E-05    7.33598E-05
   64     0.999999    1.53858E-05    6.23994E-05
     ...Fission Source Extrapolated...
   65     1.000001    1.71783E-04    6.10813E-05
   66     0.999999    1.53165E-04    7.47619E-05
   67     0.999999    1.37873E-05    1.06834E-04
   68     1.000000    1.22973E-05    4.94820E-05
   69     1.000000    1.03679E-05    4.19691E-05
     ...Fission Source Extrapolated...
   70     1.000001    1.16071E-04    4.11021E-05
   71     1.000000    1.03523E-04    5.06406E-05
   72     1.000000    9.29961E-06    7.23463E-05
   73     1.000000    8.27443E-06    3.35711E-05
   74     1.000000    7.01779E-06    2.83670E-05
     ...Fission Source Extrapolated...
   75     1.000001    7.85585E-05    2.77948E-05
   76     1.000000    7.00657E-05    3.42968E-05
   77     1.000000    6.27753E-06    4.90064E-05
   78     1.000000    5.57186E-06    2.27751E-05
   79     1.000000    4.75645E-06    1.91762E-05
     ...Fission Source Extrapolated...
   80     1.000001    5.34980E-05    1.87991E-05
   81     1.000001    4.77378E-05    2.34505E-05
   82     1.000001    4.26968E-06    3.34966E-05
   83     1.000001    3.78354E-06    1.56022E-05
   84     1.000001    3.24731E-06    1.30683E-05
     ...Fission Source Extrapolated...
   85     1.000001    3.66501E-05    1.28193E-05
   86     1.000001    3.27167E-05    1.60788E-05
   87     1.000001    2.91335E-06    2.29748E-05
   88     1.000001    2.57782E-06    1.07248E-05
   89     1.000001    2.22548E-06    8.93393E-06

 ***********************************************
Effective Factor Multiplication : Keff = 1.000001
 ***********************************************
       1       0.645199    7.18229E-01    1.01441E+00
       2       0.721656    1.42199E-01    5.67693E-01
       3       0.823368    1.67103E-01    4.18966E-01
       4       0.894850    1.48932E-01    3.40941E-01
       5       1.009173    2.52974E-01    2.84581E-01
       6       0.964469    6.20969E-02    2.13421E-01
       7       0.979324    5.22999E-02    1.50997E-01
       8       0.987839    3.78140E-02    1.06308E-01
       9       0.992686    2.69373E-02    7.03447E-02
      10       0.999418    4.62262E-02    4.49125E-02
      11       0.996979    8.19992E-03    2.83258E-02
      12       0.997896    9.44784E-03    1.77199E-02
      13       0.998430    7.53712E-03    1.11546E-02
      14       0.998747    5.91166E-03    6.36710E-03
      15       1.000972    5.13483E-02    4.77109E-03
      16       0.998995    3.39149E-02    1.81504E-02
      17       0.999195    2.83909E-03    8.54327E-03
      18       0.999304    2.23379E-03    6.62396E-03
      19       0.999373    1.96018E-03    4.53076E-03
      20       1.000155    2.92309E-02    3.40095E-03
      21       0.999423    1.69651E-02    1.23687E-02
      22       0.999547    1.59781E-03    7.39176E-03
      23       0.999606    1.27659E-03    5.83437E-03
      24       0.999640    1.16046E-03    3.65724E-03
      25       1.000061    1.80429E-02    2.52822E-03
      26       0.999657    1.20387E-02    7.25570E-03
      27       0.999727    1.10838E-03    4.34710E-03
      28       0.999760    8.55869E-04    3.35854E-03
      29       0.999779    7.61005E-04    2.15519E-03
      30       1.000027    1.21537E-02    1.53263E-03
      31       0.999788    8.10299E-03    4.43016E-03
      32       0.999830    7.17007E-04    2.58611E-03
      33       0.999850    5.45482E-04    1.99533E-03
      34       0.999862    4.82246E-04    1.34019E-03
      35       1.000013    7.76976E-03    9.49276E-04
      36       0.999867    5.16671E-03    2.82642E-03
      37       0.999893    4.49167E-04    1.55700E-03
      38       0.999906    3.40355E-04    1.20017E-03
      39       0.999913    3.00079E-04    8.31122E-04
      40       1.000008    4.84922E-03    5.90449E-04
      41       0.999917    3.21886E-03    1.76072E-03
      42       0.999933    2.80683E-04    9.54151E-04
      43       0.999941    2.12328E-04    7.36446E-04
      44       0.999946    1.87275E-04    5.25765E-04
      45       1.000005    3.03386E-03    3.73220E-04
      46       0.999948    2.01096E-03    1.10087E-03
      47       0.999958    1.76017E-04    5.88431E-04
      48       0.999963    1.33238E-04    4.54410E-04
      49       0.999966    1.17550E-04    3.32935E-04
      50       1.000003    1.90432E-03    2.36562E-04
      51       0.999967    1.26100E-03    6.90718E-04
      52       0.999974    1.11016E-04    3.65933E-04
      53       0.999977    8.40747E-05    2.82797E-04
      54       0.999979    7.42553E-05    2.12206E-04
      55       1.000002    1.21099E-03    1.50822E-04
      56       0.999980    8.01896E-04    4.39093E-04
      57       0.999984    7.07256E-05    2.31477E-04
      58       0.999986    5.35321E-05    1.80345E-04
      59       0.999987    4.73126E-05    1.36398E-04
      60       1.000002    7.71282E-04    9.69328E-05
      61       0.999987    5.10474E-04    2.79664E-04
      62       0.999990    4.52319E-05    1.47987E-04
      63       0.999991    3.42555E-05    1.16066E-04
      64       0.999992    3.03241E-05    8.77107E-05
      65       1.000001    4.97245E-04    6.23691E-05
      66       0.999992    3.29136E-04    1.80335E-04
      67       0.999994    2.92705E-05    9.56074E-05
      68       0.999994    2.21726E-05    7.54364E-05
      69       0.999995    1.96559E-05    5.69540E-05
      70       1.000001    3.25416E-04    4.05059E-05
      71       0.999995    2.15590E-04    1.17978E-04
      72       0.999996    1.91445E-05    6.23871E-05
      73       0.999997    1.44762E-05    4.95547E-05
      74       0.999997    1.28519E-05    3.73540E-05
      75       1.000001    2.13793E-04    2.65543E-05
      76       0.999997    1.41676E-04    7.75205E-05
      77       0.999998    1.26086E-05    4.08337E-05
      78       0.999998    9.53264E-06    3.26424E-05
      79       0.999998    8.48134E-06    2.45749E-05
      80       1.000000    1.43572E-04    1.74773E-05
      81       0.999998    9.53050E-05    5.20357E-05
      82       0.999999    8.44460E-06    2.72572E-05
      83       0.999999    6.36561E-06    2.19041E-05
      84       0.999999    5.67241E-06    1.64558E-05
      85       1.000000    9.80665E-05    1.16911E-05
      86       0.999999    6.52609E-05    3.55002E-05
      87       0.999999    5.71982E-06    1.84072E-05
      88       0.999999    4.28817E-06    1.48802E-05
      89       0.999999    3.82723E-06    1.11459E-05
      90       1.000000    6.83397E-05    7.90575E-06
      91       0.999999    4.56498E-05    2.46925E-05
      92       1.000000    3.92980E-06    1.26402E-05
      93       1.000000    2.92127E-06    1.02782E-05
      94       1.000000    2.61001E-06    7.66853E-06

 ***********************************************
Effective Factor Multiplication : Keff = 1.000000
 ***********************************************

  TRANSIENT RESULTS :

  Step  Time(s)  React.($)   Rel. Power   CR Bank Pos. (1-end)
 --------------------------------------------------------------
   0     0.000    0.0000     1.0000E+00   180.00   100.00
   1     0.250    0.0032     1.0031E+00   180.00   100.75
   2     0.500    0.0068     1.0073E+00   180.00   101.50
   3     0.750    0.0105     1.0117E+00   180.00   102.25
   4     1.000    0.0142     1.0166E+00   180.00   103.00
   5     1.250    0.0179     1.0217E+00   180.00   103.75
   6     1.500    0.0217     1.0271E+00   180.00   104.50
   7     1.750    0.0254     1.0328E+00   180.00   105.25
   8     2.000    0.0289     1.0385E+00   180.00   106.00
   9     2.250    0.0325     1.0445E+00   180.00   106.75
  10     2.500    0.0361     1.0508E+00   180.00   107.50
  11     2.750    0.0397     1.0573E+00   180.00   108.25
  12     3.000    0.0433     1.0641E+00   180.00   109.00
  13     3.250    0.0471     1.0713E+00   180.00   109.75
  14     3.500    0.0506     1.0785E+00   180.00   110.50
  15     3.750    0.0540     1.0858E+00   180.00   111.25
  16     4.000    0.0574     1.0934E+00   180.00   112.00
  17     4.250    0.0609     1.1013E+00   180.00   112.75
  18     4.500    0.0644     1.1095E+00   180.00   113.50
  19     4.750    0.0680     1.1179E+00   180.00   114.25
  20     5.000    0.0716     1.1268E+00   180.00   115.00
  21     5.250    0.0748     1.1354E+00   180.00   115.75
  22     5.500    0.0780     1.1443E+00   180.00   116.50
  23     5.750    0.0813     1.1536E+00   180.00   117.25
  24     6.000    0.0846     1.1630E+00   180.00   118.00
  25     6.250    0.0880     1.1728E+00   180.00   118.75
  26     6.500    0.0914     1.1830E+00   180.00   119.50
  27     6.750    0.0946     1.1933E+00   180.00   120.25
  28     7.000    0.0976     1.2035E+00   180.00   121.00
  29     7.250    0.1007     1.2141E+00   180.00   121.75
  30     7.500    0.1038     1.2250E+00   180.00   122.50
  31     7.750    0.1066     1.2356E+00   179.25   123.25
  32     8.000    0.1094     1.2466E+00   178.50   124.00
  33     8.250    0.1123     1.2580E+00   177.75   124.75
  34     8.500    0.1149     1.2692E+00   177.00   125.50
  35     8.750    0.1174     1.2804E+00   176.25   126.25
  36     9.000    0.1200     1.2920E+00   175.50   127.00
  37     9.250    0.1225     1.3037E+00   174.75   127.75
  38     9.500    0.1248     1.3154E+00   174.00   128.50
  39     9.750    0.1271     1.3274E+00   173.25   129.25
  40    10.000    0.1295     1.3396E+00   172.50   130.00
  41    10.250    0.1315     1.3515E+00   171.75   130.75
  42    10.500    0.1335     1.3635E+00   171.00   131.50
  43    10.750    0.1355     1.3758E+00   170.25   132.25
  44    11.000    0.1374     1.3880E+00   169.50   133.00
  45    11.250    0.1391     1.4002E+00   168.75   133.75
  46    11.500    0.1408     1.4126E+00   168.00   134.50
  47    11.750    0.1425     1.4249E+00   167.25   135.25
  48    12.000    0.1438     1.4370E+00   166.50   136.00
  49    12.250    0.1452     1.4492E+00   165.75   136.75
  50    12.500    0.1466     1.4616E+00   165.00   137.50
  51    12.750    0.1476     1.4734E+00   164.25   138.25
  52    13.000    0.1486     1.4853E+00   163.50   139.00
  53    13.250    0.1496     1.4974E+00   162.75   139.75
  54    13.500    0.1504     1.5091E+00   162.00   140.50
  55    13.750    0.1511     1.5206E+00   161.25   141.25
  56    14.000    0.1518     1.5322E+00   160.50   142.00
  57    14.250    0.1523     1.5435E+00   159.75   142.75
  58    14.500    0.1525     1.5543E+00   159.00   143.50
  59    14.750    0.1527     1.5650E+00   158.25   144.25
  60    15.000    0.1530     1.5759E+00   157.50   145.00
  61    15.250    0.1528     1.5858E+00   156.75   145.75
  62    15.500    0.1527     1.5958E+00   156.00   146.50
  63    15.750    0.1527     1.6059E+00   155.25   147.25
  64    16.000    0.1522     1.6150E+00   154.50   148.00
  65    16.250    0.1515     1.6237E+00   153.75   148.75
  66    16.500    0.1509     1.6323E+00   153.00   149.50
  67    16.750    0.1502     1.6407E+00   152.25   150.25
  68    17.000    0.1493     1.6484E+00   151.50   151.00
  69    17.250    0.1484     1.6559E+00   150.75   151.75
  70    17.500    0.1475     1.6633E+00   150.00   152.50
  71    17.750    0.1460     1.6694E+00   149.25   153.25
  72    18.000    0.1444     1.6751E+00   148.50   154.00
  73    18.250    0.1430     1.6807E+00   147.75   154.75
  74    18.500    0.1413     1.6856E+00   147.00   155.50
  75    18.750    0.1395     1.6901E+00   146.25   156.25
  76    19.000    0.1378     1.6943E+00   145.50   157.00
  77    19.250    0.1358     1.6978E+00   144.75   157.75
  78    19.500    0.1335     1.7002E+00   144.00   158.50
  79    19.750    0.1311     1.7023E+00   143.25   159.25
  80    20.000    0.1288     1.7042E+00   142.50   160.00
  81    20.250    0.1262     1.7053E+00   141.75   160.75
  82    20.500    0.1237     1.7060E+00   141.00   161.50
  83    20.750    0.1212     1.7066E+00   140.25   162.25
  84    21.000    0.1184     1.7067E+00   139.50   163.00
  85    21.250    0.1156     1.7064E+00   138.75   163.75
  86    21.500    0.1125     1.7052E+00   138.00   164.50
  87    21.750    0.1093     1.7031E+00   137.25   165.25
  88    22.000    0.1060     1.7002E+00   136.50   166.00
  89    22.250    0.1027     1.6972E+00   135.75   166.75
  90    22.500    0.0994     1.6939E+00   135.00   167.50
  91    22.750    0.0954     1.6887E+00   134.25   168.25
  92    23.000    0.0914     1.6833E+00   133.50   169.00
  93    23.250    0.0875     1.6777E+00   132.75   169.75
  94    23.500    0.0835     1.6715E+00   132.00   170.50
  95    23.750    0.0795     1.6649E+00   131.25   171.25
  96    24.000    0.0754     1.6580E+00   130.50   172.00
  97    24.250    0.0712     1.6503E+00   129.75   172.75
  98    24.500    0.0665     1.6416E+00   129.00   173.50
  99    24.750    0.0618     1.6325E+00   128.25   174.25
 100    25.000    0.0572     1.6233E+00   127.50   175.00
 101    25.250    0.0525     1.6136E+00   126.75   175.75
 102    25.500    0.0479     1.6038E+00   126.00   176.50
 103    25.750    0.0433     1.5937E+00   125.25   177.25
 104    26.000    0.0382     1.5826E+00   124.50   178.00
 105    26.250    0.0329     1.5709E+00   123.75   178.75
 106    26.500    0.0277     1.5590E+00   123.00   179.50
 107    26.750    0.0225     1.5469E+00   122.25   180.00
 108    27.000    0.0172     1.5345E+00   121.50   180.00
 109    27.250    0.0119     1.5219E+00   120.75   180.00
 110    27.500    0.0067     1.5093E+00   120.00   180.00
 111    27.750    0.0008     1.4956E+00   119.25   180.00
 112    28.000   -0.0050     1.4817E+00   118.50   180.00
 113    28.250   -0.0108     1.4676E+00   117.75   180.00
 114    28.500   -0.0165     1.4536E+00   117.00   180.00
 115    28.750   -0.0221     1.4395E+00   116.25   180.00
 116    29.000   -0.0278     1.4254E+00   115.50   180.00
 117    29.250   -0.0336     1.4110E+00   114.75   180.00
 118    29.500   -0.0397     1.3960E+00   114.00   180.00
 119    29.750   -0.0459     1.3810E+00   113.25   180.00
 120    30.000   -0.0520     1.3660E+00   112.50   180.00
 121    30.250   -0.0580     1.3510E+00   111.75   180.00
 122    30.500   -0.0640     1.3360E+00   111.00   180.00
 123    30.750   -0.0699     1.3212E+00   110.25   180.00
 124    31.000   -0.0762     1.3059E+00   109.50   180.00
 125    31.250   -0.0826     1.2903E+00   108.75   180.00
 126    31.500   -0.0890     1.2749E+00   108.00   180.00
 127    31.750   -0.0953     1.2596E+00   107.25   180.00
 128    32.000   -0.1016     1.2444E+00   106.50   180.00
 129    32.250   -0.1078     1.2293E+00   105.75   180.00
 130    32.500   -0.1140     1.2143E+00   105.00   180.00
 131    32.750   -0.1206     1.1988E+00   104.25   180.00
 132    33.000   -0.1272     1.1835E+00   103.50   180.00
 133    33.250   -0.1337     1.1683E+00   102.75   180.00
 134    33.500   -0.1401     1.1533E+00   102.00   180.00
 135    33.750   -0.1465     1.1384E+00   101.25   180.00
 136    34.000   -0.1529     1.1236E+00   100.50   180.00
 137    34.250   -0.1594     1.1089E+00    99.75   180.00
 138    34.500   -0.1660     1.0940E+00    99.00   180.00
 139    34.750   -0.1727     1.0793E+00    98.25   180.00
 140    35.000   -0.1792     1.0648E+00    97.50   180.00
 141    35.250   -0.1857     1.0505E+00    96.75   180.00
 142    35.500   -0.1922     1.0362E+00    96.00   180.00
 143    35.750   -0.1986     1.0222E+00    95.25   180.00
 144    36.000   -0.2052     1.0083E+00    94.50   180.00
 145    36.250   -0.2118     9.9434E-01    93.75   180.00
 146    36.500   -0.2183     9.8061E-01    93.00   180.00
 147    36.750   -0.2249     9.6704E-01    92.25   180.00
 148    37.000   -0.2313     9.5368E-01    91.50   180.00
 149    37.250   -0.2377     9.4051E-01    90.75   180.00
 150    37.500   -0.2441     9.2750E-01    90.00   180.00
 151    37.750   -0.2506     9.1458E-01    89.25   180.00
 152    38.000   -0.2570     9.0179E-01    88.50   180.00
 153    38.250   -0.2634     8.8922E-01    87.75   180.00
 154    38.500   -0.2697     8.7683E-01    87.00   180.00
 155    38.750   -0.2760     8.6464E-01    86.25   180.00
 156    39.000   -0.2823     8.5261E-01    85.50   180.00
 157    39.250   -0.2885     8.4078E-01    84.75   180.00
 158    39.500   -0.2947     8.2906E-01    84.00   180.00
 159    39.750   -0.3009     8.1754E-01    83.25   180.00
 160    40.000   -0.3070     8.0621E-01    82.50   180.00
 161    40.250   -0.3131     7.9504E-01    81.75   180.00
 162    40.500   -0.3191     7.8408E-01    81.00   180.00
 163    40.750   -0.3250     7.7330E-01    80.25   180.00
 164    41.000   -0.3310     7.6267E-01    79.50   180.00
 165    41.250   -0.3368     7.5225E-01    78.75   180.00
 166    41.500   -0.3426     7.4198E-01    78.00   180.00
 167    41.750   -0.3483     7.3191E-01    77.25   180.00
 168    42.000   -0.3540     7.2198E-01    76.50   180.00
 169    42.250   -0.3597     7.1224E-01    75.75   180.00
 170    42.500   -0.3653     7.0266E-01    75.00   180.00
 171    42.750   -0.3707     6.9330E-01    74.25   180.00
 172    43.000   -0.3760     6.8410E-01    73.50   180.00
 173    43.250   -0.3814     6.7505E-01    72.75   180.00
 174    43.500   -0.3866     6.6618E-01    72.00   180.00
 175    43.750   -0.3919     6.5745E-01    71.25   180.00
 176    44.000   -0.3970     6.4887E-01    70.50   180.00
 177    44.250   -0.4021     6.4047E-01    69.75   180.00
 178    44.500   -0.4070     6.3227E-01    69.00   180.00
 179    44.750   -0.4118     6.2422E-01    68.25   180.00
 180    45.000   -0.4166     6.1633E-01    67.50   180.00
 181    45.250   -0.4213     6.0857E-01    66.75   180.00
 182    45.500   -0.4260     6.0094E-01    66.00   180.00
 183    45.750   -0.4306     5.9345E-01    65.25   180.00
 184    46.000   -0.4350     5.8615E-01    64.50   180.00
 185    46.250   -0.4393     5.7903E-01    63.75   180.00
 186    46.500   -0.4435     5.7203E-01    63.00   180.00
 187    46.750   -0.4477     5.6517E-01    62.25   180.00
 188    47.000   -0.4668     5.5861E-01    61.50   180.00
 189    47.250   -0.4559     5.5180E-01    60.75   180.00
 190    47.500   -0.4487     5.4464E-01    60.00   180.00
 191    47.750   -0.4608     5.3981E-01    60.00   180.00
 192    48.000   -0.4599     5.3567E-01    60.00   180.00
 193    48.250   -0.4599     5.3109E-01    60.00   180.00
 194    48.500   -0.4599     5.2661E-01    60.00   180.00
 195    48.750   -0.4599     5.2223E-01    60.00   180.00
 196    49.000   -0.4599     5.1794E-01    60.00   180.00
 197    49.250   -0.4599     5.1375E-01    60.00   180.00
 198    49.500   -0.4599     5.0964E-01    60.00   180.00
 199    49.750   -0.4598     5.0565E-01    60.00   180.00
 200    50.000   -0.4598     5.0170E-01    60.00   180.00
 201    50.250   -0.4598     4.9783E-01    60.00   180.00
 202    50.500   -0.4598     4.9402E-01    60.00   180.00
 203    50.750   -0.4598     4.9029E-01    60.00   180.00
 204    51.000   -0.4599     4.8662E-01    60.00   180.00
 205    51.250   -0.4599     4.8302E-01    60.00   180.00
 206    51.500   -0.4599     4.7948E-01    60.00   180.00
 207    51.750   -0.4599     4.7600E-01    60.00   180.00
 208    52.000   -0.4599     4.7257E-01    60.00   180.00
 209    52.250   -0.4599     4.6921E-01    60.00   180.00
 210    52.500   -0.4599     4.6589E-01    60.00   180.00
 211    52.750   -0.4599     4.6263E-01    60.00   180.00
 212    53.000   -0.4598     4.5946E-01    60.00   180.00
 213    53.250   -0.4598     4.5630E-01    60.00   180.00
 214    53.500   -0.4598     4.5319E-01    60.00   180.00
 215    53.750   -0.4598     4.5012E-01    60.00   180.00
 216    54.000   -0.4598     4.4710E-01    60.00   180.00
 217    54.250   -0.4598     4.4413E-01    60.00   180.00
 218    54.500   -0.4598     4.4119E-01    60.00   180.00
 219    54.750   -0.4598     4.3830E-01    60.00   180.00
 220    55.000   -0.4598     4.3545E-01    60.00   180.00
 221    55.250   -0.4598     4.3263E-01    60.00   180.00
 222    55.500   -0.4598     4.2986E-01    60.00   180.00
 223    55.750   -0.4598     4.2712E-01    60.00   180.00
 224    56.000   -0.4598     4.2442E-01    60.00   180.00
 225    56.250   -0.4598     4.2175E-01    60.00   180.00
 226    56.500   -0.4598     4.1912E-01    60.00   180.00
 227    56.750   -0.4598     4.1652E-01    60.00   180.00
 228    57.000   -0.4598     4.1398E-01    60.00   180.00
 229    57.250   -0.4598     4.1145E-01    60.00   180.00
 230    57.500   -0.4598     4.0895E-01    60.00   180.00
 231    57.750   -0.4598     4.0648E-01    60.00   180.00
 232    58.000   -0.4598     4.0403E-01    60.00   180.00
 233    58.250   -0.4598     4.0162E-01    60.00   180.00
 234    58.500   -0.4598     3.9923E-01    60.00   180.00
 235    58.750   -0.4598     3.9687E-01    60.00   180.00
 236    59.000   -0.4598     3.9454E-01    60.00   180.00
 237    59.250   -0.4598     3.9223E-01    60.00   180.00
 238    59.500   -0.4598     3.8995E-01    60.00   180.00
 239    59.750   -0.4598     3.8769E-01    60.00   180.00
 240    60.000   -0.4598     3.8546E-01    60.00   180.00
