                                                                                
      /\               /\                                                       
     //\\             //\\                                                      
    //**\\           //**\\                                                     
   //****\\         //****\\                                                    
  //******\\       //******\\   ____                   _   _           _        
  ---------   /*\   ---------  / __ \                 | \ | |         | |       
             (***)            | |  | |_ __   ___ _ __ |  \| | ___   __| | ___   
              \*/             | |  | | "_ \ / _ \ "_ \| . ` |/ _"\ / _" |/ _ \  
                              | |__| | |_) |  __/ | | | |\  | |_) | (_| |  __/  
              //\\             \____/| .__/ \___)_| |_|_| \_|\___/ \___/ \___|  
             //**\\                  | |                                        
            //****\\                 |_|                                        
           //******\\                                                           
           ----------                                                           
                                                                                
 ____________________________________________________________
          | The OpenNode, Nodal Methods for Neutron Diffusion
 Version  | Version Number: 1.1                              
 Copyright| 2021 Radiation & Nuclear System Laboratory       
          | University Abdelmalk Essaadi                     
          | Faculty of Sciences, Tetouan, Morocco            
 Source   | FORTRAN90 version                                
 GUI      | PyQt5                                            
 Method   | The Nodal Expansion Method (NEM)                 
 Dimension| Three Dimensions (3D)                            
 Geometry | Cartesian                                        
 ____________________________________________________________
                        ==========================
   Calculation Mode :    Critical Boron Concentration Search Calculation with TH feedbacks 
   ----------------     ==========================

            --------------------------------------------
            >>>> Writing Macroscopic Cross Sections <<<<
            --------------------------------------------
     Material  1
    Group   Transport    Diffusion  Absorption    Removal      Nu*Fiss      Kap*Fis    Fiss. Spctr
       1     0.053206    6.264981    0.000373    0.026829     0.000000     0.000000     1.000000
       2     0.386406    0.862651    0.017722    0.017722     0.000000     0.000000     0.000000
         --Scattering Matrix--
           G/G'          1          2
            1        0.000000    0.026455
            2        0.000000    0.000000
     Material  2
    Group   Transport    Diffusion  Absorption    Removal      Nu*Fiss      Kap*Fis    Fiss. Spctr
       1     0.295609    1.127616    0.001188    0.024349     0.000000     0.000000     1.000000
       2     2.459310    0.135539    0.252618    0.252618     0.000000     0.000000     0.000000
         --Scattering Matrix--
           G/G'          1          2
            1        0.000000    0.023161
            2        0.000000    0.000000
     Material  3
    Group   Transport    Diffusion  Absorption    Removal      Nu*Fiss      Kap*Fis    Fiss. Spctr
       1     0.295609    1.127616    0.001188    0.021269     0.000000     0.000000     1.000000
       2     2.459310    0.135539    0.252618    0.252618     0.000000     0.000000     0.000000
         --Scattering Matrix--
           G/G'          1          2
            1        0.000000    0.020081
            2        0.000000    0.000000
     Material  4
    Group   Transport    Diffusion  Absorption    Removal      Nu*Fiss      Kap*Fis    Fiss. Spctr
       1     0.222117    1.500711    0.008718    0.026968     0.004983     0.000000     1.000000
       2     0.803140    0.415038    0.065255    0.065255     0.083903     0.000000     0.000000
         --Scattering Matrix--
           G/G'          1          2
            1        0.000000    0.018250
            2        0.000000    0.000000
     Material  5
    Group   Transport    Diffusion  Absorption    Removal      Nu*Fiss      Kap*Fis    Fiss. Spctr
       1     0.221914    1.502083    0.009061    0.027065     0.005577     0.000000     1.000000
       2     0.795538    0.419004    0.072335    0.072335     0.099863     0.000000     0.000000
         --Scattering Matrix--
           G/G'          1          2
            1        0.000000    0.018004
            2        0.000000    0.000000
     Material  6
    Group   Transport    Diffusion  Absorption    Removal      Nu*Fiss      Kap*Fis    Fiss. Spctr
       1     0.221715    1.503432    0.009385    0.027152     0.006150     0.000000     1.000000
       2     0.789253    0.422340    0.078920    0.078920     0.114667     0.000000     0.000000
         --Scattering Matrix--
           G/G'          1          2
            1        0.000000    0.017767
            2        0.000000    0.000000
     Material  7
    Group   Transport    Diffusion  Absorption    Removal      Nu*Fiss      Kap*Fis    Fiss. Spctr
       1     0.222039    1.501238    0.009317    0.026455     0.005550     0.000000     1.000000
       2     0.776230    0.429426    0.079633    0.079633     0.098558     0.000000     0.000000
         --Scattering Matrix--
           G/G'          1          2
            1        0.000000    0.017138
            2        0.000000    0.000000
     Material  8
    Group   Transport    Diffusion  Absorption    Removal      Nu*Fiss      Kap*Fis    Fiss. Spctr
       1     0.222083    1.500940    0.009400    0.026250     0.005541     0.000000     1.000000
       2     0.769969    0.432918    0.082109    0.082109     0.098006     0.000000     0.000000
         --Scattering Matrix--
           G/G'          1          2
            1        0.000000    0.016850
            2        0.000000    0.000000
     Material  9
    Group   Transport    Diffusion  Absorption    Removal      Nu*Fiss      Kap*Fis    Fiss. Spctr
       1     0.222127    1.500643    0.009483    0.026045     0.005531     0.000000     1.000000
       2     0.763813    0.436407    0.084591    0.084591     0.097411     0.000000     0.000000
         --Scattering Matrix--
           G/G'          1          2
            1        0.000000    0.016563
            2        0.000000    0.000000
     Material 10
    Group   Transport    Diffusion  Absorption    Removal      Nu*Fiss      Kap*Fis    Fiss. Spctr
       1     0.221836    1.502612    0.009637    0.026542     0.006124     0.000000     1.000000
       2     0.770705    0.432504    0.086119    0.086119     0.113241     0.000000     0.000000
         --Scattering Matrix--
           G/G'          1          2
            1        0.000000    0.016904
            2        0.000000    0.000000
     Material 11
    Group   Transport    Diffusion  Absorption    Removal      Nu*Fiss      Kap*Fis    Fiss. Spctr
       1     0.221878    1.502327    0.009719    0.026337     0.006114     0.000000     1.000000
       2     0.764704    0.435899    0.088549    0.088549     0.112635     0.000000     0.000000
         --Scattering Matrix--
           G/G'          1          2
            1        0.000000    0.016618
            2        0.000000    0.000000

            -------------------------------
            >>>>>Wrting Core Geometry<<<<<
            -------------------------------
  Number of Assembly in x, y and z Directions Respectively :
           9           9          18
  Number of Nodes in x, y and z Directions Respectively :
          34          34          18

  x-Directed Nodes Divison (Delta-x)
     5.40   5.40   5.40   5.40   5.40   5.40   5.40   5.40   5.40   5.40
     5.40   5.40   5.40   5.40   5.40   5.40   5.40   5.40   5.40   5.40
     5.40   5.40   5.40   5.40   5.40   5.40   5.40   5.40   5.40   5.40
     5.40   5.40   5.40   5.40
  y-Directed Nodes Divison (Delta-y)
     5.40   5.40   5.40   5.40   5.40   5.40   5.40   5.40   5.40   5.40
     5.40   5.40   5.40   5.40   5.40   5.40   5.40   5.40   5.40   5.40
     5.40   5.40   5.40   5.40   5.40   5.40   5.40   5.40   5.40   5.40
     5.40   5.40   5.40   5.40
  Planar Region :  1
        1  2  3  4  5  6  7  8  9 10 11 12 13 14 15 16 17 18 19 20 21 22 23 24 25 26 27 28 29 30 31 32 33 34
    34  1  1  1  1  1  1  1  1  1  1  1  1  1  1  1  1  1  1  1  1  1  1  1  1  1  1  1  1  1  1  2  2  2  2 
    33  1  1  1  1  1  1  1  1  1  1  1  1  1  1  1  1  1  1  1  1  1  1  1  1  1  1  1  1  1  1  2  2  2  2 
    32  1  1  1  1  1  1  1  1  1  1  1  1  1  1  1  1  1  1  1  1  1  1  1  1  1  1  1  1  1  1  2  2  2  2 
    31  1  1  1  1  1  1  1  1  1  1  1  1  1  1  1  1  1  1  1  1  1  1  1  1  1  1  1  1  1  1  2  2  2  2 
    30  1  1  1  1  1  1  1  1  1  1  1  1  1  1  1  1  1  1  1  1  1  1  1  1  1  1  1  1  1  1  2  2  2  2 
    29  1  1  1  1  1  1  1  1  1  1  1  1  1  1  1  1  1  1  1  1  1  1  1  1  1  1  1  1  1  1  2  2  2  2 
    28  1  1  1  1  1  1  1  1  1  1  1  1  1  1  1  1  1  1  1  1  1  1  1  1  1  1  3  3  3  3  2  2  2  2 
    27  1  1  1  1  1  1  1  1  1  1  1  1  1  1  1  1  1  1  1  1  1  1  1  1  1  1  3  3  3  3  2  2  2  2 
    26  1  1  1  1  1  1  1  1  1  1  1  1  1  1  1  1  1  1  1  1  1  1  1  1  1  1  3  3  3  3  2  2  2  2 
    25  1  1  1  1  1  1  1  1  1  1  1  1  1  1  1  1  1  1  1  1  1  1  1  1  1  1  3  3  3  3  2  2  2  2 
    24  1  1  1  1  1  1  1  1  1  1  1  1  1  1  1  1  1  1  1  1  1  1  1  1  1  1  2  2  2  2             
    23  1  1  1  1  1  1  1  1  1  1  1  1  1  1  1  1  1  1  1  1  1  1  1  1  1  1  2  2  2  2             
    22  1  1  1  1  1  1  1  1  1  1  1  1  1  1  1  1  1  1  1  1  1  1  1  1  1  1  2  2  2  2             
    21  1  1  1  1  1  1  1  1  1  1  1  1  1  1  1  1  1  1  1  1  1  1  1  1  1  1  2  2  2  2             
    20  1  1  1  1  1  1  1  1  1  1  1  1  1  1  1  1  1  1  1  1  1  1  3  3  3  3  2  2  2  2             
    19  1  1  1  1  1  1  1  1  1  1  1  1  1  1  1  1  1  1  1  1  1  1  3  3  3  3  2  2  2  2             
    18  1  1  1  1  1  1  1  1  1  1  1  1  1  1  1  1  1  1  1  1  1  1  3  3  3  3  2  2  2  2             
    17  1  1  1  1  1  1  1  1  1  1  1  1  1  1  1  1  1  1  1  1  1  1  3  3  3  3  2  2  2  2             
    16  1  1  1  1  1  1  1  1  1  1  1  1  1  1  1  1  1  1  3  3  3  3  2  2  2  2                         
    15  1  1  1  1  1  1  1  1  1  1  1  1  1  1  1  1  1  1  3  3  3  3  2  2  2  2                         
    14  1  1  1  1  1  1  1  1  1  1  1  1  1  1  1  1  1  1  3  3  3  3  2  2  2  2                         
    13  1  1  1  1  1  1  1  1  1  1  1  1  1  1  1  1  1  1  3  3  3  3  2  2  2  2                         
    12  1  1  1  1  1  1  1  1  1  1  1  1  1  1  3  3  3  3  2  2  2  2                                     
    11  1  1  1  1  1  1  1  1  1  1  1  1  1  1  3  3  3  3  2  2  2  2                                     
    10  1  1  1  1  1  1  1  1  1  1  1  1  1  1  3  3  3  3  2  2  2  2                                     
     9  1  1  1  1  1  1  1  1  1  1  1  1  1  1  3  3  3  3  2  2  2  2                                     
     8  1  1  1  1  1  1  3  3  3  3  2  2  2  2  2  2  2  2                                                 
     7  1  1  1  1  1  1  3  3  3  3  2  2  2  2  2  2  2  2                                                 
     6  1  1  1  1  1  1  3  3  3  3  2  2  2  2  2  2  2  2                                                 
     5  1  1  1  1  1  1  3  3  3  3  2  2  2  2  2  2  2  2                                                 
     4  2  2  2  2  2  2  2  2  2  2                                                                         
     3  2  2  2  2  2  2  2  2  2  2                                                                         
     2  2  2  2  2  2  2  2  2  2  2                                                                         
     1  2  2  2  2  2  2  2  2  2  2                                                                         
  Planar Region :  2
        1  2  3  4  5  6  7  8  9 10 11 12 13 14 15 16 17 18 19 20 21 22 23 24 25 26 27 28 29 30 31 32 33 34
    34  4  4  5  5  5  5  4  4  4  4  5  5  5  5  4  4  4  4  5  5  5  5  4  4  4  4  6  6  6  6  2  2  2  2 
    33  4  4  5  5  5  5  4  4  4  4  5  5  5  5  4  4  4  4  5  5  5  5  4  4  4  4  6  6  6  6  2  2  2  2 
    32  5  5  4  4  4  4  5  5  5  5  4  4  4  4  5  5  5  5  4  4  4  4  6  6  6  6  6  6  6  6  2  2  2  2 
    31  5  5  4  4  4  4  5  5  5  5  4  4  4  4  5  5  5  5  4  4  4  4  6  6  6  6  6  6  6  6  2  2  2  2 
    30  5  5  4  4  4  4  5  5  5  5  4  4  4  4  5  5  5  5  4  4  4  4  6  6  6  6  6  6  6  6  2  2  2  2 
    29  5  5  4  4  4  4  5  5  5  5  4  4  4  4  5  5  5  5  4  4  4  4  6  6  6  6  6  6  6  6  2  2  2  2 
    28  4  4  5  5  5  5  4  4  4  4  5  5  5  5  4  4  4  4  5  5  5  5  6  6  6  6  3  3  3  3  2  2  2  2 
    27  4  4  5  5  5  5  4  4  4  4  5  5  5  5  4  4  4  4  5  5  5  5  6  6  6  6  3  3  3  3  2  2  2  2 
    26  4  4  5  5  5  5  4  4  4  4  5  5  5  5  4  4  4  4  5  5  5  5  6  6  6  6  3  3  3  3  2  2  2  2 
    25  4  4  5  5  5  5  4  4  4  4  5  5  5  5  4  4  4  4  5  5  5  5  6  6  6  6  3  3  3  3  2  2  2  2 
    24  5  5  4  4  4  4  5  5  5  5  4  4  4  4  5  5  5  5  6  6  6  6  6  6  6  6  2  2  2  2             
    23  5  5  4  4  4  4  5  5  5  5  4  4  4  4  5  5  5  5  6  6  6  6  6  6  6  6  2  2  2  2             
    22  5  5  4  4  4  4  5  5  5  5  4  4  4  4  5  5  5  5  6  6  6  6  6  6  6  6  2  2  2  2             
    21  5  5  4  4  4  4  5  5  5  5  4  4  4  4  5  5  5  5  6  6  6  6  6  6  6  6  2  2  2  2             
    20  4  4  5  5  5  5  4  4  4  4  5  5  5  5  4  4  4  4  6  6  6  6  3  3  3  3  2  2  2  2             
    19  4  4  5  5  5  5  4  4  4  4  5  5  5  5  4  4  4  4  6  6  6  6  3  3  3  3  2  2  2  2             
    18  4  4  5  5  5  5  4  4  4  4  5  5  5  5  4  4  4  4  6  6  6  6  3  3  3  3  2  2  2  2             
    17  4  4  5  5  5  5  4  4  4  4  5  5  5  5  4  4  4  4  6  6  6  6  3  3  3  3  2  2  2  2             
    16  5  5  4  4  4  4  5  5  5  5  6  6  6  6  6  6  6  6  3  3  3  3  2  2  2  2                         
    15  5  5  4  4  4  4  5  5  5  5  6  6  6  6  6  6  6  6  3  3  3  3  2  2  2  2                         
    14  5  5  4  4  4  4  5  5  5  5  6  6  6  6  6  6  6  6  3  3  3  3  2  2  2  2                         
    13  5  5  4  4  4  4  5  5  5  5  6  6  6  6  6  6  6  6  3  3  3  3  2  2  2  2                         
    12  4  4  6  6  6  6  6  6  6  6  6  6  6  6  3  3  3  3  2  2  2  2                                     
    11  4  4  6  6  6  6  6  6  6  6  6  6  6  6  3  3  3  3  2  2  2  2                                     
    10  4  4  6  6  6  6  6  6  6  6  6  6  6  6  3  3  3  3  2  2  2  2                                     
     9  4  4  6  6  6  6  6  6  6  6  6  6  6  6  3  3  3  3  2  2  2  2                                     
     8  6  6  6  6  6  6  3  3  3  3  2  2  2  2  2  2  2  2                                                 
     7  6  6  6  6  6  6  3  3  3  3  2  2  2  2  2  2  2  2                                                 
     6  6  6  6  6  6  6  3  3  3  3  2  2  2  2  2  2  2  2                                                 
     5  6  6  6  6  6  6  3  3  3  3  2  2  2  2  2  2  2  2                                                 
     4  2  2  2  2  2  2  2  2  2  2                                                                         
     3  2  2  2  2  2  2  2  2  2  2                                                                         
     2  2  2  2  2  2  2  2  2  2  2                                                                         
     1  2  2  2  2  2  2  2  2  2  2                                                                         
  Planar Region :  3
        1  2  3  4  5  6  7  8  9 10 11 12 13 14 15 16 17 18 19 20 21 22 23 24 25 26 27 28 29 30 31 32 33 34
    34  4  4  9  9  9  9  4  4  4  4  9  9  9  9  4  4  4  4  7  7  7  7  4  4  4  4  6  6  6  6  2  2  2  2 
    33  4  4  9  9  9  9  4  4  4  4  9  9  9  9  4  4  4  4  7  7  7  7  4  4  4  4  6  6  6  6  2  2  2  2 
    32  9  9  4  4  4  4  8  8  8  8  4  4  4  4  8  8  8  8  4  4  4  4  11 11 11 11 6  6  6  6  2  2  2  2 
    31  9  9  4  4  4  4  8  8  8  8  4  4  4  4  8  8  8  8  4  4  4  4  11 11 11 11 6  6  6  6  2  2  2  2 
    30  9  9  4  4  4  4  8  8  8  8  4  4  4  4  8  8  8  8  4  4  4  4  11 11 11 11 6  6  6  6  2  2  2  2 
    29  9  9  4  4  4  4  8  8  8  8  4  4  4  4  8  8  8  8  4  4  4  4  11 11 11 11 6  6  6  6  2  2  2  2 
    28  4  4  8  8  8  8  4  4  4  4  8  8  8  8  4  4  4  4  8  8  8  8  6  6  6  6  3  3  3  3  2  2  2  2 
    27  4  4  8  8  8  8  4  4  4  4  8  8  8  8  4  4  4  4  8  8  8  8  6  6  6  6  3  3  3  3  2  2  2  2 
    26  4  4  8  8  8  8  4  4  4  4  8  8  8  8  4  4  4  4  8  8  8  8  6  6  6  6  3  3  3  3  2  2  2  2 
    25  4  4  8  8  8  8  4  4  4  4  8  8  8  8  4  4  4  4  8  8  8  8  6  6  6  6  3  3  3  3  2  2  2  2 
    24  9  9  4  4  4  4  8  8  8  8  4  4  4  4  8  8  8  8  10 10 10 10 6  6  6  6  2  2  2  2             
    23  9  9  4  4  4  4  8  8  8  8  4  4  4  4  8  8  8  8  10 10 10 10 6  6  6  6  2  2  2  2             
    22  9  9  4  4  4  4  8  8  8  8  4  4  4  4  8  8  8  8  10 10 10 10 6  6  6  6  2  2  2  2             
    21  9  9  4  4  4  4  8  8  8  8  4  4  4  4  8  8  8  8  10 10 10 10 6  6  6  6  2  2  2  2             
    20  4  4  8  8  8  8  4  4  4  4  8  8  8  8  4  4  4  4  6  6  6  6  3  3  3  3  2  2  2  2             
    19  4  4  8  8  8  8  4  4  4  4  8  8  8  8  4  4  4  4  6  6  6  6  3  3  3  3  2  2  2  2             
    18  4  4  8  8  8  8  4  4  4  4  8  8  8  8  4  4  4  4  6  6  6  6  3  3  3  3  2  2  2  2             
    17  4  4  8  8  8  8  4  4  4  4  8  8  8  8  4  4  4  4  6  6  6  6  3  3  3  3  2  2  2  2             
    16  7  7  4  4  4  4  8  8  8  8  10 10 10 10 6  6  6  6  3  3  3  3  2  2  2  2                         
    15  7  7  4  4  4  4  8  8  8  8  10 10 10 10 6  6  6  6  3  3  3  3  2  2  2  2                         
    14  7  7  4  4  4  4  8  8  8  8  10 10 10 10 6  6  6  6  3  3  3  3  2  2  2  2                         
    13  7  7  4  4  4  4  8  8  8  8  10 10 10 10 6  6  6  6  3  3  3  3  2  2  2  2                         
    12  4  4  11 11 11 11 6  6  6  6  6  6  6  6  3  3  3  3  2  2  2  2                                     
    11  4  4  11 11 11 11 6  6  6  6  6  6  6  6  3  3  3  3  2  2  2  2                                     
    10  4  4  11 11 11 11 6  6  6  6  6  6  6  6  3  3  3  3  2  2  2  2                                     
     9  4  4  11 11 11 11 6  6  6  6  6  6  6  6  3  3  3  3  2  2  2  2                                     
     8  6  6  6  6  6  6  3  3  3  3  2  2  2  2  2  2  2  2                                                 
     7  6  6  6  6  6  6  3  3  3  3  2  2  2  2  2  2  2  2                                                 
     6  6  6  6  6  6  6  3  3  3  3  2  2  2  2  2  2  2  2                                                 
     5  6  6  6  6  6  6  3  3  3  3  2  2  2  2  2  2  2  2                                                 
     4  2  2  2  2  2  2  2  2  2  2                                                                         
     3  2  2  2  2  2  2  2  2  2  2                                                                         
     2  2  2  2  2  2  2  2  2  2  2                                                                         
     1  2  2  2  2  2  2  2  2  2  2                                                                         

  Planar Region Assignment to Planes.
 -------------------------------------
   Plane Number     Planar Region    Delta-z
       18 (Top)            1          30.00
       17                  3           8.00
       16                  3          12.80
       15                  3          12.80
       14                  3          30.00
       13                  3          30.00
       12                  3          30.00
       11                  3          30.00
       10                  3          30.00
        9                  3          30.00
        8                  3          30.00
        7                  3          30.00
        6                  3          30.00
        5                  3          30.00
        4                  3          15.00
        3                  3          11.00
        2                  2           7.70
        1 (Bottom)         1          30.00

   Boundary Conditions
   -------------------
  X-Directed West   : Reflective
  X-Directed East   : Zero Flux
  Y-Directed North  : Reflective
  Y-Directed South  : Zero Flux
  Z-Directed Bottom : Zero Flux
  Z-Directed Top    : Zero Flux

  ...Core Geometry is Sucessfully Read...
     ---------------------------------


            >>>> READING BORON CONCENTRATION FOR BC SEARCH <<<<
            --------------------------------------------------
  BORON CONCENTRATION REFERENCE : 1200.20

  MATERIAL CX CHANGES PER PPM BORON CHANGES : 
    MATERIAL  1
     GROUP   TRANSPORT   ABSORPTION   NU*FISS       FISSION
       1   0.611833E-07   0.187731E-06   0.000000E+00   0.000000E+00
       2   0.517535E-05   0.102635E-04   0.000000E+00   0.000000E+00
   --SCATTERING MATRIX--
     G/G'          1          2
      1      0.00000E+00  0.79146E-09
      2      0.00000E+00  0.00000E+00
    MATERIAL  2
     GROUP   TRANSPORT   ABSORPTION   NU*FISS       FISSION
       1   0.000000E+00   0.000000E+00   0.000000E+00   0.000000E+00
       2   0.776184E-03   0.844695E-04   0.000000E+00   0.000000E+00
   --SCATTERING MATRIX--
     G/G'          1          2
      1      0.00000E+00  0.00000E+00
      2      0.00000E+00  0.00000E+00
    MATERIAL  3
     GROUP   TRANSPORT   ABSORPTION   NU*FISS       FISSION
       1   0.000000E+00   0.000000E+00   0.000000E+00   0.000000E+00
       2   0.776184E-03   0.844695E-04   0.000000E+00   0.000000E+00
   --SCATTERING MATRIX--
     G/G'          1          2
      1      0.00000E+00  0.00000E+00
      2      0.00000E+00  0.00000E+00
    MATERIAL  4
     GROUP   TRANSPORT   ABSORPTION   NU*FISS       FISSION
       1   0.347809E-07   0.128505E-06  -0.112099E-08  -0.176188E-19
       2  -0.976510E-05   0.708807E-05  -0.243045E-05  -0.319085E-16
   --SCATTERING MATRIX--
     G/G'          1          2
      1      0.00000E+00 -0.10859E-06
      2      0.00000E+00  0.00000E+00
    MATERIAL  5
     GROUP   TRANSPORT   ABSORPTION   NU*FISS       FISSION
       1   0.353826E-07   0.126709E-06  -0.167880E-08  -0.249965E-19
       2  -0.850169E-05   0.682311E-05  -0.272445E-05  -0.357680E-16
   --SCATTERING MATRIX--
     G/G'          1          2
      1      0.00000E+00 -0.10695E-06
      2      0.00000E+00  0.00000E+00
    MATERIAL  6
     GROUP   TRANSPORT   ABSORPTION   NU*FISS       FISSION
       1   0.359838E-07   0.124986E-06  -0.221038E-08  -0.320225E-19
       2  -0.746251E-05   0.659798E-05  -0.295883E-05  -0.388451E-16
   --SCATTERING MATRIX--
     G/G'          1          2
      1      0.00000E+00 -0.10537E-06
      2      0.00000E+00  0.00000E+00
    MATERIAL  7
     GROUP   TRANSPORT   ABSORPTION   NU*FISS       FISSION
       1   0.337806E-07   0.119869E-06  -0.171323E-08  -0.249965E-19
       2  -0.673744E-05   0.629310E-05  -0.255359E-05  -0.335223E-16
   --SCATTERING MATRIX--
     G/G'          1          2
      1      0.00000E+00 -0.10087E-06
      2      0.00000E+00  0.00000E+00
    MATERIAL  8
     GROUP   TRANSPORT   ABSORPTION   NU*FISS       FISSION
       1   0.332495E-07   0.117585E-06  -0.172421E-08  -0.254896E-19
       2  -0.619725E-05   0.611904E-05  -0.248880E-05  -0.326704E-16
   --SCATTERING MATRIX--
     G/G'          1          2
      1      0.00000E+00 -0.98858E-07
      2      0.00000E+00  0.00000E+00
    MATERIAL  9
     GROUP   TRANSPORT   ABSORPTION   NU*FISS       FISSION
       1   0.327201E-07   0.115319E-06  -0.173502E-08  -0.256049E-19
       2  -0.568220E-05   0.594711E-05  -0.242240E-05  -0.317976E-16
   --SCATTERING MATRIX--
     G/G'          1          2
      1      0.00000E+00 -0.96849E-07
      2      0.00000E+00  0.00000E+00
    MATERIAL 10
     GROUP   TRANSPORT   ABSORPTION   NU*FISS       FISSION
       1   0.343859E-07   0.118186E-06  -0.224335E-08  -0.320225E-19
       2  -0.586898E-05   0.608443E-05  -0.277657E-05  -0.364509E-16
   --SCATTERING MATRIX--
     G/G'          1          2
      1      0.00000E+00 -0.99331E-07
      2      0.00000E+00  0.00000E+00
    MATERIAL 11
     GROUP   TRANSPORT   ABSORPTION   NU*FISS       FISSION
       1   0.338559E-07   0.115917E-06  -0.225369E-08  -0.324873E-19
       2  -0.538345E-05   0.591697E-05  -0.270780E-05  -0.355476E-16
   --SCATTERING MATRIX--
     G/G'          1          2
      1      0.00000E+00 -0.97329E-07
      2      0.00000E+00  0.00000E+00

  ...Critical Boron Search card is sucessfully read...


            >>>> READING CONTROL RODS INSERTION <<<<
            --------------------------------------------
  NUMBER OF CONTROL ROD BANK  :  7
  MAX. NUMBER OF STEPS        : 228
  FULLY INSERTED POSITION (cm): 37.7 (FROM BOTTOM OF THE CORE)
  STEP SIZE (cm)              :   1.5942
  CR CUSPING CORRECTION       : NOT ACTIVE
  INITIAL CONTROL ROD BANK POSITION (STEPS) : 
  (0 means fully inserted) 
    Bank  1  Bank  2  Bank  3  Bank  4  Bank  5  Bank  6  Bank  7
    100.0    200.0    100.0    200.0    200.0    200.0    200.0

  CONTROL ROD BANK MAP : 
  1  0  2  0  0  0  3  0  0
  0  4  0  0  0  6  0  0  0
  2  0  5  0  6  0  6  0  0
  0  0  0  4  0  0  0  0  0
  0  0  6  0  7  0  0  0  0
  0  6  0  0  0  0  0  0  0
  3  0  6  0  0  0  0  0  0
  0  0  0  0  0  0  0  0  0
  0  0  0  0  0  0  0  0  0

  MATERIAL CX INCREMENT OR DECREMENT DUE TO CR INSERTION : 
    MATERIAL  1
    GROUP   TRANSPORT  ABSORPTION      NU*FISS      FISSION
       1     0.003732    0.002478    -0.000103    -0.000000
       2    -0.021993    0.025587    -0.002823    -0.000000
   --SCATTERING MATRIX--
     G/G'        1        2
      1      0.000000 -0.003193
      2      0.000000  0.000000
    MATERIAL  2
    GROUP   TRANSPORT  ABSORPTION      NU*FISS      FISSION
       1     0.003732    0.002478    -0.000103    -0.000000
       2    -0.021993    0.025587    -0.002823    -0.000000
   --SCATTERING MATRIX--
     G/G'        1        2
      1      0.000000 -0.003193
      2      0.000000  0.000000
    MATERIAL  3
    GROUP   TRANSPORT  ABSORPTION      NU*FISS      FISSION
       1     0.003732    0.002478    -0.000103    -0.000000
       2    -0.021993    0.025587    -0.002823    -0.000000
   --SCATTERING MATRIX--
     G/G'        1        2
      1      0.000000 -0.003193
      2      0.000000  0.000000
    MATERIAL  4
    GROUP   TRANSPORT  ABSORPTION      NU*FISS      FISSION
       1     0.003732    0.002478    -0.000103    -0.000000
       2    -0.021993    0.025587    -0.002823    -0.000000
   --SCATTERING MATRIX--
     G/G'        1        2
      1      0.000000 -0.003193
      2      0.000000  0.000000
    MATERIAL  5
    GROUP   TRANSPORT  ABSORPTION      NU*FISS      FISSION
       1     0.003732    0.002478    -0.000103    -0.000000
       2    -0.021993    0.025587    -0.002823    -0.000000
   --SCATTERING MATRIX--
     G/G'        1        2
      1      0.000000 -0.003193
      2      0.000000  0.000000
    MATERIAL  6
    GROUP   TRANSPORT  ABSORPTION      NU*FISS      FISSION
       1     0.003741    0.002429    -0.000123    -0.000000
       2    -0.016750    0.025648    -0.003281    -0.000000
   --SCATTERING MATRIX--
     G/G'        1        2
      1      0.000000 -0.003142
      2      0.000000  0.000000
    MATERIAL  7
    GROUP   TRANSPORT  ABSORPTION      NU*FISS      FISSION
       1     0.003732    0.002478    -0.000103    -0.000000
       2    -0.021993    0.025587    -0.002823    -0.000000
   --SCATTERING MATRIX--
     G/G'        1        2
      1      0.000000 -0.003193
      2      0.000000  0.000000
    MATERIAL  8
    GROUP   TRANSPORT  ABSORPTION      NU*FISS      FISSION
       1     0.003732    0.002478    -0.000103    -0.000000
       2    -0.021993    0.025587    -0.002823    -0.000000
   --SCATTERING MATRIX--
     G/G'        1        2
      1      0.000000 -0.003193
      2      0.000000  0.000000
    MATERIAL  9
    GROUP   TRANSPORT  ABSORPTION      NU*FISS      FISSION
       1     0.003732    0.002478    -0.000103    -0.000000
       2    -0.021993    0.025587    -0.002823    -0.000000
   --SCATTERING MATRIX--
     G/G'        1        2
      1      0.000000 -0.003193
      2      0.000000  0.000000
    MATERIAL 10
    GROUP   TRANSPORT  ABSORPTION      NU*FISS      FISSION
       1     0.003732    0.002478    -0.000103    -0.000000
       2    -0.021993    0.025587    -0.002823    -0.000000
   --SCATTERING MATRIX--
     G/G'        1        2
      1      0.000000 -0.003193
      2      0.000000  0.000000
    MATERIAL 11
    GROUP   TRANSPORT  ABSORPTION      NU*FISS      FISSION
       1     0.003732    0.002478    -0.000103    -0.000000
       2    -0.021993    0.025587    -0.002823    -0.000000
   --SCATTERING MATRIX--
     G/G'        1        2
      1      0.000000 -0.003193
      2      0.000000  0.000000

  ...Control Rods Insertion card is sucessfully read...


            >>>>   READING THERMAL-HYDRAULIC DATA   <<<<
            --------------------------------------------
  REACTOR PERCENT POWER (%)                :    100.00000
  REACTOR POWER (Watt)                     :   6.9375E+08
  COOLANT INLET TEMPERATURE (Kelvin)       :   5.5915E+02
  FUEL ASSEMBLY MASS FLOW RATE (Kg/s)      :   8.2121E+01
  FUEL MEAT RADIUS (m)                     :   4.1195E-03
  GAP THICKNESS (m)                        :   6.8000E-05
  CLAD THICKNESS (m)                       :   5.7100E-04
  PIN PITCH(m)                             :   1.2655E-02
  FRACTION OF HEAT DEPOSITED IN COOL.      :   1.9000E-02

  ...Thermal-hydraulic Card is sucessfully read...


            >>>>      READING FUEL TEMPERATURE      <<<<
            --------------------------------------------
  AVERAGE FUEL TEMPERATURE   :891.19  (NOT USED)
  FUEL TEMPERATURE REFERENCE :891.45

  MATERIAL CX CHANGES PER FUEL TEMPERATURE CHANGES : 
    MATERIAL  1
     GROUP   TRANSPORT   ABSORPTION   NU*FISS       FISSION
       1   0.00000E+00  0.00000E+00   0.00000E+00   0.00000E+00
       2   0.00000E+00  0.00000E+00   0.00000E+00   0.00000E+00
   --SCATTERING MATRIX--
     G/G'          1          2
      1      0.00000E+00  0.00000E+00
      2      0.00000E+00  0.00000E+00
    MATERIAL  2
     GROUP   TRANSPORT   ABSORPTION   NU*FISS       FISSION
       1   0.00000E+00  0.00000E+00   0.00000E+00   0.00000E+00
       2   0.00000E+00  0.00000E+00   0.00000E+00   0.00000E+00
   --SCATTERING MATRIX--
     G/G'          1          2
      1      0.00000E+00  0.00000E+00
      2      0.00000E+00  0.00000E+00
    MATERIAL  3
     GROUP   TRANSPORT   ABSORPTION   NU*FISS       FISSION
       1   0.00000E+00  0.00000E+00   0.00000E+00   0.00000E+00
       2   0.00000E+00  0.00000E+00   0.00000E+00   0.00000E+00
   --SCATTERING MATRIX--
     G/G'          1          2
      1      0.00000E+00  0.00000E+00
      2      0.00000E+00  0.00000E+00
    MATERIAL  4
     GROUP   TRANSPORT   ABSORPTION   NU*FISS       FISSION
       1  -0.30920E-04  0.34971E-04   0.64013E-06   0.71541E-17
       2  -0.13729E-03 -0.37181E-04  -0.56304E-04  -0.73919E-15
   --SCATTERING MATRIX--
     G/G'          1          2
      1      0.00000E+00 -0.27554E-04
      2      0.00000E+00  0.00000E+00
    MATERIAL  5
     GROUP   TRANSPORT   ABSORPTION   NU*FISS       FISSION
       1  -0.30861E-04  0.35180E-04   0.99743E-06   0.11868E-16
       2  -0.11748E-03 -0.37704E-04  -0.60415E-04  -0.79317E-15
   --SCATTERING MATRIX--
     G/G'          1          2
      1      0.00000E+00 -0.27677E-04
      2      0.00000E+00  0.00000E+00
    MATERIAL  6
     GROUP   TRANSPORT   ABSORPTION   NU*FISS       FISSION
       1  -0.30917E-04  0.35384E-04   0.14185E-05   0.17427E-16
       2  -0.10134E-03 -0.37756E-04  -0.63096E-04  -0.82836E-15
   --SCATTERING MATRIX--
     G/G'          1          2
      1      0.00000E+00 -0.27839E-04
      2      0.00000E+00  0.00000E+00
    MATERIAL  7
     GROUP   TRANSPORT   ABSORPTION   NU*FISS       FISSION
       1  -0.31375E-04  0.34870E-04   0.94543E-06   0.11868E-16
       2  -0.10827E-03 -0.37275E-04  -0.57966E-04  -0.76085E-15
   --SCATTERING MATRIX--
     G/G'          1          2
      1      0.00000E+00 -0.27355E-04
      2      0.00000E+00  0.00000E+00
    MATERIAL  8
     GROUP   TRANSPORT   ABSORPTION   NU*FISS       FISSION
       1  -0.31550E-04  0.34727E-04   0.92608E-06   0.10893E-16
       2  -0.10552E-03 -0.37181E-04  -0.57111E-04  -0.74957E-15
   --SCATTERING MATRIX--
     G/G'          1          2
      1      0.00000E+00 -0.27238E-04
      2      0.00000E+00  0.00000E+00
    MATERIAL  9
     GROUP   TRANSPORT   ABSORPTION   NU*FISS       FISSION
       1  -0.31728E-04  0.34603E-04   0.90580E-06   0.10617E-16
       2  -0.10252E-03 -0.37020E-04  -0.56154E-04  -0.73697E-15
   --SCATTERING MATRIX--
     G/G'          1          2
      1      0.00000E+00 -0.27117E-04
      2      0.00000E+00  0.00000E+00
    MATERIAL 10
     GROUP   TRANSPORT   ABSORPTION   NU*FISS       FISSION
       1  -0.31419E-04  0.35064E-04   0.13564E-05   0.17427E-16
       2  -0.93889E-04 -0.37140E-04  -0.60505E-04  -0.79425E-15
   --SCATTERING MATRIX--
     G/G'          1          2
      1      0.00000E+00 -0.27505E-04
      2      0.00000E+00  0.00000E+00
    MATERIAL 11
     GROUP   TRANSPORT   ABSORPTION   NU*FISS       FISSION
       1  -0.31591E-04  0.34912E-04   0.13334E-05   0.16277E-16
       2  -0.91713E-04 -0.36991E-04  -0.59628E-04  -0.78272E-15
   --SCATTERING MATRIX--
     G/G'          1          2
      1      0.00000E+00 -0.27383E-04
      2      0.00000E+00  0.00000E+00

  ...Fuel Temperature is card sucessfully read...


            >>>>   READING MODERATOR TEMPERATURE    <<<<
            --------------------------------------------
  AVERAGE MODERATOR TEMPERATURE   :559.19  (NOT USED)
  MODERATOR TEMPERATURE REFERENCE :579.75

  MATERIAL CX CHANGES PER MODERATOR TEMPERATURE CHANGES : 
    MATERIAL  1
     GROUP   TRANSPORT   ABSORPTION   NU*FISS       FISSION
       1   0.00000E+00  0.00000E+00   0.00000E+00   0.00000E+00
       2   0.00000E+00  0.00000E+00   0.00000E+00   0.00000E+00
   --SCATTERING MATRIX--
     G/G'          1          2
      1      0.00000E+00  0.00000E+00
      2      0.00000E+00  0.00000E+00
    MATERIAL  2
     GROUP   TRANSPORT   ABSORPTION   NU*FISS       FISSION
       1   0.00000E+00  0.00000E+00   0.00000E+00   0.00000E+00
       2   0.00000E+00  0.00000E+00   0.00000E+00   0.00000E+00
   --SCATTERING MATRIX--
     G/G'          1          2
      1      0.00000E+00  0.00000E+00
      2      0.00000E+00  0.00000E+00
    MATERIAL  3
     GROUP   TRANSPORT   ABSORPTION   NU*FISS       FISSION
       1   0.00000E+00  0.00000E+00   0.00000E+00   0.00000E+00
       2   0.00000E+00  0.00000E+00   0.00000E+00   0.00000E+00
   --SCATTERING MATRIX--
     G/G'          1          2
      1      0.00000E+00  0.00000E+00
      2      0.00000E+00  0.00000E+00
    MATERIAL  4
     GROUP   TRANSPORT   ABSORPTION   NU*FISS       FISSION
       1  -0.20331E-05  0.21219E-06   0.12471E-06   0.14304E-17
       2  -0.10867E-03 -0.31560E-04  -0.41644E-04  -0.54672E-15
   --SCATTERING MATRIX--
     G/G'          1          2
      1      0.00000E+00  0.80968E-06
      2      0.00000E+00  0.00000E+00
    MATERIAL  5
     GROUP   TRANSPORT   ABSORPTION   NU*FISS       FISSION
       1  -0.19808E-05  0.22600E-06   0.13515E-06   0.15690E-17
       2  -0.90615E-04 -0.32144E-04  -0.45310E-04  -0.59486E-15
   --SCATTERING MATRIX--
     G/G'          1          2
      1      0.00000E+00  0.85847E-06
      2      0.00000E+00  0.00000E+00
    MATERIAL  6
     GROUP   TRANSPORT   ABSORPTION   NU*FISS       FISSION
       1  -0.19243E-05  0.23994E-06   0.14908E-06   0.17542E-17
       2  -0.76279E-04 -0.32378E-04  -0.47847E-04  -0.62817E-15
   --SCATTERING MATRIX--
     G/G'          1          2
      1      0.00000E+00  0.90349E-06
      2      0.00000E+00  0.00000E+00
    MATERIAL  7
     GROUP   TRANSPORT   ABSORPTION   NU*FISS       FISSION
       1  -0.26963E-05  0.24853E-06   0.14077E-06   0.15690E-17
       2  -0.76244E-04 -0.30012E-04  -0.42020E-04  -0.55167E-15
   --SCATTERING MATRIX--
     G/G'          1          2
      1      0.00000E+00  0.70131E-06
      2      0.00000E+00  0.00000E+00
    MATERIAL  8
     GROUP   TRANSPORT   ABSORPTION   NU*FISS       FISSION
       1  -0.30791E-05  0.26185E-06   0.14323E-06   0.16790E-17
       2  -0.73340E-04 -0.29193E-04  -0.40770E-04  -0.53526E-15
   --SCATTERING MATRIX--
     G/G'          1          2
      1      0.00000E+00  0.61738E-06
      2      0.00000E+00  0.00000E+00
    MATERIAL  9
     GROUP   TRANSPORT   ABSORPTION   NU*FISS       FISSION
       1  -0.35388E-05  0.27431E-06   0.14602E-06   0.17167E-17
       2  -0.71371E-04 -0.28304E-04  -0.39432E-04  -0.51769E-15
   --SCATTERING MATRIX--
     G/G'          1          2
      1      0.00000E+00  0.51655E-06
      2      0.00000E+00  0.00000E+00
    MATERIAL 10
     GROUP   TRANSPORT   ABSORPTION   NU*FISS       FISSION
       1  -0.26391E-05  0.26429E-06   0.15586E-06   0.17542E-17
       2  -0.63955E-04 -0.30351E-04  -0.44443E-04  -0.58348E-15
   --SCATTERING MATRIX--
     G/G'          1          2
      1      0.00000E+00  0.74432E-06
      2      0.00000E+00  0.00000E+00
    MATERIAL 11
     GROUP   TRANSPORT   ABSORPTION   NU*FISS       FISSION
       1  -0.30215E-05  0.27906E-06   0.15881E-06   0.18853E-17
       2  -0.61698E-04 -0.29563E-04  -0.43159E-04  -0.56662E-15
   --SCATTERING MATRIX--
     G/G'          1          2
      1      0.00000E+00  0.65952E-06
      2      0.00000E+00  0.00000E+00

  ...Moderator Temperature Card is sucessfully read...


            >>>>       READING COOLANT DENSITY      <<<<
            --------------------------------------------
  AVERAGE COOLANT DENSITY   :  0.7464  (USED AS GUESS)
  COOLANT DENSITY REFERENCE :  0.7125

  MATERIAL CX CHANGES PER COOLANT DENSITY CHANGES : 
    MATERIAL  1
     GROUP   TRANSPORT   ABSORPTION   NU*FISS       FISSION
       1   0.74576E-01  0.20769E-03   0.00000E+00   0.00000E+00
       2   0.53363E+00  0.75842E-02   0.00000E+00   0.00000E+00
   --SCATTERING MATRIX--
     G/G'          1          2
      1      0.00000E+00  0.37131E-01
      2      0.00000E+00  0.00000E+00
    MATERIAL  2
     GROUP   TRANSPORT   ABSORPTION   NU*FISS       FISSION
       1   0.00000E+00  0.00000E+00   0.00000E+00   0.00000E+00
       2   0.00000E+00  0.00000E+00   0.00000E+00   0.00000E+00
   --SCATTERING MATRIX--
     G/G'          1          2
      1      0.00000E+00  0.00000E+00
      2      0.00000E+00  0.00000E+00
    MATERIAL  3
     GROUP   TRANSPORT   ABSORPTION   NU*FISS       FISSION
       1   0.00000E+00  0.00000E+00   0.00000E+00   0.00000E+00
       2   0.00000E+00  0.00000E+00   0.00000E+00   0.00000E+00
   --SCATTERING MATRIX--
     G/G'          1          2
      1      0.00000E+00  0.00000E+00
      2      0.00000E+00  0.00000E+00
    MATERIAL  4
     GROUP   TRANSPORT   ABSORPTION   NU*FISS       FISSION
       1   0.13567E+00  0.15519E-02   0.92069E-03   0.10239E-13
       2   0.99263E+00  0.25266E-01   0.24775E-01   0.32526E-12
   --SCATTERING MATRIX--
     G/G'          1          2
      1      0.00000E+00  0.29319E-01
      2      0.00000E+00  0.00000E+00
    MATERIAL  5
     GROUP   TRANSPORT   ABSORPTION   NU*FISS       FISSION
       1   0.13575E+00  0.16149E-02   0.96416E-03   0.10814E-13
       2   0.98198E+00  0.28667E-01   0.31499E-01   0.41354E-12
   --SCATTERING MATRIX--
     G/G'          1          2
      1      0.00000E+00  0.29270E-01
      2      0.00000E+00  0.00000E+00
    MATERIAL  6
     GROUP   TRANSPORT   ABSORPTION   NU*FISS       FISSION
       1   0.13583E+00  0.16802E-02   0.10141E-02   0.11477E-13
       2   0.97227E+00  0.31957E-01   0.38110E-01   0.50033E-12
   --SCATTERING MATRIX--
     G/G'          1          2
      1      0.00000E+00  0.29215E-01
      2      0.00000E+00  0.00000E+00
    MATERIAL  7
     GROUP   TRANSPORT   ABSORPTION   NU*FISS       FISSION
       1   0.13103E+00  0.16840E-02   0.98195E-03   0.10814E-13
       2   0.93470E+00  0.31424E-01   0.35159E-01   0.46172E-12
   --SCATTERING MATRIX--
     G/G'          1          2
      1      0.00000E+00  0.28249E-01
      2      0.00000E+00  0.00000E+00
    MATERIAL  8
     GROUP   TRANSPORT   ABSORPTION   NU*FISS       FISSION
       1   0.12938E+00  0.17197E-02   0.98844E-03   0.11132E-13
       2   0.91817E+00  0.32472E-01   0.36325E-01   0.47708E-12
   --SCATTERING MATRIX--
     G/G'          1          2
      1      0.00000E+00  0.27890E-01
      2      0.00000E+00  0.00000E+00
    MATERIAL  9
     GROUP   TRANSPORT   ABSORPTION   NU*FISS       FISSION
       1   0.12768E+00  0.17499E-02   0.99518E-03   0.11221E-13
       2   0.90129E+00  0.33594E-01   0.37450E-01   0.49190E-12
   --SCATTERING MATRIX--
     G/G'          1          2
      1      0.00000E+00  0.27520E-01
      2      0.00000E+00  0.00000E+00
    MATERIAL 10
     GROUP   TRANSPORT   ABSORPTION   NU*FISS       FISSION
       1   0.13112E+00  0.17553E-02   0.10352E-02   0.11477E-13
       2   0.92492E+00  0.34985E-01   0.42069E-01   0.58348E-12
   --SCATTERING MATRIX--
     G/G'          1          2
      1      0.00000E+00  0.28188E-01
      2      0.00000E+00  0.00000E+00
    MATERIAL 11
     GROUP   TRANSPORT   ABSORPTION   NU*FISS       FISSION
       1   0.12946E+00  0.17950E-02   0.10429E-02   0.11853E-13
       2   0.90846E+00  0.36103E-01   0.43321E-01   0.56886E-12
   --SCATTERING MATRIX--
     G/G'          1          2
      1      0.00000E+00  0.27826E-01
      2      0.00000E+00  0.00000E+00

  ...Coolant Density Card is sucessfully read...


  ================================================================================================
                        CRITICAL BORON CONCENTRATION SEARCH
  ================================================================================================

   Itr  Boron Concentration          K-EFF    FLUX REL. ERROR   FISS. SOURCE REL. ERROR    DOPPLER ERROR
  ------------------------------------------------------------------------------------------------------
    1     1.053175    3.21942E+00    8.91787E+01
    2     1.016472    1.00000E+00    1.29778E+01
    3     0.989595    5.82532E-01    4.09600E+00
    4     0.981428    3.57937E-01    1.48548E+00
    5     0.978726    7.28480E+03    6.21603E-01
    6     0.995928    3.23624E+00    7.20751E+00
    7     0.996213    1.98588E-01    1.34239E+00
    8     0.996120    1.21410E-01    8.05215E-01
    9     0.996358    9.32304E-02    2.47476E-01
   10     1.002212    3.63549E+03    9.45428E-02
   11     1.000932    2.54030E+00    6.90163E+00
   12     1.001769    3.13805E-01    1.53693E+00
   13     1.002071    1.90524E-01    6.40665E-01
   14     1.002294    1.11858E-01    3.22158E-01
   15     1.005136    2.56568E+03    1.55107E-01
   16     1.003675    1.11763E+00    1.09415E+00
   17     1.003766    1.32699E-01    4.24099E-01
   18     1.003711    7.19417E-02    1.67986E-01
   19     1.003689    4.65216E-02    4.80057E-02
   20     1.003836    1.70002E+02    3.89299E-02
    1     1.006652    2.25220E-02    3.39223E-02
    2     1.005874    2.22970E-02    2.83176E-02
    3     1.005601    1.81655E-02    2.06981E-02
    4     1.005524    1.56807E-02    1.64445E-02
    5     1.004212    9.51880E+00    1.48374E-02
    6     1.005696    7.65673E-01    1.64080E+00
    7     1.005716    1.11273E-01    7.29292E-01
    8     1.005779    6.55926E-02    3.21636E-01
    9     1.005841    5.62178E-02    1.20185E-01
   10     1.006280    2.94332E-01    4.77936E-02
   11     1.006063    9.55628E-02    1.99064E-01
   12     1.006141    3.65644E-02    1.29322E-01
   13     1.006148    2.03356E-02    5.39640E-02
   14     1.006149    1.27331E-02    2.73253E-02
   15     1.006223    3.18238E-01    1.48804E-02
   16     1.006209    2.36833E-01    1.83675E-01
   17     1.006282    3.82128E-02    1.15421E-01
   18     1.006309    3.34206E-02    3.62009E-02
   19     1.006323    2.78081E-02    3.17219E-02
   20     1.006400    2.77156E-01    2.72268E-02
    1     0.992150    5.55089E-02    1.01720E-01
    2     0.995933    1.25013E-02    2.75754E-02
    3     0.997262    1.01219E-02    1.44533E-02
    4     0.997622    8.76246E-03    8.99588E-03
    5     1.002437    7.82047E-01    8.38740E-03
    6     0.999458    2.27284E-01    4.47926E-01
    7     0.998216    6.21531E-02    2.08537E-01
    8     0.997980    4.44582E-02    1.36115E-01
    9     0.997971    3.94883E-02    6.13022E-02
   10     0.999097    1.19304E+01    3.63022E-02
   11     0.999075    8.52735E-01    1.00206E+00
   12     0.999052    6.62816E-02    2.92113E-01
   13     0.998954    4.13172E-02    1.14406E-01
   14     0.998892    3.81878E-02    4.56473E-02
   15     0.998267    3.48677E-01    3.35420E-02
   16     0.998939    1.78606E-01    2.19522E-01
   17     0.998679    4.13742E-02    8.11528E-02
   18     0.998645    2.71496E-02    3.15153E-02
   19     0.998652    1.63551E-02    2.44948E-02
   20     0.999139    9.68867E-01    1.50602E-02
    1     0.997211    1.65145E-02    1.90749E-02
    2     0.997385    1.13340E-02    1.13861E-02
    3     0.997462    9.95248E-03    1.00298E-02
    4     0.997484    8.71575E-03    8.78367E-03
    5     0.997639    2.01792E-01    7.66489E-03
    6     0.997576    8.58846E-02    9.83019E-02
    7     0.997538    1.20069E-02    5.91660E-02
    8     0.997526    7.30046E-03    2.56956E-02
    9     0.997521    5.01881E-03    1.20321E-02
   10     0.997491    9.14616E-02    6.49389E-03
   11     0.997594    4.55464E-02    4.93350E-02
   12     0.997538    5.40343E-03    2.76999E-02
   13     0.997525    4.28312E-03    1.40941E-02
   14     0.997522    3.82188E-03    3.84676E-03
   15     0.997525    7.70027E-02    3.37790E-03
   16     0.997577    3.24515E-02    4.33756E-02
   17     0.997554    6.56140E-03    2.47978E-02
   18     0.997547    3.99271E-03    1.00360E-02
   19     0.997545    2.92434E-03    4.43743E-03
   20     0.997538    5.02412E-02    3.11059E-03
    1     0.994978    5.24488E-03    8.61024E-03
    2     0.995586    2.19337E-03    3.33749E-03
    3     0.995800    1.48936E-03    2.33353E-03
    4     0.995854    1.25225E-03    1.40295E-03
    5     0.996253    4.46219E-02    1.31786E-03
    6     0.995648    2.14677E-02    3.16936E-02
    7     0.995703    4.19504E-03    1.87970E-02
    8     0.995725    3.30608E-03    1.14328E-02
    9     0.995735    2.62100E-03    4.24311E-03
   10     0.995774    1.38275E-02    2.87319E-03
   11     0.995753    4.59406E-03    8.36021E-03
   12     0.995757    1.53975E-03    5.31395E-03
   13     0.995757    1.20735E-03    3.13060E-03
   14     0.995756    1.02863E-03    1.67230E-03
   15     0.995739    2.12302E-02    1.14027E-03
   16     0.995747    9.44773E-03    1.42258E-02
   17     0.995746    1.31906E-03    9.03790E-03
   18     0.995747    6.08111E-04    5.03910E-03
   19     0.995747    4.51507E-04    1.72057E-03
   20     0.995749    8.90646E-03    6.53808E-04
    1     0.995545    1.44672E-03    2.71803E-03
    2     0.995588    6.88137E-04    1.10339E-03
    3     0.995603    5.64495E-04    6.52563E-04
    4     0.995607    5.11059E-04    5.12270E-04
    5     0.995636    2.05774E-02    4.83929E-04
    6     0.995565    8.58639E-03    1.44068E-02
    7     0.995591    1.85286E-03    7.03539E-03
    8     0.995599    1.07838E-03    4.25315E-03
    9     0.995602    7.96093E-04    1.99433E-03
   10     0.995623    6.78226E-03    1.06844E-03
   11     0.995611    3.06713E-03    3.75001E-03
   12     0.995612    3.21576E-04    2.44355E-03
   13     0.995612    2.28706E-04    1.27262E-03
   14     0.995611    1.67087E-04    3.53269E-04
   15     0.995600    6.85969E-03    1.31486E-04
   16     0.995595    4.00122E-03    4.43967E-03
   17     0.995602    5.93788E-04    2.64998E-03
   18     0.995605    5.45990E-04    1.23765E-03
   19     0.995607    4.37451E-04    5.67480E-04
   20     0.995613    3.01790E-03    4.13889E-04
    1     0.995586    4.76131E-04    6.61372E-04
    2     0.995591    2.58593E-04    3.00487E-04
    3     0.995593    2.08351E-04    2.18474E-04
    4     0.995594    1.83319E-04    1.84718E-04
    5     0.995602    1.23236E-02    1.67937E-04
    6     0.995566    5.30764E-03    8.72862E-03
    7     0.995580    1.07267E-03    4.57492E-03
    8     0.995584    8.71520E-04    2.22224E-03
    9     0.995584    7.39510E-04    1.20106E-03
   10     0.995583    4.80058E-03    7.27665E-04
   11     0.995583    1.19953E-03    3.13144E-03
   12     0.995582    1.85997E-04    1.92630E-03
   13     0.995583    9.12099E-05    6.16880E-04
   14     0.995583    8.49534E-05    2.00309E-04
   15     0.995588    2.18630E-03    8.34598E-05
   16     0.995581    8.42640E-04    1.45016E-03
   17     0.995584    2.10270E-04    7.38537E-04
   18     0.995585    1.49571E-04    4.56878E-04
   19     0.995585    1.11474E-04    1.79716E-04
   20     0.995583    3.82891E-03    1.25457E-04
    1     0.995622    4.88008E-04    8.59076E-04
    2     0.995616    1.73622E-04    2.29644E-04
    3     0.995613    1.43673E-04    1.45440E-04
    4     0.995613    1.31530E-04    1.32397E-04
    5     0.995610    4.60768E-03    1.25347E-04
    6     0.995617    1.45768E-03    3.43500E-03
    7     0.995615    5.32816E-04    2.12008E-03
    8     0.995614    3.58207E-04    1.21981E-03
    9     0.995614    2.68209E-04    6.08253E-04
   10     0.995611    3.54691E-03    3.41221E-04
   11     0.995614    1.78114E-03    1.89898E-03
   12     0.995613    1.65461E-04    1.16173E-03
   13     0.995613    1.21724E-04    5.38880E-04
   14     0.995613    8.28972E-05    1.56276E-04
   15     0.995615    1.57499E-03    7.74082E-05
   16     0.995615    9.12479E-04    8.40511E-04
   17     0.995614    1.25534E-04    4.69907E-04
   18     0.995614    8.68521E-05    2.42213E-04
   19     0.995614    5.74615E-05    8.20354E-05
   20     0.995613    7.24166E-04    6.09946E-05
    1     0.995643    1.28234E-04    2.13334E-04
    2     0.995635    8.00033E-05    8.55792E-05
    3     0.995633    6.42645E-05    6.47114E-05
    4     0.995632    5.67358E-05    5.70310E-05
    5     0.995627    2.10554E-03    5.27592E-05
    6     0.995634    6.71114E-04    1.48299E-03
    7     0.995634    2.16730E-04    8.17202E-04
    8     0.995634    1.58822E-04    4.52103E-04
    9     0.995634    1.37509E-04    2.18621E-04
   10     0.995634    1.44179E-03    1.54743E-04
   11     0.995634    6.01498E-04    9.42777E-04
   12     0.995634    8.09408E-05    6.09943E-04
   13     0.995634    3.40966E-05    3.02075E-04
   14     0.995634    2.19392E-05    9.00478E-05
   15     0.995635    6.33861E-04    3.20617E-05
   16     0.995635    3.03962E-04    3.80581E-04
   17     0.995635    7.01591E-05    1.81603E-04
   18     0.995635    5.09196E-05    9.05157E-05
   19     0.995635    3.66000E-05    5.79815E-05
   20     0.995635    2.89585E-04    4.08748E-05
    1     0.995632    1.06092E-04    1.90742E-04
    2     0.995632    4.27544E-05    5.70386E-05
    3     0.995633    3.51452E-05    3.55893E-05
    4     0.995633    3.21445E-05    3.23174E-05
    5     0.995633    1.16502E-03    3.06869E-05
    6     0.995633    3.54370E-04    8.53166E-04
    7     0.995632    1.15394E-04    5.28546E-04
    8     0.995632    7.45289E-05    2.76834E-04
    9     0.995632    5.47040E-05    1.31915E-04
   10     0.995632    8.71068E-04    7.14285E-05
   11     0.995632    4.34045E-04    5.06625E-04
   12     0.995632    4.03960E-05    3.12422E-04
   13     0.995632    3.26351E-05    1.54766E-04
   14     0.995632    2.23527E-05    3.39960E-05
   15     0.995632    3.41544E-04    1.78065E-05
   16     0.995632    1.83936E-04    1.66483E-04
   17     0.995632    2.51232E-05    7.72180E-05
   18     0.995632    2.07217E-05    3.86480E-05
   19     0.995632    1.53520E-05    1.60223E-05
   20     0.995632    2.04996E-04    1.28731E-05
    1     0.995631    4.29041E-05    9.07149E-05
    2     0.995631    1.90612E-05    3.49348E-05
    3     0.995631    1.54883E-05    2.02829E-05
    4     0.995632    1.38445E-05    1.39308E-05
    5     0.995632    6.08710E-04    1.29383E-05
    6     0.995632    1.93482E-04    4.28765E-04
    7     0.995631    6.12621E-05    2.28592E-04
    8     0.995631    4.54942E-05    1.22784E-04
    9     0.995631    3.82418E-05    6.31645E-05
   10     0.995631    3.67200E-04    4.37199E-05
   11     0.995631    1.58547E-04    2.19107E-04
   12     0.995631    2.11569E-05    1.41901E-04
   13     0.995631    1.19718E-05    6.99335E-05
   14     0.995631    8.86980E-06    2.14072E-05
   15     0.995631    2.46597E-04    8.76692E-06
   16     0.995632    1.42472E-04    1.30941E-04
   17     0.995632    1.68170E-05    7.82927E-05
   18     0.995631    1.19315E-05    3.49765E-05
   19     0.995631    8.21746E-06    1.35121E-05
   20     0.995631    5.90800E-05    8.78504E-06
    1     0.995631    2.26952E-05    4.12266E-05
    2     0.995631    8.31886E-06    1.32847E-05
    3     0.995631    6.68236E-06    7.63665E-06
    1     0.995631    1.31290E-05    3.20189E-05
    2     0.995631    5.37216E-06    1.19352E-05
    3     0.995631    3.64207E-06    7.48212E-06
    1        1200.20                0.99563     3.64207E-06          7.48212E-06           3.12348E-03
    1     0.996087    7.10683E-04    2.63957E-03
    2     0.996130    2.18219E-04    5.83099E-04
    3     0.996138    1.08794E-04    2.30493E-04
    4     0.996140    6.71374E-05    1.14872E-04
    5     0.996145    4.02818E-04    6.89754E-05
    6     0.996140    1.66662E-04    2.18238E-04
    7     0.996141    5.49608E-05    1.34372E-04
    8     0.996142    4.11137E-05    9.00616E-05
    9     0.996142    3.24434E-05    5.45158E-05
   10     0.996145    6.18414E-04    3.65113E-05
   11     0.996141    2.88773E-04    3.71814E-04
   12     0.996143    3.03710E-05    2.32664E-04
   13     0.996144    2.13325E-05    1.11422E-04
   14     0.996144    1.73805E-05    2.63405E-05
   15     0.996143    4.29625E-04    1.53874E-05
   16     0.996142    2.20537E-04    2.17316E-04
   17     0.996143    1.81961E-05    8.68044E-05
   18     0.996143    1.21844E-05    5.10057E-05
   19     0.996143    8.65851E-06    1.73472E-05
   20     0.996144    8.91630E-05    9.86438E-06
    1     0.996144    5.99627E-06    6.97374E-06
    1     0.996144    3.38450E-05    6.42220E-05
    2     0.996144    1.66857E-05    1.92773E-05
    3     0.996144    1.39427E-05    1.40891E-05
    4     0.996144    1.24187E-05    1.24980E-05
    5     0.996144    2.70106E-04    1.16378E-05
    6     0.996145    7.54216E-05    1.95590E-04
    7     0.996144    3.04918E-05    1.15556E-04
    8     0.996143    1.96759E-05    6.81098E-05
    9     0.996143    1.45143E-05    3.23596E-05
   10     0.996143    1.23851E-04    1.81994E-05
   11     0.996143    5.70763E-05    7.01546E-05
   12     0.996143    4.57031E-06    4.60900E-05
   13     0.996143    3.13585E-06    2.20034E-05
   14     0.996143    2.62730E-06    5.70140E-06
    1     0.996143    2.23756E-06    2.70955E-06
    1     0.996144    1.14958E-05    2.28251E-05
    2     0.996144    3.05329E-06    6.78183E-06
    2        1194.96                0.99614     3.05329E-06          6.78183E-06           3.48256E-03
    1     0.999591    5.34751E-03    1.97869E-02
    2     0.999917    1.65434E-03    4.43284E-03
    3     0.999976    8.27312E-04    1.76661E-03
    4     0.999990    5.10952E-04    8.82287E-04
    5     1.000026    3.00433E-03    5.28677E-04
    6     0.999987    1.24261E-03    1.62148E-03
    7     1.000001    4.01924E-04    9.76972E-04
    8     1.000004    2.98331E-04    6.40919E-04
    9     1.000006    2.35860E-04    3.91624E-04
   10     1.000029    4.46074E-03    2.64875E-04
   11     1.000000    2.07749E-03    2.68275E-03
   12     1.000014    2.21214E-04    1.67890E-03
   13     1.000016    1.56976E-04    8.07203E-04
   14     1.000017    1.28123E-04    1.92259E-04
   15     1.000016    3.15507E-03    1.13329E-04
   16     1.000008    1.61950E-03    1.60000E-03
   17     1.000014    1.27650E-04    6.14546E-04
   18     1.000015    8.64073E-05    3.60980E-04
   19     1.000016    6.17477E-05    1.21297E-04
   20     1.000020    6.36511E-04    6.98634E-05
    1     1.000017    4.35886E-05    4.96887E-05
    2     1.000016    3.13557E-05    3.88594E-05
    3     1.000016    2.92328E-05    3.01709E-05
    4     1.000016    2.83250E-05    2.83621E-05
    5     1.000015    6.68876E-04    2.76630E-05
    6     1.000016    2.28575E-04    4.70761E-04
    7     1.000015    7.09838E-05    2.31493E-04
    8     1.000014    6.16219E-05    1.35629E-04
    9     1.000014    5.23943E-05    7.56516E-05
   10     1.000013    6.59297E-04    5.77033E-05
   11     1.000013    3.01281E-04    3.79103E-04
   12     1.000014    3.63370E-05    2.37074E-04
   13     1.000014    2.14156E-05    1.43158E-04
   14     1.000014    1.72737E-05    4.88393E-05
   15     1.000013    3.79666E-04    2.36834E-05
   16     1.000013    1.64787E-04    2.61630E-04
   17     1.000013    3.97102E-05    1.57296E-04
   18     1.000013    2.96416E-05    9.98112E-05
   19     1.000013    2.48240E-05    4.57883E-05
   20     1.000013    4.03262E-04    2.93867E-05
    1     1.000014    2.57338E-04    4.78064E-04
    2     1.000017    1.01534E-04    1.33174E-04
    3     1.000018    8.22305E-05    8.32125E-05
    4     1.000018    7.19323E-05    7.24685E-05
    5     1.000016    1.44295E-03    6.67600E-05
    6     1.000021    4.08641E-04    1.05337E-03
    7     1.000015    1.65594E-04    6.24311E-04
    8     1.000014    1.25251E-04    3.81946E-04
    9     1.000014    1.08419E-04    1.74584E-04
   10     1.000012    1.13696E-03    9.05290E-05
   11     1.000014    5.04657E-04    5.84137E-04
   12     1.000014    4.71966E-05    2.05934E-04
   13     1.000014    3.06462E-05    8.39038E-05
   14     1.000014    1.83266E-05    2.40532E-05
   15     1.000014    3.54287E-04    1.76729E-05
   16     1.000015    1.91898E-04    2.42478E-04
   17     1.000014    4.38455E-05    7.20687E-05
   18     1.000014    2.80510E-05    3.92727E-05
   19     1.000013    2.41002E-05    2.48255E-05
   20     1.000013    2.54639E-04    2.05621E-05
    1     1.000017    3.76404E-05    9.20155E-05
    2     1.000016    2.04569E-05    3.44209E-05
    3     1.000015    1.51324E-05    1.66091E-05
    4     1.000015    1.34041E-05    1.34792E-05
    5     1.000015    3.26476E-04    1.25885E-05
    6     1.000015    1.17618E-04    2.37300E-04
    7     1.000016    3.46903E-05    1.38028E-04
    8     1.000016    2.60400E-05    7.98733E-05
    9     1.000016    2.03573E-05    3.71872E-05
   10     1.000017    1.82002E-04    2.38621E-05
   11     1.000016    8.40882E-05    1.02572E-04
   12     1.000016    8.85540E-06    6.67906E-05
   13     1.000016    4.61375E-06    3.33200E-05
   14     1.000016    3.89100E-06    1.05941E-05
   15     1.000016    8.78978E-05    4.76639E-06
   16     1.000016    3.39504E-05    6.28224E-05
   17     1.000016    1.09880E-05    3.55181E-05
   18     1.000016    7.27752E-06    2.04698E-05
   19     1.000016    6.03921E-06    1.01985E-05
   20     1.000017    4.99208E-05    6.68270E-06
    1     1.000017    6.40808E-05    1.24832E-04
    2     1.000016    2.04699E-05    3.60589E-05
    3     1.000016    1.61625E-05    1.63703E-05
    4     1.000016    1.48205E-05    1.48862E-05
    5     1.000016    3.41880E-04    1.41246E-05
    6     1.000016    1.05502E-04    2.32951E-04
    7     1.000016    4.66987E-05    1.34304E-04
    8     1.000017    3.87682E-05    8.18540E-05
    9     1.000017    3.23806E-05    3.84560E-05
   10     1.000017    4.29633E-04    2.60689E-05
   11     1.000017    2.09273E-04    2.10995E-04
   12     1.000017    1.55679E-05    6.43261E-05
   13     1.000017    1.10725E-05    2.61701E-05
   14     1.000017    7.44112E-06    8.89092E-06
    1     1.000016    1.65467E-05    3.11900E-05
    2     1.000017    5.35909E-06    6.79228E-06
    1     1.000017    1.28645E-05    2.25092E-05
    2     1.000017    6.66339E-06    6.73933E-06
    3        1155.52                1.00002     6.66339E-06          6.73933E-06           4.31683E-03
    1     1.000002    2.33670E-05    8.65658E-05
    2     1.000000    7.87157E-06    1.93163E-05
    3     1.000000    5.94153E-06    7.80453E-06
    4        1155.69                1.00000     5.94153E-06          7.80453E-06           7.26040E-03


     Radial Power Distribution
   ==============================
           1       2       3       4       5       6       7       8       9
     9   0.902   1.021   1.156   1.120   1.176   1.122   0.832   0.722   0.000
     8   1.021   1.124   1.171   1.191   1.153   1.087   0.940   0.575   0.000
     7   1.156   1.171   1.203   1.173   1.131   1.009   0.912   0.000   0.000
     6   1.120   1.191   1.173   1.141   1.034   0.979   0.643   0.000   0.000
     5   1.176   1.153   1.131   1.034   0.913   0.711   0.000   0.000   0.000
     4   1.122   1.087   1.009   0.979   0.711   0.000   0.000   0.000   0.000
     3   0.832   0.940   0.912   0.643   0.000   0.000   0.000   0.000   0.000
     2   0.722   0.575   0.000   0.000   0.000   0.000   0.000   0.000   0.000
     1   0.000   0.000   0.000   0.000   0.000   0.000   0.000   0.000   0.000

   MAX POS.       Maximum Value
  (  7,  3)          1.203


     Axial Power Density Distribution
   ====================================

     Plane Number        Power      Height
    -----------------------------------------
        18  (Top)        0.000      427.30
        17               0.020      397.30
        16               0.041      389.30
        15               0.080      376.50
        14               0.198      363.70
        13               0.430      333.70
        12               0.684      303.70
        11               0.957      273.70
        10               1.266      243.70
         9               1.628      213.70
         8               2.004      183.70
         7               2.230      153.70
         6               2.203      123.70
         5               1.802       93.70
         4               1.216       63.70
         3               0.765       48.70
         2               0.476       37.70
         1  (Bottom)     0.000       30.00

   MAX POS.       Maximum Value
    (  7)             2.230

     Radial Flux Distribution
   ==============================
    Group :   1
             1          2          3          4          5          6          7          8          9
     9   2.060E-02  2.232E-02  2.442E-02  2.447E-02  2.479E-02  2.314E-02  1.872E-02  1.280E-02  1.807E-03 
     8   2.232E-02  2.371E-02  2.483E-02  2.513E-02  2.445E-02  2.289E-02  1.877E-02  1.036E-02  1.346E-03 
     7   2.442E-02  2.483E-02  2.539E-02  2.487E-02  2.379E-02  2.163E-02  1.655E-02  3.786E-03  3.204E-04 
     6   2.447E-02  2.513E-02  2.487E-02  2.396E-02  2.196E-02  1.923E-02  1.154E-02  1.622E-03  0.000E+00 
     5   2.479E-02  2.445E-02  2.379E-02  2.196E-02  1.885E-02  1.265E-02  3.165E-03  3.313E-04  0.000E+00 
     4   2.314E-02  2.289E-02  2.163E-02  1.923E-02  1.265E-02  3.286E-03  4.103E-04  0.000E+00  0.000E+00 
     3   1.872E-02  1.877E-02  1.655E-02  1.154E-02  3.165E-03  4.103E-04  0.000E+00  0.000E+00  0.000E+00 
     2   1.280E-02  1.036E-02  3.786E-03  1.622E-03  3.313E-04  0.000E+00  0.000E+00  0.000E+00  0.000E+00 
     1   1.807E-03  1.346E-03  3.204E-04  0.000E+00  0.000E+00  0.000E+00  0.000E+00  0.000E+00  0.000E+00 

    Group :   2
             1          2          3          4          5          6          7          8          9
     9   2.169E-02  2.060E-02  2.781E-02  2.259E-02  2.840E-02  2.273E-02  2.005E-02  1.259E-02  8.180E-04 
     8   2.060E-02  2.705E-02  2.361E-02  2.870E-02  2.329E-02  2.619E-02  1.634E-02  9.940E-03  6.092E-04 
     7   2.781E-02  2.361E-02  2.892E-02  2.364E-02  2.719E-02  2.021E-02  1.575E-02  1.544E-03  1.294E-04 
     6   2.259E-02  2.870E-02  2.364E-02  2.739E-02  2.071E-02  1.686E-02  1.105E-02  7.283E-04  0.000E+00 
     5   2.840E-02  2.329E-02  2.719E-02  2.071E-02  2.181E-02  1.222E-02  1.297E-03  1.339E-04  0.000E+00 
     4   2.273E-02  2.619E-02  2.021E-02  1.686E-02  1.222E-02  1.351E-03  1.648E-04  0.000E+00  0.000E+00 
     3   2.005E-02  1.634E-02  1.575E-02  1.105E-02  1.297E-03  1.648E-04  0.000E+00  0.000E+00  0.000E+00 
     2   1.259E-02  9.940E-03  1.544E-03  7.283E-04  1.339E-04  0.000E+00  0.000E+00  0.000E+00  0.000E+00 
     1   8.180E-04  6.092E-04  1.294E-04  0.000E+00  0.000E+00  0.000E+00  0.000E+00  0.000E+00  0.000E+00 


   HEAT FLUX HOT CHANNEL FACTOR :  2.308

  AVERAGE DOPPLER TEMPERATURE     :   813.1 K (  540.0 C)
  MAX FUEL CENTERLINE TEMPERATURE :  1994.7 K ( 1721.5 C)
  AVERAGE MODERATOR TEMPERATURE   :   576.1 K (  302.9 C)
  MAXIMUM MODERATOR TEMPERATURE   :   605.3 K (  332.2 C)
