                                                                                
      /\               /\                                                       
     //\\             //\\                                                      
    //**\\           //**\\                                                     
   //****\\         //****\\                                                    
  //******\\       //******\\   ____                   _   _           _        
  ---------   /*\   ---------  / __ \                 | \ | |         | |       
             (***)            | |  | |_ __   ___ _ __ |  \| | ___   __| | ___   
              \*/             | |  | | "_ \ / _ \ "_ \| . ` |/ _"\ / _" |/ _ \  
                              | |__| | |_) |  __/ | | | |\  | |_) | (_| |  __/  
              //\\             \____/| .__/ \___)_| |_|_| \_|\___/ \___/ \___|  
             //**\\                  | |                                        
            //****\\                 |_|                                        
           //******\\                                                           
           ----------                                                           
                                                                                
 ____________________________________________________________
          | The OpenNode, Nodal Methods for Neutron Diffusion
 Version  | Version Number: 1.1                              
 Copyright| 2021 Radiation & Nuclear System Laboratory       
          | University Abdelmalk Essaadi                     
          | Faculty of Sciences, Tetouan, Morocco            
 Source   | FORTRAN90 version                                
 GUI      | PyQt5                                            
 Method   | The Nodal Expansion Method (NEM)                 
 Dimension| Three Dimensions (3D)                            
 Geometry | Cartesian                                        
 ____________________________________________________________
                        ==========================
   Calculation Mode :    Rod Ejection Calculation 
   ----------------     ==========================

            --------------------------------------------
            >>>> Writing Macroscopic Cross Sections <<<<
            --------------------------------------------
     Material  1
    Group   Transport    Diffusion  Absorption    Removal      Nu*Fiss      Kap*Fis    Fiss. Spctr
       1     0.234097    1.423913    0.010402    0.027958     0.006478     0.006478     1.000000
       2     0.935526    0.356306    0.087662    0.087662     0.112733     0.112733     0.000000
         --Scattering Matrix--
           G/G'          1          2
            1        0.000000    0.017556
            2        0.000000    0.000000
     Material  2
    Group   Transport    Diffusion  Absorption    Removal      Nu*Fiss      Kap*Fis    Fiss. Spctr
       1     0.233818    1.425611    0.010993    0.028171     0.007503     0.007503     1.000000
       2     0.950822    0.350574    0.099256    0.099256     0.137800     0.137800     0.000000
         --Scattering Matrix--
           G/G'          1          2
            1        0.000000    0.017178
            2        0.000000    0.000000
     Material  3
    Group   Transport    Diffusion  Absorption    Removal      Nu*Fiss      Kap*Fis    Fiss. Spctr
       1     0.203970    1.634227    0.002661    0.030258     0.000000     0.000000     1.000000
       2     1.262617    0.264002    0.049364    0.049364     0.000000     0.000000     0.000000
         --Scattering Matrix--
           G/G'          1          2
            1        0.000000    0.027597
            2        0.000000    0.000000

            -------------------------------
            >>>>>Wrting Core Geometry<<<<<
            -------------------------------
  Number of Assembly in x, y and z Directions Respectively :
           6           6          10
  Number of Nodes in x, y and z Directions Respectively :
          11          11          10

  x-Directed Nodes Divison (Delta-x)
    10.00  10.00  10.00  10.00  10.00  10.00  10.00  10.00  10.00  10.00
    10.00
  y-Directed Nodes Divison (Delta-y)
    10.00  10.00  10.00  10.00  10.00  10.00  10.00  10.00  10.00  10.00
    10.00
  Planar Region :  1
        1  2  3  4  5  6  7  8  9 10 11
    11  3  3  3  3  3  3  3  3  3       
    10  3  3  3  3  3  3  3  3  3       
     9  3  3  3  3  3  3  3  3  3  3  3 
     8  3  3  3  3  3  3  3  3  3  3  3 
     7  3  3  3  3  3  3  3  3  3  3  3 
     6  3  3  3  3  3  3  3  3  3  3  3 
     5  3  3  3  3  3  3  3  3  3  3  3 
     4  3  3  3  3  3  3  3  3  3  3  3 
     3  3  3  3  3  3  3  3  3  3  3  3 
     2  3  3  3  3  3  3  3  3  3  3  3 
     1  3  3  3  3  3  3  3  3  3  3  3 
  Planar Region :  2
        1  2  3  4  5  6  7  8  9 10 11
    11  3  3  3  3  3  3  3  3  3       
    10  3  3  3  3  3  3  3  3  3       
     9  2  2  2  2  2  2  2  3  3  3  3 
     8  2  2  2  2  2  2  2  3  3  3  3 
     7  1  1  1  1  1  2  2  2  2  3  3 
     6  1  1  1  1  1  2  2  2  2  3  3 
     5  1  1  1  1  1  1  1  2  2  3  3 
     4  1  1  1  1  1  1  1  2  2  3  3 
     3  1  1  1  1  1  1  1  2  2  3  3 
     2  1  1  1  1  1  1  1  2  2  3  3 
     1  1  1  1  1  1  1  1  2  2  3  3 

  Planar Region Assignment to Planes.
 -------------------------------------
   Plane Number     Planar Region    Delta-z
       10 (Top)            1          20.00
        9                  2          20.00
        8                  2          20.00
        7                  2          20.00
        6                  2          20.00
        5                  2          20.00
        4                  2          20.00
        3                  2          20.00
        2                  2          20.00
        1 (Bottom)         1          20.00

   Boundary Conditions
   -------------------
  X-Directed West   : Reflective
  X-Directed East   : Zero Incoming Current
  Y-Directed North  : Zero Incoming Current
  Y-Directed South  : Reflective
  Z-Directed Bottom : Zero Incoming Current
  Z-Directed Top    : Zero Incoming Current

  ...Core Geometry is Sucessfully Read...
     ---------------------------------


            >>>> READING CONTROL RODS INSERTION <<<<
            --------------------------------------------
  NUMBER OF CONTROL ROD BANK  :  2
  MAX. NUMBER OF STEPS        : 180
  FULLY INSERTED POSITION (cm):  0.0 (FROM BOTTOM OF THE CORE)
  STEP SIZE (cm)              :   1.0000
  CR CUSPING CORRECTION       : NOT ACTIVE
  INITIAL CONTROL ROD BANK POSITION (STEPS) : 
  (0 means fully inserted) 
    Bank  1  Bank  2
    180.0    100.0

  CONTROL ROD BANK MAP : 
  0  0  0  0  0  0
  0  0  0  0  0  0
  2  0  0  0  0  0
  0  0  1  0  0  0
  0  0  0  0  0  0
  1  0  0  2  0  0

  MATERIAL CX INCREMENT OR DECREMENT DUE TO CR INSERTION : 
    MATERIAL  1
    GROUP   TRANSPORT  ABSORPTION      NU*FISS      FISSION
       1     0.000000    0.000550     0.000000     0.000000
       2     0.000000    0.003800     0.000000     0.000000
   --SCATTERING MATRIX--
     G/G'        1        2
      1      0.000000  0.000000
      2      0.000000  0.000000
    MATERIAL  2
    GROUP   TRANSPORT  ABSORPTION      NU*FISS      FISSION
       1     0.000280   -0.000040    -0.001030    -0.001030
       2    -0.015300   -0.007790    -0.025070    -0.025070
   --SCATTERING MATRIX--
     G/G'        1        2
      1      0.000000  0.000380
      2      0.000000  0.000000
    MATERIAL  3
    GROUP   TRANSPORT  ABSORPTION      NU*FISS      FISSION
       1     0.030130    0.008290     0.006480     0.006480
       2    -0.327090    0.042100     0.112730     0.112730
   --SCATTERING MATRIX--
     G/G'        1        2
      1      0.000000 -0.010040
      2      0.000000  0.000000

  ...Control Rods Insertion card is sucessfully read...


            >>>>     READING ROD EJECTION DATA      <<<<
            --------------------------------------------
                           Bank  1  Bank  2
  FINAL BANK POS. (STEP)     60.0    180.0
  STARTS MOVE (SECOND)        7.5      0.0
  SPEED (STEP/SECOND)         3.0      3.0

  TIME PARAMETERS IN SECONDS : 
    TOTAL SIMULATION TIME         :  60.00
    FIRST TIME STEP               : 0.2500
    SECOND TIME STEP              : 1.0000
    WHEN SECOND TIME STEP APPLY?  :  60.00

  DELAYED NEUTRON FRACTION : 
    0.00025    0.00138    0.00122    0.00265    0.00083    0.00017

  PRECUSOR DECAY CONSTANT (1/s): 
    0.01270    0.03170    0.11500    0.31100    1.40000    3.87000

  NEUTRON VELOCITY (cm/s) : 
    1.25000E+07    2.50000E+05

  ...Rod Ejection Card is sucessfully read...
       1       1.062785    9.02770E+00    8.50990E+00
       2       1.065936    1.00000E+00    1.83115E+01
       3       0.996659    5.50712E-01    2.02493E+00
       4       0.968111    3.11285E-01    1.51754E+00
       5       0.935303    6.37056E+00    1.00319E+00
       6       0.968381    7.14792E-01    8.86414E-01
       7       0.974396    5.97332E-02    6.02176E-01
       8       0.977064    6.10807E-02    3.76624E-01
       9       0.979086    5.86190E-02    1.87362E-01
      10       1.002518    2.34254E+00    1.05002E-01
      11       0.985422    5.22682E-01    6.53975E-01
      12       0.990057    3.65731E-02    3.95442E-01
      13       0.991451    2.53038E-02    2.18200E-01
      14       0.992131    2.31791E-02    9.11457E-02
      15       1.001813    4.65448E-01    3.91493E-02
      16       0.993745    1.80584E-01    2.24803E-01
      17       0.995768    2.22756E-02    1.37621E-01
      18       0.996441    1.57815E-02    8.41016E-02
      19       0.996803    1.28962E-02    4.17408E-02
      20       1.001242    2.34729E-01    2.30319E-02
      21       0.997621    1.04427E-01    1.11349E-01
      22       0.998402    5.99035E-03    7.31537E-02
      23       0.998626    3.18379E-03    3.80211E-02
      24       0.998722    2.91877E-03    1.43454E-02
      25       0.999936    6.26784E-02    5.17136E-03
      26       0.998842    2.67522E-02    3.52698E-02
      27       0.999115    5.17190E-03    2.01910E-02
      28       0.999218    3.59619E-03    1.15134E-02
      29       0.999276    2.87658E-03    6.72040E-03
      30       0.999883    3.75301E-02    4.36832E-03
      31       0.999391    1.79319E-02    1.92429E-02
      32       0.999495    1.29766E-03    1.33027E-02
      33       0.999526    7.66999E-04    6.90952E-03
      34       0.999539    6.61273E-04    2.67900E-03
      35       0.999731    1.58755E-02    1.06756E-03
      36       0.999550    7.04184E-03    9.04104E-03
      37       0.999598    1.21962E-03    5.19536E-03
      38       0.999617    8.07498E-04    3.21983E-03
      39       0.999627    6.32521E-04    1.73114E-03
      40       0.999766    1.06298E-02    1.04071E-03
      41       0.999649    5.42127E-03    5.41598E-03
      42       0.999668    4.48551E-04    3.74528E-03
      43       0.999672    2.48764E-04    1.85179E-03
      44       0.999673    1.83534E-04    6.59186E-04
      45       0.999675    5.11558E-03    2.15130E-04
      46       0.999669    2.56042E-03    2.88006E-03
      47       0.999671    4.14426E-04    1.82452E-03
      48       0.999673    2.73467E-04    7.82781E-04
      49       0.999675    2.07673E-04    4.77316E-04
      50       0.999704    2.77506E-03    3.18118E-04
      51       0.999682    1.43546E-03    1.36859E-03
      52       0.999685    1.25300E-04    1.00889E-03
      53       0.999685    9.00090E-05    4.65237E-04
      54       0.999685    7.37602E-05    1.51246E-04
      55       0.999674    1.96167E-03    8.64966E-05
      56       0.999682    1.00830E-03    1.03715E-03
      57       0.999681    1.36469E-04    7.53489E-04
      58       0.999681    8.99440E-05    3.36998E-04
      59       0.999682    6.83498E-05    1.35374E-04
      60       0.999689    7.90495E-04    9.78825E-05
      61       0.999684    3.99083E-04    3.92575E-04
      62       0.999685    4.18071E-05    3.01550E-04
      63       0.999685    3.04877E-05    1.37598E-04
      64       0.999685    2.53826E-05    4.82486E-05
      65       0.999681    7.09550E-04    2.86446E-05
      66       0.999684    3.53924E-04    3.79249E-04
      67       0.999684    4.28671E-05    2.72951E-04
      68       0.999684    2.74253E-05    1.23170E-04
      69       0.999684    2.07771E-05    4.91576E-05
      70       0.999686    2.59063E-04    3.20719E-05
      71       0.999684    1.31645E-04    1.31633E-04
      72       0.999685    1.55313E-05    1.01489E-04
      73       0.999685    1.10273E-05    4.50567E-05
      74       0.999685    9.12664E-06    1.62484E-05
      75       0.999683    2.35697E-04    1.04223E-05
      76       0.999684    1.17227E-04    1.25631E-04
      77       0.999684    1.40580E-05    9.04714E-05
      78       0.999684    8.86150E-06    3.98286E-05
      79       0.999684    6.83923E-06    1.60059E-05
      80       0.999685    9.51077E-05    1.02192E-05
      81       0.999685    4.59939E-05    4.92497E-05
      82       0.999685    5.99698E-06    3.67149E-05
      83       0.999685    4.16719E-06    1.58889E-05
      84       0.999685    3.42822E-06    5.93049E-06

 ***********************************************
Effective Factor Multiplication : Keff = 0.999685
 ***********************************************

   INITIAL MULTIPLICATION EFFECTIVE (K-EFF) =  0.999685
   WARNING: THE STEADY STATE K-EFF IS NOT EQUAL TO 1.0
   AND NOW IT IS FORCED TO 1.0 BY MODIFYING THE nu*sigf CROSS SECTIONS 

       1       0.999845    1.71840E-04    1.87864E-04
       2       0.999931    8.93299E-05    1.30920E-04
       3       0.999970    4.57163E-05    9.97641E-05
       4       0.999987    2.47649E-05    7.23730E-05
       5       1.000000    2.42223E-05    4.76661E-05
       6       0.999998    3.73733E-06    2.88380E-05
       7       0.999999    4.60450E-06    1.79620E-05
       8       1.000000    3.12690E-06    1.04989E-05
       9       1.000000    2.30551E-06    6.11245E-06

 ***********************************************
Effective Factor Multiplication : Keff = 1.000000
 ***********************************************
    1     0.956327    1.27031E-01    2.81693E+00
    2     0.970826    2.91827E-02    2.61723E+00
    3     0.986017    2.66307E-02    8.06860E+00
    4     0.994038    1.95543E-02    4.32791E+00
     ...Fission Source Extrapolated...
    5     1.000459    1.95634E-02    2.22605E+00
    6     0.998978    2.63500E-03    3.84017E+00
    7     0.999568    4.98260E-03    3.08595E+00
    8     0.999794    2.55024E-03    9.99920E+00
    9     0.999876    1.20608E-03    4.12531E-03
     ...Fission Source Extrapolated...
   10     1.000075    5.99112E-03    1.13111E-03
   11     0.999902    2.98097E-03    4.90300E-03
   12     0.999915    1.13135E-03    2.24903E-03
   13     0.999927    7.50550E-04    1.82092E-03
   14     0.999936    4.29665E-04    1.04326E-03
     ...Fission Source Extrapolated...
   15     1.000017    4.11472E-03    6.77036E-04
   16     0.999958    3.44786E-03    2.91907E-03
   17     0.999960    1.06049E-03    2.42238E-03
   18     0.999965    5.70129E-04    2.48623E-03
   19     0.999970    2.22646E-04    1.75164E-03
     ...Fission Source Extrapolated...
   20     1.000025    2.11529E-03    5.10868E-04
   21     0.999980    1.85868E-03    1.45300E-03
   22     0.999981    5.14509E-04    1.32101E-03
   23     0.999984    2.83737E-04    1.20765E-03
   24     0.999986    1.17635E-04    8.55741E-04
     ...Fission Source Extrapolated...
   25     1.000012    9.01919E-04    2.67374E-04
   26     0.999991    7.95910E-04    5.72437E-04
   27     0.999991    2.04974E-04    5.58256E-04
   28     0.999993    1.23641E-04    5.64046E-04
   29     0.999994    5.04283E-05    3.95485E-04
     ...Fission Source Extrapolated...
   30     1.000005    4.00086E-04    1.14382E-04
   31     0.999996    3.60806E-04    2.56619E-04
   32     0.999996    9.21186E-05    2.74634E-04
   33     0.999997    6.03821E-05    2.60512E-04
   34     0.999997    2.49664E-05    1.83701E-04
     ...Fission Source Extrapolated...
   35     1.000002    1.91927E-04    5.49913E-05
   36     0.999998    1.72635E-04    1.14141E-04
   37     0.999998    4.07960E-05    1.23718E-04
   38     0.999998    2.74158E-05    1.22611E-04
   39     0.999999    1.12240E-05    8.58061E-05
     ...Fission Source Extrapolated...
   40     1.000001    8.82121E-05    2.46220E-05
   41     0.999999    7.94879E-05    5.29425E-05
   42     0.999999    1.94822E-05    5.96566E-05
   43     0.999999    1.32279E-05    5.70414E-05
   44     0.999999    5.49320E-06    4.00493E-05
     ...Fission Source Extrapolated...
   45     1.000000    4.39584E-05    1.17502E-05
   46     0.999999    3.96298E-05    2.60341E-05
   47     0.999999    9.54831E-06    2.90884E-05
   48     1.000000    6.46766E-06    2.84383E-05
   49     1.000000    2.66750E-06    1.98589E-05
     ...Fission Source Extrapolated...
   50     1.000000    2.29684E-05    5.66008E-06
   51     1.000000    2.08656E-05    1.37634E-05
   52     1.000000    5.10531E-06    1.56501E-05
   53     1.000000    3.43425E-06    1.48751E-05
   54     1.000000    1.40854E-06    1.03737E-05
     ...Fission Source Extrapolated...
   55     1.000000    1.39068E-05    2.95321E-06
   56     1.000000    1.28244E-05    8.09419E-06
   57     1.000000    2.95488E-06    9.26805E-06

 ***********************************************
Effective Factor Multiplication : Keff = 1.000000
 ***********************************************
       1       0.706820    4.84956E-01    1.00000E+00
       2       0.840404    1.94711E-01    5.88186E-01
       3       0.927080    1.48925E-01    4.28124E-01
       4       0.967769    8.90158E-02    2.69544E-01
       5       0.999536    8.88600E-02    1.54731E-01
       6       0.993163    1.01241E-02    8.50080E-02
       7       0.996458    1.72451E-02    4.71086E-02
       8       0.997888    1.15717E-02    2.27632E-02
       9       0.998523    8.19445E-03    9.73408E-03
      10       1.000749    4.32068E-02    6.12195E-03
      11       0.998969    2.08687E-02    2.00260E-02
      12       0.999216    3.81932E-03    1.22183E-02
      13       0.999328    2.97769E-03    7.27824E-03
      14       0.999396    2.57737E-03    4.58947E-03
      15       1.000135    3.57608E-02    3.33746E-03
      16       0.999500    1.61185E-02    1.92670E-02
      17       0.999672    2.09815E-03    1.23335E-02
      18       0.999730    1.13420E-03    6.31068E-03
      19       0.999757    8.73414E-04    2.81038E-03
      20       1.000111    1.59675E-02    1.44029E-03
      21       0.999785    7.62055E-03    8.97703E-03
      22       0.999863    1.13761E-03    5.41657E-03
      23       0.999889    4.08231E-04    2.90400E-03
      24       0.999902    3.50216E-04    1.32149E-03
      25       1.000041    5.31554E-03    6.54536E-04
      26       0.999919    2.48560E-03    2.88302E-03
      27       0.999946    4.19813E-04    1.84271E-03
      28       0.999956    1.94175E-04    1.00481E-03
      29       0.999960    1.40156E-04    4.50555E-04
      30       1.000017    2.42325E-03    2.20535E-04
      31       0.999966    1.14955E-03    1.35946E-03
      32       0.999978    1.76742E-04    7.94704E-04
      33       0.999982    6.98866E-05    4.68552E-04
      34       0.999984    5.82575E-05    2.16159E-04
      35       1.000008    9.47533E-04    1.09821E-04
      36       0.999987    4.46391E-04    5.17082E-04
      37       0.999991    7.72639E-05    3.30495E-04
      38       0.999993    3.46432E-05    1.90366E-04
      39       0.999994    2.46369E-05    8.46395E-05
      40       1.000003    4.21614E-04    4.10270E-05
      41       0.999995    1.99779E-04    2.36082E-04
      42       0.999997    3.13045E-05    1.42716E-04
      43       0.999997    1.28975E-05    8.41301E-05
      44       0.999998    1.08680E-05    3.90354E-05
      45       1.000001    1.89375E-04    2.00710E-05
      46       0.999998    8.95278E-05    1.04924E-04
      47       0.999999    1.57466E-05    6.75456E-05
      48       0.999999    7.07913E-06    3.89930E-05
      49       0.999999    5.01756E-06    1.72758E-05
      50       1.000001    9.89315E-05    8.36064E-06
      51       0.999999    4.79266E-05    5.50493E-05
      52       1.000000    6.92948E-06    3.30641E-05
      53       1.000000    2.70209E-06    1.92046E-05
      54       1.000000    2.22880E-06    8.72202E-06

 ***********************************************
Effective Factor Multiplication : Keff = 1.000000
 ***********************************************

  TRANSIENT RESULTS :

  Step  Time(s)  React.($)   Rel. Power   CR Bank Pos. (1-end)
 --------------------------------------------------------------
   0     0.000    0.0000     1.0000E+00   180.00   100.00
   1     0.250    0.0031     1.0029E+00   180.00   100.75
   2     0.500    0.0065     1.0069E+00   180.00   101.50
   3     0.750    0.0096     1.0105E+00   180.00   102.25
   4     1.000    0.0133     1.0157E+00   180.00   103.00
   5     1.250    0.0163     1.0196E+00   180.00   103.75
   6     1.500    0.0198     1.0247E+00   180.00   104.50
   7     1.750    0.0238     1.0313E+00   180.00   105.25
   8     2.000    0.0268     1.0356E+00   180.00   106.00
   9     2.250    0.0308     1.0428E+00   180.00   106.75
  10     2.500    0.0337     1.0473E+00   180.00   107.50
  11     2.750    0.0372     1.0536E+00   180.00   108.25
  12     3.000    0.0407     1.0600E+00   180.00   109.00
  13     3.250    0.0444     1.0672E+00   180.00   109.75
  14     3.500    0.0479     1.0742E+00   180.00   110.50
  15     3.750    0.0515     1.0815E+00   180.00   111.25
  16     4.000    0.0550     1.0890E+00   180.00   112.00
  17     4.250    0.0585     1.0967E+00   180.00   112.75
  18     4.500    0.0619     1.1042E+00   180.00   113.50
  19     4.750    0.0661     1.1142E+00   180.00   114.25
  20     5.000    0.0690     1.1211E+00   180.00   115.00
  21     5.250    0.0731     1.1310E+00   180.00   115.75
  22     5.500    0.0766     1.1400E+00   180.00   116.50
  23     5.750    0.0803     1.1498E+00   180.00   117.25
  24     6.000    0.0837     1.1589E+00   180.00   118.00
  25     6.250    0.0876     1.1698E+00   180.00   118.75
  26     6.500    0.0913     1.1803E+00   180.00   119.50
  27     6.750    0.0947     1.1909E+00   180.00   120.25
  28     7.000    0.0972     1.2004E+00   180.00   121.00
  29     7.250    0.0999     1.2108E+00   180.00   121.75
  30     7.500    0.1022     1.2200E+00   180.00   122.50
  31     7.750    0.1043     1.2297E+00   179.25   123.25
  32     8.000    0.1063     1.2397E+00   178.50   124.00
  33     8.250    0.1079     1.2482E+00   177.75   124.75
  34     8.500    0.1098     1.2579E+00   177.00   125.50
  35     8.750    0.1116     1.2672E+00   176.25   126.25
  36     9.000    0.1136     1.2775E+00   175.50   127.00
  37     9.250    0.1155     1.2872E+00   174.75   127.75
  38     9.500    0.1173     1.2971E+00   174.00   128.50
  39     9.750    0.1194     1.3080E+00   173.25   129.25
  40    10.000    0.1212     1.3183E+00   172.50   130.00
  41    10.250    0.1233     1.3296E+00   171.75   130.75
  42    10.500    0.1253     1.3405E+00   171.00   131.50
  43    10.750    0.1276     1.3530E+00   170.25   132.25
  44    11.000    0.1292     1.3632E+00   169.50   133.00
  45    11.250    0.1312     1.3746E+00   168.75   133.75
  46    11.500    0.1334     1.3871E+00   168.00   134.50
  47    11.750    0.1354     1.3994E+00   167.25   135.25
  48    12.000    0.1374     1.4114E+00   166.50   136.00
  49    12.250    0.1396     1.4249E+00   165.75   136.75
  50    12.500    0.1417     1.4377E+00   165.00   137.50
  51    12.750    0.1440     1.4518E+00   164.25   138.25
  52    13.000    0.1460     1.4653E+00   163.50   139.00
  53    13.250    0.1481     1.4791E+00   162.75   139.75
  54    13.500    0.1492     1.4910E+00   162.00   140.50
  55    13.750    0.1501     1.5035E+00   161.25   141.25
  56    14.000    0.1510     1.5161E+00   160.50   142.00
  57    14.250    0.1508     1.5255E+00   159.75   142.75
  58    14.500    0.1495     1.5332E+00   159.00   143.50
  59    14.750    0.1483     1.5407E+00   158.25   144.25
  60    15.000    0.1468     1.5470E+00   157.50   145.00
  61    15.250    0.1459     1.5549E+00   156.75   145.75
  62    15.500    0.1450     1.5633E+00   156.00   146.50
  63    15.750    0.1440     1.5710E+00   155.25   147.25
  64    16.000    0.1426     1.5764E+00   154.50   148.00
  65    16.250    0.1416     1.5831E+00   153.75   148.75
  66    16.500    0.1400     1.5876E+00   153.00   149.50
  67    16.750    0.1392     1.5949E+00   152.25   150.25
  68    17.000    0.1378     1.5996E+00   151.50   151.00
  69    17.250    0.1367     1.6052E+00   150.75   151.75
  70    17.500    0.1361     1.6126E+00   150.00   152.50
  71    17.750    0.1347     1.6170E+00   149.25   153.25
  72    18.000    0.1337     1.6223E+00   148.50   154.00
  73    18.250    0.1327     1.6277E+00   147.75   154.75
  74    18.500    0.1322     1.6348E+00   147.00   155.50
  75    18.750    0.1306     1.6377E+00   146.25   156.25
  76    19.000    0.1298     1.6434E+00   145.50   157.00
  77    19.250    0.1290     1.6487E+00   144.75   157.75
  78    19.500    0.1287     1.6564E+00   144.00   158.50
  79    19.750    0.1273     1.6597E+00   143.25   159.25
  80    20.000    0.1270     1.6670E+00   142.50   160.00
  81    20.250    0.1245     1.6673E+00   141.75   160.75
  82    20.500    0.1227     1.6701E+00   141.00   161.50
  83    20.750    0.1205     1.6713E+00   140.25   162.25
  84    21.000    0.1172     1.6712E+00   139.50   163.00
  85    21.250    0.1129     1.6684E+00   138.75   163.75
  86    21.500    0.1082     1.6630E+00   138.00   164.50
  87    21.750    0.1040     1.6591E+00   137.25   165.25
  88    22.000    0.0993     1.6529E+00   136.50   166.00
  89    22.250    0.0950     1.6477E+00   135.75   166.75
  90    22.500    0.0904     1.6405E+00   135.00   167.50
  91    22.750    0.0862     1.6348E+00   134.25   168.25
  92    23.000    0.0819     1.6280E+00   133.50   169.00
  93    23.250    0.0780     1.6227E+00   132.75   169.75
  94    23.500    0.0733     1.6139E+00   132.00   170.50
  95    23.750    0.0690     1.6065E+00   131.25   171.25
  96    24.000    0.0648     1.5987E+00   130.50   172.00
  97    24.250    0.0607     1.5909E+00   129.75   172.75
  98    24.500    0.0565     1.5829E+00   129.00   173.50
  99    24.750    0.0522     1.5742E+00   128.25   174.25
 100    25.000    0.0481     1.5657E+00   127.50   175.00
 101    25.250    0.0440     1.5570E+00   126.75   175.75
 102    25.500    0.0399     1.5482E+00   126.00   176.50
 103    25.750    0.0359     1.5391E+00   125.25   177.25
 104    26.000    0.0315     1.5287E+00   124.50   178.00
 105    26.250    0.0278     1.5206E+00   123.75   178.75
 106    26.500    0.0242     1.5126E+00   123.00   179.50
 107    26.750    0.0200     1.5025E+00   122.25   180.00
 108    27.000    0.0152     1.4911E+00   121.50   180.00
 109    27.250    0.0107     1.4798E+00   120.75   180.00
 110    27.500    0.0067     1.4703E+00   120.00   180.00
 111    27.750    0.0000     1.4559E+00   119.25   180.00
 112    28.000   -0.0063     1.4421E+00   118.50   180.00
 113    28.250   -0.0128     1.4275E+00   117.75   180.00
 114    28.500   -0.0197     1.4114E+00   117.00   180.00
 115    28.750   -0.0254     1.3988E+00   116.25   180.00
 116    29.000   -0.0315     1.3849E+00   115.50   180.00
 117    29.250   -0.0382     1.3690E+00   114.75   180.00
 118    29.500   -0.0446     1.3541E+00   114.00   180.00
 119    29.750   -0.0509     1.3391E+00   113.25   180.00
 120    30.000   -0.0569     1.3249E+00   112.50   180.00
 121    30.250   -0.0639     1.3079E+00   111.75   180.00
 122    30.500   -0.0701     1.2931E+00   111.00   180.00
 123    30.750   -0.0759     1.2790E+00   110.25   180.00
 124    31.000   -0.0816     1.2656E+00   109.50   180.00
 125    31.250   -0.0879     1.2505E+00   108.75   180.00
 126    31.500   -0.0943     1.2349E+00   108.00   180.00
 127    31.750   -0.1003     1.2206E+00   107.25   180.00
 128    32.000   -0.1064     1.2058E+00   106.50   180.00
 129    32.250   -0.1115     1.1935E+00   105.75   180.00
 130    32.500   -0.1184     1.1772E+00   105.00   180.00
 131    32.750   -0.1244     1.1628E+00   104.25   180.00
 132    33.000   -0.1304     1.1486E+00   103.50   180.00
 133    33.250   -0.1364     1.1342E+00   102.75   180.00
 134    33.500   -0.1422     1.1205E+00   102.00   180.00
 135    33.750   -0.1479     1.1071E+00   101.25   180.00
 136    34.000   -0.1536     1.0937E+00   100.50   180.00
 137    34.250   -0.1597     1.0800E+00    99.75   180.00
 138    34.500   -0.1664     1.0656E+00    99.00   180.00
 139    34.750   -0.1727     1.0522E+00    98.25   180.00
 140    35.000   -0.1795     1.0379E+00    97.50   180.00
 141    35.250   -0.1863     1.0236E+00    96.75   180.00
 142    35.500   -0.1927     1.0102E+00    96.00   180.00
 143    35.750   -0.1997     9.9565E-01    95.25   180.00
 144    36.000   -0.2060     9.8269E-01    94.50   180.00
 145    36.250   -0.2125     9.6921E-01    93.75   180.00
 146    36.500   -0.2190     9.5595E-01    93.00   180.00
 147    36.750   -0.2256     9.4269E-01    92.25   180.00
 148    37.000   -0.2322     9.2961E-01    91.50   180.00
 149    37.250   -0.2385     9.1695E-01    90.75   180.00
 150    37.500   -0.2448     9.0452E-01    90.00   180.00
 151    37.750   -0.2511     8.9205E-01    89.25   180.00
 152    38.000   -0.2575     8.7968E-01    88.50   180.00
 153    38.250   -0.2638     8.6757E-01    87.75   180.00
 154    38.500   -0.2702     8.5560E-01    87.00   180.00
 155    38.750   -0.2761     8.4423E-01    86.25   180.00
 156    39.000   -0.2823     8.3261E-01    85.50   180.00
 157    39.250   -0.2886     8.2107E-01    84.75   180.00
 158    39.500   -0.2948     8.0965E-01    84.00   180.00
 159    39.750   -0.3009     7.9863E-01    83.25   180.00
 160    40.000   -0.3073     7.8721E-01    82.50   180.00
 161    40.250   -0.3132     7.7663E-01    81.75   180.00
 162    40.500   -0.3193     7.6591E-01    81.00   180.00
 163    40.750   -0.3254     7.5537E-01    80.25   180.00
 164    41.000   -0.3309     7.4522E-01    79.50   180.00
 165    41.250   -0.3358     7.3595E-01    78.75   180.00
 166    41.500   -0.3413     7.2598E-01    78.00   180.00
 167    41.750   -0.3467     7.1624E-01    77.25   180.00
 168    42.000   -0.3520     7.0683E-01    76.50   180.00
 169    42.250   -0.3572     6.9759E-01    75.75   180.00
 170    42.500   -0.3625     6.8831E-01    75.00   180.00
 171    42.750   -0.3673     6.7975E-01    74.25   180.00
 172    43.000   -0.3724     6.7099E-01    73.50   180.00
 173    43.250   -0.3775     6.6231E-01    72.75   180.00
 174    43.500   -0.3830     6.5343E-01    72.00   180.00
 175    43.750   -0.3878     6.4526E-01    71.25   180.00
 176    44.000   -0.3928     6.3701E-01    70.50   180.00
 177    44.250   -0.3978     6.2890E-01    69.75   180.00
 178    44.500   -0.4027     6.2091E-01    69.00   180.00
 179    44.750   -0.4076     6.1311E-01    68.25   180.00
 180    45.000   -0.4125     6.0543E-01    67.50   180.00
 181    45.250   -0.4174     5.9773E-01    66.75   180.00
 182    45.500   -0.4223     5.9025E-01    66.00   180.00
 183    45.750   -0.4271     5.8286E-01    65.25   180.00
 184    46.000   -0.4319     5.7566E-01    64.50   180.00
 185    46.250   -0.4367     5.6851E-01    63.75   180.00
 186    46.500   -0.4419     5.6110E-01    63.00   180.00
 187    46.750   -0.4463     5.5445E-01    62.25   180.00
 188    47.000   -0.4514     5.4725E-01    61.50   180.00
 189    47.250   -0.4558     5.4080E-01    60.75   180.00
 190    47.500   -0.4603     5.3431E-01    60.00   180.00
 191    47.750   -0.4605     5.2943E-01    60.00   180.00
 192    48.000   -0.4602     5.2499E-01    60.00   180.00
 193    48.250   -0.4603     5.2039E-01    60.00   180.00
 194    48.500   -0.4602     5.1608E-01    60.00   180.00
 195    48.750   -0.4602     5.1181E-01    60.00   180.00
 196    49.000   -0.4603     5.0756E-01    60.00   180.00
 197    49.250   -0.4603     5.0348E-01    60.00   180.00
 198    49.500   -0.4603     4.9942E-01    60.00   180.00
 199    49.750   -0.4603     4.9550E-01    60.00   180.00
 200    50.000   -0.4603     4.9162E-01    60.00   180.00
 201    50.250   -0.4603     4.8782E-01    60.00   180.00
 202    50.500   -0.4603     4.8411E-01    60.00   180.00
 203    50.750   -0.4603     4.8044E-01    60.00   180.00
 204    51.000   -0.4603     4.7687E-01    60.00   180.00
 205    51.250   -0.4603     4.7333E-01    60.00   180.00
 206    51.500   -0.4603     4.6987E-01    60.00   180.00
 207    51.750   -0.4603     4.6645E-01    60.00   180.00
 208    52.000   -0.4603     4.6313E-01    60.00   180.00
 209    52.250   -0.4604     4.5979E-01    60.00   180.00
 210    52.500   -0.4603     4.5658E-01    60.00   180.00
 211    52.750   -0.4603     4.5340E-01    60.00   180.00
 212    53.000   -0.4604     4.5021E-01    60.00   180.00
 213    53.250   -0.4604     4.4712E-01    60.00   180.00
 214    53.500   -0.4606     4.4393E-01    60.00   180.00
 215    53.750   -0.4603     4.4114E-01    60.00   180.00
 216    54.000   -0.4606     4.3798E-01    60.00   180.00
 217    54.250   -0.4603     4.3522E-01    60.00   180.00
 218    54.500   -0.4602     4.3245E-01    60.00   180.00
 219    54.750   -0.4604     4.2948E-01    60.00   180.00
 220    55.000   -0.4604     4.2673E-01    60.00   180.00
 221    55.250   -0.4603     4.2405E-01    60.00   180.00
 222    55.500   -0.4604     4.2125E-01    60.00   180.00
 223    55.750   -0.4604     4.1858E-01    60.00   180.00
 224    56.000   -0.4603     4.1596E-01    60.00   180.00
 225    56.250   -0.4602     4.1343E-01    60.00   180.00
 226    56.500   -0.4604     4.1073E-01    60.00   180.00
 227    56.750   -0.4604     4.0821E-01    60.00   180.00
 228    57.000   -0.4603     4.0573E-01    60.00   180.00
 229    57.250   -0.4602     4.0332E-01    60.00   180.00
 230    57.500   -0.4604     4.0077E-01    60.00   180.00
 231    57.750   -0.4604     3.9838E-01    60.00   180.00
 232    58.000   -0.4603     3.9604E-01    60.00   180.00
 233    58.250   -0.4604     3.9359E-01    60.00   180.00
 234    58.500   -0.4604     3.9124E-01    60.00   180.00
 235    58.750   -0.4604     3.8895E-01    60.00   180.00
 236    59.000   -0.4604     3.8669E-01    60.00   180.00
 237    59.250   -0.4604     3.8444E-01    60.00   180.00
 238    59.500   -0.4604     3.8221E-01    60.00   180.00
 239    59.750   -0.4602     3.8006E-01    60.00   180.00
 240    60.000   -0.4604     3.7779E-01    60.00   180.00
