                                                                                
      /\               /\                                                       
     //\\             //\\                                                      
    //**\\           //**\\                                                     
   //****\\         //****\\                                                    
  //******\\       //******\\   ____                   _   _           _        
  ---------   /*\   ---------  / __ \                 | \ | |         | |       
             (***)            | |  | |_ __   ___ _ __ |  \| | ___   __| | ___   
              \*/             | |  | | "_ \ / _ \ "_ \| . ` |/ _"\ / _" |/ _ \  
                              | |__| | |_) |  __/ | | | |\  | |_) | (_| |  __/  
              //\\             \____/| .__/ \___)_| |_|_| \_|\___/ \___/ \___|  
             //**\\                  | |                                        
            //****\\                 |_|                                        
           //******\\                                                           
           ----------                                                           
                                                                                
 ____________________________________________________________
          | The OpenNode, Nodal Methods for Neutron Diffusion
 Version  | Version Number: 1.1                              
 Copyright| 2021 Radiation & Nuclear System Laboratory       
          | University Abdelmalk Essaadi                     
          | Faculty of Sciences, Tetouan, Morocco            
 Source   | FORTRAN90 version                                
 GUI      | PyQt5                                            
 Method   | The Nodal Expansion Method (NEM)                 
 Dimension| Three Dimensions (3D)                            
 Geometry | Cartesian                                        
 ____________________________________________________________
                        ==========================
   Calculation Mode :    Critical Boron Concentration Search Calculation with TH feedbacks 
   ----------------     ==========================

            --------------------------------------------
            >>>> Writing Macroscopic Cross Sections <<<<
            --------------------------------------------
     Material  1
    Group   Transport    Diffusion  Absorption    Removal      Nu*Fiss      Kap*Fis    Fiss. Spctr
       1     0.053206    6.264981    0.000373    0.026829     0.000000     0.000000     1.000000
       2     0.386406    0.862651    0.017722    0.017722     0.000000     0.000000     0.000000
         --Scattering Matrix--
           G/G'          1          2
            1        0.000000    0.026455
            2        0.000000    0.000000
     Material  2
    Group   Transport    Diffusion  Absorption    Removal      Nu*Fiss      Kap*Fis    Fiss. Spctr
       1     0.295609    1.127616    0.001188    0.024349     0.000000     0.000000     1.000000
       2     2.459310    0.135539    0.252618    0.252618     0.000000     0.000000     0.000000
         --Scattering Matrix--
           G/G'          1          2
            1        0.000000    0.023161
            2        0.000000    0.000000
     Material  3
    Group   Transport    Diffusion  Absorption    Removal      Nu*Fiss      Kap*Fis    Fiss. Spctr
       1     0.295609    1.127616    0.001188    0.021269     0.000000     0.000000     1.000000
       2     2.459310    0.135539    0.252618    0.252618     0.000000     0.000000     0.000000
         --Scattering Matrix--
           G/G'          1          2
            1        0.000000    0.020081
            2        0.000000    0.000000
     Material  4
    Group   Transport    Diffusion  Absorption    Removal      Nu*Fiss      Kap*Fis    Fiss. Spctr
       1     0.222117    1.500711    0.008718    0.026968     0.004983     0.000000     1.000000
       2     0.803140    0.415038    0.065255    0.065255     0.083903     0.000000     0.000000
         --Scattering Matrix--
           G/G'          1          2
            1        0.000000    0.018250
            2        0.000000    0.000000
     Material  5
    Group   Transport    Diffusion  Absorption    Removal      Nu*Fiss      Kap*Fis    Fiss. Spctr
       1     0.221914    1.502083    0.009061    0.027065     0.005577     0.000000     1.000000
       2     0.795538    0.419004    0.072335    0.072335     0.099863     0.000000     0.000000
         --Scattering Matrix--
           G/G'          1          2
            1        0.000000    0.018004
            2        0.000000    0.000000
     Material  6
    Group   Transport    Diffusion  Absorption    Removal      Nu*Fiss      Kap*Fis    Fiss. Spctr
       1     0.221715    1.503432    0.009385    0.027152     0.006150     0.000000     1.000000
       2     0.789253    0.422340    0.078920    0.078920     0.114667     0.000000     0.000000
         --Scattering Matrix--
           G/G'          1          2
            1        0.000000    0.017767
            2        0.000000    0.000000
     Material  7
    Group   Transport    Diffusion  Absorption    Removal      Nu*Fiss      Kap*Fis    Fiss. Spctr
       1     0.222039    1.501238    0.009317    0.026455     0.005550     0.000000     1.000000
       2     0.776230    0.429426    0.079633    0.079633     0.098558     0.000000     0.000000
         --Scattering Matrix--
           G/G'          1          2
            1        0.000000    0.017138
            2        0.000000    0.000000
     Material  8
    Group   Transport    Diffusion  Absorption    Removal      Nu*Fiss      Kap*Fis    Fiss. Spctr
       1     0.222083    1.500940    0.009400    0.026250     0.005541     0.000000     1.000000
       2     0.769969    0.432918    0.082109    0.082109     0.098006     0.000000     0.000000
         --Scattering Matrix--
           G/G'          1          2
            1        0.000000    0.016850
            2        0.000000    0.000000
     Material  9
    Group   Transport    Diffusion  Absorption    Removal      Nu*Fiss      Kap*Fis    Fiss. Spctr
       1     0.222127    1.500643    0.009483    0.026045     0.005531     0.000000     1.000000
       2     0.763813    0.436407    0.084591    0.084591     0.097411     0.000000     0.000000
         --Scattering Matrix--
           G/G'          1          2
            1        0.000000    0.016563
            2        0.000000    0.000000
     Material 10
    Group   Transport    Diffusion  Absorption    Removal      Nu*Fiss      Kap*Fis    Fiss. Spctr
       1     0.221836    1.502612    0.009637    0.026542     0.006124     0.000000     1.000000
       2     0.770705    0.432504    0.086119    0.086119     0.113241     0.000000     0.000000
         --Scattering Matrix--
           G/G'          1          2
            1        0.000000    0.016904
            2        0.000000    0.000000
     Material 11
    Group   Transport    Diffusion  Absorption    Removal      Nu*Fiss      Kap*Fis    Fiss. Spctr
       1     0.221878    1.502327    0.009719    0.026337     0.006114     0.000000     1.000000
       2     0.764704    0.435899    0.088549    0.088549     0.112635     0.000000     0.000000
         --Scattering Matrix--
           G/G'          1          2
            1        0.000000    0.016618
            2        0.000000    0.000000

            -------------------------------
            >>>>>Wrting Core Geometry<<<<<
            -------------------------------
  Number of Assembly in x, y and z Directions Respectively :
           9           9          18
  Number of Nodes in x, y and z Directions Respectively :
          17          17          18

  x-Directed Nodes Divison (Delta-x)
    10.80  10.80  10.80  10.80  10.80  10.80  10.80  10.80  10.80  10.80
    10.80  10.80  10.80  10.80  10.80  10.80  10.80
  y-Directed Nodes Divison (Delta-y)
    10.80  10.80  10.80  10.80  10.80  10.80  10.80  10.80  10.80  10.80
    10.80  10.80  10.80  10.80  10.80  10.80  10.80
  Planar Region :  1
        1  2  3  4  5  6  7  8  9 10 11 12 13 14 15 16 17
    17  1  1  1  1  1  1  1  1  1  1  1  1  1  1  1  2  2 
    16  1  1  1  1  1  1  1  1  1  1  1  1  1  1  1  2  2 
    15  1  1  1  1  1  1  1  1  1  1  1  1  1  1  1  2  2 
    14  1  1  1  1  1  1  1  1  1  1  1  1  1  3  3  2  2 
    13  1  1  1  1  1  1  1  1  1  1  1  1  1  3  3  2  2 
    12  1  1  1  1  1  1  1  1  1  1  1  1  1  2  2       
    11  1  1  1  1  1  1  1  1  1  1  1  1  1  2  2       
    10  1  1  1  1  1  1  1  1  1  1  1  3  3  2  2       
     9  1  1  1  1  1  1  1  1  1  1  1  3  3  2  2       
     8  1  1  1  1  1  1  1  1  1  3  3  2  2             
     7  1  1  1  1  1  1  1  1  1  3  3  2  2             
     6  1  1  1  1  1  1  1  3  3  2  2                   
     5  1  1  1  1  1  1  1  3  3  2  2                   
     4  1  1  1  3  3  2  2  2  2                         
     3  1  1  1  3  3  2  2  2  2                         
     2  2  2  2  2  2                                     
     1  2  2  2  2  2                                     
  Planar Region :  2
        1  2  3  4  5  6  7  8  9 10 11 12 13 14 15 16 17
    17  4  5  5  4  4  5  5  4  4  5  5  4  4  6  6  2  2 
    16  5  4  4  5  5  4  4  5  5  4  4  6  6  6  6  2  2 
    15  5  4  4  5  5  4  4  5  5  4  4  6  6  6  6  2  2 
    14  4  5  5  4  4  5  5  4  4  5  5  6  6  3  3  2  2 
    13  4  5  5  4  4  5  5  4  4  5  5  6  6  3  3  2  2 
    12  5  4  4  5  5  4  4  5  5  6  6  6  6  2  2       
    11  5  4  4  5  5  4  4  5  5  6  6  6  6  2  2       
    10  4  5  5  4  4  5  5  4  4  6  6  3  3  2  2       
     9  4  5  5  4  4  5  5  4  4  6  6  3  3  2  2       
     8  5  4  4  5  5  6  6  6  6  3  3  2  2             
     7  5  4  4  5  5  6  6  6  6  3  3  2  2             
     6  4  6  6  6  6  6  6  3  3  2  2                   
     5  4  6  6  6  6  6  6  3  3  2  2                   
     4  6  6  6  3  3  2  2  2  2                         
     3  6  6  6  3  3  2  2  2  2                         
     2  2  2  2  2  2                                     
     1  2  2  2  2  2                                     
  Planar Region :  3
        1  2  3  4  5  6  7  8  9 10 11 12 13 14 15 16 17
    17  4  9  9  4  4  9  9  4  4  7  7  4  4  6  6  2  2 
    16  9  4  4  8  8  4  4  8  8  4  4  11 11 6  6  2  2 
    15  9  4  4  8  8  4  4  8  8  4  4  11 11 6  6  2  2 
    14  4  8  8  4  4  8  8  4  4  8  8  6  6  3  3  2  2 
    13  4  8  8  4  4  8  8  4  4  8  8  6  6  3  3  2  2 
    12  9  4  4  8  8  4  4  8  8  10 10 6  6  2  2       
    11  9  4  4  8  8  4  4  8  8  10 10 6  6  2  2       
    10  4  8  8  4  4  8  8  4  4  6  6  3  3  2  2       
     9  4  8  8  4  4  8  8  4  4  6  6  3  3  2  2       
     8  7  4  4  8  8  10 10 6  6  3  3  2  2             
     7  7  4  4  8  8  10 10 6  6  3  3  2  2             
     6  4  11 11 6  6  6  6  3  3  2  2                   
     5  4  11 11 6  6  6  6  3  3  2  2                   
     4  6  6  6  3  3  2  2  2  2                         
     3  6  6  6  3  3  2  2  2  2                         
     2  2  2  2  2  2                                     
     1  2  2  2  2  2                                     

  Planar Region Assignment to Planes.
 -------------------------------------
   Plane Number     Planar Region    Delta-z
       18 (Top)            1          30.00
       17                  3           8.00
       16                  3          12.80
       15                  3          12.80
       14                  3          30.00
       13                  3          30.00
       12                  3          30.00
       11                  3          30.00
       10                  3          30.00
        9                  3          30.00
        8                  3          30.00
        7                  3          30.00
        6                  3          30.00
        5                  3          30.00
        4                  3          15.00
        3                  3          11.00
        2                  2           7.70
        1 (Bottom)         1          30.00

   Boundary Conditions
   -------------------
  X-Directed West   : Reflective
  X-Directed East   : Zero Flux
  Y-Directed North  : Reflective
  Y-Directed South  : Zero Flux
  Z-Directed Bottom : Zero Flux
  Z-Directed Top    : Zero Flux

  ...Core Geometry is Sucessfully Read...
     ---------------------------------


            >>>> READING BORON CONCENTRATION FOR BC SEARCH <<<<
            --------------------------------------------------
  BORON CONCENTRATION REFERENCE : 1200.20

  MATERIAL CX CHANGES PER PPM BORON CHANGES : 
    MATERIAL  1
     GROUP   TRANSPORT   ABSORPTION   NU*FISS       FISSION
       1   0.611833E-07   0.187731E-06   0.000000E+00   0.000000E+00
       2   0.517535E-05   0.102635E-04   0.000000E+00   0.000000E+00
   --SCATTERING MATRIX--
     G/G'          1          2
      1      0.00000E+00  0.79146E-09
      2      0.00000E+00  0.00000E+00
    MATERIAL  2
     GROUP   TRANSPORT   ABSORPTION   NU*FISS       FISSION
       1   0.000000E+00   0.000000E+00   0.000000E+00   0.000000E+00
       2   0.776184E-03   0.844695E-04   0.000000E+00   0.000000E+00
   --SCATTERING MATRIX--
     G/G'          1          2
      1      0.00000E+00  0.00000E+00
      2      0.00000E+00  0.00000E+00
    MATERIAL  3
     GROUP   TRANSPORT   ABSORPTION   NU*FISS       FISSION
       1   0.000000E+00   0.000000E+00   0.000000E+00   0.000000E+00
       2   0.776184E-03   0.844695E-04   0.000000E+00   0.000000E+00
   --SCATTERING MATRIX--
     G/G'          1          2
      1      0.00000E+00  0.00000E+00
      2      0.00000E+00  0.00000E+00
    MATERIAL  4
     GROUP   TRANSPORT   ABSORPTION   NU*FISS       FISSION
       1   0.347809E-07   0.128505E-06  -0.112099E-08  -0.176188E-19
       2  -0.976510E-05   0.708807E-05  -0.243045E-05  -0.319085E-16
   --SCATTERING MATRIX--
     G/G'          1          2
      1      0.00000E+00 -0.10859E-06
      2      0.00000E+00  0.00000E+00
    MATERIAL  5
     GROUP   TRANSPORT   ABSORPTION   NU*FISS       FISSION
       1   0.353826E-07   0.126709E-06  -0.167880E-08  -0.249965E-19
       2  -0.850169E-05   0.682311E-05  -0.272445E-05  -0.357680E-16
   --SCATTERING MATRIX--
     G/G'          1          2
      1      0.00000E+00 -0.10695E-06
      2      0.00000E+00  0.00000E+00
    MATERIAL  6
     GROUP   TRANSPORT   ABSORPTION   NU*FISS       FISSION
       1   0.359838E-07   0.124986E-06  -0.221038E-08  -0.320225E-19
       2  -0.746251E-05   0.659798E-05  -0.295883E-05  -0.388451E-16
   --SCATTERING MATRIX--
     G/G'          1          2
      1      0.00000E+00 -0.10537E-06
      2      0.00000E+00  0.00000E+00
    MATERIAL  7
     GROUP   TRANSPORT   ABSORPTION   NU*FISS       FISSION
       1   0.337806E-07   0.119869E-06  -0.171323E-08  -0.249965E-19
       2  -0.673744E-05   0.629310E-05  -0.255359E-05  -0.335223E-16
   --SCATTERING MATRIX--
     G/G'          1          2
      1      0.00000E+00 -0.10087E-06
      2      0.00000E+00  0.00000E+00
    MATERIAL  8
     GROUP   TRANSPORT   ABSORPTION   NU*FISS       FISSION
       1   0.332495E-07   0.117585E-06  -0.172421E-08  -0.254896E-19
       2  -0.619725E-05   0.611904E-05  -0.248880E-05  -0.326704E-16
   --SCATTERING MATRIX--
     G/G'          1          2
      1      0.00000E+00 -0.98858E-07
      2      0.00000E+00  0.00000E+00
    MATERIAL  9
     GROUP   TRANSPORT   ABSORPTION   NU*FISS       FISSION
       1   0.327201E-07   0.115319E-06  -0.173502E-08  -0.256049E-19
       2  -0.568220E-05   0.594711E-05  -0.242240E-05  -0.317976E-16
   --SCATTERING MATRIX--
     G/G'          1          2
      1      0.00000E+00 -0.96849E-07
      2      0.00000E+00  0.00000E+00
    MATERIAL 10
     GROUP   TRANSPORT   ABSORPTION   NU*FISS       FISSION
       1   0.343859E-07   0.118186E-06  -0.224335E-08  -0.320225E-19
       2  -0.586898E-05   0.608443E-05  -0.277657E-05  -0.364509E-16
   --SCATTERING MATRIX--
     G/G'          1          2
      1      0.00000E+00 -0.99331E-07
      2      0.00000E+00  0.00000E+00
    MATERIAL 11
     GROUP   TRANSPORT   ABSORPTION   NU*FISS       FISSION
       1   0.338559E-07   0.115917E-06  -0.225369E-08  -0.324873E-19
       2  -0.538345E-05   0.591697E-05  -0.270780E-05  -0.355476E-16
   --SCATTERING MATRIX--
     G/G'          1          2
      1      0.00000E+00 -0.97329E-07
      2      0.00000E+00  0.00000E+00

  ...Critical Boron Search card is sucessfully read...


            >>>> READING CONTROL RODS INSERTION <<<<
            --------------------------------------------
  NUMBER OF CONTROL ROD BANK  :  7
  MAX. NUMBER OF STEPS        : 228
  FULLY INSERTED POSITION (cm): 37.7 (FROM BOTTOM OF THE CORE)
  STEP SIZE (cm)              :   1.5942
  CR CUSPING CORRECTION       : NOT ACTIVE
  INITIAL CONTROL ROD BANK POSITION (STEPS) : 
  (0 means fully inserted) 
    Bank  1  Bank  2  Bank  3  Bank  4  Bank  5  Bank  6  Bank  7
    150.0    200.0    150.0    200.0    200.0    200.0    200.0

  CONTROL ROD BANK MAP : 
  1  0  2  0  0  0  3  0  0
  0  4  0  0  0  6  0  0  0
  2  0  5  0  6  0  6  0  0
  0  0  0  4  0  0  0  0  0
  0  0  6  0  7  0  0  0  0
  0  6  0  0  0  0  0  0  0
  3  0  6  0  0  0  0  0  0
  0  0  0  0  0  0  0  0  0
  0  0  0  0  0  0  0  0  0

  MATERIAL CX INCREMENT OR DECREMENT DUE TO CR INSERTION : 
    MATERIAL  1
    GROUP   TRANSPORT  ABSORPTION      NU*FISS      FISSION
       1     0.003732    0.002478    -0.000103    -0.000000
       2    -0.021993    0.025587    -0.002823    -0.000000
   --SCATTERING MATRIX--
     G/G'        1        2
      1      0.000000 -0.003193
      2      0.000000  0.000000
    MATERIAL  2
    GROUP   TRANSPORT  ABSORPTION      NU*FISS      FISSION
       1     0.003732    0.002478    -0.000103    -0.000000
       2    -0.021993    0.025587    -0.002823    -0.000000
   --SCATTERING MATRIX--
     G/G'        1        2
      1      0.000000 -0.003193
      2      0.000000  0.000000
    MATERIAL  3
    GROUP   TRANSPORT  ABSORPTION      NU*FISS      FISSION
       1     0.003732    0.002478    -0.000103    -0.000000
       2    -0.021993    0.025587    -0.002823    -0.000000
   --SCATTERING MATRIX--
     G/G'        1        2
      1      0.000000 -0.003193
      2      0.000000  0.000000
    MATERIAL  4
    GROUP   TRANSPORT  ABSORPTION      NU*FISS      FISSION
       1     0.003732    0.002478    -0.000103    -0.000000
       2    -0.021993    0.025587    -0.002823    -0.000000
   --SCATTERING MATRIX--
     G/G'        1        2
      1      0.000000 -0.003193
      2      0.000000  0.000000
    MATERIAL  5
    GROUP   TRANSPORT  ABSORPTION      NU*FISS      FISSION
       1     0.003732    0.002478    -0.000103    -0.000000
       2    -0.021993    0.025587    -0.002823    -0.000000
   --SCATTERING MATRIX--
     G/G'        1        2
      1      0.000000 -0.003193
      2      0.000000  0.000000
    MATERIAL  6
    GROUP   TRANSPORT  ABSORPTION      NU*FISS      FISSION
       1     0.003741    0.002429    -0.000123    -0.000000
       2    -0.016750    0.025648    -0.003281    -0.000000
   --SCATTERING MATRIX--
     G/G'        1        2
      1      0.000000 -0.003142
      2      0.000000  0.000000
    MATERIAL  7
    GROUP   TRANSPORT  ABSORPTION      NU*FISS      FISSION
       1     0.003732    0.002478    -0.000103    -0.000000
       2    -0.021993    0.025587    -0.002823    -0.000000
   --SCATTERING MATRIX--
     G/G'        1        2
      1      0.000000 -0.003193
      2      0.000000  0.000000
    MATERIAL  8
    GROUP   TRANSPORT  ABSORPTION      NU*FISS      FISSION
       1     0.003732    0.002478    -0.000103    -0.000000
       2    -0.021993    0.025587    -0.002823    -0.000000
   --SCATTERING MATRIX--
     G/G'        1        2
      1      0.000000 -0.003193
      2      0.000000  0.000000
    MATERIAL  9
    GROUP   TRANSPORT  ABSORPTION      NU*FISS      FISSION
       1     0.003732    0.002478    -0.000103    -0.000000
       2    -0.021993    0.025587    -0.002823    -0.000000
   --SCATTERING MATRIX--
     G/G'        1        2
      1      0.000000 -0.003193
      2      0.000000  0.000000
    MATERIAL 10
    GROUP   TRANSPORT  ABSORPTION      NU*FISS      FISSION
       1     0.003732    0.002478    -0.000103    -0.000000
       2    -0.021993    0.025587    -0.002823    -0.000000
   --SCATTERING MATRIX--
     G/G'        1        2
      1      0.000000 -0.003193
      2      0.000000  0.000000
    MATERIAL 11
    GROUP   TRANSPORT  ABSORPTION      NU*FISS      FISSION
       1     0.003732    0.002478    -0.000103    -0.000000
       2    -0.021993    0.025587    -0.002823    -0.000000
   --SCATTERING MATRIX--
     G/G'        1        2
      1      0.000000 -0.003193
      2      0.000000  0.000000

  ...Control Rods Insertion card is sucessfully read...


            >>>>   READING THERMAL-HYDRAULIC DATA   <<<<
            --------------------------------------------
  REACTOR PERCENT POWER (%)                :    100.00000
  REACTOR POWER (Watt)                     :   6.9375E+08
  COOLANT INLET TEMPERATURE (Kelvin)       :   5.5915E+02
  FUEL ASSEMBLY MASS FLOW RATE (Kg/s)      :   8.2121E+01
  FUEL MEAT RADIUS (m)                     :   4.1195E-03
  GAP THICKNESS (m)                        :   6.8000E-05
  CLAD THICKNESS (m)                       :   5.7100E-04
  PIN PITCH(m)                             :   1.2655E-02
  FRACTION OF HEAT DEPOSITED IN COOL.      :   1.9000E-02

  ...Thermal-hydraulic Card is sucessfully read...


            >>>>      READING FUEL TEMPERATURE      <<<<
            --------------------------------------------
  AVERAGE FUEL TEMPERATURE   :891.19  (NOT USED)
  FUEL TEMPERATURE REFERENCE :891.45

  MATERIAL CX CHANGES PER FUEL TEMPERATURE CHANGES : 
    MATERIAL  1
     GROUP   TRANSPORT   ABSORPTION   NU*FISS       FISSION
       1   0.00000E+00  0.00000E+00   0.00000E+00   0.00000E+00
       2   0.00000E+00  0.00000E+00   0.00000E+00   0.00000E+00
   --SCATTERING MATRIX--
     G/G'          1          2
      1      0.00000E+00  0.00000E+00
      2      0.00000E+00  0.00000E+00
    MATERIAL  2
     GROUP   TRANSPORT   ABSORPTION   NU*FISS       FISSION
       1   0.00000E+00  0.00000E+00   0.00000E+00   0.00000E+00
       2   0.00000E+00  0.00000E+00   0.00000E+00   0.00000E+00
   --SCATTERING MATRIX--
     G/G'          1          2
      1      0.00000E+00  0.00000E+00
      2      0.00000E+00  0.00000E+00
    MATERIAL  3
     GROUP   TRANSPORT   ABSORPTION   NU*FISS       FISSION
       1   0.00000E+00  0.00000E+00   0.00000E+00   0.00000E+00
       2   0.00000E+00  0.00000E+00   0.00000E+00   0.00000E+00
   --SCATTERING MATRIX--
     G/G'          1          2
      1      0.00000E+00  0.00000E+00
      2      0.00000E+00  0.00000E+00
    MATERIAL  4
     GROUP   TRANSPORT   ABSORPTION   NU*FISS       FISSION
       1  -0.30920E-04  0.34971E-04   0.64013E-06   0.71541E-17
       2  -0.13729E-03 -0.37181E-04  -0.56304E-04  -0.73919E-15
   --SCATTERING MATRIX--
     G/G'          1          2
      1      0.00000E+00 -0.27554E-04
      2      0.00000E+00  0.00000E+00
    MATERIAL  5
     GROUP   TRANSPORT   ABSORPTION   NU*FISS       FISSION
       1  -0.30861E-04  0.35180E-04   0.99743E-06   0.11868E-16
       2  -0.11748E-03 -0.37704E-04  -0.60415E-04  -0.79317E-15
   --SCATTERING MATRIX--
     G/G'          1          2
      1      0.00000E+00 -0.27677E-04
      2      0.00000E+00  0.00000E+00
    MATERIAL  6
     GROUP   TRANSPORT   ABSORPTION   NU*FISS       FISSION
       1  -0.30917E-04  0.35384E-04   0.14185E-05   0.17427E-16
       2  -0.10134E-03 -0.37756E-04  -0.63096E-04  -0.82836E-15
   --SCATTERING MATRIX--
     G/G'          1          2
      1      0.00000E+00 -0.27839E-04
      2      0.00000E+00  0.00000E+00
    MATERIAL  7
     GROUP   TRANSPORT   ABSORPTION   NU*FISS       FISSION
       1  -0.31375E-04  0.34870E-04   0.94543E-06   0.11868E-16
       2  -0.10827E-03 -0.37275E-04  -0.57966E-04  -0.76085E-15
   --SCATTERING MATRIX--
     G/G'          1          2
      1      0.00000E+00 -0.27355E-04
      2      0.00000E+00  0.00000E+00
    MATERIAL  8
     GROUP   TRANSPORT   ABSORPTION   NU*FISS       FISSION
       1  -0.31550E-04  0.34727E-04   0.92608E-06   0.10893E-16
       2  -0.10552E-03 -0.37181E-04  -0.57111E-04  -0.74957E-15
   --SCATTERING MATRIX--
     G/G'          1          2
      1      0.00000E+00 -0.27238E-04
      2      0.00000E+00  0.00000E+00
    MATERIAL  9
     GROUP   TRANSPORT   ABSORPTION   NU*FISS       FISSION
       1  -0.31728E-04  0.34603E-04   0.90580E-06   0.10617E-16
       2  -0.10252E-03 -0.37020E-04  -0.56154E-04  -0.73697E-15
   --SCATTERING MATRIX--
     G/G'          1          2
      1      0.00000E+00 -0.27117E-04
      2      0.00000E+00  0.00000E+00
    MATERIAL 10
     GROUP   TRANSPORT   ABSORPTION   NU*FISS       FISSION
       1  -0.31419E-04  0.35064E-04   0.13564E-05   0.17427E-16
       2  -0.93889E-04 -0.37140E-04  -0.60505E-04  -0.79425E-15
   --SCATTERING MATRIX--
     G/G'          1          2
      1      0.00000E+00 -0.27505E-04
      2      0.00000E+00  0.00000E+00
    MATERIAL 11
     GROUP   TRANSPORT   ABSORPTION   NU*FISS       FISSION
       1  -0.31591E-04  0.34912E-04   0.13334E-05   0.16277E-16
       2  -0.91713E-04 -0.36991E-04  -0.59628E-04  -0.78272E-15
   --SCATTERING MATRIX--
     G/G'          1          2
      1      0.00000E+00 -0.27383E-04
      2      0.00000E+00  0.00000E+00

  ...Fuel Temperature is card sucessfully read...


            >>>>   READING MODERATOR TEMPERATURE    <<<<
            --------------------------------------------
  AVERAGE MODERATOR TEMPERATURE   :559.19  (NOT USED)
  MODERATOR TEMPERATURE REFERENCE :579.75

  MATERIAL CX CHANGES PER MODERATOR TEMPERATURE CHANGES : 
    MATERIAL  1
     GROUP   TRANSPORT   ABSORPTION   NU*FISS       FISSION
       1   0.00000E+00  0.00000E+00   0.00000E+00   0.00000E+00
       2   0.00000E+00  0.00000E+00   0.00000E+00   0.00000E+00
   --SCATTERING MATRIX--
     G/G'          1          2
      1      0.00000E+00  0.00000E+00
      2      0.00000E+00  0.00000E+00
    MATERIAL  2
     GROUP   TRANSPORT   ABSORPTION   NU*FISS       FISSION
       1   0.00000E+00  0.00000E+00   0.00000E+00   0.00000E+00
       2   0.00000E+00  0.00000E+00   0.00000E+00   0.00000E+00
   --SCATTERING MATRIX--
     G/G'          1          2
      1      0.00000E+00  0.00000E+00
      2      0.00000E+00  0.00000E+00
    MATERIAL  3
     GROUP   TRANSPORT   ABSORPTION   NU*FISS       FISSION
       1   0.00000E+00  0.00000E+00   0.00000E+00   0.00000E+00
       2   0.00000E+00  0.00000E+00   0.00000E+00   0.00000E+00
   --SCATTERING MATRIX--
     G/G'          1          2
      1      0.00000E+00  0.00000E+00
      2      0.00000E+00  0.00000E+00
    MATERIAL  4
     GROUP   TRANSPORT   ABSORPTION   NU*FISS       FISSION
       1  -0.20331E-05  0.21219E-06   0.12471E-06   0.14304E-17
       2  -0.10867E-03 -0.31560E-04  -0.41644E-04  -0.54672E-15
   --SCATTERING MATRIX--
     G/G'          1          2
      1      0.00000E+00  0.80968E-06
      2      0.00000E+00  0.00000E+00
    MATERIAL  5
     GROUP   TRANSPORT   ABSORPTION   NU*FISS       FISSION
       1  -0.19808E-05  0.22600E-06   0.13515E-06   0.15690E-17
       2  -0.90615E-04 -0.32144E-04  -0.45310E-04  -0.59486E-15
   --SCATTERING MATRIX--
     G/G'          1          2
      1      0.00000E+00  0.85847E-06
      2      0.00000E+00  0.00000E+00
    MATERIAL  6
     GROUP   TRANSPORT   ABSORPTION   NU*FISS       FISSION
       1  -0.19243E-05  0.23994E-06   0.14908E-06   0.17542E-17
       2  -0.76279E-04 -0.32378E-04  -0.47847E-04  -0.62817E-15
   --SCATTERING MATRIX--
     G/G'          1          2
      1      0.00000E+00  0.90349E-06
      2      0.00000E+00  0.00000E+00
    MATERIAL  7
     GROUP   TRANSPORT   ABSORPTION   NU*FISS       FISSION
       1  -0.26963E-05  0.24853E-06   0.14077E-06   0.15690E-17
       2  -0.76244E-04 -0.30012E-04  -0.42020E-04  -0.55167E-15
   --SCATTERING MATRIX--
     G/G'          1          2
      1      0.00000E+00  0.70131E-06
      2      0.00000E+00  0.00000E+00
    MATERIAL  8
     GROUP   TRANSPORT   ABSORPTION   NU*FISS       FISSION
       1  -0.30791E-05  0.26185E-06   0.14323E-06   0.16790E-17
       2  -0.73340E-04 -0.29193E-04  -0.40770E-04  -0.53526E-15
   --SCATTERING MATRIX--
     G/G'          1          2
      1      0.00000E+00  0.61738E-06
      2      0.00000E+00  0.00000E+00
    MATERIAL  9
     GROUP   TRANSPORT   ABSORPTION   NU*FISS       FISSION
       1  -0.35388E-05  0.27431E-06   0.14602E-06   0.17167E-17
       2  -0.71371E-04 -0.28304E-04  -0.39432E-04  -0.51769E-15
   --SCATTERING MATRIX--
     G/G'          1          2
      1      0.00000E+00  0.51655E-06
      2      0.00000E+00  0.00000E+00
    MATERIAL 10
     GROUP   TRANSPORT   ABSORPTION   NU*FISS       FISSION
       1  -0.26391E-05  0.26429E-06   0.15586E-06   0.17542E-17
       2  -0.63955E-04 -0.30351E-04  -0.44443E-04  -0.58348E-15
   --SCATTERING MATRIX--
     G/G'          1          2
      1      0.00000E+00  0.74432E-06
      2      0.00000E+00  0.00000E+00
    MATERIAL 11
     GROUP   TRANSPORT   ABSORPTION   NU*FISS       FISSION
       1  -0.30215E-05  0.27906E-06   0.15881E-06   0.18853E-17
       2  -0.61698E-04 -0.29563E-04  -0.43159E-04  -0.56662E-15
   --SCATTERING MATRIX--
     G/G'          1          2
      1      0.00000E+00  0.65952E-06
      2      0.00000E+00  0.00000E+00

  ...Moderator Temperature Card is sucessfully read...


            >>>>       READING COOLANT DENSITY      <<<<
            --------------------------------------------
  AVERAGE COOLANT DENSITY   :  0.7464  (USED AS GUESS)
  COOLANT DENSITY REFERENCE :  0.7125

  MATERIAL CX CHANGES PER COOLANT DENSITY CHANGES : 
    MATERIAL  1
     GROUP   TRANSPORT   ABSORPTION   NU*FISS       FISSION
       1   0.74576E-01  0.20769E-03   0.00000E+00   0.00000E+00
       2   0.53363E+00  0.75842E-02   0.00000E+00   0.00000E+00
   --SCATTERING MATRIX--
     G/G'          1          2
      1      0.00000E+00  0.37131E-01
      2      0.00000E+00  0.00000E+00
    MATERIAL  2
     GROUP   TRANSPORT   ABSORPTION   NU*FISS       FISSION
       1   0.00000E+00  0.00000E+00   0.00000E+00   0.00000E+00
       2   0.00000E+00  0.00000E+00   0.00000E+00   0.00000E+00
   --SCATTERING MATRIX--
     G/G'          1          2
      1      0.00000E+00  0.00000E+00
      2      0.00000E+00  0.00000E+00
    MATERIAL  3
     GROUP   TRANSPORT   ABSORPTION   NU*FISS       FISSION
       1   0.00000E+00  0.00000E+00   0.00000E+00   0.00000E+00
       2   0.00000E+00  0.00000E+00   0.00000E+00   0.00000E+00
   --SCATTERING MATRIX--
     G/G'          1          2
      1      0.00000E+00  0.00000E+00
      2      0.00000E+00  0.00000E+00
    MATERIAL  4
     GROUP   TRANSPORT   ABSORPTION   NU*FISS       FISSION
       1   0.13567E+00  0.15519E-02   0.92069E-03   0.10239E-13
       2   0.99263E+00  0.25266E-01   0.24775E-01   0.32526E-12
   --SCATTERING MATRIX--
     G/G'          1          2
      1      0.00000E+00  0.29319E-01
      2      0.00000E+00  0.00000E+00
    MATERIAL  5
     GROUP   TRANSPORT   ABSORPTION   NU*FISS       FISSION
       1   0.13575E+00  0.16149E-02   0.96416E-03   0.10814E-13
       2   0.98198E+00  0.28667E-01   0.31499E-01   0.41354E-12
   --SCATTERING MATRIX--
     G/G'          1          2
      1      0.00000E+00  0.29270E-01
      2      0.00000E+00  0.00000E+00
    MATERIAL  6
     GROUP   TRANSPORT   ABSORPTION   NU*FISS       FISSION
       1   0.13583E+00  0.16802E-02   0.10141E-02   0.11477E-13
       2   0.97227E+00  0.31957E-01   0.38110E-01   0.50033E-12
   --SCATTERING MATRIX--
     G/G'          1          2
      1      0.00000E+00  0.29215E-01
      2      0.00000E+00  0.00000E+00
    MATERIAL  7
     GROUP   TRANSPORT   ABSORPTION   NU*FISS       FISSION
       1   0.13103E+00  0.16840E-02   0.98195E-03   0.10814E-13
       2   0.93470E+00  0.31424E-01   0.35159E-01   0.46172E-12
   --SCATTERING MATRIX--
     G/G'          1          2
      1      0.00000E+00  0.28249E-01
      2      0.00000E+00  0.00000E+00
    MATERIAL  8
     GROUP   TRANSPORT   ABSORPTION   NU*FISS       FISSION
       1   0.12938E+00  0.17197E-02   0.98844E-03   0.11132E-13
       2   0.91817E+00  0.32472E-01   0.36325E-01   0.47708E-12
   --SCATTERING MATRIX--
     G/G'          1          2
      1      0.00000E+00  0.27890E-01
      2      0.00000E+00  0.00000E+00
    MATERIAL  9
     GROUP   TRANSPORT   ABSORPTION   NU*FISS       FISSION
       1   0.12768E+00  0.17499E-02   0.99518E-03   0.11221E-13
       2   0.90129E+00  0.33594E-01   0.37450E-01   0.49190E-12
   --SCATTERING MATRIX--
     G/G'          1          2
      1      0.00000E+00  0.27520E-01
      2      0.00000E+00  0.00000E+00
    MATERIAL 10
     GROUP   TRANSPORT   ABSORPTION   NU*FISS       FISSION
       1   0.13112E+00  0.17553E-02   0.10352E-02   0.11477E-13
       2   0.92492E+00  0.34985E-01   0.42069E-01   0.58348E-12
   --SCATTERING MATRIX--
     G/G'          1          2
      1      0.00000E+00  0.28188E-01
      2      0.00000E+00  0.00000E+00
    MATERIAL 11
     GROUP   TRANSPORT   ABSORPTION   NU*FISS       FISSION
       1   0.12946E+00  0.17950E-02   0.10429E-02   0.11853E-13
       2   0.90846E+00  0.36103E-01   0.43321E-01   0.56886E-12
   --SCATTERING MATRIX--
     G/G'          1          2
      1      0.00000E+00  0.27826E-01
      2      0.00000E+00  0.00000E+00

  ...Coolant Density Card is sucessfully read...


  ================================================================================================
                        CRITICAL BORON CONCENTRATION SEARCH
  ================================================================================================

   Itr  Boron Concentration          K-EFF    FLUX REL. ERROR   FISS. SOURCE REL. ERROR    DOPPLER ERROR
  ------------------------------------------------------------------------------------------------------
    1     0.928252    6.56213E+01    3.47675E+02
    2     1.013231    1.00000E+00    6.68818E+01
    3     0.988335    1.00000E+00    3.07946E+00
    4     0.985201    1.00000E+00    1.00000E+00
    5     0.995417    2.93226E+02    3.63501E-01
    6     1.001645    2.28474E+00    7.93458E+00
    7     1.000233    2.25900E-01    1.29262E+00
    8     1.000405    1.53542E-01    1.86011E-01
    9     1.000800    1.16604E-01    1.20692E-01
   10     1.007120    8.10559E+02    1.00089E-01
   11     1.007254    8.83085E+01    2.67593E+02
   12     1.006856    1.00000E+00    8.47944E+00
   13     1.006861    6.72357E-01    7.94647E-01
   14     1.006888    2.75625E-01    2.95371E-01
   15     1.007079    2.65902E+00    2.04898E-01
   16     1.007014    5.81774E-01    6.93468E-01
   17     1.006999    1.56974E-01    3.99706E-01
   18     1.007027    7.33949E-02    7.87033E-02
   19     1.007070    5.62830E-02    5.88062E-02
   20     1.008082    1.37604E+01    4.93015E-02
    1     1.009288    3.45584E-02    4.83800E-02
    2     1.008804    3.45629E-02    4.16245E-02
    3     1.008747    3.19717E-02    3.43801E-02
    4     1.008740    2.97013E-02    3.14009E-02
    5     1.008729    5.91396E+00    2.88542E-02
    6     1.008789    5.52924E-01    2.39853E+00
    7     1.008816    1.46876E-01    8.04704E-01
    8     1.008835    1.15107E-01    1.32621E-01
    9     1.008848    9.26929E-02    1.09290E-01
   10     1.008959    5.11717E-01    8.47176E-02
   11     1.008900    1.06870E-01    4.32960E-01
   12     1.008926    3.30592E-02    2.09743E-01
   13     1.008921    2.78103E-02    3.03466E-02
   14     1.008919    2.48152E-02    2.76952E-02
   15     1.008894    1.36835E+00    2.38114E-02
   16     1.008929    2.43232E-01    8.39473E-01
   17     1.008941    6.81362E-02    3.10282E-01
   18     1.008951    5.76074E-02    6.63065E-02
   19     1.008957    4.61452E-02    5.38588E-02
   20     1.009004    3.14054E-01    4.20227E-02
    1     0.998052    4.19073E-02    1.36594E-01
    2     1.000113    3.35042E-02    5.69906E-02
    3     1.000323    2.03068E-02    3.08720E-02
    4     1.000336    1.32710E-02    1.75713E-02
    5     1.000807    6.54518E+02    1.16293E-02
    6     1.003195    1.53632E+00    9.20379E+00
    7     1.001936    3.01559E-01    1.24542E+00
    8     1.001978    2.29213E-01    2.79241E-01
    9     1.002096    2.07870E-01    2.18779E-01
   10     1.002739    2.25888E+02    2.00940E-01
   11     1.002518    2.88829E+00    2.06446E+01
   12     1.002517    3.04168E-01    3.56382E+00
   13     1.002481    2.40426E-01    3.05085E-01
   14     1.002453    1.68997E-01    2.11182E-01
   15     1.002081    7.04000E-01    1.46111E-01
   16     1.002083    2.03996E-01    6.14304E-01
   17     1.002161    2.45427E-02    3.27236E-01
   18     1.002175    2.04130E-02    2.41333E-02
   19     1.002177    1.43145E-02    1.61416E-02
   20     1.002145    2.11084E-01    1.19089E-02
    1     1.000750    1.26476E-02    1.88092E-02
    2     1.000791    1.07885E-02    1.08832E-02
    3     1.000784    9.96909E-03    1.00169E-02
    4     1.000772    9.50425E-03    9.53409E-03
    5     0.999908    4.35504E-01    9.19975E-03
    6     0.999231    7.17472E-02    4.20483E-01
    7     1.000020    6.69702E-02    2.40553E-01
    8     1.000147    5.32153E-02    7.96897E-02
    9     1.000192    4.20893E-02    4.85759E-02
   10     1.000495    2.48547E-01    3.75775E-02
   11     1.000472    6.02810E-02    1.86924E-01
   12     1.000413    1.10447E-02    8.07760E-02
   13     1.000401    8.43901E-03    1.23848E-02
   14     1.000395    5.94459E-03    7.19157E-03
   15     1.000324    8.37860E-02    5.65765E-03
   16     1.000336    2.50494E-02    6.61084E-02
   17     1.000362    9.39679E-03    3.80330E-02
   18     1.000370    7.47047E-03    8.77768E-03
   19     1.000374    5.84729E-03    6.82414E-03
   20     1.000404    4.98002E-02    5.29839E-03
    1     0.997508    8.08189E-03    1.15989E-02
    2     0.998045    4.78422E-03    4.99114E-03
    3     0.998093    3.80388E-03    4.31720E-03
    4     0.998086    3.27548E-03    3.57329E-03
    5     0.997631    1.45804E-01    3.11028E-03
    6     0.997773    2.68383E-02    1.19719E-01
    7     0.997780    7.31801E-03    5.30812E-02
    8     0.997791    5.66849E-03    1.00883E-02
    9     0.997801    4.88502E-03    5.41787E-03
   10     0.997945    7.63852E-02    4.66216E-03
   11     0.997939    1.10658E-02    6.53731E-02
   12     0.997917    8.04646E-03    3.10731E-02
   13     0.997911    5.79492E-03    8.79914E-03
   14     0.997909    4.45726E-03    5.20150E-03
   15     0.997903    6.21859E-02    3.93560E-03
   16     0.997963    1.62595E-02    4.45606E-02
   17     0.997925    3.14167E-03    2.24092E-02
   18     0.997926    2.34706E-03    3.44000E-03
   19     0.997930    1.98841E-03    2.17071E-03
   20     0.997985    3.09812E-02    1.86621E-03
    1     0.999245    5.25316E-03    1.38150E-02
    2     0.999003    3.99707E-03    4.04249E-03
    3     0.998987    3.46857E-03    3.48541E-03
    4     0.998995    3.32675E-03    3.33218E-03
    5     0.999278    1.11866E-01    3.26658E-03
    6     0.999279    1.49905E-02    1.02005E-01
    7     0.999223    9.55877E-03    5.39398E-02
    8     0.999214    6.75040E-03    1.43636E-02
    9     0.999210    5.13005E-03    6.56212E-03
   10     0.999192    3.76938E-02    4.40692E-03
   11     0.999204    1.11219E-02    2.43731E-02
   12     0.999199    2.56892E-03    1.06053E-02
   13     0.999200    1.77935E-03    2.23746E-03
   14     0.999202    1.17487E-03    1.42298E-03
   15     0.999230    2.44897E-02    9.37893E-04
   16     0.999209    9.71645E-03    1.54203E-02
   17     0.999216    2.80310E-03    5.97386E-03
   18     0.999215    1.96314E-03    2.40566E-03
   19     0.999213    1.36715E-03    1.62607E-03
   20     0.999204    7.65343E-03    1.13552E-03
    1     0.998736    2.01176E-03    5.78447E-03
    2     0.998811    1.65151E-03    1.71633E-03
    3     0.998816    1.50326E-03    1.50570E-03
    4     0.998813    1.44843E-03    1.45231E-03
    5     0.998693    4.94263E-02    1.40331E-03
    6     0.998677    6.58419E-03    4.31701E-02
    7     0.998713    5.56046E-03    1.98754E-02
    8     0.998719    4.36033E-03    7.19228E-03
    9     0.998721    3.45281E-03    4.12727E-03
   10     0.998731    2.34135E-02    3.11081E-03
   11     0.998726    5.29788E-03    1.68301E-02
   12     0.998728    5.60118E-04    7.90759E-03
   13     0.998727    3.63861E-04    6.09166E-04
   14     0.998727    3.08021E-04    3.11193E-04
   15     0.998721    6.50876E-03    2.78842E-04
   16     0.998722    1.44468E-03    5.46982E-03
   17     0.998724    9.18287E-04    3.00120E-03
   18     0.998725    6.84009E-04    9.05973E-04
   19     0.998725    5.31001E-04    6.13277E-04
   20     0.998729    4.25081E-03    4.75295E-04
    1     0.998806    1.31209E-03    3.89203E-03
    2     0.998797    7.37545E-04    8.29171E-04
    3     0.998797    6.29347E-04    6.34985E-04
    4     0.998797    6.05927E-04    6.07006E-04
    5     0.998819    1.76675E-02    5.90487E-04
    6     0.998829    2.25639E-03    1.54931E-02
    7     0.998817    1.68338E-03    7.85268E-03
    8     0.998816    1.25824E-03    2.38067E-03
    9     0.998816    9.63086E-04    1.20357E-03
   10     0.998817    1.50896E-02    8.40869E-04
   11     0.998820    4.99099E-03    1.02185E-02
   12     0.998819    1.23036E-03    4.46843E-03
   13     0.998819    8.42828E-04    1.04450E-03
   14     0.998819    5.63960E-04    6.91638E-04
   15     0.998823    7.31992E-03    4.68941E-04
   16     0.998824    2.64367E-03    4.75584E-03
   17     0.998822    9.40472E-04    2.23740E-03
   18     0.998821    7.56240E-04    8.54866E-04
   19     0.998821    6.04148E-04    6.91545E-04
   20     0.998821    8.03514E-03    5.52048E-04
    1     0.998845    9.48190E-04    3.09017E-03
    2     0.998838    5.70567E-04    1.01129E-03
    3     0.998837    5.41734E-04    5.44001E-04
    4     0.998838    5.11333E-04    5.13351E-04
    5     0.998843    2.34614E-02    4.85888E-04
    6     0.998837    3.66083E-03    2.03887E-02
    7     0.998841    2.33869E-03    9.97903E-03
    8     0.998841    1.83362E-03    2.96272E-03
    9     0.998841    1.45696E-03    1.69731E-03
   10     0.998840    1.24767E-02    1.32694E-03
   11     0.998840    3.27135E-03    8.78052E-03
   12     0.998840    1.18184E-03    3.60917E-03
   13     0.998840    8.89683E-04    1.03510E-03
   14     0.998840    6.80563E-04    7.74691E-04
   15     0.998839    8.58446E-03    6.03448E-04
   16     0.998838    2.20647E-03    6.28486E-03
   17     0.998839    3.87992E-04    2.96536E-03
   18     0.998839    3.57772E-04    3.83488E-04
   19     0.998839    2.84516E-04    3.19780E-04
   20     0.998838    2.75306E-03    2.57536E-04
    1     0.998814    3.08357E-04    4.45232E-04
    2     0.998818    2.14344E-04    2.14792E-04
    3     0.998819    1.83570E-04    1.85601E-04
    4     0.998819    1.58817E-04    1.67733E-04
    5     0.998812    5.71329E-03    1.49539E-04
    6     0.998813    1.27272E-03    4.53189E-03
    7     0.998813    3.68801E-04    2.18972E-03
    8     0.998813    3.28150E-04    3.45606E-04
    9     0.998814    2.81802E-04    2.94166E-04
   10     0.998814    2.24169E-03    2.50654E-04
   11     0.998814    2.87811E-04    1.82706E-03
   12     0.998814    1.65565E-04    8.21072E-04
   13     0.998814    1.20180E-04    1.95602E-04
   14     0.998814    9.34505E-05    9.96687E-05
   15     0.998814    1.47613E-03    7.70532E-05
   16     0.998815    3.98005E-04    1.05164E-03
   17     0.998815    9.67134E-05    5.16365E-04
   18     0.998815    6.18248E-05    9.42114E-05
   19     0.998815    4.54341E-05    5.31003E-05
   20     0.998815    4.95425E-04    4.14002E-05
    1     0.998825    4.33955E-04    1.23644E-03
    2     0.998823    2.35821E-04    3.05858E-04
    3     0.998823    2.03056E-04    2.05040E-04
    4     0.998823    1.93003E-04    1.93293E-04
    5     0.998827    8.55748E-03    1.88420E-04
    6     0.998827    1.17482E-03    7.63102E-03
    7     0.998826    7.42066E-04    3.89647E-03
    8     0.998826    5.30166E-04    1.09881E-03
    9     0.998826    3.81244E-04    5.02380E-04
   10     0.998825    3.46748E-03    3.18967E-04
   11     0.998825    1.34332E-03    2.08162E-03
   12     0.998825    4.88766E-04    7.08143E-04
   13     0.998825    3.52213E-04    4.16843E-04
   14     0.998825    2.60193E-04    3.00909E-04
   15     0.998825    2.80118E-03    2.27158E-04
   16     0.998825    7.51653E-04    1.99089E-03
   17     0.998825    1.41008E-04    8.79188E-04
   18     0.998825    1.04922E-04    1.25283E-04
   19     0.998825    7.45390E-05    9.04903E-05
   20     0.998825    5.84552E-04    6.46599E-05
    1     0.998822    1.06442E-04    2.50655E-04
    2     0.998822    8.34163E-05    9.25963E-05
    3     0.998822    7.85673E-05    7.88589E-05
    4     0.998822    7.45656E-05    7.48284E-05
    5     0.998821    3.64739E-03    7.12957E-05
    6     0.998820    5.51493E-04    3.06674E-03
    7     0.998821    3.35767E-04    1.26180E-03
    8     0.998821    2.67783E-04    4.13166E-04
    9     0.998821    2.19648E-04    2.50344E-04
   10     0.998821    1.64225E-03    1.99452E-04
   11     0.998821    3.87734E-04    1.16321E-03
   12     0.998821    8.34578E-05    4.94826E-04
   13     0.998821    6.74000E-05    7.59893E-05
   14     0.998821    5.32935E-05    6.08692E-05
   15     0.998821    8.48098E-04    4.85601E-05
   16     0.998821    2.04594E-04    6.41772E-04
   17     0.998821    4.00832E-05    3.00178E-04
   18     0.998821    3.68173E-05    3.92979E-05
   19     0.998821    2.77723E-05    3.10908E-05
   20     0.998821    1.60730E-04    2.38432E-05
    1     0.998821    1.42197E-04    3.95988E-04
    2     0.998821    6.86023E-05    9.34620E-05
    3     0.998821    5.73738E-05    5.80716E-05
    4     0.998821    5.27229E-05    5.30224E-05
    5     0.998822    1.90899E-03    5.04968E-05
    6     0.998822    2.40060E-04    1.74057E-03
    7     0.998822    1.53776E-04    8.83720E-04
    8     0.998822    1.06477E-04    2.33736E-04
    9     0.998822    7.49902E-05    1.01307E-04
   10     0.998822    7.68156E-04    6.19553E-05
   11     0.998822    3.27300E-04    4.32504E-04
   12     0.998822    1.24530E-04    1.45800E-04
   13     0.998822    8.76842E-05    1.03608E-04
   14     0.998822    6.24607E-05    7.30145E-05
   15     0.998822    5.29861E-04    5.31869E-05
   16     0.998822    1.44872E-04    3.67938E-04
   17     0.998822    2.86573E-05    1.63435E-04
   18     0.998822    2.08443E-05    2.50250E-05
   19     0.998822    1.50062E-05    1.79502E-05
   20     0.998822    2.01701E-04    1.29664E-05
    1     0.998822    7.19663E-05    2.22091E-04
    2     0.998822    4.28385E-05    5.89287E-05
    3     0.998822    4.03129E-05    4.04720E-05
    4     0.998822    3.81039E-05    3.82354E-05
    5     0.998822    1.83972E-03    3.64789E-05
    6     0.998822    2.84370E-04    1.59300E-03
    7     0.998822    1.64162E-04    7.16609E-04
    8     0.998822    1.22081E-04    2.26050E-04
    9     0.998822    9.02332E-05    1.14283E-04
   10     0.998822    8.15849E-04    7.89073E-05
   11     0.998822    2.71005E-04    5.31519E-04
   12     0.998822    9.20510E-05    1.93863E-04
   13     0.998822    6.90548E-05    8.03520E-05
   14     0.998822    5.31894E-05    6.07410E-05
   15     0.998822    6.74519E-04    4.73944E-05
   16     0.998822    1.71212E-04    4.94075E-04
   17     0.998822    3.11047E-05    2.23585E-04
   18     0.998822    2.47201E-05    2.81817E-05
   19     0.998822    1.85835E-05    2.22435E-05
   20     0.998822    1.24360E-04    1.72863E-05
    1     0.998822    3.09958E-05    6.67153E-05
    2     0.998822    1.63784E-05    1.66763E-05
    3     0.998822    1.35352E-05    1.36508E-05
    4     0.998822    1.19242E-05    1.20465E-05
    5     0.998822    2.74002E-04    1.10277E-05
    6     0.998822    5.16701E-05    2.21647E-04
    7     0.998822    1.15134E-05    1.09635E-04
    8     0.998822    9.67333E-06    1.53966E-05
    9     0.998822    8.07891E-06    8.25479E-06
    1     0.998822    3.78991E-05    1.00134E-04
    2     0.998822    2.11826E-05    2.32340E-05
    3     0.998822    1.84554E-05    1.86237E-05
    4     0.998822    1.73594E-05    1.74241E-05
    5     0.998822    7.61558E-04    1.69119E-05
    6     0.998822    1.05397E-04    6.88127E-04
    7     0.998822    6.06347E-05    3.47938E-04
    8     0.998822    4.20093E-05    9.14757E-05
    9     0.998822    2.92549E-05    3.95806E-05
   10     0.998822    3.48263E-04    2.37835E-05
   11     0.998822    1.58257E-04    1.92307E-04
   12     0.998822    6.26612E-05    7.33465E-05
   13     0.998822    4.35740E-05    5.27869E-05
   14     0.998822    3.13330E-05    3.66539E-05
   15     0.998822    2.10077E-04    2.67730E-05
   16     0.998822    5.26431E-05    1.44776E-04
   17     0.998822    8.74456E-06    6.24024E-05
   18     0.998822    6.11373E-06    7.59336E-06
    1     0.998822    5.63572E-06    7.76894E-06
    1     0.998822    1.48552E-05    3.94082E-05
    2     0.998822    1.03813E-05    1.14757E-05
    3     0.998822    9.81363E-06    9.84832E-06
    1        1200.20                0.99882     9.81363E-06          9.84832E-06           8.07812E-03
    1     0.998955    2.17306E-04    7.79302E-04
    2     0.998959    4.94062E-05    1.02458E-04
    3     0.998960    2.47919E-05    3.65073E-05
    4     0.998960    1.79476E-05    1.97394E-05
    5     0.998960    2.16475E-04    1.70153E-05
    6     0.998960    4.37643E-05    1.97559E-04
    7     0.998960    2.54387E-05    1.11679E-04
    8     0.998960    1.87210E-05    3.27183E-05
    9     0.998960    1.43243E-05    1.65906E-05
   10     0.998960    1.88186E-04    1.25766E-05
   11     0.998960    5.49258E-05    1.31003E-04
   12     0.998960    1.30214E-05    5.36628E-05
   13     0.998960    9.37091E-06    1.50777E-05
   14     0.998960    7.03393E-06    8.21549E-06
    1     0.998960    5.31274E-06    6.93665E-06
    1     0.998960    9.68552E-06    2.59433E-05
    2     0.998960    5.43310E-06    8.68090E-06
    2        1198.79                0.99896     5.43310E-06          8.68090E-06           3.17503E-03
    1     0.999959    1.63232E-03    5.84411E-03
    2     0.999992    3.71750E-04    7.72759E-04
    3     0.999995    1.86384E-04    2.75099E-04
    4     0.999995    1.17562E-04    1.48408E-04
    5     0.999999    8.68833E-04    9.78824E-05
    6     0.999997    2.38741E-04    7.47551E-04
    7     0.999999    1.01954E-04    4.18796E-04
    8     1.000000    6.99560E-05    1.20476E-04
    9     1.000000    5.47891E-05    6.01745E-05
   10     1.000001    8.67534E-04    4.91663E-05
   11     1.000000    2.20987E-04    6.65071E-04
   12     1.000000    7.13358E-05    2.38719E-04
   13     1.000000    4.87048E-05    6.10569E-05
   14     1.000000    3.34586E-05    4.08659E-05
   15     1.000001    2.74002E-04    2.81667E-05
   16     1.000000    7.68403E-05    1.85892E-04
   17     1.000001    2.40355E-05    8.32073E-05
   18     1.000001    2.03551E-05    2.05470E-05
   19     1.000001    1.78819E-05    1.80428E-05
   20     1.000000    3.71944E-04    1.61618E-05
    1     1.000000    1.42866E-05    1.60224E-05
    2     1.000000    1.33954E-05    1.34886E-05
    3     1.000000    1.22172E-05    1.22889E-05
    4     1.000000    1.12640E-05    1.13243E-05
    5     1.000000    1.80012E-04    1.05175E-05
    6     1.000000    3.64902E-05    1.46308E-04
    7     1.000000    1.48313E-05    8.47114E-05
    8     1.000000    1.14282E-05    2.13323E-05
    9     1.000000    9.86953E-06    1.11845E-05
   10     1.000000    1.18800E-04    9.13331E-06
   11     1.000000    2.47842E-05    9.16824E-05
   12     1.000000    6.87904E-06    4.70132E-05
   13     1.000000    5.00715E-06    8.33689E-06
    1     1.000001    5.05683E-05    1.47802E-04
    2     1.000001    3.17790E-05    3.23322E-05
    3     1.000001    2.62450E-05    2.66091E-05
    4     1.000001    2.35571E-05    2.36574E-05
    5     1.000000    3.83625E-04    2.22795E-05
    6     1.000001    5.14994E-05    3.42099E-04
    7     1.000000    5.01141E-05    1.87984E-04
    8     1.000000    3.90482E-05    4.26679E-05
    9     1.000000    2.94893E-05    2.99094E-05
   10     1.000000    2.11632E-04    2.25295E-05
   11     1.000000    5.69231E-05    1.38443E-04
   12     1.000000    1.11960E-05    2.16046E-05
   13     1.000000    6.92635E-06    9.48302E-06
    1     1.000001    5.85407E-06    1.86791E-05
    2     1.000001    4.08428E-06    4.21823E-06
    1     1.000001    1.24000E-05    4.35427E-05
    2     1.000001    8.05608E-06    8.20471E-06
    3        1188.17                1.00000     8.05608E-06          8.20471E-06           4.35505E-03


     Radial Power Distribution
   ==============================
           1       2       3       4       5       6       7       8       9
     9   1.013   1.027   1.121   1.081   1.155   1.157   0.977   0.812   0.000
     8   1.027   1.105   1.130   1.147   1.126   1.098   0.999   0.631   0.000
     7   1.121   1.130   1.153   1.124   1.094   0.995   0.925   0.000   0.000
     6   1.081   1.147   1.124   1.091   0.993   0.954   0.640   0.000   0.000
     5   1.155   1.126   1.094   0.993   0.878   0.692   0.000   0.000   0.000
     4   1.157   1.098   0.995   0.954   0.692   0.000   0.000   0.000   0.000
     3   0.977   0.999   0.925   0.640   0.000   0.000   0.000   0.000   0.000
     2   0.812   0.631   0.000   0.000   0.000   0.000   0.000   0.000   0.000
     1   0.000   0.000   0.000   0.000   0.000   0.000   0.000   0.000   0.000

   MAX POS.       Maximum Value
  (  4,  1)          1.157


     Axial Power Density Distribution
   ====================================

     Plane Number        Power      Height
    -----------------------------------------
        18  (Top)        0.000      427.30
        17               0.021      397.30
        16               0.043      389.30
        15               0.085      376.50
        14               0.213      363.70
        13               0.473      333.70
        12               0.780      303.70
        11               1.142      273.70
        10               1.485      243.70
         9               1.785      213.70
         8               2.017      183.70
         7               2.127      153.70
         6               2.032      123.70
         5               1.624       93.70
         4               1.081       63.70
         3               0.675       48.70
         2               0.417       37.70
         1  (Bottom)     0.000       30.00

   MAX POS.       Maximum Value
    (  7)             2.127

     Radial Flux Distribution
   ==============================
    Group :   1
             1          2          3          4          5          6          7          8          9
     9   2.189E-02  2.245E-02  2.375E-02  2.370E-02  2.444E-02  2.392E-02  2.098E-02  1.437E-02  2.022E-03 
     8   2.245E-02  2.339E-02  2.404E-02  2.429E-02  2.396E-02  2.324E-02  1.999E-02  1.136E-02  1.490E-03 
     7   2.375E-02  2.404E-02  2.442E-02  2.390E-02  2.310E-02  2.143E-02  1.683E-02  3.974E-03  3.544E-04 
     6   2.370E-02  2.429E-02  2.390E-02  2.300E-02  2.119E-02  1.881E-02  1.149E-02  1.637E-03  0.000E+00 
     5   2.444E-02  2.396E-02  2.310E-02  2.119E-02  1.820E-02  1.234E-02  3.127E-03  3.382E-04  0.000E+00 
     4   2.392E-02  2.324E-02  2.143E-02  1.881E-02  1.234E-02  3.214E-03  4.119E-04  0.000E+00  0.000E+00 
     3   2.098E-02  1.999E-02  1.683E-02  1.149E-02  3.127E-03  4.119E-04  0.000E+00  0.000E+00  0.000E+00 
     2   1.437E-02  1.136E-02  3.974E-03  1.637E-03  3.382E-04  0.000E+00  0.000E+00  0.000E+00  0.000E+00 
     1   2.022E-03  1.490E-03  3.544E-04  0.000E+00  0.000E+00  0.000E+00  0.000E+00  0.000E+00  0.000E+00 

    Group :   2
             1          2          3          4          5          6          7          8          9
     9   2.435E-02  2.069E-02  2.700E-02  2.184E-02  2.793E-02  2.341E-02  2.348E-02  1.410E-02  8.941E-04 
     8   2.069E-02  2.662E-02  2.281E-02  2.771E-02  2.276E-02  2.646E-02  1.733E-02  1.088E-02  6.589E-04 
     7   2.700E-02  2.281E-02  2.780E-02  2.270E-02  2.635E-02  1.996E-02  1.598E-02  1.577E-03  1.422E-04 
     6   2.184E-02  2.771E-02  2.270E-02  2.627E-02  1.994E-02  1.646E-02  1.102E-02  7.194E-04  0.000E+00 
     5   2.793E-02  2.276E-02  2.635E-02  1.994E-02  2.104E-02  1.195E-02  1.247E-03  1.356E-04  0.000E+00 
     4   2.341E-02  2.646E-02  1.996E-02  1.646E-02  1.195E-02  1.286E-03  1.646E-04  0.000E+00  0.000E+00 
     3   2.348E-02  1.733E-02  1.598E-02  1.102E-02  1.247E-03  1.646E-04  0.000E+00  0.000E+00  0.000E+00 
     2   1.410E-02  1.088E-02  1.577E-03  7.194E-04  1.356E-04  0.000E+00  0.000E+00  0.000E+00  0.000E+00 
     1   8.941E-04  6.589E-04  1.422E-04  0.000E+00  0.000E+00  0.000E+00  0.000E+00  0.000E+00  0.000E+00 


   HEAT FLUX HOT CHANNEL FACTOR :  2.139

  AVERAGE DOPPLER TEMPERATURE     :   810.6 K (  537.4 C)
  MAX FUEL CENTERLINE TEMPERATURE :  1851.8 K ( 1578.7 C)
  AVERAGE MODERATOR TEMPERATURE   :   575.6 K (  302.5 C)
  MAXIMUM MODERATOR TEMPERATURE   :   603.5 K (  330.4 C)
