           0         100
        360.00     0.000
        330.00     0.224
        315.00     0.435
        300.00     0.646
        285.00     0.842
        270.00     1.019
        255.00     1.173
        240.00     1.300
        225.00     1.399
        210.00     1.465
        195.00     1.499
        180.00     1.499
        165.00     1.465
        150.00     1.398
        135.00     1.300
        120.00     1.172
        105.00     1.018
         90.00     0.841
         75.00     0.645
         60.00     0.434
         45.00     0.223
         30.00     0.000
