                                                                                
      /\               /\                                                       
     //\\             //\\                                                      
    //**\\           //**\\                                                     
   //****\\         //****\\                                                    
  //******\\       //******\\   ____                   _   _           _        
  ---------   /*\   ---------  / __ \                 | \ | |         | |       
             (***)            | |  | |_ __   ___ _ __ |  \| | ___   __| | ___   
              \*/             | |  | | "_ \ / _ \ "_ \| . ` |/ _"\ / _" |/ _ \  
                              | |__| | |_) |  __/ | | | |\  | |_) | (_| |  __/  
              //\\             \____/| .__/ \___)_| |_|_| \_|\___/ \___/ \___|  
             //**\\                  | |                                        
            //****\\                 |_|                                        
           //******\\                                                           
           ----------                                                           
                                                                                
 ____________________________________________________________
          | The OpenNode, Nodal Methods for Neutron Diffusion
 Version  | Version Number: 1.1                              
 Copyright| 2021 Radiation & Nuclear System Laboratory       
          | University Abdelmalk Essaadi                     
          | Faculty of Sciences, Tetouan, Morocco            
 Source   | FORTRAN90 version                                
 GUI      | PyQt5                                            
 Method   | The Nodal Expansion Method (NEM)                 
 Dimension| Three Dimensions (3D)                            
 Geometry | Cartesian                                        
 ____________________________________________________________
                        =====================
   Calculation Mode :    Forward Calculation 
   ----------------     =====================

            --------------------------------------------
            >>>> Writing Macroscopic Cross Sections <<<<
            --------------------------------------------
     Material  1
    Group   Transport    Diffusion  Absorption    Removal      Nu*Fiss      Kap*Fis    Fiss. Spctr
       1     0.265604    1.255001    0.008252    0.033582     0.004602     0.001890     1.000000
       2     1.579770    0.211001    0.100300    0.100300     0.109100     0.044890     0.000000
         --Scattering Matrix--
           G/G'          1          2
            1        0.000000    0.025330
            2        0.000000    0.000000
     Material  2
    Group   Transport    Diffusion  Absorption    Removal      Nu*Fiss      Kap*Fis    Fiss. Spctr
       1     0.262880    1.268006    0.007181    0.034851     0.004609     0.001800     1.000000
       2     1.752540    0.190200    0.070470    0.070470     0.086750     0.035600     0.000000
         --Scattering Matrix--
           G/G'          1          2
            1        0.000000    0.027670
            2        0.000000    0.000000
     Material  3
    Group   Transport    Diffusion  Absorption    Removal      Nu*Fiss      Kap*Fis    Fiss. Spctr
       1     0.264760    1.259002    0.008002    0.034172     0.004663     0.000000     1.000000
       2     1.594133    0.209100    0.083440    0.083440     0.102100     0.135000     0.000000
         --Scattering Matrix--
           G/G'          1          2
            1        0.000000    0.026170
            2        0.000000    0.000000
     Material  4
    Group   Transport    Diffusion  Absorption    Removal      Nu*Fiss      Kap*Fis    Fiss. Spctr
       1     0.264760    1.259002    0.008002    0.034172     0.004663     0.001910     1.000000
       2     1.594133    0.209100    0.073324    0.073324     0.102100     0.042010     0.000000
         --Scattering Matrix--
           G/G'          1          2
            1        0.000000    0.026170
            2        0.000000    0.000000
     Material  5
    Group   Transport    Diffusion  Absorption    Removal      Nu*Fiss      Kap*Fis    Fiss. Spctr
       1     0.265180    1.257008    0.000603    0.048143     0.000000     0.000000     0.000000
       2     2.093800    0.159200    0.019110    0.019110     0.000000     0.000000     0.000000
         --Scattering Matrix--
           G/G'          1          2
            1        0.000000    0.047540
            2        0.000000    0.000000

            -------------------------------
            >>>>>Wrting Core Geometry<<<<<
            -------------------------------
  Number of Assembly in x, y and z Directions Respectively :
          11          11          22
  Number of Nodes in x, y and z Directions Respectively :
          22          22          22

  x-Directed Nodes Divison (Delta-x)
     7.50   7.50   7.50   7.50   7.50   7.50   7.50   7.50   7.50   7.50
     7.50   7.50   7.50   7.50   7.50   7.50   7.50   7.50   7.50   7.50
     7.50   7.50
  y-Directed Nodes Divison (Delta-y)
     7.50   7.50   7.50   7.50   7.50   7.50   7.50   7.50   7.50   7.50
     7.50   7.50   7.50   7.50   7.50   7.50   7.50   7.50   7.50   7.50
     7.50   7.50
  Planar Region :  1
        1  2  3  4  5  6  7  8  9 10 11 12 13 14 15 16 17 18 19 20 21 22
    22  5  5  5  5  5  5  5  5  5  5  5  5  5  5  5  5  5  5  5  5  5  5 
    21  5  5  5  5  5  5  5  5  5  5  5  5  5  5  5  5  5  5  5  5  5  5 
    20  5  5  5  5  5  5  5  5  5  5  5  5  5  5  5  5  5  5  5  5  5  5 
    19  5  5  5  5  5  5  5  5  5  5  5  5  5  5  5  5  5  5  5  5  5  5 
    18  5  5  5  5  5  5  5  5  5  5  5  5  5  5  5  5  5  5  5  5  5  5 
    17  5  5  5  5  5  5  5  5  5  5  5  5  5  5  5  5  5  5  5  5  5  5 
    16  5  5  5  5  5  5  5  5  5  5  5  5  5  5  5  5  5  5  5  5  5  5 
    15  5  5  5  5  5  5  5  5  5  5  5  5  5  5  5  5  5  5  5  5  5  5 
    14  5  5  5  5  5  5  5  5  5  5  5  5  5  5  5  5  5  5  5  5  5  5 
    13  5  5  5  5  5  5  5  5  5  5  5  5  5  5  5  5  5  5  5  5  5  5 
    12  5  5  5  5  5  5  5  5  5  5  5  5  5  5  5  5  5  5  5  5  5  5 
    11  5  5  5  5  5  5  5  5  5  5  5  5  5  5  5  5  5  5  5  5  5  5 
    10  5  5  5  5  5  5  5  5  5  5  5  5  5  5  5  5  5  5  5  5  5  5 
     9  5  5  5  5  5  5  5  5  5  5  5  5  5  5  5  5  5  5  5  5  5  5 
     8  5  5  5  5  5  5  5  5  5  5  5  5  5  5  5  5  5  5  5  5  5  5 
     7  5  5  5  5  5  5  5  5  5  5  5  5  5  5  5  5  5  5  5  5  5  5 
     6  5  5  5  5  5  5  5  5  5  5  5  5  5  5  5  5  5  5  5  5  5  5 
     5  5  5  5  5  5  5  5  5  5  5  5  5  5  5  5  5  5  5  5  5  5  5 
     4  5  5  5  5  5  5  5  5  5  5  5  5  5  5  5  5  5  5  5  5  5  5 
     3  5  5  5  5  5  5  5  5  5  5  5  5  5  5  5  5  5  5  5  5  5  5 
     2  5  5  5  5  5  5  5  5  5  5  5  5  5  5  5  5  5  5  5  5  5  5 
     1  5  5  5  5  5  5  5  5  5  5  5  5  5  5  5  5  5  5  5  5  5  5 
  Planar Region :  2
        1  2  3  4  5  6  7  8  9 10 11 12 13 14 15 16 17 18 19 20 21 22
    22  2  2  1  1  1  1  1  1  1  1  2  2  2  2  3  3  3  3  5  5  5  5 
    21  2  2  1  1  1  1  1  1  1  1  2  2  2  2  3  3  3  3  5  5  5  5 
    20  1  1  1  1  1  1  1  1  1  1  1  1  1  1  3  3  3  3  5  5  5  5 
    19  1  1  1  1  1  1  1  1  1  1  1  1  1  1  3  3  3  3  5  5  5  5 
    18  1  1  1  1  1  1  1  1  1  1  1  1  1  1  3  3  3  3  5  5  5  5 
    17  1  1  1  1  1  1  1  1  1  1  1  1  1  1  3  3  3  3  5  5  5  5 
    16  1  1  1  1  1  1  1  1  1  1  1  1  1  1  3  3  3  3  5  5  5  5 
    15  1  1  1  1  1  1  1  1  1  1  1  1  1  1  3  3  3  3  5  5  5  5 
    14  1  1  1  1  1  1  1  1  1  1  1  1  1  1  3  3  3  3  5  5  5  5 
    13  1  1  1  1  1  1  1  1  1  1  1  1  1  1  3  3  3  3  5  5  5  5 
    12  2  2  1  1  1  1  1  1  1  1  2  2  2  2  3  3  3  3  5  5  5  5 
    11  2  2  1  1  1  1  1  1  1  1  2  2  2  2  3  3  3  3  5  5  5  5 
    10  2  2  1  1  1  1  1  1  1  1  2  2  2  2  3  3  3  3  5  5  5  5 
     9  2  2  1  1  1  1  1  1  1  1  2  2  2  2  3  3  3  3  5  5  5  5 
     8  3  3  3  3  3  3  3  3  3  3  3  3  3  3  4  4  5  5  5  5  5  5 
     7  3  3  3  3  3  3  3  3  3  3  3  3  3  3  4  4  5  5  5  5  5  5 
     6  3  3  3  3  3  3  3  3  3  3  3  3  3  3  5  5  5  5  5  5  5  5 
     5  3  3  3  3  3  3  3  3  3  3  3  3  3  3  5  5  5  5  5  5  5  5 
     4  5  5  5  5  5  5  5  5  5  5  5  5  5  5  5  5  5  5  5  5  5  5 
     3  5  5  5  5  5  5  5  5  5  5  5  5  5  5  5  5  5  5  5  5  5  5 
     2  5  5  5  5  5  5  5  5  5  5  5  5  5  5  5  5  5  5  5  5  5  5 
     1  5  5  5  5  5  5  5  5  5  5  5  5  5  5  5  5  5  5  5  5  5  5 

  Planar Region Assignment to Planes.
 -------------------------------------
   Plane Number     Planar Region    Delta-z
       22 (Top)            2          30.00
       21                  1          15.00
       20                  1          15.00
       19                  1          15.00
       18                  1          15.00
       17                  1          15.00
       16                  1          15.00
       15                  1          15.00
       14                  1          15.00
       13                  1          15.00
       12                  1          15.00
       11                  1          15.00
       10                  1          15.00
        9                  1          15.00
        8                  1          15.00
        7                  1          15.00
        6                  1          15.00
        5                  1          15.00
        4                  1          15.00
        3                  1          15.00
        2                  1          15.00
        1 (Bottom)         2          30.00

   Boundary Conditions
   -------------------
  X-Directed West   : Reflective
  X-Directed East   : Zero Flux
  Y-Directed North  : Reflective
  Y-Directed South  : Zero Flux
  Z-Directed Bottom : Zero Flux
  Z-Directed Top    : Reflective

  ...Core Geometry is Sucessfully Read...
     ---------------------------------


  ================================================================================================
                                        Calculation Results
  ================================================================================================

   Iteration    Keff     FissSrc Error   Inner Error
  ----------------------------------------------------
       1       1.500075    5.77717E-01    4.96453E+00
       2       1.287279    3.94299E-01    6.64886E+00
       3       1.111741    3.24895E-01    4.30048E+00
       4       1.032648    2.58838E-01    3.52370E+00
     ...Fission Source Extrapolated...
       5       0.968491    4.81834E-01    3.12367E+00
       6       0.984696    3.56126E-02    2.86052E+00
       7       0.979599    1.43257E-01    2.62304E+00
       8       0.978131    1.26797E-01    2.31248E+00
       9       0.978316    1.10411E-01    1.86098E+00
     ...Fission Source Extrapolated...
      10       0.988260    1.43108E+02    1.21251E+00
      11       0.983927    1.03014E+00    1.06350E+00
      12       0.986470    4.52803E-02    6.30442E-01
      13       0.987308    3.24628E-02    6.18285E-01
      14       0.987776    3.04849E-02    6.07262E-01
     ...Fission Source Extrapolated...
      15       0.995256    1.43662E+00    5.97204E-01
      16       0.990279    4.30255E-01    5.87876E-01
      17       0.991308    3.80430E-02    5.79043E-01
      18       0.991657    2.05421E-02    5.70478E-01
      19       0.991833    1.74691E-02    5.61992E-01
     ...Fission Source Extrapolated...
      20       0.995167    7.46567E-01    5.53371E-01
      21       0.992947    2.84449E-01    5.44024E-01
      22       0.993318    2.90526E-02    5.33206E-01
      23       0.993443    1.53942E-02    5.23370E-01
      24       0.993503    1.35559E-02    5.12470E-01
     ...Fission Source Extrapolated...
      25       0.994818    6.02020E-01    4.98790E-01
      26       0.994025    2.42607E-01    4.80713E-01
      27       0.994191    2.45139E-02    4.56371E-01
      28       0.994266    1.18821E-02    4.24432E-01
      29       0.994314    1.01258E-02    3.85157E-01
     ...Fission Source Extrapolated...
      30       0.995404    3.78942E-01    3.40353E-01
      31       0.994695    1.66877E-01    2.90520E-01
      32       0.994812    1.76525E-02    2.37854E-01
      33       0.994857    9.19526E-03    1.86837E-01
      34       0.994882    8.01943E-03    1.42846E-01
     ...Fission Source Extrapolated...
      35       0.995481    3.04345E-01    1.08591E-01
      36       0.995121    1.39120E-01    1.52779E-01
      37       0.995194    1.43232E-02    6.21488E-02
      38       0.995230    7.02429E-03    4.17362E-02
      39       0.995253    5.97797E-03    3.04948E-02
     ...Fission Source Extrapolated...
      40       0.995791    1.96979E-01    2.42015E-02
      41       0.995444    9.48652E-02    1.03612E-01
      42       0.995503    1.02090E-02    4.39039E-02
      43       0.995526    5.38656E-03    2.41912E-02
      44       0.995540    4.69510E-03    1.41742E-02
     ...Fission Source Extrapolated...
      45       0.995859    1.60954E-01    1.23729E-02
      46       0.995666    7.87029E-02    8.53429E-02
      47       0.995704    8.21138E-03    3.51008E-02
      48       0.995724    4.06532E-03    1.79175E-02
      49       0.995737    3.46727E-03    1.17147E-02
     ...Fission Source Extrapolated...
      50       0.996031    1.06265E-01    1.02052E-02
      51       0.995841    5.35407E-02    5.79071E-02
      52       0.995873    5.86291E-03    2.47902E-02
      53       0.995887    3.11535E-03    1.54795E-02
      54       0.995894    2.71013E-03    8.56930E-03
     ...Fission Source Extrapolated...
      55       0.996074    8.76188E-02    7.47348E-03
      56       0.995964    4.43673E-02    4.78210E-02
      57       0.995985    4.68361E-03    1.97585E-02
      58       0.995997    2.35778E-03    1.16613E-02
      59       0.996004    1.99253E-03    7.04584E-03
     ...Fission Source Extrapolated...
      60       0.996172    5.92138E-02    6.14026E-03
      61       0.996063    3.04687E-02    3.28756E-02
      62       0.996081    3.38206E-03    1.41662E-02
      63       0.996089    1.79522E-03    9.97690E-03
      64       0.996093    1.55526E-03    5.18961E-03
     ...Fission Source Extrapolated...
      65       0.996196    4.90644E-02    4.52532E-03
      66       0.996133    2.53462E-02    2.71919E-02
      67       0.996144    2.71187E-03    1.12030E-02
      68       0.996151    1.37284E-03    7.55369E-03
      69       0.996155    1.14236E-03    4.25179E-03
     ...Fission Source Extrapolated...
      70       0.996252    3.34615E-02    3.70584E-03
      71       0.996189    1.73175E-02    1.87177E-02
      72       0.996199    1.95389E-03    8.76319E-03
      73       0.996203    1.03610E-03    6.37720E-03
      74       0.996206    8.95281E-04    3.31690E-03
     ...Fission Source Extrapolated...
      75       0.996264    2.78158E-02    2.72679E-03
      76       0.996228    1.45293E-02    1.55500E-02
      77       0.996235    1.58118E-03    6.59156E-03
      78       0.996238    8.06289E-04    4.83366E-03
      79       0.996241    6.70510E-04    2.58411E-03
     ...Fission Source Extrapolated...
      80       0.996297    1.91765E-02    2.22712E-03
      81       0.996260    1.00634E-02    1.07187E-02
      82       0.996266    1.13607E-03    5.57323E-03
      83       0.996269    6.03337E-04    4.05716E-03
      84       0.996270    5.21753E-04    2.11268E-03
     ...Fission Source Extrapolated...
      85       0.996304    1.61662E-02    1.63609E-03
      86       0.996283    8.50154E-03    9.08065E-03
      87       0.996286    9.38652E-04    4.25469E-03
      88       0.996289    4.80609E-04    3.11766E-03
      89       0.996290    3.99642E-04    1.65957E-03
     ...Fission Source Extrapolated...
      90       0.996323    1.13385E-02    1.34916E-03
      91       0.996301    5.98042E-03    6.20509E-03
      92       0.996305    6.67905E-04    3.56205E-03
      93       0.996306    3.55483E-04    2.59348E-03
      94       0.996307    3.07724E-04    1.35196E-03
     ...Fission Source Extrapolated...
      95       0.996326    9.57570E-03    1.01052E-03
      96       0.996314    5.06855E-03    5.39347E-03
      97       0.996316    5.66642E-04    2.77161E-03
      98       0.996318    2.91140E-04    2.02976E-03
      99       0.996318    2.41883E-04    1.07481E-03
     ...Fission Source Extrapolated...
     100       0.996338    6.83933E-03    8.20884E-04
     101       0.996325    3.78547E-03    3.64838E-03
     102       0.996327    3.98517E-04    2.30752E-03
     103       0.996328    2.12264E-04    1.68006E-03
     104       0.996328    1.83847E-04    8.75449E-04
     ...Fission Source Extrapolated...
     105       0.996339    5.78502E-03    6.54138E-04
     106       0.996332    3.08399E-03    3.25972E-03
     107       0.996333    3.48280E-04    1.83066E-03
     108       0.996334    1.79538E-04    1.34006E-03
     109       0.996335    1.56029E-04    7.05479E-04
     ...Fission Source Extrapolated...
     110       0.996347    4.38179E-03    5.35111E-04
     111       0.996339    2.47928E-03    2.37080E-03
     112       0.996340    2.45589E-04    1.50874E-03
     113       0.996340    1.32580E-04    1.09858E-03
     114       0.996341    1.13712E-04    5.72928E-04
     ...Fission Source Extrapolated...
     115       0.996347    3.61415E-03    4.28039E-04
     116       0.996343    1.96775E-03    1.99510E-03
     117       0.996343    2.17459E-04    1.22388E-03
     118       0.996344    1.18951E-04    8.95740E-04
     119       0.996344    1.04204E-04    4.68857E-04
     ...Fission Source Extrapolated...
     120       0.996351    2.91136E-03    3.55566E-04
     121       0.996347    1.64822E-03    1.57625E-03
     122       0.996347    1.61815E-04    1.00151E-03
     123       0.996348    8.78898E-05    7.29357E-04
     124       0.996348    7.54108E-05    3.80474E-04
     ...Fission Source Extrapolated...
     125       0.996351    2.42331E-03    2.84231E-04
     126       0.996349    1.33125E-03    1.35003E-03
     127       0.996349    1.42306E-04    8.27636E-04
     128       0.996350    8.08139E-05    6.05815E-04
     129       0.996350    7.07388E-05    3.15672E-04
     ...Fission Source Extrapolated...
     130       0.996354    1.96267E-03    2.39469E-04
     131       0.996351    1.11115E-03    1.06319E-03
     132       0.996352    1.08261E-04    6.74671E-04
     133       0.996352    5.92760E-05    4.91505E-04
     134       0.996352    5.08959E-05    2.56434E-04
     ...Fission Source Extrapolated...
     135       0.996354    1.64373E-03    1.91595E-04
     136       0.996353    9.09019E-04    9.23616E-04
     137       0.996353    9.79855E-05    5.65552E-04
     138       0.996353    5.57499E-05    4.14158E-04
     139       0.996353    4.87930E-05    2.15181E-04
     ...Fission Source Extrapolated...
     140       0.996356    1.35449E-03    1.63369E-04
     141       0.996354    7.67030E-04    7.34149E-04
     142       0.996354    7.39799E-05    4.65293E-04
     143       0.996354    4.07409E-05    3.39070E-04
     144       0.996354    3.49728E-05    1.76403E-04
     ...Fission Source Extrapolated...
     145       0.996355    1.12898E-03    1.31785E-04
     146       0.996355    6.27566E-04    6.38764E-04
     147       0.996355    6.83370E-05    3.90865E-04
     148       0.996355    3.89931E-05    2.86410E-04
     149       0.996355    3.41517E-05    1.48725E-04
     ...Fission Source Extrapolated...
     150       0.996357    9.51983E-04    1.13027E-04
     151       0.996355    5.39200E-04    5.16359E-04
     152       0.996356    5.14626E-05    3.26894E-04
     153       0.996356    2.84940E-05    2.38292E-04
     154       0.996356    2.44432E-05    1.23482E-04
     ...Fission Source Extrapolated...
     155       0.996356    7.85951E-04    9.22380E-05
     156       0.996356    4.36614E-04    4.45291E-04
     157       0.996356    4.81627E-05    2.72418E-04
     158       0.996356    2.76015E-05    1.99783E-04
     159       0.996356    2.42157E-05    1.03940E-04
     ...Fission Source Extrapolated...
     160       0.996357    6.77129E-04    7.90940E-05
     161       0.996356    3.83387E-04    3.67706E-04
     162       0.996356    3.64097E-05    2.32576E-04
     163       0.996357    2.02217E-05    1.69626E-04
     164       0.996357    1.73388E-05    8.75630E-05
     ...Fission Source Extrapolated...
     165       0.996357    5.57732E-04    6.54263E-05
     166       0.996357    3.09613E-04    3.16113E-04
     167       0.996357    3.44755E-05    1.93394E-04
     168       0.996357    1.97903E-05    1.41931E-04
     169       0.996357    1.73887E-05    7.38672E-05
     ...Fission Source Extrapolated...
     170       0.996357    4.88156E-04    5.62600E-05
     171       0.996357    2.76313E-04    2.65355E-04
     172       0.996357    2.63339E-05    1.67728E-04
     173       0.996357    1.45422E-05    1.22392E-04
     174       0.996357    1.24627E-05    6.29818E-05
     ...Fission Source Extrapolated...
     175       0.996357    4.01566E-04    4.70732E-05
     176       0.996357    2.22997E-04    2.27696E-04
     177       0.996357    2.49967E-05    1.39377E-04
     178       0.996357    1.43487E-05    1.02352E-04
     179       0.996357    1.26236E-05    5.32616E-05
     ...Fission Source Extrapolated...
     180       0.996358    3.54556E-04    4.05895E-05
     181       0.996357    2.00585E-04    1.92906E-04
     182       0.996357    1.92094E-05    1.21894E-04
     183       0.996357    1.05686E-05    8.89982E-05
     184       0.996357    9.05727E-06    4.57364E-05
     ...Fission Source Extrapolated...
     185       0.996357    2.93598E-04    3.42010E-05
     186       0.996357    1.63246E-04    1.66522E-04
     187       0.996357    1.83527E-05    1.02034E-04
     188       0.996357    1.05123E-05    7.49639E-05
     189       0.996357    9.25446E-06    3.89360E-05
     ...Fission Source Extrapolated...
     190       0.996358    2.58756E-04    2.96779E-05
     191       0.996357    1.46276E-04    1.40875E-04
     192       0.996357    1.40971E-05    8.90213E-05
     193       0.996357    7.74645E-06    6.50393E-05
     194       0.996357    6.64310E-06    3.34539E-05
     ...Fission Source Extrapolated...
     195       0.996357    2.15956E-04    2.50337E-05
     196       0.996357    1.20059E-04    1.22376E-04
     197       0.996357    1.35503E-05    7.50949E-05
     198       0.996357    7.75648E-06    5.52027E-05
     199       0.996357    6.83377E-06    2.86402E-05
     ...Fission Source Extrapolated...
     200       0.996358    1.90124E-04    2.18383E-05
     201       0.996358    1.07378E-04    1.03591E-04
     202       0.996358    1.04208E-05    6.54747E-05
     203       0.996358    5.71879E-06    4.78704E-05
     204       0.996358    4.90832E-06    2.46446E-05
     ...Fission Source Extrapolated...
     205       0.996358    1.60704E-04    1.84581E-05
     206       0.996358    8.94742E-05    9.09791E-05
     207       0.996358    1.00980E-05    5.59644E-05
     208       0.996358    5.76515E-06    4.11547E-05
     209       0.996358    5.08088E-06    2.12946E-05
     ...Fission Source Extrapolated...
     210       0.996358    1.40578E-04    1.62368E-05
     211       0.996358    7.93279E-05    7.66384E-05
     212       0.996358    7.75008E-06    4.84588E-05
     213       0.996358    4.24844E-06    3.54540E-05
     214       0.996358    3.64994E-06    1.82858E-05
     ...Fission Source Extrapolated...
     215       0.996358    1.20605E-04    1.37074E-05
     216       0.996358    6.73077E-05    6.82198E-05
     217       0.996358    7.57791E-06    4.20836E-05
     218       0.996358    4.31122E-06    3.09544E-05
     219       0.996358    3.79926E-06    1.59644E-05
     ...Fission Source Extrapolated...
     220       0.996358    1.04408E-04    1.21694E-05
     221       0.996358    5.88679E-05    5.69420E-05
     222       0.996358    5.79002E-06    3.60250E-05
     223       0.996358    3.17286E-06    2.63749E-05
     224       0.996358    2.73459E-06    1.36399E-05
     ...Fission Source Extrapolated...
     225       0.996358    9.08033E-05    1.02338E-05
     226       0.996358    5.08028E-05    5.13262E-05
     227       0.996358    5.70660E-06    3.17602E-05
     228       0.996358    3.23780E-06    2.33668E-05
     229       0.996358    2.85319E-06    1.20182E-05
     ...Fission Source Extrapolated...
     230       0.996358    7.81331E-05    9.15933E-06
     231       0.996358    4.40288E-05    4.26276E-05
     232       0.996358    4.35304E-06    2.69832E-05
     233       0.996358    2.38358E-06    1.97667E-05
     234       0.996358    2.06172E-06    1.02399E-05
     ...Fission Source Extrapolated...
     235       0.996358    6.86682E-05    7.68825E-06
     236       0.996358    3.88231E-05    3.87978E-05
     237       0.996358    4.31478E-06    2.40794E-05
     238       0.996358    2.44097E-06    1.77189E-05
     239       0.996358    2.15091E-06    9.09138E-06

 ***********************************************
Effective Factor Multiplication : Keff = 0.996358
 ***********************************************


     Radial Power Distribution
   ==============================
           1       2       3       4       5       6       7       8       9      10      11
    11   0.348   0.252   0.237   0.293   0.453   0.787   0.943   2.380   1.494   0.000   0.000
    10   0.252   0.229   0.233   0.281   0.384   0.538   0.659   2.054   1.402   0.000   0.000
     9   0.237   0.233   0.243   0.282   0.354   0.448   0.553   1.880   1.337   0.000   0.000
     8   0.293   0.281   0.282   0.316   0.388   0.483   0.585   1.957   1.379   0.000   0.000
     7   0.452   0.384   0.354   0.388   0.495   0.659   0.766   2.278   1.507   0.000   0.000
     6   0.786   0.538   0.448   0.483   0.659   1.051   1.164   2.698   1.570   0.000   0.000
     5   0.943   0.658   0.553   0.585   0.766   1.164   1.226   2.607   1.382   0.000   0.000
     4   2.379   2.053   1.879   1.957   2.278   2.698   2.607   0.761   0.000   0.000   0.000
     3   1.494   1.402   1.337   1.379   1.507   1.570   1.382   0.000   0.000   0.000   0.000
     2   0.000   0.000   0.000   0.000   0.000   0.000   0.000   0.000   0.000   0.000   0.000
     1   0.000   0.000   0.000   0.000   0.000   0.000   0.000   0.000   0.000   0.000   0.000

   MAX POS.       Maximum Value
  (  6,  8)          2.698


     Axial Power Density Distribution
   ====================================

     Plane Number        Power      Height
    -----------------------------------------
        22  (Top)        0.000      360.00
        21               0.224      330.00
        20               0.435      315.00
        19               0.646      300.00
        18               0.842      285.00
        17               1.019      270.00
        16               1.173      255.00
        15               1.300      240.00
        14               1.399      225.00
        13               1.465      210.00
        12               1.499      195.00
        11               1.499      180.00
        10               1.465      165.00
         9               1.398      150.00
         8               1.300      135.00
         7               1.172      120.00
         6               1.018      105.00
         5               0.841       90.00
         4               0.645       75.00
         3               0.435       60.00
         2               0.224       45.00
         1  (Bottom)     0.000       30.00

   MAX POS.       Maximum Value
    ( 12)             1.499

     Radial Flux Distribution
   ==============================
    Group :   1
             1          2          3          4          5          6          7          8          9         10         11
    11   7.281E-03  5.929E-03  5.678E-03  7.035E-03  1.060E-02  1.643E-02  1.960E-02  1.774E-02  1.054E-02  1.657E-03  8.285E-05 
    10   5.929E-03  5.485E-03  5.590E-03  6.739E-03  9.195E-03  1.263E-02  1.532E-02  1.562E-02  9.880E-03  1.580E-03  7.971E-05 
     9   5.678E-03  5.590E-03  5.827E-03  6.761E-03  8.491E-03  1.075E-02  1.314E-02  1.432E-02  9.412E-03  1.524E-03  7.750E-05 
     8   7.033E-03  6.738E-03  6.760E-03  7.589E-03  9.315E-03  1.158E-02  1.390E-02  1.491E-02  9.712E-03  1.566E-03  7.936E-05 
     7   1.060E-02  9.193E-03  8.490E-03  9.314E-03  1.185E-02  1.546E-02  1.781E-02  1.733E-02  1.063E-02  1.675E-03  8.348E-05 
     6   1.642E-02  1.263E-02  1.075E-02  1.158E-02  1.546E-02  2.195E-02  2.417E-02  2.010E-02  1.110E-02  1.677E-03  8.117E-05 
     5   1.959E-02  1.532E-02  1.314E-02  1.389E-02  1.781E-02  2.417E-02  2.529E-02  1.922E-02  9.052E-03  1.243E-03  5.904E-05 
     4   1.773E-02  1.562E-02  1.431E-02  1.490E-02  1.733E-02  2.009E-02  1.922E-02  1.305E-02  3.034E-03  3.528E-04  2.233E-05 
     3   1.054E-02  9.877E-03  9.410E-03  9.710E-03  1.063E-02  1.110E-02  9.052E-03  3.034E-03  5.280E-04  5.285E-05  4.547E-06 
     2   1.656E-03  1.579E-03  1.524E-03  1.566E-03  1.675E-03  1.677E-03  1.243E-03  3.528E-04  5.285E-05  6.969E-06  6.834E-07 
     1   8.283E-05  7.969E-05  7.748E-05  7.935E-05  8.347E-05  8.117E-05  5.903E-05  2.233E-05  4.547E-06  6.834E-07  7.756E-08 

    Group :   2
             1          2          3          4          5          6          7          8          9         10         11
    11   7.659E-03  4.338E-03  4.062E-03  5.032E-03  7.781E-03  1.732E-02  2.076E-02  1.571E-02  9.861E-03  8.824E-03  7.913E-04 
    10   4.338E-03  3.929E-03  3.999E-03  4.821E-03  6.587E-03  9.249E-03  1.133E-02  1.357E-02  9.254E-03  8.430E-03  7.617E-04 
     9   4.062E-03  3.999E-03  4.169E-03  4.837E-03  6.074E-03  7.688E-03  9.500E-03  1.242E-02  8.823E-03  8.149E-03  7.409E-04 
     8   5.031E-03  4.820E-03  4.836E-03  5.429E-03  6.663E-03  8.283E-03  1.004E-02  1.293E-02  9.101E-03  8.367E-03  7.586E-04 
     7   7.779E-03  6.585E-03  6.073E-03  6.663E-03  8.488E-03  1.133E-02  1.318E-02  1.505E-02  9.947E-03  8.915E-03  7.972E-04 
     6   1.731E-02  9.247E-03  7.687E-03  8.282E-03  1.133E-02  2.314E-02  2.563E-02  1.781E-02  1.036E-02  8.872E-03  7.738E-04 
     5   2.075E-02  1.133E-02  9.498E-03  1.004E-02  1.318E-02  2.562E-02  2.701E-02  1.720E-02  9.112E-03  6.617E-03  5.618E-04 
     4   1.571E-02  1.356E-02  1.242E-02  1.293E-02  1.505E-02  1.781E-02  1.720E-02  1.442E-02  1.423E-02  2.772E-03  2.208E-04 
     3   9.858E-03  9.251E-03  8.821E-03  9.100E-03  9.946E-03  1.036E-02  9.111E-03  1.423E-02  4.134E-03  5.219E-04  4.564E-05 
     2   8.821E-03  8.428E-03  8.147E-03  8.366E-03  8.915E-03  8.871E-03  6.617E-03  2.772E-03  5.219E-04  6.994E-05  6.883E-06 
     1   7.910E-04  7.615E-04  7.407E-04  7.584E-04  7.971E-04  7.737E-04  5.618E-04  2.207E-04  4.563E-05  6.883E-06  7.807E-07 


 Total Time :    119.000000     Seconds
