                                                                                
      /\               /\                                                       
     //\\             //\\                                                      
    //**\\           //**\\                                                     
   //****\\         //****\\                                                    
  //******\\       //******\\   ____                   _   _           _        
  ---------   /*\   ---------  / __ \                 | \ | |         | |       
             (***)            | |  | |_ __   ___ _ __ |  \| | ___   __| | ___   
              \*/             | |  | | "_ \ / _ \ "_ \| . ` |/ _"\ / _" |/ _ \  
                              | |__| | |_) |  __/ | | | |\  | |_) | (_| |  __/  
              //\\             \____/| .__/ \___)_| |_|_| \_|\___/ \___/ \___|  
             //**\\                  | |                                        
            //****\\                 |_|                                        
           //******\\                                                           
           ----------                                                           
                                                                                
 ____________________________________________________________
          | The OpenNode, Nodal Methods for Neutron Diffusion
 Version  | Version Number: 1.1                              
 Copyright| 2021 Radiation & Nuclear System Laboratory       
          | University Abdelmalk Essaadi                     
          | Faculty of Sciences, Tetouan, Morocco            
 Source   | FORTRAN90 version                                
 GUI      | PyQt5                                            
 Method   | The Nodal Expansion Method (NEM)                 
 Dimension| Three Dimensions (3D)                            
 Geometry | Cartesian                                        
 ____________________________________________________________
                        ==========================
   Calculation Mode :    Rod Ejection Calculation with TH feedbacks 
   ----------------     ==========================

            --------------------------------------------
            >>>> Writing Macroscopic Cross Sections <<<<
            --------------------------------------------
     Material  1
    Group   Transport    Diffusion  Absorption    Removal      Nu*Fiss      Kap*Fis    Fiss. Spctr
       1     0.053206    6.264981    0.000373    0.026829     0.000000     0.000000     1.000000
       2     0.386406    0.862651    0.017722    0.017722     0.000000     0.000000     0.000000
         --Scattering Matrix--
           G/G'          1          2
            1        0.000000    0.026455
            2        0.000000    0.000000
     Material  2
    Group   Transport    Diffusion  Absorption    Removal      Nu*Fiss      Kap*Fis    Fiss. Spctr
       1     0.295609    1.127616    0.001188    0.024349     0.000000     0.000000     1.000000
       2     2.459310    0.135539    0.252618    0.252618     0.000000     0.000000     0.000000
         --Scattering Matrix--
           G/G'          1          2
            1        0.000000    0.023161
            2        0.000000    0.000000
     Material  3
    Group   Transport    Diffusion  Absorption    Removal      Nu*Fiss      Kap*Fis    Fiss. Spctr
       1     0.295609    1.127616    0.001188    0.021269     0.000000     0.000000     1.000000
       2     2.459310    0.135539    0.252618    0.252618     0.000000     0.000000     0.000000
         --Scattering Matrix--
           G/G'          1          2
            1        0.000000    0.020081
            2        0.000000    0.000000
     Material  4
    Group   Transport    Diffusion  Absorption    Removal      Nu*Fiss      Kap*Fis    Fiss. Spctr
       1     0.222117    1.500711    0.008718    0.026968     0.004983     0.000000     1.000000
       2     0.803140    0.415038    0.065255    0.065255     0.083903     0.000000     0.000000
         --Scattering Matrix--
           G/G'          1          2
            1        0.000000    0.018250
            2        0.000000    0.000000
     Material  5
    Group   Transport    Diffusion  Absorption    Removal      Nu*Fiss      Kap*Fis    Fiss. Spctr
       1     0.221914    1.502083    0.009061    0.027065     0.005577     0.000000     1.000000
       2     0.795538    0.419004    0.072335    0.072335     0.099863     0.000000     0.000000
         --Scattering Matrix--
           G/G'          1          2
            1        0.000000    0.018004
            2        0.000000    0.000000
     Material  6
    Group   Transport    Diffusion  Absorption    Removal      Nu*Fiss      Kap*Fis    Fiss. Spctr
       1     0.221715    1.503432    0.009385    0.027152     0.006150     0.000000     1.000000
       2     0.789253    0.422340    0.078920    0.078920     0.114667     0.000000     0.000000
         --Scattering Matrix--
           G/G'          1          2
            1        0.000000    0.017767
            2        0.000000    0.000000
     Material  7
    Group   Transport    Diffusion  Absorption    Removal      Nu*Fiss      Kap*Fis    Fiss. Spctr
       1     0.222039    1.501238    0.009317    0.026455     0.005550     0.000000     1.000000
       2     0.776230    0.429426    0.079633    0.079633     0.098558     0.000000     0.000000
         --Scattering Matrix--
           G/G'          1          2
            1        0.000000    0.017138
            2        0.000000    0.000000
     Material  8
    Group   Transport    Diffusion  Absorption    Removal      Nu*Fiss      Kap*Fis    Fiss. Spctr
       1     0.222083    1.500940    0.009400    0.026250     0.005541     0.000000     1.000000
       2     0.769969    0.432918    0.082109    0.082109     0.098006     0.000000     0.000000
         --Scattering Matrix--
           G/G'          1          2
            1        0.000000    0.016850
            2        0.000000    0.000000
     Material  9
    Group   Transport    Diffusion  Absorption    Removal      Nu*Fiss      Kap*Fis    Fiss. Spctr
       1     0.222127    1.500643    0.009483    0.026045     0.005531     0.000000     1.000000
       2     0.763813    0.436407    0.084591    0.084591     0.097411     0.000000     0.000000
         --Scattering Matrix--
           G/G'          1          2
            1        0.000000    0.016563
            2        0.000000    0.000000
     Material 10
    Group   Transport    Diffusion  Absorption    Removal      Nu*Fiss      Kap*Fis    Fiss. Spctr
       1     0.221836    1.502612    0.009637    0.026542     0.006124     0.000000     1.000000
       2     0.770705    0.432504    0.086119    0.086119     0.113241     0.000000     0.000000
         --Scattering Matrix--
           G/G'          1          2
            1        0.000000    0.016904
            2        0.000000    0.000000
     Material 11
    Group   Transport    Diffusion  Absorption    Removal      Nu*Fiss      Kap*Fis    Fiss. Spctr
       1     0.221878    1.502327    0.009719    0.026337     0.006114     0.000000     1.000000
       2     0.764704    0.435899    0.088549    0.088549     0.112635     0.000000     0.000000
         --Scattering Matrix--
           G/G'          1          2
            1        0.000000    0.016618
            2        0.000000    0.000000

            -------------------------------
            >>>>>Wrting Core Geometry<<<<<
            -------------------------------
  Number of Assembly in x, y and z Directions Respectively :
           9           9          18
  Number of Nodes in x, y and z Directions Respectively :
           9           9          36

  x-Directed Nodes Divison (Delta-x)
    10.80  21.61  21.61  21.61  21.61  21.61  21.61  21.61  21.61
  y-Directed Nodes Divison (Delta-y)
    21.61  21.61  21.61  21.61  21.61  21.61  21.61  21.61  10.80
  Planar Region :  1
        1  2  3  4  5  6  7  8  9
     9  1  1  1  1  1  1  1  1  2 
     8  1  1  1  1  1  1  1  1  2 
     7  1  1  1  1  1  1  1  3  2 
     6  1  1  1  1  1  1  1  2    
     5  1  1  1  1  1  1  3  2    
     4  1  1  1  1  1  3  2       
     3  1  1  1  1  3  2          
     2  1  1  3  2  2             
     1  2  2  2                   
  Planar Region :  2
        1  2  3  4  5  6  7  8  9
     9  4  5  4  5  4  5  4  6  2 
     8  5  4  5  4  5  4  6  6  2 
     7  4  5  4  5  4  5  6  3  2 
     6  5  4  5  4  5  6  6  2    
     5  4  5  4  5  4  6  3  2    
     4  5  4  5  6  6  3  2       
     3  4  6  6  6  3  2          
     2  6  6  3  2  2             
     1  2  2  2                   
  Planar Region :  3
        1  2  3  4  5  6  7  8  9
     9  4  9  4  9  4  7  4  6  2 
     8  9  4  8  4  8  4  11 6  2 
     7  4  8  4  8  4  8  6  3  2 
     6  9  4  8  4  8  10 6  2    
     5  4  8  4  8  4  6  3  2    
     4  7  4  8  10 6  3  2       
     3  4  11 6  6  3  2          
     2  6  6  3  2  2             
     1  2  2  2                   

  Planar Region Assignment to Planes.
 -------------------------------------
   Plane Number     Planar Region    Delta-z
       36 (Top)            1          15.00
       35                  1          15.00
       34                  3           4.00
       33                  3           4.00
       32                  3           6.40
       31                  3           6.40
       30                  3           6.40
       29                  3           6.40
       28                  3          15.00
       27                  3          15.00
       26                  3          15.00
       25                  3          15.00
       24                  3          15.00
       23                  3          15.00
       22                  3          15.00
       21                  3          15.00
       20                  3          15.00
       19                  3          15.00
       18                  3          15.00
       17                  3          15.00
       16                  3          15.00
       15                  3          15.00
       14                  3          15.00
       13                  3          15.00
       12                  3          15.00
       11                  3          15.00
       10                  3          15.00
        9                  3          15.00
        8                  3           7.50
        7                  3           7.50
        6                  3           5.50
        5                  3           5.50
        4                  2           3.85
        3                  2           3.85
        2                  1          15.00
        1 (Bottom)         1          15.00

   Boundary Conditions
   -------------------
  X-Directed West   : Reflective
  X-Directed East   : Zero Flux
  Y-Directed North  : Reflective
  Y-Directed South  : Zero Flux
  Z-Directed Bottom : Zero Flux
  Z-Directed Top    : Zero Flux

  ...Core Geometry is Sucessfully Read...
     ---------------------------------


            >>>> READING CONTROL RODS INSERTION <<<<
            --------------------------------------------
  NUMBER OF CONTROL ROD BANK  :  7
  MAX. NUMBER OF STEPS        : 228
  FULLY INSERTED POSITION (cm): 37.7 (FROM BOTTOM OF THE CORE)
  STEP SIZE (cm)              :   1.5942
  CR CUSPING CORRECTION       : NOT ACTIVE
  INITIAL CONTROL ROD BANK POSITION (STEPS) : 
  (0 means fully inserted) 
    Bank  1  Bank  2  Bank  3  Bank  4  Bank  5  Bank  6  Bank  7
      0.0      0.0      0.0    228.0      0.0      0.0      0.0

  CONTROL ROD BANK MAP : 
  1  0  2  0  0  0  3  0  0
  0  4  0  0  0  6  0  0  0
  2  0  5  0  6  0  6  0  0
  0  0  0  4  0  0  0  0  0
  0  0  6  0  7  0  0  0  0
  0  6  0  0  0  0  0  0  0
  3  0  6  0  0  0  0  0  0
  0  0  0  0  0  0  0  0  0
  0  0  0  0  0  0  0  0  0

  MATERIAL CX INCREMENT OR DECREMENT DUE TO CR INSERTION : 
    MATERIAL  1
    GROUP   TRANSPORT  ABSORPTION      NU*FISS      FISSION
       1     0.003732    0.002478    -0.000103    -0.000000
       2    -0.021993    0.025587    -0.002823    -0.000000
   --SCATTERING MATRIX--
     G/G'        1        2
      1      0.000000 -0.003193
      2      0.000000  0.000000
    MATERIAL  2
    GROUP   TRANSPORT  ABSORPTION      NU*FISS      FISSION
       1     0.003732    0.002478    -0.000103    -0.000000
       2    -0.021993    0.025587    -0.002823    -0.000000
   --SCATTERING MATRIX--
     G/G'        1        2
      1      0.000000 -0.003193
      2      0.000000  0.000000
    MATERIAL  3
    GROUP   TRANSPORT  ABSORPTION      NU*FISS      FISSION
       1     0.003732    0.002478    -0.000103    -0.000000
       2    -0.021993    0.025587    -0.002823    -0.000000
   --SCATTERING MATRIX--
     G/G'        1        2
      1      0.000000 -0.003193
      2      0.000000  0.000000
    MATERIAL  4
    GROUP   TRANSPORT  ABSORPTION      NU*FISS      FISSION
       1     0.003732    0.002478    -0.000103    -0.000000
       2    -0.021993    0.025587    -0.002823    -0.000000
   --SCATTERING MATRIX--
     G/G'        1        2
      1      0.000000 -0.003193
      2      0.000000  0.000000
    MATERIAL  5
    GROUP   TRANSPORT  ABSORPTION      NU*FISS      FISSION
       1     0.003732    0.002478    -0.000103    -0.000000
       2    -0.021993    0.025587    -0.002823    -0.000000
   --SCATTERING MATRIX--
     G/G'        1        2
      1      0.000000 -0.003193
      2      0.000000  0.000000
    MATERIAL  6
    GROUP   TRANSPORT  ABSORPTION      NU*FISS      FISSION
       1     0.003741    0.002429    -0.000123    -0.000000
       2    -0.016750    0.025648    -0.003281    -0.000000
   --SCATTERING MATRIX--
     G/G'        1        2
      1      0.000000 -0.003142
      2      0.000000  0.000000
    MATERIAL  7
    GROUP   TRANSPORT  ABSORPTION      NU*FISS      FISSION
       1     0.003732    0.002478    -0.000103    -0.000000
       2    -0.021993    0.025587    -0.002823    -0.000000
   --SCATTERING MATRIX--
     G/G'        1        2
      1      0.000000 -0.003193
      2      0.000000  0.000000
    MATERIAL  8
    GROUP   TRANSPORT  ABSORPTION      NU*FISS      FISSION
       1     0.003732    0.002478    -0.000103    -0.000000
       2    -0.021993    0.025587    -0.002823    -0.000000
   --SCATTERING MATRIX--
     G/G'        1        2
      1      0.000000 -0.003193
      2      0.000000  0.000000
    MATERIAL  9
    GROUP   TRANSPORT  ABSORPTION      NU*FISS      FISSION
       1     0.003732    0.002478    -0.000103    -0.000000
       2    -0.021993    0.025587    -0.002823    -0.000000
   --SCATTERING MATRIX--
     G/G'        1        2
      1      0.000000 -0.003193
      2      0.000000  0.000000
    MATERIAL 10
    GROUP   TRANSPORT  ABSORPTION      NU*FISS      FISSION
       1     0.003732    0.002478    -0.000103    -0.000000
       2    -0.021993    0.025587    -0.002823    -0.000000
   --SCATTERING MATRIX--
     G/G'        1        2
      1      0.000000 -0.003193
      2      0.000000  0.000000
    MATERIAL 11
    GROUP   TRANSPORT  ABSORPTION      NU*FISS      FISSION
       1     0.003732    0.002478    -0.000103    -0.000000
       2    -0.021993    0.025587    -0.002823    -0.000000
   --SCATTERING MATRIX--
     G/G'        1        2
      1      0.000000 -0.003193
      2      0.000000  0.000000

  ...Control Rods Insertion card is sucessfully read...


            >>>>     READING ROD EJECTION DATA      <<<<
            --------------------------------------------
                           Bank  1  Bank  2  Bank  3  Bank  4  Bank  5  Bank  6  Bank  7
  FINAL BANK POS. (STEP)    228.0      0.0      0.0    228.0      0.0      0.0      0.0
  STARTS MOVE (SECOND)        0.0      0.0      0.0      0.0      0.0      0.0      0.0
  SPEED (STEP/SECOND)      2280.0      0.0      0.0      0.0      0.0      0.0      0.0

  TIME PARAMETERS IN SECONDS : 
    TOTAL SIMULATION TIME         :   5.00
    FIRST TIME STEP               : 0.0050
    SECOND TIME STEP              : 0.1000
    WHEN SECOND TIME STEP APPLY?  :   1.00

  DELAYED NEUTRON FRACTION : 
    0.00026    0.00152    0.00139    0.00307    0.00110    0.00026

  PRECUSOR DECAY CONSTANT (1/s): 
    0.01280    0.03180    0.11900    0.31810    1.40270    3.92860

  NEUTRON VELOCITY (cm/s) : 
    2.80000E+07    4.40000E+05

  ...Rod Ejection Card is sucessfully read...


            >>>>       READING BORON CONCENTRATION        <<<<
            --------------------------------------------------
  BORON CONCENTRATION SET       :  561.69
  BORON CONCENTRATION REFERENCE : 1200.20

  MATERIAL CX CHANGES PER PPM BORON CHANGES : 
    MATERIAL  1
     GROUP   TRANSPORT   ABSORPTION   NU*FISS       FISSION
       1     0.000000    0.000000   0.00000E+00   0.00000E+00
       2     0.000005    0.000010   0.00000E+00   0.00000E+00
   --SCATTERING MATRIX--
     G/G'          1          2
      1      0.00000E+00  0.79146E-09
      2      0.00000E+00  0.00000E+00
    MATERIAL  2
     GROUP   TRANSPORT   ABSORPTION   NU*FISS       FISSION
       1     0.000000    0.000000   0.00000E+00   0.00000E+00
       2     0.000776    0.000084   0.00000E+00   0.00000E+00
   --SCATTERING MATRIX--
     G/G'          1          2
      1      0.00000E+00  0.00000E+00
      2      0.00000E+00  0.00000E+00
    MATERIAL  3
     GROUP   TRANSPORT   ABSORPTION   NU*FISS       FISSION
       1     0.000000    0.000000   0.00000E+00   0.00000E+00
       2     0.000776    0.000084   0.00000E+00   0.00000E+00
   --SCATTERING MATRIX--
     G/G'          1          2
      1      0.00000E+00  0.00000E+00
      2      0.00000E+00  0.00000E+00
    MATERIAL  4
     GROUP   TRANSPORT   ABSORPTION   NU*FISS       FISSION
       1     0.000000    0.000000  -0.11210E-08  -0.17619E-19
       2    -0.000010    0.000007  -0.24305E-05  -0.31909E-16
   --SCATTERING MATRIX--
     G/G'          1          2
      1      0.00000E+00 -0.10859E-06
      2      0.00000E+00  0.00000E+00
    MATERIAL  5
     GROUP   TRANSPORT   ABSORPTION   NU*FISS       FISSION
       1     0.000000    0.000000  -0.16788E-08  -0.24996E-19
       2    -0.000009    0.000007  -0.27244E-05  -0.35768E-16
   --SCATTERING MATRIX--
     G/G'          1          2
      1      0.00000E+00 -0.10695E-06
      2      0.00000E+00  0.00000E+00
    MATERIAL  6
     GROUP   TRANSPORT   ABSORPTION   NU*FISS       FISSION
       1     0.000000    0.000000  -0.22104E-08  -0.32023E-19
       2    -0.000007    0.000007  -0.29588E-05  -0.38845E-16
   --SCATTERING MATRIX--
     G/G'          1          2
      1      0.00000E+00 -0.10537E-06
      2      0.00000E+00  0.00000E+00
    MATERIAL  7
     GROUP   TRANSPORT   ABSORPTION   NU*FISS       FISSION
       1     0.000000    0.000000  -0.17132E-08  -0.24996E-19
       2    -0.000007    0.000006  -0.25536E-05  -0.33522E-16
   --SCATTERING MATRIX--
     G/G'          1          2
      1      0.00000E+00 -0.10087E-06
      2      0.00000E+00  0.00000E+00
    MATERIAL  8
     GROUP   TRANSPORT   ABSORPTION   NU*FISS       FISSION
       1     0.000000    0.000000  -0.17242E-08  -0.25490E-19
       2    -0.000006    0.000006  -0.24888E-05  -0.32670E-16
   --SCATTERING MATRIX--
     G/G'          1          2
      1      0.00000E+00 -0.98858E-07
      2      0.00000E+00  0.00000E+00
    MATERIAL  9
     GROUP   TRANSPORT   ABSORPTION   NU*FISS       FISSION
       1     0.000000    0.000000  -0.17350E-08  -0.25605E-19
       2    -0.000006    0.000006  -0.24224E-05  -0.31798E-16
   --SCATTERING MATRIX--
     G/G'          1          2
      1      0.00000E+00 -0.96849E-07
      2      0.00000E+00  0.00000E+00
    MATERIAL 10
     GROUP   TRANSPORT   ABSORPTION   NU*FISS       FISSION
       1     0.000000    0.000000  -0.22434E-08  -0.32023E-19
       2    -0.000006    0.000006  -0.27766E-05  -0.36451E-16
   --SCATTERING MATRIX--
     G/G'          1          2
      1      0.00000E+00 -0.99331E-07
      2      0.00000E+00  0.00000E+00
    MATERIAL 11
     GROUP   TRANSPORT   ABSORPTION   NU*FISS       FISSION
       1     0.000000    0.000000  -0.22537E-08  -0.32487E-19
       2    -0.000005    0.000006  -0.27078E-05  -0.35548E-16
   --SCATTERING MATRIX--
     G/G'          1          2
      1      0.00000E+00 -0.97329E-07
      2      0.00000E+00  0.00000E+00

  ...Boron Concentration card is sucessfully read...


            >>>>   READING THERMAL-HYDRAULIC DATA   <<<<
            --------------------------------------------
  REACTOR PERCENT POWER (%)                :      0.00010
  REACTOR POWER (Watt)                     :   6.9375E+08
  COOLANT INLET TEMPERATURE (Kelvin)       :   5.5915E+02
  FUEL ASSEMBLY MASS FLOW RATE (Kg/s)      :   8.2121E+01
  FUEL MEAT RADIUS (m)                     :   4.1195E-03
  GAP THICKNESS (m)                        :   6.8000E-05
  CLAD THICKNESS (m)                       :   5.7100E-04
  PIN PITCH(m)                             :   1.2655E-02
  FRACTION OF HEAT DEPOSITED IN COOL.      :   1.9000E-02

  ...Thermal-hydraulic Card is sucessfully read...


            >>>>      READING FUEL TEMPERATURE      <<<<
            --------------------------------------------
  AVERAGE FUEL TEMPERATURE   :891.19  (NOT USED)
  FUEL TEMPERATURE REFERENCE :891.45

  MATERIAL CX CHANGES PER FUEL TEMPERATURE CHANGES : 
    MATERIAL  1
     GROUP   TRANSPORT   ABSORPTION   NU*FISS       FISSION
       1   0.00000E+00  0.00000E+00   0.00000E+00   0.00000E+00
       2   0.00000E+00  0.00000E+00   0.00000E+00   0.00000E+00
   --SCATTERING MATRIX--
     G/G'          1          2
      1      0.00000E+00  0.00000E+00
      2      0.00000E+00  0.00000E+00
    MATERIAL  2
     GROUP   TRANSPORT   ABSORPTION   NU*FISS       FISSION
       1   0.00000E+00  0.00000E+00   0.00000E+00   0.00000E+00
       2   0.00000E+00  0.00000E+00   0.00000E+00   0.00000E+00
   --SCATTERING MATRIX--
     G/G'          1          2
      1      0.00000E+00  0.00000E+00
      2      0.00000E+00  0.00000E+00
    MATERIAL  3
     GROUP   TRANSPORT   ABSORPTION   NU*FISS       FISSION
       1   0.00000E+00  0.00000E+00   0.00000E+00   0.00000E+00
       2   0.00000E+00  0.00000E+00   0.00000E+00   0.00000E+00
   --SCATTERING MATRIX--
     G/G'          1          2
      1      0.00000E+00  0.00000E+00
      2      0.00000E+00  0.00000E+00
    MATERIAL  4
     GROUP   TRANSPORT   ABSORPTION   NU*FISS       FISSION
       1  -0.30920E-04  0.34971E-04   0.64013E-06   0.71541E-17
       2  -0.13729E-03 -0.37181E-04  -0.56304E-04  -0.73919E-15
   --SCATTERING MATRIX--
     G/G'          1          2
      1      0.00000E+00 -0.27554E-04
      2      0.00000E+00  0.00000E+00
    MATERIAL  5
     GROUP   TRANSPORT   ABSORPTION   NU*FISS       FISSION
       1  -0.30861E-04  0.35180E-04   0.99743E-06   0.11868E-16
       2  -0.11748E-03 -0.37704E-04  -0.60415E-04  -0.79317E-15
   --SCATTERING MATRIX--
     G/G'          1          2
      1      0.00000E+00 -0.27677E-04
      2      0.00000E+00  0.00000E+00
    MATERIAL  6
     GROUP   TRANSPORT   ABSORPTION   NU*FISS       FISSION
       1  -0.30917E-04  0.35384E-04   0.14185E-05   0.17427E-16
       2  -0.10134E-03 -0.37756E-04  -0.63096E-04  -0.82836E-15
   --SCATTERING MATRIX--
     G/G'          1          2
      1      0.00000E+00 -0.27839E-04
      2      0.00000E+00  0.00000E+00
    MATERIAL  7
     GROUP   TRANSPORT   ABSORPTION   NU*FISS       FISSION
       1  -0.31375E-04  0.34870E-04   0.94543E-06   0.11868E-16
       2  -0.10827E-03 -0.37275E-04  -0.57966E-04  -0.76085E-15
   --SCATTERING MATRIX--
     G/G'          1          2
      1      0.00000E+00 -0.27355E-04
      2      0.00000E+00  0.00000E+00
    MATERIAL  8
     GROUP   TRANSPORT   ABSORPTION   NU*FISS       FISSION
       1  -0.31550E-04  0.34727E-04   0.92608E-06   0.10893E-16
       2  -0.10552E-03 -0.37181E-04  -0.57111E-04  -0.74957E-15
   --SCATTERING MATRIX--
     G/G'          1          2
      1      0.00000E+00 -0.27238E-04
      2      0.00000E+00  0.00000E+00
    MATERIAL  9
     GROUP   TRANSPORT   ABSORPTION   NU*FISS       FISSION
       1  -0.31728E-04  0.34603E-04   0.90580E-06   0.10617E-16
       2  -0.10252E-03 -0.37020E-04  -0.56154E-04  -0.73697E-15
   --SCATTERING MATRIX--
     G/G'          1          2
      1      0.00000E+00 -0.27117E-04
      2      0.00000E+00  0.00000E+00
    MATERIAL 10
     GROUP   TRANSPORT   ABSORPTION   NU*FISS       FISSION
       1  -0.31419E-04  0.35064E-04   0.13564E-05   0.17427E-16
       2  -0.93889E-04 -0.37140E-04  -0.60505E-04  -0.79425E-15
   --SCATTERING MATRIX--
     G/G'          1          2
      1      0.00000E+00 -0.27505E-04
      2      0.00000E+00  0.00000E+00
    MATERIAL 11
     GROUP   TRANSPORT   ABSORPTION   NU*FISS       FISSION
       1  -0.31591E-04  0.34912E-04   0.13334E-05   0.16277E-16
       2  -0.91713E-04 -0.36991E-04  -0.59628E-04  -0.78272E-15
   --SCATTERING MATRIX--
     G/G'          1          2
      1      0.00000E+00 -0.27383E-04
      2      0.00000E+00  0.00000E+00

  ...Fuel Temperature is card sucessfully read...


            >>>>   READING MODERATOR TEMPERATURE    <<<<
            --------------------------------------------
  AVERAGE MODERATOR TEMPERATURE   :559.19  (NOT USED)
  MODERATOR TEMPERATURE REFERENCE :579.75

  MATERIAL CX CHANGES PER MODERATOR TEMPERATURE CHANGES : 
    MATERIAL  1
     GROUP   TRANSPORT   ABSORPTION   NU*FISS       FISSION
       1   0.00000E+00  0.00000E+00   0.00000E+00   0.00000E+00
       2   0.00000E+00  0.00000E+00   0.00000E+00   0.00000E+00
   --SCATTERING MATRIX--
     G/G'          1          2
      1      0.00000E+00  0.00000E+00
      2      0.00000E+00  0.00000E+00
    MATERIAL  2
     GROUP   TRANSPORT   ABSORPTION   NU*FISS       FISSION
       1   0.00000E+00  0.00000E+00   0.00000E+00   0.00000E+00
       2   0.00000E+00  0.00000E+00   0.00000E+00   0.00000E+00
   --SCATTERING MATRIX--
     G/G'          1          2
      1      0.00000E+00  0.00000E+00
      2      0.00000E+00  0.00000E+00
    MATERIAL  3
     GROUP   TRANSPORT   ABSORPTION   NU*FISS       FISSION
       1   0.00000E+00  0.00000E+00   0.00000E+00   0.00000E+00
       2   0.00000E+00  0.00000E+00   0.00000E+00   0.00000E+00
   --SCATTERING MATRIX--
     G/G'          1          2
      1      0.00000E+00  0.00000E+00
      2      0.00000E+00  0.00000E+00
    MATERIAL  4
     GROUP   TRANSPORT   ABSORPTION   NU*FISS       FISSION
       1  -0.20331E-05  0.21219E-06   0.12471E-06   0.14304E-17
       2  -0.10867E-03 -0.31560E-04  -0.41644E-04  -0.54672E-15
   --SCATTERING MATRIX--
     G/G'          1          2
      1      0.00000E+00  0.80968E-06
      2      0.00000E+00  0.00000E+00
    MATERIAL  5
     GROUP   TRANSPORT   ABSORPTION   NU*FISS       FISSION
       1  -0.19808E-05  0.22600E-06   0.13515E-06   0.15690E-17
       2  -0.90615E-04 -0.32144E-04  -0.45310E-04  -0.59486E-15
   --SCATTERING MATRIX--
     G/G'          1          2
      1      0.00000E+00  0.85847E-06
      2      0.00000E+00  0.00000E+00
    MATERIAL  6
     GROUP   TRANSPORT   ABSORPTION   NU*FISS       FISSION
       1  -0.19243E-05  0.23994E-06   0.14908E-06   0.17542E-17
       2  -0.76279E-04 -0.32378E-04  -0.47847E-04  -0.62817E-15
   --SCATTERING MATRIX--
     G/G'          1          2
      1      0.00000E+00  0.90349E-06
      2      0.00000E+00  0.00000E+00
    MATERIAL  7
     GROUP   TRANSPORT   ABSORPTION   NU*FISS       FISSION
       1  -0.26963E-05  0.24853E-06   0.14077E-06   0.15690E-17
       2  -0.76244E-04 -0.30012E-04  -0.42020E-04  -0.55167E-15
   --SCATTERING MATRIX--
     G/G'          1          2
      1      0.00000E+00  0.70131E-06
      2      0.00000E+00  0.00000E+00
    MATERIAL  8
     GROUP   TRANSPORT   ABSORPTION   NU*FISS       FISSION
       1  -0.30791E-05  0.26185E-06   0.14323E-06   0.16790E-17
       2  -0.73340E-04 -0.29193E-04  -0.40770E-04  -0.53526E-15
   --SCATTERING MATRIX--
     G/G'          1          2
      1      0.00000E+00  0.61738E-06
      2      0.00000E+00  0.00000E+00
    MATERIAL  9
     GROUP   TRANSPORT   ABSORPTION   NU*FISS       FISSION
       1  -0.35388E-05  0.27431E-06   0.14602E-06   0.17167E-17
       2  -0.71371E-04 -0.28304E-04  -0.39432E-04  -0.51769E-15
   --SCATTERING MATRIX--
     G/G'          1          2
      1      0.00000E+00  0.51655E-06
      2      0.00000E+00  0.00000E+00
    MATERIAL 10
     GROUP   TRANSPORT   ABSORPTION   NU*FISS       FISSION
       1  -0.26391E-05  0.26429E-06   0.15586E-06   0.17542E-17
       2  -0.63955E-04 -0.30351E-04  -0.44443E-04  -0.58348E-15
   --SCATTERING MATRIX--
     G/G'          1          2
      1      0.00000E+00  0.74432E-06
      2      0.00000E+00  0.00000E+00
    MATERIAL 11
     GROUP   TRANSPORT   ABSORPTION   NU*FISS       FISSION
       1  -0.30215E-05  0.27906E-06   0.15881E-06   0.18853E-17
       2  -0.61698E-04 -0.29563E-04  -0.43159E-04  -0.56662E-15
   --SCATTERING MATRIX--
     G/G'          1          2
      1      0.00000E+00  0.65952E-06
      2      0.00000E+00  0.00000E+00

  ...Moderator Temperature Card is sucessfully read...


            >>>>       READING COOLANT DENSITY      <<<<
            --------------------------------------------
  AVERAGE COOLANT DENSITY   :  0.7464  (USED AS GUESS)
  COOLANT DENSITY REFERENCE :  0.7125

  MATERIAL CX CHANGES PER COOLANT DENSITY CHANGES : 
    MATERIAL  1
     GROUP   TRANSPORT   ABSORPTION   NU*FISS       FISSION
       1   0.74576E-01  0.20769E-03   0.00000E+00   0.00000E+00
       2   0.53363E+00  0.75842E-02   0.00000E+00   0.00000E+00
   --SCATTERING MATRIX--
     G/G'          1          2
      1      0.00000E+00  0.37131E-01
      2      0.00000E+00  0.00000E+00
    MATERIAL  2
     GROUP   TRANSPORT   ABSORPTION   NU*FISS       FISSION
       1   0.00000E+00  0.00000E+00   0.00000E+00   0.00000E+00
       2   0.00000E+00  0.00000E+00   0.00000E+00   0.00000E+00
   --SCATTERING MATRIX--
     G/G'          1          2
      1      0.00000E+00  0.00000E+00
      2      0.00000E+00  0.00000E+00
    MATERIAL  3
     GROUP   TRANSPORT   ABSORPTION   NU*FISS       FISSION
       1   0.00000E+00  0.00000E+00   0.00000E+00   0.00000E+00
       2   0.00000E+00  0.00000E+00   0.00000E+00   0.00000E+00
   --SCATTERING MATRIX--
     G/G'          1          2
      1      0.00000E+00  0.00000E+00
      2      0.00000E+00  0.00000E+00
    MATERIAL  4
     GROUP   TRANSPORT   ABSORPTION   NU*FISS       FISSION
       1   0.13567E+00  0.15519E-02   0.92069E-03   0.10239E-13
       2   0.99263E+00  0.25266E-01   0.24775E-01   0.32526E-12
   --SCATTERING MATRIX--
     G/G'          1          2
      1      0.00000E+00  0.29319E-01
      2      0.00000E+00  0.00000E+00
    MATERIAL  5
     GROUP   TRANSPORT   ABSORPTION   NU*FISS       FISSION
       1   0.13575E+00  0.16149E-02   0.96416E-03   0.10814E-13
       2   0.98198E+00  0.28667E-01   0.31499E-01   0.41354E-12
   --SCATTERING MATRIX--
     G/G'          1          2
      1      0.00000E+00  0.29270E-01
      2      0.00000E+00  0.00000E+00
    MATERIAL  6
     GROUP   TRANSPORT   ABSORPTION   NU*FISS       FISSION
       1   0.13583E+00  0.16802E-02   0.10141E-02   0.11477E-13
       2   0.97227E+00  0.31957E-01   0.38110E-01   0.50033E-12
   --SCATTERING MATRIX--
     G/G'          1          2
      1      0.00000E+00  0.29215E-01
      2      0.00000E+00  0.00000E+00
    MATERIAL  7
     GROUP   TRANSPORT   ABSORPTION   NU*FISS       FISSION
       1   0.13103E+00  0.16840E-02   0.98195E-03   0.10814E-13
       2   0.93470E+00  0.31424E-01   0.35159E-01   0.46172E-12
   --SCATTERING MATRIX--
     G/G'          1          2
      1      0.00000E+00  0.28249E-01
      2      0.00000E+00  0.00000E+00
    MATERIAL  8
     GROUP   TRANSPORT   ABSORPTION   NU*FISS       FISSION
       1   0.12938E+00  0.17197E-02   0.98844E-03   0.11132E-13
       2   0.91817E+00  0.32472E-01   0.36325E-01   0.47708E-12
   --SCATTERING MATRIX--
     G/G'          1          2
      1      0.00000E+00  0.27890E-01
      2      0.00000E+00  0.00000E+00
    MATERIAL  9
     GROUP   TRANSPORT   ABSORPTION   NU*FISS       FISSION
       1   0.12768E+00  0.17499E-02   0.99518E-03   0.11221E-13
       2   0.90129E+00  0.33594E-01   0.37450E-01   0.49190E-12
   --SCATTERING MATRIX--
     G/G'          1          2
      1      0.00000E+00  0.27520E-01
      2      0.00000E+00  0.00000E+00
    MATERIAL 10
     GROUP   TRANSPORT   ABSORPTION   NU*FISS       FISSION
       1   0.13112E+00  0.17553E-02   0.10352E-02   0.11477E-13
       2   0.92492E+00  0.34985E-01   0.42069E-01   0.58348E-12
   --SCATTERING MATRIX--
     G/G'          1          2
      1      0.00000E+00  0.28188E-01
      2      0.00000E+00  0.00000E+00
    MATERIAL 11
     GROUP   TRANSPORT   ABSORPTION   NU*FISS       FISSION
       1   0.12946E+00  0.17950E-02   0.10429E-02   0.11853E-13
       2   0.90846E+00  0.36103E-01   0.43321E-01   0.56886E-12
   --SCATTERING MATRIX--
     G/G'          1          2
      1      0.00000E+00  0.27826E-01
      2      0.00000E+00  0.00000E+00

  ...Coolant Density Card is sucessfully read...
    1     0.850197    2.92315E+01    8.29353E+02
    2     0.993925    1.00000E+00    9.49735E+01
    3     0.976580    1.00000E+00    7.67572E+00
    4     0.974192    1.00000E+00    3.52179E+00
    5     0.976920    1.75683E+00    1.00000E+00
    6     0.981329    8.79418E-01    1.17488E+00
    7     0.979534    1.37315E-01    9.75501E-01
    8     0.979886    7.35462E-02    1.00000E+00
    9     0.980391    7.04643E-02    8.43674E-02
   10     0.989783    4.31073E+03    1.00000E+00
   11     0.992958    7.00941E+00    1.41383E+03
   12     0.989059    6.24855E-01    5.94892E+01
   13     0.988530    2.96390E-01    1.00000E+00
   14     0.988338    1.83157E-01    4.62254E-01
   15     0.987045    6.49915E-01    2.16992E-01
   16     0.987427    1.98584E-01    8.07681E-01
   17     0.988033    7.33687E-02    1.00000E+00
   18     0.988112    5.50963E-02    9.74001E-02
   19     0.988184    4.40567E-02    6.38356E-02
   20     0.989724    3.32657E+00    4.70624E-02
    1     0.999392    2.67345E-02    5.21660E-01
    2     0.999401    3.01981E-02    3.60729E-02
    3     0.999456    2.65854E-02    3.06752E-02
    4     0.999512    2.38261E-02    2.72433E-02
    5     1.000947    1.61969E+00    2.46057E-02
    6     1.001428    3.13179E-01    9.85865E-01
    7     1.000711    5.69703E-02    2.87039E+00
    8     1.000623    3.94329E-02    2.80378E-01
    9     1.000586    2.96608E-02    9.93004E-02
   10     1.000376    1.74017E-01    4.40164E-02
   11     1.000399    3.83463E-02    3.04571E-01
   12     1.000457    9.46889E-03    1.79387E-01
   13     1.000467    6.36050E-03    2.31895E-02
   14     1.000474    4.69989E-03    8.53870E-03
   15     1.000617    1.01817E-01    5.60157E-03
   16     1.000700    2.45190E-02    1.65284E-01
   17     1.000578    6.09723E-03    1.84754E-01
   18     1.000572    3.87522E-03    2.43338E-02
   19     1.000570    2.73817E-03    5.32858E-03
   20     1.000555    2.10929E-02    6.13703E-03
       1       1.000567    1.40531E-03    6.60698E-03
       2       1.000567    1.23153E-03    5.73961E-03
       3       1.000566    1.08625E-03    4.92378E-03
       4       1.000566    9.70370E-04    4.04966E-03
       5       1.000563    4.55758E-02    3.29013E-03
       6       1.000592    8.59337E-03    1.13134E-01
       7       1.000579    5.25833E-03    5.76085E-02
       8       1.000583    4.39851E-03    5.69168E-03
       9       1.000586    3.62722E-03    8.37502E-03
      10       1.000607    1.94628E-02    7.91518E-03
      11       1.000612    3.59675E-03    3.23883E-02
      12       1.000603    6.27118E-04    1.55527E-02
      13       1.000603    2.70163E-04    3.05877E-03
      14       1.000603    2.40421E-04    6.15503E-04
      15       1.000590    1.70231E-02    2.71459E-04
      16       1.000576    3.70450E-03    9.57178E-02
      17       1.000592    1.79503E-03    1.01618E-01
      18       1.000593    1.21026E-03    1.09952E-02
      19       1.000593    8.60165E-04    3.16949E-03
      20       1.000595    4.02307E-03    9.71046E-04
      21       1.000595    8.90783E-04    4.57107E-03
      22       1.000594    2.29600E-04    3.54364E-03
      23       1.000594    1.80763E-04    2.82485E-04
      24       1.000594    1.56697E-04    2.69656E-04
      25       1.000594    4.28357E-03    2.27846E-04
      26       1.000594    1.08530E-03    7.83631E-03
      27       1.000594    4.11326E-04    7.35202E-03
      28       1.000595    2.65788E-04    1.12287E-03
      29       1.000595    1.95443E-04    2.72177E-04
      30       1.000598    1.69292E-03    2.01802E-04
      31       1.000599    4.54050E-04    2.97625E-03
      32       1.000597    1.25822E-04    2.13649E-03
      33       1.000597    8.07469E-05    5.85919E-04
      34       1.000597    5.48433E-05    1.54963E-04
      35       1.000595    1.05201E-03    8.67457E-05
      36       1.000595    4.99871E-04    5.38461E-03
      37       1.000596    2.41322E-04    4.57497E-03
      38       1.000596    1.81303E-04    7.80893E-04
      39       1.000596    1.35604E-04    1.98668E-04
      40       1.000597    9.70004E-04    1.36684E-04
      41       1.000598    2.45652E-04    1.31588E-03
      42       1.000597    6.57626E-05    1.00465E-03
      43       1.000597    4.30425E-05    1.95871E-04
      44       1.000597    2.93547E-05    5.17386E-05
      45       1.000596    6.47981E-04    3.16197E-05
      46       1.000596    3.01481E-04    3.63720E-03
      47       1.000596    1.42176E-04    3.73288E-03
      48       1.000597    1.06545E-04    5.40973E-04
      49       1.000597    7.94746E-05    1.52623E-04
      50       1.000597    5.13740E-04    7.64210E-05
      51       1.000597    1.25757E-04    5.87643E-04
      52       1.000597    3.21911E-05    5.50133E-04
      53       1.000597    2.06864E-05    9.21416E-05
      54       1.000597    1.38949E-05    2.54277E-05
      55       1.000596    3.55717E-04    1.31070E-05
      56       1.000596    1.76607E-04    2.10303E-03
      57       1.000597    8.50256E-05    2.38306E-03
      58       1.000597    6.38861E-05    3.30616E-04
      59       1.000597    4.71353E-05    9.86461E-05
      60       1.000597    2.41867E-04    4.30662E-05
      61       1.000597    5.32499E-05    2.18106E-04
      62       1.000597    1.18047E-05    2.56727E-04
      63       1.000597    7.18952E-06    4.23976E-05
      64       1.000597    4.53011E-06    1.48680E-05
      65       1.000597    2.23113E-04    6.65737E-06
      66       1.000597    9.31403E-05    1.32627E-03
      67       1.000597    4.98059E-05    1.69049E-03
      68       1.000597    3.64495E-05    2.31937E-04
      69       1.000597    2.63524E-05    8.32476E-05
      70       1.000597    1.01645E-04    3.00024E-05
      71       1.000597    1.84160E-05    7.93756E-05
      72       1.000597    2.79829E-06    1.04222E-04
      73       1.000597    1.63410E-06    1.66230E-05
      74       1.000597    1.31647E-06    7.86063E-06

 ***********************************************
Effective Factor Multiplication : Keff = 1.000597
 ***********************************************

   INITIAL MULTIPLICATION EFFECTIVE (K-EFF) =  1.000597
   WARNING: THE STEADY STATE K-EFF IS NOT EQUAL TO 1.0
   AND NOW IT IS FORCED TO 1.0 BY MODIFYING THE nu*sigf CROSS SECTIONS 

       1       1.000059    5.51886E-04    3.38769E-03
       2       1.000023    8.15517E-05    4.12434E-03
       3       1.000021    3.09690E-05    6.54243E-05
       4       1.000021    1.72860E-05    6.08325E-05
       5       1.000021    5.27329E-05    1.90151E-05
       6       1.000021    1.54756E-05    1.38910E-04
       7       1.000021    3.65600E-06    1.36137E-04
       8       1.000021    2.82026E-06    2.44061E-05
       9       1.000021    2.49991E-06    7.11031E-06

 ***********************************************
Effective Factor Multiplication : Keff = 1.000021
 ***********************************************
       1       1.000002    2.06453E-05    1.23236E-04
       2       1.000001    4.50422E-06    1.43934E-04
       3       1.000001    2.68308E-06    3.71125E-06

 ***********************************************
Effective Factor Multiplication : Keff = 1.000001
 ***********************************************
    1     0.997845    5.09031E-01    7.62492E+00
    2     0.999756    3.68882E-02    4.64297E-01
    3     0.999901    1.17155E-02    2.82761E-02
    4     0.999907    6.48330E-03    1.29658E-02
     ...Fission Source Extrapolated...
    5     0.999942    1.99741E-02    7.68292E-03
    6     0.999919    7.51105E-03    1.37387E-02
    7     0.999960    1.51811E-03    7.22005E-03
    8     0.999960    6.96046E-04    1.62929E-03
    9     0.999961    4.74528E-04    7.80828E-04
     ...Fission Source Extrapolated...
   10     1.000005    8.26754E-03    4.78325E-04
   11     0.999997    3.63436E-03    1.39667E-02
   12     1.000030    1.95416E-03    4.84161E-03
   13     1.000028    6.43192E-04    1.48767E-03
   14     1.000022    3.11724E-04    6.53590E-04
     ...Fission Source Extrapolated...
   15     1.000007    8.46683E-04    3.29961E-04
   16     1.000012    3.05079E-04    8.24786E-04
   17     1.000016    8.57227E-05    2.89167E-04
   18     1.000016    7.38644E-05    8.06842E-05
   19     1.000016    6.74535E-05    7.29615E-05
     ...Fission Source Extrapolated...
   20     1.000018    1.16518E-03    6.67937E-05
   21     1.000017    3.10410E-04    1.13629E-03
   22     1.000019    1.45519E-04    3.20205E-04
   23     1.000019    4.14320E-05    7.81831E-05
   24     1.000019    3.31975E-05    4.08434E-05
     ...Fission Source Extrapolated...
   25     1.000018    5.04656E-04    3.49782E-05
   26     1.000018    2.05715E-04    4.34647E-04
   27     1.000021    5.04302E-05    1.95085E-04
   28     1.000021    1.62688E-05    4.09873E-05
   29     1.000020    1.23321E-05    1.74695E-05
     ...Fission Source Extrapolated...
   30     1.000020    6.08366E-05    1.38469E-05
   31     1.000020    2.58735E-05    6.21710E-05
   32     1.000020    8.00473E-06    2.25264E-05
   33     1.000020    5.59192E-06    7.79824E-06

 ***********************************************
Effective Factor Multiplication : Keff = 1.000020
 ***********************************************
       1       0.953899    2.17006E-01    1.00000E+00
       2       0.996483    1.61754E-01    1.00000E+00
       3       0.999041    7.00451E-02    1.79241E-01
       4       0.999134    3.86268E-02    1.72883E-01
       5       0.999163    1.31873E-01    6.10501E-02
       6       0.999223    4.57951E-02    3.05313E-01
       7       0.999425    6.84594E-03    2.22849E-01
       8       0.999437    5.00039E-03    4.90062E-02
       9       0.999456    3.71253E-03    4.90566E-03
      10       0.999958    7.75753E-02    3.66414E-03
      11       1.000000    1.88265E-02    2.11020E-01
      12       1.000073    5.78529E-03    4.03870E-01
      13       1.000019    3.57392E-03    1.05807E-02
      14       0.999994    2.47681E-03    2.79536E-03
      15       0.999920    1.10914E-02    2.76689E-03
      16       0.999956    3.27982E-03    2.11936E-02
      17       0.999967    7.36008E-04    8.07481E-03
      18       0.999969    5.40754E-04    6.42059E-04
      19       0.999970    4.74238E-04    1.15426E-03
      20       0.999993    8.23070E-03    8.55646E-04
      21       0.999989    2.15294E-03    3.19292E-02
      22       0.999995    7.20508E-04    3.66292E-02
      23       0.999993    4.60790E-04    3.38804E-03
      24       0.999992    3.21630E-04    3.66668E-04
      25       0.999991    3.43475E-03    4.33302E-04
      26       0.999994    1.40090E-03    9.62865E-03
      27       1.000000    2.10596E-04    6.79337E-03
      28       0.999999    1.42411E-04    1.16870E-03
      29       0.999999    1.03007E-04    1.84008E-04
      30       1.000000    6.91549E-04    3.07310E-04
      31       1.000001    2.29882E-04    3.44179E-03
      32       1.000001    8.85861E-05    2.74498E-03
      33       1.000001    7.29028E-05    2.81719E-04
      34       1.000001    6.03829E-05    8.35420E-05
      35       1.000000    9.34259E-04    1.15703E-04
      36       0.999999    3.53898E-04    2.99826E-03
      37       1.000001    4.77261E-05    2.53443E-03
      38       1.000001    3.40067E-05    2.79887E-04
      39       1.000001    2.31716E-05    3.71618E-05
      40       1.000001    1.54116E-04    7.75254E-05
      41       1.000001    6.06650E-05    7.83409E-04
      42       1.000001    2.33384E-05    4.58810E-04
      43       1.000001    1.87023E-05    4.64302E-05
      44       1.000001    1.55143E-05    3.13213E-05
      45       1.000001    2.52370E-04    3.32761E-05
      46       1.000000    9.51497E-05    1.19059E-03
      47       1.000001    1.57089E-05    1.17732E-03
      48       1.000001    1.13865E-05    1.27263E-04
      49       1.000001    7.83600E-06    1.02934E-05
      50       1.000001    5.82441E-05    1.85607E-05
      51       1.000001    2.32483E-05    2.24306E-04
      52       1.000001    8.87370E-06    1.03904E-04
      53       1.000001    6.83251E-06    1.47776E-05
      54       1.000001    5.38692E-06    1.05794E-05
      55       1.000001    8.63347E-05    1.08497E-05
      56       1.000001    3.24242E-05    4.68694E-04
      57       1.000001    6.24830E-06    4.93022E-04
      58       1.000001    4.75031E-06    5.45340E-05
      59       1.000001    3.43095E-06    5.27231E-06

 ***********************************************
Effective Factor Multiplication : Keff = 1.000001
 ***********************************************

  TRANSIENT RESULTS :

  Step  Time(s)  React.($)   Rel. Power   Avg. Tm   Max. Tm   Avg. Tf   Max. Tf
 --------------------------------------------------------------------------------
   0     0.000    0.0000     1.0000E-06    286.00    286.00    286.00    286.00
   1     0.005    0.0025     1.0019E-06    286.00    286.00    286.00    286.00
   2     0.010    0.0103     1.0082E-06    286.00    286.00    286.00    286.00
   3     0.015    0.0287     1.0232E-06    286.00    286.00    286.00    286.00
   4     0.020    0.0618     1.0510E-06    286.00    286.00    286.00    286.00
   5     0.025    0.1108     1.0958E-06    286.00    286.00    286.00    286.00
   6     0.030    0.1789     1.1636E-06    286.00    286.00    286.00    286.00
   7     0.035    0.2663     1.2633E-06    286.00    286.00    286.00    286.00
   8     0.040    0.3713     1.4079E-06    286.00    286.00    286.00    286.00
   9     0.045    0.4730     1.5981E-06    286.00    286.00    286.00    286.00
  10     0.050    0.5707     1.8441E-06    286.00    286.00    286.00    286.00
  11     0.055    0.6638     2.1643E-06    286.00    286.00    286.00    286.00
  12     0.060    0.7502     2.5846E-06    286.00    286.00    286.00    286.00
  13     0.065    0.8275     3.1392E-06    286.00    286.00    286.00    286.00
  14     0.070    0.8835     3.8288E-06    286.00    286.00    286.00    286.00
  15     0.075    0.9297     4.6874E-06    286.00    286.00    286.00    286.00
  16     0.080    0.9672     5.7547E-06    286.00    286.00    286.00    286.00
  17     0.085    0.9963     7.0692E-06    286.00    286.00    286.00    286.00
  18     0.090    1.0156     8.6364E-06    286.00    286.00    286.00    286.00
  19     0.095    1.0252     1.0421E-05    286.00    286.00    286.00    286.00
  20     0.100    1.0283     1.2366E-05    286.00    286.00    286.00    286.00
  21     0.105    1.0293     1.4466E-05    286.00    286.00    286.00    286.00
  22     0.110    1.0300     1.6735E-05    286.00    286.00    286.00    286.00
  23     0.115    1.0307     1.9197E-05    286.00    286.00    286.00    286.00
  24     0.120    1.0312     2.1864E-05    286.00    286.00    286.00    286.00
  25     0.125    1.0316     2.4756E-05    286.00    286.00    286.00    286.00
  26     0.130    1.0320     2.7897E-05    286.00    286.00    286.00    286.00
  27     0.135    1.0323     3.1307E-05    286.00    286.00    286.00    286.00
  28     0.140    1.0325     3.5013E-05    286.00    286.00    286.00    286.00
  29     0.145    1.0328     3.9057E-05    286.00    286.00    286.00    286.00
  30     0.150    1.0330     4.3457E-05    286.00    286.00    286.00    286.00
  31     0.155    1.0331     4.8238E-05    286.00    286.00    286.00    286.00
  32     0.160    1.0333     5.3454E-05    286.00    286.00    286.00    286.00
  33     0.165    1.0334     5.9126E-05    286.00    286.00    286.00    286.00
  34     0.170    1.0336     6.5339E-05    286.00    286.00    286.00    286.00
  35     0.175    1.0337     7.2097E-05    286.00    286.00    286.00    286.00
  36     0.180    1.0338     7.9491E-05    286.00    286.00    286.00    286.00
  37     0.185    1.0338     8.7552E-05    286.00    286.00    286.00    286.00
  38     0.190    1.0339     9.6345E-05    286.00    286.00    286.00    286.00
  39     0.195    1.0340     1.0595E-04    286.00    286.00    286.00    286.00
  40     0.200    1.0341     1.1647E-04    286.00    286.00    286.00    286.00
  41     0.205    1.0341     1.2797E-04    286.00    286.00    286.00    286.00
  42     0.210    1.0342     1.4053E-04    286.00    286.00    286.00    286.00
  43     0.215    1.0342     1.5425E-04    286.00    286.00    286.00    286.01
  44     0.220    1.0342     1.6924E-04    286.00    286.00    286.00    286.01
  45     0.225    1.0343     1.8567E-04    286.00    286.00    286.00    286.01
  46     0.230    1.0343     2.0362E-04    286.00    286.00    286.00    286.01
  47     0.235    1.0343     2.2321E-04    286.00    286.00    286.00    286.01
  48     0.240    1.0344     2.4466E-04    286.00    286.00    286.00    286.01
  49     0.245    1.0344     2.6810E-04    286.00    286.00    286.00    286.01
  50     0.250    1.0344     2.9371E-04    286.00    286.00    286.00    286.01
  51     0.255    1.0344     3.2173E-04    286.00    286.00    286.00    286.01
  52     0.260    1.0345     3.5247E-04    286.00    286.00    286.00    286.01
  53     0.265    1.0345     3.8614E-04    286.00    286.00    286.00    286.01
  54     0.270    1.0345     4.2295E-04    286.00    286.00    286.00    286.02
  55     0.275    1.0345     4.6314E-04    286.00    286.00    286.00    286.02
  56     0.280    1.0345     5.0719E-04    286.00    286.00    286.00    286.02
  57     0.285    1.0345     5.5526E-04    286.00    286.00    286.00    286.02
  58     0.290    1.0345     6.0777E-04    286.00    286.00    286.00    286.02
  59     0.295    1.0346     6.6548E-04    286.00    286.00    286.00    286.02
  60     0.300    1.0345     7.2851E-04    286.00    286.00    286.00    286.03
  61     0.305    1.0345     7.9735E-04    286.00    286.00    286.00    286.03
  62     0.310    1.0346     8.7290E-04    286.00    286.00    286.00    286.03
  63     0.315    1.0346     9.5553E-04    286.00    286.00    286.01    286.03
  64     0.320    1.0345     1.0457E-03    286.00    286.00    286.01    286.04
  65     0.325    1.0346     1.1446E-03    286.00    286.00    286.01    286.04
  66     0.330    1.0345     1.2525E-03    286.00    286.00    286.01    286.05
  67     0.335    1.0346     1.3709E-03    286.00    286.00    286.01    286.05
  68     0.340    1.0346     1.5004E-03    286.00    286.00    286.01    286.05
  69     0.345    1.0345     1.6416E-03    286.00    286.00    286.01    286.06
  70     0.350    1.0345     1.7964E-03    286.00    286.00    286.01    286.07
  71     0.355    1.0345     1.9658E-03    286.00    286.00    286.01    286.07
  72     0.360    1.0345     2.1514E-03    286.00    286.00    286.01    286.08
  73     0.365    1.0345     2.3542E-03    286.00    286.00    286.01    286.09
  74     0.370    1.0345     2.5760E-03    286.00    286.00    286.01    286.09
  75     0.375    1.0345     2.8188E-03    286.00    286.00    286.02    286.10
  76     0.380    1.0345     3.0844E-03    286.00    286.00    286.02    286.11
  77     0.385    1.0345     3.3739E-03    286.00    286.00    286.02    286.12
  78     0.390    1.0344     3.6911E-03    286.00    286.00    286.02    286.13
  79     0.395    1.0344     4.0378E-03    286.00    286.00    286.02    286.15
  80     0.400    1.0344     4.4174E-03    286.00    286.00    286.02    286.16
  81     0.405    1.0344     4.8321E-03    286.00    286.00    286.03    286.18
  82     0.410    1.0343     5.2851E-03    286.00    286.00    286.03    286.19
  83     0.415    1.0343     5.7802E-03    286.00    286.00    286.03    286.21
  84     0.420    1.0343     6.3237E-03    286.00    286.00    286.04    286.23
  85     0.425    1.0342     6.9133E-03    286.00    286.00    286.04    286.25
  86     0.430    1.0342     7.5619E-03    286.00    286.00    286.04    286.28
  87     0.435    1.0342     8.2712E-03    286.00    286.01    286.05    286.30
  88     0.440    1.0341     9.0443E-03    286.00    286.01    286.05    286.33
  89     0.445    1.0341     9.8894E-03    286.00    286.01    286.05    286.36
  90     0.450    1.0340     1.0814E-02    286.00    286.01    286.06    286.40
  91     0.455    1.0339     1.1821E-02    286.00    286.01    286.07    286.43
  92     0.460    1.0339     1.2922E-02    286.00    286.01    286.07    286.47
  93     0.465    1.0338     1.4127E-02    286.00    286.01    286.08    286.52
  94     0.470    1.0337     1.5442E-02    286.00    286.01    286.09    286.57
  95     0.475    1.0336     1.6875E-02    286.00    286.01    286.09    286.62
  96     0.480    1.0335     1.8440E-02    286.00    286.01    286.10    286.68
  97     0.485    1.0334     2.0146E-02    286.00    286.01    286.11    286.74
  98     0.490    1.0333     2.2008E-02    286.00    286.01    286.12    286.81
  99     0.495    1.0332     2.4044E-02    286.00    286.02    286.13    286.89
 100     0.500    1.0330     2.6259E-02    286.00    286.02    286.15    286.97
 101     0.505    1.0328     2.8669E-02    286.00    286.02    286.16    287.06
 102     0.510    1.0327     3.1295E-02    286.00    286.02    286.18    287.16
 103     0.515    1.0325     3.4153E-02    286.00    286.02    286.19    287.26
 104     0.520    1.0323     3.7270E-02    286.00    286.03    286.21    287.38
 105     0.525    1.0321     4.0654E-02    286.00    286.03    286.23    287.51
 106     0.530    1.0318     4.4331E-02    286.00    286.03    286.25    287.65
 107     0.535    1.0315     4.8308E-02    286.00    286.03    286.27    287.80
 108     0.540    1.0313     5.2662E-02    286.00    286.04    286.30    287.97
 109     0.545    1.0310     5.7365E-02    286.00    286.04    286.32    288.15
 110     0.550    1.0306     6.2464E-02    286.01    286.04    286.35    288.34
 111     0.555    1.0302     6.7971E-02    286.01    286.05    286.39    288.55
 112     0.560    1.0298     7.3940E-02    286.01    286.05    286.42    288.79
 113     0.565    1.0294     8.0389E-02    286.01    286.06    286.46    289.04
 114     0.570    1.0289     8.7333E-02    286.01    286.06    286.50    289.31
 115     0.575    1.0284     9.4859E-02    286.01    286.07    286.55    289.61
 116     0.580    1.0278     1.0294E-01    286.01    286.07    286.59    289.93
 117     0.585    1.0272     1.1166E-01    286.01    286.08    286.65    290.28
 118     0.590    1.0266     1.2097E-01    286.01    286.09    286.70    290.66
 119     0.595    1.0259     1.3096E-01    286.01    286.09    286.77    291.07
 120     0.600    1.0251     1.4163E-01    286.01    286.10    286.83    291.52
 121     0.605    1.0242     1.5303E-01    286.01    286.11    286.90    292.00
 122     0.610    1.0233     1.6527E-01    286.01    286.12    286.98    292.51
 123     0.615    1.0223     1.7817E-01    286.02    286.13    287.07    293.07
 124     0.620    1.0213     1.9188E-01    286.02    286.14    287.16    293.67
 125     0.625    1.0201     2.0634E-01    286.02    286.16    287.25    294.32
 126     0.630    1.0189     2.2159E-01    286.02    286.17    287.36    295.01
 127     0.635    1.0176     2.3762E-01    286.02    286.19    287.47    295.75
 128     0.640    1.0162     2.5429E-01    286.02    286.20    287.59    296.55
 129     0.645    1.0147     2.7174E-01    286.03    286.22    287.71    297.39
 130     0.650    1.0131     2.8992E-01    286.03    286.24    287.85    298.30
 131     0.655    1.0114     3.0863E-01    286.03    286.26    287.99    299.26
 132     0.660    1.0095     3.2790E-01    286.03    286.28    288.14    300.28
 133     0.665    1.0076     3.4761E-01    286.04    286.30    288.30    301.36
 134     0.670    1.0055     3.6767E-01    286.04    286.33    288.47    302.51
 135     0.675    1.0033     3.8786E-01    286.04    286.35    288.65    303.71
 136     0.680    1.0010     4.0806E-01    286.04    286.38    288.84    304.98
 137     0.685    0.9986     4.2826E-01    286.05    286.41    289.04    306.31
 138     0.690    0.9960     4.4817E-01    286.05    286.44    289.24    307.69
 139     0.695    0.9933     4.6754E-01    286.06    286.47    289.45    309.14
 140     0.700    0.9905     4.8643E-01    286.06    286.51    289.67    310.65
 141     0.705    0.9876     5.0453E-01    286.06    286.55    289.90    312.20
 142     0.710    0.9846     5.2164E-01    286.07    286.59    290.13    313.81
 143     0.715    0.9815     5.3766E-01    286.07    286.63    290.37    315.47
 144     0.720    0.9782     5.5248E-01    286.08    286.67    290.62    317.17
 145     0.725    0.9749     5.6604E-01    286.09    286.72    290.87    318.91
 146     0.730    0.9715     5.7800E-01    286.09    286.77    291.12    320.68
 147     0.735    0.9680     5.8842E-01    286.10    286.82    291.38    322.49
 148     0.740    0.9644     5.9708E-01    286.10    286.87    291.64    324.31
 149     0.745    0.9608     6.0405E-01    286.11    286.93    291.90    326.16
 150     0.750    0.9571     6.0932E-01    286.12    286.98    292.16    328.02
 151     0.755    0.9534     6.1270E-01    286.12    287.04    292.42    329.89
 152     0.760    0.9496     6.1469E-01    286.13    287.10    292.68    331.76
 153     0.765    0.9458     6.1488E-01    286.14    287.17    292.93    333.63
 154     0.770    0.9420     6.1377E-01    286.15    287.24    293.19    335.49
 155     0.775    0.9381     6.1108E-01    286.16    287.30    293.44    337.34
 156     0.780    0.9343     6.0715E-01    286.16    287.37    293.69    339.18
 157     0.785    0.9304     6.0192E-01    286.17    287.45    293.93    341.00
 158     0.790    0.9265     5.9559E-01    286.18    287.52    294.17    342.80
 159     0.795    0.9227     5.8841E-01    286.19    287.60    294.40    344.57
 160     0.800    0.9189     5.8060E-01    286.20    287.68    294.63    346.32
 161     0.805    0.9150     5.7205E-01    286.21    287.76    294.85    348.04
 162     0.810    0.9112     5.6309E-01    286.22    287.84    295.07    349.73
 163     0.815    0.9075     5.5369E-01    286.23    287.92    295.28    351.39
 164     0.820    0.9037     5.4410E-01    286.24    288.00    295.49    353.02
 165     0.825    0.9000     5.3434E-01    286.25    288.09    295.69    354.62
 166     0.830    0.8963     5.2464E-01    286.26    288.18    295.88    356.18
 167     0.835    0.8927     5.1488E-01    286.27    288.27    296.07    357.72
 168     0.840    0.8890     5.0532E-01    286.28    288.36    296.25    359.22
 169     0.845    0.8854     4.9591E-01    286.29    288.45    296.43    360.70
 170     0.850    0.8819     4.8687E-01    286.30    288.54    296.61    362.15
 171     0.855    0.8783     4.7783E-01    286.32    288.64    296.78    363.56
 172     0.860    0.8748     4.6915E-01    286.33    288.73    296.94    364.96
 173     0.865    0.8713     4.6064E-01    286.34    288.82    297.10    366.32
 174     0.870    0.8679     4.5250E-01    286.35    288.92    297.26    367.66
 175     0.875    0.8644     4.4458E-01    286.36    289.02    297.41    368.97
 176     0.880    0.8611     4.3701E-01    286.37    289.12    297.56    370.26
 177     0.885    0.8577     4.2977E-01    286.39    289.21    297.70    371.53
 178     0.890    0.8544     4.2285E-01    286.40    289.31    297.84    372.77
 179     0.895    0.8510     4.1623E-01    286.41    289.41    297.98    374.00
 180     0.900    0.8478     4.0988E-01    286.42    289.52    298.12    375.20
 181     0.905    0.8445     4.0381E-01    286.44    289.62    298.25    376.38
 182     0.910    0.8413     3.9801E-01    286.45    289.72    298.38    377.55
 183     0.915    0.8381     3.9244E-01    286.46    289.82    298.50    378.70
 184     0.920    0.8349     3.8712E-01    286.47    289.93    298.63    379.83
 185     0.925    0.8318     3.8202E-01    286.49    290.03    298.75    380.95
 186     0.930    0.8286     3.7713E-01    286.50    290.13    298.87    382.05
 187     0.935    0.8255     3.7244E-01    286.51    290.23    298.99    383.13
 188     0.940    0.8225     3.6786E-01    286.52    290.33    299.10    384.21
 189     0.945    0.8194     3.6358E-01    286.54    290.43    299.22    385.26
 190     0.950    0.8164     3.5942E-01    286.55    290.54    299.33    386.31
 191     0.955    0.8134     3.5543E-01    286.56    290.64    299.44    387.34
 192     0.960    0.8105     3.5156E-01    286.58    290.74    299.55    388.36
 193     0.965    0.8075     3.4787E-01    286.59    290.84    299.65    389.37
 194     0.970    0.8046     3.4424E-01    286.60    290.94    299.76    390.36
 195     0.975    0.8017     3.4083E-01    286.61    291.04    299.86    391.35
 196     0.980    0.7989     3.3749E-01    286.63    291.14    299.96    392.33
 197     0.985    0.7960     3.3422E-01    286.64    291.24    300.06    393.29
 198     0.990    0.7932     3.3111E-01    286.65    291.34    300.16    394.24
 199     0.995    0.7904     3.2806E-01    286.66    291.44    300.26    395.19
 200     1.000    0.7877     3.2513E-01    286.68    291.55    300.36    396.13
 201     1.100    0.7755     3.4292E-01    286.89    293.27    302.47    415.69
 202     1.200    0.7501     3.0868E-01    287.09    294.89    304.21    432.86
 203     1.300    0.6946     2.8093E-01    287.27    296.36    305.69    448.04
 204     1.400    0.6669     2.6134E-01    287.42    297.65    306.97    461.70
 205     1.500    0.6392     2.4742E-01    287.55    298.77    308.10    474.16
 206     1.600    0.6157     2.3717E-01    287.66    299.74    309.13    485.63
 207     1.700    0.5955     2.2944E-01    287.76    300.53    310.06    496.26
 208     1.800    0.5820     2.2337E-01    287.83    301.20    310.92    506.15
 209     1.900    0.5626     2.1873E-01    287.90    301.77    311.71    515.39
 210     2.000    0.5489     2.1499E-01    287.96    302.25    312.45    524.05
 211     2.100    0.5364     2.1187E-01    288.01    302.67    313.13    532.17
 212     2.200    0.5251     2.0934E-01    288.06    303.03    313.77    539.81
 213     2.300    0.5146     2.0717E-01    288.10    303.35    314.38    547.00
 214     2.400    0.5049     2.0533E-01    288.13    303.64    314.94    553.78
 215     2.500    0.4958     2.0370E-01    288.17    303.91    315.47    560.17
 216     2.600    0.4873     2.0238E-01    288.20    304.15    315.97    566.29
 217     2.700    0.4792     2.0120E-01    288.23    304.38    316.44    572.15
 218     2.800    0.4716     2.0025E-01    288.26    304.59    316.89    577.71
 219     2.900    0.4644     1.9941E-01    288.29    304.79    317.32    583.00
 220     3.000    0.4576     1.9868E-01    288.31    304.97    317.72    588.02
 221     3.100    0.4510     1.9809E-01    288.34    305.15    318.10    592.81
 222     3.200    0.4448     1.9761E-01    288.36    305.32    318.47    597.38
 223     3.300    0.4389     1.9719E-01    288.39    305.48    318.82    601.75
 224     3.400    0.4332     1.9680E-01    288.41    305.64    319.15    605.92
 225     3.500    0.4277     1.9652E-01    288.43    305.79    319.47    609.91
 226     3.600    0.4225     1.9636E-01    288.45    305.93    319.78    613.74
 227     3.700    0.4174     1.9611E-01    288.47    306.07    320.07    617.41
 228     3.800    0.4126     1.9608E-01    288.49    306.20    320.36    620.94
 229     3.900    0.4079     1.9598E-01    288.50    306.33    320.63    624.33
 230     4.000    0.4034     1.9597E-01    288.52    306.45    320.89    627.60
 231     4.100    0.3991     1.9596E-01    288.54    306.57    321.14    630.75
 232     4.200    0.3949     1.9597E-01    288.56    306.69    321.39    633.78
 233     4.300    0.3908     1.9600E-01    288.57    306.80    321.62    636.71
 234     4.400    0.3869     1.9605E-01    288.59    306.91    321.85    639.54
 235     4.500    0.3830     1.9613E-01    288.60    307.02    322.07    642.28
 236     4.600    0.3794     1.9625E-01    288.62    307.12    322.28    644.93
 237     4.700    0.3758     1.9644E-01    288.63    307.22    322.49    647.50
 238     4.800    0.3723     1.9661E-01    288.64    307.32    322.69    649.99
 239     4.900    0.3689     1.9680E-01    288.66    307.41    322.88    652.41
 240     5.000    0.3656     1.9702E-01    288.67    307.51    323.07    654.76


     Radial Power Distribution
   ==============================
           1       2       3       4       5       6       7       8       9
     9   0.941   1.487   0.753   1.046   0.986   0.529   0.205   0.285   0.000
     8   1.487   3.050   2.225   2.205   1.548   0.588   0.586   0.451   0.000
     7   0.753   2.225   1.245   1.619   0.785   0.766   0.398   0.000   0.000
     6   1.046   2.205   1.619   1.540   1.071   0.994   0.575   0.000   0.000
     5   0.986   1.548   0.785   1.071   0.573   0.724   0.000   0.000   0.000
     4   0.529   0.588   0.766   0.994   0.724   0.000   0.000   0.000   0.000
     3   0.205   0.586   0.398   0.575   0.000   0.000   0.000   0.000   0.000
     2   0.285   0.451   0.000   0.000   0.000   0.000   0.000   0.000   0.000
     1   0.000   0.000   0.000   0.000   0.000   0.000   0.000   0.000   0.000

   MAX POS.       Maximum Value
  (  8,  2)          3.050


     Axial Power Density Distribution
   ====================================

     Plane Number        Power      Height
    -----------------------------------------
        18  (Top)        0.000      427.30
        17               0.133      397.30
        16               0.247      389.30
        15               0.407      376.50
        14               0.666      363.70
        13               1.004      333.70
        12               1.300      303.70
        11               1.542      273.70
        10               1.716      243.70
         9               1.806      213.70
         8               1.793      183.70
         7               1.659      153.70
         6               1.394      123.70
         5               0.999       93.70
         4               0.633       63.70
         3               0.403       48.70
         2               0.299       37.70
         1  (Bottom)     0.000       30.00

   MAX POS.       Maximum Value
    (  9)             1.806

     Radial Flux Distribution
   ==============================
    Group :   1
             1          2          3          4          5          6          7          8          9
     9   5.767E-02  4.846E-02  3.225E-02  3.391E-02  2.963E-02  1.626E-02  8.718E-03  7.445E-03  1.130E-03 
     8   4.846E-02  4.649E-02  3.546E-02  3.331E-02  2.436E-02  1.250E-02  8.937E-03  5.936E-03  8.201E-04 
     7   3.225E-02  3.546E-02  2.645E-02  2.567E-02  1.665E-02  1.253E-02  7.160E-03  1.787E-03  2.158E-04 
     6   3.391E-02  3.331E-02  2.567E-02  2.312E-02  1.709E-02  1.435E-02  7.661E-03  8.921E-04  0.000E+00 
     5   2.963E-02  2.436E-02  1.665E-02  1.709E-02  1.207E-02  9.624E-03  2.471E-03  2.792E-04  0.000E+00 
     4   1.626E-02  1.250E-02  1.253E-02  1.435E-02  9.624E-03  2.379E-03  3.905E-04  0.000E+00  0.000E+00 
     3   8.718E-03  8.937E-03  7.160E-03  7.661E-03  2.471E-03  3.905E-04  0.000E+00  0.000E+00  0.000E+00 
     2   7.445E-03  5.936E-03  1.787E-03  8.921E-04  2.792E-04  0.000E+00  0.000E+00  0.000E+00  0.000E+00 
     1   1.130E-03  8.201E-04  2.158E-04  0.000E+00  0.000E+00  0.000E+00  0.000E+00  0.000E+00  0.000E+00 

    Group :   2
             1          2          3          4          5          6          7          8          9
     9   6.999E-02  4.629E-02  2.721E-02  3.253E-02  3.665E-02  1.636E-02  7.383E-03  7.603E-03  6.172E-04 
     8   4.629E-02  5.666E-02  3.454E-02  4.100E-02  2.402E-02  1.062E-02  7.809E-03  6.034E-03  4.475E-04 
     7   2.721E-02  3.454E-02  2.250E-02  2.511E-02  1.417E-02  1.181E-02  5.168E-03  8.376E-04  1.053E-04 
     6   3.253E-02  4.100E-02  2.511E-02  2.853E-02  1.653E-02  1.324E-02  7.677E-03  4.787E-04  0.000E+00 
     5   3.665E-02  2.402E-02  1.417E-02  1.653E-02  1.031E-02  9.673E-03  1.200E-03  1.330E-04  0.000E+00 
     4   1.636E-02  1.062E-02  1.181E-02  1.324E-02  9.673E-03  1.151E-03  1.815E-04  0.000E+00  0.000E+00 
     3   7.383E-03  7.809E-03  5.168E-03  7.677E-03  1.200E-03  1.815E-04  0.000E+00  0.000E+00  0.000E+00 
     2   7.603E-03  6.034E-03  8.376E-04  4.787E-04  1.330E-04  0.000E+00  0.000E+00  0.000E+00  0.000E+00 
     1   6.172E-04  4.475E-04  1.053E-04  0.000E+00  0.000E+00  0.000E+00  0.000E+00  0.000E+00  0.000E+00 

