                                                                                
      /\               /\                                                       
     //\\             //\\                                                      
    //**\\           //**\\                                                     
   //****\\         //****\\                                                    
  //******\\       //******\\   ____                   _   _           _        
  ---------   /*\   ---------  / __ \                 | \ | |         | |       
             (***)            | |  | |_ __   ___ _ __ |  \| | ___   __| | ___   
              \*/             | |  | | "_ \ / _ \ "_ \| . ` |/ _"\ / _" |/ _ \  
                              | |__| | |_) |  __/ | | | |\  | |_) | (_| |  __/  
              //\\             \____/| .__/ \___)_| |_|_| \_|\___/ \___/ \___|  
             //**\\                  | |                                        
            //****\\                 |_|                                        
           //******\\                                                           
           ----------                                                           
                                                                                
 ____________________________________________________________
          | The OpenNode, Nodal Methods for Neutron Diffusion
 Version  | Version Number: 1.1                              
 Copyright| 2021 Radiation & Nuclear System Laboratory       
          | University Abdelmalk Essaadi                     
          | Faculty of Sciences, Tetouan, Morocco            
 Source   | FORTRAN90 version                                
 GUI      | PyQt5                                            
 Method   | The Nodal Expansion Method (NEM)                 
 Dimension| Three Dimensions (3D)                            
 Geometry | Cartesian                                        
 ____________________________________________________________
                        =====================
   Calculation Mode :    Forward Calculation 
   ----------------     =====================

            --------------------------------------------
            >>>> Writing Macroscopic Cross Sections <<<<
            --------------------------------------------
     Material  1
    Group   Transport    Diffusion  Absorption    Removal      Nu*Fiss      Kap*Fis    Fiss. Spctr
       1     0.115860    2.877036    0.004602    0.028203     0.011878     0.003912     0.768000
       2     0.212200    1.570845    0.003659    0.005275     0.005325     0.001829     0.232000
       3     0.461370    0.722486    0.012928    0.017612     0.010471     0.003633     0.000000
       4     0.345700    0.964227    0.026546    0.026546     0.026611     0.009241     0.000000
         --Scattering Matrix--
           G/G'          1          2          3          4
            1        0.000000    0.023597    0.000004    0.000000
            2        0.000000    0.000000    0.001615    0.000000
            3        0.000000    0.000000    0.000000    0.004684
            4        0.000000    0.000000    0.000000    0.000000
     Material  2
    Group   Transport    Diffusion  Absorption    Removal      Nu*Fiss      Kap*Fis    Fiss. Spctr
       1     0.115880    2.876539    0.005420    0.028687     0.014943     0.004853     0.768000
       2     0.212120    1.571438    0.004477    0.006049     0.007689     0.002638     0.232000
       3     0.467690    0.712723    0.015168    0.019509     0.014809     0.005133     0.000000
       4     0.353480    0.943005    0.033714    0.033714     0.038159     0.013238     0.000000
         --Scattering Matrix--
           G/G'          1          2          3          4
            1        0.000000    0.023262    0.000005    0.000000
            2        0.000000    0.000000    0.001572    0.000000
            3        0.000000    0.000000    0.000000    0.004341
            4        0.000000    0.000000    0.000000    0.000000
     Material  3
    Group   Transport    Diffusion  Absorption    Removal      Nu*Fiss      Kap*Fis    Fiss. Spctr
       1     0.145840    2.285610    0.003884    0.035959     0.007743     0.002769     0.768000
       2     0.284430    1.171935    0.003107    0.005885     0.000108     0.000044     0.232000
       3     0.527020    0.632487    0.010143    0.016040     0.000297     0.000123     0.000000
       4     0.407310    0.818377    0.013349    0.013349     0.000847     0.000350     0.000000
         --Scattering Matrix--
           G/G'          1          2          3          4
            1        0.000000    0.032071    0.000004    0.000000
            2        0.000000    0.000000    0.002778    0.000000
            3        0.000000    0.000000    0.000000    0.005897
            4        0.000000    0.000000    0.000000    0.000000
     Material  4
    Group   Transport    Diffusion  Absorption    Removal      Nu*Fiss      Kap*Fis    Fiss. Spctr
       1     0.122690    2.716875    0.002768    0.029093     0.005429     0.001945     0.768000
       2     0.231330    1.440943    0.002201    0.004490     0.000076     0.000031     0.232000
       3     0.462730    0.720362    0.007728    0.013082     0.000212     0.000088     0.000000
       4     0.337490    0.987684    0.009956    0.009956     0.000576     0.000238     0.000000
         --Scattering Matrix--
           G/G'          1          2          3          4
            1        0.000000    0.026322    0.000003    0.000000
            2        0.000000    0.000000    0.002289    0.000000
            3        0.000000    0.000000    0.000000    0.005354
            4        0.000000    0.000000    0.000000    0.000000
     Material  5
    Group   Transport    Diffusion  Absorption    Removal      Nu*Fiss      Kap*Fis    Fiss. Spctr
       1     0.133160    2.503254    0.001866    0.024813     0.000000     0.000000     0.768000
       2     0.253540    1.314717    0.012643    0.016412     0.000000     0.000000     0.232000
       3     0.580430    0.574287    0.063440    0.072121     0.000000     0.000000     0.000000
       4     0.541670    0.615381    0.168680    0.168680     0.000000     0.000000     0.000000
         --Scattering Matrix--
           G/G'          1          2          3          4
            1        0.000000    0.022946    0.000001    0.000000
            2        0.000000    0.000000    0.003769    0.000000
            3        0.000000    0.000000    0.000000    0.008681
            4        0.000000    0.000000    0.000000    0.000000
     Material  6
    Group   Transport    Diffusion  Absorption    Removal      Nu*Fiss      Kap*Fis    Fiss. Spctr
       1     0.072200    4.616805    0.000216    0.013159     0.000000     0.000000     0.768000
       2     0.114870    2.901831    0.000168    0.001455     0.000000     0.000000     0.232000
       3     0.326410    1.021211    0.001144    0.004597     0.000000     0.000000     0.000000
       4     0.192720    1.729625    0.000787    0.000787     0.000000     0.000000     0.000000
         --Scattering Matrix--
           G/G'          1          2          3          4
            1        0.000000    0.012942    0.000001    0.000000
            2        0.000000    0.000000    0.001287    0.000000
            3        0.000000    0.000000    0.000000    0.003453
            4        0.000000    0.000000    0.000000    0.000000

            -------------------------------
            >>>>>Wrting Core Geometry<<<<<
            -------------------------------
  Number of Assembly in x, y and z Directions Respectively :
          19          19          18
  Number of Nodes in x, y and z Directions Respectively :
          19          19          18

  x-Directed Nodes Divison (Delta-x)
     5.40   5.40   5.40   5.40   5.40   5.40   5.40   5.40   5.40   5.40
     5.40   5.40   5.40   5.40   5.40   5.40   5.40   5.40   8.10
  y-Directed Nodes Divison (Delta-y)
     8.10   5.40   5.40   5.40   5.40   5.40   5.40   5.40   5.40   5.40
     5.40   5.40   5.40   5.40   5.40   5.40   5.40   5.40   5.40
  Planar Region :  1
        1  2  3  4  5  6  7  8  9 10 11 12 13 14 15 16 17 18 19
    19  4  4  4  4  4  6  6  4  4  6  6  4  4  4  3  3  3  3  3 
    18  4  4  4  4  4  4  4  4  4  4  4  4  4  4  3  3  3  3  3 
    17  4  4  4  4  4  4  4  4  4  4  4  4  4  4  3  3  3  3  3 
    16  4  4  4  4  4  4  4  4  4  4  4  4  4  4  3  3  3  3  3 
    15  4  4  6  6  4  4  4  4  6  6  4  4  4  4  3  3  3  3  3 
    14  4  4  6  6  4  4  4  4  6  6  4  4  4  4  3  3  3  3  3 
    13  4  4  4  4  4  4  4  4  4  4  4  4  4  3  3  3  3  3  3 
    12  4  4  4  4  4  4  4  4  4  4  4  4  4  3  3  3  3  3  3 
    11  4  4  4  4  6  6  4  4  4  4  4  4  3  3  3  3  3  3  3 
    10  6  4  4  4  6  6  4  4  4  4  4  3  3  3  3  3  3  3  3 
     9  6  4  4  4  4  4  4  4  4  4  3  3  3  3  3  3  3  3  3 
     8  4  4  4  4  4  4  4  4  4  3  3  3  3  3  3  3  3  3  3 
     7  4  4  4  4  4  4  4  4  3  3  3  3  3  3  3  3  3  3  3 
     6  4  4  4  4  4  4  3  3  3  3  3  3  3  3  3  3  3  3  3 
     5  3  3  3  3  3  3  3  3  3  3  3  3  3  3  3  3  3  3  3 
     4  3  3  3  3  3  3  3  3  3  3  3  3  3  3  3  3  3  3  3 
     3  3  3  3  3  3  3  3  3  3  3  3  3  3  3  3  3  3  3  3 
     2  3  3  3  3  3  3  3  3  3  3  3  3  3  3  3  3  3  3  3 
     1  3  3  3  3  3  3  3  3  3  3  3  3  3  3  3  3  3  3  3 
  Planar Region :  2
        1  2  3  4  5  6  7  8  9 10 11 12 13 14 15 16 17 18 19
    19  4  4  4  4  4  6  6  4  4  6  6  4  4  4  3  3  3  3  3 
    18  4  4  4  4  4  4  4  4  4  4  4  4  4  4  3  3  3  3  3 
    17  4  4  4  4  4  4  4  4  4  4  4  4  4  4  3  3  3  3  3 
    16  4  4  4  4  4  4  4  4  4  4  4  4  4  4  3  3  3  3  3 
    15  4  4  6  6  4  4  4  4  6  6  4  4  4  4  3  3  3  3  3 
    14  4  4  6  6  4  4  4  4  6  6  4  4  4  4  3  3  3  3  3 
    13  4  4  4  4  4  4  4  4  4  4  4  4  4  3  3  3  3  3  3 
    12  4  4  4  4  4  4  4  4  4  4  4  4  4  3  3  3  3  3  3 
    11  4  4  4  4  6  6  4  4  4  4  4  4  3  3  3  3  3  3  3 
    10  6  4  4  4  6  6  4  4  4  4  4  3  3  3  3  3  3  3  3 
     9  6  4  4  4  4  4  4  4  4  4  3  3  3  3  3  3  3  3  3 
     8  4  4  4  4  4  4  4  4  4  3  3  3  3  3  3  3  3  3  3 
     7  4  4  4  4  4  4  4  4  3  3  3  3  3  3  3  3  3  3  3 
     6  4  4  4  4  4  4  3  3  3  3  3  3  3  3  3  3  3  3  3 
     5  3  3  3  3  3  3  3  3  3  3  3  3  3  3  3  3  3  3  3 
     4  3  3  3  3  3  3  3  3  3  3  3  3  3  3  3  3  3  3  3 
     3  3  3  3  3  3  3  3  3  3  3  3  3  3  3  3  3  3  3  3 
     2  3  3  3  3  3  3  3  3  3  3  3  3  3  3  3  3  3  3  3 
     1  3  3  3  3  3  3  3  3  3  3  3  3  3  3  3  3  3  3  3 
  Planar Region :  3
        1  2  3  4  5  6  7  8  9 10 11 12 13 14 15 16 17 18 19
    19  4  4  4  4  4  6  6  4  4  6  6  4  4  4  3  3  3  3  3 
    18  4  4  4  4  4  4  4  4  4  4  4  4  4  4  3  3  3  3  3 
    17  4  4  4  4  4  4  4  4  4  4  4  4  4  4  3  3  3  3  3 
    16  4  4  4  4  4  4  4  4  4  4  4  4  4  4  3  3  3  3  3 
    15  4  4  6  6  4  4  4  4  6  6  4  4  4  4  3  3  3  3  3 
    14  4  4  6  6  4  4  4  4  6  6  4  4  4  4  3  3  3  3  3 
    13  4  4  4  4  4  4  4  4  4  4  4  4  4  3  3  3  3  3  3 
    12  4  4  4  4  4  4  4  4  4  4  4  4  4  3  3  3  3  3  3 
    11  4  4  4  4  6  6  4  4  4  4  4  4  3  3  3  3  3  3  3 
    10  6  4  4  4  6  6  4  4  4  4  4  3  3  3  3  3  3  3  3 
     9  6  4  4  4  4  4  4  4  4  4  3  3  3  3  3  3  3  3  3 
     8  4  4  4  4  4  4  4  4  4  3  3  3  3  3  3  3  3  3  3 
     7  4  4  4  4  4  4  4  4  3  3  3  3  3  3  3  3  3  3  3 
     6  4  4  4  4  4  4  3  3  3  3  3  3  3  3  3  3  3  3  3 
     5  3  3  3  3  3  3  3  3  3  3  3  3  3  3  3  3  3  3  3 
     4  3  3  3  3  3  3  3  3  3  3  3  3  3  3  3  3  3  3  3 
     3  3  3  3  3  3  3  3  3  3  3  3  3  3  3  3  3  3  3  3 
     2  3  3  3  3  3  3  3  3  3  3  3  3  3  3  3  3  3  3  3 
     1  3  3  3  3  3  3  3  3  3  3  3  3  3  3  3  3  3  3  3 
  Planar Region :  4
        1  2  3  4  5  6  7  8  9 10 11 12 13 14 15 16 17 18 19
    19  4  4  4  4  4  6  6  4  4  6  6  4  4  4  3  3  3  3  3 
    18  4  4  4  4  4  4  4  4  4  4  4  4  4  4  3  3  3  3  3 
    17  4  4  4  4  4  4  4  4  4  4  4  4  4  4  3  3  3  3  3 
    16  4  4  4  4  4  4  4  4  4  4  4  4  4  4  3  3  3  3  3 
    15  4  4  6  6  4  4  4  4  6  6  4  4  4  4  3  3  3  3  3 
    14  4  4  6  6  4  4  4  4  6  6  4  4  4  4  3  3  3  3  3 
    13  4  4  4  4  4  4  4  4  4  4  4  4  4  3  3  3  3  3  3 
    12  4  4  4  4  4  4  4  4  4  4  4  4  4  3  3  3  3  3  3 
    11  4  4  4  4  6  6  4  4  4  4  4  4  3  3  3  3  3  3  3 
    10  6  4  4  4  6  6  4  4  4  4  4  3  3  3  3  3  3  3  3 
     9  6  4  4  4  4  4  4  4  4  4  3  3  3  3  3  3  3  3  3 
     8  4  4  4  4  4  4  4  4  4  3  3  3  3  3  3  3  3  3  3 
     7  4  4  4  4  4  4  4  4  3  3  3  3  3  3  3  3  3  3  3 
     6  4  4  4  4  4  4  3  3  3  3  3  3  3  3  3  3  3  3  3 
     5  3  3  3  3  3  3  3  3  3  3  3  3  3  3  3  3  3  3  3 
     4  3  3  3  3  3  3  3  3  3  3  3  3  3  3  3  3  3  3  3 
     3  3  3  3  3  3  3  3  3  3  3  3  3  3  3  3  3  3  3  3 
     2  3  3  3  3  3  3  3  3  3  3  3  3  3  3  3  3  3  3  3 
     1  3  3  3  3  3  3  3  3  3  3  3  3  3  3  3  3  3  3  3 

  Planar Region Assignment to Planes.
 -------------------------------------
   Plane Number     Planar Region    Delta-z
       18 (Top)            3          10.00
       17                  3          10.00
       16                  3          10.00
       15                  3          10.00
       14                  2           9.50
       13                  2           9.50
       12                  2           9.50
       11                  2           9.50
       10                  2           9.50
        9                  1           9.50
        8                  1           9.50
        7                  1           9.50
        6                  1           9.50
        5                  1           9.50
        4                  4          10.00
        3                  4          10.00
        2                  4          10.00
        1 (Bottom)         4          10.00

   Boundary Conditions
   -------------------
  X-Directed West   : Reflective
  X-Directed East   : Zero Incoming Current
  Y-Directed North  : Reflective
  Y-Directed South  : Zero Incoming Current
  Z-Directed Bottom : Zero Incoming Current
  Z-Directed Top    : Zero Incoming Current

  ...Core Geometry is Sucessfully Read...
     ---------------------------------


  ================================================================================================
                                        Calculation Results
  ================================================================================================

   Iteration    Keff     FissSrc Error   Inner Error
  ----------------------------------------------------
       1       2.796354    1.35356E+00    1.63776E+00
       2       2.138638    2.00256E+00    2.36101E+00
       3       1.733971    1.26183E+00    1.58230E+00
       4       1.483902    9.14871E-01    1.20847E+00
     ...Fission Source Extrapolated...
       5       1.037177    4.83850E+03    9.62311E-01
       6       1.221723    1.46653E+00    1.47073E+00
       7       1.149829    4.09018E-01    5.03525E-01
       8       1.099700    3.63952E-01    3.93546E-01
       9       1.064256    3.33459E-01    3.53086E-01
     ...Fission Source Extrapolated...
      10       0.971166    6.25256E+00    3.21914E-01
      11       1.021962    7.46664E-01    7.71896E-01
      12       1.009225    2.41663E-01    2.90394E-01
      13       0.999888    2.25900E-01    2.77287E-01
      14       0.993196    2.22005E-01    2.65360E-01
     ...Fission Source Extrapolated...
      15       0.939130    6.06282E+03    2.54314E-01
      16       0.986856    3.05522E+00    5.05430E+00
      17       0.986049    1.44514E-01    4.15193E-01
      18       0.985264    1.30353E-01    2.65810E-01
      19       0.984844    1.43410E-01    2.16518E-01
     ...Fission Source Extrapolated...
      20       0.983154    6.12510E+03    2.07707E-01
      21       0.986003    8.57190E+00    3.67535E+03
      22       0.989212    1.68032E-01    1.00000E+00
      23       0.990967    1.17149E-01    1.00000E+00
      24       0.992235    4.95883E-02    8.33588E-01
     ...Fission Source Extrapolated...
      25       0.975942    5.03567E-01    2.43674E-01
      26       0.994619    1.15594E+00    3.11606E-01
      27       0.995079    1.12272E-01    1.48555E-01
      28       0.995777    1.15185E-01    1.39666E-01
      29       0.996554    1.09442E-01    1.30847E-01
     ...Fission Source Extrapolated...
      30       1.006173    1.06539E+02    1.22168E-01
      31       0.998065    1.11795E+00    4.94636E-01
      32       0.999170    5.48365E-02    1.05675E-01
      33       1.000107    4.44249E-02    9.77039E-02
      34       1.000953    4.65710E-02    8.99574E-02
     ...Fission Source Extrapolated...
      35       1.030098    4.32526E+03    8.24684E-02
      36       1.002039    1.83280E+00    6.72578E-01
      37       1.003309    3.23816E-02    1.09652E-01
      38       1.004265    1.45510E-02    1.10395E-01
      39       1.005056    1.23191E-02    6.36589E-02
     ...Fission Source Extrapolated...
      40       1.027883    1.25003E+00    5.08641E-02
      41       1.006062    5.20318E-01    1.24469E-01
      42       1.006868    1.99789E-02    4.10118E-02
      43       1.007512    9.72003E-03    3.67136E-02
      44       1.008065    9.72322E-03    3.28168E-02
     ...Fission Source Extrapolated...
      45       1.018164    2.72304E-01    2.92975E-02
      46       1.008884    1.84799E-01    4.11239E-02
      47       1.009380    1.01587E-02    2.33640E-02
      48       1.009801    7.69187E-03    2.08569E-02
      49       1.010170    7.53964E-03    1.86187E-02
     ...Fission Source Extrapolated...
      50       1.018901    2.40971E-01    1.66201E-02
      51       1.010700    1.70101E-01    4.24116E-02
      52       1.011057    4.99006E-03    1.32994E-02
      53       1.011358    3.28492E-03    1.18903E-02
      54       1.011619    3.60849E-03    1.06254E-02
     ...Fission Source Extrapolated...
      55       1.015769    7.34785E-02    9.48890E-03
      56       1.012016    5.66253E-02    1.33891E-02
      57       1.012239    3.50932E-03    7.57664E-03
      58       1.012433    2.61040E-03    6.76631E-03
      59       1.012605    2.53084E-03    6.04097E-03
     ...Fission Source Extrapolated...
      60       1.016328    6.32124E-02    5.39187E-03
      61       1.012857    5.05658E-02    1.27946E-02
      62       1.013015    1.72612E-03    4.31144E-03
      63       1.013151    1.17842E-03    3.85352E-03
      64       1.013270    1.25174E-03    3.44331E-03
     ...Fission Source Extrapolated...
      65       1.015186    2.40651E-02    3.07581E-03
      66       1.013453    1.92555E-02    4.79268E-03
      67       1.013554    1.18130E-03    2.46119E-03
      68       1.013642    8.71841E-04    2.20213E-03
      69       1.013721    8.39494E-04    1.97098E-03
     ...Fission Source Extrapolated...
      70       1.015321    1.89105E-02    1.76463E-03
      71       1.013837    1.56419E-02    4.05290E-03
      72       1.013907    6.93146E-04    1.42224E-03
      73       1.013968    4.68043E-04    1.27750E-03
      74       1.014022    4.49002E-04    1.14788E-03
     ...Fission Source Extrapolated...
      75       1.014940    8.90527E-03    1.03165E-03
      76       1.014104    7.24650E-03    1.87455E-03
      77       1.014150    4.22768E-04    8.37232E-04
      78       1.014190    3.07270E-04    7.54903E-04
      79       1.014225    2.94144E-04    6.81115E-04
     ...Fission Source Extrapolated...
      80       1.014927    6.44841E-03    6.14870E-04
      81       1.014279    5.34952E-03    1.41265E-03
      82       1.014310    3.11378E-04    5.04152E-04
      83       1.014337    2.13122E-04    4.56918E-04
      84       1.014361    1.81069E-04    4.14327E-04
     ...Fission Source Extrapolated...
      85       1.014797    3.58123E-03    3.75830E-04
      86       1.014397    2.93958E-03    7.78414E-04
      87       1.014418    1.94674E-04    3.10880E-04
      88       1.014436    1.36284E-04    2.83005E-04
      89       1.014452    1.17306E-04    2.57780E-04
     ...Fission Source Extrapolated...
      90       1.014768    2.50695E-03    2.34893E-04
      91       1.014476    2.07972E-03    5.54382E-04
      92       1.014490    1.43449E-04    1.96164E-04
      93       1.014502    9.86327E-05    1.79399E-04
      94       1.014512    8.42643E-05    1.64132E-04
     ...Fission Source Extrapolated...
      95       1.014719    1.55640E-03    1.50185E-04
      96       1.014529    1.28577E-03    3.42785E-04
      97       1.014538    9.46327E-05    1.26389E-04
      98       1.014546    6.56009E-05    1.16018E-04
      99       1.014553    5.63468E-05    1.06534E-04
     ...Fission Source Extrapolated...
     100       1.014699    1.08184E-03    9.78329E-05
     101       1.014564    8.99293E-04    2.38680E-04
     102       1.014570    6.75834E-05    8.29275E-05
     103       1.014575    4.63430E-05    7.63839E-05
     104       1.014580    3.96387E-05    7.03682E-05
     ...Fission Source Extrapolated...
     105       1.014679    7.20637E-04    6.48178E-05
     106       1.014587    5.99214E-04    1.59155E-04
     107       1.014591    4.60831E-05    5.52525E-05
     108       1.014595    3.15807E-05    5.10290E-05
     109       1.014598    2.70315E-05    4.71317E-05
     ...Fission Source Extrapolated...
     110       1.014667    5.02969E-04    4.35218E-05
     111       1.014603    4.20034E-04    1.11169E-04
     112       1.014606    3.24468E-05    3.72785E-05
     113       1.014608    2.20612E-05    3.45071E-05
     114       1.014610    1.88268E-05    3.19400E-05
     ...Fission Source Extrapolated...
     115       1.014658    3.50139E-04    2.95523E-05
     116       1.014613    2.93311E-04    7.78683E-05
     117       1.014615    2.26111E-05    2.61358E-05
     118       1.014617    1.52771E-05    2.35599E-05
     119       1.014618    1.30053E-05    2.18434E-05
     ...Fission Source Extrapolated...
     120       1.014651    2.48385E-04    2.02418E-05
     121       1.014620    2.08927E-04    5.52958E-05
     122       1.014621    1.59670E-05    1.89339E-05
     123       1.014623    1.06864E-05    1.62082E-05
     124       1.014623    9.05808E-06    1.50471E-05
     ...Fission Source Extrapolated...
     125       1.014647    1.79381E-04    1.39605E-05
     126       1.014625    1.51835E-04    3.94910E-05
     127       1.014626    1.13900E-05    1.37386E-05
     128       1.014626    7.47059E-06    1.12162E-05
     129       1.014627    6.30468E-06    1.04233E-05
     ...Fission Source Extrapolated...
     130       1.014644    1.31195E-04    9.67932E-06
     131       1.014628    1.11618E-04    2.84095E-05
     132       1.014628    8.30225E-06    1.00498E-05
     133       1.014629    5.24864E-06    7.79657E-06

 ***********************************************
Effective Factor Multiplication : Keff = 1.014629
 ***********************************************


     Radial Power Distribution
   ==============================
           1       2       3       4       5       6       7       8       9      10      11      12
    19   2.910   2.881   2.824   2.742   2.634   0.000   0.000   2.287   2.089   0.000   0.000   2.291
    18   2.881   2.853   2.798   2.720   2.624   2.520   2.407   2.268   2.108   2.680   2.493   2.310
    17   2.826   2.797   2.745   2.675   2.589   2.488   2.369   2.233   2.092   2.693   2.510   2.305
    16   2.748   2.716   2.663   2.603   2.531   2.435   2.313   2.165   2.010   2.597   2.449   2.256
    15   2.654   2.623   0.000   0.000   2.462   2.364   2.242   2.075   0.000   0.000   2.348   2.174
    14   2.548   2.526   0.000   0.000   2.373   2.278   2.167   2.013   0.000   0.000   2.259   2.076
    13   2.426   2.411   2.383   2.328   2.248   2.167   2.084   2.714   2.528   2.354   2.180   1.964
    12   2.280   2.272   2.239   2.170   2.077   2.014   2.714   2.615   2.464   2.279   2.068   1.828
    11   2.094   2.113   2.096   2.013   0.000   0.000   2.528   2.464   2.324   2.135   1.911   1.667
    10   0.000   2.688   2.700   2.602   0.000   0.000   2.354   2.279   2.135   1.942   1.721   0.199
     9   0.000   2.500   2.517   2.454   2.351   2.261   2.181   2.068   1.912   1.721   0.203   0.137
     8   2.298   2.317   2.310   2.260   2.177   2.078   1.965   1.829   1.667   0.199   0.137   0.094
     7   2.086   2.081   2.058   2.006   1.927   1.827   1.710   1.565   0.186   0.131   0.092   0.064
     6   1.804   1.792   1.763   1.712   1.636   1.537   0.196   0.157   0.118   0.085   0.061   0.044
     5   0.191   0.190   0.186   0.179   0.167   0.148   0.120   0.095   0.073   0.055   0.040   0.030
     4   0.111   0.110   0.107   0.103   0.095   0.084   0.071   0.058   0.045   0.035   0.026   0.020
     3   0.065   0.064   0.062   0.059   0.055   0.049   0.042   0.035   0.028   0.022   0.017   0.013
     2   0.037   0.036   0.035   0.033   0.031   0.028   0.024   0.020   0.017   0.013   0.010   0.008
     1   0.024   0.024   0.023   0.022   0.020   0.018   0.016   0.013   0.011   0.009   0.007   0.005

          13      14      15      16      17      18      19
    19   2.079   1.799   0.191   0.111   0.064   0.037   0.024
    18   2.075   1.788   0.189   0.110   0.064   0.036   0.024
    17   2.053   1.759   0.186   0.107   0.062   0.035   0.023
    16   2.002   1.708   0.179   0.102   0.059   0.033   0.022
    15   1.924   1.633   0.167   0.095   0.055   0.031   0.020
    14   1.825   1.535   0.148   0.084   0.049   0.028   0.018
    13   1.709   0.196   0.120   0.071   0.042   0.024   0.016
    12   1.564   0.157   0.094   0.057   0.035   0.020   0.013
    11   0.185   0.117   0.073   0.045   0.028   0.017   0.011
    10   0.131   0.085   0.055   0.035   0.022   0.013   0.009
     9   0.092   0.061   0.040   0.026   0.017   0.010   0.007
     8   0.064   0.044   0.030   0.020   0.013   0.008   0.005
     7   0.045   0.031   0.021   0.015   0.010   0.006   0.004
     6   0.031   0.022   0.015   0.011   0.007   0.005   0.003
     5   0.021   0.015   0.011   0.008   0.005   0.003   0.002
     4   0.015   0.011   0.008   0.005   0.004   0.002   0.002
     3   0.010   0.007   0.005   0.004   0.003   0.002   0.001
     2   0.006   0.005   0.003   0.002   0.002   0.001   0.001
     1   0.004   0.003   0.002   0.002   0.001   0.001   0.001

   MAX POS.       Maximum Value
  ( 19,  1)          2.910


     Axial Power Density Distribution
   ====================================

     Plane Number        Power      Height
    -----------------------------------------
        18  (Top)        0.004      175.00
        17               0.012      165.00
        16               0.029      155.00
        15               0.067      145.00
        14               0.962      135.00
        13               1.300      125.50
        12               1.611      116.00
        11               1.878      106.50
        10               2.095       97.00
         9               2.238       87.50
         8               2.244       78.00
         7               2.100       68.50
         6               1.823       59.00
         5               1.453       49.50
         4               0.103       40.00
         3               0.048       30.00
         2               0.022       20.00
         1  (Bottom)     0.008       10.00

   MAX POS.       Maximum Value
    (  8)             2.244

     Radial Flux Distribution
   ==============================
    Group :   1
            1          2          3          4          5          6          7          8          9         10         11         12
    19   7.838E-03  7.747E-03  7.564E-03  7.273E-03  6.809E-03  6.275E-03  6.034E-03  5.965E-03  5.701E-03  5.278E-03  5.080E-03  5.013E-03 
    18   7.746E-03  7.655E-03  7.479E-03  7.226E-03  6.887E-03  6.511E-03  6.246E-03  6.064E-03  5.860E-03  5.674E-03  5.451E-03  5.137E-03 
    17   7.564E-03  7.457E-03  7.277E-03  7.071E-03  6.848E-03  6.598E-03  6.337E-03  6.087E-03  5.898E-03  5.817E-03  5.601E-03  5.180E-03 
    16   7.307E-03  7.143E-03  6.882E-03  6.719E-03  6.648E-03  6.503E-03  6.262E-03  5.953E-03  5.675E-03  5.590E-03  5.464E-03  5.075E-03 
    15   7.018E-03  6.774E-03  6.388E-03  6.268E-03  6.372E-03  6.334E-03  6.123E-03  5.748E-03  5.281E-03  5.132E-03  5.185E-03  4.863E-03 
    14   6.750E-03  6.529E-03  6.187E-03  6.078E-03  6.171E-03  6.162E-03  6.015E-03  5.702E-03  5.233E-03  5.016E-03  4.984E-03  4.597E-03 
    13   6.497E-03  6.380E-03  6.192E-03  6.058E-03  6.006E-03  5.980E-03  5.954E-03  5.845E-03  5.532E-03  5.201E-03  4.844E-03  4.272E-03 
    12   6.205E-03  6.175E-03  6.073E-03  5.890E-03  5.695E-03  5.676E-03  5.837E-03  5.815E-03  5.549E-03  5.122E-03  4.559E-03  3.821E-03 
    11   5.809E-03  5.926E-03  5.915E-03  5.662E-03  5.261E-03  5.219E-03  5.525E-03  5.547E-03  5.253E-03  4.742E-03  4.046E-03  3.174E-03 
    10   5.334E-03  5.715E-03  5.837E-03  5.594E-03  5.128E-03  5.011E-03  5.198E-03  5.121E-03  4.742E-03  4.126E-03  3.305E-03  2.277E-03 
     9   5.115E-03  5.479E-03  5.619E-03  5.473E-03  5.188E-03  4.984E-03  4.844E-03  4.559E-03  4.046E-03  3.305E-03  2.325E-03  1.499E-03 
     8   5.038E-03  5.158E-03  5.196E-03  5.085E-03  4.869E-03  4.600E-03  4.274E-03  3.822E-03  3.175E-03  2.277E-03  1.499E-03  9.708E-04 
     7   4.527E-03  4.538E-03  4.504E-03  4.385E-03  4.170E-03  3.852E-03  3.423E-03  2.881E-03  2.118E-03  1.429E-03  9.474E-04  6.230E-04 
     6   3.554E-03  3.537E-03  3.483E-03  3.368E-03  3.167E-03  2.827E-03  2.262E-03  1.761E-03  1.266E-03  8.712E-04  5.905E-04  3.955E-04 
     5   2.177E-03  2.160E-03  2.116E-03  2.033E-03  1.890E-03  1.650E-03  1.299E-03  9.889E-04  7.327E-04  5.218E-04  3.626E-04  2.480E-04 
     4   1.176E-03  1.163E-03  1.134E-03  1.082E-03  9.977E-04  8.711E-04  7.145E-04  5.584E-04  4.211E-04  3.081E-04  2.196E-04  1.536E-04 
     3   6.342E-04  6.261E-04  6.081E-04  5.773E-04  5.303E-04  4.661E-04  3.895E-04  3.116E-04  2.403E-04  1.796E-04  1.310E-04  9.354E-05 
     2   3.380E-04  3.331E-04  3.226E-04  3.053E-04  2.803E-04  2.476E-04  2.098E-04  1.708E-04  1.342E-04  1.023E-04  7.598E-05  5.528E-05 
     1   1.444E-04  1.421E-04  1.374E-04  1.298E-04  1.192E-04  1.058E-04  9.048E-05  7.462E-05  5.952E-05  4.608E-05  3.478E-05  2.569E-05 

            13         14         15         16         17         18         19
    19   4.510E-03  3.542E-03  2.170E-03  1.172E-03  6.324E-04  3.371E-04  1.440E-04 
    18   4.523E-03  3.526E-03  2.153E-03  1.160E-03  6.243E-04  3.322E-04  1.417E-04 
    17   4.492E-03  3.474E-03  2.111E-03  1.132E-03  6.066E-04  3.218E-04  1.370E-04 
    16   4.376E-03  3.360E-03  2.028E-03  1.080E-03  5.760E-04  3.046E-04  1.295E-04 
    15   4.164E-03  3.161E-03  1.887E-03  9.958E-04  5.293E-04  2.797E-04  1.189E-04 
    14   3.848E-03  2.823E-03  1.648E-03  8.698E-04  4.654E-04  2.472E-04  1.056E-04 
    13   3.421E-03  2.260E-03  1.298E-03  7.136E-04  3.890E-04  2.095E-04  9.034E-05 
    12   2.879E-03  1.759E-03  9.880E-04  5.578E-04  3.112E-04  1.706E-04  7.453E-05 
    11   2.117E-03  1.266E-03  7.322E-04  4.208E-04  2.400E-04  1.340E-04  5.945E-05 
    10   1.429E-03  8.709E-04  5.215E-04  3.079E-04  1.795E-04  1.022E-04  4.604E-05 
     9   9.473E-04  5.903E-04  3.624E-04  2.195E-04  1.309E-04  7.593E-05  3.475E-05 
     8   6.230E-04  3.954E-04  2.480E-04  1.535E-04  9.350E-05  5.525E-05  2.567E-05 
     7   4.061E-04  2.623E-04  1.676E-04  1.059E-04  6.574E-05  3.952E-05  1.862E-05 
     6   2.623E-04  1.724E-04  1.122E-04  7.218E-05  4.562E-05  2.785E-05  1.330E-05 
     5   1.677E-04  1.122E-04  7.435E-05  4.867E-05  3.127E-05  1.937E-05  9.355E-06 
     4   1.059E-04  7.219E-05  4.867E-05  3.239E-05  2.113E-05  1.326E-05  6.471E-06 
     3   6.576E-05  4.563E-05  3.127E-05  2.113E-05  1.397E-05  8.868E-06  4.367E-06 
     2   3.953E-05  2.786E-05  1.937E-05  1.326E-05  8.869E-06  5.682E-06  2.819E-06 
     1   1.863E-05  1.330E-05  9.357E-06  6.472E-06  4.368E-06  2.819E-06  1.408E-06 

    Group :   2
            1          2          3          4          5          6          7          8          9         10         11         12
    19   7.497E-03  7.423E-03  7.276E-03  7.055E-03  6.749E-03  6.431E-03  6.181E-03  5.853E-03  5.372E-03  4.843E-03  4.499E-03  4.229E-03 
    18   7.423E-03  7.350E-03  7.208E-03  7.003E-03  6.743E-03  6.455E-03  6.162E-03  5.818E-03  5.406E-03  4.980E-03  4.610E-03  4.242E-03 
    17   7.279E-03  7.202E-03  7.063E-03  6.880E-03  6.660E-03  6.397E-03  6.089E-03  5.736E-03  5.357E-03  4.982E-03  4.615E-03  4.215E-03 
    16   7.073E-03  6.981E-03  6.823E-03  6.669E-03  6.500E-03  6.262E-03  5.951E-03  5.570E-03  5.161E-03  4.817E-03  4.504E-03  4.121E-03 
    15   6.827E-03  6.720E-03  6.551E-03  6.431E-03  6.302E-03  6.075E-03  5.765E-03  5.344E-03  4.852E-03  4.545E-03  4.331E-03  3.973E-03 
    14   6.554E-03  6.470E-03  6.346E-03  6.232E-03  6.073E-03  5.845E-03  5.557E-03  5.165E-03  4.702E-03  4.398E-03  4.164E-03  3.793E-03 
    13   6.243E-03  6.191E-03  6.100E-03  5.959E-03  5.765E-03  5.556E-03  5.320E-03  5.020E-03  4.671E-03  4.338E-03  3.994E-03  3.582E-03 
    12   5.867E-03  5.838E-03  5.749E-03  5.574E-03  5.345E-03  5.165E-03  5.020E-03  4.806E-03  4.511E-03  4.163E-03  3.771E-03  3.327E-03 
    11   5.392E-03  5.423E-03  5.369E-03  5.167E-03  4.855E-03  4.703E-03  4.672E-03  4.511E-03  4.237E-03  3.886E-03  3.476E-03  3.023E-03 
    10   4.859E-03  4.995E-03  4.994E-03  4.824E-03  4.549E-03  4.401E-03  4.340E-03  4.164E-03  3.886E-03  3.530E-03  3.120E-03  2.620E-03 
     9   4.513E-03  4.623E-03  4.626E-03  4.512E-03  4.336E-03  4.168E-03  3.997E-03  3.772E-03  3.477E-03  3.121E-03  2.664E-03  2.156E-03 
     8   4.241E-03  4.254E-03  4.225E-03  4.129E-03  3.979E-03  3.797E-03  3.585E-03  3.329E-03  3.024E-03  2.620E-03  2.157E-03  1.729E-03 
     7   3.816E-03  3.800E-03  3.751E-03  3.654E-03  3.510E-03  3.328E-03  3.110E-03  2.838E-03  2.488E-03  2.080E-03  1.697E-03  1.356E-03 
     6   3.284E-03  3.260E-03  3.204E-03  3.109E-03  2.970E-03  2.788E-03  2.543E-03  2.252E-03  1.922E-03  1.598E-03  1.301E-03  1.039E-03 
     5   2.613E-03  2.589E-03  2.537E-03  2.451E-03  2.327E-03  2.155E-03  1.923E-03  1.678E-03  1.432E-03  1.193E-03  9.725E-04  7.783E-04 
     4   1.911E-03  1.890E-03  1.847E-03  1.778E-03  1.679E-03  1.546E-03  1.385E-03  1.210E-03  1.033E-03  8.627E-04  7.060E-04  5.672E-04 
     3   1.327E-03  1.311E-03  1.279E-03  1.227E-03  1.155E-03  1.063E-03  9.539E-04  8.356E-04  7.154E-04  5.996E-04  4.928E-04  3.976E-04 
     2   8.572E-04  8.463E-04  8.240E-04  7.894E-04  7.420E-04  6.826E-04  6.136E-04  5.388E-04  4.628E-04  3.893E-04  3.211E-04  2.601E-04 
     1   3.886E-04  3.834E-04  3.730E-04  3.569E-04  3.353E-04  3.084E-04  2.776E-04  2.443E-04  2.103E-04  1.774E-04  1.468E-04  1.193E-04 

            13         14         15         16         17         18         19
    19   3.805E-03  3.275E-03  2.606E-03  1.906E-03  1.324E-03  8.551E-04  3.876E-04 
    18   3.790E-03  3.251E-03  2.582E-03  1.886E-03  1.308E-03  8.443E-04  3.825E-04 
    17   3.742E-03  3.197E-03  2.531E-03  1.843E-03  1.276E-03  8.221E-04  3.721E-04 
    16   3.647E-03  3.103E-03  2.446E-03  1.774E-03  1.225E-03  7.877E-04  3.562E-04 
    15   3.505E-03  2.965E-03  2.323E-03  1.676E-03  1.153E-03  7.407E-04  3.346E-04 
    14   3.323E-03  2.784E-03  2.152E-03  1.543E-03  1.061E-03  6.815E-04  3.079E-04 
    13   3.107E-03  2.540E-03  1.921E-03  1.384E-03  9.526E-04  6.127E-04  2.772E-04 
    12   2.836E-03  2.250E-03  1.677E-03  1.209E-03  8.346E-04  5.382E-04  2.440E-04 
    11   2.486E-03  1.921E-03  1.431E-03  1.032E-03  7.147E-04  4.624E-04  2.101E-04 
    10   2.079E-03  1.598E-03  1.192E-03  8.621E-04  5.992E-04  3.890E-04  1.773E-04 
     9   1.697E-03  1.301E-03  9.721E-04  7.056E-04  4.925E-04  3.209E-04  1.467E-04 
     8   1.356E-03  1.039E-03  7.781E-04  5.670E-04  3.974E-04  2.600E-04  1.192E-04 
     7   1.061E-03  8.146E-04  6.119E-04  4.476E-04  3.151E-04  2.069E-04  9.514E-05 
     6   8.147E-04  6.269E-04  4.726E-04  3.472E-04  2.454E-04  1.617E-04  7.456E-05 
     5   6.120E-04  4.726E-04  3.577E-04  2.639E-04  1.873E-04  1.238E-04  5.725E-05 
     4   4.478E-04  3.472E-04  2.639E-04  1.955E-04  1.392E-04  9.237E-05  4.280E-05 
     3   3.152E-04  2.454E-04  1.873E-04  1.392E-04  9.951E-05  6.620E-05  3.074E-05 
     2   2.070E-04  1.618E-04  1.239E-04  9.238E-05  6.620E-05  4.413E-05  2.053E-05 
     1   9.518E-05  7.459E-05  5.727E-05  4.281E-05  3.074E-05  2.053E-05  9.560E-06 

    Group :   3
            1          2          3          4          5          6          7          8          9         10         11         12
    19   6.807E-03  6.752E-03  6.651E-03  6.527E-03  6.465E-03  6.480E-03  6.206E-03  5.557E-03  4.880E-03  4.239E-03  3.855E-03  3.590E-03 
    18   6.754E-03  6.703E-03  6.603E-03  6.467E-03  6.327E-03  6.180E-03  5.879E-03  5.392E-03  4.849E-03  4.310E-03  3.904E-03  3.576E-03 
    17   6.656E-03  6.618E-03  6.536E-03  6.391E-03  6.187E-03  5.934E-03  5.612E-03  5.211E-03  4.750E-03  4.262E-03  3.868E-03  3.535E-03 
    16   6.520E-03  6.531E-03  6.532E-03  6.390E-03  6.095E-03  5.768E-03  5.419E-03  5.011E-03  4.554E-03  4.119E-03  3.772E-03  3.456E-03 
    15   6.339E-03  6.435E-03  6.599E-03  6.472E-03  6.019E-03  5.592E-03  5.215E-03  4.775E-03  4.235E-03  3.886E-03  3.642E-03  3.348E-03 
    14   6.082E-03  6.190E-03  6.379E-03  6.253E-03  5.780E-03  5.349E-03  4.978E-03  4.550E-03  4.053E-03  3.739E-03  3.508E-03  3.231E-03 
    13   5.738E-03  5.773E-03  5.807E-03  5.664E-03  5.341E-03  5.010E-03  4.678E-03  4.301E-03  3.949E-03  3.648E-03  3.373E-03  3.116E-03 
    12   5.320E-03  5.311E-03  5.250E-03  5.084E-03  4.827E-03  4.574E-03  4.307E-03  4.036E-03  3.761E-03  3.492E-03  3.237E-03  3.020E-03 
    11   4.813E-03  4.819E-03  4.758E-03  4.578E-03  4.256E-03  4.067E-03  3.955E-03  3.763E-03  3.544E-03  3.319E-03  3.122E-03  2.996E-03 
    10   4.221E-03  4.303E-03  4.267E-03  4.130E-03  3.897E-03  3.748E-03  3.653E-03  3.494E-03  3.320E-03  3.164E-03  3.075E-03  3.030E-03 
     9   3.852E-03  3.906E-03  3.874E-03  3.779E-03  3.649E-03  3.514E-03  3.377E-03  3.239E-03  3.123E-03  3.076E-03  3.076E-03  2.847E-03 
     8   3.594E-03  3.581E-03  3.541E-03  3.462E-03  3.354E-03  3.236E-03  3.119E-03  3.022E-03  2.997E-03  3.031E-03  2.848E-03  2.499E-03 
     7   3.316E-03  3.296E-03  3.249E-03  3.172E-03  3.077E-03  2.995E-03  2.943E-03  2.888E-03  2.910E-03  2.759E-03  2.456E-03  2.085E-03 
     6   3.154E-03  3.128E-03  3.075E-03  2.994E-03  2.897E-03  2.840E-03  2.885E-03  2.778E-03  2.597E-03  2.331E-03  2.008E-03  1.673E-03 
     5   3.106E-03  3.076E-03  3.016E-03  2.923E-03  2.807E-03  2.687E-03  2.566E-03  2.377E-03  2.132E-03  1.857E-03  1.572E-03  1.297E-03 
     4   2.662E-03  2.633E-03  2.575E-03  2.487E-03  2.369E-03  2.224E-03  2.055E-03  1.856E-03  1.636E-03  1.406E-03  1.180E-03  9.688E-04 
     3   2.015E-03  1.991E-03  1.944E-03  1.871E-03  1.773E-03  1.650E-03  1.507E-03  1.347E-03  1.178E-03  1.007E-03  8.422E-04  6.903E-04 
     2   1.358E-03  1.341E-03  1.308E-03  1.256E-03  1.186E-03  1.100E-03  1.000E-03  8.904E-04  7.758E-04  6.618E-04  5.533E-04  4.535E-04 
     1   5.923E-04  5.847E-04  5.693E-04  5.461E-04  5.150E-04  4.767E-04  4.325E-04  3.844E-04  3.345E-04  2.853E-04  2.385E-04  1.956E-04 

            13         14         15         16         17         18         19
    19   3.309E-03  3.146E-03  3.098E-03  2.655E-03  2.010E-03  1.355E-03  5.909E-04 
    18   3.290E-03  3.121E-03  3.069E-03  2.627E-03  1.987E-03  1.338E-03  5.833E-04 
    17   3.243E-03  3.068E-03  3.009E-03  2.570E-03  1.939E-03  1.305E-03  5.681E-04 
    16   3.167E-03  2.988E-03  2.918E-03  2.482E-03  1.867E-03  1.253E-03  5.450E-04 
    15   3.072E-03  2.892E-03  2.802E-03  2.364E-03  1.769E-03  1.184E-03  5.140E-04 
    14   2.991E-03  2.836E-03  2.683E-03  2.221E-03  1.648E-03  1.098E-03  4.759E-04 
    13   2.940E-03  2.882E-03  2.563E-03  2.052E-03  1.505E-03  9.989E-04  4.319E-04 
    12   2.886E-03  2.776E-03  2.374E-03  1.854E-03  1.346E-03  8.893E-04  3.839E-04 
    11   2.908E-03  2.595E-03  2.130E-03  1.634E-03  1.177E-03  7.750E-04  3.342E-04 
    10   2.758E-03  2.330E-03  1.856E-03  1.405E-03  1.006E-03  6.613E-04  2.850E-04 
     9   2.455E-03  2.008E-03  1.571E-03  1.180E-03  8.417E-04  5.529E-04  2.383E-04 
     8   2.085E-03  1.673E-03  1.296E-03  9.684E-04  6.900E-04  4.533E-04  1.955E-04 
     7   1.707E-03  1.355E-03  1.044E-03  7.783E-04  5.544E-04  3.645E-04  1.574E-04 
     6   1.355E-03  1.069E-03  8.217E-04  6.124E-04  4.367E-04  2.875E-04  1.242E-04 
     5   1.044E-03  8.218E-04  6.313E-04  4.709E-04  3.363E-04  2.218E-04  9.596E-05 
     4   7.785E-04  6.125E-04  4.709E-04  3.518E-04  2.517E-04  1.663E-04  7.206E-05 
     3   5.546E-04  4.368E-04  3.363E-04  2.517E-04  1.805E-04  1.194E-04  5.182E-05 
     2   3.647E-04  2.876E-04  2.218E-04  1.663E-04  1.194E-04  7.916E-05  3.439E-05 
     1   1.574E-04  1.243E-04  9.599E-05  7.207E-05  5.183E-05  3.439E-05  1.496E-05 

    Group :   4
            1          2          3          4          5          6          7          8          9         10         11         12
    19   6.120E-03  6.077E-03  5.998E-03  5.913E-03  5.916E-03  5.938E-03  5.692E-03  5.004E-03  4.188E-03  3.409E-03  3.058E-03  2.892E-03 
    18   6.079E-03  6.039E-03  5.960E-03  5.854E-03  5.753E-03  5.646E-03  5.344E-03  4.789E-03  4.146E-03  3.511E-03  3.111E-03  2.861E-03 
    17   6.002E-03  5.980E-03  5.921E-03  5.794E-03  5.601E-03  5.350E-03  5.010E-03  4.563E-03  4.025E-03  3.449E-03  3.060E-03  2.819E-03 
    16   5.897E-03  5.936E-03  5.975E-03  5.846E-03  5.527E-03  5.168E-03  4.784E-03  4.323E-03  3.794E-03  3.304E-03  2.978E-03  2.759E-03 
    15   5.743E-03  5.885E-03  6.041E-03  5.932E-03  5.482E-03  4.985E-03  4.557E-03  4.044E-03  3.378E-03  3.051E-03  2.886E-03  2.691E-03 
    14   5.492E-03  5.650E-03  5.848E-03  5.735E-03  5.238E-03  4.721E-03  4.287E-03  3.787E-03  3.199E-03  2.931E-03  2.795E-03  2.635E-03 
    13   5.126E-03  5.189E-03  5.263E-03  5.116E-03  4.732E-03  4.334E-03  3.932E-03  3.487E-03  3.135E-03  2.892E-03  2.711E-03  2.611E-03 
    12   4.662E-03  4.662E-03  4.609E-03  4.425E-03  4.121E-03  3.824E-03  3.499E-03  3.207E-03  2.969E-03  2.786E-03  2.669E-03  2.656E-03 
    11   4.073E-03  4.087E-03  4.028E-03  3.828E-03  3.416E-03  3.227E-03  3.148E-03  2.972E-03  2.824E-03  2.722E-03  2.711E-03  2.854E-03 
    10   3.355E-03  3.483E-03  3.447E-03  3.318E-03  3.073E-03  2.950E-03  2.903E-03  2.790E-03  2.724E-03  2.740E-03  2.907E-03  3.241E-03 
     9   3.029E-03  3.097E-03  3.059E-03  2.985E-03  2.898E-03  2.806E-03  2.718E-03  2.672E-03  2.713E-03  2.907E-03  3.279E-03  3.422E-03 
     8   2.881E-03  2.857E-03  2.820E-03  2.764E-03  2.697E-03  2.641E-03  2.615E-03  2.659E-03  2.855E-03  3.242E-03  3.423E-03  3.315E-03 
     7   2.759E-03  2.742E-03  2.706E-03  2.655E-03  2.608E-03  2.609E-03  2.688E-03  2.828E-03  3.161E-03  3.341E-03  3.268E-03  3.008E-03 
     6   2.898E-03  2.876E-03  2.833E-03  2.777E-03  2.732E-03  2.781E-03  3.033E-03  3.156E-03  3.216E-03  3.137E-03  2.913E-03  2.591E-03 
     5   3.353E-03  3.324E-03  3.267E-03  3.190E-03  3.114E-03  3.088E-03  3.122E-03  3.078E-03  2.942E-03  2.729E-03  2.451E-03  2.131E-03 
     4   3.323E-03  3.291E-03  3.228E-03  3.139E-03  3.035E-03  2.928E-03  2.811E-03  2.658E-03  2.459E-03  2.218E-03  1.951E-03  1.671E-03 
     3   2.796E-03  2.766E-03  2.709E-03  2.625E-03  2.518E-03  2.393E-03  2.249E-03  2.081E-03  1.888E-03  1.677E-03  1.456E-03  1.236E-03 
     2   2.025E-03  2.002E-03  1.958E-03  1.892E-03  1.807E-03  1.704E-03  1.584E-03  1.449E-03  1.301E-03  1.145E-03  9.870E-04  8.333E-04 
     1   9.368E-04  9.260E-04  9.045E-04  8.726E-04  8.309E-04  7.801E-04  7.213E-04  6.557E-04  5.854E-04  5.127E-04  4.402E-04  3.705E-04 

            13         14         15         16         17         18         19
    19   2.760E-03  2.894E-03  3.346E-03  3.316E-03  2.789E-03  2.020E-03  9.347E-04 
    18   2.741E-03  2.872E-03  3.317E-03  3.284E-03  2.760E-03  1.998E-03  9.240E-04 
    17   2.703E-03  2.829E-03  3.261E-03  3.222E-03  2.703E-03  1.954E-03  9.026E-04 
    16   2.651E-03  2.773E-03  3.184E-03  3.133E-03  2.619E-03  1.888E-03  8.709E-04 
    15   2.603E-03  2.728E-03  3.109E-03  3.030E-03  2.514E-03  1.804E-03  8.294E-04 
    14   2.605E-03  2.777E-03  3.083E-03  2.923E-03  2.390E-03  1.701E-03  7.788E-04 
    13   2.685E-03  3.029E-03  3.118E-03  2.808E-03  2.246E-03  1.582E-03  7.202E-04 
    12   2.825E-03  3.153E-03  3.075E-03  2.656E-03  2.079E-03  1.447E-03  6.549E-04 
    11   3.159E-03  3.213E-03  2.940E-03  2.457E-03  1.886E-03  1.299E-03  5.848E-04 
    10   3.339E-03  3.135E-03  2.728E-03  2.217E-03  1.676E-03  1.144E-03  5.122E-04 
     9   3.267E-03  2.912E-03  2.449E-03  1.950E-03  1.455E-03  9.864E-04  4.399E-04 
     8   3.008E-03  2.591E-03  2.130E-03  1.670E-03  1.235E-03  8.328E-04  3.703E-04 
     7   2.639E-03  2.221E-03  1.798E-03  1.395E-03  1.025E-03  6.883E-04  3.054E-04 
     6   2.221E-03  1.840E-03  1.473E-03  1.135E-03  8.304E-04  5.563E-04  2.465E-04 
     5   1.798E-03  1.473E-03  1.171E-03  8.984E-04  6.553E-04  4.383E-04  1.940E-04 
     4   1.395E-03  1.135E-03  8.984E-04  6.871E-04  5.003E-04  3.343E-04  1.480E-04 
     3   1.025E-03  8.306E-04  6.554E-04  5.004E-04  3.640E-04  2.432E-04  1.076E-04 
     2   6.886E-04  5.564E-04  4.383E-04  3.344E-04  2.432E-04  1.625E-04  7.191E-05 
     1   3.055E-04  2.465E-04  1.941E-04  1.480E-04  1.076E-04  7.191E-05  3.183E-05 


 Total Time :    19.6718750     Seconds
