    0.000    5.400   10.800   16.200   21.600   27.000   32.400   37.800   43.200   48.600   54.000   59.400   64.800
      0.000     2.910   2.881   2.824   2.742   2.634   0.000   0.000   2.287   2.089   0.000   0.000   2.291
      0.000     2.881   2.853   2.798   2.720   2.624   2.520   2.407   2.268   2.108   2.680   2.493   2.310
      0.000     2.826   2.797   2.745   2.675   2.589   2.488   2.369   2.233   2.092   2.693   2.510   2.305
      0.000     2.748   2.716   2.663   2.603   2.531   2.435   2.313   2.165   2.010   2.597   2.449   2.256
      0.000     2.654   2.623   0.000   0.000   2.462   2.364   2.242   2.075   0.000   0.000   2.348   2.174
     -0.000     2.548   2.526   0.000   0.000   2.373   2.278   2.167   2.013   0.000   0.000   2.259   2.076
      0.000     2.426   2.411   2.383   2.328   2.248   2.167   2.084   2.714   2.528   2.354   2.180   1.964
      5.400     2.280   2.272   2.239   2.170   2.077   2.014   2.714   2.615   2.464   2.279   2.068   1.828
     10.800     2.094   2.113   2.096   2.013   0.000   0.000   2.528   2.464   2.324   2.135   1.911   1.667
     16.200     0.000   2.688   2.700   2.602   0.000   0.000   2.354   2.279   2.135   1.942   1.721   0.199
     21.600     0.000   2.500   2.517   2.454   2.351   2.261   2.181   2.068   1.912   1.721   0.203   0.137
     27.000     2.298   2.317   2.310   2.260   2.177   2.078   1.965   1.829   1.667   0.199   0.137   0.094
     32.400     2.086   2.081   2.058   2.006   1.927   1.827   1.710   1.565   0.186   0.131   0.092   0.064
     37.800     1.804   1.792   1.763   1.712   1.636   1.537   0.196   0.157   0.118   0.085   0.061   0.044
     43.200     0.191   0.190   0.186   0.179   0.167   0.148   0.120   0.095   0.073   0.055   0.040   0.030
     48.600     0.111   0.110   0.107   0.103   0.095   0.084   0.071   0.058   0.045   0.035   0.026   0.020
     54.000     0.065   0.064   0.062   0.059   0.055   0.049   0.042   0.035   0.028   0.022   0.017   0.013
     59.400     0.037   0.036   0.035   0.033   0.031   0.028   0.024   0.020   0.017   0.013   0.010   0.008
     67.500     0.024   0.024   0.023   0.022   0.020   0.018   0.016   0.013   0.011   0.009   0.007   0.005
    0.000    0.000   -0.000    0.000   -0.276    0.000   -0.276    0.000
      0.000     2.079   1.799   0.191   0.111   0.064   0.037   0.024
      0.000     2.075   1.788   0.189   0.110   0.064   0.036   0.024
      0.000     2.053   1.759   0.186   0.107   0.062   0.035   0.023
      0.000     2.002   1.708   0.179   0.102   0.059   0.033   0.022
      0.000     1.924   1.633   0.167   0.095   0.055   0.031   0.020
     -0.000     1.825   1.535   0.148   0.084   0.049   0.028   0.018
      0.000     1.709   0.196   0.120   0.071   0.042   0.024   0.016
      5.400     1.564   0.157   0.094   0.057   0.035   0.020   0.013
     10.800     0.185   0.117   0.073   0.045   0.028   0.017   0.011
     16.200     0.131   0.085   0.055   0.035   0.022   0.013   0.009
     21.600     0.092   0.061   0.040   0.026   0.017   0.010   0.007
     27.000     0.064   0.044   0.030   0.020   0.013   0.008   0.005
     32.400     0.045   0.031   0.021   0.015   0.010   0.006   0.004
     37.800     0.031   0.022   0.015   0.011   0.007   0.005   0.003
     43.200     0.021   0.015   0.011   0.008   0.005   0.003   0.002
     48.600     0.015   0.011   0.008   0.005   0.004   0.002   0.002
     54.000     0.010   0.007   0.005   0.004   0.003   0.002   0.001
     59.400     0.006   0.005   0.003   0.002   0.002   0.001   0.001
     67.500     0.004   0.003   0.002   0.002   0.001   0.001   0.001
