                                                                                
      /\               /\                                                       
     //\\             //\\                                                      
    //**\\           //**\\                                                     
   //****\\         //****\\                                                    
  //******\\       //******\\   ____                   _   _           _        
  ---------   /*\   ---------  / __ \                 | \ | |         | |       
             (***)            | |  | |_ __   ___ _ __ |  \| | ___   __| | ___   
              \*/             | |  | | "_ \ / _ \ "_ \| . ` |/ _"\ / _" |/ _ \  
                              | |__| | |_) |  __/ | | | |\  | |_) | (_| |  __/  
              //\\             \____/| .__/ \___)_| |_|_| \_|\___/ \___/ \___|  
             //**\\                  | |                                        
            //****\\                 |_|                                        
           //******\\                                                           
           ----------                                                           
                                                                                
 ____________________________________________________________
          | The OpenNode, Nodal Methods for Neutron Diffusion
 Version  | Version Number: 1.1                              
 Copyright| 2021 Radiation & Nuclear System Laboratory       
          | University Abdelmalk Essaadi                     
          | Faculty of Sciences, Tetouan, Morocco            
 Source   | FORTRAN90 version                                
 GUI      | PyQt5                                            
 Method   | The Nodal Expansion Method (NEM)                 
 Dimension| Three Dimensions (3D)                            
 Geometry | Cartesian                                        
 ____________________________________________________________
                        ==========================
   Calculation Mode :    Critical Boron Concentration Search Calculation with TH feedbacks 
   ----------------     ==========================

            --------------------------------------------
            >>>> Writing Macroscopic Cross Sections <<<<
            --------------------------------------------
     Material  1
    Group   Transport    Diffusion  Absorption    Removal      Nu*Fiss      Kap*Fis    Fiss. Spctr
       1     0.053206    6.264981    0.000373    0.026829     0.000000     0.000000     1.000000
       2     0.386406    0.862651    0.017722    0.017722     0.000000     0.000000     0.000000
         --Scattering Matrix--
           G/G'          1          2
            1        0.000000    0.026455
            2        0.000000    0.000000
     Material  2
    Group   Transport    Diffusion  Absorption    Removal      Nu*Fiss      Kap*Fis    Fiss. Spctr
       1     0.295609    1.127616    0.001188    0.024349     0.000000     0.000000     1.000000
       2     2.459310    0.135539    0.252618    0.252618     0.000000     0.000000     0.000000
         --Scattering Matrix--
           G/G'          1          2
            1        0.000000    0.023161
            2        0.000000    0.000000
     Material  3
    Group   Transport    Diffusion  Absorption    Removal      Nu*Fiss      Kap*Fis    Fiss. Spctr
       1     0.295609    1.127616    0.001188    0.021269     0.000000     0.000000     1.000000
       2     2.459310    0.135539    0.252618    0.252618     0.000000     0.000000     0.000000
         --Scattering Matrix--
           G/G'          1          2
            1        0.000000    0.020081
            2        0.000000    0.000000
     Material  4
    Group   Transport    Diffusion  Absorption    Removal      Nu*Fiss      Kap*Fis    Fiss. Spctr
       1     0.222117    1.500711    0.008718    0.026968     0.004983     0.000000     1.000000
       2     0.803140    0.415038    0.065255    0.065255     0.083903     0.000000     0.000000
         --Scattering Matrix--
           G/G'          1          2
            1        0.000000    0.018250
            2        0.000000    0.000000
     Material  5
    Group   Transport    Diffusion  Absorption    Removal      Nu*Fiss      Kap*Fis    Fiss. Spctr
       1     0.221914    1.502083    0.009061    0.027065     0.005577     0.000000     1.000000
       2     0.795538    0.419004    0.072335    0.072335     0.099863     0.000000     0.000000
         --Scattering Matrix--
           G/G'          1          2
            1        0.000000    0.018004
            2        0.000000    0.000000
     Material  6
    Group   Transport    Diffusion  Absorption    Removal      Nu*Fiss      Kap*Fis    Fiss. Spctr
       1     0.221715    1.503432    0.009385    0.027152     0.006150     0.000000     1.000000
       2     0.789253    0.422340    0.078920    0.078920     0.114667     0.000000     0.000000
         --Scattering Matrix--
           G/G'          1          2
            1        0.000000    0.017767
            2        0.000000    0.000000
     Material  7
    Group   Transport    Diffusion  Absorption    Removal      Nu*Fiss      Kap*Fis    Fiss. Spctr
       1     0.222039    1.501238    0.009317    0.026455     0.005550     0.000000     1.000000
       2     0.776230    0.429426    0.079633    0.079633     0.098558     0.000000     0.000000
         --Scattering Matrix--
           G/G'          1          2
            1        0.000000    0.017138
            2        0.000000    0.000000
     Material  8
    Group   Transport    Diffusion  Absorption    Removal      Nu*Fiss      Kap*Fis    Fiss. Spctr
       1     0.222083    1.500940    0.009400    0.026250     0.005541     0.000000     1.000000
       2     0.769969    0.432918    0.082109    0.082109     0.098006     0.000000     0.000000
         --Scattering Matrix--
           G/G'          1          2
            1        0.000000    0.016850
            2        0.000000    0.000000
     Material  9
    Group   Transport    Diffusion  Absorption    Removal      Nu*Fiss      Kap*Fis    Fiss. Spctr
       1     0.222127    1.500643    0.009483    0.026045     0.005531     0.000000     1.000000
       2     0.763813    0.436407    0.084591    0.084591     0.097411     0.000000     0.000000
         --Scattering Matrix--
           G/G'          1          2
            1        0.000000    0.016563
            2        0.000000    0.000000
     Material 10
    Group   Transport    Diffusion  Absorption    Removal      Nu*Fiss      Kap*Fis    Fiss. Spctr
       1     0.221836    1.502612    0.009637    0.026542     0.006124     0.000000     1.000000
       2     0.770705    0.432504    0.086119    0.086119     0.113241     0.000000     0.000000
         --Scattering Matrix--
           G/G'          1          2
            1        0.000000    0.016904
            2        0.000000    0.000000
     Material 11
    Group   Transport    Diffusion  Absorption    Removal      Nu*Fiss      Kap*Fis    Fiss. Spctr
       1     0.221878    1.502327    0.009719    0.026337     0.006114     0.000000     1.000000
       2     0.764704    0.435899    0.088549    0.088549     0.112635     0.000000     0.000000
         --Scattering Matrix--
           G/G'          1          2
            1        0.000000    0.016618
            2        0.000000    0.000000

            -------------------------------
            >>>>>Wrting Core Geometry<<<<<
            -------------------------------
  Number of Assembly in x, y and z Directions Respectively :
           9           9          18
  Number of Nodes in x, y and z Directions Respectively :
          17          17          18

  x-Directed Nodes Divison (Delta-x)
    10.80  10.80  10.80  10.80  10.80  10.80  10.80  10.80  10.80  10.80
    10.80  10.80  10.80  10.80  10.80  10.80  10.80
  y-Directed Nodes Divison (Delta-y)
    10.80  10.80  10.80  10.80  10.80  10.80  10.80  10.80  10.80  10.80
    10.80  10.80  10.80  10.80  10.80  10.80  10.80
  Planar Region :  1
        1  2  3  4  5  6  7  8  9 10 11 12 13 14 15 16 17
    17  1  1  1  1  1  1  1  1  1  1  1  1  1  1  1  2  2 
    16  1  1  1  1  1  1  1  1  1  1  1  1  1  1  1  2  2 
    15  1  1  1  1  1  1  1  1  1  1  1  1  1  1  1  2  2 
    14  1  1  1  1  1  1  1  1  1  1  1  1  1  3  3  2  2 
    13  1  1  1  1  1  1  1  1  1  1  1  1  1  3  3  2  2 
    12  1  1  1  1  1  1  1  1  1  1  1  1  1  2  2       
    11  1  1  1  1  1  1  1  1  1  1  1  1  1  2  2       
    10  1  1  1  1  1  1  1  1  1  1  1  3  3  2  2       
     9  1  1  1  1  1  1  1  1  1  1  1  3  3  2  2       
     8  1  1  1  1  1  1  1  1  1  3  3  2  2             
     7  1  1  1  1  1  1  1  1  1  3  3  2  2             
     6  1  1  1  1  1  1  1  3  3  2  2                   
     5  1  1  1  1  1  1  1  3  3  2  2                   
     4  1  1  1  3  3  2  2  2  2                         
     3  1  1  1  3  3  2  2  2  2                         
     2  2  2  2  2  2                                     
     1  2  2  2  2  2                                     
  Planar Region :  2
        1  2  3  4  5  6  7  8  9 10 11 12 13 14 15 16 17
    17  4  5  5  4  4  5  5  4  4  5  5  4  4  6  6  2  2 
    16  5  4  4  5  5  4  4  5  5  4  4  6  6  6  6  2  2 
    15  5  4  4  5  5  4  4  5  5  4  4  6  6  6  6  2  2 
    14  4  5  5  4  4  5  5  4  4  5  5  6  6  3  3  2  2 
    13  4  5  5  4  4  5  5  4  4  5  5  6  6  3  3  2  2 
    12  5  4  4  5  5  4  4  5  5  6  6  6  6  2  2       
    11  5  4  4  5  5  4  4  5  5  6  6  6  6  2  2       
    10  4  5  5  4  4  5  5  4  4  6  6  3  3  2  2       
     9  4  5  5  4  4  5  5  4  4  6  6  3  3  2  2       
     8  5  4  4  5  5  6  6  6  6  3  3  2  2             
     7  5  4  4  5  5  6  6  6  6  3  3  2  2             
     6  4  6  6  6  6  6  6  3  3  2  2                   
     5  4  6  6  6  6  6  6  3  3  2  2                   
     4  6  6  6  3  3  2  2  2  2                         
     3  6  6  6  3  3  2  2  2  2                         
     2  2  2  2  2  2                                     
     1  2  2  2  2  2                                     
  Planar Region :  3
        1  2  3  4  5  6  7  8  9 10 11 12 13 14 15 16 17
    17  4  9  9  4  4  9  9  4  4  7  7  4  4  6  6  2  2 
    16  9  4  4  8  8  4  4  8  8  4  4  11 11 6  6  2  2 
    15  9  4  4  8  8  4  4  8  8  4  4  11 11 6  6  2  2 
    14  4  8  8  4  4  8  8  4  4  8  8  6  6  3  3  2  2 
    13  4  8  8  4  4  8  8  4  4  8  8  6  6  3  3  2  2 
    12  9  4  4  8  8  4  4  8  8  10 10 6  6  2  2       
    11  9  4  4  8  8  4  4  8  8  10 10 6  6  2  2       
    10  4  8  8  4  4  8  8  4  4  6  6  3  3  2  2       
     9  4  8  8  4  4  8  8  4  4  6  6  3  3  2  2       
     8  7  4  4  8  8  10 10 6  6  3  3  2  2             
     7  7  4  4  8  8  10 10 6  6  3  3  2  2             
     6  4  11 11 6  6  6  6  3  3  2  2                   
     5  4  11 11 6  6  6  6  3  3  2  2                   
     4  6  6  6  3  3  2  2  2  2                         
     3  6  6  6  3  3  2  2  2  2                         
     2  2  2  2  2  2                                     
     1  2  2  2  2  2                                     

  Planar Region Assignment to Planes.
 -------------------------------------
   Plane Number     Planar Region    Delta-z
       18 (Top)            1          30.00
       17                  3           8.00
       16                  3          12.80
       15                  3          12.80
       14                  3          30.00
       13                  3          30.00
       12                  3          30.00
       11                  3          30.00
       10                  3          30.00
        9                  3          30.00
        8                  3          30.00
        7                  3          30.00
        6                  3          30.00
        5                  3          30.00
        4                  3          15.00
        3                  3          11.00
        2                  2           7.70
        1 (Bottom)         1          30.00

   Boundary Conditions
   -------------------
  X-Directed West   : Reflective
  X-Directed East   : Zero Flux
  Y-Directed North  : Reflective
  Y-Directed South  : Zero Flux
  Z-Directed Bottom : Zero Flux
  Z-Directed Top    : Zero Flux

  ...Core Geometry is Sucessfully Read...
     ---------------------------------


            >>>> READING BORON CONCENTRATION FOR BC SEARCH <<<<
            --------------------------------------------------
  BORON CONCENTRATION REFERENCE : 1200.20

  MATERIAL CX CHANGES PER PPM BORON CHANGES : 
    MATERIAL  1
     GROUP   TRANSPORT   ABSORPTION   NU*FISS       FISSION
       1   0.611833E-07   0.187731E-06   0.000000E+00   0.000000E+00
       2   0.517535E-05   0.102635E-04   0.000000E+00   0.000000E+00
   --SCATTERING MATRIX--
     G/G'          1          2
      1      0.00000E+00  0.79146E-09
      2      0.00000E+00  0.00000E+00
    MATERIAL  2
     GROUP   TRANSPORT   ABSORPTION   NU*FISS       FISSION
       1   0.000000E+00   0.000000E+00   0.000000E+00   0.000000E+00
       2   0.776184E-03   0.844695E-04   0.000000E+00   0.000000E+00
   --SCATTERING MATRIX--
     G/G'          1          2
      1      0.00000E+00  0.00000E+00
      2      0.00000E+00  0.00000E+00
    MATERIAL  3
     GROUP   TRANSPORT   ABSORPTION   NU*FISS       FISSION
       1   0.000000E+00   0.000000E+00   0.000000E+00   0.000000E+00
       2   0.776184E-03   0.844695E-04   0.000000E+00   0.000000E+00
   --SCATTERING MATRIX--
     G/G'          1          2
      1      0.00000E+00  0.00000E+00
      2      0.00000E+00  0.00000E+00
    MATERIAL  4
     GROUP   TRANSPORT   ABSORPTION   NU*FISS       FISSION
       1   0.347809E-07   0.128505E-06  -0.112099E-08  -0.176188E-19
       2  -0.976510E-05   0.708807E-05  -0.243045E-05  -0.319085E-16
   --SCATTERING MATRIX--
     G/G'          1          2
      1      0.00000E+00 -0.10859E-06
      2      0.00000E+00  0.00000E+00
    MATERIAL  5
     GROUP   TRANSPORT   ABSORPTION   NU*FISS       FISSION
       1   0.353826E-07   0.126709E-06  -0.167880E-08  -0.249965E-19
       2  -0.850169E-05   0.682311E-05  -0.272445E-05  -0.357680E-16
   --SCATTERING MATRIX--
     G/G'          1          2
      1      0.00000E+00 -0.10695E-06
      2      0.00000E+00  0.00000E+00
    MATERIAL  6
     GROUP   TRANSPORT   ABSORPTION   NU*FISS       FISSION
       1   0.359838E-07   0.124986E-06  -0.221038E-08  -0.320225E-19
       2  -0.746251E-05   0.659798E-05  -0.295883E-05  -0.388451E-16
   --SCATTERING MATRIX--
     G/G'          1          2
      1      0.00000E+00 -0.10537E-06
      2      0.00000E+00  0.00000E+00
    MATERIAL  7
     GROUP   TRANSPORT   ABSORPTION   NU*FISS       FISSION
       1   0.337806E-07   0.119869E-06  -0.171323E-08  -0.249965E-19
       2  -0.673744E-05   0.629310E-05  -0.255359E-05  -0.335223E-16
   --SCATTERING MATRIX--
     G/G'          1          2
      1      0.00000E+00 -0.10087E-06
      2      0.00000E+00  0.00000E+00
    MATERIAL  8
     GROUP   TRANSPORT   ABSORPTION   NU*FISS       FISSION
       1   0.332495E-07   0.117585E-06  -0.172421E-08  -0.254896E-19
       2  -0.619725E-05   0.611904E-05  -0.248880E-05  -0.326704E-16
   --SCATTERING MATRIX--
     G/G'          1          2
      1      0.00000E+00 -0.98858E-07
      2      0.00000E+00  0.00000E+00
    MATERIAL  9
     GROUP   TRANSPORT   ABSORPTION   NU*FISS       FISSION
       1   0.327201E-07   0.115319E-06  -0.173502E-08  -0.256049E-19
       2  -0.568220E-05   0.594711E-05  -0.242240E-05  -0.317976E-16
   --SCATTERING MATRIX--
     G/G'          1          2
      1      0.00000E+00 -0.96849E-07
      2      0.00000E+00  0.00000E+00
    MATERIAL 10
     GROUP   TRANSPORT   ABSORPTION   NU*FISS       FISSION
       1   0.343859E-07   0.118186E-06  -0.224335E-08  -0.320225E-19
       2  -0.586898E-05   0.608443E-05  -0.277657E-05  -0.364509E-16
   --SCATTERING MATRIX--
     G/G'          1          2
      1      0.00000E+00 -0.99331E-07
      2      0.00000E+00  0.00000E+00
    MATERIAL 11
     GROUP   TRANSPORT   ABSORPTION   NU*FISS       FISSION
       1   0.338559E-07   0.115917E-06  -0.225369E-08  -0.324873E-19
       2  -0.538345E-05   0.591697E-05  -0.270780E-05  -0.355476E-16
   --SCATTERING MATRIX--
     G/G'          1          2
      1      0.00000E+00 -0.97329E-07
      2      0.00000E+00  0.00000E+00

  ...Critical Boron Search card is sucessfully read...


            >>>> READING CONTROL RODS INSERTION <<<<
            --------------------------------------------
  NUMBER OF CONTROL ROD BANK  :  7
  MAX. NUMBER OF STEPS        : 228
  FULLY INSERTED POSITION (cm): 37.7 (FROM BOTTOM OF THE CORE)
  STEP SIZE (cm)              :   1.5942
  CR CUSPING CORRECTION       : NOT ACTIVE
  INITIAL CONTROL ROD BANK POSITION (STEPS) : 
  (0 means fully inserted) 
    Bank  1  Bank  2  Bank  3  Bank  4  Bank  5  Bank  6  Bank  7
    150.0    200.0    150.0    200.0    200.0    200.0    200.0

  CONTROL ROD BANK MAP : 
  1  0  2  0  0  0  3  0  0
  0  4  0  0  0  6  0  0  0
  2  0  5  0  6  0  6  0  0
  0  0  0  4  0  0  0  0  0
  0  0  6  0  7  0  0  0  0
  0  6  0  0  0  0  0  0  0
  3  0  6  0  0  0  0  0  0
  0  0  0  0  0  0  0  0  0
  0  0  0  0  0  0  0  0  0

  MATERIAL CX INCREMENT OR DECREMENT DUE TO CR INSERTION : 
    MATERIAL  1
    GROUP   TRANSPORT  ABSORPTION      NU*FISS      FISSION
       1     0.003732    0.002478    -0.000103    -0.000000
       2    -0.021993    0.025587    -0.002823    -0.000000
   --SCATTERING MATRIX--
     G/G'        1        2
      1      0.000000 -0.003193
      2      0.000000  0.000000
    MATERIAL  2
    GROUP   TRANSPORT  ABSORPTION      NU*FISS      FISSION
       1     0.003732    0.002478    -0.000103    -0.000000
       2    -0.021993    0.025587    -0.002823    -0.000000
   --SCATTERING MATRIX--
     G/G'        1        2
      1      0.000000 -0.003193
      2      0.000000  0.000000
    MATERIAL  3
    GROUP   TRANSPORT  ABSORPTION      NU*FISS      FISSION
       1     0.003732    0.002478    -0.000103    -0.000000
       2    -0.021993    0.025587    -0.002823    -0.000000
   --SCATTERING MATRIX--
     G/G'        1        2
      1      0.000000 -0.003193
      2      0.000000  0.000000
    MATERIAL  4
    GROUP   TRANSPORT  ABSORPTION      NU*FISS      FISSION
       1     0.003732    0.002478    -0.000103    -0.000000
       2    -0.021993    0.025587    -0.002823    -0.000000
   --SCATTERING MATRIX--
     G/G'        1        2
      1      0.000000 -0.003193
      2      0.000000  0.000000
    MATERIAL  5
    GROUP   TRANSPORT  ABSORPTION      NU*FISS      FISSION
       1     0.003732    0.002478    -0.000103    -0.000000
       2    -0.021993    0.025587    -0.002823    -0.000000
   --SCATTERING MATRIX--
     G/G'        1        2
      1      0.000000 -0.003193
      2      0.000000  0.000000
    MATERIAL  6
    GROUP   TRANSPORT  ABSORPTION      NU*FISS      FISSION
       1     0.003741    0.002429    -0.000123    -0.000000
       2    -0.016750    0.025648    -0.003281    -0.000000
   --SCATTERING MATRIX--
     G/G'        1        2
      1      0.000000 -0.003142
      2      0.000000  0.000000
    MATERIAL  7
    GROUP   TRANSPORT  ABSORPTION      NU*FISS      FISSION
       1     0.003732    0.002478    -0.000103    -0.000000
       2    -0.021993    0.025587    -0.002823    -0.000000
   --SCATTERING MATRIX--
     G/G'        1        2
      1      0.000000 -0.003193
      2      0.000000  0.000000
    MATERIAL  8
    GROUP   TRANSPORT  ABSORPTION      NU*FISS      FISSION
       1     0.003732    0.002478    -0.000103    -0.000000
       2    -0.021993    0.025587    -0.002823    -0.000000
   --SCATTERING MATRIX--
     G/G'        1        2
      1      0.000000 -0.003193
      2      0.000000  0.000000
    MATERIAL  9
    GROUP   TRANSPORT  ABSORPTION      NU*FISS      FISSION
       1     0.003732    0.002478    -0.000103    -0.000000
       2    -0.021993    0.025587    -0.002823    -0.000000
   --SCATTERING MATRIX--
     G/G'        1        2
      1      0.000000 -0.003193
      2      0.000000  0.000000
    MATERIAL 10
    GROUP   TRANSPORT  ABSORPTION      NU*FISS      FISSION
       1     0.003732    0.002478    -0.000103    -0.000000
       2    -0.021993    0.025587    -0.002823    -0.000000
   --SCATTERING MATRIX--
     G/G'        1        2
      1      0.000000 -0.003193
      2      0.000000  0.000000
    MATERIAL 11
    GROUP   TRANSPORT  ABSORPTION      NU*FISS      FISSION
       1     0.003732    0.002478    -0.000103    -0.000000
       2    -0.021993    0.025587    -0.002823    -0.000000
   --SCATTERING MATRIX--
     G/G'        1        2
      1      0.000000 -0.003193
      2      0.000000  0.000000

  ...Control Rods Insertion card is sucessfully read...


            >>>>   READING THERMAL-HYDRAULIC DATA   <<<<
            --------------------------------------------
  REACTOR PERCENT POWER (%)                :    100.00000
  REACTOR POWER (Watt)                     :   6.9375E+08
  COOLANT INLET TEMPERATURE (Kelvin)       :   5.5915E+02
  FUEL ASSEMBLY MASS FLOW RATE (Kg/s)      :   8.2121E+01
  FUEL MEAT RADIUS (m)                     :   4.1195E-03
  GAP THICKNESS (m)                        :   6.8000E-05
  CLAD THICKNESS (m)                       :   5.7100E-04
  PIN PITCH(m)                             :   1.2655E-02
  FRACTION OF HEAT DEPOSITED IN COOL.      :   1.9000E-02

  ...Thermal-hydraulic Card is sucessfully read...


            >>>>      READING FUEL TEMPERATURE      <<<<
            --------------------------------------------
  AVERAGE FUEL TEMPERATURE   :891.19  (NOT USED)
  FUEL TEMPERATURE REFERENCE :891.45

  MATERIAL CX CHANGES PER FUEL TEMPERATURE CHANGES : 
    MATERIAL  1
     GROUP   TRANSPORT   ABSORPTION   NU*FISS       FISSION
       1   0.00000E+00  0.00000E+00   0.00000E+00   0.00000E+00
       2   0.00000E+00  0.00000E+00   0.00000E+00   0.00000E+00
   --SCATTERING MATRIX--
     G/G'          1          2
      1      0.00000E+00  0.00000E+00
      2      0.00000E+00  0.00000E+00
    MATERIAL  2
     GROUP   TRANSPORT   ABSORPTION   NU*FISS       FISSION
       1   0.00000E+00  0.00000E+00   0.00000E+00   0.00000E+00
       2   0.00000E+00  0.00000E+00   0.00000E+00   0.00000E+00
   --SCATTERING MATRIX--
     G/G'          1          2
      1      0.00000E+00  0.00000E+00
      2      0.00000E+00  0.00000E+00
    MATERIAL  3
     GROUP   TRANSPORT   ABSORPTION   NU*FISS       FISSION
       1   0.00000E+00  0.00000E+00   0.00000E+00   0.00000E+00
       2   0.00000E+00  0.00000E+00   0.00000E+00   0.00000E+00
   --SCATTERING MATRIX--
     G/G'          1          2
      1      0.00000E+00  0.00000E+00
      2      0.00000E+00  0.00000E+00
    MATERIAL  4
     GROUP   TRANSPORT   ABSORPTION   NU*FISS       FISSION
       1  -0.30920E-04  0.34971E-04   0.64013E-06   0.71541E-17
       2  -0.13729E-03 -0.37181E-04  -0.56304E-04  -0.73919E-15
   --SCATTERING MATRIX--
     G/G'          1          2
      1      0.00000E+00 -0.27554E-04
      2      0.00000E+00  0.00000E+00
    MATERIAL  5
     GROUP   TRANSPORT   ABSORPTION   NU*FISS       FISSION
       1  -0.30861E-04  0.35180E-04   0.99743E-06   0.11868E-16
       2  -0.11748E-03 -0.37704E-04  -0.60415E-04  -0.79317E-15
   --SCATTERING MATRIX--
     G/G'          1          2
      1      0.00000E+00 -0.27677E-04
      2      0.00000E+00  0.00000E+00
    MATERIAL  6
     GROUP   TRANSPORT   ABSORPTION   NU*FISS       FISSION
       1  -0.30917E-04  0.35384E-04   0.14185E-05   0.17427E-16
       2  -0.10134E-03 -0.37756E-04  -0.63096E-04  -0.82836E-15
   --SCATTERING MATRIX--
     G/G'          1          2
      1      0.00000E+00 -0.27839E-04
      2      0.00000E+00  0.00000E+00
    MATERIAL  7
     GROUP   TRANSPORT   ABSORPTION   NU*FISS       FISSION
       1  -0.31375E-04  0.34870E-04   0.94543E-06   0.11868E-16
       2  -0.10827E-03 -0.37275E-04  -0.57966E-04  -0.76085E-15
   --SCATTERING MATRIX--
     G/G'          1          2
      1      0.00000E+00 -0.27355E-04
      2      0.00000E+00  0.00000E+00
    MATERIAL  8
     GROUP   TRANSPORT   ABSORPTION   NU*FISS       FISSION
       1  -0.31550E-04  0.34727E-04   0.92608E-06   0.10893E-16
       2  -0.10552E-03 -0.37181E-04  -0.57111E-04  -0.74957E-15
   --SCATTERING MATRIX--
     G/G'          1          2
      1      0.00000E+00 -0.27238E-04
      2      0.00000E+00  0.00000E+00
    MATERIAL  9
     GROUP   TRANSPORT   ABSORPTION   NU*FISS       FISSION
       1  -0.31728E-04  0.34603E-04   0.90580E-06   0.10617E-16
       2  -0.10252E-03 -0.37020E-04  -0.56154E-04  -0.73697E-15
   --SCATTERING MATRIX--
     G/G'          1          2
      1      0.00000E+00 -0.27117E-04
      2      0.00000E+00  0.00000E+00
    MATERIAL 10
     GROUP   TRANSPORT   ABSORPTION   NU*FISS       FISSION
       1  -0.31419E-04  0.35064E-04   0.13564E-05   0.17427E-16
       2  -0.93889E-04 -0.37140E-04  -0.60505E-04  -0.79425E-15
   --SCATTERING MATRIX--
     G/G'          1          2
      1      0.00000E+00 -0.27505E-04
      2      0.00000E+00  0.00000E+00
    MATERIAL 11
     GROUP   TRANSPORT   ABSORPTION   NU*FISS       FISSION
       1  -0.31591E-04  0.34912E-04   0.13334E-05   0.16277E-16
       2  -0.91713E-04 -0.36991E-04  -0.59628E-04  -0.78272E-15
   --SCATTERING MATRIX--
     G/G'          1          2
      1      0.00000E+00 -0.27383E-04
      2      0.00000E+00  0.00000E+00

  ...Fuel Temperature is card sucessfully read...


            >>>>   READING MODERATOR TEMPERATURE    <<<<
            --------------------------------------------
  AVERAGE MODERATOR TEMPERATURE   :559.19  (NOT USED)
  MODERATOR TEMPERATURE REFERENCE :579.75

  MATERIAL CX CHANGES PER MODERATOR TEMPERATURE CHANGES : 
    MATERIAL  1
     GROUP   TRANSPORT   ABSORPTION   NU*FISS       FISSION
       1   0.00000E+00  0.00000E+00   0.00000E+00   0.00000E+00
       2   0.00000E+00  0.00000E+00   0.00000E+00   0.00000E+00
   --SCATTERING MATRIX--
     G/G'          1          2
      1      0.00000E+00  0.00000E+00
      2      0.00000E+00  0.00000E+00
    MATERIAL  2
     GROUP   TRANSPORT   ABSORPTION   NU*FISS       FISSION
       1   0.00000E+00  0.00000E+00   0.00000E+00   0.00000E+00
       2   0.00000E+00  0.00000E+00   0.00000E+00   0.00000E+00
   --SCATTERING MATRIX--
     G/G'          1          2
      1      0.00000E+00  0.00000E+00
      2      0.00000E+00  0.00000E+00
    MATERIAL  3
     GROUP   TRANSPORT   ABSORPTION   NU*FISS       FISSION
       1   0.00000E+00  0.00000E+00   0.00000E+00   0.00000E+00
       2   0.00000E+00  0.00000E+00   0.00000E+00   0.00000E+00
   --SCATTERING MATRIX--
     G/G'          1          2
      1      0.00000E+00  0.00000E+00
      2      0.00000E+00  0.00000E+00
    MATERIAL  4
     GROUP   TRANSPORT   ABSORPTION   NU*FISS       FISSION
       1  -0.20331E-05  0.21219E-06   0.12471E-06   0.14304E-17
       2  -0.10867E-03 -0.31560E-04  -0.41644E-04  -0.54672E-15
   --SCATTERING MATRIX--
     G/G'          1          2
      1      0.00000E+00  0.80968E-06
      2      0.00000E+00  0.00000E+00
    MATERIAL  5
     GROUP   TRANSPORT   ABSORPTION   NU*FISS       FISSION
       1  -0.19808E-05  0.22600E-06   0.13515E-06   0.15690E-17
       2  -0.90615E-04 -0.32144E-04  -0.45310E-04  -0.59486E-15
   --SCATTERING MATRIX--
     G/G'          1          2
      1      0.00000E+00  0.85847E-06
      2      0.00000E+00  0.00000E+00
    MATERIAL  6
     GROUP   TRANSPORT   ABSORPTION   NU*FISS       FISSION
       1  -0.19243E-05  0.23994E-06   0.14908E-06   0.17542E-17
       2  -0.76279E-04 -0.32378E-04  -0.47847E-04  -0.62817E-15
   --SCATTERING MATRIX--
     G/G'          1          2
      1      0.00000E+00  0.90349E-06
      2      0.00000E+00  0.00000E+00
    MATERIAL  7
     GROUP   TRANSPORT   ABSORPTION   NU*FISS       FISSION
       1  -0.26963E-05  0.24853E-06   0.14077E-06   0.15690E-17
       2  -0.76244E-04 -0.30012E-04  -0.42020E-04  -0.55167E-15
   --SCATTERING MATRIX--
     G/G'          1          2
      1      0.00000E+00  0.70131E-06
      2      0.00000E+00  0.00000E+00
    MATERIAL  8
     GROUP   TRANSPORT   ABSORPTION   NU*FISS       FISSION
       1  -0.30791E-05  0.26185E-06   0.14323E-06   0.16790E-17
       2  -0.73340E-04 -0.29193E-04  -0.40770E-04  -0.53526E-15
   --SCATTERING MATRIX--
     G/G'          1          2
      1      0.00000E+00  0.61738E-06
      2      0.00000E+00  0.00000E+00
    MATERIAL  9
     GROUP   TRANSPORT   ABSORPTION   NU*FISS       FISSION
       1  -0.35388E-05  0.27431E-06   0.14602E-06   0.17167E-17
       2  -0.71371E-04 -0.28304E-04  -0.39432E-04  -0.51769E-15
   --SCATTERING MATRIX--
     G/G'          1          2
      1      0.00000E+00  0.51655E-06
      2      0.00000E+00  0.00000E+00
    MATERIAL 10
     GROUP   TRANSPORT   ABSORPTION   NU*FISS       FISSION
       1  -0.26391E-05  0.26429E-06   0.15586E-06   0.17542E-17
       2  -0.63955E-04 -0.30351E-04  -0.44443E-04  -0.58348E-15
   --SCATTERING MATRIX--
     G/G'          1          2
      1      0.00000E+00  0.74432E-06
      2      0.00000E+00  0.00000E+00
    MATERIAL 11
     GROUP   TRANSPORT   ABSORPTION   NU*FISS       FISSION
       1  -0.30215E-05  0.27906E-06   0.15881E-06   0.18853E-17
       2  -0.61698E-04 -0.29563E-04  -0.43159E-04  -0.56662E-15
   --SCATTERING MATRIX--
     G/G'          1          2
      1      0.00000E+00  0.65952E-06
      2      0.00000E+00  0.00000E+00

  ...Moderator Temperature Card is sucessfully read...


            >>>>       READING COOLANT DENSITY      <<<<
            --------------------------------------------
  AVERAGE COOLANT DENSITY   :  0.7464  (USED AS GUESS)
  COOLANT DENSITY REFERENCE :  0.7125

  MATERIAL CX CHANGES PER COOLANT DENSITY CHANGES : 
    MATERIAL  1
     GROUP   TRANSPORT   ABSORPTION   NU*FISS       FISSION
       1   0.74576E-01  0.20769E-03   0.00000E+00   0.00000E+00
       2   0.53363E+00  0.75842E-02   0.00000E+00   0.00000E+00
   --SCATTERING MATRIX--
     G/G'          1          2
      1      0.00000E+00  0.37131E-01
      2      0.00000E+00  0.00000E+00
    MATERIAL  2
     GROUP   TRANSPORT   ABSORPTION   NU*FISS       FISSION
       1   0.00000E+00  0.00000E+00   0.00000E+00   0.00000E+00
       2   0.00000E+00  0.00000E+00   0.00000E+00   0.00000E+00
   --SCATTERING MATRIX--
     G/G'          1          2
      1      0.00000E+00  0.00000E+00
      2      0.00000E+00  0.00000E+00
    MATERIAL  3
     GROUP   TRANSPORT   ABSORPTION   NU*FISS       FISSION
       1   0.00000E+00  0.00000E+00   0.00000E+00   0.00000E+00
       2   0.00000E+00  0.00000E+00   0.00000E+00   0.00000E+00
   --SCATTERING MATRIX--
     G/G'          1          2
      1      0.00000E+00  0.00000E+00
      2      0.00000E+00  0.00000E+00
    MATERIAL  4
     GROUP   TRANSPORT   ABSORPTION   NU*FISS       FISSION
       1   0.13567E+00  0.15519E-02   0.92069E-03   0.10239E-13
       2   0.99263E+00  0.25266E-01   0.24775E-01   0.32526E-12
   --SCATTERING MATRIX--
     G/G'          1          2
      1      0.00000E+00  0.29319E-01
      2      0.00000E+00  0.00000E+00
    MATERIAL  5
     GROUP   TRANSPORT   ABSORPTION   NU*FISS       FISSION
       1   0.13575E+00  0.16149E-02   0.96416E-03   0.10814E-13
       2   0.98198E+00  0.28667E-01   0.31499E-01   0.41354E-12
   --SCATTERING MATRIX--
     G/G'          1          2
      1      0.00000E+00  0.29270E-01
      2      0.00000E+00  0.00000E+00
    MATERIAL  6
     GROUP   TRANSPORT   ABSORPTION   NU*FISS       FISSION
       1   0.13583E+00  0.16802E-02   0.10141E-02   0.11477E-13
       2   0.97227E+00  0.31957E-01   0.38110E-01   0.50033E-12
   --SCATTERING MATRIX--
     G/G'          1          2
      1      0.00000E+00  0.29215E-01
      2      0.00000E+00  0.00000E+00
    MATERIAL  7
     GROUP   TRANSPORT   ABSORPTION   NU*FISS       FISSION
       1   0.13103E+00  0.16840E-02   0.98195E-03   0.10814E-13
       2   0.93470E+00  0.31424E-01   0.35159E-01   0.46172E-12
   --SCATTERING MATRIX--
     G/G'          1          2
      1      0.00000E+00  0.28249E-01
      2      0.00000E+00  0.00000E+00
    MATERIAL  8
     GROUP   TRANSPORT   ABSORPTION   NU*FISS       FISSION
       1   0.12938E+00  0.17197E-02   0.98844E-03   0.11132E-13
       2   0.91817E+00  0.32472E-01   0.36325E-01   0.47708E-12
   --SCATTERING MATRIX--
     G/G'          1          2
      1      0.00000E+00  0.27890E-01
      2      0.00000E+00  0.00000E+00
    MATERIAL  9
     GROUP   TRANSPORT   ABSORPTION   NU*FISS       FISSION
       1   0.12768E+00  0.17499E-02   0.99518E-03   0.11221E-13
       2   0.90129E+00  0.33594E-01   0.37450E-01   0.49190E-12
   --SCATTERING MATRIX--
     G/G'          1          2
      1      0.00000E+00  0.27520E-01
      2      0.00000E+00  0.00000E+00
    MATERIAL 10
     GROUP   TRANSPORT   ABSORPTION   NU*FISS       FISSION
       1   0.13112E+00  0.17553E-02   0.10352E-02   0.11477E-13
       2   0.92492E+00  0.34985E-01   0.42069E-01   0.58348E-12
   --SCATTERING MATRIX--
     G/G'          1          2
      1      0.00000E+00  0.28188E-01
      2      0.00000E+00  0.00000E+00
    MATERIAL 11
     GROUP   TRANSPORT   ABSORPTION   NU*FISS       FISSION
       1   0.12946E+00  0.17950E-02   0.10429E-02   0.11853E-13
       2   0.90846E+00  0.36103E-01   0.43321E-01   0.56886E-12
   --SCATTERING MATRIX--
     G/G'          1          2
      1      0.00000E+00  0.27826E-01
      2      0.00000E+00  0.00000E+00

  ...Coolant Density Card is sucessfully read...


  ================================================================================================
                        CRITICAL BORON CONCENTRATION SEARCH
  ================================================================================================

   Itr  Boron Concentration          K-EFF    FLUX REL. ERROR   FISS. SOURCE REL. ERROR    DOPPLER ERROR
  ------------------------------------------------------------------------------------------------------
    1     1.174296    4.56361E+00    6.73064E+00
    2     1.165147    1.00000E+00    5.77306E+00
    3     1.068147    5.61586E-01    3.57884E+00
    4     1.017341    4.00570E-01    2.13092E+00
    5     0.970612    9.85013E-01    1.38993E+00
    6     0.990982    1.22932E-01    8.99224E-01
    7     0.988839    1.87225E-01    6.03117E-01
    8     0.988878    1.61489E-01    3.95945E-01
    9     0.989863    1.43378E-01    2.42178E-01
   10     1.006152    4.19170E+02    1.76445E-01
   11     1.001358    2.31691E+00    2.78892E+00
   12     1.001222    2.30822E-01    8.99840E-01
   13     1.000780    1.06250E-01    5.43476E-01
   14     1.000810    6.96107E-02    2.92547E-01
   15     1.007148    1.54875E+03    1.50432E-01
   16     1.006384    3.75860E+00    6.27398E+00
   17     1.006118    3.26586E-01    1.25437E+00
   18     1.005824    1.30197E-01    6.84176E-01
   19     1.005797    8.10520E-02    3.96296E-01
   20     1.007192    4.10927E+02    2.07263E-01
    1     1.009777    3.68446E-02    1.06964E-01
    2     1.008952    3.07283E-02    6.47528E-02
    3     1.008415    2.29126E-02    4.33257E-02
    4     1.008179    1.68951E-02    3.08455E-02
    5     1.003294    1.97571E+00    2.20162E-02
    6     1.008770    5.80069E-01    3.29500E-01
    7     1.008525    3.79121E-02    1.69756E-01
    8     1.008425    2.57045E-02    8.65914E-02
    9     1.008407    2.30005E-02    3.51254E-02
   10     1.008633    5.90583E-01    2.32610E-02
   11     1.008654    2.05097E-01    2.76112E-01
   12     1.008752    4.74053E-02    1.64765E-01
   13     1.008779    3.06340E-02    8.71106E-02
   14     1.008799    2.42622E-02    5.07737E-02
   15     1.009715    5.47819E+01    3.38900E-02
   16     1.009322    9.72005E-01    8.24037E-01
   17     1.009296    4.02066E-02    3.98651E-01
   18     1.009246    3.48659E-02    1.76574E-01
   19     1.009222    3.23501E-02    4.70165E-02
   20     1.009045    3.10502E-01    4.01828E-02
    1     0.993539    5.48027E-02    1.02768E-01
    2     0.996308    2.33504E-02    5.82690E-02
    3     0.998537    1.76614E-02    3.81923E-02
    4     0.999596    1.19734E-02    2.41334E-02
    5     1.008985    1.80843E-01    1.74773E-02
    6     1.000559    1.21597E-01    1.01779E-01
    7     1.000471    2.00825E-02    4.89810E-02
    8     1.000468    1.38584E-02    2.83203E-02
    9     1.000484    1.29790E-02    1.71519E-02
   10     1.002889    3.52038E+02    1.41109E-02
   11     1.003092    1.72353E+00    1.74024E+00
   12     1.002465    9.90364E-02    5.83942E-01
   13     1.002071    2.25116E-02    3.44983E-01
   14     1.001849    1.86845E-02    1.39893E-01
   15     0.999534    2.39207E-01    5.35311E-02
   16     1.001567    1.79004E-01    1.13271E-01
   17     1.001465    1.51258E-02    7.59477E-02
   18     1.001469    1.11792E-02    3.69827E-02
   19     1.001485    8.57612E-03    1.08570E-02
   20     1.002130    3.86757E-01    9.51948E-03
    1     1.000923    1.09521E-02    1.45236E-02
    2     1.000808    5.28499E-03    9.12895E-03
    3     1.000809    4.33390E-03    6.80559E-03
    4     1.000817    3.97602E-03    5.03850E-03
    5     1.001060    2.34660E-01    3.68170E-03
    6     1.000912    1.29985E-01    9.15594E-02
    7     1.000865    1.12058E-02    4.44309E-02
    8     1.000846    5.40656E-03    2.45320E-02
    9     1.000832    4.81655E-03    1.25689E-02
   10     1.000630    6.93054E-02    7.07720E-03
   11     1.000826    4.82274E-02    3.72526E-02
   12     1.000788    3.25002E-03    2.45426E-02
   13     1.000780    2.04542E-03    1.02392E-02
   14     1.000779    1.79782E-03    3.72338E-03
   15     1.000830    7.26428E-02    2.00488E-03
   16     1.000865    4.78489E-02    3.02023E-02
   17     1.000839    4.60074E-03    1.87811E-02
   18     1.000824    3.04556E-03    7.85928E-03
   19     1.000815    2.21334E-03    3.94841E-03
   20     1.000700    3.60645E-02    2.65658E-03
    1     0.997919    6.01640E-03    8.45231E-03
    2     0.998397    2.60014E-03    2.71987E-03
    3     0.998784    2.22912E-03    2.29478E-03
    4     0.998965    1.86751E-03    2.15146E-03
    5     1.000197    2.65288E-02    1.89228E-03
    6     0.998990    1.22225E-02    1.50169E-02
    7     0.999015    2.50243E-03    9.88222E-03
    8     0.999030    1.61700E-03    4.37278E-03
    9     0.999035    1.52020E-03    2.75025E-03
   10     0.999093    7.87481E-02    2.06378E-03
   11     0.998889    5.17179E-02    4.01499E-02
   12     0.998951    5.13090E-03    2.41629E-02
   13     0.998973    1.68743E-03    1.48975E-02
   14     0.998977    1.20514E-03    7.11246E-03
   15     0.998943    2.03313E-02    3.66640E-03
   16     0.998950    1.23653E-02    9.60973E-03
   17     0.998948    9.39786E-04    6.12327E-03
   18     0.998950    4.39827E-04    3.57568E-03
   19     0.998952    3.63489E-04    1.33570E-03
   20     0.998989    9.78422E-03    4.88713E-04
    1     0.998756    2.79237E-03    5.01373E-03
    2     0.998776    8.73756E-04    2.06355E-03
    3     0.998798    6.99761E-04    1.02293E-03
    4     0.998808    6.47612E-04    6.48072E-04
    5     0.999011    3.02396E-02    6.20123E-04
    6     0.998762    1.43302E-02    1.75318E-02
    7     0.998793    2.03455E-03    1.00840E-02
    8     0.998805    1.21350E-03    4.34679E-03
    9     0.998810    1.04195E-03    2.24466E-03
   10     0.998863    2.51219E-02    1.35637E-03
   11     0.998813    1.65565E-02    1.10639E-02
   12     0.998817    1.05517E-03    6.50109E-03
   13     0.998817    3.99679E-04    4.11287E-03
   14     0.998817    4.07749E-04    1.53853E-03
   15     0.998811    1.40627E-02    6.07202E-04
   16     0.998806    9.93296E-03    4.53823E-03
   17     0.998811    8.94142E-04    2.70736E-03
   18     0.998813    6.15954E-04    1.34887E-03
   19     0.998814    5.63817E-04    7.29715E-04
   20     0.998824    8.87330E-03    5.36704E-04
    1     0.998774    1.07162E-03    1.67947E-03
    2     0.998779    4.09138E-04    5.11553E-04
    3     0.998784    3.28857E-04    3.30328E-04
    4     0.998787    2.97947E-04    2.98151E-04
    5     0.998908    2.91826E-02    2.82336E-04
    6     0.998764    1.72165E-02    1.75581E-02
    7     0.998777    2.12570E-03    1.08833E-02
    8     0.998782    1.07988E-03    4.84167E-03
    9     0.998784    8.56193E-04    2.83862E-03
   10     0.998789    6.70942E-03    1.75990E-03
   11     0.998785    3.67008E-03    3.70771E-03
   12     0.998784    4.86960E-04    2.56414E-03
   13     0.998783    3.21440E-04    1.25962E-03
   14     0.998783    2.71935E-04    4.74435E-04
   15     0.998784    1.02859E-02    3.33084E-04
   16     0.998782    6.46035E-03    4.76844E-03
   17     0.998782    4.36712E-04    2.97023E-03
   18     0.998782    2.43459E-04    1.52614E-03
   19     0.998782    1.95214E-04    6.41030E-04
   20     0.998789    7.61568E-03    2.88714E-04
    1     0.998804    8.07346E-04    1.28691E-03
    2     0.998801    2.60541E-04    5.03436E-04
    3     0.998800    2.07466E-04    2.08439E-04
    4     0.998799    1.89524E-04    1.89639E-04
    5     0.998782    9.66620E-03    1.81181E-04
    6     0.998801    5.14283E-03    5.57390E-03
    7     0.998800    8.80380E-04    3.10240E-03
    8     0.998799    5.10077E-04    1.63032E-03
    9     0.998798    4.32117E-04    1.01575E-03
   10     0.998792    1.07378E-02    7.11650E-04
   11     0.998798    6.76596E-03    4.68743E-03
   12     0.998796    3.61061E-04    2.88219E-03
   13     0.998796    1.55193E-04    1.72899E-03
   14     0.998796    1.28341E-04    6.10111E-04
   15     0.998801    3.81772E-03    1.88948E-04
   16     0.998797    2.90195E-03    1.36951E-03
   17     0.998798    2.82123E-04    8.46781E-04
   18     0.998798    2.39134E-04    3.57272E-04
   19     0.998798    1.97266E-04    2.16536E-04
   20     0.998795    2.72189E-03    2.01150E-04
    1     0.998834    3.40729E-04    5.46447E-04
    2     0.998828    1.51049E-04    2.49022E-04
    3     0.998823    1.20801E-04    1.21392E-04
    4     0.998821    1.09173E-04    1.09313E-04
    5     0.998773    5.11471E-03    1.03967E-04
    6     0.998822    2.41511E-03    2.99258E-03
    7     0.998821    3.75365E-04    1.87793E-03
    8     0.998821    2.22012E-04    8.06817E-04
    9     0.998821    1.90232E-04    4.75895E-04
   10     0.998820    6.73120E-03    3.21189E-04
   11     0.998821    4.34098E-03    2.83847E-03
   12     0.998822    1.78485E-04    1.76494E-03
   13     0.998822    1.32525E-04    9.88988E-04
   14     0.998822    1.10312E-04    2.86887E-04
   15     0.998822    2.13612E-03    1.08784E-04
   16     0.998822    1.13930E-03    1.15809E-03
   17     0.998822    1.30358E-04    7.47610E-04
   18     0.998822    8.83981E-05    2.19226E-04
   19     0.998822    6.86506E-05    1.37054E-04
   20     0.998822    1.61504E-03    9.24919E-05
    1     0.998824    2.13716E-04    3.72069E-04
    2     0.998823    7.78900E-05    1.82249E-04
    3     0.998823    5.90808E-05    8.89819E-05
    4     0.998823    5.28085E-05    5.70391E-05
    5     0.998818    3.64570E-03    4.96210E-05
    6     0.998823    1.66666E-03    2.13201E-03
    7     0.998823    2.75742E-04    1.30189E-03
    8     0.998823    1.74435E-04    5.38733E-04
    9     0.998823    1.48996E-04    3.01302E-04
   10     0.998823    2.10677E-03    2.17351E-04
   11     0.998823    1.28547E-03    8.78237E-04
   12     0.998823    8.75628E-05    5.36225E-04
   13     0.998823    4.60818E-05    3.29307E-04
   14     0.998823    2.99988E-05    1.26332E-04
   15     0.998823    1.09873E-03    5.31849E-05
   16     0.998823    6.97407E-04    5.02473E-04
   17     0.998823    5.61511E-05    3.13739E-04
   18     0.998823    4.67817E-05    1.23786E-04
   19     0.998823    3.97086E-05    5.35451E-05
   20     0.998823    5.70310E-04    3.66451E-05
    1     0.998822    1.00859E-04    1.63339E-04
    2     0.998822    3.42368E-05    8.28117E-05
    3     0.998823    2.63366E-05    3.74781E-05
    4     0.998823    2.35597E-05    2.35774E-05
    5     0.998824    1.60075E-03    2.21684E-05
    6     0.998823    7.52678E-04    9.52980E-04
    7     0.998823    1.14706E-04    5.88809E-04
    8     0.998823    6.81012E-05    2.47161E-04
    9     0.998822    5.75831E-05    1.45507E-04
   10     0.998822    1.03108E-03    1.00064E-04
   11     0.998822    6.40907E-04    4.36020E-04
   12     0.998822    2.86993E-05    2.80769E-04
   13     0.998822    1.77433E-05    1.60721E-04
   14     0.998822    1.40611E-05    4.66649E-05
   15     0.998823    5.64330E-04    1.39329E-05
   16     0.998823    3.89905E-04    2.21253E-04
   17     0.998823    2.60927E-05    1.26151E-04
   18     0.998823    1.83610E-05    6.85089E-05
   19     0.998822    1.60333E-05    2.04297E-05
   20     0.998822    2.79323E-04    1.59156E-05
    1     0.998822    5.49848E-05    1.01700E-04
    2     0.998822    1.86537E-05    4.61490E-05
    3     0.998822    1.44344E-05    2.41652E-05
    4     0.998822    1.29790E-05    1.53288E-05
    5     0.998823    9.06742E-04    1.23520E-05
    6     0.998822    4.47099E-04    5.15469E-04
    7     0.998822    7.66056E-05    2.90328E-04
    8     0.998822    4.68186E-05    1.26552E-04
    9     0.998822    4.14327E-05    6.82996E-05
   10     0.998822    4.97881E-04    5.46858E-05
   11     0.998822    2.83071E-04    2.23765E-04
   12     0.998822    2.95676E-05    1.46114E-04
   13     0.998822    1.59980E-05    9.29495E-05
   14     0.998822    1.06895E-05    3.93099E-05
   15     0.998822    5.68413E-04    1.67864E-05
   16     0.998822    3.77042E-04    2.52922E-04
   17     0.998822    2.36467E-05    1.53068E-04
   18     0.998822    1.41427E-05    6.80542E-05
   19     0.998822    1.09264E-05    2.78555E-05
   20     0.998822    8.26653E-05    1.29240E-05
    1     0.998822    2.94278E-05    4.84918E-05
    2     0.998822    9.50556E-06    2.64146E-05
    3     0.998822    7.27636E-06    1.34210E-05
    4     0.998822    6.49273E-06    6.49641E-06
    1     0.998822    1.56853E-05    3.31385E-05
    2     0.998822    4.47891E-06    1.36449E-05
    3     0.998822    3.64063E-06    7.50325E-06
    1        1200.20                0.99882     3.64063E-06          7.50325E-06           4.38929E-03
    1     0.998929    1.46970E-04    6.54531E-04
    2     0.998950    6.32417E-05    1.63219E-04
    3     0.998956    3.48093E-05    7.85828E-05
    4     0.998958    2.23855E-05    4.34805E-05
    5     0.998962    8.31471E-05    2.70261E-05
    6     0.998959    3.76944E-05    3.47438E-05
    7     0.998959    8.83508E-06    2.13370E-05
    8     0.998960    7.55408E-06    1.29865E-05
    9     0.998960    7.09069E-06    9.46545E-06
    1     0.998960    6.69469E-06    8.07820E-06
    2        1198.79                0.99896     6.69469E-06          8.07820E-06           9.12948E-03
    1     0.999771    1.11091E-03    4.93345E-03
    2     0.999931    4.78183E-04    1.23652E-03
    3     0.999975    2.61801E-04    5.97617E-04
    4     0.999990    1.67735E-04    3.30277E-04
    5     1.000021    6.38735E-04    2.05296E-04
    6     0.999996    2.95640E-04    2.64969E-04
    7     0.999999    6.38985E-05    1.63556E-04
    8     1.000001    5.43173E-05    1.00743E-04
    9     1.000001    5.09344E-05    6.77819E-05
   10     1.000010    1.07525E-03    5.78513E-05
   11     0.999998    6.12840E-04    5.69271E-04
   12     1.000003    7.47509E-05    3.60319E-04
   13     1.000004    4.50222E-05    2.26717E-04
   14     1.000005    3.51559E-05    1.20666E-04
   15     1.000013    1.35003E-03    6.95192E-05
   16     1.000002    8.94573E-04    5.85885E-04
   17     1.000005    8.69183E-05    3.68170E-04
   18     1.000005    3.21230E-05    1.81487E-04
   19     1.000006    2.60787E-05    8.45574E-05
   20     1.000009    5.65934E-04    3.96482E-05
    1     1.000007    1.85615E-05    2.59560E-05
    2     1.000006    1.58158E-05    1.93238E-05
    3     1.000006    1.38850E-05    1.61489E-05
    4     1.000006    1.23253E-05    1.41506E-05
    5     1.000004    2.85258E-04    1.25819E-05
    6     1.000006    1.66957E-04    1.37921E-04
    7     1.000006    1.95873E-05    8.58406E-05
    8     1.000006    1.13367E-05    4.82722E-05
    9     1.000006    9.88547E-06    2.26197E-05
   10     1.000005    5.43152E-04    1.31767E-05
   11     1.000005    3.64804E-04    2.24499E-04
   12     1.000005    2.88077E-05    1.27708E-04
   13     1.000005    1.20825E-05    8.52268E-05
   14     1.000005    9.87032E-06    4.09940E-05
   15     1.000006    1.79435E-04    2.05598E-05
   16     1.000005    1.08115E-04    8.44779E-05
   17     1.000005    1.12690E-05    5.38942E-05
   18     1.000005    5.44816E-06    3.12285E-05
   19     1.000005    4.69132E-06    1.27473E-05
   20     1.000005    1.78568E-04    6.04220E-06
    1     1.000006    5.99300E-05    1.02247E-04
    2     1.000006    2.39213E-05    3.71475E-05
    3     1.000007    1.90665E-05    1.91552E-05
    4     1.000007    1.66948E-05    1.67036E-05
    5     1.000008    4.31005E-04    1.55231E-05
    6     1.000008    1.90648E-04    2.54887E-04
    7     1.000007    3.90841E-05    1.49894E-04
    8     1.000006    2.52131E-05    8.56832E-05
    9     1.000006    2.05360E-05    5.04867E-05
   10     1.000004    5.14880E-04    3.35466E-05
   11     1.000006    3.32964E-04    2.01872E-04
   12     1.000006    2.63953E-05    1.27199E-04
   13     1.000006    1.06301E-05    7.04854E-05
   14     1.000006    8.84355E-06    2.43370E-05
   15     1.000006    1.44925E-04    9.32603E-06
   16     1.000006    1.02791E-04    4.66741E-05
   17     1.000006    1.20840E-05    3.07201E-05
   18     1.000006    8.17117E-06    1.18726E-05
   19     1.000006    7.06012E-06    8.28837E-06
    1     1.000007    5.60675E-06    7.92977E-06
    1     1.000007    1.40732E-05    3.26789E-05
    2     1.000007    5.95976E-06    1.21892E-05
    3     1.000007    4.64596E-06    7.07819E-06
    3        1188.12                1.00001     4.64596E-06          7.07819E-06           4.39152E-03


     Radial Power Distribution
   ==============================
           1       2       3       4       5       6       7       8       9
     9   1.013   1.027   1.121   1.081   1.155   1.157   0.977   0.812   0.000
     8   1.027   1.105   1.130   1.147   1.126   1.098   0.999   0.631   0.000
     7   1.121   1.130   1.153   1.124   1.094   0.995   0.925   0.000   0.000
     6   1.081   1.147   1.124   1.091   0.993   0.954   0.640   0.000   0.000
     5   1.155   1.126   1.094   0.993   0.878   0.692   0.000   0.000   0.000
     4   1.157   1.098   0.995   0.954   0.692   0.000   0.000   0.000   0.000
     3   0.977   0.999   0.925   0.640   0.000   0.000   0.000   0.000   0.000
     2   0.812   0.631   0.000   0.000   0.000   0.000   0.000   0.000   0.000
     1   0.000   0.000   0.000   0.000   0.000   0.000   0.000   0.000   0.000

   MAX POS.       Maximum Value
  (  9,  6)          1.157


     Axial Power Density Distribution
   ====================================

     Plane Number        Power      Height
    -----------------------------------------
        18  (Top)        0.000      427.30
        17               0.021      397.30
        16               0.043      389.30
        15               0.085      376.50
        14               0.213      363.70
        13               0.473      333.70
        12               0.780      303.70
        11               1.142      273.70
        10               1.485      243.70
         9               1.785      213.70
         8               2.017      183.70
         7               2.127      153.70
         6               2.032      123.70
         5               1.624       93.70
         4               1.081       63.70
         3               0.675       48.70
         2               0.417       37.70
         1  (Bottom)     0.000       30.00

   MAX POS.       Maximum Value
    (  7)             2.127

     Radial Flux Distribution
   ==============================
    Group :   1
             1          2          3          4          5          6          7          8          9
     9   2.190E-02  2.245E-02  2.375E-02  2.370E-02  2.444E-02  2.392E-02  2.098E-02  1.437E-02  2.022E-03 
     8   2.245E-02  2.339E-02  2.404E-02  2.429E-02  2.396E-02  2.324E-02  1.999E-02  1.136E-02  1.490E-03 
     7   2.375E-02  2.404E-02  2.442E-02  2.390E-02  2.310E-02  2.143E-02  1.683E-02  3.974E-03  3.544E-04 
     6   2.370E-02  2.429E-02  2.390E-02  2.300E-02  2.119E-02  1.881E-02  1.149E-02  1.637E-03  0.000E+00 
     5   2.444E-02  2.396E-02  2.310E-02  2.119E-02  1.820E-02  1.234E-02  3.127E-03  3.382E-04  0.000E+00 
     4   2.392E-02  2.324E-02  2.143E-02  1.881E-02  1.234E-02  3.214E-03  4.119E-04  0.000E+00  0.000E+00 
     3   2.098E-02  1.999E-02  1.683E-02  1.149E-02  3.127E-03  4.119E-04  0.000E+00  0.000E+00  0.000E+00 
     2   1.437E-02  1.136E-02  3.974E-03  1.637E-03  3.382E-04  0.000E+00  0.000E+00  0.000E+00  0.000E+00 
     1   2.022E-03  1.490E-03  3.544E-04  0.000E+00  0.000E+00  0.000E+00  0.000E+00  0.000E+00  0.000E+00 

    Group :   2
             1          2          3          4          5          6          7          8          9
     9   2.435E-02  2.069E-02  2.700E-02  2.184E-02  2.793E-02  2.341E-02  2.348E-02  1.410E-02  8.941E-04 
     8   2.069E-02  2.662E-02  2.281E-02  2.771E-02  2.276E-02  2.646E-02  1.733E-02  1.088E-02  6.589E-04 
     7   2.700E-02  2.281E-02  2.780E-02  2.270E-02  2.635E-02  1.996E-02  1.598E-02  1.577E-03  1.422E-04 
     6   2.184E-02  2.771E-02  2.270E-02  2.627E-02  1.994E-02  1.646E-02  1.102E-02  7.194E-04  0.000E+00 
     5   2.793E-02  2.276E-02  2.635E-02  1.994E-02  2.104E-02  1.195E-02  1.247E-03  1.356E-04  0.000E+00 
     4   2.341E-02  2.646E-02  1.996E-02  1.646E-02  1.195E-02  1.286E-03  1.646E-04  0.000E+00  0.000E+00 
     3   2.348E-02  1.733E-02  1.598E-02  1.102E-02  1.247E-03  1.646E-04  0.000E+00  0.000E+00  0.000E+00 
     2   1.410E-02  1.088E-02  1.577E-03  7.194E-04  1.356E-04  0.000E+00  0.000E+00  0.000E+00  0.000E+00 
     1   8.941E-04  6.589E-04  1.422E-04  0.000E+00  0.000E+00  0.000E+00  0.000E+00  0.000E+00  0.000E+00 


   HEAT FLUX HOT CHANNEL FACTOR :  2.138

  AVERAGE DOPPLER TEMPERATURE     :   810.6 K (  537.4 C)
  MAX FUEL CENTERLINE TEMPERATURE :  1851.8 K ( 1578.7 C)
  AVERAGE MODERATOR TEMPERATURE   :   575.6 K (  302.5 C)
  MAXIMUM MODERATOR TEMPERATURE   :   603.5 K (  330.4 C)
