                                                                                
      /\               /\                                                       
     //\\             //\\                                                      
    //**\\           //**\\                                                     
   //****\\         //****\\                                                    
  //******\\       //******\\   ____                   _   _           _        
  ---------   /*\   ---------  / __ \                 | \ | |         | |       
             (***)            | |  | |_ __   ___ _ __ |  \| | ___   __| | ___   
              \*/             | |  | | "_ \ / _ \ "_ \| . ` |/ _"\ / _" |/ _ \  
                              | |__| | |_) |  __/ | | | |\  | |_) | (_| |  __/  
              //\\             \____/| .__/ \___)_| |_|_| \_|\___/ \___/ \___|  
             //**\\                  | |                                        
            //****\\                 |_|                                        
           //******\\                                                           
           ----------                                                           
                                                                                
 ____________________________________________________________
          | The OpenNode, Nodal Methods for Neutron Diffusion
 Version  | Version Number: 1.1                              
 Copyright| 2021 Radiation & Nuclear System Laboratory       
          | University Abdelmalk Essaadi                     
          | Faculty of Sciences, Tetouan, Morocco            
 Source   | FORTRAN90 version                                
 GUI      | PyQt5                                            
 Method   | The Nodal Expansion Method (NEM)                 
 Dimension| Three Dimensions (3D)                            
 Geometry | Cartesian                                        
 ____________________________________________________________
                        ==========================
   Calculation Mode :    Rod Ejection Calculation with TH feedbacks 
   ----------------     ==========================

            --------------------------------------------
            >>>> Writing Macroscopic Cross Sections <<<<
            --------------------------------------------
     Material  1
    Group   Transport    Diffusion  Absorption    Removal      Nu*Fiss      Kap*Fis    Fiss. Spctr
       1     0.053206    6.264981    0.000373    0.026829     0.000000     0.000000     1.000000
       2     0.386406    0.862651    0.017722    0.017722     0.000000     0.000000     0.000000
         --Scattering Matrix--
           G/G'          1          2
            1        0.000000    0.026455
            2        0.000000    0.000000
     Material  2
    Group   Transport    Diffusion  Absorption    Removal      Nu*Fiss      Kap*Fis    Fiss. Spctr
       1     0.295609    1.127616    0.001188    0.024349     0.000000     0.000000     1.000000
       2     2.459310    0.135539    0.252618    0.252618     0.000000     0.000000     0.000000
         --Scattering Matrix--
           G/G'          1          2
            1        0.000000    0.023161
            2        0.000000    0.000000
     Material  3
    Group   Transport    Diffusion  Absorption    Removal      Nu*Fiss      Kap*Fis    Fiss. Spctr
       1     0.295609    1.127616    0.001188    0.021269     0.000000     0.000000     1.000000
       2     2.459310    0.135539    0.252618    0.252618     0.000000     0.000000     0.000000
         --Scattering Matrix--
           G/G'          1          2
            1        0.000000    0.020081
            2        0.000000    0.000000
     Material  4
    Group   Transport    Diffusion  Absorption    Removal      Nu*Fiss      Kap*Fis    Fiss. Spctr
       1     0.222117    1.500711    0.008718    0.026968     0.004983     0.000000     1.000000
       2     0.803140    0.415038    0.065255    0.065255     0.083903     0.000000     0.000000
         --Scattering Matrix--
           G/G'          1          2
            1        0.000000    0.018250
            2        0.000000    0.000000
     Material  5
    Group   Transport    Diffusion  Absorption    Removal      Nu*Fiss      Kap*Fis    Fiss. Spctr
       1     0.221914    1.502083    0.009061    0.027065     0.005577     0.000000     1.000000
       2     0.795538    0.419004    0.072335    0.072335     0.099863     0.000000     0.000000
         --Scattering Matrix--
           G/G'          1          2
            1        0.000000    0.018004
            2        0.000000    0.000000
     Material  6
    Group   Transport    Diffusion  Absorption    Removal      Nu*Fiss      Kap*Fis    Fiss. Spctr
       1     0.221715    1.503432    0.009385    0.027152     0.006150     0.000000     1.000000
       2     0.789253    0.422340    0.078920    0.078920     0.114667     0.000000     0.000000
         --Scattering Matrix--
           G/G'          1          2
            1        0.000000    0.017767
            2        0.000000    0.000000
     Material  7
    Group   Transport    Diffusion  Absorption    Removal      Nu*Fiss      Kap*Fis    Fiss. Spctr
       1     0.222039    1.501238    0.009317    0.026455     0.005550     0.000000     1.000000
       2     0.776230    0.429426    0.079633    0.079633     0.098558     0.000000     0.000000
         --Scattering Matrix--
           G/G'          1          2
            1        0.000000    0.017138
            2        0.000000    0.000000
     Material  8
    Group   Transport    Diffusion  Absorption    Removal      Nu*Fiss      Kap*Fis    Fiss. Spctr
       1     0.222083    1.500940    0.009400    0.026250     0.005541     0.000000     1.000000
       2     0.769969    0.432918    0.082109    0.082109     0.098006     0.000000     0.000000
         --Scattering Matrix--
           G/G'          1          2
            1        0.000000    0.016850
            2        0.000000    0.000000
     Material  9
    Group   Transport    Diffusion  Absorption    Removal      Nu*Fiss      Kap*Fis    Fiss. Spctr
       1     0.222127    1.500643    0.009483    0.026045     0.005531     0.000000     1.000000
       2     0.763813    0.436407    0.084591    0.084591     0.097411     0.000000     0.000000
         --Scattering Matrix--
           G/G'          1          2
            1        0.000000    0.016563
            2        0.000000    0.000000
     Material 10
    Group   Transport    Diffusion  Absorption    Removal      Nu*Fiss      Kap*Fis    Fiss. Spctr
       1     0.221836    1.502612    0.009637    0.026542     0.006124     0.000000     1.000000
       2     0.770705    0.432504    0.086119    0.086119     0.113241     0.000000     0.000000
         --Scattering Matrix--
           G/G'          1          2
            1        0.000000    0.016904
            2        0.000000    0.000000
     Material 11
    Group   Transport    Diffusion  Absorption    Removal      Nu*Fiss      Kap*Fis    Fiss. Spctr
       1     0.221878    1.502327    0.009719    0.026337     0.006114     0.000000     1.000000
       2     0.764704    0.435899    0.088549    0.088549     0.112635     0.000000     0.000000
         --Scattering Matrix--
           G/G'          1          2
            1        0.000000    0.016618
            2        0.000000    0.000000

            -------------------------------
            >>>>>Wrting Core Geometry<<<<<
            -------------------------------
  Number of Assembly in x, y and z Directions Respectively :
           9           9          18
  Number of Nodes in x, y and z Directions Respectively :
          17          17          18

  x-Directed Nodes Divison (Delta-x)
    10.80  10.80  10.80  10.80  10.80  10.80  10.80  10.80  10.80  10.80
    10.80  10.80  10.80  10.80  10.80  10.80  10.80
  y-Directed Nodes Divison (Delta-y)
    10.80  10.80  10.80  10.80  10.80  10.80  10.80  10.80  10.80  10.80
    10.80  10.80  10.80  10.80  10.80  10.80  10.80
  Planar Region :  1
        1  2  3  4  5  6  7  8  9 10 11 12 13 14 15 16 17
    17  1  1  1  1  1  1  1  1  1  1  1  1  1  1  1  2  2 
    16  1  1  1  1  1  1  1  1  1  1  1  1  1  1  1  2  2 
    15  1  1  1  1  1  1  1  1  1  1  1  1  1  1  1  2  2 
    14  1  1  1  1  1  1  1  1  1  1  1  1  1  3  3  2  2 
    13  1  1  1  1  1  1  1  1  1  1  1  1  1  3  3  2  2 
    12  1  1  1  1  1  1  1  1  1  1  1  1  1  2  2       
    11  1  1  1  1  1  1  1  1  1  1  1  1  1  2  2       
    10  1  1  1  1  1  1  1  1  1  1  1  3  3  2  2       
     9  1  1  1  1  1  1  1  1  1  1  1  3  3  2  2       
     8  1  1  1  1  1  1  1  1  1  3  3  2  2             
     7  1  1  1  1  1  1  1  1  1  3  3  2  2             
     6  1  1  1  1  1  1  1  3  3  2  2                   
     5  1  1  1  1  1  1  1  3  3  2  2                   
     4  1  1  1  3  3  2  2  2  2                         
     3  1  1  1  3  3  2  2  2  2                         
     2  2  2  2  2  2                                     
     1  2  2  2  2  2                                     
  Planar Region :  2
        1  2  3  4  5  6  7  8  9 10 11 12 13 14 15 16 17
    17  4  5  5  4  4  5  5  4  4  5  5  4  4  6  6  2  2 
    16  5  4  4  5  5  4  4  5  5  4  4  6  6  6  6  2  2 
    15  5  4  4  5  5  4  4  5  5  4  4  6  6  6  6  2  2 
    14  4  5  5  4  4  5  5  4  4  5  5  6  6  3  3  2  2 
    13  4  5  5  4  4  5  5  4  4  5  5  6  6  3  3  2  2 
    12  5  4  4  5  5  4  4  5  5  6  6  6  6  2  2       
    11  5  4  4  5  5  4  4  5  5  6  6  6  6  2  2       
    10  4  5  5  4  4  5  5  4  4  6  6  3  3  2  2       
     9  4  5  5  4  4  5  5  4  4  6  6  3  3  2  2       
     8  5  4  4  5  5  6  6  6  6  3  3  2  2             
     7  5  4  4  5  5  6  6  6  6  3  3  2  2             
     6  4  6  6  6  6  6  6  3  3  2  2                   
     5  4  6  6  6  6  6  6  3  3  2  2                   
     4  6  6  6  3  3  2  2  2  2                         
     3  6  6  6  3  3  2  2  2  2                         
     2  2  2  2  2  2                                     
     1  2  2  2  2  2                                     
  Planar Region :  3
        1  2  3  4  5  6  7  8  9 10 11 12 13 14 15 16 17
    17  4  9  9  4  4  9  9  4  4  7  7  4  4  6  6  2  2 
    16  9  4  4  8  8  4  4  8  8  4  4  11 11 6  6  2  2 
    15  9  4  4  8  8  4  4  8  8  4  4  11 11 6  6  2  2 
    14  4  8  8  4  4  8  8  4  4  8  8  6  6  3  3  2  2 
    13  4  8  8  4  4  8  8  4  4  8  8  6  6  3  3  2  2 
    12  9  4  4  8  8  4  4  8  8  10 10 6  6  2  2       
    11  9  4  4  8  8  4  4  8  8  10 10 6  6  2  2       
    10  4  8  8  4  4  8  8  4  4  6  6  3  3  2  2       
     9  4  8  8  4  4  8  8  4  4  6  6  3  3  2  2       
     8  7  4  4  8  8  10 10 6  6  3  3  2  2             
     7  7  4  4  8  8  10 10 6  6  3  3  2  2             
     6  4  11 11 6  6  6  6  3  3  2  2                   
     5  4  11 11 6  6  6  6  3  3  2  2                   
     4  6  6  6  3  3  2  2  2  2                         
     3  6  6  6  3  3  2  2  2  2                         
     2  2  2  2  2  2                                     
     1  2  2  2  2  2                                     

  Planar Region Assignment to Planes.
 -------------------------------------
   Plane Number     Planar Region    Delta-z
       18 (Top)            1          30.00
       17                  3           8.00
       16                  3          12.80
       15                  3          12.80
       14                  3          30.00
       13                  3          30.00
       12                  3          30.00
       11                  3          30.00
       10                  3          30.00
        9                  3          30.00
        8                  3          30.00
        7                  3          30.00
        6                  3          30.00
        5                  3          30.00
        4                  3          15.00
        3                  3          11.00
        2                  2           7.70
        1 (Bottom)         1          30.00

   Boundary Conditions
   -------------------
  X-Directed West   : Reflective
  X-Directed East   : Zero Flux
  Y-Directed North  : Reflective
  Y-Directed South  : Zero Flux
  Z-Directed Bottom : Zero Flux
  Z-Directed Top    : Zero Flux

  ...Core Geometry is Sucessfully Read...
     ---------------------------------


            >>>> READING CONTROL RODS INSERTION <<<<
            --------------------------------------------
  NUMBER OF CONTROL ROD BANK  :  7
  MAX. NUMBER OF STEPS        : 228
  FULLY INSERTED POSITION (cm): 37.7 (FROM BOTTOM OF THE CORE)
  STEP SIZE (cm)              :   1.5942
  CR CUSPING CORRECTION       : NOT ACTIVE
  INITIAL CONTROL ROD BANK POSITION (STEPS) : 
  (0 means fully inserted) 
    Bank  1  Bank  2  Bank  3  Bank  4  Bank  5  Bank  6  Bank  7
      0.0      0.0      0.0    228.0      0.0      0.0      0.0

  CONTROL ROD BANK MAP : 
  1  0  2  0  0  0  3  0  0
  0  4  0  0  0  6  0  0  0
  2  0  5  0  6  0  6  0  0
  0  0  0  4  0  0  0  0  0
  0  0  6  0  7  0  0  0  0
  0  6  0  0  0  0  0  0  0
  3  0  6  0  0  0  0  0  0
  0  0  0  0  0  0  0  0  0
  0  0  0  0  0  0  0  0  0

  MATERIAL CX INCREMENT OR DECREMENT DUE TO CR INSERTION : 
    MATERIAL  1
    GROUP   TRANSPORT  ABSORPTION      NU*FISS      FISSION
       1     0.003732    0.002478    -0.000103    -0.000000
       2    -0.021993    0.025587    -0.002823    -0.000000
   --SCATTERING MATRIX--
     G/G'        1        2
      1      0.000000 -0.003193
      2      0.000000  0.000000
    MATERIAL  2
    GROUP   TRANSPORT  ABSORPTION      NU*FISS      FISSION
       1     0.003732    0.002478    -0.000103    -0.000000
       2    -0.021993    0.025587    -0.002823    -0.000000
   --SCATTERING MATRIX--
     G/G'        1        2
      1      0.000000 -0.003193
      2      0.000000  0.000000
    MATERIAL  3
    GROUP   TRANSPORT  ABSORPTION      NU*FISS      FISSION
       1     0.003732    0.002478    -0.000103    -0.000000
       2    -0.021993    0.025587    -0.002823    -0.000000
   --SCATTERING MATRIX--
     G/G'        1        2
      1      0.000000 -0.003193
      2      0.000000  0.000000
    MATERIAL  4
    GROUP   TRANSPORT  ABSORPTION      NU*FISS      FISSION
       1     0.003732    0.002478    -0.000103    -0.000000
       2    -0.021993    0.025587    -0.002823    -0.000000
   --SCATTERING MATRIX--
     G/G'        1        2
      1      0.000000 -0.003193
      2      0.000000  0.000000
    MATERIAL  5
    GROUP   TRANSPORT  ABSORPTION      NU*FISS      FISSION
       1     0.003732    0.002478    -0.000103    -0.000000
       2    -0.021993    0.025587    -0.002823    -0.000000
   --SCATTERING MATRIX--
     G/G'        1        2
      1      0.000000 -0.003193
      2      0.000000  0.000000
    MATERIAL  6
    GROUP   TRANSPORT  ABSORPTION      NU*FISS      FISSION
       1     0.003741    0.002429    -0.000123    -0.000000
       2    -0.016750    0.025648    -0.003281    -0.000000
   --SCATTERING MATRIX--
     G/G'        1        2
      1      0.000000 -0.003142
      2      0.000000  0.000000
    MATERIAL  7
    GROUP   TRANSPORT  ABSORPTION      NU*FISS      FISSION
       1     0.003732    0.002478    -0.000103    -0.000000
       2    -0.021993    0.025587    -0.002823    -0.000000
   --SCATTERING MATRIX--
     G/G'        1        2
      1      0.000000 -0.003193
      2      0.000000  0.000000
    MATERIAL  8
    GROUP   TRANSPORT  ABSORPTION      NU*FISS      FISSION
       1     0.003732    0.002478    -0.000103    -0.000000
       2    -0.021993    0.025587    -0.002823    -0.000000
   --SCATTERING MATRIX--
     G/G'        1        2
      1      0.000000 -0.003193
      2      0.000000  0.000000
    MATERIAL  9
    GROUP   TRANSPORT  ABSORPTION      NU*FISS      FISSION
       1     0.003732    0.002478    -0.000103    -0.000000
       2    -0.021993    0.025587    -0.002823    -0.000000
   --SCATTERING MATRIX--
     G/G'        1        2
      1      0.000000 -0.003193
      2      0.000000  0.000000
    MATERIAL 10
    GROUP   TRANSPORT  ABSORPTION      NU*FISS      FISSION
       1     0.003732    0.002478    -0.000103    -0.000000
       2    -0.021993    0.025587    -0.002823    -0.000000
   --SCATTERING MATRIX--
     G/G'        1        2
      1      0.000000 -0.003193
      2      0.000000  0.000000
    MATERIAL 11
    GROUP   TRANSPORT  ABSORPTION      NU*FISS      FISSION
       1     0.003732    0.002478    -0.000103    -0.000000
       2    -0.021993    0.025587    -0.002823    -0.000000
   --SCATTERING MATRIX--
     G/G'        1        2
      1      0.000000 -0.003193
      2      0.000000  0.000000

  ...Control Rods Insertion card is sucessfully read...


            >>>>     READING ROD EJECTION DATA      <<<<
            --------------------------------------------
                           Bank  1  Bank  2  Bank  3  Bank  4  Bank  5  Bank  6  Bank  7
  FINAL BANK POS. (STEP)    228.0      0.0      0.0    228.0      0.0      0.0      0.0
  STARTS MOVE (SECOND)        0.0      0.0      0.0      0.0      0.0      0.0      0.0
  SPEED (STEP/SECOND)      2280.0      0.0      0.0      0.0      0.0      0.0      0.0

  TIME PARAMETERS IN SECONDS : 
    TOTAL SIMULATION TIME         :   5.00
    FIRST TIME STEP               : 0.0050
    SECOND TIME STEP              : 0.1000
    WHEN SECOND TIME STEP APPLY?  :   1.00

  DELAYED NEUTRON FRACTION : 
    0.00026    0.00152    0.00139    0.00307    0.00110    0.00026

  PRECUSOR DECAY CONSTANT (1/s): 
    0.01280    0.03180    0.11900    0.31810    1.40270    3.92860

  NEUTRON VELOCITY (cm/s) : 
    2.80000E+07    4.40000E+05

  ...Rod Ejection Card is sucessfully read...


            >>>>       READING BORON CONCENTRATION        <<<<
            --------------------------------------------------
  BORON CONCENTRATION SET       :  561.69
  BORON CONCENTRATION REFERENCE : 1200.20

  MATERIAL CX CHANGES PER PPM BORON CHANGES : 
    MATERIAL  1
     GROUP   TRANSPORT   ABSORPTION   NU*FISS       FISSION
       1     0.000000    0.000000   0.00000E+00   0.00000E+00
       2     0.000005    0.000010   0.00000E+00   0.00000E+00
   --SCATTERING MATRIX--
     G/G'          1          2
      1      0.00000E+00  0.79146E-09
      2      0.00000E+00  0.00000E+00
    MATERIAL  2
     GROUP   TRANSPORT   ABSORPTION   NU*FISS       FISSION
       1     0.000000    0.000000   0.00000E+00   0.00000E+00
       2     0.000776    0.000084   0.00000E+00   0.00000E+00
   --SCATTERING MATRIX--
     G/G'          1          2
      1      0.00000E+00  0.00000E+00
      2      0.00000E+00  0.00000E+00
    MATERIAL  3
     GROUP   TRANSPORT   ABSORPTION   NU*FISS       FISSION
       1     0.000000    0.000000   0.00000E+00   0.00000E+00
       2     0.000776    0.000084   0.00000E+00   0.00000E+00
   --SCATTERING MATRIX--
     G/G'          1          2
      1      0.00000E+00  0.00000E+00
      2      0.00000E+00  0.00000E+00
    MATERIAL  4
     GROUP   TRANSPORT   ABSORPTION   NU*FISS       FISSION
       1     0.000000    0.000000  -0.11210E-08  -0.17619E-19
       2    -0.000010    0.000007  -0.24305E-05  -0.31909E-16
   --SCATTERING MATRIX--
     G/G'          1          2
      1      0.00000E+00 -0.10859E-06
      2      0.00000E+00  0.00000E+00
    MATERIAL  5
     GROUP   TRANSPORT   ABSORPTION   NU*FISS       FISSION
       1     0.000000    0.000000  -0.16788E-08  -0.24996E-19
       2    -0.000009    0.000007  -0.27244E-05  -0.35768E-16
   --SCATTERING MATRIX--
     G/G'          1          2
      1      0.00000E+00 -0.10695E-06
      2      0.00000E+00  0.00000E+00
    MATERIAL  6
     GROUP   TRANSPORT   ABSORPTION   NU*FISS       FISSION
       1     0.000000    0.000000  -0.22104E-08  -0.32023E-19
       2    -0.000007    0.000007  -0.29588E-05  -0.38845E-16
   --SCATTERING MATRIX--
     G/G'          1          2
      1      0.00000E+00 -0.10537E-06
      2      0.00000E+00  0.00000E+00
    MATERIAL  7
     GROUP   TRANSPORT   ABSORPTION   NU*FISS       FISSION
       1     0.000000    0.000000  -0.17132E-08  -0.24996E-19
       2    -0.000007    0.000006  -0.25536E-05  -0.33522E-16
   --SCATTERING MATRIX--
     G/G'          1          2
      1      0.00000E+00 -0.10087E-06
      2      0.00000E+00  0.00000E+00
    MATERIAL  8
     GROUP   TRANSPORT   ABSORPTION   NU*FISS       FISSION
       1     0.000000    0.000000  -0.17242E-08  -0.25490E-19
       2    -0.000006    0.000006  -0.24888E-05  -0.32670E-16
   --SCATTERING MATRIX--
     G/G'          1          2
      1      0.00000E+00 -0.98858E-07
      2      0.00000E+00  0.00000E+00
    MATERIAL  9
     GROUP   TRANSPORT   ABSORPTION   NU*FISS       FISSION
       1     0.000000    0.000000  -0.17350E-08  -0.25605E-19
       2    -0.000006    0.000006  -0.24224E-05  -0.31798E-16
   --SCATTERING MATRIX--
     G/G'          1          2
      1      0.00000E+00 -0.96849E-07
      2      0.00000E+00  0.00000E+00
    MATERIAL 10
     GROUP   TRANSPORT   ABSORPTION   NU*FISS       FISSION
       1     0.000000    0.000000  -0.22434E-08  -0.32023E-19
       2    -0.000006    0.000006  -0.27766E-05  -0.36451E-16
   --SCATTERING MATRIX--
     G/G'          1          2
      1      0.00000E+00 -0.99331E-07
      2      0.00000E+00  0.00000E+00
    MATERIAL 11
     GROUP   TRANSPORT   ABSORPTION   NU*FISS       FISSION
       1     0.000000    0.000000  -0.22537E-08  -0.32487E-19
       2    -0.000005    0.000006  -0.27078E-05  -0.35548E-16
   --SCATTERING MATRIX--
     G/G'          1          2
      1      0.00000E+00 -0.97329E-07
      2      0.00000E+00  0.00000E+00

  ...Boron Concentration card is sucessfully read...


            >>>>   READING THERMAL-HYDRAULIC DATA   <<<<
            --------------------------------------------
  REACTOR PERCENT POWER (%)                :      0.00010
  REACTOR POWER (Watt)                     :   6.9375E+08
  COOLANT INLET TEMPERATURE (Kelvin)       :   5.5915E+02
  FUEL ASSEMBLY MASS FLOW RATE (Kg/s)      :   8.2121E+01
  FUEL MEAT RADIUS (m)                     :   4.1195E-03
  GAP THICKNESS (m)                        :   6.8000E-05
  CLAD THICKNESS (m)                       :   5.7100E-04
  PIN PITCH(m)                             :   1.2655E-02
  FRACTION OF HEAT DEPOSITED IN COOL.      :   1.9000E-02

  ...Thermal-hydraulic Card is sucessfully read...


            >>>>      READING FUEL TEMPERATURE      <<<<
            --------------------------------------------
  AVERAGE FUEL TEMPERATURE   :891.19  (NOT USED)
  FUEL TEMPERATURE REFERENCE :891.45

  MATERIAL CX CHANGES PER FUEL TEMPERATURE CHANGES : 
    MATERIAL  1
     GROUP   TRANSPORT   ABSORPTION   NU*FISS       FISSION
       1   0.00000E+00  0.00000E+00   0.00000E+00   0.00000E+00
       2   0.00000E+00  0.00000E+00   0.00000E+00   0.00000E+00
   --SCATTERING MATRIX--
     G/G'          1          2
      1      0.00000E+00  0.00000E+00
      2      0.00000E+00  0.00000E+00
    MATERIAL  2
     GROUP   TRANSPORT   ABSORPTION   NU*FISS       FISSION
       1   0.00000E+00  0.00000E+00   0.00000E+00   0.00000E+00
       2   0.00000E+00  0.00000E+00   0.00000E+00   0.00000E+00
   --SCATTERING MATRIX--
     G/G'          1          2
      1      0.00000E+00  0.00000E+00
      2      0.00000E+00  0.00000E+00
    MATERIAL  3
     GROUP   TRANSPORT   ABSORPTION   NU*FISS       FISSION
       1   0.00000E+00  0.00000E+00   0.00000E+00   0.00000E+00
       2   0.00000E+00  0.00000E+00   0.00000E+00   0.00000E+00
   --SCATTERING MATRIX--
     G/G'          1          2
      1      0.00000E+00  0.00000E+00
      2      0.00000E+00  0.00000E+00
    MATERIAL  4
     GROUP   TRANSPORT   ABSORPTION   NU*FISS       FISSION
       1  -0.30920E-04  0.34971E-04   0.64013E-06   0.71541E-17
       2  -0.13729E-03 -0.37181E-04  -0.56304E-04  -0.73919E-15
   --SCATTERING MATRIX--
     G/G'          1          2
      1      0.00000E+00 -0.27554E-04
      2      0.00000E+00  0.00000E+00
    MATERIAL  5
     GROUP   TRANSPORT   ABSORPTION   NU*FISS       FISSION
       1  -0.30861E-04  0.35180E-04   0.99743E-06   0.11868E-16
       2  -0.11748E-03 -0.37704E-04  -0.60415E-04  -0.79317E-15
   --SCATTERING MATRIX--
     G/G'          1          2
      1      0.00000E+00 -0.27677E-04
      2      0.00000E+00  0.00000E+00
    MATERIAL  6
     GROUP   TRANSPORT   ABSORPTION   NU*FISS       FISSION
       1  -0.30917E-04  0.35384E-04   0.14185E-05   0.17427E-16
       2  -0.10134E-03 -0.37756E-04  -0.63096E-04  -0.82836E-15
   --SCATTERING MATRIX--
     G/G'          1          2
      1      0.00000E+00 -0.27839E-04
      2      0.00000E+00  0.00000E+00
    MATERIAL  7
     GROUP   TRANSPORT   ABSORPTION   NU*FISS       FISSION
       1  -0.31375E-04  0.34870E-04   0.94543E-06   0.11868E-16
       2  -0.10827E-03 -0.37275E-04  -0.57966E-04  -0.76085E-15
   --SCATTERING MATRIX--
     G/G'          1          2
      1      0.00000E+00 -0.27355E-04
      2      0.00000E+00  0.00000E+00
    MATERIAL  8
     GROUP   TRANSPORT   ABSORPTION   NU*FISS       FISSION
       1  -0.31550E-04  0.34727E-04   0.92608E-06   0.10893E-16
       2  -0.10552E-03 -0.37181E-04  -0.57111E-04  -0.74957E-15
   --SCATTERING MATRIX--
     G/G'          1          2
      1      0.00000E+00 -0.27238E-04
      2      0.00000E+00  0.00000E+00
    MATERIAL  9
     GROUP   TRANSPORT   ABSORPTION   NU*FISS       FISSION
       1  -0.31728E-04  0.34603E-04   0.90580E-06   0.10617E-16
       2  -0.10252E-03 -0.37020E-04  -0.56154E-04  -0.73697E-15
   --SCATTERING MATRIX--
     G/G'          1          2
      1      0.00000E+00 -0.27117E-04
      2      0.00000E+00  0.00000E+00
    MATERIAL 10
     GROUP   TRANSPORT   ABSORPTION   NU*FISS       FISSION
       1  -0.31419E-04  0.35064E-04   0.13564E-05   0.17427E-16
       2  -0.93889E-04 -0.37140E-04  -0.60505E-04  -0.79425E-15
   --SCATTERING MATRIX--
     G/G'          1          2
      1      0.00000E+00 -0.27505E-04
      2      0.00000E+00  0.00000E+00
    MATERIAL 11
     GROUP   TRANSPORT   ABSORPTION   NU*FISS       FISSION
       1  -0.31591E-04  0.34912E-04   0.13334E-05   0.16277E-16
       2  -0.91713E-04 -0.36991E-04  -0.59628E-04  -0.78272E-15
   --SCATTERING MATRIX--
     G/G'          1          2
      1      0.00000E+00 -0.27383E-04
      2      0.00000E+00  0.00000E+00

  ...Fuel Temperature is card sucessfully read...


            >>>>   READING MODERATOR TEMPERATURE    <<<<
            --------------------------------------------
  AVERAGE MODERATOR TEMPERATURE   :559.19  (NOT USED)
  MODERATOR TEMPERATURE REFERENCE :579.75

  MATERIAL CX CHANGES PER MODERATOR TEMPERATURE CHANGES : 
    MATERIAL  1
     GROUP   TRANSPORT   ABSORPTION   NU*FISS       FISSION
       1   0.00000E+00  0.00000E+00   0.00000E+00   0.00000E+00
       2   0.00000E+00  0.00000E+00   0.00000E+00   0.00000E+00
   --SCATTERING MATRIX--
     G/G'          1          2
      1      0.00000E+00  0.00000E+00
      2      0.00000E+00  0.00000E+00
    MATERIAL  2
     GROUP   TRANSPORT   ABSORPTION   NU*FISS       FISSION
       1   0.00000E+00  0.00000E+00   0.00000E+00   0.00000E+00
       2   0.00000E+00  0.00000E+00   0.00000E+00   0.00000E+00
   --SCATTERING MATRIX--
     G/G'          1          2
      1      0.00000E+00  0.00000E+00
      2      0.00000E+00  0.00000E+00
    MATERIAL  3
     GROUP   TRANSPORT   ABSORPTION   NU*FISS       FISSION
       1   0.00000E+00  0.00000E+00   0.00000E+00   0.00000E+00
       2   0.00000E+00  0.00000E+00   0.00000E+00   0.00000E+00
   --SCATTERING MATRIX--
     G/G'          1          2
      1      0.00000E+00  0.00000E+00
      2      0.00000E+00  0.00000E+00
    MATERIAL  4
     GROUP   TRANSPORT   ABSORPTION   NU*FISS       FISSION
       1  -0.20331E-05  0.21219E-06   0.12471E-06   0.14304E-17
       2  -0.10867E-03 -0.31560E-04  -0.41644E-04  -0.54672E-15
   --SCATTERING MATRIX--
     G/G'          1          2
      1      0.00000E+00  0.80968E-06
      2      0.00000E+00  0.00000E+00
    MATERIAL  5
     GROUP   TRANSPORT   ABSORPTION   NU*FISS       FISSION
       1  -0.19808E-05  0.22600E-06   0.13515E-06   0.15690E-17
       2  -0.90615E-04 -0.32144E-04  -0.45310E-04  -0.59486E-15
   --SCATTERING MATRIX--
     G/G'          1          2
      1      0.00000E+00  0.85847E-06
      2      0.00000E+00  0.00000E+00
    MATERIAL  6
     GROUP   TRANSPORT   ABSORPTION   NU*FISS       FISSION
       1  -0.19243E-05  0.23994E-06   0.14908E-06   0.17542E-17
       2  -0.76279E-04 -0.32378E-04  -0.47847E-04  -0.62817E-15
   --SCATTERING MATRIX--
     G/G'          1          2
      1      0.00000E+00  0.90349E-06
      2      0.00000E+00  0.00000E+00
    MATERIAL  7
     GROUP   TRANSPORT   ABSORPTION   NU*FISS       FISSION
       1  -0.26963E-05  0.24853E-06   0.14077E-06   0.15690E-17
       2  -0.76244E-04 -0.30012E-04  -0.42020E-04  -0.55167E-15
   --SCATTERING MATRIX--
     G/G'          1          2
      1      0.00000E+00  0.70131E-06
      2      0.00000E+00  0.00000E+00
    MATERIAL  8
     GROUP   TRANSPORT   ABSORPTION   NU*FISS       FISSION
       1  -0.30791E-05  0.26185E-06   0.14323E-06   0.16790E-17
       2  -0.73340E-04 -0.29193E-04  -0.40770E-04  -0.53526E-15
   --SCATTERING MATRIX--
     G/G'          1          2
      1      0.00000E+00  0.61738E-06
      2      0.00000E+00  0.00000E+00
    MATERIAL  9
     GROUP   TRANSPORT   ABSORPTION   NU*FISS       FISSION
       1  -0.35388E-05  0.27431E-06   0.14602E-06   0.17167E-17
       2  -0.71371E-04 -0.28304E-04  -0.39432E-04  -0.51769E-15
   --SCATTERING MATRIX--
     G/G'          1          2
      1      0.00000E+00  0.51655E-06
      2      0.00000E+00  0.00000E+00
    MATERIAL 10
     GROUP   TRANSPORT   ABSORPTION   NU*FISS       FISSION
       1  -0.26391E-05  0.26429E-06   0.15586E-06   0.17542E-17
       2  -0.63955E-04 -0.30351E-04  -0.44443E-04  -0.58348E-15
   --SCATTERING MATRIX--
     G/G'          1          2
      1      0.00000E+00  0.74432E-06
      2      0.00000E+00  0.00000E+00
    MATERIAL 11
     GROUP   TRANSPORT   ABSORPTION   NU*FISS       FISSION
       1  -0.30215E-05  0.27906E-06   0.15881E-06   0.18853E-17
       2  -0.61698E-04 -0.29563E-04  -0.43159E-04  -0.56662E-15
   --SCATTERING MATRIX--
     G/G'          1          2
      1      0.00000E+00  0.65952E-06
      2      0.00000E+00  0.00000E+00

  ...Moderator Temperature Card is sucessfully read...


            >>>>       READING COOLANT DENSITY      <<<<
            --------------------------------------------
  AVERAGE COOLANT DENSITY   :  0.7464  (USED AS GUESS)
  COOLANT DENSITY REFERENCE :  0.7125

  MATERIAL CX CHANGES PER COOLANT DENSITY CHANGES : 
    MATERIAL  1
     GROUP   TRANSPORT   ABSORPTION   NU*FISS       FISSION
       1   0.74576E-01  0.20769E-03   0.00000E+00   0.00000E+00
       2   0.53363E+00  0.75842E-02   0.00000E+00   0.00000E+00
   --SCATTERING MATRIX--
     G/G'          1          2
      1      0.00000E+00  0.37131E-01
      2      0.00000E+00  0.00000E+00
    MATERIAL  2
     GROUP   TRANSPORT   ABSORPTION   NU*FISS       FISSION
       1   0.00000E+00  0.00000E+00   0.00000E+00   0.00000E+00
       2   0.00000E+00  0.00000E+00   0.00000E+00   0.00000E+00
   --SCATTERING MATRIX--
     G/G'          1          2
      1      0.00000E+00  0.00000E+00
      2      0.00000E+00  0.00000E+00
    MATERIAL  3
     GROUP   TRANSPORT   ABSORPTION   NU*FISS       FISSION
       1   0.00000E+00  0.00000E+00   0.00000E+00   0.00000E+00
       2   0.00000E+00  0.00000E+00   0.00000E+00   0.00000E+00
   --SCATTERING MATRIX--
     G/G'          1          2
      1      0.00000E+00  0.00000E+00
      2      0.00000E+00  0.00000E+00
    MATERIAL  4
     GROUP   TRANSPORT   ABSORPTION   NU*FISS       FISSION
       1   0.13567E+00  0.15519E-02   0.92069E-03   0.10239E-13
       2   0.99263E+00  0.25266E-01   0.24775E-01   0.32526E-12
   --SCATTERING MATRIX--
     G/G'          1          2
      1      0.00000E+00  0.29319E-01
      2      0.00000E+00  0.00000E+00
    MATERIAL  5
     GROUP   TRANSPORT   ABSORPTION   NU*FISS       FISSION
       1   0.13575E+00  0.16149E-02   0.96416E-03   0.10814E-13
       2   0.98198E+00  0.28667E-01   0.31499E-01   0.41354E-12
   --SCATTERING MATRIX--
     G/G'          1          2
      1      0.00000E+00  0.29270E-01
      2      0.00000E+00  0.00000E+00
    MATERIAL  6
     GROUP   TRANSPORT   ABSORPTION   NU*FISS       FISSION
       1   0.13583E+00  0.16802E-02   0.10141E-02   0.11477E-13
       2   0.97227E+00  0.31957E-01   0.38110E-01   0.50033E-12
   --SCATTERING MATRIX--
     G/G'          1          2
      1      0.00000E+00  0.29215E-01
      2      0.00000E+00  0.00000E+00
    MATERIAL  7
     GROUP   TRANSPORT   ABSORPTION   NU*FISS       FISSION
       1   0.13103E+00  0.16840E-02   0.98195E-03   0.10814E-13
       2   0.93470E+00  0.31424E-01   0.35159E-01   0.46172E-12
   --SCATTERING MATRIX--
     G/G'          1          2
      1      0.00000E+00  0.28249E-01
      2      0.00000E+00  0.00000E+00
    MATERIAL  8
     GROUP   TRANSPORT   ABSORPTION   NU*FISS       FISSION
       1   0.12938E+00  0.17197E-02   0.98844E-03   0.11132E-13
       2   0.91817E+00  0.32472E-01   0.36325E-01   0.47708E-12
   --SCATTERING MATRIX--
     G/G'          1          2
      1      0.00000E+00  0.27890E-01
      2      0.00000E+00  0.00000E+00
    MATERIAL  9
     GROUP   TRANSPORT   ABSORPTION   NU*FISS       FISSION
       1   0.12768E+00  0.17499E-02   0.99518E-03   0.11221E-13
       2   0.90129E+00  0.33594E-01   0.37450E-01   0.49190E-12
   --SCATTERING MATRIX--
     G/G'          1          2
      1      0.00000E+00  0.27520E-01
      2      0.00000E+00  0.00000E+00
    MATERIAL 10
     GROUP   TRANSPORT   ABSORPTION   NU*FISS       FISSION
       1   0.13112E+00  0.17553E-02   0.10352E-02   0.11477E-13
       2   0.92492E+00  0.34985E-01   0.42069E-01   0.58348E-12
   --SCATTERING MATRIX--
     G/G'          1          2
      1      0.00000E+00  0.28188E-01
      2      0.00000E+00  0.00000E+00
    MATERIAL 11
     GROUP   TRANSPORT   ABSORPTION   NU*FISS       FISSION
       1   0.12946E+00  0.17950E-02   0.10429E-02   0.11853E-13
       2   0.90846E+00  0.36103E-01   0.43321E-01   0.56886E-12
   --SCATTERING MATRIX--
     G/G'          1          2
      1      0.00000E+00  0.27826E-01
      2      0.00000E+00  0.00000E+00

  ...Coolant Density Card is sucessfully read...
    1     1.156551    4.81874E+00    7.01238E+00
    2     1.147231    1.00000E+00    6.15823E+00
    3     1.052265    4.91567E-01    3.80939E+00
    4     1.001861    3.45479E-01    2.14597E+00
    5     0.953620    8.03177E-01    1.25273E+00
    6     0.974182    1.02727E-01    7.08685E-01
    7     0.971340    1.41154E-01    4.48835E-01
    8     0.970791    1.16647E-01    2.94487E-01
    9     0.971278    9.73402E-02    1.82075E-01
   10     0.984022    2.01158E+04    1.27299E-01
   11     0.981499    1.41225E+00    1.58252E+00
   12     0.981094    1.28113E-01    6.43460E-01
   13     0.980371    5.88891E-02    3.81986E-01
   14     0.980253    4.04552E-02    1.66275E-01
   15     0.983771    5.13751E+02    7.84533E-02
   16     0.983471    1.24202E+00    1.48182E+00
   17     0.984421    1.14359E-01    6.16817E-01
   18     0.984532    6.26858E-02    3.21201E-01
   19     0.984698    4.80514E-02    1.65232E-01
   20     0.988015    2.08704E+00    8.66348E-02
    1     0.996320    2.63468E-02    5.30866E-02
    2     0.996696    2.74674E-02    4.16403E-02
    3     0.996572    2.42202E-02    3.32345E-02
    4     0.996543    2.12078E-02    2.72610E-02
    5     0.998255    2.57555E+00    2.31332E-02
    6     0.998434    6.16076E-01    5.60418E-01
    7     0.998707    4.02459E-02    2.94142E-01
    8     0.998591    1.40047E-02    1.56574E-01
    9     0.998544    1.06711E-02    6.26804E-02
   10     0.998213    6.41468E-01    2.58441E-02
   11     0.998964    2.52810E-01    2.78384E-01
   12     0.999073    2.92522E-02    1.51882E-01
   13     0.999092    2.16935E-02    7.41385E-02
   14     0.999132    1.88435E-02    3.16463E-02
   15     0.999566    1.82633E-01    2.20247E-02
   16     0.999460    8.73879E-02    8.27571E-02
   17     0.999446    9.70438E-03    5.74189E-02
   18     0.999429    5.60900E-03    3.12898E-02
   19     0.999429    3.75183E-03    1.36310E-02
   20     0.999831    2.34073E-01    6.40291E-03
       1       0.999628    2.63621E-03    3.82901E-03
       2       0.999529    2.37085E-03    2.87468E-03
       3       0.999493    2.23592E-03    2.49671E-03
       4       0.999483    2.15633E-03    2.28717E-03
       5       0.999601    1.66908E-01    2.16180E-03
       6       1.000025    9.21266E-02    9.32530E-02
       7       0.999920    1.28227E-02    5.66271E-02
       8       0.999851    6.49613E-03    3.18790E-02
       9       0.999833    4.82762E-03    1.63437E-02
      10       0.999912    2.00865E-01    9.22692E-03
      11       0.999402    1.64557E-01    1.02310E-01
      12       0.999564    1.00375E-02    6.57379E-02
      13       0.999658    8.71183E-03    2.96212E-02
      14       0.999700    8.52429E-03    1.02915E-02
      15       1.000023    1.22498E-01    1.09051E-02
      16       0.999894    6.19804E-02    5.91181E-02
      17       0.999854    6.10795E-03    3.93469E-02
      18       0.999832    2.77958E-03    2.08060E-02
      19       0.999826    1.58840E-03    8.15470E-03
      20       0.999819    9.32288E-02    3.26585E-03
      21       1.000080    5.59158E-02    4.95974E-02
      22       0.999969    6.04223E-03    2.97870E-02
      23       0.999926    3.48448E-03    1.59601E-02
      24       0.999917    2.72664E-03    8.02123E-03
      25       0.999923    2.18478E-02    4.38105E-03
      26       0.999951    1.16448E-02    9.89778E-03
      27       0.999945    1.27957E-03    7.12476E-03
      28       0.999941    7.84255E-04    3.87140E-03
      29       0.999940    5.55552E-04    1.79204E-03
      30       0.999946    2.77609E-02    9.06810E-04
      31       0.999996    1.71782E-02    1.52491E-02
      32       0.999974    1.80585E-03    8.72365E-03
      33       0.999965    1.26747E-03    3.88332E-03
      34       0.999964    1.04786E-03    2.07653E-03
      35       0.999975    1.85918E-02    1.33329E-03
      36       0.999993    9.83656E-03    1.02178E-02
      37       0.999985    1.15703E-03    6.47106E-03
      38       0.999981    6.20821E-04    3.65479E-03
      39       0.999979    4.89361E-04    1.53190E-03
      40       0.999958    1.76359E-02    5.72972E-04
      41       0.999988    8.67239E-03    9.51084E-03
      42       0.999983    1.22457E-03    5.29917E-03
      43       0.999982    7.92233E-04    1.92293E-03
      44       0.999982    6.26257E-04    9.19817E-04
      45       0.999993    7.88804E-03    6.86918E-04
      46       0.999993    4.13964E-03    4.11058E-03
      47       0.999991    4.91129E-04    2.75530E-03
      48       0.999990    3.18515E-04    1.48815E-03
      49       0.999989    2.54576E-04    6.34334E-04
      50       0.999971    3.16400E-02    2.95159E-04
      51       1.000005    1.57891E-02    1.71511E-02
      52       0.999998    1.74521E-03    9.52539E-03
      53       0.999996    1.29555E-03    3.72706E-03
      54       0.999996    9.36985E-04    1.77243E-03
      55       1.000000    3.20699E-03    1.10422E-03
      56       1.000000    9.39587E-04    1.81183E-03
      57       1.000000    4.94631E-04    1.43045E-03
      58       1.000000    3.58408E-04    8.91683E-04
      59       1.000001    2.66329E-04    5.23681E-04
      60       1.000010    1.01935E-02    3.32849E-04
      61       1.000003    7.00758E-03    3.95438E-03
      62       1.000003    3.40060E-04    2.66430E-03
      63       1.000003    2.70669E-04    1.10571E-03
      64       1.000002    2.38488E-04    4.77531E-04
      65       0.999995    3.02539E-03    3.47234E-04
      66       0.999998    1.92603E-03    1.22415E-03
      67       0.999999    1.41673E-04    8.56026E-04
      68       0.999999    1.11021E-04    4.03523E-04
      69       0.999999    8.95913E-05    1.51608E-04
      70       1.000009    5.55161E-03    1.16942E-04
      71       1.000001    3.56985E-03    2.65867E-03
      72       1.000001    3.44141E-04    1.58742E-03
      73       1.000001    2.41457E-04    8.41594E-04
      74       1.000001    1.81426E-04    2.57365E-04
      75       0.999998    1.44244E-03    1.66780E-04
      76       0.999999    6.21778E-04    7.64076E-04
      77       0.999999    6.41698E-05    4.53222E-04
      78       0.999999    4.38169E-05    2.28275E-04
      79       0.999999    3.64656E-05    9.93229E-05
      80       1.000003    4.19067E-03    4.61690E-05
      81       0.999999    2.59842E-03    2.23120E-03
      82       1.000000    2.95627E-04    1.29946E-03
      83       1.000000    1.90962E-04    7.07280E-04
      84       1.000000    1.39049E-04    3.04344E-04
      85       0.999999    5.98674E-04    1.52357E-04
      86       0.999999    2.05832E-04    3.20896E-04
      87       0.999999    4.41360E-05    1.97494E-04
      88       0.999999    3.14715E-05    1.05552E-04
      89       0.999999    2.44046E-05    5.62877E-05
      90       0.999997    3.33735E-03    3.38058E-05
      91       0.999997    2.25187E-03    1.55601E-03
      92       0.999998    2.09032E-04    8.44568E-04
      93       0.999998    1.27182E-04    4.70350E-04
      94       0.999999    8.75305E-05    2.10077E-04
      95       1.000000    5.56830E-04    1.34217E-04
      96       0.999999    3.22468E-04    2.26748E-04
      97       0.999999    1.49918E-05    1.48757E-04
      98       0.999999    7.93340E-06    8.68430E-05
      99       0.999999    6.35542E-06    3.09318E-05
     100       0.999997    1.50920E-03    1.13319E-05
     101       0.999998    9.84375E-04    7.61647E-04
     102       0.999998    8.33760E-05    4.29396E-04
     103       0.999999    4.41890E-05    2.69832E-04
     104       0.999999    3.47100E-05    1.16605E-04
     105       0.999999    1.09556E-04    5.95672E-05
     106       0.999999    2.84951E-05    6.15109E-05
     107       0.999999    1.97448E-05    4.26616E-05
     108       0.999999    1.54546E-05    3.39831E-05
     109       0.999999    1.26497E-05    2.15373E-05
     110       0.999999    9.26542E-05    1.49680E-05
     111       0.999999    4.56297E-05    4.55345E-05
     112       0.999999    7.79371E-06    2.92056E-05
     113       0.999999    5.33894E-06    1.92740E-05
     114       0.999999    4.15644E-06    9.37236E-06

 ***********************************************
Effective Factor Multiplication : Keff = 0.999999
 ***********************************************
    1     0.950411    2.27001E-01    1.67191E+03
    2     0.968039    7.50573E-02    4.11944E+01
    3     0.985028    4.91359E-02    1.02275E+01
    4     0.993623    3.57431E-02    2.77912E+00
     ...Fission Source Extrapolated...
    5     1.000308    4.09300E-02    1.51392E-01
    6     0.998869    3.37723E-03    1.66195E-01
    7     0.999516    1.23460E-02    1.00507E-01
    8     0.999764    8.46959E-03    9.17394E-02
    9     0.999855    5.84241E-03    5.29226E-02
     ...Fission Source Extrapolated...
   10     1.000114    3.63767E-02    3.67178E-02
   11     0.999811    2.63026E-02    2.65206E-02
   12     0.999880    7.71027E-03    2.35403E-02
   13     0.999904    3.45035E-03    6.05618E-02
   14     0.999912    1.90417E-03    1.68878E-02
     ...Fission Source Extrapolated...
   15     1.000000    2.08351E-02    1.80394E-02
   16     0.999901    1.67338E-02    1.47079E-02
   17     0.999929    4.45361E-03    3.76937E-02
   18     0.999944    1.75375E-03    1.18636E-02
   19     0.999952    7.71505E-04    1.44454E-02
     ...Fission Source Extrapolated...
   20     1.000043    7.62066E-03    5.66744E-03
   21     0.999968    6.76771E-03    4.31307E-03
   22     0.999971    1.53338E-03    9.15603E-03
   23     0.999975    8.70620E-04    2.65521E-03
   24     0.999978    5.06871E-04    3.69412E-03
     ...Fission Source Extrapolated...
   25     1.000033    5.88790E-03    1.20353E-03
   26     0.999987    5.39125E-03    2.88116E-03
   27     0.999989    9.94280E-04    3.95137E-03
   28     0.999992    5.46895E-04    1.42787E-03
   29     0.999994    3.00213E-04    1.80460E-03
     ...Fission Source Extrapolated...
   30     1.000028    3.47136E-03    4.32941E-04
   31     1.000000    3.16873E-03    1.55343E-03
   32     1.000000    5.56042E-04    3.12502E-03
   33     1.000002    2.88156E-04    9.43631E-04
   34     1.000003    1.70630E-04    1.12960E-03
     ...Fission Source Extrapolated...
   35     1.000023    2.09689E-03    3.79198E-04
   36     1.000006    1.93767E-03    1.12994E-03
   37     1.000006    3.91360E-04    1.34744E-03
   38     1.000007    1.83707E-04    5.10615E-04
   39     1.000008    1.02054E-04    6.13969E-04
     ...Fission Source Extrapolated...
   40     1.000020    1.25778E-03    1.91327E-04
   41     1.000010    1.15920E-03    6.73489E-04
   42     1.000010    2.33610E-04    9.44531E-04
   43     1.000011    1.05686E-04    3.31342E-04
   44     1.000011    5.97596E-05    3.91078E-04
     ...Fission Source Extrapolated...
   45     1.000018    7.53175E-04    1.01128E-04
   46     1.000012    6.98930E-04    4.60876E-04
   47     1.000012    1.57955E-04    3.91819E-04
   48     1.000013    6.86258E-05    1.82124E-04
   49     1.000013    3.50574E-05    2.15016E-04
     ...Fission Source Extrapolated...
   50     1.000017    4.60686E-04    6.25075E-05
   51     1.000013    4.27877E-04    2.99124E-04
   52     1.000013    1.02993E-04    2.61605E-04
   53     1.000014    4.19995E-05    1.18455E-04
   54     1.000014    2.07165E-05    1.38284E-04
     ...Fission Source Extrapolated...
   55     1.000016    2.92978E-04    3.63720E-05
   56     1.000014    2.74640E-04    2.20573E-04
   57     1.000014    7.51378E-05    1.45633E-04
   58     1.000014    2.81727E-05    1.05628E-04
   59     1.000014    1.25209E-05    7.82861E-05
     ...Fission Source Extrapolated...
   60     1.000016    2.23910E-04    4.14326E-05
   61     1.000014    1.96158E-04    1.67994E-04
   62     1.000014    5.69781E-05    1.97983E-04
   63     1.000015    1.87512E-05    1.23437E-04
   64     1.000015    8.94435E-06    5.61336E-05
     ...Fission Source Extrapolated...
   65     1.000016    2.05749E-04    5.62485E-05
   66     1.000014    1.97285E-04    1.51755E-04
   67     1.000015    5.02962E-05    3.23266E-04
   68     1.000015    1.83439E-05    1.77314E-04
   69     1.000015    1.17226E-05    3.63303E-05
     ...Fission Source Extrapolated...
   70     1.000016    3.40390E-04    7.68870E-05
   71     1.000014    3.30816E-04    1.29806E-04
   72     1.000015    4.29767E-05    4.64006E-04
   73     1.000015    2.27066E-05    2.31954E-04
   74     1.000015    1.36073E-05    3.79724E-05
     ...Fission Source Extrapolated...
   75     1.000015    2.39277E-04    9.51140E-05
   76     1.000015    2.29337E-04    5.89308E-05
   77     1.000015    1.65296E-05    1.22290E-04
   78     1.000015    1.19239E-05    8.56378E-05
   79     1.000015    7.15662E-06    2.50311E-05
     ...Fission Source Extrapolated...
   80     1.000015    9.74412E-05    4.39455E-05
   81     1.000015    9.20182E-05    5.40877E-05
   82     1.000015    1.38498E-05    2.02007E-04
   83     1.000015    9.14004E-06    8.07822E-05
   84     1.000015    4.93270E-06    1.84606E-05
     ...Fission Source Extrapolated...
   85     1.000015    7.63256E-05    2.62374E-05
   86     1.000015    7.24304E-05    4.47267E-05
   87     1.000015    1.10873E-05    4.78352E-05
   88     1.000015    6.64574E-06    2.34985E-05
   89     1.000015    4.11698E-06    2.87494E-05
     ...Fission Source Extrapolated...
   90     1.000015    4.94236E-05    2.31809E-05
   91     1.000015    4.59872E-05    3.73536E-05
   92     1.000015    9.54127E-06    1.46426E-04
   93     1.000015    6.21426E-06    5.40678E-05
   94     1.000015    3.31443E-06    1.55014E-05
     ...Fission Source Extrapolated...
   95     1.000015    5.29432E-05    1.57217E-05
   96     1.000015    5.03440E-05    3.53752E-05
   97     1.000015    8.82157E-06    4.24987E-05
   98     1.000015    5.37175E-06    1.59016E-05
   99     1.000015    3.02603E-06    2.17237E-05
     ...Fission Source Extrapolated...
  100     1.000015    3.62273E-05    1.64686E-05
  101     1.000015    3.32725E-05    2.70799E-05
  102     1.000015    6.91355E-06    1.10459E-04
  103     1.000015    4.52644E-06    4.09765E-05
  104     1.000015    2.40781E-06    1.23778E-05
     ...Fission Source Extrapolated...
  105     1.000015    4.02926E-05    1.12620E-05
  106     1.000015    3.84274E-05    2.84022E-05
  107     1.000015    7.10520E-06    3.73254E-05
  108     1.000015    4.39975E-06    1.03740E-05
  109     1.000015    2.30711E-06    1.72151E-05
     ...Fission Source Extrapolated...
  110     1.000015    2.67624E-05    1.24423E-05
  111     1.000015    2.44708E-05    1.96962E-05
  112     1.000015    5.03113E-06    8.36331E-05
  113     1.000015    3.31132E-06    3.11628E-05
  114     1.000015    1.75717E-06    1.01311E-05
     ...Fission Source Extrapolated...
  115     1.000015    3.14945E-05    7.85912E-06
  116     1.000015    3.01415E-05    2.31169E-05
  117     1.000015    5.78848E-06    3.23589E-05
  118     1.000015    3.62183E-06    8.29402E-06

 ***********************************************
Effective Factor Multiplication : Keff = 1.000015
 ***********************************************
       1       0.741223    5.76717E-01    1.00000E+00
       2       0.866620    1.80242E-01    6.25101E-01
       3       0.942757    1.28037E-01    4.01869E-01
       4       0.976344    7.92619E-02    2.77400E-01
       5       0.999822    8.33880E-02    1.70476E-01
       6       0.995572    1.07206E-02    9.92525E-02
       7       0.997847    2.50252E-02    5.82068E-02
       8       0.998755    1.91683E-02    3.50414E-02
       9       0.999113    1.51907E-02    2.07063E-02
      10       1.000179    8.63559E-02    1.58296E-02
      11       0.999042    4.65520E-02    4.06936E-02
      12       0.999281    7.67352E-03    1.92809E-02
      13       0.999376    5.61087E-03    1.09810E-02
      14       0.999420    4.53059E-03    6.81926E-03
      15       0.999982    7.37073E-02    5.15699E-03
      16       0.999284    4.78738E-02    3.60687E-02
      17       0.999583    4.43268E-03    2.31642E-02
      18       0.999670    2.28176E-03    1.02043E-02
      19       0.999699    1.60901E-03    3.99415E-03
      20       1.000104    3.81602E-02    2.21425E-03
      21       0.999657    2.41751E-02    2.23871E-02
      22       0.999810    2.50015E-03    1.44278E-02
      23       0.999852    1.31824E-03    7.67079E-03
      24       0.999867    1.03551E-03    3.31719E-03
      25       1.000052    2.27867E-02    1.53914E-03
      26       0.999842    1.45509E-02    1.07167E-02
      27       0.999911    1.41254E-03    6.60493E-03
      28       0.999930    6.86564E-04    2.69024E-03
      29       0.999935    4.81189E-04    1.23184E-03
      30       1.000020    1.21784E-02    6.56346E-04
      31       0.999925    8.01709E-03    5.41815E-03
      32       0.999958    7.00190E-04    2.70443E-03
      33       0.999967    3.19877E-04    1.62172E-03
      34       0.999971    2.39761E-04    6.47802E-04
      35       1.000008    4.18989E-03    2.98645E-04
      36       0.999966    2.52916E-03    2.39112E-03
      37       0.999980    3.39907E-04    1.58111E-03
      38       0.999984    1.96307E-04    5.85288E-04
      39       0.999985    1.48641E-04    2.33178E-04
      40       1.000000    3.66638E-03    1.62903E-04
      41       0.999980    2.36973E-03    1.65792E-03
      42       0.999989    1.99251E-04    6.78562E-04
      43       0.999991    9.95288E-05    3.92281E-04
      44       0.999993    7.72597E-05    1.41122E-04
      45       1.000003    1.27208E-03    9.06189E-05
      46       0.999991    7.53934E-04    7.45373E-04
      47       0.999995    1.10200E-04    4.86983E-04
      48       0.999996    6.80780E-05    1.67483E-04
      49       0.999996    5.38358E-05    7.71157E-05
      50       0.999999    1.26966E-03    5.78129E-05
      51       0.999994    8.06203E-04    5.86202E-04
      52       0.999997    7.27432E-05    2.25893E-04
      53       0.999997    3.77739E-05    1.18891E-04
      54       0.999998    2.96054E-05    4.99955E-05
      55       1.000002    5.74866E-04    3.50770E-05
      56       0.999997    3.53596E-04    3.03787E-04
      57       0.999998    4.58956E-05    1.93906E-04
      58       0.999999    2.75068E-05    6.33261E-05
      59       0.999999    2.15691E-05    3.23285E-05
      60       0.999999    5.29763E-04    2.38837E-05
      61       0.999998    3.36652E-04    2.44962E-04
      62       0.999999    2.98653E-05    8.90100E-05
      63       0.999999    1.60682E-05    4.31624E-05
      64       0.999999    1.26707E-05    2.10616E-05
      65       1.000001    2.54687E-04    1.47168E-05
      66       0.999999    1.57723E-04    1.27708E-04
      67       0.999999    1.83254E-05    7.99779E-05
      68       0.999999    1.14247E-05    3.19774E-05
      69       0.999999    8.99116E-06    1.37270E-05
      70       0.999999    1.91433E-04    1.01491E-05
      71       0.999999    1.19370E-04    8.95919E-05
      72       0.999999    1.14530E-05    4.46342E-05
      73       0.999999    7.27114E-06    1.63153E-05
      74       0.999999    5.86297E-06    8.86348E-06

 ***********************************************
Effective Factor Multiplication : Keff = 0.999999
 ***********************************************

  TRANSIENT RESULTS :

  Step  Time(s)  React.($)   Rel. Power   Avg. Tm   Max. Tm   Avg. Tf   Max. Tf
 --------------------------------------------------------------------------------
   0     0.000    0.0000     1.0000E-06    286.00    286.00    286.00    286.00
   1     0.005    0.0023     1.0018E-06    286.00    286.00    286.00    286.00
   2     0.010    0.0104     1.0080E-06    286.00    286.00    286.00    286.00
   3     0.015    0.0298     1.0237E-06    286.00    286.00    286.00    286.00
   4     0.020    0.0589     1.0491E-06    286.00    286.00    286.00    286.00
   5     0.025    0.1140     1.0972E-06    286.00    286.00    286.00    286.00
   6     0.030    0.1800     1.1649E-06    286.00    286.00    286.00    286.00
   7     0.035    0.2663     1.2645E-06    286.00    286.00    286.00    286.00
   8     0.040    0.3874     1.4246E-06    286.00    286.00    286.00    286.00
   9     0.045    0.4713     1.6084E-06    286.00    286.00    286.00    286.00
  10     0.050    0.5902     1.8799E-06    286.00    286.00    286.00    286.00
  11     0.055    0.6807     2.2236E-06    286.00    286.00    286.00    286.00
  12     0.060    0.7666     2.6733E-06    286.00    286.00    286.00    286.00
  13     0.065    0.8614     3.3240E-06    286.00    286.00    286.00    286.00
  14     0.070    0.9041     4.0898E-06    286.00    286.00    286.00    286.00
  15     0.075    0.9627     5.1189E-06    286.00    286.00    286.00    286.00
  16     0.080    0.9992     6.4234E-06    286.00    286.00    286.00    286.00
  17     0.085    1.0281     8.0636E-06    286.00    286.00    286.00    286.00
  18     0.090    1.0538     1.0169E-05    286.00    286.00    286.00    286.00
  19     0.095    1.0632     1.2661E-05    286.00    286.00    286.00    286.00
  20     0.100    1.0670     1.5533E-05    286.00    286.00    286.00    286.00
  21     0.105    1.0679     1.8787E-05    286.00    286.00    286.00    286.00
  22     0.110    1.0687     2.2495E-05    286.00    286.00    286.00    286.00
  23     0.115    1.0692     2.6707E-05    286.00    286.00    286.00    286.00
  24     0.120    1.0697     3.1500E-05    286.00    286.00    286.00    286.00
  25     0.125    1.0702     3.6980E-05    286.00    286.00    286.00    286.00
  26     0.130    1.0704     4.3206E-05    286.00    286.00    286.00    286.00
  27     0.135    1.0706     5.0303E-05    286.00    286.00    286.00    286.00
  28     0.140    1.0708     5.8381E-05    286.00    286.00    286.00    286.00
  29     0.145    1.0712     6.7649E-05    286.00    286.00    286.00    286.00
  30     0.150    1.0712     7.8192E-05    286.00    286.00    286.00    286.00
  31     0.155    1.0716     9.0289E-05    286.00    286.00    286.00    286.00
  32     0.160    1.0716     1.0408E-04    286.00    286.00    286.00    286.00
  33     0.165    1.0716     1.1981E-04    286.00    286.00    286.00    286.00
  34     0.170    1.0716     1.3773E-04    286.00    286.00    286.00    286.00
  35     0.175    1.0720     1.5836E-04    286.00    286.00    286.00    286.00
  36     0.180    1.0718     1.8180E-04    286.00    286.00    286.00    286.00
  37     0.185    1.0719     2.0861E-04    286.00    286.00    286.00    286.01
  38     0.190    1.0719     2.3925E-04    286.00    286.00    286.00    286.01
  39     0.195    1.0719     2.7423E-04    286.00    286.00    286.00    286.01
  40     0.200    1.0720     3.1423E-04    286.00    286.00    286.00    286.01
  41     0.205    1.0722     3.6012E-04    286.00    286.00    286.00    286.01
  42     0.210    1.0721     4.1248E-04    286.00    286.00    286.00    286.01
  43     0.215    1.0721     4.7232E-04    286.00    286.00    286.00    286.01
  44     0.220    1.0721     5.4063E-04    286.00    286.00    286.00    286.01
  45     0.225    1.0723     6.1913E-04    286.00    286.00    286.00    286.02
  46     0.230    1.0720     7.0833E-04    286.00    286.00    286.00    286.02
  47     0.235    1.0721     8.1040E-04    286.00    286.00    286.00    286.02
  48     0.240    1.0720     9.2690E-04    286.00    286.00    286.00    286.02
  49     0.245    1.0722     1.0605E-03    286.00    286.00    286.00    286.03
  50     0.250    1.0721     1.2130E-03    286.00    286.00    286.00    286.03
  51     0.255    1.0722     1.3876E-03    286.00    286.00    286.01    286.04
  52     0.260    1.0721     1.5870E-03    286.00    286.00    286.01    286.04
  53     0.265    1.0721     1.8148E-03    286.00    286.00    286.01    286.05
  54     0.270    1.0723     2.0766E-03    286.00    286.00    286.01    286.05
  55     0.275    1.0724     2.3765E-03    286.00    286.00    286.01    286.06
  56     0.280    1.0721     2.7176E-03    286.00    286.00    286.01    286.07
  57     0.285    1.0721     3.1070E-03    286.00    286.00    286.01    286.08
  58     0.290    1.0721     3.5520E-03    286.00    286.00    286.01    286.09
  59     0.295    1.0721     4.0609E-03    286.00    286.00    286.02    286.10
  60     0.300    1.0721     4.6430E-03    286.00    286.00    286.02    286.12
  61     0.305    1.0721     5.3087E-03    286.00    286.00    286.02    286.14
  62     0.310    1.0720     6.0683E-03    286.00    286.00    286.02    286.15
  63     0.315    1.0721     6.9406E-03    286.00    286.00    286.03    286.18
  64     0.320    1.0721     7.9374E-03    286.00    286.00    286.03    286.20
  65     0.325    1.0719     9.0727E-03    286.00    286.00    286.04    286.23
  66     0.330    1.0719     1.0370E-02    286.00    286.00    286.04    286.26
  67     0.335    1.0717     1.1846E-02    286.00    286.00    286.05    286.30
  68     0.340    1.0718     1.3540E-02    286.00    286.00    286.05    286.35
  69     0.345    1.0717     1.5472E-02    286.00    286.01    286.06    286.40
  70     0.350    1.0716     1.7677E-02    286.00    286.01    286.07    286.45
  71     0.355    1.0714     2.0192E-02    286.00    286.01    286.08    286.52
  72     0.360    1.0713     2.3064E-02    286.00    286.01    286.09    286.59
  73     0.365    1.0712     2.6338E-02    286.00    286.01    286.10    286.67
  74     0.370    1.0712     3.0083E-02    286.00    286.01    286.12    286.77
  75     0.375    1.0709     3.4339E-02    286.00    286.01    286.14    286.88
  76     0.380    1.0705     3.9170E-02    286.00    286.01    286.16    287.01
  77     0.385    1.0703     4.4670E-02    286.00    286.02    286.18    287.15
  78     0.390    1.0700     5.0923E-02    286.00    286.02    286.20    287.31
  79     0.395    1.0698     5.8030E-02    286.00    286.02    286.23    287.50
  80     0.400    1.0694     6.6106E-02    286.00    286.02    286.26    287.71
  81     0.405    1.0690     7.5266E-02    286.00    286.03    286.30    287.95
  82     0.410    1.0688     8.5697E-02    286.00    286.03    286.34    288.22
  83     0.415    1.0681     9.7464E-02    286.00    286.04    286.39    288.53
  84     0.420    1.0674     1.1069E-01    286.00    286.04    286.45    288.89
  85     0.425    1.0668     1.2566E-01    286.01    286.05    286.51    289.29
  86     0.430    1.0660     1.4249E-01    286.01    286.05    286.58    289.74
  87     0.435    1.0651     1.6136E-01    286.01    286.06    286.66    290.26
  88     0.440    1.0643     1.8258E-01    286.01    286.07    286.75    290.84
  89     0.445    1.0631     2.0625E-01    286.01    286.08    286.85    291.50
  90     0.450    1.0618     2.3253E-01    286.01    286.09    286.96    292.24
  91     0.455    1.0605     2.6178E-01    286.01    286.10    287.09    293.08
  92     0.460    1.0589     2.9405E-01    286.01    286.12    287.23    294.01
  93     0.465    1.0573     3.2972E-01    286.02    286.13    287.39    295.06
  94     0.470    1.0553     3.6876E-01    286.02    286.15    287.57    296.23
  95     0.475    1.0529     4.1093E-01    286.02    286.17    287.77    297.54
  96     0.480    1.0505     4.5651E-01    286.02    286.19    288.00    298.99
  97     0.485    1.0477     5.0525E-01    286.02    286.22    288.24    300.59
  98     0.490    1.0446     5.5693E-01    286.03    286.24    288.51    302.36
  99     0.495    1.0413     6.1118E-01    286.03    286.27    288.80    304.29
 100     0.500    1.0377     6.6775E-01    286.04    286.31    289.13    306.40
 101     0.505    1.0336     7.2547E-01    286.04    286.35    289.47    308.69
 102     0.510    1.0294     7.8435E-01    286.04    286.39    289.85    311.16
 103     0.515    1.0247     8.4272E-01    286.05    286.43    290.25    313.81
 104     0.520    1.0196     8.9974E-01    286.06    286.48    290.67    316.63
 105     0.525    1.0143     9.5435E-01    286.06    286.53    291.12    319.62
 106     0.530    1.0087     1.0053E+00    286.07    286.59    291.59    322.76
 107     0.535    1.0027     1.0514E+00    286.08    286.65    292.08    326.04
 108     0.540    0.9965     1.0915E+00    286.08    286.72    292.58    329.43
 109     0.545    0.9902     1.1254E+00    286.09    286.79    293.10    332.92
 110     0.550    0.9833     1.1508E+00    286.10    286.87    293.62    336.49
 111     0.555    0.9765     1.1679E+00    286.11    286.95    294.14    340.09
 112     0.560    0.9695     1.1763E+00    286.12    287.03    294.66    343.72
 113     0.565    0.9626     1.1768E+00    286.13    287.12    295.18    347.33
 114     0.570    0.9557     1.1698E+00    286.14    287.22    295.69    350.92
 115     0.575    0.9488     1.1556E+00    286.15    287.31    296.18    354.45
 116     0.580    0.9418     1.1345E+00    286.16    287.41    296.66    357.91
 117     0.585    0.9346     1.1067E+00    286.18    287.52    297.12    361.28
 118     0.590    0.9281     1.0754E+00    286.19    287.63    297.56    364.54
 119     0.595    0.9212     1.0396E+00    286.20    287.74    297.97    367.69
 120     0.600    0.9147     1.0017E+00    286.22    287.85    298.37    370.72
 121     0.605    0.9086     9.6304E-01    286.23    287.97    298.74    373.62
 122     0.610    0.9021     9.2298E-01    286.25    288.09    299.09    376.40
 123     0.615    0.8961     8.8346E-01    286.26    288.22    299.42    379.05
 124     0.620    0.8903     8.4495E-01    286.28    288.34    299.73    381.59
 125     0.625    0.8845     8.0770E-01    286.29    288.47    300.02    384.00
 126     0.630    0.8790     7.7226E-01    286.31    288.60    300.29    386.31
 127     0.635    0.8736     7.3890E-01    286.32    288.73    300.54    388.51
 128     0.640    0.8681     7.0734E-01    286.34    288.86    300.78    390.62
 129     0.645    0.8629     6.7801E-01    286.35    289.00    301.01    392.63
 130     0.650    0.8580     6.5115E-01    286.37    289.14    301.22    394.56
 131     0.655    0.8528     6.2611E-01    286.39    289.29    301.42    396.42
 132     0.660    0.8480     6.0325E-01    286.41    289.43    301.61    398.20
 133     0.665    0.8432     5.8239E-01    286.42    289.58    301.79    399.92
 134     0.670    0.8385     5.6325E-01    286.44    289.72    301.96    401.59
 135     0.675    0.8337     5.4554E-01    286.46    289.87    302.13    403.19
 136     0.680    0.8291     5.2938E-01    286.47    290.02    302.29    404.75
 137     0.685    0.8246     5.1450E-01    286.49    290.16    302.44    406.26
 138     0.690    0.8198     5.0042E-01    286.51    290.30    302.58    407.73
 139     0.695    0.8158     4.8806E-01    286.53    290.45    302.73    409.16
 140     0.700    0.8115     4.7670E-01    286.55    290.59    302.86    410.55
 141     0.705    0.8071     4.6601E-01    286.56    290.74    302.99    411.92
 142     0.710    0.8027     4.5603E-01    286.58    290.88    303.12    413.25
 143     0.715    0.7985     4.4664E-01    286.60    291.03    303.25    414.55
 144     0.720    0.7944     4.3803E-01    286.62    291.17    303.37    415.83
 145     0.725    0.7902     4.2987E-01    286.63    291.32    303.49    417.08
 146     0.730    0.7862     4.2222E-01    286.65    291.46    303.60    418.30
 147     0.735    0.7820     4.1489E-01    286.67    291.61    303.71    419.51
 148     0.740    0.7781     4.0804E-01    286.69    291.75    303.83    420.69
 149     0.745    0.7741     4.0156E-01    286.71    291.90    303.93    421.85
 150     0.750    0.7702     3.9532E-01    286.72    292.04    304.04    423.00
 151     0.755    0.7663     3.8935E-01    286.74    292.18    304.14    424.12
 152     0.760    0.7625     3.8378E-01    286.76    292.32    304.24    425.23
 153     0.765    0.7586     3.7833E-01    286.78    292.46    304.34    426.32
 154     0.770    0.7550     3.7318E-01    286.79    292.60    304.44    427.40
 155     0.775    0.7514     3.6834E-01    286.81    292.74    304.54    428.46
 156     0.780    0.7477     3.6366E-01    286.83    292.88    304.63    429.50
 157     0.785    0.7441     3.5910E-01    286.85    293.02    304.72    430.54
 158     0.790    0.7406     3.5477E-01    286.86    293.16    304.82    431.55
 159     0.795    0.7371     3.5060E-01    286.88    293.29    304.91    432.56
 160     0.800    0.7336     3.4659E-01    286.90    293.43    304.99    433.55
 161     0.805    0.7303     3.4276E-01    286.92    293.56    305.08    434.53
 162     0.810    0.7269     3.3905E-01    286.93    293.69    305.17    435.50
 163     0.815    0.7236     3.3545E-01    286.95    293.82    305.25    436.46
 164     0.820    0.7203     3.3198E-01    286.97    293.97    305.34    437.41
 165     0.825    0.7171     3.2861E-01    286.98    294.11    305.42    438.35
 166     0.830    0.7138     3.2529E-01    287.00    294.25    305.50    439.27
 167     0.835    0.7109     3.2222E-01    287.02    294.39    305.58    440.19
 168     0.840    0.7078     3.1925E-01    287.03    294.53    305.66    441.10
 169     0.845    0.7048     3.1637E-01    287.05    294.67    305.74    442.00
 170     0.850    0.7017     3.1352E-01    287.07    294.81    305.82    442.89
 171     0.855    0.6988     3.1079E-01    287.08    294.95    305.89    443.77
 172     0.860    0.6959     3.0817E-01    287.10    295.08    305.97    444.64
 173     0.865    0.6931     3.0563E-01    287.11    295.22    306.04    445.51
 174     0.870    0.6903     3.0319E-01    287.13    295.35    306.12    446.37
 175     0.875    0.6876     3.0084E-01    287.14    295.48    306.19    447.22
 176     0.880    0.6849     2.9852E-01    287.16    295.61    306.27    448.06
 177     0.885    0.6821     2.9619E-01    287.17    295.74    306.34    448.90
 178     0.890    0.6795     2.9402E-01    287.19    295.87    306.41    449.73
 179     0.895    0.6769     2.9187E-01    287.20    295.99    306.48    450.55
 180     0.900    0.6748     2.9005E-01    287.22    296.12    306.55    451.37
 181     0.905    0.6720     2.8806E-01    287.23    296.24    306.62    452.18
 182     0.910    0.6695     2.8609E-01    287.25    296.36    306.69    452.98
 183     0.915    0.6671     2.8420E-01    287.26    296.48    306.76    453.78
 184     0.920    0.6648     2.8240E-01    287.28    296.60    306.82    454.57
 185     0.925    0.6625     2.8067E-01    287.29    296.71    306.89    455.36
 186     0.930    0.6602     2.7896E-01    287.31    296.83    306.96    456.14
 187     0.935    0.6580     2.7732E-01    287.32    296.94    307.02    456.92
 188     0.940    0.6559     2.7576E-01    287.33    297.05    307.09    457.69
 189     0.945    0.6536     2.7415E-01    287.35    297.16    307.15    458.45
 190     0.950    0.6518     2.7280E-01    287.36    297.27    307.22    459.21
 191     0.955    0.6495     2.7129E-01    287.37    297.37    307.28    459.97
 192     0.960    0.6475     2.6988E-01    287.39    297.47    307.35    460.72
 193     0.965    0.6455     2.6852E-01    287.40    297.58    307.41    461.47
 194     0.970    0.6435     2.6716E-01    287.41    297.70    307.47    462.21
 195     0.975    0.6416     2.6587E-01    287.43    297.82    307.53    462.95
 196     0.980    0.6397     2.6461E-01    287.44    297.94    307.60    463.68
 197     0.985    0.6379     2.6341E-01    287.45    298.05    307.66    464.41
 198     0.990    0.6360     2.6216E-01    287.46    298.17    307.72    465.14
 199     0.995    0.6343     2.6100E-01    287.48    298.28    307.78    465.86
 200     1.000    0.6326     2.5991E-01    287.49    298.39    307.84    466.58
 201     1.100    0.6308     2.6110E-01    287.66    299.90    309.07    480.65
 202     1.200    0.6057     2.4929E-01    287.80    301.10    310.16    493.64
 203     1.300    0.5859     2.4020E-01    287.90    302.02    311.15    505.66
 204     1.400    0.5691     2.3328E-01    287.98    302.81    312.05    516.83
 205     1.500    0.5549     2.2831E-01    288.04    303.37    312.88    527.25
 206     1.600    0.5417     2.2388E-01    288.09    303.80    313.65    536.98
 207     1.700    0.5300     2.2062E-01    288.14    304.17    314.36    546.10
 208     1.800    0.5188     2.1752E-01    288.18    304.47    315.02    554.63
 209     1.900    0.5083     2.1469E-01    288.21    304.74    315.64    562.61
 210     2.000    0.4988     2.1262E-01    288.25    304.98    316.22    570.11
 211     2.100    0.4898     2.1072E-01    288.28    305.21    316.76    577.15
 212     2.200    0.4812     2.0904E-01    288.31    305.42    317.27    583.78
 213     2.300    0.4729     2.0740E-01    288.34    305.63    317.74    590.02
 214     2.400    0.4656     2.0632E-01    288.36    305.82    318.19    595.91
 215     2.500    0.4580     2.0498E-01    288.39    306.00    318.62    601.47
 216     2.600    0.4513     2.0411E-01    288.41    306.17    319.02    606.72
 217     2.700    0.4448     2.0333E-01    288.44    306.33    319.40    611.71
 218     2.800    0.4387     2.0265E-01    288.46    306.49    319.76    616.43
 219     2.900    0.4325     2.0186E-01    288.48    306.64    320.10    620.91
 220     3.000    0.4270     2.0147E-01    288.50    306.78    320.43    625.18
 221     3.100    0.4218     2.0116E-01    288.52    306.92    320.74    629.25
 222     3.200    0.4166     2.0083E-01    288.54    307.05    321.04    633.14
 223     3.300    0.4117     2.0055E-01    288.56    307.18    321.32    636.85
 224     3.400    0.4068     2.0027E-01    288.58    307.30    321.60    640.39
 225     3.500    0.4020     1.9993E-01    288.59    307.42    321.86    643.78
 226     3.600    0.3977     1.9993E-01    288.61    307.53    322.11    647.03
 227     3.700    0.3935     1.9990E-01    288.62    307.64    322.35    650.15
 228     3.800    0.3894     1.9987E-01    288.64    307.75    322.58    653.16
 229     3.900    0.3854     1.9985E-01    288.65    307.86    322.81    656.05
 230     4.000    0.3815     1.9986E-01    288.67    307.96    323.02    658.83
 231     4.100    0.3778     1.9988E-01    288.68    308.06    323.23    661.51
 232     4.200    0.3741     1.9993E-01    288.70    308.15    323.43    664.10
 233     4.300    0.3706     2.0001E-01    288.71    308.25    323.63    666.60
 234     4.400    0.3672     2.0011E-01    288.72    308.34    323.82    669.02
 235     4.500    0.3639     2.0025E-01    288.73    308.42    324.00    671.36
 236     4.600    0.3607     2.0040E-01    288.75    308.51    324.18    673.63
 237     4.700    0.3575     2.0056E-01    288.76    308.59    324.35    675.83
 238     4.800    0.3546     2.0080E-01    288.77    308.68    324.52    677.97
 239     4.900    0.3515     2.0097E-01    288.78    308.76    324.68    680.04
 240     5.000    0.3488     2.0125E-01    288.79    308.83    324.84    682.07


     Radial Power Distribution
   ==============================
           1       2       3       4       5       6       7       8       9
     9   2.975   2.349   1.186   1.640   1.539   0.829   0.315   0.420   0.000
     8   2.349   2.403   1.758   1.729   1.213   0.459   0.443   0.334   0.000
     7   1.186   1.758   0.984   1.274   0.613   0.583   0.301   0.000   0.000
     6   1.640   1.729   1.274   1.203   0.823   0.743   0.424   0.000   0.000
     5   1.539   1.213   0.613   0.823   0.431   0.528   0.000   0.000   0.000
     4   0.829   0.459   0.583   0.743   0.528   0.000   0.000   0.000   0.000
     3   0.315   0.443   0.301   0.424   0.000   0.000   0.000   0.000   0.000
     2   0.420   0.334   0.000   0.000   0.000   0.000   0.000   0.000   0.000
     1   0.000   0.000   0.000   0.000   0.000   0.000   0.000   0.000   0.000

   MAX POS.       Maximum Value
  (  9,  1)          2.975


     Axial Power Density Distribution
   ====================================

     Plane Number        Power      Height
    -----------------------------------------
        18  (Top)        0.000      427.30
        17               0.132      397.30
        16               0.244      389.30
        15               0.402      376.50
        14               0.658      363.70
        13               0.993      333.70
        12               1.288      303.70
        11               1.531      273.70
        10               1.709      243.70
         9               1.804      213.70
         8               1.797      183.70
         7               1.670      153.70
         6               1.408      123.70
         5               1.011       93.70
         4               0.641       63.70
         3               0.409       48.70
         2               0.303       37.70
         1  (Bottom)     0.000       30.00

   MAX POS.       Maximum Value
    (  9)             1.804

     Radial Flux Distribution
   ==============================
    Group :   1
             1          2          3          4          5          6          7          8          9
     9   5.876E-02  4.918E-02  3.257E-02  3.415E-02  2.979E-02  1.639E-02  8.568E-03  7.076E-03  1.081E-03 
     8   4.918E-02  4.716E-02  3.596E-02  3.363E-02  2.451E-02  1.250E-02  8.669E-03  5.678E-03  7.927E-04 
     7   3.257E-02  3.596E-02  2.686E-02  2.591E-02  1.667E-02  1.224E-02  6.949E-03  1.710E-03  1.780E-04 
     6   3.415E-02  3.363E-02  2.591E-02  2.324E-02  1.687E-02  1.377E-02  7.305E-03  9.069E-04  0.000E+00 
     5   2.979E-02  2.451E-02  1.667E-02  1.687E-02  1.166E-02  9.071E-03  2.347E-03  2.302E-04  0.000E+00 
     4   1.639E-02  1.250E-02  1.224E-02  1.377E-02  9.071E-03  2.290E-03  3.121E-04  0.000E+00  0.000E+00 
     3   8.568E-03  8.669E-03  6.949E-03  7.305E-03  2.347E-03  3.121E-04  0.000E+00  0.000E+00  0.000E+00 
     2   7.076E-03  5.678E-03  1.710E-03  9.069E-04  2.302E-04  0.000E+00  0.000E+00  0.000E+00  0.000E+00 
     1   1.081E-03  7.927E-04  1.780E-04  0.000E+00  0.000E+00  0.000E+00  0.000E+00  0.000E+00  0.000E+00 

    Group :   2
             1          2          3          4          5          6          7          8          9
     9   7.100E-02  4.697E-02  2.751E-02  3.278E-02  3.669E-02  1.648E-02  7.269E-03  7.188E-03  5.915E-04 
     8   4.697E-02  5.731E-02  3.506E-02  4.128E-02  2.417E-02  1.064E-02  7.573E-03  5.719E-03  4.336E-04 
     7   2.751E-02  3.506E-02  2.284E-02  2.536E-02  1.420E-02  1.152E-02  5.017E-03  8.137E-04  8.831E-05 
     6   3.278E-02  4.128E-02  2.536E-02  2.859E-02  1.632E-02  1.272E-02  7.240E-03  4.933E-04  0.000E+00 
     5   3.669E-02  2.417E-02  1.420E-02  1.632E-02  9.964E-03  9.024E-03  1.160E-03  1.142E-04  0.000E+00 
     4   1.648E-02  1.064E-02  1.152E-02  1.272E-02  9.024E-03  1.129E-03  1.540E-04  0.000E+00  0.000E+00 
     3   7.269E-03  7.573E-03  5.017E-03  7.240E-03  1.160E-03  1.540E-04  0.000E+00  0.000E+00  0.000E+00 
     2   7.188E-03  5.719E-03  8.137E-04  4.933E-04  1.142E-04  0.000E+00  0.000E+00  0.000E+00  0.000E+00 
     1   5.915E-04  4.336E-04  8.831E-05  0.000E+00  0.000E+00  0.000E+00  0.000E+00  0.000E+00  0.000E+00 

