                                                                                
      /\               /\                                                       
     //\\             //\\                                                      
    //**\\           //**\\                                                     
   //****\\         //****\\                                                    
  //******\\       //******\\   ____                   _   _           _        
  ---------   /*\   ---------  / __ \                 | \ | |         | |       
             (***)            | |  | |_ __   ___ _ __ |  \| | ___   __| | ___   
              \*/             | |  | | "_ \ / _ \ "_ \| . ` |/ _"\ / _" |/ _ \  
                              | |__| | |_) |  __/ | | | |\  | |_) | (_| |  __/  
              //\\             \____/| .__/ \___)_| |_|_| \_|\___/ \___/ \___|  
             //**\\                  | |                                        
            //****\\                 |_|                                        
           //******\\                                                           
           ----------                                                           
                                                                                
 ____________________________________________________________
          | The OpenNode, Nodal Methods for Neutron Diffusion
 Version  | Version Number: 1.1                              
 Copyright| 2021 Radiation & Nuclear System Laboratory       
          | University Abdelmalk Essaadi                     
          | Faculty of Sciences, Tetouan, Morocco            
 Source   | FORTRAN90 version                                
 GUI      | PyQt5                                            
 Method   | The Nodal Expansion Method (NEM)                 
 Dimension| Three Dimensions (3D)                            
 Geometry | Cartesian                                        
 ____________________________________________________________
                        =====================
   Calculation Mode :    Forward Calculation 
   ----------------     =====================

            --------------------------------------------
            >>>> Writing Macroscopic Cross Sections <<<<
            --------------------------------------------
     Material  1
    Group   Transport    Diffusion  Absorption    Removal      Nu*Fiss      Kap*Fis    Fiss. Spctr
       1     0.133768    2.491869    0.003654    0.067929     0.008228     0.008228     0.745248
       2     0.318911    1.045224    0.002124    0.066508     0.000536     0.000536     0.254328
       3     0.492072    0.677407    0.019908    0.070757     0.007058     0.007058     0.000424
       4     0.888436    0.375191    0.067990    0.069235     0.083930     0.083930     0.000000
         --Scattering Matrix--
           G/G'          1          2          3          4
            1        0.000000    0.063789    0.000486    0.000000
            2        0.000000    0.000000    0.064381    0.000003
            3        0.000000    0.000000    0.000000    0.050849
            4        0.000000    0.000000    0.001245    0.000000
     Material  2
    Group   Transport    Diffusion  Absorption    Removal      Nu*Fiss      Kap*Fis    Fiss. Spctr
       1     0.133726    2.492653    0.003685    0.067275     0.008295     0.008295     0.745248
       2     0.317507    1.049844    0.002215    0.065296     0.000713     0.000713     0.254328
       3     0.492652    0.676610    0.022012    0.070432     0.009230     0.009230     0.000424
       4     0.878393    0.379481    0.085052    0.086595     0.108244     0.108244     0.000000
         --Scattering Matrix--
           G/G'          1          2          3          4
            1        0.000000    0.063112    0.000478    0.000000
            2        0.000000    0.000000    0.063078    0.000003
            3        0.000000    0.000000    0.000000    0.048420
            4        0.000000    0.000000    0.001543    0.000000
     Material  3
    Group   Transport    Diffusion  Absorption    Removal      Nu*Fiss      Kap*Fis    Fiss. Spctr
       1     0.133763    2.491978    0.003684    0.066922     0.008285     0.008285     0.745248
       2     0.316884    1.051910    0.002221    0.064628     0.000713     0.000713     0.254328
       3     0.492307    0.677084    0.022403    0.069952     0.009214     0.009214     0.000424
       4     0.873852    0.381453    0.088077    0.089675     0.108087     0.108087     0.000000
         --Scattering Matrix--
           G/G'          1          2          3          4
            1        0.000000    0.062765    0.000473    0.000000
            2        0.000000    0.000000    0.062404    0.000003
            3        0.000000    0.000000    0.000000    0.047549
            4        0.000000    0.000000    0.001598    0.000000
     Material  4
    Group   Transport    Diffusion  Absorption    Removal      Nu*Fiss      Kap*Fis    Fiss. Spctr
       1     0.133733    2.492535    0.003740    0.067963     0.008459     0.008459     0.745248
       2     0.318888    1.045298    0.002299    0.066632     0.000923     0.000923     0.254328
       3     0.494058    0.674684    0.022621    0.072139     0.011714     0.011714     0.000424
       4     0.890694    0.374240    0.091000    0.092630     0.133600     0.133600     0.000000
         --Scattering Matrix--
           G/G'          1          2          3          4
            1        0.000000    0.063737    0.000486    0.000000
            2        0.000000    0.000000    0.064330    0.000003
            3        0.000000    0.000000    0.000000    0.049518
            4        0.000000    0.000000    0.001630    0.000000
     Material  5
    Group   Transport    Diffusion  Absorption    Removal      Nu*Fiss      Kap*Fis    Fiss. Spctr
       1     0.133744    2.492329    0.003730    0.066940     0.008409     0.008409     0.745248
       2     0.316871    1.051953    0.002315    0.064694     0.000921     0.000921     0.254328
       3     0.493328    0.675683    0.023822    0.070681     0.011675     0.011675     0.000424
       4     0.875796    0.380606    0.100246    0.102043     0.134282     0.134282     0.000000
         --Scattering Matrix--
           G/G'          1          2          3          4
            1        0.000000    0.062737    0.000473    0.000000
            2        0.000000    0.000000    0.062376    0.000003
            3        0.000000    0.000000    0.000000    0.046859
            4        0.000000    0.000000    0.001797    0.000000
     Material  6
    Group   Transport    Diffusion  Absorption    Removal      Nu*Fiss      Kap*Fis    Fiss. Spctr
       1     0.133787    2.491521    0.003730    0.066584     0.008400     0.008400     0.745248
       2     0.316247    1.054029    0.002321    0.064020     0.000921     0.000921     0.254328
       3     0.492953    0.676197    0.024196    0.070201     0.011651     0.011651     0.000424
       4     0.871610    0.382434    0.103283    0.105135     0.133974     0.133974     0.000000
         --Scattering Matrix--
           G/G'          1          2          3          4
            1        0.000000    0.062386    0.000468    0.000000
            2        0.000000    0.000000    0.061696    0.000003
            3        0.000000    0.000000    0.000000    0.046005
            4        0.000000    0.000000    0.001852    0.000000
     Material  7
    Group   Transport    Diffusion  Absorption    Removal      Nu*Fiss      Kap*Fis    Fiss. Spctr
       1     0.157252    2.119737    0.000466    0.042840     0.000000     0.000000     0.745248
       2     0.340102    0.980098    0.000263    0.044852     0.000000     0.000000     0.254328
       3     0.627349    0.531336    0.004282    0.056528     0.000000     0.000000     0.000424
       4     0.315051    1.058029    0.116918    0.117896     0.000000     0.000000     0.000000
         --Scattering Matrix--
           G/G'          1          2          3          4
            1        0.000000    0.042052    0.000322    0.000000
            2        0.000000    0.000000    0.044589    0.000000
            3        0.000000    0.000000    0.000000    0.052246
            4        0.000000    0.000000    0.000978    0.000000

            -------------------------------
            >>>>>Wrting Core Geometry<<<<<
            -------------------------------
  Number of Assembly in x, y and z Directions Respectively :
           9           9           1
  Number of Nodes in x, y and z Directions Respectively :
           9           9           1

  x-Directed Nodes Divison (Delta-x)
    10.80  21.61  21.61  21.61  21.61  21.61  21.61  21.61  21.61
  y-Directed Nodes Divison (Delta-y)
    21.61  21.61  21.61  21.61  21.61  21.61  21.61  21.61  10.80
  Planar Region :  1
        1  2  3  4  5  6  7  8  9
     9  1  3  1  3  1  2  1  4  7 
     8  3  1  3  1  2  1  6  4  7 
     7  1  3  1  2  1  3  4  7  7 
     6  3  1  2  1  3  5  4  7    
     5  1  2  1  3  1  4  7  7    
     4  2  1  3  5  4  7  7       
     3  1  6  4  4  7  7          
     2  4  4  7  7  7             
     1  7  7  7                   

  Planar Region Assignment to Planes.
 -------------------------------------
   Plane Number     Planar Region    Delta-z
        1 (Top)            1          10.80

   Boundary Conditions
   -------------------
  X-Directed West   : Reflective
  X-Directed East   : Zero Incoming Current
  Y-Directed North  : Reflective
  Y-Directed South  : Zero Incoming Current
  Z-Directed Bottom : Reflective
  Z-Directed Top    : Reflective

  ...Core Geometry is Sucessfully Read...
     ---------------------------------


  ================================================================================================
                                        Calculation Results
  ================================================================================================

   Iteration    Keff     FissSrc Error   Inner Error
  ----------------------------------------------------
       1       1.393813    8.51284E-01    2.17855E+00
       2       1.263771    2.56201E-01    6.17943E+01
       3       1.087641    2.58360E-01    1.79511E+00
       4       1.026248    1.39636E-01    8.55975E-01
     ...Fission Source Extrapolated...
       5       1.001752    1.24925E-01    3.01535E-01
       6       1.006837    2.63055E-02    1.41060E-01
       7       1.006229    4.05424E-02    8.03591E-02
       8       1.006319    3.39718E-02    5.31440E-02
       9       1.006529    2.94246E-02    4.17314E-02
     ...Fission Source Extrapolated...
      10       1.008495    3.26835E-01    3.49209E-02
      11       1.008077    1.09689E-01    2.42172E-01
      12       1.008030    1.52624E-02    7.52431E-02
      13       1.007954    1.02651E-02    1.94519E-02
      14       1.007928    9.05321E-03    9.45619E-03
     ...Fission Source Extrapolated...
      15       1.007856    1.65332E-01    8.46493E-03
      16       1.008082    5.87743E-02    1.28967E-01
      17       1.008237    7.88186E-03    4.06266E-02
      18       1.008238    4.87163E-03    1.26980E-02
      19       1.008230    4.36365E-03    4.61727E-03
     ...Fission Source Extrapolated...
      20       1.007890    9.43232E-01    4.17460E-03
      21       1.008122    2.95266E-01    6.31830E-01
      22       1.008690    1.23102E-02    1.83225E-01
      23       1.008697    8.48651E-03    7.31245E-02
      24       1.008644    5.93269E-03    2.09602E-02
     ...Fission Source Extrapolated...
      25       1.008318    3.24465E-02    1.19013E-02
      26       1.008503    1.19380E-02    3.12012E-02
      27       1.008464    2.33048E-03    1.23603E-02
      28       1.008462    1.84475E-03    4.22231E-03
      29       1.008461    1.72622E-03    1.75252E-03
     ...Fission Source Extrapolated...
      30       1.008415    4.19162E-02    1.66289E-03
      31       1.008436    1.65886E-02    3.51086E-02
      32       1.008352    1.87903E-03    1.21946E-02
      33       1.008353    1.01852E-03    4.50184E-03
      34       1.008360    8.98959E-04    1.31903E-03
     ...Fission Source Extrapolated...
      35       1.008538    3.30147E-02    8.43731E-04
      36       1.008438    1.66766E-02    2.48123E-02
      37       1.008377    1.79752E-03    7.52060E-03
      38       1.008367    5.38451E-04    2.72637E-03
      39       1.008366    2.97629E-04    7.74219E-04
     ...Fission Source Extrapolated...
      40       1.008357    3.36713E-03    4.82347E-04
      41       1.008374    1.49251E-03    2.77217E-03
      42       1.008357    3.59166E-04    9.52448E-04
      43       1.008355    2.58296E-04    6.47560E-04
      44       1.008355    2.31493E-04    2.61606E-04
     ...Fission Source Extrapolated...
      45       1.008368    9.31982E-03    2.23179E-04
      46       1.008368    4.00448E-03    7.59820E-03
      47       1.008349    3.99304E-04    2.52039E-03
      48       1.008347    1.60353E-04    1.17891E-03
      49       1.008348    1.00941E-04    3.91038E-04
     ...Fission Source Extrapolated...
      50       1.008352    8.46779E-04    2.17302E-04
      51       1.008351    3.72904E-04    6.20215E-04
      52       1.008349    9.02649E-05    1.69925E-04
      53       1.008349    6.60857E-05    1.28020E-04
      54       1.008349    6.11939E-05    6.76100E-05
     ...Fission Source Extrapolated...
      55       1.008350    3.37401E-03    6.18285E-05
      56       1.008352    1.35462E-03    3.14322E-03
      57       1.008349    1.36116E-04    1.05343E-03
      58       1.008349    5.87686E-05    4.93489E-04
      59       1.008349    4.25470E-05    1.45232E-04
     ...Fission Source Extrapolated...
      60       1.008349    3.03089E-04    6.94541E-05
      61       1.008349    1.25002E-04    2.07410E-04
      62       1.008349    3.32811E-05    4.47431E-05
      63       1.008349    2.38633E-05    3.25883E-05
      64       1.008349    2.07884E-05    2.24961E-05
     ...Fission Source Extrapolated...
      65       1.008348    1.28505E-03    2.10941E-05
      66       1.008348    4.97980E-04    1.24880E-03
      67       1.008348    5.28030E-05    4.16686E-04
      68       1.008348    2.20990E-05    2.12094E-04
      69       1.008348    1.54588E-05    6.69059E-05
     ...Fission Source Extrapolated...
      70       1.008348    8.98749E-05    3.50192E-05
      71       1.008348    3.69788E-05    5.83855E-05
      72       1.008348    1.00006E-05    1.59936E-05
      73       1.008348    7.27903E-06    1.23324E-05
      74       1.008348    6.26325E-06    7.33739E-06

 ***********************************************
Effective Factor Multiplication : Keff = 1.008348
 ***********************************************


     Radial Power Distribution
   ==============================
           1       2       3       4       5       6       7       8       9
     9   0.296   0.638   0.617   0.687   0.674   0.725   0.581   0.508   0.000
     8   0.638   1.211   1.330   1.312   1.477   1.276   1.257   0.781   0.000
     7   0.617   1.330   1.296   1.450   1.266   1.250   1.175   0.000   0.000
     6   0.688   1.312   1.451   1.240   1.198   1.192   0.785   0.000   0.000
     5   0.675   1.478   1.266   1.198   0.962   0.813   0.000   0.000   0.000
     4   0.725   1.277   1.251   1.192   0.813   0.000   0.000   0.000   0.000
     3   0.582   1.258   1.175   0.785   0.000   0.000   0.000   0.000   0.000
     2   0.508   0.782   0.000   0.000   0.000   0.000   0.000   0.000   0.000
     1   0.000   0.000   0.000   0.000   0.000   0.000   0.000   0.000   0.000

   MAX POS.       Maximum Value
  (  5,  2)          1.478


     Axial Power Density Distribution
   ====================================

     Plane Number        Power      Height
    -----------------------------------------
         1  (Top)        1.000       10.80

   MAX POS.       Maximum Value
    (  1)             1.000

     Radial Flux Distribution
   ==============================
    Group :   1
             1          2          3          4          5          6          7          8          9
     9   2.129E-02  2.177E-02  2.218E-02  2.348E-02  2.419E-02  2.411E-02  2.127E-02  1.548E-02  2.214E-03 
     8   2.177E-02  2.177E-02  2.273E-02  2.354E-02  2.456E-02  2.304E-02  2.089E-02  1.215E-02  1.603E-03 
     7   2.218E-02  2.273E-02  2.325E-02  2.412E-02  2.272E-02  2.201E-02  1.817E-02  4.019E-03  4.437E-04 
     6   2.348E-02  2.355E-02  2.413E-02  2.221E-02  2.079E-02  1.969E-02  1.220E-02  1.750E-03  0.000E+00 
     5   2.420E-02  2.457E-02  2.272E-02  2.079E-02  1.745E-02  1.241E-02  3.027E-03  4.254E-04  0.000E+00 
     4   2.412E-02  2.306E-02  2.202E-02  1.970E-02  1.241E-02  2.923E-03  4.919E-04  0.000E+00  0.000E+00 
     3   2.128E-02  2.090E-02  1.818E-02  1.221E-02  3.028E-03  4.919E-04  0.000E+00  0.000E+00  0.000E+00 
     2   1.549E-02  1.216E-02  4.022E-03  1.750E-03  4.255E-04  0.000E+00  0.000E+00  0.000E+00  0.000E+00 
     1   2.215E-03  1.604E-03  4.440E-04  0.000E+00  0.000E+00  0.000E+00  0.000E+00  0.000E+00  0.000E+00 

    Group :   2
             1          2          3          4          5          6          7          8          9
     9   2.131E-02  2.186E-02  2.220E-02  2.357E-02  2.417E-02  2.406E-02  2.123E-02  1.514E-02  2.357E-03 
     8   2.186E-02  2.178E-02  2.283E-02  2.353E-02  2.451E-02  2.303E-02  2.088E-02  1.194E-02  1.712E-03 
     7   2.220E-02  2.283E-02  2.324E-02  2.407E-02  2.271E-02  2.210E-02  1.785E-02  4.294E-03  5.066E-04 
     6   2.357E-02  2.354E-02  2.408E-02  2.220E-02  2.089E-02  1.962E-02  1.198E-02  1.872E-03  0.000E+00 
     5   2.418E-02  2.452E-02  2.271E-02  2.089E-02  1.740E-02  1.219E-02  3.231E-03  4.831E-04  0.000E+00 
     4   2.408E-02  2.305E-02  2.211E-02  1.963E-02  1.220E-02  3.122E-03  5.573E-04  0.000E+00  0.000E+00 
     3   2.125E-02  2.090E-02  1.786E-02  1.199E-02  3.232E-03  5.574E-04  0.000E+00  0.000E+00  0.000E+00 
     2   1.516E-02  1.195E-02  4.297E-03  1.873E-03  4.833E-04  0.000E+00  0.000E+00  0.000E+00  0.000E+00 
     1   2.359E-03  1.713E-03  5.069E-04  0.000E+00  0.000E+00  0.000E+00  0.000E+00  0.000E+00  0.000E+00 

    Group :   3
             1          2          3          4          5          6          7          8          9
     9   2.164E-02  2.185E-02  2.254E-02  2.355E-02  2.452E-02  2.401E-02  2.146E-02  1.475E-02  2.400E-03 
     8   2.185E-02  2.212E-02  2.281E-02  2.388E-02  2.446E-02  2.335E-02  2.037E-02  1.166E-02  1.749E-03 
     7   2.255E-02  2.281E-02  2.358E-02  2.403E-02  2.304E-02  2.199E-02  1.740E-02  4.383E-03  5.241E-04 
     6   2.355E-02  2.389E-02  2.403E-02  2.253E-02  2.084E-02  1.912E-02  1.169E-02  1.912E-03  0.000E+00 
     5   2.453E-02  2.447E-02  2.305E-02  2.084E-02  1.761E-02  1.193E-02  3.299E-03  4.991E-04  0.000E+00 
     4   2.403E-02  2.336E-02  2.200E-02  1.912E-02  1.193E-02  3.196E-03  5.740E-04  0.000E+00  0.000E+00 
     3   2.147E-02  2.038E-02  1.741E-02  1.170E-02  3.300E-03  5.741E-04  0.000E+00  0.000E+00  0.000E+00 
     2   1.476E-02  1.167E-02  4.385E-03  1.913E-03  4.993E-04  0.000E+00  0.000E+00  0.000E+00  0.000E+00 
     1   2.402E-03  1.750E-03  5.245E-04  0.000E+00  0.000E+00  0.000E+00  0.000E+00  0.000E+00  0.000E+00 

    Group :   4
             1          2          3          4          5          6          7          8          9
     9   2.506E-02  2.046E-02  2.614E-02  2.205E-02  2.859E-02  2.341E-02  2.454E-02  1.313E-02  1.899E-03 
     8   2.046E-02  2.565E-02  2.133E-02  2.781E-02  2.385E-02  2.700E-02  1.576E-02  1.003E-02  1.390E-03 
     7   2.614E-02  2.133E-02  2.748E-02  2.341E-02  2.683E-02  1.989E-02  1.511E-02  3.483E-03  4.462E-04 
     6   2.205E-02  2.781E-02  2.341E-02  2.628E-02  1.912E-02  1.493E-02  1.008E-02  1.531E-03  0.000E+00 
     5   2.860E-02  2.386E-02  2.684E-02  1.912E-02  2.036E-02  1.049E-02  2.610E-03  4.226E-04  0.000E+00 
     4   2.342E-02  2.702E-02  1.990E-02  1.494E-02  1.050E-02  2.564E-03  4.865E-04  0.000E+00  0.000E+00 
     3   2.456E-02  1.577E-02  1.512E-02  1.008E-02  2.611E-03  4.865E-04  0.000E+00  0.000E+00  0.000E+00 
     2   1.314E-02  1.004E-02  3.485E-03  1.532E-03  4.228E-04  0.000E+00  0.000E+00  0.000E+00  0.000E+00 
     1   1.900E-03  1.391E-03  4.465E-04  0.000E+00  0.000E+00  0.000E+00  0.000E+00  0.000E+00  0.000E+00 


 Total Time :   0.578125000     Seconds
