                                                                                
      /\               /\                                                       
     //\\             //\\                                                      
    //**\\           //**\\                                                     
   //****\\         //****\\                                                    
  //******\\       //******\\   ____                   _   _           _        
  ---------   /*\   ---------  / __ \                 | \ | |         | |       
             (***)            | |  | |_ __   ___ _ __ |  \| | ___   __| | ___   
              \*/             | |  | | "_ \ / _ \ "_ \| . ` |/ _"\ / _" |/ _ \  
                              | |__| | |_) |  __/ | | | |\  | |_) | (_| |  __/  
              //\\             \____/| .__/ \___)_| |_|_| \_|\___/ \___/ \___|  
             //**\\                  | |                                        
            //****\\                 |_|                                        
           //******\\                                                           
           ----------                                                           
                                                                                
 ____________________________________________________________
          | The OpenNode, Nodal Methods for Neutron Diffusion
 Version  | Version Number: 1.1                              
 Copyright| 2021 Radiation & Nuclear System Laboratory       
          | University Abdelmalk Essaadi                     
          | Faculty of Sciences, Tetouan, Morocco            
 Source   | FORTRAN90 version                                
 GUI      | PyQt5                                            
 Method   | The Nodal Expansion Method (NEM)                 
 Dimension| Three Dimensions (3D)                            
 Geometry | Cartesian                                        
 ____________________________________________________________
                        =====================
   Calculation Mode :    Forward Calculation 
   ----------------     =====================

            --------------------------------------------
            >>>> Writing Macroscopic Cross Sections <<<<
            --------------------------------------------
     Material  1
    Group   Transport    Diffusion  Absorption    Removal      Nu*Fiss      Kap*Fis    Fiss. Spctr
       1     0.232126    1.436000    0.009504    0.027258     0.005871     0.005871     1.000000
       2     0.917010    0.363500    0.075058    0.075058     0.096067     0.096067     0.000000
         --Scattering Matrix--
           G/G'          1          2
            1        0.000000    0.017754
            2        0.000000    0.000000
     Material  2
    Group   Transport    Diffusion  Absorption    Removal      Nu*Fiss      Kap*Fis    Fiss. Spctr
       1     0.232029    1.436600    0.009678    0.027300     0.006191     0.006191     1.000000
       2     0.916758    0.363600    0.078436    0.078436     0.103580     0.103580     0.000000
         --Scattering Matrix--
           G/G'          1          2
            1        0.000000    0.017621
            2        0.000000    0.000000
     Material  3
    Group   Transport    Diffusion  Absorption    Removal      Nu*Fiss      Kap*Fis    Fiss. Spctr
       1     0.252525    1.320000    0.002656    0.025762     0.000000     0.000000     0.000000
       2     1.202501    0.277200    0.071596    0.071596     0.000000     0.000000     0.000000
         --Scattering Matrix--
           G/G'          1          2
            1        0.000000    0.023106
            2        0.000000    0.000000
     Material  4
    Group   Transport    Diffusion  Absorption    Removal      Nu*Fiss      Kap*Fis    Fiss. Spctr
       1     0.231658    1.438900    0.010363    0.027464     0.007453     0.007453     1.000000
       2     0.916254    0.363800    0.091408    0.091408     0.132360     0.132360     0.000000
         --Scattering Matrix--
           G/G'          1          2
            1        0.000000    0.017101
            2        0.000000    0.000000
     Material  5
    Group   Transport    Diffusion  Absorption    Removal      Nu*Fiss      Kap*Fis    Fiss. Spctr
       1     0.231787    1.438100    0.010003    0.027293     0.006191     0.006191     1.000000
       2     0.909504    0.366500    0.084828    0.084828     0.103580     0.103580     0.000000
         --Scattering Matrix--
           G/G'          1          2
            1        0.000000    0.017290
            2        0.000000    0.000000
     Material  6
    Group   Transport    Diffusion  Absorption    Removal      Nu*Fiss      Kap*Fis    Fiss. Spctr
       1     0.231723    1.438500    0.010132    0.027324     0.006429     0.006429     1.000000
       2     0.909504    0.366500    0.087314    0.087314     0.109110     0.109110     0.000000
         --Scattering Matrix--
           G/G'          1          2
            1        0.000000    0.017192
            2        0.000000    0.000000
     Material  7
    Group   Transport    Diffusion  Absorption    Removal      Nu*Fiss      Kap*Fis    Fiss. Spctr
       1     0.231658    1.438900    0.010165    0.027290     0.006191     0.006191     1.000000
       2     0.906043    0.367900    0.088024    0.088024     0.103580     0.103580     0.000000
         --Scattering Matrix--
           G/G'          1          2
            1        0.000000    0.017125
            2        0.000000    0.000000
     Material  8
    Group   Transport    Diffusion  Absorption    Removal      Nu*Fiss      Kap*Fis    Fiss. Spctr
       1     0.231594    1.439300    0.010294    0.027321     0.006429     0.006429     1.000000
       2     0.905797    0.368000    0.090510    0.090510     0.109110     0.109110     0.000000
         --Scattering Matrix--
           G/G'          1          2
            1        0.000000    0.017027
            2        0.000000    0.000000

            -------------------------------
            >>>>>Wrting Core Geometry<<<<<
            -------------------------------
  Number of Assembly in x, y and z Directions Respectively :
           9           9           2
  Number of Nodes in x, y and z Directions Respectively :
           9           9           2

  x-Directed Nodes Divison (Delta-x)
    11.56  23.12  23.12  23.12  23.12  23.12  23.12  23.12  23.12
  y-Directed Nodes Divison (Delta-y)
    23.12  23.12  23.12  23.12  23.12  23.12  23.12  23.12  11.56
  Planar Region :  1
        1  2  3  4  5  6  7  8  9
     9  1  8  2  6  1  7  1  4  3 
     8  8  1  8  2  8  1  1  4  3 
     7  2  8  1  8  2  7  1  4  3 
     6  6  2  8  2  8  1  8  4  3 
     5  1  8  2  8  2  5  4  3  3 
     4  7  1  7  1  5  4  4  3    
     3  1  1  1  8  4  4  3  3    
     2  4  4  4  4  3  3  3       
     1  3  3  3  3  3             

  Planar Region Assignment to Planes.
 -------------------------------------
   Plane Number     Planar Region    Delta-z
        2 (Top)            1          11.56
        1 (Bottom)         1          11.56

   Boundary Conditions
   -------------------
  X-Directed West   : Reflective
  X-Directed East   : Zero Incoming Current
  Y-Directed North  : Reflective
  Y-Directed South  : Zero Incoming Current
  Z-Directed Bottom : Reflective
  Z-Directed Top    : Reflective

  ...Core Geometry is Sucessfully Read...
     ---------------------------------


  ================================================================================================
                                        Calculation Results
  ================================================================================================

   Iteration    Keff     FissSrc Error   Inner Error
  ----------------------------------------------------
       1       0.951001    2.01203E+01    1.89452E+01
       2       1.189199    1.00000E+00    8.80282E+00
       3       1.123413    1.00000E+00    1.40898E+00
       4       1.064433    2.72209E-01    7.60554E-01
     ...Fission Source Extrapolated...
       5       1.010613    2.80266E-01    3.60611E-01
       6       1.029110    4.49049E-02    2.11215E-01
       7       1.025594    4.33990E-02    1.24705E-01
       8       1.024431    3.69638E-02    7.11477E-02
       9       1.024120    3.13746E-02    4.90259E-02
     ...Fission Source Extrapolated...
      10       1.023935    1.70001E-01    3.61284E-02
      11       1.024424    6.44382E-02    9.96739E-02
      12       1.024610    1.75191E-02    5.36476E-02
      13       1.024643    1.46254E-02    1.56939E-02
      14       1.024666    1.34306E-02    1.34581E-02
     ...Fission Source Extrapolated...
      15       1.025082    2.06154E-01    1.24278E-02
      16       1.024630    9.89102E-02    1.27100E-01
      17       1.024961    8.64549E-03    5.82368E-02
      18       1.024997    5.60424E-03    1.07416E-02
      19       1.024994    5.06241E-03    5.10362E-03
     ...Fission Source Extrapolated...
      20       1.024705    1.73911E-01    4.71738E-03
      21       1.024639    8.91488E-02    1.05546E-01
      22       1.024991    5.10214E-03    2.92173E-02
      23       1.025048    3.58582E-03    5.38136E-03
      24       1.025057    2.93571E-03    3.48349E-03
     ...Fission Source Extrapolated...
      25       1.025105    6.14004E-02    2.52708E-03
      26       1.024949    2.36208E-02    3.63753E-02
      27       1.025089    4.15678E-03    1.63876E-02
      28       1.025115    2.61379E-03    5.25829E-03
      29       1.025118    1.98949E-03    2.85701E-03
     ...Fission Source Extrapolated...
      30       1.025062    4.82200E-02    2.28689E-03
      31       1.024984    1.86896E-02    3.13568E-02
      32       1.025076    2.57519E-03    1.54487E-02
      33       1.025098    1.71922E-03    2.64595E-03
      34       1.025105    1.42569E-03    2.12341E-03
     ...Fission Source Extrapolated...
      35       1.025270    6.98191E-02    1.37100E-03
      36       1.025015    3.11078E-02    4.13147E-02
      37       1.025151    5.47775E-03    1.57565E-02
      38       1.025172    3.31603E-03    5.20704E-03
      39       1.025171    2.36325E-03    3.93382E-03
     ...Fission Source Extrapolated...
      40       1.025109    2.37156E-02    2.85279E-03
      41       1.025131    9.47765E-03    1.36890E-02
      42       1.025138    1.08782E-03    8.62679E-03
      43       1.025140    6.98736E-04    8.63804E-04
      44       1.025142    6.79552E-04    1.06929E-03
     ...Fission Source Extrapolated...
      45       1.025193    2.76647E-02    6.70684E-04
      46       1.025113    1.16510E-02    1.74152E-02
      47       1.025158    2.25202E-03    7.07633E-03
      48       1.025164    1.33560E-03    2.08435E-03
      49       1.025164    9.59185E-04    1.56611E-03
     ...Fission Source Extrapolated...
      50       1.025125    1.72743E-02    1.17326E-03
      51       1.025138    7.41420E-03    1.00037E-02
      52       1.025148    9.95204E-04    6.08584E-03
      53       1.025151    6.12863E-04    9.51900E-04
      54       1.025153    3.64377E-04    1.00502E-03
     ...Fission Source Extrapolated...
      55       1.025184    8.72519E-03    6.77825E-04
      56       1.025151    3.32967E-03    5.82318E-03
      57       1.025164    1.15376E-03    2.41629E-03
      58       1.025165    7.22271E-04    1.00796E-03
      59       1.025164    5.28740E-04    8.69109E-04
     ...Fission Source Extrapolated...
      60       1.025145    1.05007E-02    6.53865E-04
      61       1.025151    4.42539E-03    6.16728E-03
      62       1.025156    5.49160E-04    3.70612E-03
      63       1.025158    3.43019E-04    5.46940E-04
      64       1.025159    2.21884E-04    5.79904E-04
     ...Fission Source Extrapolated...
      65       1.025178    5.81505E-03    3.89408E-04
      66       1.025158    2.40141E-03    3.79750E-03
      67       1.025165    7.53067E-04    1.56958E-03
      68       1.025166    4.69438E-04    6.78202E-04
      69       1.025166    3.42578E-04    5.66972E-04
     ...Fission Source Extrapolated...
      70       1.025154    6.20134E-03    4.24559E-04
      71       1.025159    2.59457E-03    3.62546E-03
      72       1.025161    3.19329E-04    2.20145E-03
      73       1.025162    1.95171E-04    3.11229E-04
      74       1.025162    1.36067E-04    3.35305E-04
     ...Fission Source Extrapolated...
      75       1.025173    3.73820E-03    2.22502E-04
      76       1.025162    1.59288E-03    2.44801E-03
      77       1.025166    4.76381E-04    1.00456E-03
      78       1.025166    2.95696E-04    4.41251E-04
      79       1.025166    2.15401E-04    3.57363E-04
     ...Fission Source Extrapolated...
      80       1.025160    3.55577E-03    2.66912E-04
      81       1.025163    1.47159E-03    2.07556E-03
      82       1.025163    1.75428E-04    1.27062E-03
      83       1.025164    1.04415E-04    1.68467E-04
      84       1.025164    8.18161E-05    1.84702E-04
     ...Fission Source Extrapolated...
      85       1.025170    2.54007E-03    1.20377E-04
      86       1.025164    1.10035E-03    1.67696E-03
      87       1.025166    3.05163E-04    6.80586E-04
      88       1.025166    1.87618E-04    2.92419E-04
      89       1.025166    1.36114E-04    2.26486E-04
     ...Fission Source Extrapolated...
      90       1.025163    2.02956E-03    1.68478E-04
      91       1.025164    8.32207E-04    1.18077E-03
      92       1.025165    9.68129E-05    7.30067E-04
      93       1.025165    5.59955E-05    9.11616E-05
      94       1.025165    4.84356E-05    1.01689E-04
     ...Fission Source Extrapolated...
      95       1.025168    1.58763E-03    6.49441E-05
      96       1.025165    6.81818E-04    1.06398E-03
      97       1.025166    1.80594E-04    4.28940E-04
      98       1.025166    1.10372E-04    1.77866E-04
      99       1.025166    8.01321E-05    1.32409E-04
     ...Fission Source Extrapolated...
     100       1.025164    1.17679E-03    9.83738E-05
     101       1.025165    4.79691E-04    6.85971E-04
     102       1.025165    5.42898E-05    4.23830E-04
     103       1.025165    3.32853E-05    5.15997E-05
     104       1.025165    2.85305E-05    5.77604E-05
     ...Fission Source Extrapolated...
     105       1.025167    9.09272E-04    3.63406E-05
     106       1.025165    3.83276E-04    6.17706E-04
     107       1.025166    1.00625E-04    2.48816E-04
     108       1.025166    6.16027E-05    1.00943E-04
     109       1.025166    4.50134E-05    7.32495E-05
     ...Fission Source Extrapolated...
     110       1.025165    6.97852E-04    5.45194E-05
     111       1.025165    2.83119E-04    4.09771E-04
     112       1.025165    3.28964E-05    2.50674E-04
     113       1.025165    2.10571E-05    3.03534E-05
     114       1.025165    1.69523E-05    3.37829E-05
     ...Fission Source Extrapolated...
     115       1.025166    5.22209E-04    2.10516E-05
     116       1.025165    2.17350E-04    3.57140E-04
     117       1.025166    5.70768E-05    1.44038E-04
     118       1.025166    3.50822E-05    5.81166E-05
     119       1.025166    2.57960E-05    4.14370E-05
     ...Fission Source Extrapolated...
     120       1.025165    4.14883E-04    3.08794E-05
     121       1.025166    1.67234E-04    2.45309E-04
     122       1.025166    2.06508E-05    1.48858E-04
     123       1.025166    1.31807E-05    1.89141E-05
     124       1.025166    1.02427E-05    1.96542E-05
     ...Fission Source Extrapolated...
     125       1.025166    3.12554E-04    1.24716E-05
     126       1.025166    1.29583E-04    2.13875E-04
     127       1.025166    3.33264E-05    8.63395E-05
     128       1.025166    2.05076E-05    3.45063E-05
     129       1.025166    1.51380E-05    2.40871E-05
     ...Fission Source Extrapolated...
     130       1.025165    2.46569E-04    1.79484E-05
     131       1.025166    9.87994E-05    1.46473E-04
     132       1.025166    1.29007E-05    8.84643E-05
     133       1.025166    8.21271E-06    1.18565E-05
     134       1.025166    6.22011E-06    1.14468E-05
     ...Fission Source Extrapolated...
     135       1.025166    1.88874E-04    7.69375E-06
     136       1.025166    7.80854E-05    1.29248E-04
     137       1.025166    1.96188E-05    5.22092E-05
     138       1.025166    1.20763E-05    2.06461E-05
     139       1.025166    8.94235E-06    1.41121E-05
     ...Fission Source Extrapolated...
     140       1.025166    1.47004E-04    1.05114E-05
     141       1.025166    5.86011E-05    8.76686E-05
     142       1.025166    8.05210E-06    5.27442E-05
     143       1.025166    5.11513E-06    7.41538E-06

 ***********************************************
Effective Factor Multiplication : Keff = 1.025166
 ***********************************************


     Radial Power Distribution
   ==============================
           1       2       3       4       5       6       7       8       9
     9   0.318   0.641   0.725   0.710   0.633   0.569   0.633   0.582   0.000
     8   0.641   1.305   1.316   1.427   1.237   1.199   1.240   1.113   0.000
     7   0.724   1.316   1.312   1.282   1.307   1.068   1.081   0.951   0.000
     6   0.710   1.427   1.281   1.356   1.206   1.109   0.887   0.630   0.000
     5   0.633   1.237   1.307   1.206   1.310   1.157   1.016   0.000   0.000
     4   0.568   1.199   1.068   1.108   1.157   1.402   0.784   0.000   0.000
     3   0.633   1.239   1.081   0.886   1.016   0.784   0.000   0.000   0.000
     2   0.581   1.112   0.950   0.629   0.000   0.000   0.000   0.000   0.000
     1   0.000   0.000   0.000   0.000   0.000   0.000   0.000   0.000   0.000

   MAX POS.       Maximum Value
  (  8,  4)          1.427


     Axial Power Density Distribution
   ====================================

     Plane Number        Power      Height
    -----------------------------------------
         2  (Top)        1.000       23.12
         1  (Bottom)     1.000       11.56

   MAX POS.       Maximum Value
    (  1)             1.000

     Radial Flux Distribution
   ==============================
    Group :   1
             1          2          3          4          5          6          7          8          9
     9   1.941E-02  1.966E-02  2.134E-02  2.126E-02  1.930E-02  1.786E-02  1.908E-02  1.519E-02  2.142E-03 
     8   1.966E-02  1.992E-02  2.024E-02  2.102E-02  1.903E-02  1.815E-02  1.860E-02  1.454E-02  2.046E-03 
     7   2.134E-02  2.024E-02  2.003E-02  1.975E-02  1.926E-02  1.682E-02  1.639E-02  1.242E-02  1.713E-03 
     6   2.125E-02  2.101E-02  1.974E-02  1.998E-02  1.857E-02  1.687E-02  1.376E-02  8.228E-03  1.035E-03 
     5   1.930E-02  1.902E-02  1.925E-02  1.857E-02  1.922E-02  1.796E-02  1.335E-02  2.613E-03  2.642E-04 
     4   1.785E-02  1.814E-02  1.681E-02  1.686E-02  1.796E-02  1.854E-02  1.026E-02  1.248E-03  0.000E+00 
     3   1.907E-02  1.859E-02  1.638E-02  1.375E-02  1.335E-02  1.026E-02  2.470E-03  3.139E-04  0.000E+00 
     2   1.518E-02  1.453E-02  1.242E-02  8.225E-03  2.612E-03  1.248E-03  3.138E-04  0.000E+00  0.000E+00 
     1   2.141E-03  2.044E-03  1.712E-03  1.035E-03  2.641E-04  0.000E+00  0.000E+00  0.000E+00  0.000E+00 

    Group :   2
             1          2          3          4          5          6          7          8          9
     9   2.095E-02  1.811E-02  2.207E-02  2.021E-02  2.090E-02  1.701E-02  2.095E-02  1.360E-02  3.214E-03 
     8   1.811E-02  2.152E-02  1.859E-02  2.174E-02  1.747E-02  1.983E-02  2.055E-02  1.302E-02  3.068E-03 
     7   2.206E-02  1.859E-02  2.165E-02  1.809E-02  1.991E-02  1.596E-02  1.787E-02  1.112E-02  2.568E-03 
     6   2.020E-02  2.173E-02  1.809E-02  2.064E-02  1.702E-02  1.830E-02  1.249E-02  7.363E-03  1.561E-03 
     5   2.090E-02  1.747E-02  1.991E-02  1.702E-02  1.996E-02  1.736E-02  1.187E-02  3.881E-03  4.374E-04 
     4   1.700E-02  1.982E-02  1.596E-02  1.830E-02  1.736E-02  1.634E-02  9.163E-03  1.888E-03  0.000E+00 
     3   2.094E-02  2.054E-02  1.787E-02  1.249E-02  1.187E-02  9.162E-03  3.661E-03  5.141E-04  0.000E+00 
     2   1.359E-02  1.301E-02  1.111E-02  7.360E-03  3.880E-03  1.888E-03  5.141E-04  0.000E+00  0.000E+00 
     1   3.211E-03  3.066E-03  2.566E-03  1.560E-03  4.372E-04  0.000E+00  0.000E+00  0.000E+00  0.000E+00 


 Total Time :   0.500000000     Seconds
